<?xml version="1.0" encoding="UTF-8"?>
<testsuite xmlns:xsi="http://www.w3.org/2001/XMLSchema-instance" xsi:noNamespaceSchemaLocation="https://maven.apache.org/surefire/maven-surefire-plugin/xsd/surefire-test-report-3.0.xsd" version="3.0" name="com.autoinsurance.performance.QuotePerformanceTest" time="0.511" tests="3" errors="0" skipped="0" failures="0">
  <properties>
    <property name="java.specification.version" value="24"/>
    <property name="sun.jnu.encoding" value="UTF-8"/>
    <property name="java.class.path" value="/Users/mvvkiran/Workspace/ExampleApplicationWithTDD/target/test-classes:/Users/mvvkiran/Workspace/ExampleApplicationWithTDD/target/classes:/Users/mvvkiran/.m2/repository/org/springframework/boot/spring-boot-starter-web/3.2.0/spring-boot-starter-web-3.2.0.jar:/Users/mvvkiran/.m2/repository/org/springframework/boot/spring-boot-starter/3.2.0/spring-boot-starter-3.2.0.jar:/Users/mvvkiran/.m2/repository/org/springframework/boot/spring-boot/3.2.0/spring-boot-3.2.0.jar:/Users/mvvkiran/.m2/repository/org/springframework/boot/spring-boot-autoconfigure/3.2.0/spring-boot-autoconfigure-3.2.0.jar:/Users/mvvkiran/.m2/repository/org/springframework/boot/spring-boot-starter-logging/3.2.0/spring-boot-starter-logging-3.2.0.jar:/Users/mvvkiran/.m2/repository/ch/qos/logback/logback-classic/1.4.11/logback-classic-1.4.11.jar:/Users/mvvkiran/.m2/repository/ch/qos/logback/logback-core/1.4.11/logback-core-1.4.11.jar:/Users/mvvkiran/.m2/repository/org/apache/logging/log4j/log4j-to-slf4j/2.21.1/log4j-to-slf4j-2.21.1.jar:/Users/mvvkiran/.m2/repository/org/apache/logging/log4j/log4j-api/2.21.1/log4j-api-2.21.1.jar:/Users/mvvkiran/.m2/repository/org/slf4j/jul-to-slf4j/2.0.9/jul-to-slf4j-2.0.9.jar:/Users/mvvkiran/.m2/repository/jakarta/annotation/jakarta.annotation-api/2.1.1/jakarta.annotation-api-2.1.1.jar:/Users/mvvkiran/.m2/repository/org/yaml/snakeyaml/2.2/snakeyaml-2.2.jar:/Users/mvvkiran/.m2/repository/org/springframework/boot/spring-boot-starter-json/3.2.0/spring-boot-starter-json-3.2.0.jar:/Users/mvvkiran/.m2/repository/com/fasterxml/jackson/datatype/jackson-datatype-jdk8/2.15.3/jackson-datatype-jdk8-2.15.3.jar:/Users/mvvkiran/.m2/repository/com/fasterxml/jackson/datatype/jackson-datatype-jsr310/2.15.3/jackson-datatype-jsr310-2.15.3.jar:/Users/mvvkiran/.m2/repository/com/fasterxml/jackson/module/jackson-module-parameter-names/2.15.3/jackson-module-parameter-names-2.15.3.jar:/Users/mvvkiran/.m2/repository/org/springframework/boot/spring-boot-starter-tomcat/3.2.0/spring-boot-starter-tomcat-3.2.0.jar:/Users/mvvkiran/.m2/repository/org/apache/tomcat/embed/tomcat-embed-core/10.1.16/tomcat-embed-core-10.1.16.jar:/Users/mvvkiran/.m2/repository/org/apache/tomcat/embed/tomcat-embed-websocket/10.1.16/tomcat-embed-websocket-10.1.16.jar:/Users/mvvkiran/.m2/repository/org/springframework/spring-web/6.1.1/spring-web-6.1.1.jar:/Users/mvvkiran/.m2/repository/org/springframework/spring-beans/6.1.1/spring-beans-6.1.1.jar:/Users/mvvkiran/.m2/repository/org/springframework/spring-webmvc/6.1.1/spring-webmvc-6.1.1.jar:/Users/mvvkiran/.m2/repository/org/springframework/spring-context/6.1.1/spring-context-6.1.1.jar:/Users/mvvkiran/.m2/repository/org/springframework/spring-expression/6.1.1/spring-expression-6.1.1.jar:/Users/mvvkiran/.m2/repository/org/springframework/boot/spring-boot-starter-data-jpa/3.2.0/spring-boot-starter-data-jpa-3.2.0.jar:/Users/mvvkiran/.m2/repository/org/springframework/boot/spring-boot-starter-aop/3.2.0/spring-boot-starter-aop-3.2.0.jar:/Users/mvvkiran/.m2/repository/org/aspectj/aspectjweaver/1.9.20.1/aspectjweaver-1.9.20.1.jar:/Users/mvvkiran/.m2/repository/org/springframework/boot/spring-boot-starter-jdbc/3.2.0/spring-boot-starter-jdbc-3.2.0.jar:/Users/mvvkiran/.m2/repository/com/zaxxer/HikariCP/5.0.1/HikariCP-5.0.1.jar:/Users/mvvkiran/.m2/repository/org/springframework/spring-jdbc/6.1.1/spring-jdbc-6.1.1.jar:/Users/mvvkiran/.m2/repository/org/hibernate/orm/hibernate-core/6.3.1.Final/hibernate-core-6.3.1.Final.jar:/Users/mvvkiran/.m2/repository/jakarta/persistence/jakarta.persistence-api/3.1.0/jakarta.persistence-api-3.1.0.jar:/Users/mvvkiran/.m2/repository/jakarta/transaction/jakarta.transaction-api/2.0.1/jakarta.transaction-api-2.0.1.jar:/Users/mvvkiran/.m2/repository/org/jboss/logging/jboss-logging/3.5.3.Final/jboss-logging-3.5.3.Final.jar:/Users/mvvkiran/.m2/repository/org/hibernate/common/hibernate-commons-annotations/6.0.6.Final/hibernate-commons-annotations-6.0.6.Final.jar:/Users/mvvkiran/.m2/repository/io/smallrye/jandex/3.1.2/jandex-3.1.2.jar:/Users/mvvkiran/.m2/repository/com/fasterxml/classmate/1.6.0/classmate-1.6.0.jar:/Users/mvvkiran/.m2/repository/net/bytebuddy/byte-buddy/1.14.10/byte-buddy-1.14.10.jar:/Users/mvvkiran/.m2/repository/org/glassfish/jaxb/jaxb-runtime/4.0.4/jaxb-runtime-4.0.4.jar:/Users/mvvkiran/.m2/repository/org/glassfish/jaxb/jaxb-core/4.0.4/jaxb-core-4.0.4.jar:/Users/mvvkiran/.m2/repository/org/eclipse/angus/angus-activation/2.0.1/angus-activation-2.0.1.jar:/Users/mvvkiran/.m2/repository/org/glassfish/jaxb/txw2/4.0.4/txw2-4.0.4.jar:/Users/mvvkiran/.m2/repository/com/sun/istack/istack-commons-runtime/4.1.2/istack-commons-runtime-4.1.2.jar:/Users/mvvkiran/.m2/repository/jakarta/inject/jakarta.inject-api/2.0.1/jakarta.inject-api-2.0.1.jar:/Users/mvvkiran/.m2/repository/org/antlr/antlr4-runtime/4.10.1/antlr4-runtime-4.10.1.jar:/Users/mvvkiran/.m2/repository/org/springframework/data/spring-data-jpa/3.2.0/spring-data-jpa-3.2.0.jar:/Users/mvvkiran/.m2/repository/org/springframework/data/spring-data-commons/3.2.0/spring-data-commons-3.2.0.jar:/Users/mvvkiran/.m2/repository/org/springframework/spring-orm/6.1.1/spring-orm-6.1.1.jar:/Users/mvvkiran/.m2/repository/org/springframework/spring-tx/6.1.1/spring-tx-6.1.1.jar:/Users/mvvkiran/.m2/repository/org/springframework/spring-aspects/6.1.1/spring-aspects-6.1.1.jar:/Users/mvvkiran/.m2/repository/org/springframework/boot/spring-boot-starter-validation/3.2.0/spring-boot-starter-validation-3.2.0.jar:/Users/mvvkiran/.m2/repository/org/apache/tomcat/embed/tomcat-embed-el/10.1.16/tomcat-embed-el-10.1.16.jar:/Users/mvvkiran/.m2/repository/org/hibernate/validator/hibernate-validator/8.0.1.Final/hibernate-validator-8.0.1.Final.jar:/Users/mvvkiran/.m2/repository/jakarta/validation/jakarta.validation-api/3.0.2/jakarta.validation-api-3.0.2.jar:/Users/mvvkiran/.m2/repository/org/springframework/boot/spring-boot-starter-security/3.2.0/spring-boot-starter-security-3.2.0.jar:/Users/mvvkiran/.m2/repository/org/springframework/spring-aop/6.1.1/spring-aop-6.1.1.jar:/Users/mvvkiran/.m2/repository/org/springframework/security/spring-security-config/6.2.0/spring-security-config-6.2.0.jar:/Users/mvvkiran/.m2/repository/org/springframework/security/spring-security-web/6.2.0/spring-security-web-6.2.0.jar:/Users/mvvkiran/.m2/repository/org/springframework/boot/spring-boot-starter-actuator/3.2.0/spring-boot-starter-actuator-3.2.0.jar:/Users/mvvkiran/.m2/repository/org/springframework/boot/spring-boot-actuator-autoconfigure/3.2.0/spring-boot-actuator-autoconfigure-3.2.0.jar:/Users/mvvkiran/.m2/repository/org/springframework/boot/spring-boot-actuator/3.2.0/spring-boot-actuator-3.2.0.jar:/Users/mvvkiran/.m2/repository/io/micrometer/micrometer-observation/1.12.0/micrometer-observation-1.12.0.jar:/Users/mvvkiran/.m2/repository/io/micrometer/micrometer-commons/1.12.0/micrometer-commons-1.12.0.jar:/Users/mvvkiran/.m2/repository/io/micrometer/micrometer-jakarta9/1.12.0/micrometer-jakarta9-1.12.0.jar:/Users/mvvkiran/.m2/repository/io/micrometer/micrometer-core/1.12.0/micrometer-core-1.12.0.jar:/Users/mvvkiran/.m2/repository/org/latencyutils/LatencyUtils/2.0.3/LatencyUtils-2.0.3.jar:/Users/mvvkiran/.m2/repository/com/h2database/h2/2.2.224/h2-2.2.224.jar:/Users/mvvkiran/.m2/repository/org/postgresql/postgresql/42.6.0/postgresql-42.6.0.jar:/Users/mvvkiran/.m2/repository/org/checkerframework/checker-qual/3.31.0/checker-qual-3.31.0.jar:/Users/mvvkiran/.m2/repository/org/springdoc/springdoc-openapi-starter-webmvc-ui/2.2.0/springdoc-openapi-starter-webmvc-ui-2.2.0.jar:/Users/mvvkiran/.m2/repository/org/springdoc/springdoc-openapi-starter-webmvc-api/2.2.0/springdoc-openapi-starter-webmvc-api-2.2.0.jar:/Users/mvvkiran/.m2/repository/org/springdoc/springdoc-openapi-starter-common/2.2.0/springdoc-openapi-starter-common-2.2.0.jar:/Users/mvvkiran/.m2/repository/io/swagger/core/v3/swagger-core-jakarta/2.2.15/swagger-core-jakarta-2.2.15.jar:/Users/mvvkiran/.m2/repository/io/swagger/core/v3/swagger-annotations-jakarta/2.2.15/swagger-annotations-jakarta-2.2.15.jar:/Users/mvvkiran/.m2/repository/io/swagger/core/v3/swagger-models-jakarta/2.2.15/swagger-models-jakarta-2.2.15.jar:/Users/mvvkiran/.m2/repository/com/fasterxml/jackson/dataformat/jackson-dataformat-yaml/2.15.3/jackson-dataformat-yaml-2.15.3.jar:/Users/mvvkiran/.m2/repository/org/webjars/swagger-ui/5.2.0/swagger-ui-5.2.0.jar:/Users/mvvkiran/.m2/repository/org/projectlombok/lombok/1.18.30/lombok-1.18.30.jar:/Users/mvvkiran/.m2/repository/org/mapstruct/mapstruct/1.5.5.Final/mapstruct-1.5.5.Final.jar:/Users/mvvkiran/.m2/repository/org/mapstruct/mapstruct-processor/1.5.5.Final/mapstruct-processor-1.5.5.Final.jar:/Users/mvvkiran/.m2/repository/io/jsonwebtoken/jjwt-api/0.12.3/jjwt-api-0.12.3.jar:/Users/mvvkiran/.m2/repository/io/jsonwebtoken/jjwt-impl/0.12.3/jjwt-impl-0.12.3.jar:/Users/mvvkiran/.m2/repository/io/jsonwebtoken/jjwt-jackson/0.12.3/jjwt-jackson-0.12.3.jar:/Users/mvvkiran/.m2/repository/com/fasterxml/jackson/core/jackson-databind/2.15.3/jackson-databind-2.15.3.jar:/Users/mvvkiran/.m2/repository/com/fasterxml/jackson/core/jackson-annotations/2.15.3/jackson-annotations-2.15.3.jar:/Users/mvvkiran/.m2/repository/com/fasterxml/jackson/core/jackson-core/2.15.3/jackson-core-2.15.3.jar:/Users/mvvkiran/.m2/repository/org/springframework/boot/spring-boot-starter-test/3.2.0/spring-boot-starter-test-3.2.0.jar:/Users/mvvkiran/.m2/repository/org/springframework/boot/spring-boot-test/3.2.0/spring-boot-test-3.2.0.jar:/Users/mvvkiran/.m2/repository/org/springframework/boot/spring-boot-test-autoconfigure/3.2.0/spring-boot-test-autoconfigure-3.2.0.jar:/Users/mvvkiran/.m2/repository/com/jayway/jsonpath/json-path/2.8.0/json-path-2.8.0.jar:/Users/mvvkiran/.m2/repository/jakarta/xml/bind/jakarta.xml.bind-api/4.0.1/jakarta.xml.bind-api-4.0.1.jar:/Users/mvvkiran/.m2/repository/jakarta/activation/jakarta.activation-api/2.1.2/jakarta.activation-api-2.1.2.jar:/Users/mvvkiran/.m2/repository/net/minidev/json-smart/2.5.0/json-smart-2.5.0.jar:/Users/mvvkiran/.m2/repository/net/minidev/accessors-smart/2.5.0/accessors-smart-2.5.0.jar:/Users/mvvkiran/.m2/repository/org/ow2/asm/asm/9.3/asm-9.3.jar:/Users/mvvkiran/.m2/repository/org/assertj/assertj-core/3.24.2/assertj-core-3.24.2.jar:/Users/mvvkiran/.m2/repository/org/awaitility/awaitility/4.2.0/awaitility-4.2.0.jar:/Users/mvvkiran/.m2/repository/org/hamcrest/hamcrest/2.2/hamcrest-2.2.jar:/Users/mvvkiran/.m2/repository/org/junit/jupiter/junit-jupiter/5.10.1/junit-jupiter-5.10.1.jar:/Users/mvvkiran/.m2/repository/org/junit/jupiter/junit-jupiter-params/5.10.1/junit-jupiter-params-5.10.1.jar:/Users/mvvkiran/.m2/repository/org/junit/jupiter/junit-jupiter-engine/5.10.1/junit-jupiter-engine-5.10.1.jar:/Users/mvvkiran/.m2/repository/org/junit/platform/junit-platform-engine/1.10.1/junit-platform-engine-1.10.1.jar:/Users/mvvkiran/.m2/repository/org/mockito/mockito-core/5.7.0/mockito-core-5.7.0.jar:/Users/mvvkiran/.m2/repository/net/bytebuddy/byte-buddy-agent/1.14.10/byte-buddy-agent-1.14.10.jar:/Users/mvvkiran/.m2/repository/org/objenesis/objenesis/3.3/objenesis-3.3.jar:/Users/mvvkiran/.m2/repository/org/mockito/mockito-junit-jupiter/5.7.0/mockito-junit-jupiter-5.7.0.jar:/Users/mvvkiran/.m2/repository/org/skyscreamer/jsonassert/1.5.1/jsonassert-1.5.1.jar:/Users/mvvkiran/.m2/repository/com/vaadin/external/google/android-json/0.0.20131108.vaadin1/android-json-0.0.20131108.vaadin1.jar:/Users/mvvkiran/.m2/repository/org/springframework/spring-core/6.1.1/spring-core-6.1.1.jar:/Users/mvvkiran/.m2/repository/org/springframework/spring-jcl/6.1.1/spring-jcl-6.1.1.jar:/Users/mvvkiran/.m2/repository/org/springframework/spring-test/6.1.1/spring-test-6.1.1.jar:/Users/mvvkiran/.m2/repository/org/xmlunit/xmlunit-core/2.9.1/xmlunit-core-2.9.1.jar:/Users/mvvkiran/.m2/repository/org/springframework/security/spring-security-test/6.2.0/spring-security-test-6.2.0.jar:/Users/mvvkiran/.m2/repository/org/springframework/security/spring-security-core/6.2.0/spring-security-core-6.2.0.jar:/Users/mvvkiran/.m2/repository/org/springframework/security/spring-security-crypto/6.2.0/spring-security-crypto-6.2.0.jar:/Users/mvvkiran/.m2/repository/io/rest-assured/rest-assured/5.3.2/rest-assured-5.3.2.jar:/Users/mvvkiran/.m2/repository/org/apache/groovy/groovy/4.0.15/groovy-4.0.15.jar:/Users/mvvkiran/.m2/repository/org/apache/groovy/groovy-xml/4.0.15/groovy-xml-4.0.15.jar:/Users/mvvkiran/.m2/repository/org/apache/httpcomponents/httpclient/4.5.13/httpclient-4.5.13.jar:/Users/mvvkiran/.m2/repository/org/apache/httpcomponents/httpcore/4.4.16/httpcore-4.4.16.jar:/Users/mvvkiran/.m2/repository/commons-logging/commons-logging/1.2/commons-logging-1.2.jar:/Users/mvvkiran/.m2/repository/commons-codec/commons-codec/1.16.0/commons-codec-1.16.0.jar:/Users/mvvkiran/.m2/repository/org/apache/httpcomponents/httpmime/4.5.13/httpmime-4.5.13.jar:/Users/mvvkiran/.m2/repository/org/ccil/cowan/tagsoup/tagsoup/1.2.1/tagsoup-1.2.1.jar:/Users/mvvkiran/.m2/repository/io/rest-assured/json-path/5.3.2/json-path-5.3.2.jar:/Users/mvvkiran/.m2/repository/org/apache/groovy/groovy-json/4.0.15/groovy-json-4.0.15.jar:/Users/mvvkiran/.m2/repository/io/rest-assured/rest-assured-common/5.3.2/rest-assured-common-5.3.2.jar:/Users/mvvkiran/.m2/repository/io/rest-assured/xml-path/5.3.2/xml-path-5.3.2.jar:/Users/mvvkiran/.m2/repository/org/apache/commons/commons-lang3/3.13.0/commons-lang3-3.13.0.jar:/Users/mvvkiran/.m2/repository/org/testcontainers/testcontainers/1.19.3/testcontainers-1.19.3.jar:/Users/mvvkiran/.m2/repository/junit/junit/4.13.2/junit-4.13.2.jar:/Users/mvvkiran/.m2/repository/org/hamcrest/hamcrest-core/2.2/hamcrest-core-2.2.jar:/Users/mvvkiran/.m2/repository/org/slf4j/slf4j-api/2.0.9/slf4j-api-2.0.9.jar:/Users/mvvkiran/.m2/repository/org/apache/commons/commons-compress/1.24.0/commons-compress-1.24.0.jar:/Users/mvvkiran/.m2/repository/org/rnorth/duct-tape/duct-tape/1.0.8/duct-tape-1.0.8.jar:/Users/mvvkiran/.m2/repository/org/jetbrains/annotations/17.0.0/annotations-17.0.0.jar:/Users/mvvkiran/.m2/repository/com/github/docker-java/docker-java-api/3.3.4/docker-java-api-3.3.4.jar:/Users/mvvkiran/.m2/repository/com/github/docker-java/docker-java-transport-zerodep/3.3.4/docker-java-transport-zerodep-3.3.4.jar:/Users/mvvkiran/.m2/repository/com/github/docker-java/docker-java-transport/3.3.4/docker-java-transport-3.3.4.jar:/Users/mvvkiran/.m2/repository/net/java/dev/jna/jna/5.13.0/jna-5.13.0.jar:/Users/mvvkiran/.m2/repository/org/testcontainers/postgresql/1.19.3/postgresql-1.19.3.jar:/Users/mvvkiran/.m2/repository/org/testcontainers/jdbc/1.19.3/jdbc-1.19.3.jar:/Users/mvvkiran/.m2/repository/org/testcontainers/database-commons/1.19.3/database-commons-1.19.3.jar:/Users/mvvkiran/.m2/repository/org/testcontainers/junit-jupiter/1.19.3/junit-jupiter-1.19.3.jar:/Users/mvvkiran/.m2/repository/org/wiremock/wiremock-standalone/3.0.1/wiremock-standalone-3.0.1.jar:/Users/mvvkiran/.m2/repository/au/com/dius/pact/provider/junit5/4.6.3/junit5-4.6.3.jar:/Users/mvvkiran/.m2/repository/au/com/dius/pact/provider/4.6.3/provider-4.6.3.jar:/Users/mvvkiran/.m2/repository/au/com/dius/pact/core/matchers/4.6.3/matchers-4.6.3.jar:/Users/mvvkiran/.m2/repository/io/github/java-diff-utils/java-diff-utils/4.12/java-diff-utils-4.12.jar:/Users/mvvkiran/.m2/repository/xerces/xercesImpl/2.12.2/xercesImpl-2.12.2.jar:/Users/mvvkiran/.m2/repository/xml-apis/xml-apis/1.4.01/xml-apis-1.4.01.jar:/Users/mvvkiran/.m2/repository/org/atteo/evo-inflector/1.3/evo-inflector-1.3.jar:/Users/mvvkiran/.m2/repository/com/github/zafarkhaja/java-semver/0.9.0/java-semver-0.9.0.jar:/Users/mvvkiran/.m2/repository/org/apache/httpcomponents/client5/httpclient5/5.2.1/httpclient5-5.2.1.jar:/Users/mvvkiran/.m2/repository/org/apache/httpcomponents/core5/httpcore5/5.2.3/httpcore5-5.2.3.jar:/Users/mvvkiran/.m2/repository/org/apache/httpcomponents/core5/httpcore5-h2/5.2.3/httpcore5-h2-5.2.3.jar:/Users/mvvkiran/.m2/repository/io/github/classgraph/classgraph/4.8.129/classgraph-4.8.129.jar:/Users/mvvkiran/.m2/repository/commons-io/commons-io/2.11.0/commons-io-2.11.0.jar:/Users/mvvkiran/.m2/repository/org/apache/commons/commons-collections4/4.4/commons-collections4-4.4.jar:/Users/mvvkiran/.m2/repository/com/github/ajalt/mordant/1.2.1/mordant-1.2.1.jar:/Users/mvvkiran/.m2/repository/com/github/ajalt/colormath/1.2.0/colormath-1.2.0.jar:/Users/mvvkiran/.m2/repository/com/vladsch/flexmark/flexmark/0.62.2/flexmark-0.62.2.jar:/Users/mvvkiran/.m2/repository/com/vladsch/flexmark/flexmark-util-ast/0.62.2/flexmark-util-ast-0.62.2.jar:/Users/mvvkiran/.m2/repository/com/vladsch/flexmark/flexmark-util-builder/0.62.2/flexmark-util-builder-0.62.2.jar:/Users/mvvkiran/.m2/repository/com/vladsch/flexmark/flexmark-util-collection/0.62.2/flexmark-util-collection-0.62.2.jar:/Users/mvvkiran/.m2/repository/com/vladsch/flexmark/flexmark-util-data/0.62.2/flexmark-util-data-0.62.2.jar:/Users/mvvkiran/.m2/repository/com/vladsch/flexmark/flexmark-util-dependency/0.62.2/flexmark-util-dependency-0.62.2.jar:/Users/mvvkiran/.m2/repository/com/vladsch/flexmark/flexmark-util-format/0.62.2/flexmark-util-format-0.62.2.jar:/Users/mvvkiran/.m2/repository/com/vladsch/flexmark/flexmark-util-html/0.62.2/flexmark-util-html-0.62.2.jar:/Users/mvvkiran/.m2/repository/com/vladsch/flexmark/flexmark-util-misc/0.62.2/flexmark-util-misc-0.62.2.jar:/Users/mvvkiran/.m2/repository/com/vladsch/flexmark/flexmark-util-sequence/0.62.2/flexmark-util-sequence-0.62.2.jar:/Users/mvvkiran/.m2/repository/com/vladsch/flexmark/flexmark-util-visitor/0.62.2/flexmark-util-visitor-0.62.2.jar:/Users/mvvkiran/.m2/repository/com/vladsch/flexmark/flexmark-ext-tables/0.62.2/flexmark-ext-tables-0.62.2.jar:/Users/mvvkiran/.m2/repository/com/vladsch/flexmark/flexmark-util/0.62.2/flexmark-util-0.62.2.jar:/Users/mvvkiran/.m2/repository/com/vladsch/flexmark/flexmark-util-options/0.62.2/flexmark-util-options-0.62.2.jar:/Users/mvvkiran/.m2/repository/au/com/dius/pact/core/support/4.6.3/support-4.6.3.jar:/Users/mvvkiran/.m2/repository/io/github/microutils/kotlin-logging-jvm/3.0.4/kotlin-logging-jvm-3.0.4.jar:/Users/mvvkiran/.m2/repository/io/github/oshai/kotlin-logging-jvm/5.0.0/kotlin-logging-jvm-5.0.0.jar:/Users/mvvkiran/.m2/repository/org/apache/httpcomponents/client5/httpclient5-fluent/5.2.1/httpclient5-fluent-5.2.1.jar:/Users/mvvkiran/.m2/repository/org/apache/commons/commons-text/1.10.0/commons-text-1.10.0.jar:/Users/mvvkiran/.m2/repository/au/com/dius/pact/core/pactbroker/4.6.3/pactbroker-4.6.3.jar:/Users/mvvkiran/.m2/repository/com/google/guava/guava/31.1-jre/guava-31.1-jre.jar:/Users/mvvkiran/.m2/repository/com/google/guava/failureaccess/1.0.1/failureaccess-1.0.1.jar:/Users/mvvkiran/.m2/repository/com/google/guava/listenablefuture/9999.0-empty-to-avoid-conflict-with-guava/listenablefuture-9999.0-empty-to-avoid-conflict-with-guava.jar:/Users/mvvkiran/.m2/repository/com/google/code/findbugs/jsr305/3.0.2/jsr305-3.0.2.jar:/Users/mvvkiran/.m2/repository/com/google/errorprone/error_prone_annotations/2.11.0/error_prone_annotations-2.11.0.jar:/Users/mvvkiran/.m2/repository/com/google/j2objc/j2objc-annotations/1.3/j2objc-annotations-1.3.jar:/Users/mvvkiran/.m2/repository/au/com/dius/pact/core/model/4.6.3/model-4.6.3.jar:/Users/mvvkiran/.m2/repository/org/apache/tika/tika-core/2.7.0/tika-core-2.7.0.jar:/Users/mvvkiran/.m2/repository/com/github/mifmif/generex/1.0.2/generex-1.0.2.jar:/Users/mvvkiran/.m2/repository/javax/mail/mail/1.5.0-b01/mail-1.5.0-b01.jar:/Users/mvvkiran/.m2/repository/javax/activation/activation/1.1/activation-1.1.jar:/Users/mvvkiran/.m2/repository/io/ktor/ktor-http-jvm/2.3.0/ktor-http-jvm-2.3.0.jar:/Users/mvvkiran/.m2/repository/org/jetbrains/kotlin/kotlin-stdlib-jdk7/1.9.20/kotlin-stdlib-jdk7-1.9.20.jar:/Users/mvvkiran/.m2/repository/org/jetbrains/kotlinx/kotlinx-coroutines-jdk8/1.7.3/kotlinx-coroutines-jdk8-1.7.3.jar:/Users/mvvkiran/.m2/repository/org/jetbrains/kotlinx/kotlinx-coroutines-core-jvm/1.7.3/kotlinx-coroutines-core-jvm-1.7.3.jar:/Users/mvvkiran/.m2/repository/io/ktor/ktor-utils-jvm/2.3.0/ktor-utils-jvm-2.3.0.jar:/Users/mvvkiran/.m2/repository/io/ktor/ktor-io-jvm/2.3.0/ktor-io-jvm-2.3.0.jar:/Users/mvvkiran/.m2/repository/commons-beanutils/commons-beanutils/1.9.4/commons-beanutils-1.9.4.jar:/Users/mvvkiran/.m2/repository/commons-collections/commons-collections/3.2.2/commons-collections-3.2.2.jar:/Users/mvvkiran/.m2/repository/org/junit/jupiter/junit-jupiter-api/5.10.1/junit-jupiter-api-5.10.1.jar:/Users/mvvkiran/.m2/repository/org/opentest4j/opentest4j/1.3.0/opentest4j-1.3.0.jar:/Users/mvvkiran/.m2/repository/org/junit/platform/junit-platform-commons/1.10.1/junit-platform-commons-1.10.1.jar:/Users/mvvkiran/.m2/repository/org/apiguardian/apiguardian-api/1.1.2/apiguardian-api-1.1.2.jar:/Users/mvvkiran/.m2/repository/org/jetbrains/kotlin/kotlin-stdlib/1.9.20/kotlin-stdlib-1.9.20.jar:/Users/mvvkiran/.m2/repository/org/jetbrains/kotlin/kotlin-reflect/1.9.20/kotlin-reflect-1.9.20.jar:/Users/mvvkiran/.m2/repository/io/pact/plugin/driver/core/0.4.0/core-0.4.0.jar:/Users/mvvkiran/.m2/repository/com/vdurmont/semver4j/3.1.0/semver4j-3.1.0.jar:/Users/mvvkiran/.m2/repository/io/grpc/grpc-protobuf/1.53.0/grpc-protobuf-1.53.0.jar:/Users/mvvkiran/.m2/repository/io/grpc/grpc-api/1.53.0/grpc-api-1.53.0.jar:/Users/mvvkiran/.m2/repository/io/grpc/grpc-context/1.53.0/grpc-context-1.53.0.jar:/Users/mvvkiran/.m2/repository/com/google/protobuf/protobuf-java/3.21.7/protobuf-java-3.21.7.jar:/Users/mvvkiran/.m2/repository/com/google/api/grpc/proto-google-common-protos/2.9.0/proto-google-common-protos-2.9.0.jar:/Users/mvvkiran/.m2/repository/io/grpc/grpc-protobuf-lite/1.53.0/grpc-protobuf-lite-1.53.0.jar:/Users/mvvkiran/.m2/repository/io/grpc/grpc-stub/1.53.0/grpc-stub-1.53.0.jar:/Users/mvvkiran/.m2/repository/io/grpc/grpc-netty/1.53.0/grpc-netty-1.53.0.jar:/Users/mvvkiran/.m2/repository/io/grpc/grpc-core/1.53.0/grpc-core-1.53.0.jar:/Users/mvvkiran/.m2/repository/com/google/android/annotations/4.1.1.4/annotations-4.1.1.4.jar:/Users/mvvkiran/.m2/repository/org/codehaus/mojo/animal-sniffer-annotations/1.21/animal-sniffer-annotations-1.21.jar:/Users/mvvkiran/.m2/repository/io/netty/netty-codec-http2/4.1.101.Final/netty-codec-http2-4.1.101.Final.jar:/Users/mvvkiran/.m2/repository/io/netty/netty-handler-proxy/4.1.101.Final/netty-handler-proxy-4.1.101.Final.jar:/Users/mvvkiran/.m2/repository/io/netty/netty-codec-socks/4.1.101.Final/netty-codec-socks-4.1.101.Final.jar:/Users/mvvkiran/.m2/repository/io/perfmark/perfmark-api/0.25.0/perfmark-api-0.25.0.jar:/Users/mvvkiran/.m2/repository/io/netty/netty-transport-native-unix-common/4.1.101.Final/netty-transport-native-unix-common-4.1.101.Final.jar:/Users/mvvkiran/.m2/repository/javax/annotation/javax.annotation-api/1.3.2/javax.annotation-api-1.3.2.jar:/Users/mvvkiran/.m2/repository/javax/json/javax.json-api/1.1.4/javax.json-api-1.1.4.jar:/Users/mvvkiran/.m2/repository/org/glassfish/javax.json/1.1.4/javax.json-1.1.4.jar:/Users/mvvkiran/.m2/repository/com/moandjiezana/toml/toml4j/0.7.2/toml4j-0.7.2.jar:/Users/mvvkiran/.m2/repository/com/google/code/gson/gson/2.10.1/gson-2.10.1.jar:/Users/mvvkiran/.m2/repository/org/rauschig/jarchivelib/1.2.0/jarchivelib-1.2.0.jar:/Users/mvvkiran/.m2/repository/com/michael-bull/kotlin-result/kotlin-result-jvm/1.1.14/kotlin-result-jvm-1.1.14.jar:/Users/mvvkiran/.m2/repository/org/jetbrains/kotlin/kotlin-stdlib-jdk8/1.9.20/kotlin-stdlib-jdk8-1.9.20.jar:/Users/mvvkiran/.m2/repository/org/jetbrains/kotlin/kotlin-stdlib-common/1.9.20/kotlin-stdlib-common-1.9.20.jar:/Users/mvvkiran/.m2/repository/au/com/dius/pact/consumer/junit5/4.6.3/junit5-4.6.3.jar:/Users/mvvkiran/.m2/repository/au/com/dius/pact/consumer/4.6.3/consumer-4.6.3.jar:/Users/mvvkiran/.m2/repository/org/json/json/20230227/json-20230227.jar:/Users/mvvkiran/.m2/repository/com/googlecode/java-diff-utils/diffutils/1.3.0/diffutils-1.3.0.jar:/Users/mvvkiran/.m2/repository/dk/brics/automaton/automaton/1.11-8/automaton-1.11-8.jar:/Users/mvvkiran/.m2/repository/io/netty/netty-handler/4.1.101.Final/netty-handler-4.1.101.Final.jar:/Users/mvvkiran/.m2/repository/io/netty/netty-common/4.1.101.Final/netty-common-4.1.101.Final.jar:/Users/mvvkiran/.m2/repository/io/netty/netty-resolver/4.1.101.Final/netty-resolver-4.1.101.Final.jar:/Users/mvvkiran/.m2/repository/io/netty/netty-buffer/4.1.101.Final/netty-buffer-4.1.101.Final.jar:/Users/mvvkiran/.m2/repository/io/netty/netty-transport/4.1.101.Final/netty-transport-4.1.101.Final.jar:/Users/mvvkiran/.m2/repository/io/netty/netty-codec/4.1.101.Final/netty-codec-4.1.101.Final.jar:/Users/mvvkiran/.m2/repository/io/ktor/ktor-server-netty/2.3.0/ktor-server-netty-2.3.0.jar:/Users/mvvkiran/.m2/repository/org/jetbrains/kotlinx/kotlinx-coroutines-core/1.7.3/kotlinx-coroutines-core-1.7.3.jar:/Users/mvvkiran/.m2/repository/io/ktor/ktor-network-tls-certificates/2.3.0/ktor-network-tls-certificates-2.3.0.jar:/Users/mvvkiran/.m2/repository/io/ktor/ktor-server-call-logging/2.3.0/ktor-server-call-logging-2.3.0.jar:/Users/mvvkiran/.m2/repository/io/ktor/ktor-server-core/2.3.0/ktor-server-core-2.3.0.jar:/Users/mvvkiran/.m2/repository/org/jetbrains/kotlinx/atomicfu/0.19.0/atomicfu-0.19.0.jar:/Users/mvvkiran/.m2/repository/org/jetbrains/kotlinx/atomicfu-jvm/0.19.0/atomicfu-jvm-0.19.0.jar:/Users/mvvkiran/.m2/repository/io/ktor/ktor-utils/2.3.0/ktor-utils-2.3.0.jar:/Users/mvvkiran/.m2/repository/io/ktor/ktor-io/2.3.0/ktor-io-2.3.0.jar:/Users/mvvkiran/.m2/repository/io/ktor/ktor-http/2.3.0/ktor-http-2.3.0.jar:/Users/mvvkiran/.m2/repository/io/ktor/ktor-serialization/2.3.0/ktor-serialization-2.3.0.jar:/Users/mvvkiran/.m2/repository/io/ktor/ktor-websockets/2.3.0/ktor-websockets-2.3.0.jar:/Users/mvvkiran/.m2/repository/io/ktor/ktor-events/2.3.0/ktor-events-2.3.0.jar:/Users/mvvkiran/.m2/repository/io/gatling/gatling-app/3.10.3/gatling-app-3.10.3.jar:/Users/mvvkiran/.m2/repository/org/scala-lang/scala-library/2.13.12/scala-library-2.13.12.jar:/Users/mvvkiran/.m2/repository/io/gatling/gatling-core/3.10.3/gatling-core-3.10.3.jar:/Users/mvvkiran/.m2/repository/io/gatling/gatling-netty-util/3.10.3/gatling-netty-util-3.10.3.jar:/Users/mvvkiran/.m2/repository/io/gatling/gatling-shared-util_2.13/0.0.5/gatling-shared-util_2.13-0.0.5.jar:/Users/mvvkiran/.m2/repository/org/scala-lang/modules/scala-collection-compat_2.13/2.11.0/scala-collection-compat_2.13-2.11.0.jar:/Users/mvvkiran/.m2/repository/io/netty/incubator/netty-incubator-transport-native-io_uring/0.0.24.Final/netty-incubator-transport-native-io_uring-0.0.24.Final-linux-x86_64.jar:/Users/mvvkiran/.m2/repository/io/netty/incubator/netty-incubator-transport-classes-io_uring/0.0.24.Final/netty-incubator-transport-classes-io_uring-0.0.24.Final.jar:/Users/mvvkiran/.m2/repository/io/netty/incubator/netty-incubator-transport-native-io_uring/0.0.24.Final/netty-incubator-transport-native-io_uring-0.0.24.Final-linux-aarch_64.jar:/Users/mvvkiran/.m2/repository/io/gatling/gatling-commons/3.10.3/gatling-commons-3.10.3.jar:/Users/mvvkiran/.m2/repository/com/typesafe/config/1.4.3/config-1.4.3.jar:/Users/mvvkiran/.m2/repository/io/github/metarank/cfor_2.13/0.3/cfor_2.13-0.3.jar:/Users/mvvkiran/.m2/repository/org/scala-lang/scala-reflect/2.13.10/scala-reflect-2.13.10.jar:/Users/mvvkiran/.m2/repository/com/typesafe/scala-logging/scala-logging_2.13/3.9.5/scala-logging_2.13-3.9.5.jar:/Users/mvvkiran/.m2/repository/io/gatling/gatling-shared-enterprise/3.10.3/gatling-shared-enterprise-3.10.3.jar:/Users/mvvkiran/.m2/repository/io/gatling/gatling-jsonpath/3.10.3/gatling-jsonpath-3.10.3.jar:/Users/mvvkiran/.m2/repository/io/gatling/gatling-shared-model_2.13/0.0.4/gatling-shared-model_2.13-0.0.4.jar:/Users/mvvkiran/.m2/repository/io/suzaku/boopickle_2.13/1.3.3/boopickle_2.13-1.3.3.jar:/Users/mvvkiran/.m2/repository/com/typesafe/akka/akka-actor_2.13/2.6.20/akka-actor_2.13-2.6.20.jar:/Users/mvvkiran/.m2/repository/org/scala-lang/modules/scala-java8-compat_2.13/1.0.0/scala-java8-compat_2.13-1.0.0.jar:/Users/mvvkiran/.m2/repository/com/typesafe/akka/akka-slf4j_2.13/2.6.20/akka-slf4j_2.13-2.6.20.jar:/Users/mvvkiran/.m2/repository/org/simpleflatmapper/lightning-csv/8.2.3/lightning-csv-8.2.3.jar:/Users/mvvkiran/.m2/repository/org/simpleflatmapper/sfm-util/8.2.3/sfm-util-8.2.3.jar:/Users/mvvkiran/.m2/repository/com/github/ben-manes/caffeine/caffeine/3.1.8/caffeine-3.1.8.jar:/Users/mvvkiran/.m2/repository/io/pebbletemplates/pebble/3.2.2/pebble-3.2.2.jar:/Users/mvvkiran/.m2/repository/org/unbescape/unbescape/1.1.6.RELEASE/unbescape-1.1.6.RELEASE.jar:/Users/mvvkiran/.m2/repository/org/scala-lang/modules/scala-parser-combinators_2.13/2.3.0/scala-parser-combinators_2.13-2.3.0.jar:/Users/mvvkiran/.m2/repository/com/github/scopt/scopt_2.13/3.7.1/scopt_2.13-3.7.1.jar:/Users/mvvkiran/.m2/repository/io/netty/netty-tcnative-classes/2.0.61.Final/netty-tcnative-classes-2.0.61.Final.jar:/Users/mvvkiran/.m2/repository/com/softwaremill/quicklens/quicklens_2.13/1.9.6/quicklens_2.13-1.9.6.jar:/Users/mvvkiran/.m2/repository/net/sf/saxon/Saxon-HE/10.6/Saxon-HE-10.6.jar:/Users/mvvkiran/.m2/repository/org/jodd/jodd-lagarto/6.0.6/jodd-lagarto-6.0.6.jar:/Users/mvvkiran/.m2/repository/org/jodd/jodd-util/6.2.2/jodd-util-6.2.2.jar:/Users/mvvkiran/.m2/repository/io/burt/jmespath-jackson/0.6.0/jmespath-jackson-0.6.0.jar:/Users/mvvkiran/.m2/repository/io/burt/jmespath-core/0.6.0/jmespath-core-0.6.0.jar:/Users/mvvkiran/.m2/repository/io/gatling/gatling-core-java/3.10.3/gatling-core-java-3.10.3.jar:/Users/mvvkiran/.m2/repository/net/jodah/typetools/0.6.3/typetools-0.6.3.jar:/Users/mvvkiran/.m2/repository/com/github/spotbugs/spotbugs-annotations/4.7.3/spotbugs-annotations-4.7.3.jar:/Users/mvvkiran/.m2/repository/io/gatling/gatling-http/3.10.3/gatling-http-3.10.3.jar:/Users/mvvkiran/.m2/repository/io/gatling/gatling-http-client/3.10.3/gatling-http-client-3.10.3.jar:/Users/mvvkiran/.m2/repository/io/netty/netty-resolver-dns/4.1.101.Final/netty-resolver-dns-4.1.101.Final.jar:/Users/mvvkiran/.m2/repository/io/netty/netty-codec-dns/4.1.101.Final/netty-codec-dns-4.1.101.Final.jar:/Users/mvvkiran/.m2/repository/io/netty/netty-resolver-dns-native-macos/4.1.101.Final/netty-resolver-dns-native-macos-4.1.101.Final-osx-x86_64.jar:/Users/mvvkiran/.m2/repository/io/netty/netty-resolver-dns-classes-macos/4.1.101.Final/netty-resolver-dns-classes-macos-4.1.101.Final.jar:/Users/mvvkiran/.m2/repository/io/netty/netty-resolver-dns-native-macos/4.1.101.Final/netty-resolver-dns-native-macos-4.1.101.Final-osx-aarch_64.jar:/Users/mvvkiran/.m2/repository/io/netty/netty-tcnative-boringssl-static/2.0.61.Final/netty-tcnative-boringssl-static-2.0.61.Final.jar:/Users/mvvkiran/.m2/repository/io/netty/netty-tcnative-boringssl-static/2.0.61.Final/netty-tcnative-boringssl-static-2.0.61.Final-linux-x86_64.jar:/Users/mvvkiran/.m2/repository/io/netty/netty-tcnative-boringssl-static/2.0.61.Final/netty-tcnative-boringssl-static-2.0.61.Final-linux-aarch_64.jar:/Users/mvvkiran/.m2/repository/io/netty/netty-tcnative-boringssl-static/2.0.61.Final/netty-tcnative-boringssl-static-2.0.61.Final-osx-x86_64.jar:/Users/mvvkiran/.m2/repository/io/netty/netty-tcnative-boringssl-static/2.0.61.Final/netty-tcnative-boringssl-static-2.0.61.Final-osx-aarch_64.jar:/Users/mvvkiran/.m2/repository/io/netty/netty-tcnative-boringssl-static/2.0.61.Final/netty-tcnative-boringssl-static-2.0.61.Final-windows-x86_64.jar:/Users/mvvkiran/.m2/repository/com/aayushatharva/brotli4j/brotli4j/1.13.0/brotli4j-1.13.0.jar:/Users/mvvkiran/.m2/repository/com/aayushatharva/brotli4j/service/1.13.0/service-1.13.0.jar:/Users/mvvkiran/.m2/repository/com/aayushatharva/brotli4j/native-linux-x86_64/1.13.0/native-linux-x86_64-1.13.0.jar:/Users/mvvkiran/.m2/repository/com/aayushatharva/brotli4j/native-linux-aarch64/1.13.0/native-linux-aarch64-1.13.0.jar:/Users/mvvkiran/.m2/repository/com/aayushatharva/brotli4j/native-osx-x86_64/1.13.0/native-osx-x86_64-1.13.0.jar:/Users/mvvkiran/.m2/repository/com/aayushatharva/brotli4j/native-osx-aarch64/1.13.0/native-osx-aarch64-1.13.0.jar:/Users/mvvkiran/.m2/repository/com/aayushatharva/brotli4j/native-windows-x86_64/1.13.0/native-windows-x86_64-1.13.0.jar:/Users/mvvkiran/.m2/repository/io/gatling/gatling-http-java/3.10.3/gatling-http-java-3.10.3.jar:/Users/mvvkiran/.m2/repository/io/gatling/gatling-jms/3.10.3/gatling-jms-3.10.3.jar:/Users/mvvkiran/.m2/repository/javax/jms/javax.jms-api/2.0.1/javax.jms-api-2.0.1.jar:/Users/mvvkiran/.m2/repository/com/eatthepath/fast-uuid/0.2.0/fast-uuid-0.2.0.jar:/Users/mvvkiran/.m2/repository/io/gatling/gatling-jms-java/3.10.3/gatling-jms-java-3.10.3.jar:/Users/mvvkiran/.m2/repository/io/gatling/gatling-mqtt/3.10.3/gatling-mqtt-3.10.3.jar:/Users/mvvkiran/.m2/repository/io/netty/netty-codec-mqtt/4.1.101.Final/netty-codec-mqtt-4.1.101.Final.jar:/Users/mvvkiran/.m2/repository/io/netty/netty-transport-native-epoll/4.1.101.Final/netty-transport-native-epoll-4.1.101.Final-linux-x86_64.jar:/Users/mvvkiran/.m2/repository/io/netty/netty-transport-classes-epoll/4.1.101.Final/netty-transport-classes-epoll-4.1.101.Final.jar:/Users/mvvkiran/.m2/repository/io/netty/netty-transport-native-epoll/4.1.101.Final/netty-transport-native-epoll-4.1.101.Final-linux-aarch_64.jar:/Users/mvvkiran/.m2/repository/io/gatling/gatling-mqtt-java/3.10.3/gatling-mqtt-java-3.10.3.jar:/Users/mvvkiran/.m2/repository/io/gatling/gatling-jdbc/3.10.3/gatling-jdbc-3.10.3.jar:/Users/mvvkiran/.m2/repository/io/gatling/gatling-jdbc-java/3.10.3/gatling-jdbc-java-3.10.3.jar:/Users/mvvkiran/.m2/repository/io/gatling/gatling-redis/3.10.3/gatling-redis-3.10.3.jar:/Users/mvvkiran/.m2/repository/net/debasishg/redisclient_2.13/3.42/redisclient_2.13-3.42.jar:/Users/mvvkiran/.m2/repository/org/apache/commons/commons-pool2/2.12.0/commons-pool2-2.12.0.jar:/Users/mvvkiran/.m2/repository/io/gatling/gatling-redis-java/3.10.3/gatling-redis-java-3.10.3.jar:/Users/mvvkiran/.m2/repository/io/gatling/gatling-graphite/3.10.3/gatling-graphite-3.10.3.jar:/Users/mvvkiran/.m2/repository/org/hdrhistogram/HdrHistogram/2.1.12/HdrHistogram-2.1.12.jar:/Users/mvvkiran/.m2/repository/io/gatling/gatling-charts/3.10.3/gatling-charts-3.10.3.jar:/Users/mvvkiran/.m2/repository/com/tdunning/t-digest/3.1/t-digest-3.1.jar:/Users/mvvkiran/.m2/repository/io/gatling/highcharts/gatling-charts-highcharts/3.10.3/gatling-charts-highcharts-3.10.3.jar:/Users/mvvkiran/.m2/repository/io/gatling/gatling-recorder/3.10.3/gatling-recorder-3.10.3.jar:/Users/mvvkiran/.m2/repository/org/scala-lang/modules/scala-swing_2.13/3.0.0/scala-swing_2.13-3.0.0.jar:/Users/mvvkiran/.m2/repository/io/gatling/gatling-recorder-bc-shaded/1.77.0/gatling-recorder-bc-shaded-1.77.0.jar:/Users/mvvkiran/.m2/repository/io/netty/netty-codec-http/4.1.101.Final/netty-codec-http-4.1.101.Final.jar:"/>
    <property name="java.vm.vendor" value="Homebrew"/>
    <property name="sun.arch.data.model" value="64"/>
    <property name="java.vendor.url" value="https://github.com/Homebrew/homebrew-core/issues"/>
    <property name="catalina.useNaming" value="false"/>
    <property name="user.timezone" value="Asia/Kolkata"/>
    <property name="org.jboss.logging.provider" value="slf4j"/>
    <property name="os.name" value="Mac OS X"/>
    <property name="java.vm.specification.version" value="24"/>
    <property name="sun.java.launcher" value="SUN_STANDARD"/>
    <property name="user.country" value="IN"/>
    <property name="sun.boot.library.path" value="/opt/homebrew/Cellar/openjdk/24.0.2/libexec/openjdk.jdk/Contents/Home/lib"/>
    <property name="sun.java.command" value="/Users/mvvkiran/Workspace/ExampleApplicationWithTDD/target/surefire/surefirebooter-20250814202625530_3.jar /Users/mvvkiran/Workspace/ExampleApplicationWithTDD/target/surefire 2025-08-14T20-26-25_506-jvmRun1 surefire-20250814202625530_1tmp surefire_0-20250814202625530_2tmp"/>
    <property name="http.nonProxyHosts" value="local|*.local|169.254/16|*.169.254/16"/>
    <property name="jdk.debug" value="release"/>
    <property name="surefire.test.class.path" value="/Users/mvvkiran/Workspace/ExampleApplicationWithTDD/target/test-classes:/Users/mvvkiran/Workspace/ExampleApplicationWithTDD/target/classes:/Users/mvvkiran/.m2/repository/org/springframework/boot/spring-boot-starter-web/3.2.0/spring-boot-starter-web-3.2.0.jar:/Users/mvvkiran/.m2/repository/org/springframework/boot/spring-boot-starter/3.2.0/spring-boot-starter-3.2.0.jar:/Users/mvvkiran/.m2/repository/org/springframework/boot/spring-boot/3.2.0/spring-boot-3.2.0.jar:/Users/mvvkiran/.m2/repository/org/springframework/boot/spring-boot-autoconfigure/3.2.0/spring-boot-autoconfigure-3.2.0.jar:/Users/mvvkiran/.m2/repository/org/springframework/boot/spring-boot-starter-logging/3.2.0/spring-boot-starter-logging-3.2.0.jar:/Users/mvvkiran/.m2/repository/ch/qos/logback/logback-classic/1.4.11/logback-classic-1.4.11.jar:/Users/mvvkiran/.m2/repository/ch/qos/logback/logback-core/1.4.11/logback-core-1.4.11.jar:/Users/mvvkiran/.m2/repository/org/apache/logging/log4j/log4j-to-slf4j/2.21.1/log4j-to-slf4j-2.21.1.jar:/Users/mvvkiran/.m2/repository/org/apache/logging/log4j/log4j-api/2.21.1/log4j-api-2.21.1.jar:/Users/mvvkiran/.m2/repository/org/slf4j/jul-to-slf4j/2.0.9/jul-to-slf4j-2.0.9.jar:/Users/mvvkiran/.m2/repository/jakarta/annotation/jakarta.annotation-api/2.1.1/jakarta.annotation-api-2.1.1.jar:/Users/mvvkiran/.m2/repository/org/yaml/snakeyaml/2.2/snakeyaml-2.2.jar:/Users/mvvkiran/.m2/repository/org/springframework/boot/spring-boot-starter-json/3.2.0/spring-boot-starter-json-3.2.0.jar:/Users/mvvkiran/.m2/repository/com/fasterxml/jackson/datatype/jackson-datatype-jdk8/2.15.3/jackson-datatype-jdk8-2.15.3.jar:/Users/mvvkiran/.m2/repository/com/fasterxml/jackson/datatype/jackson-datatype-jsr310/2.15.3/jackson-datatype-jsr310-2.15.3.jar:/Users/mvvkiran/.m2/repository/com/fasterxml/jackson/module/jackson-module-parameter-names/2.15.3/jackson-module-parameter-names-2.15.3.jar:/Users/mvvkiran/.m2/repository/org/springframework/boot/spring-boot-starter-tomcat/3.2.0/spring-boot-starter-tomcat-3.2.0.jar:/Users/mvvkiran/.m2/repository/org/apache/tomcat/embed/tomcat-embed-core/10.1.16/tomcat-embed-core-10.1.16.jar:/Users/mvvkiran/.m2/repository/org/apache/tomcat/embed/tomcat-embed-websocket/10.1.16/tomcat-embed-websocket-10.1.16.jar:/Users/mvvkiran/.m2/repository/org/springframework/spring-web/6.1.1/spring-web-6.1.1.jar:/Users/mvvkiran/.m2/repository/org/springframework/spring-beans/6.1.1/spring-beans-6.1.1.jar:/Users/mvvkiran/.m2/repository/org/springframework/spring-webmvc/6.1.1/spring-webmvc-6.1.1.jar:/Users/mvvkiran/.m2/repository/org/springframework/spring-context/6.1.1/spring-context-6.1.1.jar:/Users/mvvkiran/.m2/repository/org/springframework/spring-expression/6.1.1/spring-expression-6.1.1.jar:/Users/mvvkiran/.m2/repository/org/springframework/boot/spring-boot-starter-data-jpa/3.2.0/spring-boot-starter-data-jpa-3.2.0.jar:/Users/mvvkiran/.m2/repository/org/springframework/boot/spring-boot-starter-aop/3.2.0/spring-boot-starter-aop-3.2.0.jar:/Users/mvvkiran/.m2/repository/org/aspectj/aspectjweaver/1.9.20.1/aspectjweaver-1.9.20.1.jar:/Users/mvvkiran/.m2/repository/org/springframework/boot/spring-boot-starter-jdbc/3.2.0/spring-boot-starter-jdbc-3.2.0.jar:/Users/mvvkiran/.m2/repository/com/zaxxer/HikariCP/5.0.1/HikariCP-5.0.1.jar:/Users/mvvkiran/.m2/repository/org/springframework/spring-jdbc/6.1.1/spring-jdbc-6.1.1.jar:/Users/mvvkiran/.m2/repository/org/hibernate/orm/hibernate-core/6.3.1.Final/hibernate-core-6.3.1.Final.jar:/Users/mvvkiran/.m2/repository/jakarta/persistence/jakarta.persistence-api/3.1.0/jakarta.persistence-api-3.1.0.jar:/Users/mvvkiran/.m2/repository/jakarta/transaction/jakarta.transaction-api/2.0.1/jakarta.transaction-api-2.0.1.jar:/Users/mvvkiran/.m2/repository/org/jboss/logging/jboss-logging/3.5.3.Final/jboss-logging-3.5.3.Final.jar:/Users/mvvkiran/.m2/repository/org/hibernate/common/hibernate-commons-annotations/6.0.6.Final/hibernate-commons-annotations-6.0.6.Final.jar:/Users/mvvkiran/.m2/repository/io/smallrye/jandex/3.1.2/jandex-3.1.2.jar:/Users/mvvkiran/.m2/repository/com/fasterxml/classmate/1.6.0/classmate-1.6.0.jar:/Users/mvvkiran/.m2/repository/net/bytebuddy/byte-buddy/1.14.10/byte-buddy-1.14.10.jar:/Users/mvvkiran/.m2/repository/org/glassfish/jaxb/jaxb-runtime/4.0.4/jaxb-runtime-4.0.4.jar:/Users/mvvkiran/.m2/repository/org/glassfish/jaxb/jaxb-core/4.0.4/jaxb-core-4.0.4.jar:/Users/mvvkiran/.m2/repository/org/eclipse/angus/angus-activation/2.0.1/angus-activation-2.0.1.jar:/Users/mvvkiran/.m2/repository/org/glassfish/jaxb/txw2/4.0.4/txw2-4.0.4.jar:/Users/mvvkiran/.m2/repository/com/sun/istack/istack-commons-runtime/4.1.2/istack-commons-runtime-4.1.2.jar:/Users/mvvkiran/.m2/repository/jakarta/inject/jakarta.inject-api/2.0.1/jakarta.inject-api-2.0.1.jar:/Users/mvvkiran/.m2/repository/org/antlr/antlr4-runtime/4.10.1/antlr4-runtime-4.10.1.jar:/Users/mvvkiran/.m2/repository/org/springframework/data/spring-data-jpa/3.2.0/spring-data-jpa-3.2.0.jar:/Users/mvvkiran/.m2/repository/org/springframework/data/spring-data-commons/3.2.0/spring-data-commons-3.2.0.jar:/Users/mvvkiran/.m2/repository/org/springframework/spring-orm/6.1.1/spring-orm-6.1.1.jar:/Users/mvvkiran/.m2/repository/org/springframework/spring-tx/6.1.1/spring-tx-6.1.1.jar:/Users/mvvkiran/.m2/repository/org/springframework/spring-aspects/6.1.1/spring-aspects-6.1.1.jar:/Users/mvvkiran/.m2/repository/org/springframework/boot/spring-boot-starter-validation/3.2.0/spring-boot-starter-validation-3.2.0.jar:/Users/mvvkiran/.m2/repository/org/apache/tomcat/embed/tomcat-embed-el/10.1.16/tomcat-embed-el-10.1.16.jar:/Users/mvvkiran/.m2/repository/org/hibernate/validator/hibernate-validator/8.0.1.Final/hibernate-validator-8.0.1.Final.jar:/Users/mvvkiran/.m2/repository/jakarta/validation/jakarta.validation-api/3.0.2/jakarta.validation-api-3.0.2.jar:/Users/mvvkiran/.m2/repository/org/springframework/boot/spring-boot-starter-security/3.2.0/spring-boot-starter-security-3.2.0.jar:/Users/mvvkiran/.m2/repository/org/springframework/spring-aop/6.1.1/spring-aop-6.1.1.jar:/Users/mvvkiran/.m2/repository/org/springframework/security/spring-security-config/6.2.0/spring-security-config-6.2.0.jar:/Users/mvvkiran/.m2/repository/org/springframework/security/spring-security-web/6.2.0/spring-security-web-6.2.0.jar:/Users/mvvkiran/.m2/repository/org/springframework/boot/spring-boot-starter-actuator/3.2.0/spring-boot-starter-actuator-3.2.0.jar:/Users/mvvkiran/.m2/repository/org/springframework/boot/spring-boot-actuator-autoconfigure/3.2.0/spring-boot-actuator-autoconfigure-3.2.0.jar:/Users/mvvkiran/.m2/repository/org/springframework/boot/spring-boot-actuator/3.2.0/spring-boot-actuator-3.2.0.jar:/Users/mvvkiran/.m2/repository/io/micrometer/micrometer-observation/1.12.0/micrometer-observation-1.12.0.jar:/Users/mvvkiran/.m2/repository/io/micrometer/micrometer-commons/1.12.0/micrometer-commons-1.12.0.jar:/Users/mvvkiran/.m2/repository/io/micrometer/micrometer-jakarta9/1.12.0/micrometer-jakarta9-1.12.0.jar:/Users/mvvkiran/.m2/repository/io/micrometer/micrometer-core/1.12.0/micrometer-core-1.12.0.jar:/Users/mvvkiran/.m2/repository/org/latencyutils/LatencyUtils/2.0.3/LatencyUtils-2.0.3.jar:/Users/mvvkiran/.m2/repository/com/h2database/h2/2.2.224/h2-2.2.224.jar:/Users/mvvkiran/.m2/repository/org/postgresql/postgresql/42.6.0/postgresql-42.6.0.jar:/Users/mvvkiran/.m2/repository/org/checkerframework/checker-qual/3.31.0/checker-qual-3.31.0.jar:/Users/mvvkiran/.m2/repository/org/springdoc/springdoc-openapi-starter-webmvc-ui/2.2.0/springdoc-openapi-starter-webmvc-ui-2.2.0.jar:/Users/mvvkiran/.m2/repository/org/springdoc/springdoc-openapi-starter-webmvc-api/2.2.0/springdoc-openapi-starter-webmvc-api-2.2.0.jar:/Users/mvvkiran/.m2/repository/org/springdoc/springdoc-openapi-starter-common/2.2.0/springdoc-openapi-starter-common-2.2.0.jar:/Users/mvvkiran/.m2/repository/io/swagger/core/v3/swagger-core-jakarta/2.2.15/swagger-core-jakarta-2.2.15.jar:/Users/mvvkiran/.m2/repository/io/swagger/core/v3/swagger-annotations-jakarta/2.2.15/swagger-annotations-jakarta-2.2.15.jar:/Users/mvvkiran/.m2/repository/io/swagger/core/v3/swagger-models-jakarta/2.2.15/swagger-models-jakarta-2.2.15.jar:/Users/mvvkiran/.m2/repository/com/fasterxml/jackson/dataformat/jackson-dataformat-yaml/2.15.3/jackson-dataformat-yaml-2.15.3.jar:/Users/mvvkiran/.m2/repository/org/webjars/swagger-ui/5.2.0/swagger-ui-5.2.0.jar:/Users/mvvkiran/.m2/repository/org/projectlombok/lombok/1.18.30/lombok-1.18.30.jar:/Users/mvvkiran/.m2/repository/org/mapstruct/mapstruct/1.5.5.Final/mapstruct-1.5.5.Final.jar:/Users/mvvkiran/.m2/repository/org/mapstruct/mapstruct-processor/1.5.5.Final/mapstruct-processor-1.5.5.Final.jar:/Users/mvvkiran/.m2/repository/io/jsonwebtoken/jjwt-api/0.12.3/jjwt-api-0.12.3.jar:/Users/mvvkiran/.m2/repository/io/jsonwebtoken/jjwt-impl/0.12.3/jjwt-impl-0.12.3.jar:/Users/mvvkiran/.m2/repository/io/jsonwebtoken/jjwt-jackson/0.12.3/jjwt-jackson-0.12.3.jar:/Users/mvvkiran/.m2/repository/com/fasterxml/jackson/core/jackson-databind/2.15.3/jackson-databind-2.15.3.jar:/Users/mvvkiran/.m2/repository/com/fasterxml/jackson/core/jackson-annotations/2.15.3/jackson-annotations-2.15.3.jar:/Users/mvvkiran/.m2/repository/com/fasterxml/jackson/core/jackson-core/2.15.3/jackson-core-2.15.3.jar:/Users/mvvkiran/.m2/repository/org/springframework/boot/spring-boot-starter-test/3.2.0/spring-boot-starter-test-3.2.0.jar:/Users/mvvkiran/.m2/repository/org/springframework/boot/spring-boot-test/3.2.0/spring-boot-test-3.2.0.jar:/Users/mvvkiran/.m2/repository/org/springframework/boot/spring-boot-test-autoconfigure/3.2.0/spring-boot-test-autoconfigure-3.2.0.jar:/Users/mvvkiran/.m2/repository/com/jayway/jsonpath/json-path/2.8.0/json-path-2.8.0.jar:/Users/mvvkiran/.m2/repository/jakarta/xml/bind/jakarta.xml.bind-api/4.0.1/jakarta.xml.bind-api-4.0.1.jar:/Users/mvvkiran/.m2/repository/jakarta/activation/jakarta.activation-api/2.1.2/jakarta.activation-api-2.1.2.jar:/Users/mvvkiran/.m2/repository/net/minidev/json-smart/2.5.0/json-smart-2.5.0.jar:/Users/mvvkiran/.m2/repository/net/minidev/accessors-smart/2.5.0/accessors-smart-2.5.0.jar:/Users/mvvkiran/.m2/repository/org/ow2/asm/asm/9.3/asm-9.3.jar:/Users/mvvkiran/.m2/repository/org/assertj/assertj-core/3.24.2/assertj-core-3.24.2.jar:/Users/mvvkiran/.m2/repository/org/awaitility/awaitility/4.2.0/awaitility-4.2.0.jar:/Users/mvvkiran/.m2/repository/org/hamcrest/hamcrest/2.2/hamcrest-2.2.jar:/Users/mvvkiran/.m2/repository/org/junit/jupiter/junit-jupiter/5.10.1/junit-jupiter-5.10.1.jar:/Users/mvvkiran/.m2/repository/org/junit/jupiter/junit-jupiter-params/5.10.1/junit-jupiter-params-5.10.1.jar:/Users/mvvkiran/.m2/repository/org/junit/jupiter/junit-jupiter-engine/5.10.1/junit-jupiter-engine-5.10.1.jar:/Users/mvvkiran/.m2/repository/org/junit/platform/junit-platform-engine/1.10.1/junit-platform-engine-1.10.1.jar:/Users/mvvkiran/.m2/repository/org/mockito/mockito-core/5.7.0/mockito-core-5.7.0.jar:/Users/mvvkiran/.m2/repository/net/bytebuddy/byte-buddy-agent/1.14.10/byte-buddy-agent-1.14.10.jar:/Users/mvvkiran/.m2/repository/org/objenesis/objenesis/3.3/objenesis-3.3.jar:/Users/mvvkiran/.m2/repository/org/mockito/mockito-junit-jupiter/5.7.0/mockito-junit-jupiter-5.7.0.jar:/Users/mvvkiran/.m2/repository/org/skyscreamer/jsonassert/1.5.1/jsonassert-1.5.1.jar:/Users/mvvkiran/.m2/repository/com/vaadin/external/google/android-json/0.0.20131108.vaadin1/android-json-0.0.20131108.vaadin1.jar:/Users/mvvkiran/.m2/repository/org/springframework/spring-core/6.1.1/spring-core-6.1.1.jar:/Users/mvvkiran/.m2/repository/org/springframework/spring-jcl/6.1.1/spring-jcl-6.1.1.jar:/Users/mvvkiran/.m2/repository/org/springframework/spring-test/6.1.1/spring-test-6.1.1.jar:/Users/mvvkiran/.m2/repository/org/xmlunit/xmlunit-core/2.9.1/xmlunit-core-2.9.1.jar:/Users/mvvkiran/.m2/repository/org/springframework/security/spring-security-test/6.2.0/spring-security-test-6.2.0.jar:/Users/mvvkiran/.m2/repository/org/springframework/security/spring-security-core/6.2.0/spring-security-core-6.2.0.jar:/Users/mvvkiran/.m2/repository/org/springframework/security/spring-security-crypto/6.2.0/spring-security-crypto-6.2.0.jar:/Users/mvvkiran/.m2/repository/io/rest-assured/rest-assured/5.3.2/rest-assured-5.3.2.jar:/Users/mvvkiran/.m2/repository/org/apache/groovy/groovy/4.0.15/groovy-4.0.15.jar:/Users/mvvkiran/.m2/repository/org/apache/groovy/groovy-xml/4.0.15/groovy-xml-4.0.15.jar:/Users/mvvkiran/.m2/repository/org/apache/httpcomponents/httpclient/4.5.13/httpclient-4.5.13.jar:/Users/mvvkiran/.m2/repository/org/apache/httpcomponents/httpcore/4.4.16/httpcore-4.4.16.jar:/Users/mvvkiran/.m2/repository/commons-logging/commons-logging/1.2/commons-logging-1.2.jar:/Users/mvvkiran/.m2/repository/commons-codec/commons-codec/1.16.0/commons-codec-1.16.0.jar:/Users/mvvkiran/.m2/repository/org/apache/httpcomponents/httpmime/4.5.13/httpmime-4.5.13.jar:/Users/mvvkiran/.m2/repository/org/ccil/cowan/tagsoup/tagsoup/1.2.1/tagsoup-1.2.1.jar:/Users/mvvkiran/.m2/repository/io/rest-assured/json-path/5.3.2/json-path-5.3.2.jar:/Users/mvvkiran/.m2/repository/org/apache/groovy/groovy-json/4.0.15/groovy-json-4.0.15.jar:/Users/mvvkiran/.m2/repository/io/rest-assured/rest-assured-common/5.3.2/rest-assured-common-5.3.2.jar:/Users/mvvkiran/.m2/repository/io/rest-assured/xml-path/5.3.2/xml-path-5.3.2.jar:/Users/mvvkiran/.m2/repository/org/apache/commons/commons-lang3/3.13.0/commons-lang3-3.13.0.jar:/Users/mvvkiran/.m2/repository/org/testcontainers/testcontainers/1.19.3/testcontainers-1.19.3.jar:/Users/mvvkiran/.m2/repository/junit/junit/4.13.2/junit-4.13.2.jar:/Users/mvvkiran/.m2/repository/org/hamcrest/hamcrest-core/2.2/hamcrest-core-2.2.jar:/Users/mvvkiran/.m2/repository/org/slf4j/slf4j-api/2.0.9/slf4j-api-2.0.9.jar:/Users/mvvkiran/.m2/repository/org/apache/commons/commons-compress/1.24.0/commons-compress-1.24.0.jar:/Users/mvvkiran/.m2/repository/org/rnorth/duct-tape/duct-tape/1.0.8/duct-tape-1.0.8.jar:/Users/mvvkiran/.m2/repository/org/jetbrains/annotations/17.0.0/annotations-17.0.0.jar:/Users/mvvkiran/.m2/repository/com/github/docker-java/docker-java-api/3.3.4/docker-java-api-3.3.4.jar:/Users/mvvkiran/.m2/repository/com/github/docker-java/docker-java-transport-zerodep/3.3.4/docker-java-transport-zerodep-3.3.4.jar:/Users/mvvkiran/.m2/repository/com/github/docker-java/docker-java-transport/3.3.4/docker-java-transport-3.3.4.jar:/Users/mvvkiran/.m2/repository/net/java/dev/jna/jna/5.13.0/jna-5.13.0.jar:/Users/mvvkiran/.m2/repository/org/testcontainers/postgresql/1.19.3/postgresql-1.19.3.jar:/Users/mvvkiran/.m2/repository/org/testcontainers/jdbc/1.19.3/jdbc-1.19.3.jar:/Users/mvvkiran/.m2/repository/org/testcontainers/database-commons/1.19.3/database-commons-1.19.3.jar:/Users/mvvkiran/.m2/repository/org/testcontainers/junit-jupiter/1.19.3/junit-jupiter-1.19.3.jar:/Users/mvvkiran/.m2/repository/org/wiremock/wiremock-standalone/3.0.1/wiremock-standalone-3.0.1.jar:/Users/mvvkiran/.m2/repository/au/com/dius/pact/provider/junit5/4.6.3/junit5-4.6.3.jar:/Users/mvvkiran/.m2/repository/au/com/dius/pact/provider/4.6.3/provider-4.6.3.jar:/Users/mvvkiran/.m2/repository/au/com/dius/pact/core/matchers/4.6.3/matchers-4.6.3.jar:/Users/mvvkiran/.m2/repository/io/github/java-diff-utils/java-diff-utils/4.12/java-diff-utils-4.12.jar:/Users/mvvkiran/.m2/repository/xerces/xercesImpl/2.12.2/xercesImpl-2.12.2.jar:/Users/mvvkiran/.m2/repository/xml-apis/xml-apis/1.4.01/xml-apis-1.4.01.jar:/Users/mvvkiran/.m2/repository/org/atteo/evo-inflector/1.3/evo-inflector-1.3.jar:/Users/mvvkiran/.m2/repository/com/github/zafarkhaja/java-semver/0.9.0/java-semver-0.9.0.jar:/Users/mvvkiran/.m2/repository/org/apache/httpcomponents/client5/httpclient5/5.2.1/httpclient5-5.2.1.jar:/Users/mvvkiran/.m2/repository/org/apache/httpcomponents/core5/httpcore5/5.2.3/httpcore5-5.2.3.jar:/Users/mvvkiran/.m2/repository/org/apache/httpcomponents/core5/httpcore5-h2/5.2.3/httpcore5-h2-5.2.3.jar:/Users/mvvkiran/.m2/repository/io/github/classgraph/classgraph/4.8.129/classgraph-4.8.129.jar:/Users/mvvkiran/.m2/repository/commons-io/commons-io/2.11.0/commons-io-2.11.0.jar:/Users/mvvkiran/.m2/repository/org/apache/commons/commons-collections4/4.4/commons-collections4-4.4.jar:/Users/mvvkiran/.m2/repository/com/github/ajalt/mordant/1.2.1/mordant-1.2.1.jar:/Users/mvvkiran/.m2/repository/com/github/ajalt/colormath/1.2.0/colormath-1.2.0.jar:/Users/mvvkiran/.m2/repository/com/vladsch/flexmark/flexmark/0.62.2/flexmark-0.62.2.jar:/Users/mvvkiran/.m2/repository/com/vladsch/flexmark/flexmark-util-ast/0.62.2/flexmark-util-ast-0.62.2.jar:/Users/mvvkiran/.m2/repository/com/vladsch/flexmark/flexmark-util-builder/0.62.2/flexmark-util-builder-0.62.2.jar:/Users/mvvkiran/.m2/repository/com/vladsch/flexmark/flexmark-util-collection/0.62.2/flexmark-util-collection-0.62.2.jar:/Users/mvvkiran/.m2/repository/com/vladsch/flexmark/flexmark-util-data/0.62.2/flexmark-util-data-0.62.2.jar:/Users/mvvkiran/.m2/repository/com/vladsch/flexmark/flexmark-util-dependency/0.62.2/flexmark-util-dependency-0.62.2.jar:/Users/mvvkiran/.m2/repository/com/vladsch/flexmark/flexmark-util-format/0.62.2/flexmark-util-format-0.62.2.jar:/Users/mvvkiran/.m2/repository/com/vladsch/flexmark/flexmark-util-html/0.62.2/flexmark-util-html-0.62.2.jar:/Users/mvvkiran/.m2/repository/com/vladsch/flexmark/flexmark-util-misc/0.62.2/flexmark-util-misc-0.62.2.jar:/Users/mvvkiran/.m2/repository/com/vladsch/flexmark/flexmark-util-sequence/0.62.2/flexmark-util-sequence-0.62.2.jar:/Users/mvvkiran/.m2/repository/com/vladsch/flexmark/flexmark-util-visitor/0.62.2/flexmark-util-visitor-0.62.2.jar:/Users/mvvkiran/.m2/repository/com/vladsch/flexmark/flexmark-ext-tables/0.62.2/flexmark-ext-tables-0.62.2.jar:/Users/mvvkiran/.m2/repository/com/vladsch/flexmark/flexmark-util/0.62.2/flexmark-util-0.62.2.jar:/Users/mvvkiran/.m2/repository/com/vladsch/flexmark/flexmark-util-options/0.62.2/flexmark-util-options-0.62.2.jar:/Users/mvvkiran/.m2/repository/au/com/dius/pact/core/support/4.6.3/support-4.6.3.jar:/Users/mvvkiran/.m2/repository/io/github/microutils/kotlin-logging-jvm/3.0.4/kotlin-logging-jvm-3.0.4.jar:/Users/mvvkiran/.m2/repository/io/github/oshai/kotlin-logging-jvm/5.0.0/kotlin-logging-jvm-5.0.0.jar:/Users/mvvkiran/.m2/repository/org/apache/httpcomponents/client5/httpclient5-fluent/5.2.1/httpclient5-fluent-5.2.1.jar:/Users/mvvkiran/.m2/repository/org/apache/commons/commons-text/1.10.0/commons-text-1.10.0.jar:/Users/mvvkiran/.m2/repository/au/com/dius/pact/core/pactbroker/4.6.3/pactbroker-4.6.3.jar:/Users/mvvkiran/.m2/repository/com/google/guava/guava/31.1-jre/guava-31.1-jre.jar:/Users/mvvkiran/.m2/repository/com/google/guava/failureaccess/1.0.1/failureaccess-1.0.1.jar:/Users/mvvkiran/.m2/repository/com/google/guava/listenablefuture/9999.0-empty-to-avoid-conflict-with-guava/listenablefuture-9999.0-empty-to-avoid-conflict-with-guava.jar:/Users/mvvkiran/.m2/repository/com/google/code/findbugs/jsr305/3.0.2/jsr305-3.0.2.jar:/Users/mvvkiran/.m2/repository/com/google/errorprone/error_prone_annotations/2.11.0/error_prone_annotations-2.11.0.jar:/Users/mvvkiran/.m2/repository/com/google/j2objc/j2objc-annotations/1.3/j2objc-annotations-1.3.jar:/Users/mvvkiran/.m2/repository/au/com/dius/pact/core/model/4.6.3/model-4.6.3.jar:/Users/mvvkiran/.m2/repository/org/apache/tika/tika-core/2.7.0/tika-core-2.7.0.jar:/Users/mvvkiran/.m2/repository/com/github/mifmif/generex/1.0.2/generex-1.0.2.jar:/Users/mvvkiran/.m2/repository/javax/mail/mail/1.5.0-b01/mail-1.5.0-b01.jar:/Users/mvvkiran/.m2/repository/javax/activation/activation/1.1/activation-1.1.jar:/Users/mvvkiran/.m2/repository/io/ktor/ktor-http-jvm/2.3.0/ktor-http-jvm-2.3.0.jar:/Users/mvvkiran/.m2/repository/org/jetbrains/kotlin/kotlin-stdlib-jdk7/1.9.20/kotlin-stdlib-jdk7-1.9.20.jar:/Users/mvvkiran/.m2/repository/org/jetbrains/kotlinx/kotlinx-coroutines-jdk8/1.7.3/kotlinx-coroutines-jdk8-1.7.3.jar:/Users/mvvkiran/.m2/repository/org/jetbrains/kotlinx/kotlinx-coroutines-core-jvm/1.7.3/kotlinx-coroutines-core-jvm-1.7.3.jar:/Users/mvvkiran/.m2/repository/io/ktor/ktor-utils-jvm/2.3.0/ktor-utils-jvm-2.3.0.jar:/Users/mvvkiran/.m2/repository/io/ktor/ktor-io-jvm/2.3.0/ktor-io-jvm-2.3.0.jar:/Users/mvvkiran/.m2/repository/commons-beanutils/commons-beanutils/1.9.4/commons-beanutils-1.9.4.jar:/Users/mvvkiran/.m2/repository/commons-collections/commons-collections/3.2.2/commons-collections-3.2.2.jar:/Users/mvvkiran/.m2/repository/org/junit/jupiter/junit-jupiter-api/5.10.1/junit-jupiter-api-5.10.1.jar:/Users/mvvkiran/.m2/repository/org/opentest4j/opentest4j/1.3.0/opentest4j-1.3.0.jar:/Users/mvvkiran/.m2/repository/org/junit/platform/junit-platform-commons/1.10.1/junit-platform-commons-1.10.1.jar:/Users/mvvkiran/.m2/repository/org/apiguardian/apiguardian-api/1.1.2/apiguardian-api-1.1.2.jar:/Users/mvvkiran/.m2/repository/org/jetbrains/kotlin/kotlin-stdlib/1.9.20/kotlin-stdlib-1.9.20.jar:/Users/mvvkiran/.m2/repository/org/jetbrains/kotlin/kotlin-reflect/1.9.20/kotlin-reflect-1.9.20.jar:/Users/mvvkiran/.m2/repository/io/pact/plugin/driver/core/0.4.0/core-0.4.0.jar:/Users/mvvkiran/.m2/repository/com/vdurmont/semver4j/3.1.0/semver4j-3.1.0.jar:/Users/mvvkiran/.m2/repository/io/grpc/grpc-protobuf/1.53.0/grpc-protobuf-1.53.0.jar:/Users/mvvkiran/.m2/repository/io/grpc/grpc-api/1.53.0/grpc-api-1.53.0.jar:/Users/mvvkiran/.m2/repository/io/grpc/grpc-context/1.53.0/grpc-context-1.53.0.jar:/Users/mvvkiran/.m2/repository/com/google/protobuf/protobuf-java/3.21.7/protobuf-java-3.21.7.jar:/Users/mvvkiran/.m2/repository/com/google/api/grpc/proto-google-common-protos/2.9.0/proto-google-common-protos-2.9.0.jar:/Users/mvvkiran/.m2/repository/io/grpc/grpc-protobuf-lite/1.53.0/grpc-protobuf-lite-1.53.0.jar:/Users/mvvkiran/.m2/repository/io/grpc/grpc-stub/1.53.0/grpc-stub-1.53.0.jar:/Users/mvvkiran/.m2/repository/io/grpc/grpc-netty/1.53.0/grpc-netty-1.53.0.jar:/Users/mvvkiran/.m2/repository/io/grpc/grpc-core/1.53.0/grpc-core-1.53.0.jar:/Users/mvvkiran/.m2/repository/com/google/android/annotations/4.1.1.4/annotations-4.1.1.4.jar:/Users/mvvkiran/.m2/repository/org/codehaus/mojo/animal-sniffer-annotations/1.21/animal-sniffer-annotations-1.21.jar:/Users/mvvkiran/.m2/repository/io/netty/netty-codec-http2/4.1.101.Final/netty-codec-http2-4.1.101.Final.jar:/Users/mvvkiran/.m2/repository/io/netty/netty-handler-proxy/4.1.101.Final/netty-handler-proxy-4.1.101.Final.jar:/Users/mvvkiran/.m2/repository/io/netty/netty-codec-socks/4.1.101.Final/netty-codec-socks-4.1.101.Final.jar:/Users/mvvkiran/.m2/repository/io/perfmark/perfmark-api/0.25.0/perfmark-api-0.25.0.jar:/Users/mvvkiran/.m2/repository/io/netty/netty-transport-native-unix-common/4.1.101.Final/netty-transport-native-unix-common-4.1.101.Final.jar:/Users/mvvkiran/.m2/repository/javax/annotation/javax.annotation-api/1.3.2/javax.annotation-api-1.3.2.jar:/Users/mvvkiran/.m2/repository/javax/json/javax.json-api/1.1.4/javax.json-api-1.1.4.jar:/Users/mvvkiran/.m2/repository/org/glassfish/javax.json/1.1.4/javax.json-1.1.4.jar:/Users/mvvkiran/.m2/repository/com/moandjiezana/toml/toml4j/0.7.2/toml4j-0.7.2.jar:/Users/mvvkiran/.m2/repository/com/google/code/gson/gson/2.10.1/gson-2.10.1.jar:/Users/mvvkiran/.m2/repository/org/rauschig/jarchivelib/1.2.0/jarchivelib-1.2.0.jar:/Users/mvvkiran/.m2/repository/com/michael-bull/kotlin-result/kotlin-result-jvm/1.1.14/kotlin-result-jvm-1.1.14.jar:/Users/mvvkiran/.m2/repository/org/jetbrains/kotlin/kotlin-stdlib-jdk8/1.9.20/kotlin-stdlib-jdk8-1.9.20.jar:/Users/mvvkiran/.m2/repository/org/jetbrains/kotlin/kotlin-stdlib-common/1.9.20/kotlin-stdlib-common-1.9.20.jar:/Users/mvvkiran/.m2/repository/au/com/dius/pact/consumer/junit5/4.6.3/junit5-4.6.3.jar:/Users/mvvkiran/.m2/repository/au/com/dius/pact/consumer/4.6.3/consumer-4.6.3.jar:/Users/mvvkiran/.m2/repository/org/json/json/20230227/json-20230227.jar:/Users/mvvkiran/.m2/repository/com/googlecode/java-diff-utils/diffutils/1.3.0/diffutils-1.3.0.jar:/Users/mvvkiran/.m2/repository/dk/brics/automaton/automaton/1.11-8/automaton-1.11-8.jar:/Users/mvvkiran/.m2/repository/io/netty/netty-handler/4.1.101.Final/netty-handler-4.1.101.Final.jar:/Users/mvvkiran/.m2/repository/io/netty/netty-common/4.1.101.Final/netty-common-4.1.101.Final.jar:/Users/mvvkiran/.m2/repository/io/netty/netty-resolver/4.1.101.Final/netty-resolver-4.1.101.Final.jar:/Users/mvvkiran/.m2/repository/io/netty/netty-buffer/4.1.101.Final/netty-buffer-4.1.101.Final.jar:/Users/mvvkiran/.m2/repository/io/netty/netty-transport/4.1.101.Final/netty-transport-4.1.101.Final.jar:/Users/mvvkiran/.m2/repository/io/netty/netty-codec/4.1.101.Final/netty-codec-4.1.101.Final.jar:/Users/mvvkiran/.m2/repository/io/ktor/ktor-server-netty/2.3.0/ktor-server-netty-2.3.0.jar:/Users/mvvkiran/.m2/repository/org/jetbrains/kotlinx/kotlinx-coroutines-core/1.7.3/kotlinx-coroutines-core-1.7.3.jar:/Users/mvvkiran/.m2/repository/io/ktor/ktor-network-tls-certificates/2.3.0/ktor-network-tls-certificates-2.3.0.jar:/Users/mvvkiran/.m2/repository/io/ktor/ktor-server-call-logging/2.3.0/ktor-server-call-logging-2.3.0.jar:/Users/mvvkiran/.m2/repository/io/ktor/ktor-server-core/2.3.0/ktor-server-core-2.3.0.jar:/Users/mvvkiran/.m2/repository/org/jetbrains/kotlinx/atomicfu/0.19.0/atomicfu-0.19.0.jar:/Users/mvvkiran/.m2/repository/org/jetbrains/kotlinx/atomicfu-jvm/0.19.0/atomicfu-jvm-0.19.0.jar:/Users/mvvkiran/.m2/repository/io/ktor/ktor-utils/2.3.0/ktor-utils-2.3.0.jar:/Users/mvvkiran/.m2/repository/io/ktor/ktor-io/2.3.0/ktor-io-2.3.0.jar:/Users/mvvkiran/.m2/repository/io/ktor/ktor-http/2.3.0/ktor-http-2.3.0.jar:/Users/mvvkiran/.m2/repository/io/ktor/ktor-serialization/2.3.0/ktor-serialization-2.3.0.jar:/Users/mvvkiran/.m2/repository/io/ktor/ktor-websockets/2.3.0/ktor-websockets-2.3.0.jar:/Users/mvvkiran/.m2/repository/io/ktor/ktor-events/2.3.0/ktor-events-2.3.0.jar:/Users/mvvkiran/.m2/repository/io/gatling/gatling-app/3.10.3/gatling-app-3.10.3.jar:/Users/mvvkiran/.m2/repository/org/scala-lang/scala-library/2.13.12/scala-library-2.13.12.jar:/Users/mvvkiran/.m2/repository/io/gatling/gatling-core/3.10.3/gatling-core-3.10.3.jar:/Users/mvvkiran/.m2/repository/io/gatling/gatling-netty-util/3.10.3/gatling-netty-util-3.10.3.jar:/Users/mvvkiran/.m2/repository/io/gatling/gatling-shared-util_2.13/0.0.5/gatling-shared-util_2.13-0.0.5.jar:/Users/mvvkiran/.m2/repository/org/scala-lang/modules/scala-collection-compat_2.13/2.11.0/scala-collection-compat_2.13-2.11.0.jar:/Users/mvvkiran/.m2/repository/io/netty/incubator/netty-incubator-transport-native-io_uring/0.0.24.Final/netty-incubator-transport-native-io_uring-0.0.24.Final-linux-x86_64.jar:/Users/mvvkiran/.m2/repository/io/netty/incubator/netty-incubator-transport-classes-io_uring/0.0.24.Final/netty-incubator-transport-classes-io_uring-0.0.24.Final.jar:/Users/mvvkiran/.m2/repository/io/netty/incubator/netty-incubator-transport-native-io_uring/0.0.24.Final/netty-incubator-transport-native-io_uring-0.0.24.Final-linux-aarch_64.jar:/Users/mvvkiran/.m2/repository/io/gatling/gatling-commons/3.10.3/gatling-commons-3.10.3.jar:/Users/mvvkiran/.m2/repository/com/typesafe/config/1.4.3/config-1.4.3.jar:/Users/mvvkiran/.m2/repository/io/github/metarank/cfor_2.13/0.3/cfor_2.13-0.3.jar:/Users/mvvkiran/.m2/repository/org/scala-lang/scala-reflect/2.13.10/scala-reflect-2.13.10.jar:/Users/mvvkiran/.m2/repository/com/typesafe/scala-logging/scala-logging_2.13/3.9.5/scala-logging_2.13-3.9.5.jar:/Users/mvvkiran/.m2/repository/io/gatling/gatling-shared-enterprise/3.10.3/gatling-shared-enterprise-3.10.3.jar:/Users/mvvkiran/.m2/repository/io/gatling/gatling-jsonpath/3.10.3/gatling-jsonpath-3.10.3.jar:/Users/mvvkiran/.m2/repository/io/gatling/gatling-shared-model_2.13/0.0.4/gatling-shared-model_2.13-0.0.4.jar:/Users/mvvkiran/.m2/repository/io/suzaku/boopickle_2.13/1.3.3/boopickle_2.13-1.3.3.jar:/Users/mvvkiran/.m2/repository/com/typesafe/akka/akka-actor_2.13/2.6.20/akka-actor_2.13-2.6.20.jar:/Users/mvvkiran/.m2/repository/org/scala-lang/modules/scala-java8-compat_2.13/1.0.0/scala-java8-compat_2.13-1.0.0.jar:/Users/mvvkiran/.m2/repository/com/typesafe/akka/akka-slf4j_2.13/2.6.20/akka-slf4j_2.13-2.6.20.jar:/Users/mvvkiran/.m2/repository/org/simpleflatmapper/lightning-csv/8.2.3/lightning-csv-8.2.3.jar:/Users/mvvkiran/.m2/repository/org/simpleflatmapper/sfm-util/8.2.3/sfm-util-8.2.3.jar:/Users/mvvkiran/.m2/repository/com/github/ben-manes/caffeine/caffeine/3.1.8/caffeine-3.1.8.jar:/Users/mvvkiran/.m2/repository/io/pebbletemplates/pebble/3.2.2/pebble-3.2.2.jar:/Users/mvvkiran/.m2/repository/org/unbescape/unbescape/1.1.6.RELEASE/unbescape-1.1.6.RELEASE.jar:/Users/mvvkiran/.m2/repository/org/scala-lang/modules/scala-parser-combinators_2.13/2.3.0/scala-parser-combinators_2.13-2.3.0.jar:/Users/mvvkiran/.m2/repository/com/github/scopt/scopt_2.13/3.7.1/scopt_2.13-3.7.1.jar:/Users/mvvkiran/.m2/repository/io/netty/netty-tcnative-classes/2.0.61.Final/netty-tcnative-classes-2.0.61.Final.jar:/Users/mvvkiran/.m2/repository/com/softwaremill/quicklens/quicklens_2.13/1.9.6/quicklens_2.13-1.9.6.jar:/Users/mvvkiran/.m2/repository/net/sf/saxon/Saxon-HE/10.6/Saxon-HE-10.6.jar:/Users/mvvkiran/.m2/repository/org/jodd/jodd-lagarto/6.0.6/jodd-lagarto-6.0.6.jar:/Users/mvvkiran/.m2/repository/org/jodd/jodd-util/6.2.2/jodd-util-6.2.2.jar:/Users/mvvkiran/.m2/repository/io/burt/jmespath-jackson/0.6.0/jmespath-jackson-0.6.0.jar:/Users/mvvkiran/.m2/repository/io/burt/jmespath-core/0.6.0/jmespath-core-0.6.0.jar:/Users/mvvkiran/.m2/repository/io/gatling/gatling-core-java/3.10.3/gatling-core-java-3.10.3.jar:/Users/mvvkiran/.m2/repository/net/jodah/typetools/0.6.3/typetools-0.6.3.jar:/Users/mvvkiran/.m2/repository/com/github/spotbugs/spotbugs-annotations/4.7.3/spotbugs-annotations-4.7.3.jar:/Users/mvvkiran/.m2/repository/io/gatling/gatling-http/3.10.3/gatling-http-3.10.3.jar:/Users/mvvkiran/.m2/repository/io/gatling/gatling-http-client/3.10.3/gatling-http-client-3.10.3.jar:/Users/mvvkiran/.m2/repository/io/netty/netty-resolver-dns/4.1.101.Final/netty-resolver-dns-4.1.101.Final.jar:/Users/mvvkiran/.m2/repository/io/netty/netty-codec-dns/4.1.101.Final/netty-codec-dns-4.1.101.Final.jar:/Users/mvvkiran/.m2/repository/io/netty/netty-resolver-dns-native-macos/4.1.101.Final/netty-resolver-dns-native-macos-4.1.101.Final-osx-x86_64.jar:/Users/mvvkiran/.m2/repository/io/netty/netty-resolver-dns-classes-macos/4.1.101.Final/netty-resolver-dns-classes-macos-4.1.101.Final.jar:/Users/mvvkiran/.m2/repository/io/netty/netty-resolver-dns-native-macos/4.1.101.Final/netty-resolver-dns-native-macos-4.1.101.Final-osx-aarch_64.jar:/Users/mvvkiran/.m2/repository/io/netty/netty-tcnative-boringssl-static/2.0.61.Final/netty-tcnative-boringssl-static-2.0.61.Final.jar:/Users/mvvkiran/.m2/repository/io/netty/netty-tcnative-boringssl-static/2.0.61.Final/netty-tcnative-boringssl-static-2.0.61.Final-linux-x86_64.jar:/Users/mvvkiran/.m2/repository/io/netty/netty-tcnative-boringssl-static/2.0.61.Final/netty-tcnative-boringssl-static-2.0.61.Final-linux-aarch_64.jar:/Users/mvvkiran/.m2/repository/io/netty/netty-tcnative-boringssl-static/2.0.61.Final/netty-tcnative-boringssl-static-2.0.61.Final-osx-x86_64.jar:/Users/mvvkiran/.m2/repository/io/netty/netty-tcnative-boringssl-static/2.0.61.Final/netty-tcnative-boringssl-static-2.0.61.Final-osx-aarch_64.jar:/Users/mvvkiran/.m2/repository/io/netty/netty-tcnative-boringssl-static/2.0.61.Final/netty-tcnative-boringssl-static-2.0.61.Final-windows-x86_64.jar:/Users/mvvkiran/.m2/repository/com/aayushatharva/brotli4j/brotli4j/1.13.0/brotli4j-1.13.0.jar:/Users/mvvkiran/.m2/repository/com/aayushatharva/brotli4j/service/1.13.0/service-1.13.0.jar:/Users/mvvkiran/.m2/repository/com/aayushatharva/brotli4j/native-linux-x86_64/1.13.0/native-linux-x86_64-1.13.0.jar:/Users/mvvkiran/.m2/repository/com/aayushatharva/brotli4j/native-linux-aarch64/1.13.0/native-linux-aarch64-1.13.0.jar:/Users/mvvkiran/.m2/repository/com/aayushatharva/brotli4j/native-osx-x86_64/1.13.0/native-osx-x86_64-1.13.0.jar:/Users/mvvkiran/.m2/repository/com/aayushatharva/brotli4j/native-osx-aarch64/1.13.0/native-osx-aarch64-1.13.0.jar:/Users/mvvkiran/.m2/repository/com/aayushatharva/brotli4j/native-windows-x86_64/1.13.0/native-windows-x86_64-1.13.0.jar:/Users/mvvkiran/.m2/repository/io/gatling/gatling-http-java/3.10.3/gatling-http-java-3.10.3.jar:/Users/mvvkiran/.m2/repository/io/gatling/gatling-jms/3.10.3/gatling-jms-3.10.3.jar:/Users/mvvkiran/.m2/repository/javax/jms/javax.jms-api/2.0.1/javax.jms-api-2.0.1.jar:/Users/mvvkiran/.m2/repository/com/eatthepath/fast-uuid/0.2.0/fast-uuid-0.2.0.jar:/Users/mvvkiran/.m2/repository/io/gatling/gatling-jms-java/3.10.3/gatling-jms-java-3.10.3.jar:/Users/mvvkiran/.m2/repository/io/gatling/gatling-mqtt/3.10.3/gatling-mqtt-3.10.3.jar:/Users/mvvkiran/.m2/repository/io/netty/netty-codec-mqtt/4.1.101.Final/netty-codec-mqtt-4.1.101.Final.jar:/Users/mvvkiran/.m2/repository/io/netty/netty-transport-native-epoll/4.1.101.Final/netty-transport-native-epoll-4.1.101.Final-linux-x86_64.jar:/Users/mvvkiran/.m2/repository/io/netty/netty-transport-classes-epoll/4.1.101.Final/netty-transport-classes-epoll-4.1.101.Final.jar:/Users/mvvkiran/.m2/repository/io/netty/netty-transport-native-epoll/4.1.101.Final/netty-transport-native-epoll-4.1.101.Final-linux-aarch_64.jar:/Users/mvvkiran/.m2/repository/io/gatling/gatling-mqtt-java/3.10.3/gatling-mqtt-java-3.10.3.jar:/Users/mvvkiran/.m2/repository/io/gatling/gatling-jdbc/3.10.3/gatling-jdbc-3.10.3.jar:/Users/mvvkiran/.m2/repository/io/gatling/gatling-jdbc-java/3.10.3/gatling-jdbc-java-3.10.3.jar:/Users/mvvkiran/.m2/repository/io/gatling/gatling-redis/3.10.3/gatling-redis-3.10.3.jar:/Users/mvvkiran/.m2/repository/net/debasishg/redisclient_2.13/3.42/redisclient_2.13-3.42.jar:/Users/mvvkiran/.m2/repository/org/apache/commons/commons-pool2/2.12.0/commons-pool2-2.12.0.jar:/Users/mvvkiran/.m2/repository/io/gatling/gatling-redis-java/3.10.3/gatling-redis-java-3.10.3.jar:/Users/mvvkiran/.m2/repository/io/gatling/gatling-graphite/3.10.3/gatling-graphite-3.10.3.jar:/Users/mvvkiran/.m2/repository/org/hdrhistogram/HdrHistogram/2.1.12/HdrHistogram-2.1.12.jar:/Users/mvvkiran/.m2/repository/io/gatling/gatling-charts/3.10.3/gatling-charts-3.10.3.jar:/Users/mvvkiran/.m2/repository/com/tdunning/t-digest/3.1/t-digest-3.1.jar:/Users/mvvkiran/.m2/repository/io/gatling/highcharts/gatling-charts-highcharts/3.10.3/gatling-charts-highcharts-3.10.3.jar:/Users/mvvkiran/.m2/repository/io/gatling/gatling-recorder/3.10.3/gatling-recorder-3.10.3.jar:/Users/mvvkiran/.m2/repository/org/scala-lang/modules/scala-swing_2.13/3.0.0/scala-swing_2.13-3.0.0.jar:/Users/mvvkiran/.m2/repository/io/gatling/gatling-recorder-bc-shaded/1.77.0/gatling-recorder-bc-shaded-1.77.0.jar:/Users/mvvkiran/.m2/repository/io/netty/netty-codec-http/4.1.101.Final/netty-codec-http-4.1.101.Final.jar:"/>
    <property name="sun.cpu.endian" value="little"/>
    <property name="user.home" value="/Users/mvvkiran"/>
    <property name="user.language" value="en"/>
    <property name="java.specification.vendor" value="Oracle Corporation"/>
    <property name="java.version.date" value="2025-07-15"/>
    <property name="java.home" value="/opt/homebrew/Cellar/openjdk/24.0.2/libexec/openjdk.jdk/Contents/Home"/>
    <property name="file.separator" value="/"/>
    <property name="basedir" value="/Users/mvvkiran/Workspace/ExampleApplicationWithTDD"/>
    <property name="java.vm.compressedOopsMode" value="Zero based"/>
    <property name="line.separator" value="&#10;"/>
    <property name="java.vm.specification.vendor" value="Oracle Corporation"/>
    <property name="java.specification.name" value="Java Platform API Specification"/>
    <property name="FILE_LOG_CHARSET" value="UTF-8"/>
    <property name="java.awt.headless" value="true"/>
    <property name="apple.awt.application.name" value="ForkedBooter"/>
    <property name="surefire.real.class.path" value="/Users/mvvkiran/Workspace/ExampleApplicationWithTDD/target/surefire/surefirebooter-20250814202625530_3.jar"/>
    <property name="sun.management.compiler" value="HotSpot 64-Bit Tiered Compilers"/>
    <property name="ftp.nonProxyHosts" value="local|*.local|169.254/16|*.169.254/16"/>
    <property name="java.runtime.version" value="24.0.2"/>
    <property name="user.name" value="mvvkiran"/>
    <property name="stdout.encoding" value="UTF-8"/>
    <property name="path.separator" value=":"/>
    <property name="os.version" value="15.6"/>
    <property name="java.runtime.name" value="OpenJDK Runtime Environment"/>
    <property name="file.encoding" value="UTF-8"/>
    <property name="java.vm.name" value="OpenJDK 64-Bit Server VM"/>
    <property name="java.vendor.version" value="Homebrew"/>
    <property name="localRepository" value="/Users/mvvkiran/.m2/repository"/>
    <property name="java.vendor.url.bug" value="https://github.com/Homebrew/homebrew-core/issues"/>
    <property name="java.io.tmpdir" value="/var/folders/22/fb3lvtq50697hsxlhbh9_lnm0000gn/T/"/>
    <property name="catalina.home" value="/private/var/folders/22/fb3lvtq50697hsxlhbh9_lnm0000gn/T/tomcat.0.4921181845552198136"/>
    <property name="com.zaxxer.hikari.pool_number" value="4"/>
    <property name="java.version" value="24.0.2"/>
    <property name="user.dir" value="/Users/mvvkiran/Workspace/ExampleApplicationWithTDD"/>
    <property name="os.arch" value="aarch64"/>
    <property name="java.vm.specification.name" value="Java Virtual Machine Specification"/>
    <property name="PID" value="15133"/>
    <property name="CONSOLE_LOG_CHARSET" value="UTF-8"/>
    <property name="catalina.base" value="/private/var/folders/22/fb3lvtq50697hsxlhbh9_lnm0000gn/T/tomcat.0.6669084899029576723"/>
    <property name="native.encoding" value="UTF-8"/>
    <property name="java.library.path" value="/Users/mvvkiran/Library/Java/Extensions:/Library/Java/Extensions:/Network/Library/Java/Extensions:/System/Library/Java/Extensions:/usr/lib/java:."/>
    <property name="java.vm.info" value="mixed mode, sharing"/>
    <property name="stderr.encoding" value="UTF-8"/>
    <property name="java.vendor" value="Homebrew"/>
    <property name="java.vm.version" value="24.0.2"/>
    <property name="sun.io.unicode.encoding" value="UnicodeBig"/>
    <property name="socksNonProxyHosts" value="local|*.local|169.254/16|*.169.254/16"/>
    <property name="java.class.version" value="68.0"/>
    <property name="CONSOLE_LOG_PATTERN" value="%d{yyyy-MM-dd HH:mm:ss} - %msg%n"/>
    <property name="LOGGED_APPLICATION_NAME" value="[auto-insurance-api] "/>
  </properties>
  <testcase name="shouldMaintainPerformanceWithDifferentQuoteTypes" classname="com.autoinsurance.performance.QuotePerformanceTest" time="0.093">
    <system-out><![CDATA[2025-08-14 20:26:32 - Could not detect default configuration classes for test class [com.autoinsurance.performance.QuotePerformanceTest]: QuotePerformanceTest does not declare any static, non-private, non-final, nested classes annotated with @Configuration.
2025-08-14 20:26:32 - Found @SpringBootConfiguration com.autoinsurance.AutoInsuranceApiApplication for test class com.autoinsurance.performance.QuotePerformanceTest

  .   ____          _            __ _ _
 /\\ / ___'_ __ _ _(_)_ __  __ _ \ \ \ \
( ( )\___ | '_ | '_| | '_ \/ _` | \ \ \ \
 \\/  ___)| |_)| | | | | || (_| |  ) ) ) )
  '  |____| .__|_| |_|_| |_\__, | / / / /
 =========|_|==============|___/=/_/_/_/
&amp#27;[32m :: Spring Boot :: &amp#27;[39m              &amp#27;[2m (v3.2.0)&amp#27;[0;39m

2025-08-14 20:26:32 - 

Found multiple occurrences of org.json.JSONObject on the class path:

	jar:file:/Users/mvvkiran/.m2/repository/com/vaadin/external/google/android-json/0.0.20131108.vaadin1/android-json-0.0.20131108.vaadin1.jar!/org/json/JSONObject.class
	jar:file:/Users/mvvkiran/.m2/repository/org/json/json/20230227/json-20230227.jar!/org/json/JSONObject.class

You may wish to exclude one of them to ensure predictable runtime behavior

2025-08-14 20:26:32 - Starting QuotePerformanceTest using Java 24.0.2 with PID 15133 (started by mvvkiran in /Users/mvvkiran/Workspace/ExampleApplicationWithTDD)
2025-08-14 20:26:32 - Running with Spring Boot v3.2.0, Spring v6.1.1
2025-08-14 20:26:32 - No active profile set, falling back to 1 default profile: "default"
2025-08-14 20:26:32 - Refreshing org.springframework.web.context.support.GenericWebApplicationContext@2b9b907e
2025-08-14 20:26:32 - Bootstrapping Spring Data JPA repositories in DEFAULT mode.
2025-08-14 20:26:32 - Finished Spring Data repository scanning in 3 ms. Found 1 JPA repository interface.
2025-08-14 20:26:32 - HHH000204: Processing PersistenceUnitInfo [name: default]
2025-08-14 20:26:32 - HHH000026: Second-level cache disabled
2025-08-14 20:26:32 - No LoadTimeWeaver setup: ignoring JPA class transformer
2025-08-14 20:26:32 - HikariPool-4 - Starting...
2025-08-14 20:26:32 - HikariPool-4 - Added connection conn30: url=jdbc:h2:mem:testdb user=SA
2025-08-14 20:26:32 - HikariPool-4 - Start completed.
2025-08-14 20:26:32 - HHH90000025: H2Dialect does not need to be specified explicitly using 'hibernate.dialect' (remove the property setting and it will be selected by default)
2025-08-14 20:26:32 - HHH000489: No JTA platform available (set 'hibernate.transaction.jta.platform' to enable JTA platform integration)
2025-08-14 20:26:32 - 
    drop table if exists quote_discounts cascade 
2025-08-14 20:26:32 - 
    drop table if exists quotes cascade 
2025-08-14 20:26:32 - 
    create table quote_discounts (
        discount_description varchar(255),
        quote_id varchar(255) not null
    )
2025-08-14 20:26:32 - 
    create table quotes (
        coverage_amount numeric(38,2) not null,
        deductible numeric(38,2) not null,
        monthly_premium numeric(38,2) not null,
        premium numeric(38,2) not null,
        valid_until date not null,
        vehicle_current_value numeric(38,2) not null,
        vehicle_year integer not null,
        created_at timestamp(6) not null,
        id varchar(255) not null,
        primary_driver_license varchar(255) not null,
        primary_driver_name varchar(255) not null,
        vehicle_make varchar(255) not null,
        vehicle_model varchar(255) not null,
        vehicle_vin varchar(255) not null,
        primary key (id)
    )
2025-08-14 20:26:32 - 
    alter table if exists quote_discounts 
       add constraint FK1h7jxtsqsdn673awsiyn0jarm 
       foreign key (quote_id) 
       references quotes
2025-08-14 20:26:32 - Initialized JPA EntityManagerFactory for persistence unit 'default'
2025-08-14 20:26:33 - Exposing 3 endpoint(s) beneath base path '/actuator'
2025-08-14 20:26:33 - spring.jpa.open-in-view is enabled by default. Therefore, database queries may be performed during view rendering. Explicitly configure spring.jpa.open-in-view to disable this warning
2025-08-14 20:26:33 - 

Using generated security password: 5a1d9415-2e6d-4550-82f2-108fb277d253

This generated password is for development use only. Your security configuration must be updated before running your application in production.

2025-08-14 20:26:33 - 11 mappings in 'requestMappingHandlerMapping'
2025-08-14 20:26:33 - Patterns [/webjars/**, /**, /swagger-ui*/*swagger-initializer.js, /swagger-ui*/**] in 'resourceHandlerMapping'
2025-08-14 20:26:33 - Will secure any request with [org.springframework.security.web.session.DisableEncodeUrlFilter@b824619, org.springframework.security.web.context.request.async.WebAsyncManagerIntegrationFilter@b9ac126, org.springframework.security.web.context.SecurityContextHolderFilter@275b2f3b, org.springframework.security.web.header.HeaderWriterFilter@6641651a, org.springframework.web.filter.CorsFilter@501ac01d, org.springframework.security.web.authentication.logout.LogoutFilter@671d1b4d, org.springframework.security.web.savedrequest.RequestCacheAwareFilter@185419b7, org.springframework.security.web.servletapi.SecurityContextHolderAwareRequestFilter@78d6385c, org.springframework.security.web.authentication.AnonymousAuthenticationFilter@11c2e444, org.springframework.security.web.access.ExceptionTranslationFilter@31bfaee1, org.springframework.security.web.access.intercept.AuthorizationFilter@53c8aff1]
2025-08-14 20:26:33 - ControllerAdvice beans: 0 @ModelAttribute, 0 @InitBinder, 1 RequestBodyAdvice, 1 ResponseBodyAdvice
2025-08-14 20:26:33 - ControllerAdvice beans: 2 @ExceptionHandler, 1 ResponseBodyAdvice
2025-08-14 20:26:33 - H2 console available at '/h2-console'. Database available at 'jdbc:h2:mem:testdb'
2025-08-14 20:26:33 - Filter 'webMvcObservationFilter' configured for use
2025-08-14 20:26:33 - Initializing Spring TestDispatcherServlet ''
2025-08-14 20:26:33 - Initializing Servlet ''
2025-08-14 20:26:33 - Completed initialization in 1 ms
2025-08-14 20:26:33 - Started QuotePerformanceTest in 0.39 seconds (process running for 7.667)
2025-08-14 20:26:33 - Securing POST /api/v1/quotes
2025-08-14 20:26:33 - Cache miss for REQUEST dispatch to '/api/v1/quotes' (previous null). Performing CorsConfiguration lookup. This is logged once only at WARN level, and every time at TRACE.
2025-08-14 20:26:33 - Secured POST /api/v1/quotes
2025-08-14 20:26:33 - Mapped to com.autoinsurance.quote.controller.QuoteController#createQuote(QuoteRequestDto)
2025-08-14 20:26:33 - Read "application/json;charset=UTF-8" to [com.autoinsurance.quote.dto.QuoteRequestDto@7fd04b72]
2025-08-14 20:26:33 - Creating new quote request
2025-08-14 20:26:33 - Starting quote generation process
2025-08-14 20:26:33 - Starting validation for quote request
2025-08-14 20:26:33 - Vehicle validation completed for VIN: JTDEPRAE8JJ123456
2025-08-14 20:26:33 - Driver validation completed for: Alex Young
2025-08-14 20:26:33 - Quote request validation completed successfully
2025-08-14 20:26:33 - Quote validation successful for vehicle VIN: JTDEPRAE8JJ123456 and primary driver: Alex Young
2025-08-14 20:26:33 - Calculating base premium for coverage amount: 75000.00
2025-08-14 20:26:33 - Calculating discounts for quote request
2025-08-14 20:26:33 - Calculating base premium for coverage amount: 75000.00
2025-08-14 20:26:33 - Total discount applied: 0% ($0.00) for quote
2025-08-14 20:26:33 - 
    select
        q1_0.id,
        q1_0.coverage_amount,
        q1_0.created_at,
        q1_0.deductible,
        q1_0.monthly_premium,
        q1_0.premium,
        q1_0.primary_driver_license,
        q1_0.primary_driver_name,
        q1_0.valid_until,
        q1_0.vehicle_current_value,
        q1_0.vehicle_make,
        q1_0.vehicle_model,
        q1_0.vehicle_vin,
        q1_0.vehicle_year 
    from
        quotes q1_0 
    where
        q1_0.id=?
2025-08-14 20:26:33 - 
    insert 
    into
        quotes
        (coverage_amount, created_at, deductible, monthly_premium, premium, primary_driver_license, primary_driver_name, valid_until, vehicle_current_value, vehicle_make, vehicle_model, vehicle_vin, vehicle_year, id) 
    values
        (?, ?, ?, ?, ?, ?, ?, ?, ?, ?, ?, ?, ?, ?)
2025-08-14 20:26:33 - Quote successfully generated with ID: c7a02f92-517b-4cad-9236-2d51612cb8e8, premium: 1282.50, VIN: JTDEPRAE8JJ123456
2025-08-14 20:26:33 - Quote created with ID: c7a02f92-517b-4cad-9236-2d51612cb8e8 and premium: 1282.50
2025-08-14 20:26:33 - Using 'application/json', given [*/*] and supported [application/json]
2025-08-14 20:26:33 - Writing [com.autoinsurance.quote.dto.QuoteResponseDto@3b07aa78]
2025-08-14 20:26:33 - Set SecurityContextHolder to anonymous SecurityContext
2025-08-14 20:26:33 - Securing POST /api/v1/quotes
2025-08-14 20:26:33 - Secured POST /api/v1/quotes
2025-08-14 20:26:33 - Mapped to com.autoinsurance.quote.controller.QuoteController#createQuote(QuoteRequestDto)
2025-08-14 20:26:33 - Read "application/json;charset=UTF-8" to [com.autoinsurance.quote.dto.QuoteRequestDto@6ed659aa]
2025-08-14 20:26:33 - Creating new quote request
2025-08-14 20:26:33 - Starting quote generation process
2025-08-14 20:26:33 - Starting validation for quote request
2025-08-14 20:26:33 - Vehicle validation completed for VIN: 1FTFW1ET5MFA12345
2025-08-14 20:26:33 - Driver validation completed for: Sarah Standard
2025-08-14 20:26:33 - Quote request validation completed successfully
2025-08-14 20:26:33 - Quote validation successful for vehicle VIN: 1FTFW1ET5MFA12345 and primary driver: Sarah Standard
2025-08-14 20:26:33 - Calculating base premium for coverage amount: 150000.00
2025-08-14 20:26:33 - Calculating discounts for quote request
2025-08-14 20:26:33 - Calculating base premium for coverage amount: 150000.00
2025-08-14 20:26:33 - Total discount applied: 0% ($0.00) for quote
2025-08-14 20:26:33 - 
    select
        q1_0.id,
        q1_0.coverage_amount,
        q1_0.created_at,
        q1_0.deductible,
        q1_0.monthly_premium,
        q1_0.premium,
        q1_0.primary_driver_license,
        q1_0.primary_driver_name,
        q1_0.valid_until,
        q1_0.vehicle_current_value,
        q1_0.vehicle_make,
        q1_0.vehicle_model,
        q1_0.vehicle_vin,
        q1_0.vehicle_year 
    from
        quotes q1_0 
    where
        q1_0.id=?
2025-08-14 20:26:33 - 
    insert 
    into
        quotes
        (coverage_amount, created_at, deductible, monthly_premium, premium, primary_driver_license, primary_driver_name, valid_until, vehicle_current_value, vehicle_make, vehicle_model, vehicle_vin, vehicle_year, id) 
    values
        (?, ?, ?, ?, ?, ?, ?, ?, ?, ?, ?, ?, ?, ?)
2025-08-14 20:26:33 - Quote successfully generated with ID: 51f54a83-4cc1-4eb5-ab9b-8274a8683565, premium: 769.50, VIN: 1FTFW1ET5MFA12345
2025-08-14 20:26:33 - Quote created with ID: 51f54a83-4cc1-4eb5-ab9b-8274a8683565 and premium: 769.50
2025-08-14 20:26:33 - Using 'application/json', given [*/*] and supported [application/json]
2025-08-14 20:26:33 - Writing [com.autoinsurance.quote.dto.QuoteResponseDto@45de4601]
2025-08-14 20:26:33 - Set SecurityContextHolder to anonymous SecurityContext
2025-08-14 20:26:33 - Securing POST /api/v1/quotes
2025-08-14 20:26:33 - Secured POST /api/v1/quotes
2025-08-14 20:26:33 - Mapped to com.autoinsurance.quote.controller.QuoteController#createQuote(QuoteRequestDto)
2025-08-14 20:26:33 - Read "application/json;charset=UTF-8" to [com.autoinsurance.quote.dto.QuoteRequestDto@248b77bf]
2025-08-14 20:26:33 - Creating new quote request
2025-08-14 20:26:33 - Starting quote generation process
2025-08-14 20:26:33 - Starting validation for quote request
2025-08-14 20:26:33 - Vehicle validation completed for VIN: 5UXCR6C03P9K12345
2025-08-14 20:26:33 - Driver validation completed for: Robert Experienced
2025-08-14 20:26:33 - Quote request validation completed successfully
2025-08-14 20:26:33 - Quote validation successful for vehicle VIN: 5UXCR6C03P9K12345 and primary driver: Robert Experienced
2025-08-14 20:26:33 - Calculating base premium for coverage amount: 250000.00
2025-08-14 20:26:33 - Calculating discounts for quote request
2025-08-14 20:26:33 - Calculating base premium for coverage amount: 250000.00
2025-08-14 20:26:33 - Total discount applied: 0% ($0.00) for quote
2025-08-14 20:26:33 - 
    select
        q1_0.id,
        q1_0.coverage_amount,
        q1_0.created_at,
        q1_0.deductible,
        q1_0.monthly_premium,
        q1_0.premium,
        q1_0.primary_driver_license,
        q1_0.primary_driver_name,
        q1_0.valid_until,
        q1_0.vehicle_current_value,
        q1_0.vehicle_make,
        q1_0.vehicle_model,
        q1_0.vehicle_vin,
        q1_0.vehicle_year 
    from
        quotes q1_0 
    where
        q1_0.id=?
2025-08-14 20:26:33 - 
    insert 
    into
        quotes
        (coverage_amount, created_at, deductible, monthly_premium, premium, primary_driver_license, primary_driver_name, valid_until, vehicle_current_value, vehicle_make, vehicle_model, vehicle_vin, vehicle_year, id) 
    values
        (?, ?, ?, ?, ?, ?, ?, ?, ?, ?, ?, ?, ?, ?)
2025-08-14 20:26:33 - Quote successfully generated with ID: 56705294-196b-44a1-ba46-1930e374dea5, premium: 617.50, VIN: 5UXCR6C03P9K12345
2025-08-14 20:26:33 - Quote created with ID: 56705294-196b-44a1-ba46-1930e374dea5 and premium: 617.50
2025-08-14 20:26:33 - Using 'application/json', given [*/*] and supported [application/json]
2025-08-14 20:26:33 - Writing [com.autoinsurance.quote.dto.QuoteResponseDto@61bfe937]
2025-08-14 20:26:33 - Set SecurityContextHolder to anonymous SecurityContext
=== QUOTE TYPE PERFORMANCE ===
Young driver: 81ms
Standard driver: 4ms
Experienced driver: 3ms
Average: 29.33ms
Standard deviation: 36.54ms
]]></system-out>
    <system-err><![CDATA[java.lang.instrument.IllegalClassFormatException: Error while instrumenting java/sql/ResultSetMetaData with JaCoCo 0.8.11.202310140853/f33756c.
	at org.jacoco.agent.rt.internal_4742761.CoverageTransformer.transform(CoverageTransformer.java:94)
	at java.instrument/java.lang.instrument.ClassFileTransformer.transform(ClassFileTransformer.java:257)
	at java.instrument/sun.instrument.TransformerManager.transform(TransformerManager.java:188)
	at java.instrument/sun.instrument.InstrumentationImpl.transform(InstrumentationImpl.java:594)
	at java.base/java.lang.ClassLoader.defineClass2(Native Method)
	at java.base/java.lang.ClassLoader.defineClass(ClassLoader.java:1052)
	at java.base/java.security.SecureClassLoader.defineClass(SecureClassLoader.java:164)
	at java.base/jdk.internal.loader.BuiltinClassLoader.defineClass(BuiltinClassLoader.java:735)
	at java.base/jdk.internal.loader.BuiltinClassLoader.findClassInModuleOrNull(BuiltinClassLoader.java:678)
	at java.base/jdk.internal.loader.BuiltinClassLoader.loadClassOrNull(BuiltinClassLoader.java:604)
	at java.base/jdk.internal.loader.BuiltinClassLoader.loadClassOrNull(BuiltinClassLoader.java:639)
	at java.base/jdk.internal.loader.BuiltinClassLoader.loadClassOrNull(BuiltinClassLoader.java:608)
	at java.base/jdk.internal.loader.BuiltinClassLoader.loadClass(BuiltinClassLoader.java:578)
	at java.base/java.lang.ClassLoader.loadClass(ClassLoader.java:490)
	at org.h2.jdbc.JdbcConnection.prepareStatement(JdbcConnection.java:316)
	at com.zaxxer.hikari.pool.ProxyConnection.prepareStatement(ProxyConnection.java:327)
	at com.zaxxer.hikari.pool.HikariProxyConnection.prepareStatement(HikariProxyConnection.java)
	at org.hibernate.engine.jdbc.internal.StatementPreparerImpl$5.doPrepare(StatementPreparerImpl.java:150)
	at org.hibernate.engine.jdbc.internal.StatementPreparerImpl$StatementPreparationTemplate.prepareStatement(StatementPreparerImpl.java:177)
	at org.hibernate.engine.jdbc.internal.StatementPreparerImpl.prepareQueryStatement(StatementPreparerImpl.java:152)
	at org.hibernate.sql.exec.internal.JdbcSelectExecutorStandardImpl.lambda$list$0(JdbcSelectExecutorStandardImpl.java:102)
	at org.hibernate.sql.results.jdbc.internal.DeferredResultSetAccess.executeQuery(DeferredResultSetAccess.java:227)
	at org.hibernate.sql.results.jdbc.internal.DeferredResultSetAccess.getResultSet(DeferredResultSetAccess.java:164)
	at org.hibernate.sql.results.jdbc.internal.JdbcValuesResultSetImpl.advanceNext(JdbcValuesResultSetImpl.java:218)
	at org.hibernate.sql.results.jdbc.internal.JdbcValuesResultSetImpl.processNext(JdbcValuesResultSetImpl.java:98)
	at org.hibernate.sql.results.jdbc.internal.AbstractJdbcValues.next(AbstractJdbcValues.java:19)
	at org.hibernate.sql.results.internal.RowProcessingStateStandardImpl.next(RowProcessingStateStandardImpl.java:66)
	at org.hibernate.sql.results.spi.ListResultsConsumer.consume(ListResultsConsumer.java:180)
	at org.hibernate.sql.results.spi.ListResultsConsumer.consume(ListResultsConsumer.java:33)
	at org.hibernate.sql.exec.internal.JdbcSelectExecutorStandardImpl.doExecuteQuery(JdbcSelectExecutorStandardImpl.java:361)
	at org.hibernate.sql.exec.internal.JdbcSelectExecutorStandardImpl.executeQuery(JdbcSelectExecutorStandardImpl.java:168)
	at org.hibernate.sql.exec.internal.JdbcSelectExecutorStandardImpl.list(JdbcSelectExecutorStandardImpl.java:93)
	at org.hibernate.sql.exec.spi.JdbcSelectExecutor.list(JdbcSelectExecutor.java:31)
	at org.hibernate.loader.ast.internal.SingleIdLoadPlan.load(SingleIdLoadPlan.java:145)
	at org.hibernate.loader.ast.internal.SingleIdLoadPlan.load(SingleIdLoadPlan.java:117)
	at org.hibernate.loader.ast.internal.SingleIdEntityLoaderStandardImpl.load(SingleIdEntityLoaderStandardImpl.java:75)
	at org.hibernate.persister.entity.AbstractEntityPersister.doLoad(AbstractEntityPersister.java:3673)
	at org.hibernate.persister.entity.AbstractEntityPersister.load(AbstractEntityPersister.java:3662)
	at org.hibernate.event.internal.DefaultLoadEventListener.loadFromDatasource(DefaultLoadEventListener.java:591)
	at org.hibernate.event.internal.DefaultLoadEventListener.loadFromCacheOrDatasource(DefaultLoadEventListener.java:577)
	at org.hibernate.event.internal.DefaultLoadEventListener.load(DefaultLoadEventListener.java:547)
	at org.hibernate.event.internal.DefaultLoadEventListener.doLoad(DefaultLoadEventListener.java:531)
	at org.hibernate.event.internal.DefaultLoadEventListener.load(DefaultLoadEventListener.java:206)
	at org.hibernate.event.internal.DefaultLoadEventListener.loadWithRegularProxy(DefaultLoadEventListener.java:286)
	at org.hibernate.event.internal.DefaultLoadEventListener.proxyOrLoad(DefaultLoadEventListener.java:241)
	at org.hibernate.event.internal.DefaultLoadEventListener.doOnLoad(DefaultLoadEventListener.java:110)
	at org.hibernate.event.internal.DefaultLoadEventListener.onLoad(DefaultLoadEventListener.java:67)
	at org.hibernate.event.service.internal.EventListenerGroupImpl.fireEventOnEachListener(EventListenerGroupImpl.java:138)
	at org.hibernate.internal.SessionImpl.fireLoadNoChecks(SessionImpl.java:1234)
	at org.hibernate.internal.SessionImpl.fireLoad(SessionImpl.java:1222)
	at org.hibernate.loader.internal.IdentifierLoadAccessImpl.load(IdentifierLoadAccessImpl.java:209)
	at org.hibernate.loader.internal.IdentifierLoadAccessImpl.doLoad(IdentifierLoadAccessImpl.java:160)
	at org.hibernate.loader.internal.IdentifierLoadAccessImpl.lambda$load$1(IdentifierLoadAccessImpl.java:149)
	at org.hibernate.loader.internal.IdentifierLoadAccessImpl.perform(IdentifierLoadAccessImpl.java:112)
	at org.hibernate.loader.internal.IdentifierLoadAccessImpl.load(IdentifierLoadAccessImpl.java:149)
	at org.hibernate.internal.SessionImpl.get(SessionImpl.java:1035)
	at org.hibernate.event.internal.DefaultMergeEventListener.lambda$entityIsDetached$0(DefaultMergeEventListener.java:336)
	at org.hibernate.engine.spi.LoadQueryInfluencers.fromInternalFetchProfile(LoadQueryInfluencers.java:110)
	at org.hibernate.event.internal.DefaultMergeEventListener.entityIsDetached(DefaultMergeEventListener.java:334)
	at org.hibernate.event.internal.DefaultMergeEventListener.merge(DefaultMergeEventListener.java:150)
	at org.hibernate.event.internal.DefaultMergeEventListener.doMerge(DefaultMergeEventListener.java:143)
	at org.hibernate.event.internal.DefaultMergeEventListener.onMerge(DefaultMergeEventListener.java:127)
	at org.hibernate.event.internal.DefaultMergeEventListener.onMerge(DefaultMergeEventListener.java:81)
	at org.hibernate.event.service.internal.EventListenerGroupImpl.fireEventOnEachListener(EventListenerGroupImpl.java:127)
	at org.hibernate.internal.SessionImpl.fireMerge(SessionImpl.java:859)
	at org.hibernate.internal.SessionImpl.merge(SessionImpl.java:845)
	at java.base/jdk.internal.reflect.DirectMethodHandleAccessor.invoke(DirectMethodHandleAccessor.java:104)
	at java.base/java.lang.reflect.Method.invoke(Method.java:565)
	at org.springframework.orm.jpa.ExtendedEntityManagerCreator$ExtendedEntityManagerInvocationHandler.invoke(ExtendedEntityManagerCreator.java:360)
	at jdk.proxy2/jdk.proxy2.$Proxy193.merge(Unknown Source)
	at java.base/jdk.internal.reflect.DirectMethodHandleAccessor.invoke(DirectMethodHandleAccessor.java:104)
	at java.base/java.lang.reflect.Method.invoke(Method.java:565)
	at org.springframework.orm.jpa.SharedEntityManagerCreator$SharedEntityManagerInvocationHandler.invoke(SharedEntityManagerCreator.java:311)
	at jdk.proxy2/jdk.proxy2.$Proxy193.merge(Unknown Source)
	at org.springframework.data.jpa.repository.support.SimpleJpaRepository.save(SimpleJpaRepository.java:621)
	at java.base/jdk.internal.reflect.DirectMethodHandleAccessor.invoke(DirectMethodHandleAccessor.java:104)
	at java.base/java.lang.reflect.Method.invoke(Method.java:565)
	at org.springframework.aop.support.AopUtils.invokeJoinpointUsingReflection(AopUtils.java:352)
	at org.springframework.data.repository.core.support.RepositoryMethodInvoker$RepositoryFragmentMethodInvoker.lambda$new$0(RepositoryMethodInvoker.java:277)
	at org.springframework.data.repository.core.support.RepositoryMethodInvoker.doInvoke(RepositoryMethodInvoker.java:170)
	at org.springframework.data.repository.core.support.RepositoryMethodInvoker.invoke(RepositoryMethodInvoker.java:158)
	at org.springframework.data.repository.core.support.RepositoryComposition$RepositoryFragments.invoke(RepositoryComposition.java:516)
	at org.springframework.data.repository.core.support.RepositoryComposition.invoke(RepositoryComposition.java:285)
	at org.springframework.data.repository.core.support.RepositoryFactorySupport$ImplementationMethodExecutionInterceptor.invoke(RepositoryFactorySupport.java:628)
	at org.springframework.aop.framework.ReflectiveMethodInvocation.proceed(ReflectiveMethodInvocation.java:184)
	at org.springframework.data.repository.core.support.QueryExecutorMethodInterceptor.doInvoke(QueryExecutorMethodInterceptor.java:168)
	at org.springframework.data.repository.core.support.QueryExecutorMethodInterceptor.invoke(QueryExecutorMethodInterceptor.java:143)
	at org.springframework.aop.framework.ReflectiveMethodInvocation.proceed(ReflectiveMethodInvocation.java:184)
	at org.springframework.data.projection.DefaultMethodInvokingMethodInterceptor.invoke(DefaultMethodInvokingMethodInterceptor.java:70)
	at org.springframework.aop.framework.ReflectiveMethodInvocation.proceed(ReflectiveMethodInvocation.java:184)
	at org.springframework.transaction.interceptor.TransactionInterceptor$1.proceedWithInvocation(TransactionInterceptor.java:123)
	at org.springframework.transaction.interceptor.TransactionAspectSupport.invokeWithinTransaction(TransactionAspectSupport.java:385)
	at org.springframework.transaction.interceptor.TransactionInterceptor.invoke(TransactionInterceptor.java:119)
	at org.springframework.aop.framework.ReflectiveMethodInvocation.proceed(ReflectiveMethodInvocation.java:184)
	at org.springframework.dao.support.PersistenceExceptionTranslationInterceptor.invoke(PersistenceExceptionTranslationInterceptor.java:137)
	at org.springframework.aop.framework.ReflectiveMethodInvocation.proceed(ReflectiveMethodInvocation.java:184)
	at org.springframework.data.jpa.repository.support.CrudMethodMetadataPostProcessor$CrudMethodMetadataPopulatingMethodInterceptor.invoke(CrudMethodMetadataPostProcessor.java:164)
	at org.springframework.aop.framework.ReflectiveMethodInvocation.proceed(ReflectiveMethodInvocation.java:184)
	at org.springframework.aop.interceptor.ExposeInvocationInterceptor.invoke(ExposeInvocationInterceptor.java:97)
	at org.springframework.aop.framework.ReflectiveMethodInvocation.proceed(ReflectiveMethodInvocation.java:184)
	at org.springframework.aop.framework.JdkDynamicAopProxy.invoke(JdkDynamicAopProxy.java:249)
	at jdk.proxy2/jdk.proxy2.$Proxy197.save(Unknown Source)
	at com.autoinsurance.quote.service.QuoteServiceImpl.generateQuote(QuoteServiceImpl.java:67)
	at java.base/jdk.internal.reflect.DirectMethodHandleAccessor.invoke(DirectMethodHandleAccessor.java:104)
	at java.base/java.lang.reflect.Method.invoke(Method.java:565)
	at org.springframework.aop.support.AopUtils.invokeJoinpointUsingReflection(AopUtils.java:352)
	at org.springframework.aop.framework.CglibAopProxy$DynamicAdvisedInterceptor.intercept(CglibAopProxy.java:713)
	at com.autoinsurance.quote.service.QuoteServiceImpl$$SpringCGLIB$$0.generateQuote(<generated>)
	at com.autoinsurance.quote.controller.QuoteController.createQuote(QuoteController.java:191)
	at java.base/jdk.internal.reflect.DirectMethodHandleAccessor.invoke(DirectMethodHandleAccessor.java:104)
	at java.base/java.lang.reflect.Method.invoke(Method.java:565)
	at org.springframework.web.method.support.InvocableHandlerMethod.doInvoke(InvocableHandlerMethod.java:254)
	at org.springframework.web.method.support.InvocableHandlerMethod.invokeForRequest(InvocableHandlerMethod.java:182)
	at org.springframework.web.servlet.mvc.method.annotation.ServletInvocableHandlerMethod.invokeAndHandle(ServletInvocableHandlerMethod.java:118)
	at org.springframework.web.servlet.mvc.method.annotation.RequestMappingHandlerAdapter.invokeHandlerMethod(RequestMappingHandlerAdapter.java:917)
	at org.springframework.web.servlet.mvc.method.annotation.RequestMappingHandlerAdapter.handleInternal(RequestMappingHandlerAdapter.java:829)
	at org.springframework.web.servlet.mvc.method.AbstractHandlerMethodAdapter.handle(AbstractHandlerMethodAdapter.java:87)
	at org.springframework.web.servlet.DispatcherServlet.doDispatch(DispatcherServlet.java:1089)
	at org.springframework.web.servlet.DispatcherServlet.doService(DispatcherServlet.java:979)
	at org.springframework.web.servlet.FrameworkServlet.processRequest(FrameworkServlet.java:1014)
	at org.springframework.web.servlet.FrameworkServlet.doPost(FrameworkServlet.java:914)
	at jakarta.servlet.http.HttpServlet.service(HttpServlet.java:590)
	at org.springframework.web.servlet.FrameworkServlet.service(FrameworkServlet.java:885)
	at org.springframework.test.web.servlet.TestDispatcherServlet.service(TestDispatcherServlet.java:72)
	at jakarta.servlet.http.HttpServlet.service(HttpServlet.java:658)
	at org.springframework.mock.web.MockFilterChain$ServletFilterProxy.doFilter(MockFilterChain.java:165)
	at org.springframework.mock.web.MockFilterChain.doFilter(MockFilterChain.java:132)
	at org.springframework.security.web.FilterChainProxy.lambda$doFilterInternal$3(FilterChainProxy.java:231)
	at org.springframework.security.web.ObservationFilterChainDecorator$FilterObservation$SimpleFilterObservation.lambda$wrap$1(ObservationFilterChainDecorator.java:479)
	at org.springframework.security.web.ObservationFilterChainDecorator$AroundFilterObservation$SimpleAroundFilterObservation.lambda$wrap$1(ObservationFilterChainDecorator.java:340)
	at org.springframework.security.web.ObservationFilterChainDecorator.lambda$wrapSecured$0(ObservationFilterChainDecorator.java:82)
	at org.springframework.security.web.ObservationFilterChainDecorator$VirtualFilterChain.doFilter(ObservationFilterChainDecorator.java:128)
	at org.springframework.security.web.access.intercept.AuthorizationFilter.doFilter(AuthorizationFilter.java:100)
	at org.springframework.security.web.ObservationFilterChainDecorator$ObservationFilter.wrapFilter(ObservationFilterChainDecorator.java:240)
	at org.springframework.security.web.ObservationFilterChainDecorator$ObservationFilter.doFilter(ObservationFilterChainDecorator.java:227)
	at org.springframework.security.web.ObservationFilterChainDecorator$VirtualFilterChain.doFilter(ObservationFilterChainDecorator.java:137)
	at org.springframework.security.web.access.ExceptionTranslationFilter.doFilter(ExceptionTranslationFilter.java:126)
	at org.springframework.security.web.access.ExceptionTranslationFilter.doFilter(ExceptionTranslationFilter.java:120)
	at org.springframework.security.web.ObservationFilterChainDecorator$ObservationFilter.wrapFilter(ObservationFilterChainDecorator.java:240)
	at org.springframework.security.web.ObservationFilterChainDecorator$ObservationFilter.doFilter(ObservationFilterChainDecorator.java:227)
	at org.springframework.security.web.ObservationFilterChainDecorator$VirtualFilterChain.doFilter(ObservationFilterChainDecorator.java:137)
	at org.springframework.security.web.authentication.AnonymousAuthenticationFilter.doFilter(AnonymousAuthenticationFilter.java:100)
	at org.springframework.security.web.ObservationFilterChainDecorator$ObservationFilter.wrapFilter(ObservationFilterChainDecorator.java:240)
	at org.springframework.security.web.ObservationFilterChainDecorator$ObservationFilter.doFilter(ObservationFilterChainDecorator.java:227)
	at org.springframework.security.web.ObservationFilterChainDecorator$VirtualFilterChain.doFilter(ObservationFilterChainDecorator.java:137)
	at org.springframework.security.web.servletapi.SecurityContextHolderAwareRequestFilter.doFilter(SecurityContextHolderAwareRequestFilter.java:179)
	at org.springframework.security.web.ObservationFilterChainDecorator$ObservationFilter.wrapFilter(ObservationFilterChainDecorator.java:240)
	at org.springframework.security.web.ObservationFilterChainDecorator$ObservationFilter.doFilter(ObservationFilterChainDecorator.java:227)
	at org.springframework.security.web.ObservationFilterChainDecorator$VirtualFilterChain.doFilter(ObservationFilterChainDecorator.java:137)
	at org.springframework.security.web.savedrequest.RequestCacheAwareFilter.doFilter(RequestCacheAwareFilter.java:63)
	at org.springframework.security.web.ObservationFilterChainDecorator$ObservationFilter.wrapFilter(ObservationFilterChainDecorator.java:240)
	at org.springframework.security.web.ObservationFilterChainDecorator$ObservationFilter.doFilter(ObservationFilterChainDecorator.java:227)
	at org.springframework.security.web.ObservationFilterChainDecorator$VirtualFilterChain.doFilter(ObservationFilterChainDecorator.java:137)
	at org.springframework.security.web.authentication.logout.LogoutFilter.doFilter(LogoutFilter.java:107)
	at org.springframework.security.web.authentication.logout.LogoutFilter.doFilter(LogoutFilter.java:93)
	at org.springframework.security.web.ObservationFilterChainDecorator$ObservationFilter.wrapFilter(ObservationFilterChainDecorator.java:240)
	at org.springframework.security.web.ObservationFilterChainDecorator$ObservationFilter.doFilter(ObservationFilterChainDecorator.java:227)
	at org.springframework.security.web.ObservationFilterChainDecorator$VirtualFilterChain.doFilter(ObservationFilterChainDecorator.java:137)
	at org.springframework.web.filter.CorsFilter.doFilterInternal(CorsFilter.java:91)
	at org.springframework.web.filter.OncePerRequestFilter.doFilter(OncePerRequestFilter.java:116)
	at org.springframework.security.web.ObservationFilterChainDecorator$ObservationFilter.wrapFilter(ObservationFilterChainDecorator.java:240)
	at org.springframework.security.web.ObservationFilterChainDecorator$ObservationFilter.doFilter(ObservationFilterChainDecorator.java:227)
	at org.springframework.security.web.ObservationFilterChainDecorator$VirtualFilterChain.doFilter(ObservationFilterChainDecorator.java:137)
	at org.springframework.security.web.header.HeaderWriterFilter.doHeadersAfter(HeaderWriterFilter.java:90)
	at org.springframework.security.web.header.HeaderWriterFilter.doFilterInternal(HeaderWriterFilter.java:75)
	at org.springframework.web.filter.OncePerRequestFilter.doFilter(OncePerRequestFilter.java:116)
	at org.springframework.security.web.ObservationFilterChainDecorator$ObservationFilter.wrapFilter(ObservationFilterChainDecorator.java:240)
	at org.springframework.security.web.ObservationFilterChainDecorator$ObservationFilter.doFilter(ObservationFilterChainDecorator.java:227)
	at org.springframework.security.web.ObservationFilterChainDecorator$VirtualFilterChain.doFilter(ObservationFilterChainDecorator.java:137)
	at org.springframework.security.web.context.SecurityContextHolderFilter.doFilter(SecurityContextHolderFilter.java:82)
	at org.springframework.security.web.context.SecurityContextHolderFilter.doFilter(SecurityContextHolderFilter.java:69)
	at org.springframework.security.web.ObservationFilterChainDecorator$ObservationFilter.wrapFilter(ObservationFilterChainDecorator.java:240)
	at org.springframework.security.web.ObservationFilterChainDecorator$ObservationFilter.doFilter(ObservationFilterChainDecorator.java:227)
	at org.springframework.security.web.ObservationFilterChainDecorator$VirtualFilterChain.doFilter(ObservationFilterChainDecorator.java:137)
	at org.springframework.security.web.context.request.async.WebAsyncManagerIntegrationFilter.doFilterInternal(WebAsyncManagerIntegrationFilter.java:62)
	at org.springframework.web.filter.OncePerRequestFilter.doFilter(OncePerRequestFilter.java:116)
	at org.springframework.security.web.ObservationFilterChainDecorator$ObservationFilter.wrapFilter(ObservationFilterChainDecorator.java:240)
	at org.springframework.security.web.ObservationFilterChainDecorator$ObservationFilter.doFilter(ObservationFilterChainDecorator.java:227)
	at org.springframework.security.web.ObservationFilterChainDecorator$VirtualFilterChain.doFilter(ObservationFilterChainDecorator.java:137)
	at org.springframework.security.web.session.DisableEncodeUrlFilter.doFilterInternal(DisableEncodeUrlFilter.java:42)
	at org.springframework.web.filter.OncePerRequestFilter.doFilter(OncePerRequestFilter.java:116)
	at org.springframework.security.web.ObservationFilterChainDecorator$ObservationFilter.wrapFilter(ObservationFilterChainDecorator.java:240)
	at org.springframework.security.web.ObservationFilterChainDecorator$AroundFilterObservation$SimpleAroundFilterObservation.lambda$wrap$0(ObservationFilterChainDecorator.java:323)
	at org.springframework.security.web.ObservationFilterChainDecorator$ObservationFilter.doFilter(ObservationFilterChainDecorator.java:224)
	at org.springframework.security.web.ObservationFilterChainDecorator$VirtualFilterChain.doFilter(ObservationFilterChainDecorator.java:137)
	at org.springframework.security.web.FilterChainProxy.doFilterInternal(FilterChainProxy.java:233)
	at org.springframework.security.web.FilterChainProxy.doFilter(FilterChainProxy.java:191)
	at org.springframework.web.filter.DelegatingFilterProxy.invokeDelegate(DelegatingFilterProxy.java:352)
	at org.springframework.web.filter.DelegatingFilterProxy.doFilter(DelegatingFilterProxy.java:268)
	at org.springframework.test.web.servlet.setup.MockMvcFilterDecorator.doFilter(MockMvcFilterDecorator.java:151)
	at org.springframework.mock.web.MockFilterChain.doFilter(MockFilterChain.java:132)
	at org.springframework.web.filter.RequestContextFilter.doFilterInternal(RequestContextFilter.java:100)
	at org.springframework.web.filter.OncePerRequestFilter.doFilter(OncePerRequestFilter.java:116)
	at org.springframework.test.web.servlet.setup.MockMvcFilterDecorator.doFilter(MockMvcFilterDecorator.java:151)
	at org.springframework.mock.web.MockFilterChain.doFilter(MockFilterChain.java:132)
	at org.springframework.web.filter.FormContentFilter.doFilterInternal(FormContentFilter.java:93)
	at org.springframework.web.filter.OncePerRequestFilter.doFilter(OncePerRequestFilter.java:116)
	at org.springframework.test.web.servlet.setup.MockMvcFilterDecorator.doFilter(MockMvcFilterDecorator.java:151)
	at org.springframework.mock.web.MockFilterChain.doFilter(MockFilterChain.java:132)
	at org.springframework.web.filter.ServerHttpObservationFilter.doFilterInternal(ServerHttpObservationFilter.java:109)
	at org.springframework.web.filter.OncePerRequestFilter.doFilter(OncePerRequestFilter.java:116)
	at org.springframework.test.web.servlet.setup.MockMvcFilterDecorator.doFilter(MockMvcFilterDecorator.java:151)
	at org.springframework.mock.web.MockFilterChain.doFilter(MockFilterChain.java:132)
	at org.springframework.web.filter.CharacterEncodingFilter.doFilterInternal(CharacterEncodingFilter.java:201)
	at org.springframework.web.filter.OncePerRequestFilter.doFilter(OncePerRequestFilter.java:116)
	at org.springframework.test.web.servlet.setup.MockMvcFilterDecorator.doFilter(MockMvcFilterDecorator.java:151)
	at org.springframework.mock.web.MockFilterChain.doFilter(MockFilterChain.java:132)
	at org.springframework.test.web.servlet.MockMvc.perform(MockMvc.java:201)
	at com.autoinsurance.performance.QuotePerformanceTest.shouldMaintainPerformanceWithDifferentQuoteTypes(QuotePerformanceTest.java:185)
	at java.base/jdk.internal.reflect.DirectMethodHandleAccessor.invoke(DirectMethodHandleAccessor.java:104)
	at java.base/java.lang.reflect.Method.invoke(Method.java:565)
	at org.junit.platform.commons.util.ReflectionUtils.invokeMethod(ReflectionUtils.java:728)
	at org.junit.jupiter.engine.execution.MethodInvocation.proceed(MethodInvocation.java:60)
	at org.junit.jupiter.engine.execution.InvocationInterceptorChain$ValidatingInvocation.proceed(InvocationInterceptorChain.java:131)
	at org.junit.jupiter.engine.extension.TimeoutExtension.intercept(TimeoutExtension.java:156)
	at org.junit.jupiter.engine.extension.TimeoutExtension.interceptTestableMethod(TimeoutExtension.java:147)
	at org.junit.jupiter.engine.extension.TimeoutExtension.interceptTestMethod(TimeoutExtension.java:86)
	at org.junit.jupiter.engine.execution.InterceptingExecutableInvoker$ReflectiveInterceptorCall.lambda$ofVoidMethod$0(InterceptingExecutableInvoker.java:103)
	at org.junit.jupiter.engine.execution.InterceptingExecutableInvoker.lambda$invoke$0(InterceptingExecutableInvoker.java:93)
	at org.junit.jupiter.engine.execution.InvocationInterceptorChain$InterceptedInvocation.proceed(InvocationInterceptorChain.java:106)
	at org.junit.jupiter.engine.execution.InvocationInterceptorChain.proceed(InvocationInterceptorChain.java:64)
	at org.junit.jupiter.engine.execution.InvocationInterceptorChain.chainAndInvoke(InvocationInterceptorChain.java:45)
	at org.junit.jupiter.engine.execution.InvocationInterceptorChain.invoke(InvocationInterceptorChain.java:37)
	at org.junit.jupiter.engine.execution.InterceptingExecutableInvoker.invoke(InterceptingExecutableInvoker.java:92)
	at org.junit.jupiter.engine.execution.InterceptingExecutableInvoker.invoke(InterceptingExecutableInvoker.java:86)
	at org.junit.jupiter.engine.descriptor.TestMethodTestDescriptor.lambda$invokeTestMethod$7(TestMethodTestDescriptor.java:218)
	at org.junit.platform.engine.support.hierarchical.ThrowableCollector.execute(ThrowableCollector.java:73)
	at org.junit.jupiter.engine.descriptor.TestMethodTestDescriptor.invokeTestMethod(TestMethodTestDescriptor.java:214)
	at org.junit.jupiter.engine.descriptor.TestMethodTestDescriptor.execute(TestMethodTestDescriptor.java:139)
	at org.junit.jupiter.engine.descriptor.TestMethodTestDescriptor.execute(TestMethodTestDescriptor.java:69)
	at org.junit.platform.engine.support.hierarchical.NodeTestTask.lambda$executeRecursively$6(NodeTestTask.java:151)
	at org.junit.platform.engine.support.hierarchical.ThrowableCollector.execute(ThrowableCollector.java:73)
	at org.junit.platform.engine.support.hierarchical.NodeTestTask.lambda$executeRecursively$8(NodeTestTask.java:141)
	at org.junit.platform.engine.support.hierarchical.Node.around(Node.java:137)
	at org.junit.platform.engine.support.hierarchical.NodeTestTask.lambda$executeRecursively$9(NodeTestTask.java:139)
	at org.junit.platform.engine.support.hierarchical.ThrowableCollector.execute(ThrowableCollector.java:73)
	at org.junit.platform.engine.support.hierarchical.NodeTestTask.executeRecursively(NodeTestTask.java:138)
	at org.junit.platform.engine.support.hierarchical.NodeTestTask.execute(NodeTestTask.java:95)
	at java.base/java.util.ArrayList.forEach(ArrayList.java:1604)
	at org.junit.platform.engine.support.hierarchical.SameThreadHierarchicalTestExecutorService.invokeAll(SameThreadHierarchicalTestExecutorService.java:41)
	at org.junit.platform.engine.support.hierarchical.NodeTestTask.lambda$executeRecursively$6(NodeTestTask.java:155)
	at org.junit.platform.engine.support.hierarchical.ThrowableCollector.execute(ThrowableCollector.java:73)
	at org.junit.platform.engine.support.hierarchical.NodeTestTask.lambda$executeRecursively$8(NodeTestTask.java:141)
	at org.junit.platform.engine.support.hierarchical.Node.around(Node.java:137)
	at org.junit.platform.engine.support.hierarchical.NodeTestTask.lambda$executeRecursively$9(NodeTestTask.java:139)
	at org.junit.platform.engine.support.hierarchical.ThrowableCollector.execute(ThrowableCollector.java:73)
	at org.junit.platform.engine.support.hierarchical.NodeTestTask.executeRecursively(NodeTestTask.java:138)
	at org.junit.platform.engine.support.hierarchical.NodeTestTask.execute(NodeTestTask.java:95)
	at java.base/java.util.ArrayList.forEach(ArrayList.java:1604)
	at org.junit.platform.engine.support.hierarchical.SameThreadHierarchicalTestExecutorService.invokeAll(SameThreadHierarchicalTestExecutorService.java:41)
	at org.junit.platform.engine.support.hierarchical.NodeTestTask.lambda$executeRecursively$6(NodeTestTask.java:155)
	at org.junit.platform.engine.support.hierarchical.ThrowableCollector.execute(ThrowableCollector.java:73)
	at org.junit.platform.engine.support.hierarchical.NodeTestTask.lambda$executeRecursively$8(NodeTestTask.java:141)
	at org.junit.platform.engine.support.hierarchical.Node.around(Node.java:137)
	at org.junit.platform.engine.support.hierarchical.NodeTestTask.lambda$executeRecursively$9(NodeTestTask.java:139)
	at org.junit.platform.engine.support.hierarchical.ThrowableCollector.execute(ThrowableCollector.java:73)
	at org.junit.platform.engine.support.hierarchical.NodeTestTask.executeRecursively(NodeTestTask.java:138)
	at org.junit.platform.engine.support.hierarchical.NodeTestTask.execute(NodeTestTask.java:95)
	at org.junit.platform.engine.support.hierarchical.SameThreadHierarchicalTestExecutorService.submit(SameThreadHierarchicalTestExecutorService.java:35)
	at org.junit.platform.engine.support.hierarchical.HierarchicalTestExecutor.execute(HierarchicalTestExecutor.java:57)
	at org.junit.platform.engine.support.hierarchical.HierarchicalTestEngine.execute(HierarchicalTestEngine.java:54)
	at org.junit.platform.launcher.core.EngineExecutionOrchestrator.execute(EngineExecutionOrchestrator.java:198)
	at org.junit.platform.launcher.core.EngineExecutionOrchestrator.execute(EngineExecutionOrchestrator.java:169)
	at org.junit.platform.launcher.core.EngineExecutionOrchestrator.execute(EngineExecutionOrchestrator.java:93)
	at org.junit.platform.launcher.core.EngineExecutionOrchestrator.lambda$execute$0(EngineExecutionOrchestrator.java:58)
	at org.junit.platform.launcher.core.EngineExecutionOrchestrator.withInterceptedStreams(EngineExecutionOrchestrator.java:141)
	at org.junit.platform.launcher.core.EngineExecutionOrchestrator.execute(EngineExecutionOrchestrator.java:57)
	at org.junit.platform.launcher.core.DefaultLauncher.execute(DefaultLauncher.java:103)
	at org.junit.platform.launcher.core.DefaultLauncher.execute(DefaultLauncher.java:85)
	at org.junit.platform.launcher.core.DelegatingLauncher.execute(DelegatingLauncher.java:47)
	at org.apache.maven.surefire.junitplatform.LazyLauncher.execute(LazyLauncher.java:56)
	at org.apache.maven.surefire.junitplatform.JUnitPlatformProvider.execute(JUnitPlatformProvider.java:184)
	at org.apache.maven.surefire.junitplatform.JUnitPlatformProvider.invokeAllTests(JUnitPlatformProvider.java:148)
	at org.apache.maven.surefire.junitplatform.JUnitPlatformProvider.invoke(JUnitPlatformProvider.java:122)
	at org.apache.maven.surefire.booter.ForkedBooter.runSuitesInProcess(ForkedBooter.java:385)
	at org.apache.maven.surefire.booter.ForkedBooter.execute(ForkedBooter.java:162)
	at org.apache.maven.surefire.booter.ForkedBooter.run(ForkedBooter.java:507)
	at org.apache.maven.surefire.booter.ForkedBooter.main(ForkedBooter.java:495)
Caused by: java.io.IOException: Error while instrumenting java/sql/ResultSetMetaData with JaCoCo 0.8.11.202310140853/f33756c.
	at org.jacoco.agent.rt.internal_4742761.core.instr.Instrumenter.instrumentError(Instrumenter.java:161)
	at org.jacoco.agent.rt.internal_4742761.core.instr.Instrumenter.instrument(Instrumenter.java:111)
	at org.jacoco.agent.rt.internal_4742761.CoverageTransformer.transform(CoverageTransformer.java:92)
	... 277 more
Caused by: java.lang.IllegalArgumentException: Unsupported class file major version 68
	at org.jacoco.agent.rt.internal_4742761.asm.ClassReader.<init>(ClassReader.java:200)
	at org.jacoco.agent.rt.internal_4742761.asm.ClassReader.<init>(ClassReader.java:180)
	at org.jacoco.agent.rt.internal_4742761.asm.ClassReader.<init>(ClassReader.java:166)
	at org.jacoco.agent.rt.internal_4742761.core.internal.instr.InstrSupport.classReaderFor(InstrSupport.java:280)
	at org.jacoco.agent.rt.internal_4742761.core.instr.Instrumenter.instrument(Instrumenter.java:77)
	at org.jacoco.agent.rt.internal_4742761.core.instr.Instrumenter.instrument(Instrumenter.java:109)
	... 278 more
java.lang.instrument.IllegalClassFormatException: Error while instrumenting java/sql/ParameterMetaData with JaCoCo 0.8.11.202310140853/f33756c.
	at org.jacoco.agent.rt.internal_4742761.CoverageTransformer.transform(CoverageTransformer.java:94)
	at java.instrument/java.lang.instrument.ClassFileTransformer.transform(ClassFileTransformer.java:257)
	at java.instrument/sun.instrument.TransformerManager.transform(TransformerManager.java:188)
	at java.instrument/sun.instrument.InstrumentationImpl.transform(InstrumentationImpl.java:594)
	at java.base/java.lang.ClassLoader.defineClass2(Native Method)
	at java.base/java.lang.ClassLoader.defineClass(ClassLoader.java:1052)
	at java.base/java.security.SecureClassLoader.defineClass(SecureClassLoader.java:164)
	at java.base/jdk.internal.loader.BuiltinClassLoader.defineClass(BuiltinClassLoader.java:735)
	at java.base/jdk.internal.loader.BuiltinClassLoader.findClassInModuleOrNull(BuiltinClassLoader.java:678)
	at java.base/jdk.internal.loader.BuiltinClassLoader.loadClassOrNull(BuiltinClassLoader.java:604)
	at java.base/jdk.internal.loader.BuiltinClassLoader.loadClassOrNull(BuiltinClassLoader.java:639)
	at java.base/jdk.internal.loader.BuiltinClassLoader.loadClassOrNull(BuiltinClassLoader.java:608)
	at java.base/jdk.internal.loader.BuiltinClassLoader.loadClass(BuiltinClassLoader.java:578)
	at java.base/java.lang.ClassLoader.loadClass(ClassLoader.java:490)
	at org.h2.jdbc.JdbcConnection.prepareStatement(JdbcConnection.java:316)
	at com.zaxxer.hikari.pool.ProxyConnection.prepareStatement(ProxyConnection.java:327)
	at com.zaxxer.hikari.pool.HikariProxyConnection.prepareStatement(HikariProxyConnection.java)
	at org.hibernate.engine.jdbc.internal.StatementPreparerImpl$5.doPrepare(StatementPreparerImpl.java:150)
	at org.hibernate.engine.jdbc.internal.StatementPreparerImpl$StatementPreparationTemplate.prepareStatement(StatementPreparerImpl.java:177)
	at org.hibernate.engine.jdbc.internal.StatementPreparerImpl.prepareQueryStatement(StatementPreparerImpl.java:152)
	at org.hibernate.sql.exec.internal.JdbcSelectExecutorStandardImpl.lambda$list$0(JdbcSelectExecutorStandardImpl.java:102)
	at org.hibernate.sql.results.jdbc.internal.DeferredResultSetAccess.executeQuery(DeferredResultSetAccess.java:227)
	at org.hibernate.sql.results.jdbc.internal.DeferredResultSetAccess.getResultSet(DeferredResultSetAccess.java:164)
	at org.hibernate.sql.results.jdbc.internal.JdbcValuesResultSetImpl.advanceNext(JdbcValuesResultSetImpl.java:218)
	at org.hibernate.sql.results.jdbc.internal.JdbcValuesResultSetImpl.processNext(JdbcValuesResultSetImpl.java:98)
	at org.hibernate.sql.results.jdbc.internal.AbstractJdbcValues.next(AbstractJdbcValues.java:19)
	at org.hibernate.sql.results.internal.RowProcessingStateStandardImpl.next(RowProcessingStateStandardImpl.java:66)
	at org.hibernate.sql.results.spi.ListResultsConsumer.consume(ListResultsConsumer.java:180)
	at org.hibernate.sql.results.spi.ListResultsConsumer.consume(ListResultsConsumer.java:33)
	at org.hibernate.sql.exec.internal.JdbcSelectExecutorStandardImpl.doExecuteQuery(JdbcSelectExecutorStandardImpl.java:361)
	at org.hibernate.sql.exec.internal.JdbcSelectExecutorStandardImpl.executeQuery(JdbcSelectExecutorStandardImpl.java:168)
	at org.hibernate.sql.exec.internal.JdbcSelectExecutorStandardImpl.list(JdbcSelectExecutorStandardImpl.java:93)
	at org.hibernate.sql.exec.spi.JdbcSelectExecutor.list(JdbcSelectExecutor.java:31)
	at org.hibernate.loader.ast.internal.SingleIdLoadPlan.load(SingleIdLoadPlan.java:145)
	at org.hibernate.loader.ast.internal.SingleIdLoadPlan.load(SingleIdLoadPlan.java:117)
	at org.hibernate.loader.ast.internal.SingleIdEntityLoaderStandardImpl.load(SingleIdEntityLoaderStandardImpl.java:75)
	at org.hibernate.persister.entity.AbstractEntityPersister.doLoad(AbstractEntityPersister.java:3673)
	at org.hibernate.persister.entity.AbstractEntityPersister.load(AbstractEntityPersister.java:3662)
	at org.hibernate.event.internal.DefaultLoadEventListener.loadFromDatasource(DefaultLoadEventListener.java:591)
	at org.hibernate.event.internal.DefaultLoadEventListener.loadFromCacheOrDatasource(DefaultLoadEventListener.java:577)
	at org.hibernate.event.internal.DefaultLoadEventListener.load(DefaultLoadEventListener.java:547)
	at org.hibernate.event.internal.DefaultLoadEventListener.doLoad(DefaultLoadEventListener.java:531)
	at org.hibernate.event.internal.DefaultLoadEventListener.load(DefaultLoadEventListener.java:206)
	at org.hibernate.event.internal.DefaultLoadEventListener.loadWithRegularProxy(DefaultLoadEventListener.java:286)
	at org.hibernate.event.internal.DefaultLoadEventListener.proxyOrLoad(DefaultLoadEventListener.java:241)
	at org.hibernate.event.internal.DefaultLoadEventListener.doOnLoad(DefaultLoadEventListener.java:110)
	at org.hibernate.event.internal.DefaultLoadEventListener.onLoad(DefaultLoadEventListener.java:67)
	at org.hibernate.event.service.internal.EventListenerGroupImpl.fireEventOnEachListener(EventListenerGroupImpl.java:138)
	at org.hibernate.internal.SessionImpl.fireLoadNoChecks(SessionImpl.java:1234)
	at org.hibernate.internal.SessionImpl.fireLoad(SessionImpl.java:1222)
	at org.hibernate.loader.internal.IdentifierLoadAccessImpl.load(IdentifierLoadAccessImpl.java:209)
	at org.hibernate.loader.internal.IdentifierLoadAccessImpl.doLoad(IdentifierLoadAccessImpl.java:160)
	at org.hibernate.loader.internal.IdentifierLoadAccessImpl.lambda$load$1(IdentifierLoadAccessImpl.java:149)
	at org.hibernate.loader.internal.IdentifierLoadAccessImpl.perform(IdentifierLoadAccessImpl.java:112)
	at org.hibernate.loader.internal.IdentifierLoadAccessImpl.load(IdentifierLoadAccessImpl.java:149)
	at org.hibernate.internal.SessionImpl.get(SessionImpl.java:1035)
	at org.hibernate.event.internal.DefaultMergeEventListener.lambda$entityIsDetached$0(DefaultMergeEventListener.java:336)
	at org.hibernate.engine.spi.LoadQueryInfluencers.fromInternalFetchProfile(LoadQueryInfluencers.java:110)
	at org.hibernate.event.internal.DefaultMergeEventListener.entityIsDetached(DefaultMergeEventListener.java:334)
	at org.hibernate.event.internal.DefaultMergeEventListener.merge(DefaultMergeEventListener.java:150)
	at org.hibernate.event.internal.DefaultMergeEventListener.doMerge(DefaultMergeEventListener.java:143)
	at org.hibernate.event.internal.DefaultMergeEventListener.onMerge(DefaultMergeEventListener.java:127)
	at org.hibernate.event.internal.DefaultMergeEventListener.onMerge(DefaultMergeEventListener.java:81)
	at org.hibernate.event.service.internal.EventListenerGroupImpl.fireEventOnEachListener(EventListenerGroupImpl.java:127)
	at org.hibernate.internal.SessionImpl.fireMerge(SessionImpl.java:859)
	at org.hibernate.internal.SessionImpl.merge(SessionImpl.java:845)
	at java.base/jdk.internal.reflect.DirectMethodHandleAccessor.invoke(DirectMethodHandleAccessor.java:104)
	at java.base/java.lang.reflect.Method.invoke(Method.java:565)
	at org.springframework.orm.jpa.ExtendedEntityManagerCreator$ExtendedEntityManagerInvocationHandler.invoke(ExtendedEntityManagerCreator.java:360)
	at jdk.proxy2/jdk.proxy2.$Proxy193.merge(Unknown Source)
	at java.base/jdk.internal.reflect.DirectMethodHandleAccessor.invoke(DirectMethodHandleAccessor.java:104)
	at java.base/java.lang.reflect.Method.invoke(Method.java:565)
	at org.springframework.orm.jpa.SharedEntityManagerCreator$SharedEntityManagerInvocationHandler.invoke(SharedEntityManagerCreator.java:311)
	at jdk.proxy2/jdk.proxy2.$Proxy193.merge(Unknown Source)
	at org.springframework.data.jpa.repository.support.SimpleJpaRepository.save(SimpleJpaRepository.java:621)
	at java.base/jdk.internal.reflect.DirectMethodHandleAccessor.invoke(DirectMethodHandleAccessor.java:104)
	at java.base/java.lang.reflect.Method.invoke(Method.java:565)
	at org.springframework.aop.support.AopUtils.invokeJoinpointUsingReflection(AopUtils.java:352)
	at org.springframework.data.repository.core.support.RepositoryMethodInvoker$RepositoryFragmentMethodInvoker.lambda$new$0(RepositoryMethodInvoker.java:277)
	at org.springframework.data.repository.core.support.RepositoryMethodInvoker.doInvoke(RepositoryMethodInvoker.java:170)
	at org.springframework.data.repository.core.support.RepositoryMethodInvoker.invoke(RepositoryMethodInvoker.java:158)
	at org.springframework.data.repository.core.support.RepositoryComposition$RepositoryFragments.invoke(RepositoryComposition.java:516)
	at org.springframework.data.repository.core.support.RepositoryComposition.invoke(RepositoryComposition.java:285)
	at org.springframework.data.repository.core.support.RepositoryFactorySupport$ImplementationMethodExecutionInterceptor.invoke(RepositoryFactorySupport.java:628)
	at org.springframework.aop.framework.ReflectiveMethodInvocation.proceed(ReflectiveMethodInvocation.java:184)
	at org.springframework.data.repository.core.support.QueryExecutorMethodInterceptor.doInvoke(QueryExecutorMethodInterceptor.java:168)
	at org.springframework.data.repository.core.support.QueryExecutorMethodInterceptor.invoke(QueryExecutorMethodInterceptor.java:143)
	at org.springframework.aop.framework.ReflectiveMethodInvocation.proceed(ReflectiveMethodInvocation.java:184)
	at org.springframework.data.projection.DefaultMethodInvokingMethodInterceptor.invoke(DefaultMethodInvokingMethodInterceptor.java:70)
	at org.springframework.aop.framework.ReflectiveMethodInvocation.proceed(ReflectiveMethodInvocation.java:184)
	at org.springframework.transaction.interceptor.TransactionInterceptor$1.proceedWithInvocation(TransactionInterceptor.java:123)
	at org.springframework.transaction.interceptor.TransactionAspectSupport.invokeWithinTransaction(TransactionAspectSupport.java:385)
	at org.springframework.transaction.interceptor.TransactionInterceptor.invoke(TransactionInterceptor.java:119)
	at org.springframework.aop.framework.ReflectiveMethodInvocation.proceed(ReflectiveMethodInvocation.java:184)
	at org.springframework.dao.support.PersistenceExceptionTranslationInterceptor.invoke(PersistenceExceptionTranslationInterceptor.java:137)
	at org.springframework.aop.framework.ReflectiveMethodInvocation.proceed(ReflectiveMethodInvocation.java:184)
	at org.springframework.data.jpa.repository.support.CrudMethodMetadataPostProcessor$CrudMethodMetadataPopulatingMethodInterceptor.invoke(CrudMethodMetadataPostProcessor.java:164)
	at org.springframework.aop.framework.ReflectiveMethodInvocation.proceed(ReflectiveMethodInvocation.java:184)
	at org.springframework.aop.interceptor.ExposeInvocationInterceptor.invoke(ExposeInvocationInterceptor.java:97)
	at org.springframework.aop.framework.ReflectiveMethodInvocation.proceed(ReflectiveMethodInvocation.java:184)
	at org.springframework.aop.framework.JdkDynamicAopProxy.invoke(JdkDynamicAopProxy.java:249)
	at jdk.proxy2/jdk.proxy2.$Proxy197.save(Unknown Source)
	at com.autoinsurance.quote.service.QuoteServiceImpl.generateQuote(QuoteServiceImpl.java:67)
	at java.base/jdk.internal.reflect.DirectMethodHandleAccessor.invoke(DirectMethodHandleAccessor.java:104)
	at java.base/java.lang.reflect.Method.invoke(Method.java:565)
	at org.springframework.aop.support.AopUtils.invokeJoinpointUsingReflection(AopUtils.java:352)
	at org.springframework.aop.framework.CglibAopProxy$DynamicAdvisedInterceptor.intercept(CglibAopProxy.java:713)
	at com.autoinsurance.quote.service.QuoteServiceImpl$$SpringCGLIB$$0.generateQuote(<generated>)
	at com.autoinsurance.quote.controller.QuoteController.createQuote(QuoteController.java:191)
	at java.base/jdk.internal.reflect.DirectMethodHandleAccessor.invoke(DirectMethodHandleAccessor.java:104)
	at java.base/java.lang.reflect.Method.invoke(Method.java:565)
	at org.springframework.web.method.support.InvocableHandlerMethod.doInvoke(InvocableHandlerMethod.java:254)
	at org.springframework.web.method.support.InvocableHandlerMethod.invokeForRequest(InvocableHandlerMethod.java:182)
	at org.springframework.web.servlet.mvc.method.annotation.ServletInvocableHandlerMethod.invokeAndHandle(ServletInvocableHandlerMethod.java:118)
	at org.springframework.web.servlet.mvc.method.annotation.RequestMappingHandlerAdapter.invokeHandlerMethod(RequestMappingHandlerAdapter.java:917)
	at org.springframework.web.servlet.mvc.method.annotation.RequestMappingHandlerAdapter.handleInternal(RequestMappingHandlerAdapter.java:829)
	at org.springframework.web.servlet.mvc.method.AbstractHandlerMethodAdapter.handle(AbstractHandlerMethodAdapter.java:87)
	at org.springframework.web.servlet.DispatcherServlet.doDispatch(DispatcherServlet.java:1089)
	at org.springframework.web.servlet.DispatcherServlet.doService(DispatcherServlet.java:979)
	at org.springframework.web.servlet.FrameworkServlet.processRequest(FrameworkServlet.java:1014)
	at org.springframework.web.servlet.FrameworkServlet.doPost(FrameworkServlet.java:914)
	at jakarta.servlet.http.HttpServlet.service(HttpServlet.java:590)
	at org.springframework.web.servlet.FrameworkServlet.service(FrameworkServlet.java:885)
	at org.springframework.test.web.servlet.TestDispatcherServlet.service(TestDispatcherServlet.java:72)
	at jakarta.servlet.http.HttpServlet.service(HttpServlet.java:658)
	at org.springframework.mock.web.MockFilterChain$ServletFilterProxy.doFilter(MockFilterChain.java:165)
	at org.springframework.mock.web.MockFilterChain.doFilter(MockFilterChain.java:132)
	at org.springframework.security.web.FilterChainProxy.lambda$doFilterInternal$3(FilterChainProxy.java:231)
	at org.springframework.security.web.ObservationFilterChainDecorator$FilterObservation$SimpleFilterObservation.lambda$wrap$1(ObservationFilterChainDecorator.java:479)
	at org.springframework.security.web.ObservationFilterChainDecorator$AroundFilterObservation$SimpleAroundFilterObservation.lambda$wrap$1(ObservationFilterChainDecorator.java:340)
	at org.springframework.security.web.ObservationFilterChainDecorator.lambda$wrapSecured$0(ObservationFilterChainDecorator.java:82)
	at org.springframework.security.web.ObservationFilterChainDecorator$VirtualFilterChain.doFilter(ObservationFilterChainDecorator.java:128)
	at org.springframework.security.web.access.intercept.AuthorizationFilter.doFilter(AuthorizationFilter.java:100)
	at org.springframework.security.web.ObservationFilterChainDecorator$ObservationFilter.wrapFilter(ObservationFilterChainDecorator.java:240)
	at org.springframework.security.web.ObservationFilterChainDecorator$ObservationFilter.doFilter(ObservationFilterChainDecorator.java:227)
	at org.springframework.security.web.ObservationFilterChainDecorator$VirtualFilterChain.doFilter(ObservationFilterChainDecorator.java:137)
	at org.springframework.security.web.access.ExceptionTranslationFilter.doFilter(ExceptionTranslationFilter.java:126)
	at org.springframework.security.web.access.ExceptionTranslationFilter.doFilter(ExceptionTranslationFilter.java:120)
	at org.springframework.security.web.ObservationFilterChainDecorator$ObservationFilter.wrapFilter(ObservationFilterChainDecorator.java:240)
	at org.springframework.security.web.ObservationFilterChainDecorator$ObservationFilter.doFilter(ObservationFilterChainDecorator.java:227)
	at org.springframework.security.web.ObservationFilterChainDecorator$VirtualFilterChain.doFilter(ObservationFilterChainDecorator.java:137)
	at org.springframework.security.web.authentication.AnonymousAuthenticationFilter.doFilter(AnonymousAuthenticationFilter.java:100)
	at org.springframework.security.web.ObservationFilterChainDecorator$ObservationFilter.wrapFilter(ObservationFilterChainDecorator.java:240)
	at org.springframework.security.web.ObservationFilterChainDecorator$ObservationFilter.doFilter(ObservationFilterChainDecorator.java:227)
	at org.springframework.security.web.ObservationFilterChainDecorator$VirtualFilterChain.doFilter(ObservationFilterChainDecorator.java:137)
	at org.springframework.security.web.servletapi.SecurityContextHolderAwareRequestFilter.doFilter(SecurityContextHolderAwareRequestFilter.java:179)
	at org.springframework.security.web.ObservationFilterChainDecorator$ObservationFilter.wrapFilter(ObservationFilterChainDecorator.java:240)
	at org.springframework.security.web.ObservationFilterChainDecorator$ObservationFilter.doFilter(ObservationFilterChainDecorator.java:227)
	at org.springframework.security.web.ObservationFilterChainDecorator$VirtualFilterChain.doFilter(ObservationFilterChainDecorator.java:137)
	at org.springframework.security.web.savedrequest.RequestCacheAwareFilter.doFilter(RequestCacheAwareFilter.java:63)
	at org.springframework.security.web.ObservationFilterChainDecorator$ObservationFilter.wrapFilter(ObservationFilterChainDecorator.java:240)
	at org.springframework.security.web.ObservationFilterChainDecorator$ObservationFilter.doFilter(ObservationFilterChainDecorator.java:227)
	at org.springframework.security.web.ObservationFilterChainDecorator$VirtualFilterChain.doFilter(ObservationFilterChainDecorator.java:137)
	at org.springframework.security.web.authentication.logout.LogoutFilter.doFilter(LogoutFilter.java:107)
	at org.springframework.security.web.authentication.logout.LogoutFilter.doFilter(LogoutFilter.java:93)
	at org.springframework.security.web.ObservationFilterChainDecorator$ObservationFilter.wrapFilter(ObservationFilterChainDecorator.java:240)
	at org.springframework.security.web.ObservationFilterChainDecorator$ObservationFilter.doFilter(ObservationFilterChainDecorator.java:227)
	at org.springframework.security.web.ObservationFilterChainDecorator$VirtualFilterChain.doFilter(ObservationFilterChainDecorator.java:137)
	at org.springframework.web.filter.CorsFilter.doFilterInternal(CorsFilter.java:91)
	at org.springframework.web.filter.OncePerRequestFilter.doFilter(OncePerRequestFilter.java:116)
	at org.springframework.security.web.ObservationFilterChainDecorator$ObservationFilter.wrapFilter(ObservationFilterChainDecorator.java:240)
	at org.springframework.security.web.ObservationFilterChainDecorator$ObservationFilter.doFilter(ObservationFilterChainDecorator.java:227)
	at org.springframework.security.web.ObservationFilterChainDecorator$VirtualFilterChain.doFilter(ObservationFilterChainDecorator.java:137)
	at org.springframework.security.web.header.HeaderWriterFilter.doHeadersAfter(HeaderWriterFilter.java:90)
	at org.springframework.security.web.header.HeaderWriterFilter.doFilterInternal(HeaderWriterFilter.java:75)
	at org.springframework.web.filter.OncePerRequestFilter.doFilter(OncePerRequestFilter.java:116)
	at org.springframework.security.web.ObservationFilterChainDecorator$ObservationFilter.wrapFilter(ObservationFilterChainDecorator.java:240)
	at org.springframework.security.web.ObservationFilterChainDecorator$ObservationFilter.doFilter(ObservationFilterChainDecorator.java:227)
	at org.springframework.security.web.ObservationFilterChainDecorator$VirtualFilterChain.doFilter(ObservationFilterChainDecorator.java:137)
	at org.springframework.security.web.context.SecurityContextHolderFilter.doFilter(SecurityContextHolderFilter.java:82)
	at org.springframework.security.web.context.SecurityContextHolderFilter.doFilter(SecurityContextHolderFilter.java:69)
	at org.springframework.security.web.ObservationFilterChainDecorator$ObservationFilter.wrapFilter(ObservationFilterChainDecorator.java:240)
	at org.springframework.security.web.ObservationFilterChainDecorator$ObservationFilter.doFilter(ObservationFilterChainDecorator.java:227)
	at org.springframework.security.web.ObservationFilterChainDecorator$VirtualFilterChain.doFilter(ObservationFilterChainDecorator.java:137)
	at org.springframework.security.web.context.request.async.WebAsyncManagerIntegrationFilter.doFilterInternal(WebAsyncManagerIntegrationFilter.java:62)
	at org.springframework.web.filter.OncePerRequestFilter.doFilter(OncePerRequestFilter.java:116)
	at org.springframework.security.web.ObservationFilterChainDecorator$ObservationFilter.wrapFilter(ObservationFilterChainDecorator.java:240)
	at org.springframework.security.web.ObservationFilterChainDecorator$ObservationFilter.doFilter(ObservationFilterChainDecorator.java:227)
	at org.springframework.security.web.ObservationFilterChainDecorator$VirtualFilterChain.doFilter(ObservationFilterChainDecorator.java:137)
	at org.springframework.security.web.session.DisableEncodeUrlFilter.doFilterInternal(DisableEncodeUrlFilter.java:42)
	at org.springframework.web.filter.OncePerRequestFilter.doFilter(OncePerRequestFilter.java:116)
	at org.springframework.security.web.ObservationFilterChainDecorator$ObservationFilter.wrapFilter(ObservationFilterChainDecorator.java:240)
	at org.springframework.security.web.ObservationFilterChainDecorator$AroundFilterObservation$SimpleAroundFilterObservation.lambda$wrap$0(ObservationFilterChainDecorator.java:323)
	at org.springframework.security.web.ObservationFilterChainDecorator$ObservationFilter.doFilter(ObservationFilterChainDecorator.java:224)
	at org.springframework.security.web.ObservationFilterChainDecorator$VirtualFilterChain.doFilter(ObservationFilterChainDecorator.java:137)
	at org.springframework.security.web.FilterChainProxy.doFilterInternal(FilterChainProxy.java:233)
	at org.springframework.security.web.FilterChainProxy.doFilter(FilterChainProxy.java:191)
	at org.springframework.web.filter.DelegatingFilterProxy.invokeDelegate(DelegatingFilterProxy.java:352)
	at org.springframework.web.filter.DelegatingFilterProxy.doFilter(DelegatingFilterProxy.java:268)
	at org.springframework.test.web.servlet.setup.MockMvcFilterDecorator.doFilter(MockMvcFilterDecorator.java:151)
	at org.springframework.mock.web.MockFilterChain.doFilter(MockFilterChain.java:132)
	at org.springframework.web.filter.RequestContextFilter.doFilterInternal(RequestContextFilter.java:100)
	at org.springframework.web.filter.OncePerRequestFilter.doFilter(OncePerRequestFilter.java:116)
	at org.springframework.test.web.servlet.setup.MockMvcFilterDecorator.doFilter(MockMvcFilterDecorator.java:151)
	at org.springframework.mock.web.MockFilterChain.doFilter(MockFilterChain.java:132)
	at org.springframework.web.filter.FormContentFilter.doFilterInternal(FormContentFilter.java:93)
	at org.springframework.web.filter.OncePerRequestFilter.doFilter(OncePerRequestFilter.java:116)
	at org.springframework.test.web.servlet.setup.MockMvcFilterDecorator.doFilter(MockMvcFilterDecorator.java:151)
	at org.springframework.mock.web.MockFilterChain.doFilter(MockFilterChain.java:132)
	at org.springframework.web.filter.ServerHttpObservationFilter.doFilterInternal(ServerHttpObservationFilter.java:109)
	at org.springframework.web.filter.OncePerRequestFilter.doFilter(OncePerRequestFilter.java:116)
	at org.springframework.test.web.servlet.setup.MockMvcFilterDecorator.doFilter(MockMvcFilterDecorator.java:151)
	at org.springframework.mock.web.MockFilterChain.doFilter(MockFilterChain.java:132)
	at org.springframework.web.filter.CharacterEncodingFilter.doFilterInternal(CharacterEncodingFilter.java:201)
	at org.springframework.web.filter.OncePerRequestFilter.doFilter(OncePerRequestFilter.java:116)
	at org.springframework.test.web.servlet.setup.MockMvcFilterDecorator.doFilter(MockMvcFilterDecorator.java:151)
	at org.springframework.mock.web.MockFilterChain.doFilter(MockFilterChain.java:132)
	at org.springframework.test.web.servlet.MockMvc.perform(MockMvc.java:201)
	at com.autoinsurance.performance.QuotePerformanceTest.shouldMaintainPerformanceWithDifferentQuoteTypes(QuotePerformanceTest.java:185)
	at java.base/jdk.internal.reflect.DirectMethodHandleAccessor.invoke(DirectMethodHandleAccessor.java:104)
	at java.base/java.lang.reflect.Method.invoke(Method.java:565)
	at org.junit.platform.commons.util.ReflectionUtils.invokeMethod(ReflectionUtils.java:728)
	at org.junit.jupiter.engine.execution.MethodInvocation.proceed(MethodInvocation.java:60)
	at org.junit.jupiter.engine.execution.InvocationInterceptorChain$ValidatingInvocation.proceed(InvocationInterceptorChain.java:131)
	at org.junit.jupiter.engine.extension.TimeoutExtension.intercept(TimeoutExtension.java:156)
	at org.junit.jupiter.engine.extension.TimeoutExtension.interceptTestableMethod(TimeoutExtension.java:147)
	at org.junit.jupiter.engine.extension.TimeoutExtension.interceptTestMethod(TimeoutExtension.java:86)
	at org.junit.jupiter.engine.execution.InterceptingExecutableInvoker$ReflectiveInterceptorCall.lambda$ofVoidMethod$0(InterceptingExecutableInvoker.java:103)
	at org.junit.jupiter.engine.execution.InterceptingExecutableInvoker.lambda$invoke$0(InterceptingExecutableInvoker.java:93)
	at org.junit.jupiter.engine.execution.InvocationInterceptorChain$InterceptedInvocation.proceed(InvocationInterceptorChain.java:106)
	at org.junit.jupiter.engine.execution.InvocationInterceptorChain.proceed(InvocationInterceptorChain.java:64)
	at org.junit.jupiter.engine.execution.InvocationInterceptorChain.chainAndInvoke(InvocationInterceptorChain.java:45)
	at org.junit.jupiter.engine.execution.InvocationInterceptorChain.invoke(InvocationInterceptorChain.java:37)
	at org.junit.jupiter.engine.execution.InterceptingExecutableInvoker.invoke(InterceptingExecutableInvoker.java:92)
	at org.junit.jupiter.engine.execution.InterceptingExecutableInvoker.invoke(InterceptingExecutableInvoker.java:86)
	at org.junit.jupiter.engine.descriptor.TestMethodTestDescriptor.lambda$invokeTestMethod$7(TestMethodTestDescriptor.java:218)
	at org.junit.platform.engine.support.hierarchical.ThrowableCollector.execute(ThrowableCollector.java:73)
	at org.junit.jupiter.engine.descriptor.TestMethodTestDescriptor.invokeTestMethod(TestMethodTestDescriptor.java:214)
	at org.junit.jupiter.engine.descriptor.TestMethodTestDescriptor.execute(TestMethodTestDescriptor.java:139)
	at org.junit.jupiter.engine.descriptor.TestMethodTestDescriptor.execute(TestMethodTestDescriptor.java:69)
	at org.junit.platform.engine.support.hierarchical.NodeTestTask.lambda$executeRecursively$6(NodeTestTask.java:151)
	at org.junit.platform.engine.support.hierarchical.ThrowableCollector.execute(ThrowableCollector.java:73)
	at org.junit.platform.engine.support.hierarchical.NodeTestTask.lambda$executeRecursively$8(NodeTestTask.java:141)
	at org.junit.platform.engine.support.hierarchical.Node.around(Node.java:137)
	at org.junit.platform.engine.support.hierarchical.NodeTestTask.lambda$executeRecursively$9(NodeTestTask.java:139)
	at org.junit.platform.engine.support.hierarchical.ThrowableCollector.execute(ThrowableCollector.java:73)
	at org.junit.platform.engine.support.hierarchical.NodeTestTask.executeRecursively(NodeTestTask.java:138)
	at org.junit.platform.engine.support.hierarchical.NodeTestTask.execute(NodeTestTask.java:95)
	at java.base/java.util.ArrayList.forEach(ArrayList.java:1604)
	at org.junit.platform.engine.support.hierarchical.SameThreadHierarchicalTestExecutorService.invokeAll(SameThreadHierarchicalTestExecutorService.java:41)
	at org.junit.platform.engine.support.hierarchical.NodeTestTask.lambda$executeRecursively$6(NodeTestTask.java:155)
	at org.junit.platform.engine.support.hierarchical.ThrowableCollector.execute(ThrowableCollector.java:73)
	at org.junit.platform.engine.support.hierarchical.NodeTestTask.lambda$executeRecursively$8(NodeTestTask.java:141)
	at org.junit.platform.engine.support.hierarchical.Node.around(Node.java:137)
	at org.junit.platform.engine.support.hierarchical.NodeTestTask.lambda$executeRecursively$9(NodeTestTask.java:139)
	at org.junit.platform.engine.support.hierarchical.ThrowableCollector.execute(ThrowableCollector.java:73)
	at org.junit.platform.engine.support.hierarchical.NodeTestTask.executeRecursively(NodeTestTask.java:138)
	at org.junit.platform.engine.support.hierarchical.NodeTestTask.execute(NodeTestTask.java:95)
	at java.base/java.util.ArrayList.forEach(ArrayList.java:1604)
	at org.junit.platform.engine.support.hierarchical.SameThreadHierarchicalTestExecutorService.invokeAll(SameThreadHierarchicalTestExecutorService.java:41)
	at org.junit.platform.engine.support.hierarchical.NodeTestTask.lambda$executeRecursively$6(NodeTestTask.java:155)
	at org.junit.platform.engine.support.hierarchical.ThrowableCollector.execute(ThrowableCollector.java:73)
	at org.junit.platform.engine.support.hierarchical.NodeTestTask.lambda$executeRecursively$8(NodeTestTask.java:141)
	at org.junit.platform.engine.support.hierarchical.Node.around(Node.java:137)
	at org.junit.platform.engine.support.hierarchical.NodeTestTask.lambda$executeRecursively$9(NodeTestTask.java:139)
	at org.junit.platform.engine.support.hierarchical.ThrowableCollector.execute(ThrowableCollector.java:73)
	at org.junit.platform.engine.support.hierarchical.NodeTestTask.executeRecursively(NodeTestTask.java:138)
	at org.junit.platform.engine.support.hierarchical.NodeTestTask.execute(NodeTestTask.java:95)
	at org.junit.platform.engine.support.hierarchical.SameThreadHierarchicalTestExecutorService.submit(SameThreadHierarchicalTestExecutorService.java:35)
	at org.junit.platform.engine.support.hierarchical.HierarchicalTestExecutor.execute(HierarchicalTestExecutor.java:57)
	at org.junit.platform.engine.support.hierarchical.HierarchicalTestEngine.execute(HierarchicalTestEngine.java:54)
	at org.junit.platform.launcher.core.EngineExecutionOrchestrator.execute(EngineExecutionOrchestrator.java:198)
	at org.junit.platform.launcher.core.EngineExecutionOrchestrator.execute(EngineExecutionOrchestrator.java:169)
	at org.junit.platform.launcher.core.EngineExecutionOrchestrator.execute(EngineExecutionOrchestrator.java:93)
	at org.junit.platform.launcher.core.EngineExecutionOrchestrator.lambda$execute$0(EngineExecutionOrchestrator.java:58)
	at org.junit.platform.launcher.core.EngineExecutionOrchestrator.withInterceptedStreams(EngineExecutionOrchestrator.java:141)
	at org.junit.platform.launcher.core.EngineExecutionOrchestrator.execute(EngineExecutionOrchestrator.java:57)
	at org.junit.platform.launcher.core.DefaultLauncher.execute(DefaultLauncher.java:103)
	at org.junit.platform.launcher.core.DefaultLauncher.execute(DefaultLauncher.java:85)
	at org.junit.platform.launcher.core.DelegatingLauncher.execute(DelegatingLauncher.java:47)
	at org.apache.maven.surefire.junitplatform.LazyLauncher.execute(LazyLauncher.java:56)
	at org.apache.maven.surefire.junitplatform.JUnitPlatformProvider.execute(JUnitPlatformProvider.java:184)
	at org.apache.maven.surefire.junitplatform.JUnitPlatformProvider.invokeAllTests(JUnitPlatformProvider.java:148)
	at org.apache.maven.surefire.junitplatform.JUnitPlatformProvider.invoke(JUnitPlatformProvider.java:122)
	at org.apache.maven.surefire.booter.ForkedBooter.runSuitesInProcess(ForkedBooter.java:385)
	at org.apache.maven.surefire.booter.ForkedBooter.execute(ForkedBooter.java:162)
	at org.apache.maven.surefire.booter.ForkedBooter.run(ForkedBooter.java:507)
	at org.apache.maven.surefire.booter.ForkedBooter.main(ForkedBooter.java:495)
Caused by: java.io.IOException: Error while instrumenting java/sql/ParameterMetaData with JaCoCo 0.8.11.202310140853/f33756c.
	at org.jacoco.agent.rt.internal_4742761.core.instr.Instrumenter.instrumentError(Instrumenter.java:161)
	at org.jacoco.agent.rt.internal_4742761.core.instr.Instrumenter.instrument(Instrumenter.java:111)
	at org.jacoco.agent.rt.internal_4742761.CoverageTransformer.transform(CoverageTransformer.java:92)
	... 277 more
Caused by: java.lang.IllegalArgumentException: Unsupported class file major version 68
	at org.jacoco.agent.rt.internal_4742761.asm.ClassReader.<init>(ClassReader.java:200)
	at org.jacoco.agent.rt.internal_4742761.asm.ClassReader.<init>(ClassReader.java:180)
	at org.jacoco.agent.rt.internal_4742761.asm.ClassReader.<init>(ClassReader.java:166)
	at org.jacoco.agent.rt.internal_4742761.core.internal.instr.InstrSupport.classReaderFor(InstrSupport.java:280)
	at org.jacoco.agent.rt.internal_4742761.core.instr.Instrumenter.instrument(Instrumenter.java:77)
	at org.jacoco.agent.rt.internal_4742761.core.instr.Instrumenter.instrument(Instrumenter.java:109)
	... 278 more
]]></system-err>
  </testcase>
  <testcase name="shouldMeetQuoteGenerationPerformanceRequirements" classname="com.autoinsurance.performance.QuotePerformanceTest" time="0.005">
    <system-out><![CDATA[2025-08-14 20:26:33 - Securing POST /api/v1/quotes
2025-08-14 20:26:33 - Secured POST /api/v1/quotes
2025-08-14 20:26:33 - Mapped to com.autoinsurance.quote.controller.QuoteController#createQuote(QuoteRequestDto)
2025-08-14 20:26:33 - Read "application/json;charset=UTF-8" to [com.autoinsurance.quote.dto.QuoteRequestDto@4433655b]
2025-08-14 20:26:33 - Creating new quote request
2025-08-14 20:26:33 - Starting quote generation process
2025-08-14 20:26:33 - Starting validation for quote request
2025-08-14 20:26:33 - Vehicle validation completed for VIN: 1HGFC2F53JA123456
2025-08-14 20:26:33 - Driver validation completed for: John Doe
2025-08-14 20:26:33 - Quote request validation completed successfully
2025-08-14 20:26:33 - Quote validation successful for vehicle VIN: 1HGFC2F53JA123456 and primary driver: John Doe
2025-08-14 20:26:33 - Calculating base premium for coverage amount: 100000.00
2025-08-14 20:26:33 - Calculating discounts for quote request
2025-08-14 20:26:33 - Calculating base premium for coverage amount: 100000.00
2025-08-14 20:26:33 - Total discount applied: 0% ($0.00) for quote
2025-08-14 20:26:33 - 
    select
        q1_0.id,
        q1_0.coverage_amount,
        q1_0.created_at,
        q1_0.deductible,
        q1_0.monthly_premium,
        q1_0.premium,
        q1_0.primary_driver_license,
        q1_0.primary_driver_name,
        q1_0.valid_until,
        q1_0.vehicle_current_value,
        q1_0.vehicle_make,
        q1_0.vehicle_model,
        q1_0.vehicle_vin,
        q1_0.vehicle_year 
    from
        quotes q1_0 
    where
        q1_0.id=?
2025-08-14 20:26:33 - 
    insert 
    into
        quotes
        (coverage_amount, created_at, deductible, monthly_premium, premium, primary_driver_license, primary_driver_name, valid_until, vehicle_current_value, vehicle_make, vehicle_model, vehicle_vin, vehicle_year, id) 
    values
        (?, ?, ?, ?, ?, ?, ?, ?, ?, ?, ?, ?, ?, ?)
2025-08-14 20:26:33 - Quote successfully generated with ID: 9b5e2fc4-995b-419c-a003-f3c00da049b9, premium: 522.50, VIN: 1HGFC2F53JA123456
2025-08-14 20:26:33 - Quote created with ID: 9b5e2fc4-995b-419c-a003-f3c00da049b9 and premium: 522.50
2025-08-14 20:26:33 - Using 'application/json', given [*/*] and supported [application/json]
2025-08-14 20:26:33 - Writing [com.autoinsurance.quote.dto.QuoteResponseDto@6c4cfe0e]
2025-08-14 20:26:33 - Set SecurityContextHolder to anonymous SecurityContext
Quote generation response time: 3ms
]]></system-out>
  </testcase>
  <testcase name="shouldHandleConcurrentQuoteRequests" classname="com.autoinsurance.performance.QuotePerformanceTest" time="0.017">
    <system-out><![CDATA[2025-08-14 20:26:33 - Securing POST /api/v1/quotes
2025-08-14 20:26:33 - Securing POST /api/v1/quotes
2025-08-14 20:26:33 - Securing POST /api/v1/quotes
2025-08-14 20:26:33 - Securing POST /api/v1/quotes
2025-08-14 20:26:33 - Securing POST /api/v1/quotes
2025-08-14 20:26:33 - Securing POST /api/v1/quotes
2025-08-14 20:26:33 - Securing POST /api/v1/quotes
2025-08-14 20:26:33 - Secured POST /api/v1/quotes
2025-08-14 20:26:33 - Secured POST /api/v1/quotes
2025-08-14 20:26:33 - Mapped to com.autoinsurance.quote.controller.QuoteController#createQuote(QuoteRequestDto)
2025-08-14 20:26:33 - Mapped to com.autoinsurance.quote.controller.QuoteController#createQuote(QuoteRequestDto)
2025-08-14 20:26:33 - Secured POST /api/v1/quotes
2025-08-14 20:26:33 - Securing POST /api/v1/quotes
2025-08-14 20:26:33 - Secured POST /api/v1/quotes
2025-08-14 20:26:33 - Secured POST /api/v1/quotes
2025-08-14 20:26:33 - Securing POST /api/v1/quotes
2025-08-14 20:26:33 - Mapped to com.autoinsurance.quote.controller.QuoteController#createQuote(QuoteRequestDto)
2025-08-14 20:26:33 - Mapped to com.autoinsurance.quote.controller.QuoteController#createQuote(QuoteRequestDto)
2025-08-14 20:26:33 - Read "application/json;charset=UTF-8" to [com.autoinsurance.quote.dto.QuoteRequestDto@522c9b73]
2025-08-14 20:26:33 - Secured POST /api/v1/quotes
2025-08-14 20:26:33 - Secured POST /api/v1/quotes
2025-08-14 20:26:33 - Mapped to com.autoinsurance.quote.controller.QuoteController#createQuote(QuoteRequestDto)
2025-08-14 20:26:33 - Secured POST /api/v1/quotes
2025-08-14 20:26:33 - Mapped to com.autoinsurance.quote.controller.QuoteController#createQuote(QuoteRequestDto)
2025-08-14 20:26:33 - Read "application/json;charset=UTF-8" to [com.autoinsurance.quote.dto.QuoteRequestDto@220beb83]
2025-08-14 20:26:33 - Mapped to com.autoinsurance.quote.controller.QuoteController#createQuote(QuoteRequestDto)
2025-08-14 20:26:33 - Securing POST /api/v1/quotes
2025-08-14 20:26:33 - Read "application/json;charset=UTF-8" to [com.autoinsurance.quote.dto.QuoteRequestDto@4c22863d]
2025-08-14 20:26:33 - Read "application/json;charset=UTF-8" to [com.autoinsurance.quote.dto.QuoteRequestDto@69c88c9b]
2025-08-14 20:26:33 - Read "application/json;charset=UTF-8" to [com.autoinsurance.quote.dto.QuoteRequestDto@5a47ecc7]
2025-08-14 20:26:33 - Creating new quote request
2025-08-14 20:26:33 - Starting quote generation process
2025-08-14 20:26:33 - Starting validation for quote request
2025-08-14 20:26:33 - Secured POST /api/v1/quotes
2025-08-14 20:26:33 - Read "application/json;charset=UTF-8" to [com.autoinsurance.quote.dto.QuoteRequestDto@6a3ecb34]
2025-08-14 20:26:33 - Vehicle validation completed for VIN: 1HGFC2F53JA123456
2025-08-14 20:26:33 - Read "application/json;charset=UTF-8" to [com.autoinsurance.quote.dto.QuoteRequestDto@3550218b]
2025-08-14 20:26:33 - Driver validation completed for: John Doe
2025-08-14 20:26:33 - Quote request validation completed successfully
2025-08-14 20:26:33 - Quote validation successful for vehicle VIN: 1HGFC2F53JA123456 and primary driver: John Doe
2025-08-14 20:26:33 - Calculating base premium for coverage amount: 100000.00
2025-08-14 20:26:33 - Mapped to com.autoinsurance.quote.controller.QuoteController#createQuote(QuoteRequestDto)
2025-08-14 20:26:33 - Secured POST /api/v1/quotes
2025-08-14 20:26:33 - Calculating discounts for quote request
2025-08-14 20:26:33 - Calculating base premium for coverage amount: 100000.00
2025-08-14 20:26:33 - Total discount applied: 0% ($0.00) for quote
2025-08-14 20:26:33 - Mapped to com.autoinsurance.quote.controller.QuoteController#createQuote(QuoteRequestDto)
2025-08-14 20:26:33 - Read "application/json;charset=UTF-8" to [com.autoinsurance.quote.dto.QuoteRequestDto@1f31c7fc]
2025-08-14 20:26:33 - Read "application/json;charset=UTF-8" to [com.autoinsurance.quote.dto.QuoteRequestDto@35885192]
2025-08-14 20:26:33 - Creating new quote request
2025-08-14 20:26:33 - 
    select
        q1_0.id,
        q1_0.coverage_amount,
        q1_0.created_at,
        q1_0.deductible,
        q1_0.monthly_premium,
        q1_0.premium,
        q1_0.primary_driver_license,
        q1_0.primary_driver_name,
        q1_0.valid_until,
        q1_0.vehicle_current_value,
        q1_0.vehicle_make,
        q1_0.vehicle_model,
        q1_0.vehicle_vin,
        q1_0.vehicle_year 
    from
        quotes q1_0 
    where
        q1_0.id=?
2025-08-14 20:26:33 - Starting quote generation process
2025-08-14 20:26:33 - Creating new quote request
2025-08-14 20:26:33 - Starting validation for quote request
2025-08-14 20:26:33 - Starting quote generation process
2025-08-14 20:26:33 - Creating new quote request
2025-08-14 20:26:33 - Starting validation for quote request
2025-08-14 20:26:33 - Starting quote generation process
2025-08-14 20:26:33 - Vehicle validation completed for VIN: 1HGFC2F53JA123456
2025-08-14 20:26:33 - Starting validation for quote request
2025-08-14 20:26:33 - Driver validation completed for: John Doe
2025-08-14 20:26:33 - Quote request validation completed successfully
2025-08-14 20:26:33 - Vehicle validation completed for VIN: 1HGFC2F53JA123456
2025-08-14 20:26:33 - Creating new quote request
2025-08-14 20:26:33 - Creating new quote request
2025-08-14 20:26:33 - Starting quote generation process
2025-08-14 20:26:33 - Starting validation for quote request
2025-08-14 20:26:33 - Vehicle validation completed for VIN: 1HGFC2F53JA123456
2025-08-14 20:26:33 - Starting quote generation process
2025-08-14 20:26:33 - Driver validation completed for: John Doe
2025-08-14 20:26:33 - Quote request validation completed successfully
2025-08-14 20:26:33 - Vehicle validation completed for VIN: 1HGFC2F53JA123456
2025-08-14 20:26:33 - Creating new quote request
2025-08-14 20:26:33 - Mapped to com.autoinsurance.quote.controller.QuoteController#createQuote(QuoteRequestDto)
2025-08-14 20:26:33 - Creating new quote request
2025-08-14 20:26:33 - Starting quote generation process
2025-08-14 20:26:33 - Driver validation completed for: John Doe
2025-08-14 20:26:33 - Quote request validation completed successfully
2025-08-14 20:26:33 - Quote validation successful for vehicle VIN: 1HGFC2F53JA123456 and primary driver: John Doe
2025-08-14 20:26:33 - Starting validation for quote request
2025-08-14 20:26:33 - Calculating base premium for coverage amount: 100000.00
2025-08-14 20:26:33 - Driver validation completed for: John Doe
2025-08-14 20:26:33 - Securing POST /api/v1/quotes
2025-08-14 20:26:33 - Vehicle validation completed for VIN: 1HGFC2F53JA123456
2025-08-14 20:26:33 - Driver validation completed for: John Doe
2025-08-14 20:26:33 - Quote request validation completed successfully
2025-08-14 20:26:33 - Quote request validation completed successfully
2025-08-14 20:26:33 - Quote validation successful for vehicle VIN: 1HGFC2F53JA123456 and primary driver: John Doe
2025-08-14 20:26:33 - Quote validation successful for vehicle VIN: 1HGFC2F53JA123456 and primary driver: John Doe
2025-08-14 20:26:33 - Calculating base premium for coverage amount: 100000.00
2025-08-14 20:26:33 - Calculating base premium for coverage amount: 100000.00
2025-08-14 20:26:33 - Calculating discounts for quote request
2025-08-14 20:26:33 - Calculating base premium for coverage amount: 100000.00
2025-08-14 20:26:33 - Creating new quote request
2025-08-14 20:26:33 - 
    insert 
    into
        quotes
        (coverage_amount, created_at, deductible, monthly_premium, premium, primary_driver_license, primary_driver_name, valid_until, vehicle_current_value, vehicle_make, vehicle_model, vehicle_vin, vehicle_year, id) 
    values
        (?, ?, ?, ?, ?, ?, ?, ?, ?, ?, ?, ?, ?, ?)
2025-08-14 20:26:33 - Securing POST /api/v1/quotes
2025-08-14 20:26:33 - Starting quote generation process
2025-08-14 20:26:33 - Quote validation successful for vehicle VIN: 1HGFC2F53JA123456 and primary driver: John Doe
2025-08-14 20:26:33 - Starting validation for quote request
2025-08-14 20:26:33 - Calculating base premium for coverage amount: 100000.00
2025-08-14 20:26:33 - Securing POST /api/v1/quotes
2025-08-14 20:26:33 - Vehicle validation completed for VIN: 1HGFC2F53JA123456
2025-08-14 20:26:33 - Secured POST /api/v1/quotes
2025-08-14 20:26:33 - Starting validation for quote request
2025-08-14 20:26:33 - Driver validation completed for: John Doe
2025-08-14 20:26:33 - Quote request validation completed successfully
2025-08-14 20:26:33 - Vehicle validation completed for VIN: 1HGFC2F53JA123456
2025-08-14 20:26:33 - Quote validation successful for vehicle VIN: 1HGFC2F53JA123456 and primary driver: John Doe
2025-08-14 20:26:33 - Mapped to com.autoinsurance.quote.controller.QuoteController#createQuote(QuoteRequestDto)
2025-08-14 20:26:33 - Calculating base premium for coverage amount: 100000.00
2025-08-14 20:26:33 - Calculating discounts for quote request
2025-08-14 20:26:33 - Calculating base premium for coverage amount: 100000.00
2025-08-14 20:26:33 - Total discount applied: 0% ($0.00) for quote
2025-08-14 20:26:33 - Read "application/json;charset=UTF-8" to [com.autoinsurance.quote.dto.QuoteRequestDto@5dcb4130]
2025-08-14 20:26:33 - Securing POST /api/v1/quotes
2025-08-14 20:26:33 - Starting quote generation process
2025-08-14 20:26:33 - Securing POST /api/v1/quotes
2025-08-14 20:26:33 - Creating new quote request
2025-08-14 20:26:33 - Starting quote generation process
2025-08-14 20:26:33 - Quote successfully generated with ID: 35465a37-f1ba-40f6-b21d-191cbec67dc0, premium: 522.50, VIN: 1HGFC2F53JA123456
2025-08-14 20:26:33 - Starting validation for quote request
2025-08-14 20:26:33 - Quote created with ID: 35465a37-f1ba-40f6-b21d-191cbec67dc0 and premium: 522.50
2025-08-14 20:26:33 - Vehicle validation completed for VIN: 1HGFC2F53JA123456
2025-08-14 20:26:33 - Driver validation completed for: John Doe
2025-08-14 20:26:33 - Securing POST /api/v1/quotes
2025-08-14 20:26:33 - Using 'application/json', given [*/*] and supported [application/json]
2025-08-14 20:26:33 - Quote validation successful for vehicle VIN: 1HGFC2F53JA123456 and primary driver: John Doe
2025-08-14 20:26:33 - Calculating base premium for coverage amount: 100000.00
2025-08-14 20:26:33 - Writing [com.autoinsurance.quote.dto.QuoteResponseDto@4382d7b3]
2025-08-14 20:26:33 - Calculating discounts for quote request
2025-08-14 20:26:33 - 
    select
        q1_0.id,
        q1_0.coverage_amount,
        q1_0.created_at,
        q1_0.deductible,
        q1_0.monthly_premium,
        q1_0.premium,
        q1_0.primary_driver_license,
        q1_0.primary_driver_name,
        q1_0.valid_until,
        q1_0.vehicle_current_value,
        q1_0.vehicle_make,
        q1_0.vehicle_model,
        q1_0.vehicle_vin,
        q1_0.vehicle_year 
    from
        quotes q1_0 
    where
        q1_0.id=?
2025-08-14 20:26:33 - Secured POST /api/v1/quotes
2025-08-14 20:26:33 - Calculating discounts for quote request
2025-08-14 20:26:33 - Calculating base premium for coverage amount: 100000.00
2025-08-14 20:26:33 - Mapped to com.autoinsurance.quote.controller.QuoteController#createQuote(QuoteRequestDto)
2025-08-14 20:26:33 - Calculating discounts for quote request
2025-08-14 20:26:33 - Secured POST /api/v1/quotes
2025-08-14 20:26:33 - Set SecurityContextHolder to anonymous SecurityContext
2025-08-14 20:26:33 - Total discount applied: 0% ($0.00) for quote
2025-08-14 20:26:33 - Mapped to com.autoinsurance.quote.controller.QuoteController#createQuote(QuoteRequestDto)
2025-08-14 20:26:33 - Read "application/json;charset=UTF-8" to [com.autoinsurance.quote.dto.QuoteRequestDto@25adcd4c]
2025-08-14 20:26:33 - Securing POST /api/v1/quotes
2025-08-14 20:26:33 - Secured POST /api/v1/quotes
2025-08-14 20:26:33 - Creating new quote request
2025-08-14 20:26:33 - Securing POST /api/v1/quotes
2025-08-14 20:26:33 - Read "application/json;charset=UTF-8" to [com.autoinsurance.quote.dto.QuoteRequestDto@5f1a4b19]
2025-08-14 20:26:33 - 
    select
        q1_0.id,
        q1_0.coverage_amount,
        q1_0.created_at,
        q1_0.deductible,
        q1_0.monthly_premium,
        q1_0.premium,
        q1_0.primary_driver_license,
        q1_0.primary_driver_name,
        q1_0.valid_until,
        q1_0.vehicle_current_value,
        q1_0.vehicle_make,
        q1_0.vehicle_model,
        q1_0.vehicle_vin,
        q1_0.vehicle_year 
    from
        quotes q1_0 
    where
        q1_0.id=?
2025-08-14 20:26:33 - Securing POST /api/v1/quotes
2025-08-14 20:26:33 - Creating new quote request
2025-08-14 20:26:33 - Starting quote generation process
2025-08-14 20:26:33 - Starting validation for quote request
2025-08-14 20:26:33 - Read "application/json;charset=UTF-8" to [com.autoinsurance.quote.dto.QuoteRequestDto@401c8092]
2025-08-14 20:26:33 - Vehicle validation completed for VIN: 1HGFC2F53JA123456
2025-08-14 20:26:33 - Driver validation completed for: John Doe
2025-08-14 20:26:33 - Quote request validation completed successfully
2025-08-14 20:26:33 - Quote validation successful for vehicle VIN: 1HGFC2F53JA123456 and primary driver: John Doe
2025-08-14 20:26:33 - Calculating base premium for coverage amount: 100000.00
2025-08-14 20:26:33 - Calculating discounts for quote request
2025-08-14 20:26:33 - Calculating base premium for coverage amount: 100000.00
2025-08-14 20:26:33 - Total discount applied: 0% ($0.00) for quote
2025-08-14 20:26:33 - 
    insert 
    into
        quotes
        (coverage_amount, created_at, deductible, monthly_premium, premium, primary_driver_license, primary_driver_name, valid_until, vehicle_current_value, vehicle_make, vehicle_model, vehicle_vin, vehicle_year, id) 
    values
        (?, ?, ?, ?, ?, ?, ?, ?, ?, ?, ?, ?, ?, ?)
2025-08-14 20:26:33 - Secured POST /api/v1/quotes
2025-08-14 20:26:33 - 
    select
        q1_0.id,
        q1_0.coverage_amount,
        q1_0.created_at,
        q1_0.deductible,
        q1_0.monthly_premium,
        q1_0.premium,
        q1_0.primary_driver_license,
        q1_0.primary_driver_name,
        q1_0.valid_until,
        q1_0.vehicle_current_value,
        q1_0.vehicle_make,
        q1_0.vehicle_model,
        q1_0.vehicle_vin,
        q1_0.vehicle_year 
    from
        quotes q1_0 
    where
        q1_0.id=?
2025-08-14 20:26:33 - Mapped to com.autoinsurance.quote.controller.QuoteController#createQuote(QuoteRequestDto)
2025-08-14 20:26:33 - Secured POST /api/v1/quotes
2025-08-14 20:26:33 - Secured POST /api/v1/quotes
2025-08-14 20:26:33 - Securing POST /api/v1/quotes
2025-08-14 20:26:33 - Mapped to com.autoinsurance.quote.controller.QuoteController#createQuote(QuoteRequestDto)
2025-08-14 20:26:33 - Mapped to com.autoinsurance.quote.controller.QuoteController#createQuote(QuoteRequestDto)
2025-08-14 20:26:33 - Creating new quote request
2025-08-14 20:26:33 - Starting quote generation process
2025-08-14 20:26:33 - Quote successfully generated with ID: f74918af-1fc4-44c2-9ab9-d99b6c0ec3e5, premium: 522.50, VIN: 1HGFC2F53JA123456
2025-08-14 20:26:33 - Starting validation for quote request
2025-08-14 20:26:33 - Total discount applied: 0% ($0.00) for quote
2025-08-14 20:26:33 - Vehicle validation completed for VIN: 1HGFC2F53JA123456
2025-08-14 20:26:33 - Driver validation completed for: John Doe
2025-08-14 20:26:33 - Quote request validation completed successfully
2025-08-14 20:26:33 - Quote validation successful for vehicle VIN: 1HGFC2F53JA123456 and primary driver: John Doe
2025-08-14 20:26:33 - Calculating base premium for coverage amount: 100000.00
2025-08-14 20:26:33 - Secured POST /api/v1/quotes
2025-08-14 20:26:33 - Calculating discounts for quote request
2025-08-14 20:26:33 - Calculating base premium for coverage amount: 100000.00
2025-08-14 20:26:33 - Read "application/json;charset=UTF-8" to [com.autoinsurance.quote.dto.QuoteRequestDto@3731a998]
2025-08-14 20:26:33 - Mapped to com.autoinsurance.quote.controller.QuoteController#createQuote(QuoteRequestDto)
2025-08-14 20:26:33 - Total discount applied: 0% ($0.00) for quote
2025-08-14 20:26:33 - 
    select
        q1_0.id,
        q1_0.coverage_amount,
        q1_0.created_at,
        q1_0.deductible,
        q1_0.monthly_premium,
        q1_0.premium,
        q1_0.primary_driver_license,
        q1_0.primary_driver_name,
        q1_0.valid_until,
        q1_0.vehicle_current_value,
        q1_0.vehicle_make,
        q1_0.vehicle_model,
        q1_0.vehicle_vin,
        q1_0.vehicle_year 
    from
        quotes q1_0 
    where
        q1_0.id=?
2025-08-14 20:26:33 - Read "application/json;charset=UTF-8" to [com.autoinsurance.quote.dto.QuoteRequestDto@34c449f4]
2025-08-14 20:26:33 - Read "application/json;charset=UTF-8" to [com.autoinsurance.quote.dto.QuoteRequestDto@6f9f5086]
2025-08-14 20:26:33 - Read "application/json;charset=UTF-8" to [com.autoinsurance.quote.dto.QuoteRequestDto@70fbc465]
2025-08-14 20:26:33 - Creating new quote request
2025-08-14 20:26:33 - Calculating discounts for quote request
2025-08-14 20:26:33 - Driver validation completed for: John Doe
2025-08-14 20:26:33 - Secured POST /api/v1/quotes
2025-08-14 20:26:33 - Quote request validation completed successfully
2025-08-14 20:26:33 - Starting validation for quote request
2025-08-14 20:26:33 - Quote request validation completed successfully
2025-08-14 20:26:33 - Secured POST /api/v1/quotes
2025-08-14 20:26:33 - Vehicle validation completed for VIN: 1HGFC2F53JA123456
2025-08-14 20:26:33 - Quote validation successful for vehicle VIN: 1HGFC2F53JA123456 and primary driver: John Doe
2025-08-14 20:26:33 - Calculating base premium for coverage amount: 100000.00
2025-08-14 20:26:33 - Driver validation completed for: John Doe
2025-08-14 20:26:33 - Quote request validation completed successfully
2025-08-14 20:26:33 - Calculating discounts for quote request
2025-08-14 20:26:33 - Calculating base premium for coverage amount: 100000.00
2025-08-14 20:26:33 - Quote validation successful for vehicle VIN: 1HGFC2F53JA123456 and primary driver: John Doe
2025-08-14 20:26:33 - Calculating base premium for coverage amount: 100000.00
2025-08-14 20:26:33 - Calculating base premium for coverage amount: 100000.00
2025-08-14 20:26:33 - Mapped to com.autoinsurance.quote.controller.QuoteController#createQuote(QuoteRequestDto)
2025-08-14 20:26:33 - Calculating base premium for coverage amount: 100000.00
2025-08-14 20:26:33 - Starting quote generation process
2025-08-14 20:26:33 - Calculating discounts for quote request
2025-08-14 20:26:33 - Total discount applied: 0% ($0.00) for quote
2025-08-14 20:26:33 - Total discount applied: 0% ($0.00) for quote
2025-08-14 20:26:33 - Mapped to com.autoinsurance.quote.controller.QuoteController#createQuote(QuoteRequestDto)
2025-08-14 20:26:33 - Quote created with ID: f74918af-1fc4-44c2-9ab9-d99b6c0ec3e5 and premium: 522.50
2025-08-14 20:26:33 - Creating new quote request
2025-08-14 20:26:33 - Starting quote generation process
2025-08-14 20:26:33 - Starting validation for quote request
2025-08-14 20:26:33 - Vehicle validation completed for VIN: 1HGFC2F53JA123456
2025-08-14 20:26:33 - Creating new quote request
2025-08-14 20:26:33 - 
    insert 
    into
        quotes
        (coverage_amount, created_at, deductible, monthly_premium, premium, primary_driver_license, primary_driver_name, valid_until, vehicle_current_value, vehicle_make, vehicle_model, vehicle_vin, vehicle_year, id) 
    values
        (?, ?, ?, ?, ?, ?, ?, ?, ?, ?, ?, ?, ?, ?)
2025-08-14 20:26:33 - Driver validation completed for: John Doe
2025-08-14 20:26:33 - Quote request validation completed successfully
2025-08-14 20:26:33 - Quote validation successful for vehicle VIN: 1HGFC2F53JA123456 and primary driver: John Doe
2025-08-14 20:26:33 - Calculating base premium for coverage amount: 100000.00
2025-08-14 20:26:33 - Using 'application/json', given [*/*] and supported [application/json]
2025-08-14 20:26:33 - Calculating discounts for quote request
2025-08-14 20:26:33 - Calculating base premium for coverage amount: 100000.00
2025-08-14 20:26:33 - Writing [com.autoinsurance.quote.dto.QuoteResponseDto@5e6cf64e]
2025-08-14 20:26:33 - Total discount applied: 0% ($0.00) for quote
2025-08-14 20:26:33 - 
    insert 
    into
        quotes
        (coverage_amount, created_at, deductible, monthly_premium, premium, primary_driver_license, primary_driver_name, valid_until, vehicle_current_value, vehicle_make, vehicle_model, vehicle_vin, vehicle_year, id) 
    values
        (?, ?, ?, ?, ?, ?, ?, ?, ?, ?, ?, ?, ?, ?)
2025-08-14 20:26:33 - Set SecurityContextHolder to anonymous SecurityContext
2025-08-14 20:26:33 - Read "application/json;charset=UTF-8" to [com.autoinsurance.quote.dto.QuoteRequestDto@61a40f4b]
2025-08-14 20:26:33 - 
    select
        q1_0.id,
        q1_0.coverage_amount,
        q1_0.created_at,
        q1_0.deductible,
        q1_0.monthly_premium,
        q1_0.premium,
        q1_0.primary_driver_license,
        q1_0.primary_driver_name,
        q1_0.valid_until,
        q1_0.vehicle_current_value,
        q1_0.vehicle_make,
        q1_0.vehicle_model,
        q1_0.vehicle_vin,
        q1_0.vehicle_year 
    from
        quotes q1_0 
    where
        q1_0.id=?
2025-08-14 20:26:33 - 
    select
        q1_0.id,
        q1_0.coverage_amount,
        q1_0.created_at,
        q1_0.deductible,
        q1_0.monthly_premium,
        q1_0.premium,
        q1_0.primary_driver_license,
        q1_0.primary_driver_name,
        q1_0.valid_until,
        q1_0.vehicle_current_value,
        q1_0.vehicle_make,
        q1_0.vehicle_model,
        q1_0.vehicle_vin,
        q1_0.vehicle_year 
    from
        quotes q1_0 
    where
        q1_0.id=?
2025-08-14 20:26:33 - 
    select
        q1_0.id,
        q1_0.coverage_amount,
        q1_0.created_at,
        q1_0.deductible,
        q1_0.monthly_premium,
        q1_0.premium,
        q1_0.primary_driver_license,
        q1_0.primary_driver_name,
        q1_0.valid_until,
        q1_0.vehicle_current_value,
        q1_0.vehicle_make,
        q1_0.vehicle_model,
        q1_0.vehicle_vin,
        q1_0.vehicle_year 
    from
        quotes q1_0 
    where
        q1_0.id=?
2025-08-14 20:26:33 - Read "application/json;charset=UTF-8" to [com.autoinsurance.quote.dto.QuoteRequestDto@2b607a38]
2025-08-14 20:26:33 - Creating new quote request
2025-08-14 20:26:33 - Starting quote generation process
2025-08-14 20:26:33 - Starting validation for quote request
2025-08-14 20:26:33 - Vehicle validation completed for VIN: 1HGFC2F53JA123456
2025-08-14 20:26:33 - Driver validation completed for: John Doe
2025-08-14 20:26:33 - Quote request validation completed successfully
2025-08-14 20:26:33 - Quote validation successful for vehicle VIN: 1HGFC2F53JA123456 and primary driver: John Doe
2025-08-14 20:26:33 - Calculating base premium for coverage amount: 100000.00
2025-08-14 20:26:33 - Calculating discounts for quote request
2025-08-14 20:26:33 - Calculating base premium for coverage amount: 100000.00
2025-08-14 20:26:33 - Total discount applied: 0% ($0.00) for quote
2025-08-14 20:26:33 - Starting quote generation process
2025-08-14 20:26:33 - Quote successfully generated with ID: 0e487a0a-57ed-48c6-977f-fd015ca94ed7, premium: 522.50, VIN: 1HGFC2F53JA123456
2025-08-14 20:26:33 - Starting validation for quote request
2025-08-14 20:26:33 - Quote successfully generated with ID: 0631d6ad-4bde-4245-90c4-1bf284ca25fb, premium: 522.50, VIN: 1HGFC2F53JA123456
2025-08-14 20:26:33 - Vehicle validation completed for VIN: 1HGFC2F53JA123456
2025-08-14 20:26:33 - Quote created with ID: 0631d6ad-4bde-4245-90c4-1bf284ca25fb and premium: 522.50
2025-08-14 20:26:33 - Calculating base premium for coverage amount: 100000.00
2025-08-14 20:26:33 - Total discount applied: 0% ($0.00) for quote
2025-08-14 20:26:33 - Using 'application/json', given [*/*] and supported [application/json]
2025-08-14 20:26:33 - Writing [com.autoinsurance.quote.dto.QuoteResponseDto@4fa21e9d]
2025-08-14 20:26:33 - 
    insert 
    into
        quotes
        (coverage_amount, created_at, deductible, monthly_premium, premium, primary_driver_license, primary_driver_name, valid_until, vehicle_current_value, vehicle_make, vehicle_model, vehicle_vin, vehicle_year, id) 
    values
        (?, ?, ?, ?, ?, ?, ?, ?, ?, ?, ?, ?, ?, ?)
2025-08-14 20:26:33 - 
    insert 
    into
        quotes
        (coverage_amount, created_at, deductible, monthly_premium, premium, primary_driver_license, primary_driver_name, valid_until, vehicle_current_value, vehicle_make, vehicle_model, vehicle_vin, vehicle_year, id) 
    values
        (?, ?, ?, ?, ?, ?, ?, ?, ?, ?, ?, ?, ?, ?)
2025-08-14 20:26:33 - Creating new quote request
2025-08-14 20:26:33 - Starting quote generation process
2025-08-14 20:26:33 - Starting validation for quote request
2025-08-14 20:26:33 - Vehicle validation completed for VIN: 1HGFC2F53JA123456
2025-08-14 20:26:33 - Driver validation completed for: John Doe
2025-08-14 20:26:33 - Quote request validation completed successfully
2025-08-14 20:26:33 - Set SecurityContextHolder to anonymous SecurityContext
2025-08-14 20:26:33 - Quote validation successful for vehicle VIN: 1HGFC2F53JA123456 and primary driver: John Doe
2025-08-14 20:26:33 - Calculating base premium for coverage amount: 100000.00
2025-08-14 20:26:33 - Calculating discounts for quote request
2025-08-14 20:26:33 - Calculating base premium for coverage amount: 100000.00
2025-08-14 20:26:33 - Total discount applied: 0% ($0.00) for quote
2025-08-14 20:26:33 - Quote successfully generated with ID: e77f0dfb-a212-4578-9b36-fbac1109439b, premium: 522.50, VIN: 1HGFC2F53JA123456
2025-08-14 20:26:33 - Quote validation successful for vehicle VIN: 1HGFC2F53JA123456 and primary driver: John Doe
2025-08-14 20:26:33 - Creating new quote request
2025-08-14 20:26:33 - Calculating base premium for coverage amount: 100000.00
2025-08-14 20:26:33 - Starting quote generation process
2025-08-14 20:26:33 - Starting validation for quote request
2025-08-14 20:26:33 - Calculating discounts for quote request
2025-08-14 20:26:33 - Vehicle validation completed for VIN: 1HGFC2F53JA123456
2025-08-14 20:26:33 - Calculating base premium for coverage amount: 100000.00
2025-08-14 20:26:33 - Driver validation completed for: John Doe
2025-08-14 20:26:33 - Quote request validation completed successfully
2025-08-14 20:26:33 - 
    select
        q1_0.id,
        q1_0.coverage_amount,
        q1_0.created_at,
        q1_0.deductible,
        q1_0.monthly_premium,
        q1_0.premium,
        q1_0.primary_driver_license,
        q1_0.primary_driver_name,
        q1_0.valid_until,
        q1_0.vehicle_current_value,
        q1_0.vehicle_make,
        q1_0.vehicle_model,
        q1_0.vehicle_vin,
        q1_0.vehicle_year 
    from
        quotes q1_0 
    where
        q1_0.id=?
2025-08-14 20:26:33 - Total discount applied: 0% ($0.00) for quote
2025-08-14 20:26:33 - Quote validation successful for vehicle VIN: 1HGFC2F53JA123456 and primary driver: John Doe
2025-08-14 20:26:33 - Calculating base premium for coverage amount: 100000.00
2025-08-14 20:26:33 - Calculating discounts for quote request
2025-08-14 20:26:33 - Calculating base premium for coverage amount: 100000.00
2025-08-14 20:26:33 - Total discount applied: 0% ($0.00) for quote
2025-08-14 20:26:33 - Quote successfully generated with ID: 81dd26fc-7e68-47dc-92a9-ace16fc82fb5, premium: 522.50, VIN: 1HGFC2F53JA123456
2025-08-14 20:26:33 - Quote created with ID: 81dd26fc-7e68-47dc-92a9-ace16fc82fb5 and premium: 522.50
2025-08-14 20:26:33 - Total discount applied: 0% ($0.00) for quote
2025-08-14 20:26:33 - Mapped to com.autoinsurance.quote.controller.QuoteController#createQuote(QuoteRequestDto)
2025-08-14 20:26:33 - Using 'application/json', given [*/*] and supported [application/json]
2025-08-14 20:26:33 - Starting validation for quote request
2025-08-14 20:26:33 - 
    insert 
    into
        quotes
        (coverage_amount, created_at, deductible, monthly_premium, premium, primary_driver_license, primary_driver_name, valid_until, vehicle_current_value, vehicle_make, vehicle_model, vehicle_vin, vehicle_year, id) 
    values
        (?, ?, ?, ?, ?, ?, ?, ?, ?, ?, ?, ?, ?, ?)
2025-08-14 20:26:33 - Vehicle validation completed for VIN: 1HGFC2F53JA123456
2025-08-14 20:26:33 - 
    select
        q1_0.id,
        q1_0.coverage_amount,
        q1_0.created_at,
        q1_0.deductible,
        q1_0.monthly_premium,
        q1_0.premium,
        q1_0.primary_driver_license,
        q1_0.primary_driver_name,
        q1_0.valid_until,
        q1_0.vehicle_current_value,
        q1_0.vehicle_make,
        q1_0.vehicle_model,
        q1_0.vehicle_vin,
        q1_0.vehicle_year 
    from
        quotes q1_0 
    where
        q1_0.id=?
2025-08-14 20:26:33 - Driver validation completed for: John Doe
2025-08-14 20:26:33 - Writing [com.autoinsurance.quote.dto.QuoteResponseDto@347e6066]
2025-08-14 20:26:33 - Quote request validation completed successfully
2025-08-14 20:26:33 - Quote validation successful for vehicle VIN: 1HGFC2F53JA123456 and primary driver: John Doe
2025-08-14 20:26:33 - 
    insert 
    into
        quotes
        (coverage_amount, created_at, deductible, monthly_premium, premium, primary_driver_license, primary_driver_name, valid_until, vehicle_current_value, vehicle_make, vehicle_model, vehicle_vin, vehicle_year, id) 
    values
        (?, ?, ?, ?, ?, ?, ?, ?, ?, ?, ?, ?, ?, ?)
2025-08-14 20:26:33 - Calculating base premium for coverage amount: 100000.00
2025-08-14 20:26:33 - Calculating base premium for coverage amount: 100000.00
2025-08-14 20:26:33 - Calculating discounts for quote request
2025-08-14 20:26:33 - Starting quote generation process
2025-08-14 20:26:33 - Calculating base premium for coverage amount: 100000.00
2025-08-14 20:26:33 - Starting validation for quote request
2025-08-14 20:26:33 - 
    select
        q1_0.id,
        q1_0.coverage_amount,
        q1_0.created_at,
        q1_0.deductible,
        q1_0.monthly_premium,
        q1_0.premium,
        q1_0.primary_driver_license,
        q1_0.primary_driver_name,
        q1_0.valid_until,
        q1_0.vehicle_current_value,
        q1_0.vehicle_make,
        q1_0.vehicle_model,
        q1_0.vehicle_vin,
        q1_0.vehicle_year 
    from
        quotes q1_0 
    where
        q1_0.id=?
2025-08-14 20:26:33 - Total discount applied: 0% ($0.00) for quote
2025-08-14 20:26:33 - Vehicle validation completed for VIN: 1HGFC2F53JA123456
2025-08-14 20:26:33 - Total discount applied: 0% ($0.00) for quote
2025-08-14 20:26:33 - Driver validation completed for: John Doe
2025-08-14 20:26:33 - Set SecurityContextHolder to anonymous SecurityContext
2025-08-14 20:26:33 - Quote request validation completed successfully
2025-08-14 20:26:33 - Quote validation successful for vehicle VIN: 1HGFC2F53JA123456 and primary driver: John Doe
2025-08-14 20:26:33 - Calculating base premium for coverage amount: 100000.00
2025-08-14 20:26:33 - Quote successfully generated with ID: 3af3870a-4951-4fed-9602-008f89bce16e, premium: 522.50, VIN: 1HGFC2F53JA123456
2025-08-14 20:26:33 - Quote created with ID: 3af3870a-4951-4fed-9602-008f89bce16e and premium: 522.50
2025-08-14 20:26:33 - Calculating discounts for quote request
2025-08-14 20:26:33 - Read "application/json;charset=UTF-8" to [com.autoinsurance.quote.dto.QuoteRequestDto@22d14629]
2025-08-14 20:26:33 - Calculating base premium for coverage amount: 100000.00
2025-08-14 20:26:33 - Using 'application/json', given [*/*] and supported [application/json]
2025-08-14 20:26:33 - Total discount applied: 0% ($0.00) for quote
2025-08-14 20:26:33 - Writing [com.autoinsurance.quote.dto.QuoteResponseDto@c17b15]
2025-08-14 20:26:33 - Quote created with ID: 0e487a0a-57ed-48c6-977f-fd015ca94ed7 and premium: 522.50
2025-08-14 20:26:33 - Set SecurityContextHolder to anonymous SecurityContext
2025-08-14 20:26:33 - Using 'application/json', given [*/*] and supported [application/json]
2025-08-14 20:26:33 - 
    select
        q1_0.id,
        q1_0.coverage_amount,
        q1_0.created_at,
        q1_0.deductible,
        q1_0.monthly_premium,
        q1_0.premium,
        q1_0.primary_driver_license,
        q1_0.primary_driver_name,
        q1_0.valid_until,
        q1_0.vehicle_current_value,
        q1_0.vehicle_make,
        q1_0.vehicle_model,
        q1_0.vehicle_vin,
        q1_0.vehicle_year 
    from
        quotes q1_0 
    where
        q1_0.id=?
2025-08-14 20:26:33 - Writing [com.autoinsurance.quote.dto.QuoteResponseDto@4ce43688]
2025-08-14 20:26:33 - Driver validation completed for: John Doe
2025-08-14 20:26:33 - Quote successfully generated with ID: c260691a-4dc4-49e0-b37f-a42b94787bdf, premium: 522.50, VIN: 1HGFC2F53JA123456
2025-08-14 20:26:33 - Quote created with ID: c260691a-4dc4-49e0-b37f-a42b94787bdf and premium: 522.50
2025-08-14 20:26:33 - 
    insert 
    into
        quotes
        (coverage_amount, created_at, deductible, monthly_premium, premium, primary_driver_license, primary_driver_name, valid_until, vehicle_current_value, vehicle_make, vehicle_model, vehicle_vin, vehicle_year, id) 
    values
        (?, ?, ?, ?, ?, ?, ?, ?, ?, ?, ?, ?, ?, ?)
2025-08-14 20:26:33 - 
    select
        q1_0.id,
        q1_0.coverage_amount,
        q1_0.created_at,
        q1_0.deductible,
        q1_0.monthly_premium,
        q1_0.premium,
        q1_0.primary_driver_license,
        q1_0.primary_driver_name,
        q1_0.valid_until,
        q1_0.vehicle_current_value,
        q1_0.vehicle_make,
        q1_0.vehicle_model,
        q1_0.vehicle_vin,
        q1_0.vehicle_year 
    from
        quotes q1_0 
    where
        q1_0.id=?
2025-08-14 20:26:33 - 
    select
        q1_0.id,
        q1_0.coverage_amount,
        q1_0.created_at,
        q1_0.deductible,
        q1_0.monthly_premium,
        q1_0.premium,
        q1_0.primary_driver_license,
        q1_0.primary_driver_name,
        q1_0.valid_until,
        q1_0.vehicle_current_value,
        q1_0.vehicle_make,
        q1_0.vehicle_model,
        q1_0.vehicle_vin,
        q1_0.vehicle_year 
    from
        quotes q1_0 
    where
        q1_0.id=?
2025-08-14 20:26:33 - Using 'application/json', given [*/*] and supported [application/json]
2025-08-14 20:26:33 - Set SecurityContextHolder to anonymous SecurityContext
2025-08-14 20:26:33 - Writing [com.autoinsurance.quote.dto.QuoteResponseDto@7d824cb5]
2025-08-14 20:26:33 - Creating new quote request
2025-08-14 20:26:33 - Starting quote generation process
2025-08-14 20:26:33 - Starting validation for quote request
2025-08-14 20:26:33 - Vehicle validation completed for VIN: 1HGFC2F53JA123456
2025-08-14 20:26:33 - Driver validation completed for: John Doe
2025-08-14 20:26:33 - Quote request validation completed successfully
2025-08-14 20:26:33 - Quote validation successful for vehicle VIN: 1HGFC2F53JA123456 and primary driver: John Doe
2025-08-14 20:26:33 - Calculating base premium for coverage amount: 100000.00
2025-08-14 20:26:33 - 
    insert 
    into
        quotes
        (coverage_amount, created_at, deductible, monthly_premium, premium, primary_driver_license, primary_driver_name, valid_until, vehicle_current_value, vehicle_make, vehicle_model, vehicle_vin, vehicle_year, id) 
    values
        (?, ?, ?, ?, ?, ?, ?, ?, ?, ?, ?, ?, ?, ?)
2025-08-14 20:26:33 - Calculating discounts for quote request
2025-08-14 20:26:33 - Calculating base premium for coverage amount: 100000.00
2025-08-14 20:26:33 - Total discount applied: 0% ($0.00) for quote
2025-08-14 20:26:33 - 
    insert 
    into
        quotes
        (coverage_amount, created_at, deductible, monthly_premium, premium, primary_driver_license, primary_driver_name, valid_until, vehicle_current_value, vehicle_make, vehicle_model, vehicle_vin, vehicle_year, id) 
    values
        (?, ?, ?, ?, ?, ?, ?, ?, ?, ?, ?, ?, ?, ?)
2025-08-14 20:26:33 - Set SecurityContextHolder to anonymous SecurityContext
2025-08-14 20:26:33 - Quote successfully generated with ID: af076eeb-0bb7-4add-880a-b874268ff206, premium: 522.50, VIN: 1HGFC2F53JA123456
2025-08-14 20:26:33 - Quote created with ID: af076eeb-0bb7-4add-880a-b874268ff206 and premium: 522.50
2025-08-14 20:26:33 - Using 'application/json', given [*/*] and supported [application/json]
2025-08-14 20:26:33 - Writing [com.autoinsurance.quote.dto.QuoteResponseDto@46e8bad9]
2025-08-14 20:26:33 - 
    select
        q1_0.id,
        q1_0.coverage_amount,
        q1_0.created_at,
        q1_0.deductible,
        q1_0.monthly_premium,
        q1_0.premium,
        q1_0.primary_driver_license,
        q1_0.primary_driver_name,
        q1_0.valid_until,
        q1_0.vehicle_current_value,
        q1_0.vehicle_make,
        q1_0.vehicle_model,
        q1_0.vehicle_vin,
        q1_0.vehicle_year 
    from
        quotes q1_0 
    where
        q1_0.id=?
2025-08-14 20:26:33 - Set SecurityContextHolder to anonymous SecurityContext
2025-08-14 20:26:33 - Quote successfully generated with ID: 6dd96838-7918-45e1-a97d-30d6bf7c8480, premium: 522.50, VIN: 1HGFC2F53JA123456
2025-08-14 20:26:33 - Quote created with ID: 6dd96838-7918-45e1-a97d-30d6bf7c8480 and premium: 522.50
2025-08-14 20:26:33 - Using 'application/json', given [*/*] and supported [application/json]
2025-08-14 20:26:33 - Writing [com.autoinsurance.quote.dto.QuoteResponseDto@1696bb09]
2025-08-14 20:26:33 - 
    select
        q1_0.id,
        q1_0.coverage_amount,
        q1_0.created_at,
        q1_0.deductible,
        q1_0.monthly_premium,
        q1_0.premium,
        q1_0.primary_driver_license,
        q1_0.primary_driver_name,
        q1_0.valid_until,
        q1_0.vehicle_current_value,
        q1_0.vehicle_make,
        q1_0.vehicle_model,
        q1_0.vehicle_vin,
        q1_0.vehicle_year 
    from
        quotes q1_0 
    where
        q1_0.id=?
2025-08-14 20:26:33 - Set SecurityContextHolder to anonymous SecurityContext
2025-08-14 20:26:33 - Quote created with ID: e77f0dfb-a212-4578-9b36-fbac1109439b and premium: 522.50
2025-08-14 20:26:33 - Quote successfully generated with ID: f6725cbd-681d-447f-af5a-6c86d127bb21, premium: 522.50, VIN: 1HGFC2F53JA123456
2025-08-14 20:26:33 - 
    insert 
    into
        quotes
        (coverage_amount, created_at, deductible, monthly_premium, premium, primary_driver_license, primary_driver_name, valid_until, vehicle_current_value, vehicle_make, vehicle_model, vehicle_vin, vehicle_year, id) 
    values
        (?, ?, ?, ?, ?, ?, ?, ?, ?, ?, ?, ?, ?, ?)
2025-08-14 20:26:33 - Quote created with ID: f6725cbd-681d-447f-af5a-6c86d127bb21 and premium: 522.50
2025-08-14 20:26:33 - Using 'application/json', given [*/*] and supported [application/json]
2025-08-14 20:26:33 - Writing [com.autoinsurance.quote.dto.QuoteResponseDto@2e607b92]
2025-08-14 20:26:33 - Using 'application/json', given [*/*] and supported [application/json]
2025-08-14 20:26:33 - Writing [com.autoinsurance.quote.dto.QuoteResponseDto@62e8fa76]
2025-08-14 20:26:33 - 
    select
        q1_0.id,
        q1_0.coverage_amount,
        q1_0.created_at,
        q1_0.deductible,
        q1_0.monthly_premium,
        q1_0.premium,
        q1_0.primary_driver_license,
        q1_0.primary_driver_name,
        q1_0.valid_until,
        q1_0.vehicle_current_value,
        q1_0.vehicle_make,
        q1_0.vehicle_model,
        q1_0.vehicle_vin,
        q1_0.vehicle_year 
    from
        quotes q1_0 
    where
        q1_0.id=?
2025-08-14 20:26:33 - Set SecurityContextHolder to anonymous SecurityContext
2025-08-14 20:26:33 - Set SecurityContextHolder to anonymous SecurityContext
2025-08-14 20:26:33 - 
    insert 
    into
        quotes
        (coverage_amount, created_at, deductible, monthly_premium, premium, primary_driver_license, primary_driver_name, valid_until, vehicle_current_value, vehicle_make, vehicle_model, vehicle_vin, vehicle_year, id) 
    values
        (?, ?, ?, ?, ?, ?, ?, ?, ?, ?, ?, ?, ?, ?)
2025-08-14 20:26:33 - Quote request validation completed successfully
2025-08-14 20:26:33 - Quote validation successful for vehicle VIN: 1HGFC2F53JA123456 and primary driver: John Doe
2025-08-14 20:26:33 - Calculating base premium for coverage amount: 100000.00
2025-08-14 20:26:33 - 
    select
        q1_0.id,
        q1_0.coverage_amount,
        q1_0.created_at,
        q1_0.deductible,
        q1_0.monthly_premium,
        q1_0.premium,
        q1_0.primary_driver_license,
        q1_0.primary_driver_name,
        q1_0.valid_until,
        q1_0.vehicle_current_value,
        q1_0.vehicle_make,
        q1_0.vehicle_model,
        q1_0.vehicle_vin,
        q1_0.vehicle_year 
    from
        quotes q1_0 
    where
        q1_0.id=?
2025-08-14 20:26:33 - 
    insert 
    into
        quotes
        (coverage_amount, created_at, deductible, monthly_premium, premium, primary_driver_license, primary_driver_name, valid_until, vehicle_current_value, vehicle_make, vehicle_model, vehicle_vin, vehicle_year, id) 
    values
        (?, ?, ?, ?, ?, ?, ?, ?, ?, ?, ?, ?, ?, ?)
2025-08-14 20:26:33 - 
    select
        q1_0.id,
        q1_0.coverage_amount,
        q1_0.created_at,
        q1_0.deductible,
        q1_0.monthly_premium,
        q1_0.premium,
        q1_0.primary_driver_license,
        q1_0.primary_driver_name,
        q1_0.valid_until,
        q1_0.vehicle_current_value,
        q1_0.vehicle_make,
        q1_0.vehicle_model,
        q1_0.vehicle_vin,
        q1_0.vehicle_year 
    from
        quotes q1_0 
    where
        q1_0.id=?
2025-08-14 20:26:33 - Quote successfully generated with ID: 3bb10a5e-9fb3-4b85-8010-0e1d1dd7e1d4, premium: 522.50, VIN: 1HGFC2F53JA123456
2025-08-14 20:26:33 - Quote created with ID: 3bb10a5e-9fb3-4b85-8010-0e1d1dd7e1d4 and premium: 522.50
2025-08-14 20:26:33 - 
    insert 
    into
        quotes
        (coverage_amount, created_at, deductible, monthly_premium, premium, primary_driver_license, primary_driver_name, valid_until, vehicle_current_value, vehicle_make, vehicle_model, vehicle_vin, vehicle_year, id) 
    values
        (?, ?, ?, ?, ?, ?, ?, ?, ?, ?, ?, ?, ?, ?)
2025-08-14 20:26:33 - Using 'application/json', given [*/*] and supported [application/json]
2025-08-14 20:26:33 - Calculating discounts for quote request
2025-08-14 20:26:33 - Calculating base premium for coverage amount: 100000.00
2025-08-14 20:26:33 - 
    insert 
    into
        quotes
        (coverage_amount, created_at, deductible, monthly_premium, premium, primary_driver_license, primary_driver_name, valid_until, vehicle_current_value, vehicle_make, vehicle_model, vehicle_vin, vehicle_year, id) 
    values
        (?, ?, ?, ?, ?, ?, ?, ?, ?, ?, ?, ?, ?, ?)
2025-08-14 20:26:33 - Total discount applied: 0% ($0.00) for quote
2025-08-14 20:26:33 - Quote successfully generated with ID: 84c2ee3d-bf59-4661-a893-d5cb7f6a66ac, premium: 522.50, VIN: 1HGFC2F53JA123456
2025-08-14 20:26:33 - Quote created with ID: 84c2ee3d-bf59-4661-a893-d5cb7f6a66ac and premium: 522.50
2025-08-14 20:26:33 - Quote successfully generated with ID: 22ef739e-7900-4e30-a8f7-b7666cd500da, premium: 522.50, VIN: 1HGFC2F53JA123456
2025-08-14 20:26:33 - Quote created with ID: 22ef739e-7900-4e30-a8f7-b7666cd500da and premium: 522.50
2025-08-14 20:26:33 - Using 'application/json', given [*/*] and supported [application/json]
2025-08-14 20:26:33 - Using 'application/json', given [*/*] and supported [application/json]
2025-08-14 20:26:33 - 
    select
        q1_0.id,
        q1_0.coverage_amount,
        q1_0.created_at,
        q1_0.deductible,
        q1_0.monthly_premium,
        q1_0.premium,
        q1_0.primary_driver_license,
        q1_0.primary_driver_name,
        q1_0.valid_until,
        q1_0.vehicle_current_value,
        q1_0.vehicle_make,
        q1_0.vehicle_model,
        q1_0.vehicle_vin,
        q1_0.vehicle_year 
    from
        quotes q1_0 
    where
        q1_0.id=?
2025-08-14 20:26:33 - Quote successfully generated with ID: 7006ec60-edab-4f11-a8b5-9ce9cbe0ba56, premium: 522.50, VIN: 1HGFC2F53JA123456
2025-08-14 20:26:33 - Writing [com.autoinsurance.quote.dto.QuoteResponseDto@71c27ea5]
2025-08-14 20:26:33 - Writing [com.autoinsurance.quote.dto.QuoteResponseDto@7c58758]
2025-08-14 20:26:33 - Quote created with ID: 7006ec60-edab-4f11-a8b5-9ce9cbe0ba56 and premium: 522.50
2025-08-14 20:26:33 - Using 'application/json', given [*/*] and supported [application/json]
2025-08-14 20:26:33 - Quote successfully generated with ID: 2aa2875a-eb6a-4138-82d4-1b69191a8f16, premium: 522.50, VIN: 1HGFC2F53JA123456
2025-08-14 20:26:33 - Quote created with ID: 2aa2875a-eb6a-4138-82d4-1b69191a8f16 and premium: 522.50
2025-08-14 20:26:33 - Writing [com.autoinsurance.quote.dto.QuoteResponseDto@f9d6dd4]
2025-08-14 20:26:33 - Using 'application/json', given [*/*] and supported [application/json]
2025-08-14 20:26:33 - Writing [com.autoinsurance.quote.dto.QuoteResponseDto@1f8d429a]
2025-08-14 20:26:33 - 
    insert 
    into
        quotes
        (coverage_amount, created_at, deductible, monthly_premium, premium, primary_driver_license, primary_driver_name, valid_until, vehicle_current_value, vehicle_make, vehicle_model, vehicle_vin, vehicle_year, id) 
    values
        (?, ?, ?, ?, ?, ?, ?, ?, ?, ?, ?, ?, ?, ?)
2025-08-14 20:26:33 - 
    insert 
    into
        quotes
        (coverage_amount, created_at, deductible, monthly_premium, premium, primary_driver_license, primary_driver_name, valid_until, vehicle_current_value, vehicle_make, vehicle_model, vehicle_vin, vehicle_year, id) 
    values
        (?, ?, ?, ?, ?, ?, ?, ?, ?, ?, ?, ?, ?, ?)
2025-08-14 20:26:33 - Set SecurityContextHolder to anonymous SecurityContext
2025-08-14 20:26:33 - Set SecurityContextHolder to anonymous SecurityContext
2025-08-14 20:26:33 - Set SecurityContextHolder to anonymous SecurityContext
2025-08-14 20:26:33 - 
    insert 
    into
        quotes
        (coverage_amount, created_at, deductible, monthly_premium, premium, primary_driver_license, primary_driver_name, valid_until, vehicle_current_value, vehicle_make, vehicle_model, vehicle_vin, vehicle_year, id) 
    values
        (?, ?, ?, ?, ?, ?, ?, ?, ?, ?, ?, ?, ?, ?)
2025-08-14 20:26:33 - Writing [com.autoinsurance.quote.dto.QuoteResponseDto@9dc5d9]
2025-08-14 20:26:33 - Set SecurityContextHolder to anonymous SecurityContext
2025-08-14 20:26:33 - Set SecurityContextHolder to anonymous SecurityContext
2025-08-14 20:26:33 - 
    insert 
    into
        quotes
        (coverage_amount, created_at, deductible, monthly_premium, premium, primary_driver_license, primary_driver_name, valid_until, vehicle_current_value, vehicle_make, vehicle_model, vehicle_vin, vehicle_year, id) 
    values
        (?, ?, ?, ?, ?, ?, ?, ?, ?, ?, ?, ?, ?, ?)
2025-08-14 20:26:33 - Quote successfully generated with ID: 4cc51a5c-24de-4c3c-b5b7-19b38be50a6e, premium: 522.50, VIN: 1HGFC2F53JA123456
2025-08-14 20:26:33 - Quote created with ID: 4cc51a5c-24de-4c3c-b5b7-19b38be50a6e and premium: 522.50
2025-08-14 20:26:33 - Using 'application/json', given [*/*] and supported [application/json]
2025-08-14 20:26:33 - Writing [com.autoinsurance.quote.dto.QuoteResponseDto@770b3178]
2025-08-14 20:26:33 - Quote successfully generated with ID: 6d075980-c67f-41d0-b55a-a2d444f3e928, premium: 522.50, VIN: 1HGFC2F53JA123456
2025-08-14 20:26:33 - Quote created with ID: 6d075980-c67f-41d0-b55a-a2d444f3e928 and premium: 522.50
2025-08-14 20:26:33 - Quote successfully generated with ID: 6d8e7194-a019-42a5-b9e2-2992b2053abb, premium: 522.50, VIN: 1HGFC2F53JA123456
2025-08-14 20:26:33 - Using 'application/json', given [*/*] and supported [application/json]
2025-08-14 20:26:33 - Set SecurityContextHolder to anonymous SecurityContext
2025-08-14 20:26:33 - Quote created with ID: 6d8e7194-a019-42a5-b9e2-2992b2053abb and premium: 522.50
2025-08-14 20:26:33 - Writing [com.autoinsurance.quote.dto.QuoteResponseDto@540039cf]
2025-08-14 20:26:33 - Using 'application/json', given [*/*] and supported [application/json]
2025-08-14 20:26:33 - Writing [com.autoinsurance.quote.dto.QuoteResponseDto@6b04878a]
2025-08-14 20:26:33 - Set SecurityContextHolder to anonymous SecurityContext
2025-08-14 20:26:33 - Set SecurityContextHolder to anonymous SecurityContext
2025-08-14 20:26:33 - Quote successfully generated with ID: f248164d-441b-4e07-8868-8d8b49a19e0c, premium: 522.50, VIN: 1HGFC2F53JA123456
2025-08-14 20:26:33 - Quote created with ID: f248164d-441b-4e07-8868-8d8b49a19e0c and premium: 522.50
2025-08-14 20:26:33 - Using 'application/json', given [*/*] and supported [application/json]
2025-08-14 20:26:33 - Writing [com.autoinsurance.quote.dto.QuoteResponseDto@13aae433]
2025-08-14 20:26:33 - Set SecurityContextHolder to anonymous SecurityContext
=== PERFORMANCE METRICS ===
Concurrent users: 20
Total test time: 15ms
Average response time: 9.75ms
Min response time: 4ms
Max response time: 14ms
Requests per second: 1333.33
Success rate: 100% (all 20 requests succeeded)
]]></system-out>
  </testcase>
</testsuite>