<?xml version="1.0" encoding="UTF-8"?>
<testsuite xmlns:xsi="http://www.w3.org/2001/XMLSchema-instance" xsi:noNamespaceSchemaLocation="https://maven.apache.org/surefire/maven-surefire-plugin/xsd/surefire-test-report-3.0.xsd" version="3.0" name="com.autoinsurance.stress.StressAndReliabilityTest" time="36.619" tests="6" errors="0" skipped="0" failures="0">
  <properties>
    <property name="java.specification.version" value="24"/>
    <property name="sun.jnu.encoding" value="UTF-8"/>
    <property name="java.class.path" value="/Users/mvvkiran/Workspace/ExampleApplicationWithTDD/target/test-classes:/Users/mvvkiran/Workspace/ExampleApplicationWithTDD/target/classes:/Users/mvvkiran/.m2/repository/org/springframework/boot/spring-boot-starter-web/3.2.0/spring-boot-starter-web-3.2.0.jar:/Users/mvvkiran/.m2/repository/org/springframework/boot/spring-boot-starter/3.2.0/spring-boot-starter-3.2.0.jar:/Users/mvvkiran/.m2/repository/org/springframework/boot/spring-boot/3.2.0/spring-boot-3.2.0.jar:/Users/mvvkiran/.m2/repository/org/springframework/boot/spring-boot-autoconfigure/3.2.0/spring-boot-autoconfigure-3.2.0.jar:/Users/mvvkiran/.m2/repository/org/springframework/boot/spring-boot-starter-logging/3.2.0/spring-boot-starter-logging-3.2.0.jar:/Users/mvvkiran/.m2/repository/ch/qos/logback/logback-classic/1.4.11/logback-classic-1.4.11.jar:/Users/mvvkiran/.m2/repository/ch/qos/logback/logback-core/1.4.11/logback-core-1.4.11.jar:/Users/mvvkiran/.m2/repository/org/apache/logging/log4j/log4j-to-slf4j/2.21.1/log4j-to-slf4j-2.21.1.jar:/Users/mvvkiran/.m2/repository/org/apache/logging/log4j/log4j-api/2.21.1/log4j-api-2.21.1.jar:/Users/mvvkiran/.m2/repository/org/slf4j/jul-to-slf4j/2.0.9/jul-to-slf4j-2.0.9.jar:/Users/mvvkiran/.m2/repository/jakarta/annotation/jakarta.annotation-api/2.1.1/jakarta.annotation-api-2.1.1.jar:/Users/mvvkiran/.m2/repository/org/yaml/snakeyaml/2.2/snakeyaml-2.2.jar:/Users/mvvkiran/.m2/repository/org/springframework/boot/spring-boot-starter-json/3.2.0/spring-boot-starter-json-3.2.0.jar:/Users/mvvkiran/.m2/repository/com/fasterxml/jackson/datatype/jackson-datatype-jdk8/2.15.3/jackson-datatype-jdk8-2.15.3.jar:/Users/mvvkiran/.m2/repository/com/fasterxml/jackson/datatype/jackson-datatype-jsr310/2.15.3/jackson-datatype-jsr310-2.15.3.jar:/Users/mvvkiran/.m2/repository/com/fasterxml/jackson/module/jackson-module-parameter-names/2.15.3/jackson-module-parameter-names-2.15.3.jar:/Users/mvvkiran/.m2/repository/org/springframework/boot/spring-boot-starter-tomcat/3.2.0/spring-boot-starter-tomcat-3.2.0.jar:/Users/mvvkiran/.m2/repository/org/apache/tomcat/embed/tomcat-embed-core/10.1.16/tomcat-embed-core-10.1.16.jar:/Users/mvvkiran/.m2/repository/org/apache/tomcat/embed/tomcat-embed-websocket/10.1.16/tomcat-embed-websocket-10.1.16.jar:/Users/mvvkiran/.m2/repository/org/springframework/spring-web/6.1.1/spring-web-6.1.1.jar:/Users/mvvkiran/.m2/repository/org/springframework/spring-beans/6.1.1/spring-beans-6.1.1.jar:/Users/mvvkiran/.m2/repository/org/springframework/spring-webmvc/6.1.1/spring-webmvc-6.1.1.jar:/Users/mvvkiran/.m2/repository/org/springframework/spring-context/6.1.1/spring-context-6.1.1.jar:/Users/mvvkiran/.m2/repository/org/springframework/spring-expression/6.1.1/spring-expression-6.1.1.jar:/Users/mvvkiran/.m2/repository/org/springframework/boot/spring-boot-starter-data-jpa/3.2.0/spring-boot-starter-data-jpa-3.2.0.jar:/Users/mvvkiran/.m2/repository/org/springframework/boot/spring-boot-starter-aop/3.2.0/spring-boot-starter-aop-3.2.0.jar:/Users/mvvkiran/.m2/repository/org/aspectj/aspectjweaver/1.9.20.1/aspectjweaver-1.9.20.1.jar:/Users/mvvkiran/.m2/repository/org/springframework/boot/spring-boot-starter-jdbc/3.2.0/spring-boot-starter-jdbc-3.2.0.jar:/Users/mvvkiran/.m2/repository/com/zaxxer/HikariCP/5.0.1/HikariCP-5.0.1.jar:/Users/mvvkiran/.m2/repository/org/springframework/spring-jdbc/6.1.1/spring-jdbc-6.1.1.jar:/Users/mvvkiran/.m2/repository/org/hibernate/orm/hibernate-core/6.3.1.Final/hibernate-core-6.3.1.Final.jar:/Users/mvvkiran/.m2/repository/jakarta/persistence/jakarta.persistence-api/3.1.0/jakarta.persistence-api-3.1.0.jar:/Users/mvvkiran/.m2/repository/jakarta/transaction/jakarta.transaction-api/2.0.1/jakarta.transaction-api-2.0.1.jar:/Users/mvvkiran/.m2/repository/org/jboss/logging/jboss-logging/3.5.3.Final/jboss-logging-3.5.3.Final.jar:/Users/mvvkiran/.m2/repository/org/hibernate/common/hibernate-commons-annotations/6.0.6.Final/hibernate-commons-annotations-6.0.6.Final.jar:/Users/mvvkiran/.m2/repository/io/smallrye/jandex/3.1.2/jandex-3.1.2.jar:/Users/mvvkiran/.m2/repository/com/fasterxml/classmate/1.6.0/classmate-1.6.0.jar:/Users/mvvkiran/.m2/repository/net/bytebuddy/byte-buddy/1.14.10/byte-buddy-1.14.10.jar:/Users/mvvkiran/.m2/repository/org/glassfish/jaxb/jaxb-runtime/4.0.4/jaxb-runtime-4.0.4.jar:/Users/mvvkiran/.m2/repository/org/glassfish/jaxb/jaxb-core/4.0.4/jaxb-core-4.0.4.jar:/Users/mvvkiran/.m2/repository/org/eclipse/angus/angus-activation/2.0.1/angus-activation-2.0.1.jar:/Users/mvvkiran/.m2/repository/org/glassfish/jaxb/txw2/4.0.4/txw2-4.0.4.jar:/Users/mvvkiran/.m2/repository/com/sun/istack/istack-commons-runtime/4.1.2/istack-commons-runtime-4.1.2.jar:/Users/mvvkiran/.m2/repository/jakarta/inject/jakarta.inject-api/2.0.1/jakarta.inject-api-2.0.1.jar:/Users/mvvkiran/.m2/repository/org/antlr/antlr4-runtime/4.10.1/antlr4-runtime-4.10.1.jar:/Users/mvvkiran/.m2/repository/org/springframework/data/spring-data-jpa/3.2.0/spring-data-jpa-3.2.0.jar:/Users/mvvkiran/.m2/repository/org/springframework/data/spring-data-commons/3.2.0/spring-data-commons-3.2.0.jar:/Users/mvvkiran/.m2/repository/org/springframework/spring-orm/6.1.1/spring-orm-6.1.1.jar:/Users/mvvkiran/.m2/repository/org/springframework/spring-tx/6.1.1/spring-tx-6.1.1.jar:/Users/mvvkiran/.m2/repository/org/springframework/spring-aspects/6.1.1/spring-aspects-6.1.1.jar:/Users/mvvkiran/.m2/repository/org/springframework/boot/spring-boot-starter-validation/3.2.0/spring-boot-starter-validation-3.2.0.jar:/Users/mvvkiran/.m2/repository/org/apache/tomcat/embed/tomcat-embed-el/10.1.16/tomcat-embed-el-10.1.16.jar:/Users/mvvkiran/.m2/repository/org/hibernate/validator/hibernate-validator/8.0.1.Final/hibernate-validator-8.0.1.Final.jar:/Users/mvvkiran/.m2/repository/jakarta/validation/jakarta.validation-api/3.0.2/jakarta.validation-api-3.0.2.jar:/Users/mvvkiran/.m2/repository/org/springframework/boot/spring-boot-starter-security/3.2.0/spring-boot-starter-security-3.2.0.jar:/Users/mvvkiran/.m2/repository/org/springframework/spring-aop/6.1.1/spring-aop-6.1.1.jar:/Users/mvvkiran/.m2/repository/org/springframework/security/spring-security-config/6.2.0/spring-security-config-6.2.0.jar:/Users/mvvkiran/.m2/repository/org/springframework/security/spring-security-web/6.2.0/spring-security-web-6.2.0.jar:/Users/mvvkiran/.m2/repository/org/springframework/boot/spring-boot-starter-actuator/3.2.0/spring-boot-starter-actuator-3.2.0.jar:/Users/mvvkiran/.m2/repository/org/springframework/boot/spring-boot-actuator-autoconfigure/3.2.0/spring-boot-actuator-autoconfigure-3.2.0.jar:/Users/mvvkiran/.m2/repository/org/springframework/boot/spring-boot-actuator/3.2.0/spring-boot-actuator-3.2.0.jar:/Users/mvvkiran/.m2/repository/io/micrometer/micrometer-observation/1.12.0/micrometer-observation-1.12.0.jar:/Users/mvvkiran/.m2/repository/io/micrometer/micrometer-commons/1.12.0/micrometer-commons-1.12.0.jar:/Users/mvvkiran/.m2/repository/io/micrometer/micrometer-jakarta9/1.12.0/micrometer-jakarta9-1.12.0.jar:/Users/mvvkiran/.m2/repository/io/micrometer/micrometer-core/1.12.0/micrometer-core-1.12.0.jar:/Users/mvvkiran/.m2/repository/org/latencyutils/LatencyUtils/2.0.3/LatencyUtils-2.0.3.jar:/Users/mvvkiran/.m2/repository/com/h2database/h2/2.2.224/h2-2.2.224.jar:/Users/mvvkiran/.m2/repository/org/postgresql/postgresql/42.6.0/postgresql-42.6.0.jar:/Users/mvvkiran/.m2/repository/org/checkerframework/checker-qual/3.31.0/checker-qual-3.31.0.jar:/Users/mvvkiran/.m2/repository/org/springdoc/springdoc-openapi-starter-webmvc-ui/2.2.0/springdoc-openapi-starter-webmvc-ui-2.2.0.jar:/Users/mvvkiran/.m2/repository/org/springdoc/springdoc-openapi-starter-webmvc-api/2.2.0/springdoc-openapi-starter-webmvc-api-2.2.0.jar:/Users/mvvkiran/.m2/repository/org/springdoc/springdoc-openapi-starter-common/2.2.0/springdoc-openapi-starter-common-2.2.0.jar:/Users/mvvkiran/.m2/repository/io/swagger/core/v3/swagger-core-jakarta/2.2.15/swagger-core-jakarta-2.2.15.jar:/Users/mvvkiran/.m2/repository/io/swagger/core/v3/swagger-annotations-jakarta/2.2.15/swagger-annotations-jakarta-2.2.15.jar:/Users/mvvkiran/.m2/repository/io/swagger/core/v3/swagger-models-jakarta/2.2.15/swagger-models-jakarta-2.2.15.jar:/Users/mvvkiran/.m2/repository/com/fasterxml/jackson/dataformat/jackson-dataformat-yaml/2.15.3/jackson-dataformat-yaml-2.15.3.jar:/Users/mvvkiran/.m2/repository/org/webjars/swagger-ui/5.2.0/swagger-ui-5.2.0.jar:/Users/mvvkiran/.m2/repository/org/projectlombok/lombok/1.18.30/lombok-1.18.30.jar:/Users/mvvkiran/.m2/repository/org/mapstruct/mapstruct/1.5.5.Final/mapstruct-1.5.5.Final.jar:/Users/mvvkiran/.m2/repository/org/mapstruct/mapstruct-processor/1.5.5.Final/mapstruct-processor-1.5.5.Final.jar:/Users/mvvkiran/.m2/repository/io/jsonwebtoken/jjwt-api/0.12.3/jjwt-api-0.12.3.jar:/Users/mvvkiran/.m2/repository/io/jsonwebtoken/jjwt-impl/0.12.3/jjwt-impl-0.12.3.jar:/Users/mvvkiran/.m2/repository/io/jsonwebtoken/jjwt-jackson/0.12.3/jjwt-jackson-0.12.3.jar:/Users/mvvkiran/.m2/repository/com/fasterxml/jackson/core/jackson-databind/2.15.3/jackson-databind-2.15.3.jar:/Users/mvvkiran/.m2/repository/com/fasterxml/jackson/core/jackson-annotations/2.15.3/jackson-annotations-2.15.3.jar:/Users/mvvkiran/.m2/repository/com/fasterxml/jackson/core/jackson-core/2.15.3/jackson-core-2.15.3.jar:/Users/mvvkiran/.m2/repository/org/springframework/boot/spring-boot-starter-test/3.2.0/spring-boot-starter-test-3.2.0.jar:/Users/mvvkiran/.m2/repository/org/springframework/boot/spring-boot-test/3.2.0/spring-boot-test-3.2.0.jar:/Users/mvvkiran/.m2/repository/org/springframework/boot/spring-boot-test-autoconfigure/3.2.0/spring-boot-test-autoconfigure-3.2.0.jar:/Users/mvvkiran/.m2/repository/com/jayway/jsonpath/json-path/2.8.0/json-path-2.8.0.jar:/Users/mvvkiran/.m2/repository/jakarta/xml/bind/jakarta.xml.bind-api/4.0.1/jakarta.xml.bind-api-4.0.1.jar:/Users/mvvkiran/.m2/repository/jakarta/activation/jakarta.activation-api/2.1.2/jakarta.activation-api-2.1.2.jar:/Users/mvvkiran/.m2/repository/net/minidev/json-smart/2.5.0/json-smart-2.5.0.jar:/Users/mvvkiran/.m2/repository/net/minidev/accessors-smart/2.5.0/accessors-smart-2.5.0.jar:/Users/mvvkiran/.m2/repository/org/ow2/asm/asm/9.3/asm-9.3.jar:/Users/mvvkiran/.m2/repository/org/assertj/assertj-core/3.24.2/assertj-core-3.24.2.jar:/Users/mvvkiran/.m2/repository/org/awaitility/awaitility/4.2.0/awaitility-4.2.0.jar:/Users/mvvkiran/.m2/repository/org/hamcrest/hamcrest/2.2/hamcrest-2.2.jar:/Users/mvvkiran/.m2/repository/org/junit/jupiter/junit-jupiter/5.10.1/junit-jupiter-5.10.1.jar:/Users/mvvkiran/.m2/repository/org/junit/jupiter/junit-jupiter-params/5.10.1/junit-jupiter-params-5.10.1.jar:/Users/mvvkiran/.m2/repository/org/junit/jupiter/junit-jupiter-engine/5.10.1/junit-jupiter-engine-5.10.1.jar:/Users/mvvkiran/.m2/repository/org/junit/platform/junit-platform-engine/1.10.1/junit-platform-engine-1.10.1.jar:/Users/mvvkiran/.m2/repository/org/mockito/mockito-core/5.7.0/mockito-core-5.7.0.jar:/Users/mvvkiran/.m2/repository/net/bytebuddy/byte-buddy-agent/1.14.10/byte-buddy-agent-1.14.10.jar:/Users/mvvkiran/.m2/repository/org/objenesis/objenesis/3.3/objenesis-3.3.jar:/Users/mvvkiran/.m2/repository/org/mockito/mockito-junit-jupiter/5.7.0/mockito-junit-jupiter-5.7.0.jar:/Users/mvvkiran/.m2/repository/org/skyscreamer/jsonassert/1.5.1/jsonassert-1.5.1.jar:/Users/mvvkiran/.m2/repository/com/vaadin/external/google/android-json/0.0.20131108.vaadin1/android-json-0.0.20131108.vaadin1.jar:/Users/mvvkiran/.m2/repository/org/springframework/spring-core/6.1.1/spring-core-6.1.1.jar:/Users/mvvkiran/.m2/repository/org/springframework/spring-jcl/6.1.1/spring-jcl-6.1.1.jar:/Users/mvvkiran/.m2/repository/org/springframework/spring-test/6.1.1/spring-test-6.1.1.jar:/Users/mvvkiran/.m2/repository/org/xmlunit/xmlunit-core/2.9.1/xmlunit-core-2.9.1.jar:/Users/mvvkiran/.m2/repository/org/springframework/security/spring-security-test/6.2.0/spring-security-test-6.2.0.jar:/Users/mvvkiran/.m2/repository/org/springframework/security/spring-security-core/6.2.0/spring-security-core-6.2.0.jar:/Users/mvvkiran/.m2/repository/org/springframework/security/spring-security-crypto/6.2.0/spring-security-crypto-6.2.0.jar:/Users/mvvkiran/.m2/repository/io/rest-assured/rest-assured/5.3.2/rest-assured-5.3.2.jar:/Users/mvvkiran/.m2/repository/org/apache/groovy/groovy/4.0.15/groovy-4.0.15.jar:/Users/mvvkiran/.m2/repository/org/apache/groovy/groovy-xml/4.0.15/groovy-xml-4.0.15.jar:/Users/mvvkiran/.m2/repository/org/apache/httpcomponents/httpclient/4.5.13/httpclient-4.5.13.jar:/Users/mvvkiran/.m2/repository/org/apache/httpcomponents/httpcore/4.4.16/httpcore-4.4.16.jar:/Users/mvvkiran/.m2/repository/commons-logging/commons-logging/1.2/commons-logging-1.2.jar:/Users/mvvkiran/.m2/repository/commons-codec/commons-codec/1.16.0/commons-codec-1.16.0.jar:/Users/mvvkiran/.m2/repository/org/apache/httpcomponents/httpmime/4.5.13/httpmime-4.5.13.jar:/Users/mvvkiran/.m2/repository/org/ccil/cowan/tagsoup/tagsoup/1.2.1/tagsoup-1.2.1.jar:/Users/mvvkiran/.m2/repository/io/rest-assured/json-path/5.3.2/json-path-5.3.2.jar:/Users/mvvkiran/.m2/repository/org/apache/groovy/groovy-json/4.0.15/groovy-json-4.0.15.jar:/Users/mvvkiran/.m2/repository/io/rest-assured/rest-assured-common/5.3.2/rest-assured-common-5.3.2.jar:/Users/mvvkiran/.m2/repository/io/rest-assured/xml-path/5.3.2/xml-path-5.3.2.jar:/Users/mvvkiran/.m2/repository/org/apache/commons/commons-lang3/3.13.0/commons-lang3-3.13.0.jar:/Users/mvvkiran/.m2/repository/org/testcontainers/testcontainers/1.19.3/testcontainers-1.19.3.jar:/Users/mvvkiran/.m2/repository/junit/junit/4.13.2/junit-4.13.2.jar:/Users/mvvkiran/.m2/repository/org/hamcrest/hamcrest-core/2.2/hamcrest-core-2.2.jar:/Users/mvvkiran/.m2/repository/org/slf4j/slf4j-api/2.0.9/slf4j-api-2.0.9.jar:/Users/mvvkiran/.m2/repository/org/apache/commons/commons-compress/1.24.0/commons-compress-1.24.0.jar:/Users/mvvkiran/.m2/repository/org/rnorth/duct-tape/duct-tape/1.0.8/duct-tape-1.0.8.jar:/Users/mvvkiran/.m2/repository/org/jetbrains/annotations/17.0.0/annotations-17.0.0.jar:/Users/mvvkiran/.m2/repository/com/github/docker-java/docker-java-api/3.3.4/docker-java-api-3.3.4.jar:/Users/mvvkiran/.m2/repository/com/github/docker-java/docker-java-transport-zerodep/3.3.4/docker-java-transport-zerodep-3.3.4.jar:/Users/mvvkiran/.m2/repository/com/github/docker-java/docker-java-transport/3.3.4/docker-java-transport-3.3.4.jar:/Users/mvvkiran/.m2/repository/net/java/dev/jna/jna/5.13.0/jna-5.13.0.jar:/Users/mvvkiran/.m2/repository/org/testcontainers/postgresql/1.19.3/postgresql-1.19.3.jar:/Users/mvvkiran/.m2/repository/org/testcontainers/jdbc/1.19.3/jdbc-1.19.3.jar:/Users/mvvkiran/.m2/repository/org/testcontainers/database-commons/1.19.3/database-commons-1.19.3.jar:/Users/mvvkiran/.m2/repository/org/testcontainers/junit-jupiter/1.19.3/junit-jupiter-1.19.3.jar:/Users/mvvkiran/.m2/repository/org/wiremock/wiremock-standalone/3.0.1/wiremock-standalone-3.0.1.jar:/Users/mvvkiran/.m2/repository/au/com/dius/pact/provider/junit5/4.6.3/junit5-4.6.3.jar:/Users/mvvkiran/.m2/repository/au/com/dius/pact/provider/4.6.3/provider-4.6.3.jar:/Users/mvvkiran/.m2/repository/au/com/dius/pact/core/matchers/4.6.3/matchers-4.6.3.jar:/Users/mvvkiran/.m2/repository/io/github/java-diff-utils/java-diff-utils/4.12/java-diff-utils-4.12.jar:/Users/mvvkiran/.m2/repository/xerces/xercesImpl/2.12.2/xercesImpl-2.12.2.jar:/Users/mvvkiran/.m2/repository/xml-apis/xml-apis/1.4.01/xml-apis-1.4.01.jar:/Users/mvvkiran/.m2/repository/org/atteo/evo-inflector/1.3/evo-inflector-1.3.jar:/Users/mvvkiran/.m2/repository/com/github/zafarkhaja/java-semver/0.9.0/java-semver-0.9.0.jar:/Users/mvvkiran/.m2/repository/org/apache/httpcomponents/client5/httpclient5/5.2.1/httpclient5-5.2.1.jar:/Users/mvvkiran/.m2/repository/org/apache/httpcomponents/core5/httpcore5/5.2.3/httpcore5-5.2.3.jar:/Users/mvvkiran/.m2/repository/org/apache/httpcomponents/core5/httpcore5-h2/5.2.3/httpcore5-h2-5.2.3.jar:/Users/mvvkiran/.m2/repository/io/github/classgraph/classgraph/4.8.129/classgraph-4.8.129.jar:/Users/mvvkiran/.m2/repository/commons-io/commons-io/2.11.0/commons-io-2.11.0.jar:/Users/mvvkiran/.m2/repository/org/apache/commons/commons-collections4/4.4/commons-collections4-4.4.jar:/Users/mvvkiran/.m2/repository/com/github/ajalt/mordant/1.2.1/mordant-1.2.1.jar:/Users/mvvkiran/.m2/repository/com/github/ajalt/colormath/1.2.0/colormath-1.2.0.jar:/Users/mvvkiran/.m2/repository/com/vladsch/flexmark/flexmark/0.62.2/flexmark-0.62.2.jar:/Users/mvvkiran/.m2/repository/com/vladsch/flexmark/flexmark-util-ast/0.62.2/flexmark-util-ast-0.62.2.jar:/Users/mvvkiran/.m2/repository/com/vladsch/flexmark/flexmark-util-builder/0.62.2/flexmark-util-builder-0.62.2.jar:/Users/mvvkiran/.m2/repository/com/vladsch/flexmark/flexmark-util-collection/0.62.2/flexmark-util-collection-0.62.2.jar:/Users/mvvkiran/.m2/repository/com/vladsch/flexmark/flexmark-util-data/0.62.2/flexmark-util-data-0.62.2.jar:/Users/mvvkiran/.m2/repository/com/vladsch/flexmark/flexmark-util-dependency/0.62.2/flexmark-util-dependency-0.62.2.jar:/Users/mvvkiran/.m2/repository/com/vladsch/flexmark/flexmark-util-format/0.62.2/flexmark-util-format-0.62.2.jar:/Users/mvvkiran/.m2/repository/com/vladsch/flexmark/flexmark-util-html/0.62.2/flexmark-util-html-0.62.2.jar:/Users/mvvkiran/.m2/repository/com/vladsch/flexmark/flexmark-util-misc/0.62.2/flexmark-util-misc-0.62.2.jar:/Users/mvvkiran/.m2/repository/com/vladsch/flexmark/flexmark-util-sequence/0.62.2/flexmark-util-sequence-0.62.2.jar:/Users/mvvkiran/.m2/repository/com/vladsch/flexmark/flexmark-util-visitor/0.62.2/flexmark-util-visitor-0.62.2.jar:/Users/mvvkiran/.m2/repository/com/vladsch/flexmark/flexmark-ext-tables/0.62.2/flexmark-ext-tables-0.62.2.jar:/Users/mvvkiran/.m2/repository/com/vladsch/flexmark/flexmark-util/0.62.2/flexmark-util-0.62.2.jar:/Users/mvvkiran/.m2/repository/com/vladsch/flexmark/flexmark-util-options/0.62.2/flexmark-util-options-0.62.2.jar:/Users/mvvkiran/.m2/repository/au/com/dius/pact/core/support/4.6.3/support-4.6.3.jar:/Users/mvvkiran/.m2/repository/io/github/microutils/kotlin-logging-jvm/3.0.4/kotlin-logging-jvm-3.0.4.jar:/Users/mvvkiran/.m2/repository/io/github/oshai/kotlin-logging-jvm/5.0.0/kotlin-logging-jvm-5.0.0.jar:/Users/mvvkiran/.m2/repository/org/apache/httpcomponents/client5/httpclient5-fluent/5.2.1/httpclient5-fluent-5.2.1.jar:/Users/mvvkiran/.m2/repository/org/apache/commons/commons-text/1.10.0/commons-text-1.10.0.jar:/Users/mvvkiran/.m2/repository/au/com/dius/pact/core/pactbroker/4.6.3/pactbroker-4.6.3.jar:/Users/mvvkiran/.m2/repository/com/google/guava/guava/31.1-jre/guava-31.1-jre.jar:/Users/mvvkiran/.m2/repository/com/google/guava/failureaccess/1.0.1/failureaccess-1.0.1.jar:/Users/mvvkiran/.m2/repository/com/google/guava/listenablefuture/9999.0-empty-to-avoid-conflict-with-guava/listenablefuture-9999.0-empty-to-avoid-conflict-with-guava.jar:/Users/mvvkiran/.m2/repository/com/google/code/findbugs/jsr305/3.0.2/jsr305-3.0.2.jar:/Users/mvvkiran/.m2/repository/com/google/errorprone/error_prone_annotations/2.11.0/error_prone_annotations-2.11.0.jar:/Users/mvvkiran/.m2/repository/com/google/j2objc/j2objc-annotations/1.3/j2objc-annotations-1.3.jar:/Users/mvvkiran/.m2/repository/au/com/dius/pact/core/model/4.6.3/model-4.6.3.jar:/Users/mvvkiran/.m2/repository/org/apache/tika/tika-core/2.7.0/tika-core-2.7.0.jar:/Users/mvvkiran/.m2/repository/com/github/mifmif/generex/1.0.2/generex-1.0.2.jar:/Users/mvvkiran/.m2/repository/javax/mail/mail/1.5.0-b01/mail-1.5.0-b01.jar:/Users/mvvkiran/.m2/repository/javax/activation/activation/1.1/activation-1.1.jar:/Users/mvvkiran/.m2/repository/io/ktor/ktor-http-jvm/2.3.0/ktor-http-jvm-2.3.0.jar:/Users/mvvkiran/.m2/repository/org/jetbrains/kotlin/kotlin-stdlib-jdk7/1.9.20/kotlin-stdlib-jdk7-1.9.20.jar:/Users/mvvkiran/.m2/repository/org/jetbrains/kotlinx/kotlinx-coroutines-jdk8/1.7.3/kotlinx-coroutines-jdk8-1.7.3.jar:/Users/mvvkiran/.m2/repository/org/jetbrains/kotlinx/kotlinx-coroutines-core-jvm/1.7.3/kotlinx-coroutines-core-jvm-1.7.3.jar:/Users/mvvkiran/.m2/repository/io/ktor/ktor-utils-jvm/2.3.0/ktor-utils-jvm-2.3.0.jar:/Users/mvvkiran/.m2/repository/io/ktor/ktor-io-jvm/2.3.0/ktor-io-jvm-2.3.0.jar:/Users/mvvkiran/.m2/repository/commons-beanutils/commons-beanutils/1.9.4/commons-beanutils-1.9.4.jar:/Users/mvvkiran/.m2/repository/commons-collections/commons-collections/3.2.2/commons-collections-3.2.2.jar:/Users/mvvkiran/.m2/repository/org/junit/jupiter/junit-jupiter-api/5.10.1/junit-jupiter-api-5.10.1.jar:/Users/mvvkiran/.m2/repository/org/opentest4j/opentest4j/1.3.0/opentest4j-1.3.0.jar:/Users/mvvkiran/.m2/repository/org/junit/platform/junit-platform-commons/1.10.1/junit-platform-commons-1.10.1.jar:/Users/mvvkiran/.m2/repository/org/apiguardian/apiguardian-api/1.1.2/apiguardian-api-1.1.2.jar:/Users/mvvkiran/.m2/repository/org/jetbrains/kotlin/kotlin-stdlib/1.9.20/kotlin-stdlib-1.9.20.jar:/Users/mvvkiran/.m2/repository/org/jetbrains/kotlin/kotlin-reflect/1.9.20/kotlin-reflect-1.9.20.jar:/Users/mvvkiran/.m2/repository/io/pact/plugin/driver/core/0.4.0/core-0.4.0.jar:/Users/mvvkiran/.m2/repository/com/vdurmont/semver4j/3.1.0/semver4j-3.1.0.jar:/Users/mvvkiran/.m2/repository/io/grpc/grpc-protobuf/1.53.0/grpc-protobuf-1.53.0.jar:/Users/mvvkiran/.m2/repository/io/grpc/grpc-api/1.53.0/grpc-api-1.53.0.jar:/Users/mvvkiran/.m2/repository/io/grpc/grpc-context/1.53.0/grpc-context-1.53.0.jar:/Users/mvvkiran/.m2/repository/com/google/protobuf/protobuf-java/3.21.7/protobuf-java-3.21.7.jar:/Users/mvvkiran/.m2/repository/com/google/api/grpc/proto-google-common-protos/2.9.0/proto-google-common-protos-2.9.0.jar:/Users/mvvkiran/.m2/repository/io/grpc/grpc-protobuf-lite/1.53.0/grpc-protobuf-lite-1.53.0.jar:/Users/mvvkiran/.m2/repository/io/grpc/grpc-stub/1.53.0/grpc-stub-1.53.0.jar:/Users/mvvkiran/.m2/repository/io/grpc/grpc-netty/1.53.0/grpc-netty-1.53.0.jar:/Users/mvvkiran/.m2/repository/io/grpc/grpc-core/1.53.0/grpc-core-1.53.0.jar:/Users/mvvkiran/.m2/repository/com/google/android/annotations/4.1.1.4/annotations-4.1.1.4.jar:/Users/mvvkiran/.m2/repository/org/codehaus/mojo/animal-sniffer-annotations/1.21/animal-sniffer-annotations-1.21.jar:/Users/mvvkiran/.m2/repository/io/netty/netty-codec-http2/4.1.101.Final/netty-codec-http2-4.1.101.Final.jar:/Users/mvvkiran/.m2/repository/io/netty/netty-handler-proxy/4.1.101.Final/netty-handler-proxy-4.1.101.Final.jar:/Users/mvvkiran/.m2/repository/io/netty/netty-codec-socks/4.1.101.Final/netty-codec-socks-4.1.101.Final.jar:/Users/mvvkiran/.m2/repository/io/perfmark/perfmark-api/0.25.0/perfmark-api-0.25.0.jar:/Users/mvvkiran/.m2/repository/io/netty/netty-transport-native-unix-common/4.1.101.Final/netty-transport-native-unix-common-4.1.101.Final.jar:/Users/mvvkiran/.m2/repository/javax/annotation/javax.annotation-api/1.3.2/javax.annotation-api-1.3.2.jar:/Users/mvvkiran/.m2/repository/javax/json/javax.json-api/1.1.4/javax.json-api-1.1.4.jar:/Users/mvvkiran/.m2/repository/org/glassfish/javax.json/1.1.4/javax.json-1.1.4.jar:/Users/mvvkiran/.m2/repository/com/moandjiezana/toml/toml4j/0.7.2/toml4j-0.7.2.jar:/Users/mvvkiran/.m2/repository/com/google/code/gson/gson/2.10.1/gson-2.10.1.jar:/Users/mvvkiran/.m2/repository/org/rauschig/jarchivelib/1.2.0/jarchivelib-1.2.0.jar:/Users/mvvkiran/.m2/repository/com/michael-bull/kotlin-result/kotlin-result-jvm/1.1.14/kotlin-result-jvm-1.1.14.jar:/Users/mvvkiran/.m2/repository/org/jetbrains/kotlin/kotlin-stdlib-jdk8/1.9.20/kotlin-stdlib-jdk8-1.9.20.jar:/Users/mvvkiran/.m2/repository/org/jetbrains/kotlin/kotlin-stdlib-common/1.9.20/kotlin-stdlib-common-1.9.20.jar:/Users/mvvkiran/.m2/repository/au/com/dius/pact/consumer/junit5/4.6.3/junit5-4.6.3.jar:/Users/mvvkiran/.m2/repository/au/com/dius/pact/consumer/4.6.3/consumer-4.6.3.jar:/Users/mvvkiran/.m2/repository/org/json/json/20230227/json-20230227.jar:/Users/mvvkiran/.m2/repository/com/googlecode/java-diff-utils/diffutils/1.3.0/diffutils-1.3.0.jar:/Users/mvvkiran/.m2/repository/dk/brics/automaton/automaton/1.11-8/automaton-1.11-8.jar:/Users/mvvkiran/.m2/repository/io/netty/netty-handler/4.1.101.Final/netty-handler-4.1.101.Final.jar:/Users/mvvkiran/.m2/repository/io/netty/netty-common/4.1.101.Final/netty-common-4.1.101.Final.jar:/Users/mvvkiran/.m2/repository/io/netty/netty-resolver/4.1.101.Final/netty-resolver-4.1.101.Final.jar:/Users/mvvkiran/.m2/repository/io/netty/netty-buffer/4.1.101.Final/netty-buffer-4.1.101.Final.jar:/Users/mvvkiran/.m2/repository/io/netty/netty-transport/4.1.101.Final/netty-transport-4.1.101.Final.jar:/Users/mvvkiran/.m2/repository/io/netty/netty-codec/4.1.101.Final/netty-codec-4.1.101.Final.jar:/Users/mvvkiran/.m2/repository/io/ktor/ktor-server-netty/2.3.0/ktor-server-netty-2.3.0.jar:/Users/mvvkiran/.m2/repository/org/jetbrains/kotlinx/kotlinx-coroutines-core/1.7.3/kotlinx-coroutines-core-1.7.3.jar:/Users/mvvkiran/.m2/repository/io/ktor/ktor-network-tls-certificates/2.3.0/ktor-network-tls-certificates-2.3.0.jar:/Users/mvvkiran/.m2/repository/io/ktor/ktor-server-call-logging/2.3.0/ktor-server-call-logging-2.3.0.jar:/Users/mvvkiran/.m2/repository/io/ktor/ktor-server-core/2.3.0/ktor-server-core-2.3.0.jar:/Users/mvvkiran/.m2/repository/org/jetbrains/kotlinx/atomicfu/0.19.0/atomicfu-0.19.0.jar:/Users/mvvkiran/.m2/repository/org/jetbrains/kotlinx/atomicfu-jvm/0.19.0/atomicfu-jvm-0.19.0.jar:/Users/mvvkiran/.m2/repository/io/ktor/ktor-utils/2.3.0/ktor-utils-2.3.0.jar:/Users/mvvkiran/.m2/repository/io/ktor/ktor-io/2.3.0/ktor-io-2.3.0.jar:/Users/mvvkiran/.m2/repository/io/ktor/ktor-http/2.3.0/ktor-http-2.3.0.jar:/Users/mvvkiran/.m2/repository/io/ktor/ktor-serialization/2.3.0/ktor-serialization-2.3.0.jar:/Users/mvvkiran/.m2/repository/io/ktor/ktor-websockets/2.3.0/ktor-websockets-2.3.0.jar:/Users/mvvkiran/.m2/repository/io/ktor/ktor-events/2.3.0/ktor-events-2.3.0.jar:/Users/mvvkiran/.m2/repository/io/gatling/gatling-app/3.10.3/gatling-app-3.10.3.jar:/Users/mvvkiran/.m2/repository/org/scala-lang/scala-library/2.13.12/scala-library-2.13.12.jar:/Users/mvvkiran/.m2/repository/io/gatling/gatling-core/3.10.3/gatling-core-3.10.3.jar:/Users/mvvkiran/.m2/repository/io/gatling/gatling-netty-util/3.10.3/gatling-netty-util-3.10.3.jar:/Users/mvvkiran/.m2/repository/io/gatling/gatling-shared-util_2.13/0.0.5/gatling-shared-util_2.13-0.0.5.jar:/Users/mvvkiran/.m2/repository/org/scala-lang/modules/scala-collection-compat_2.13/2.11.0/scala-collection-compat_2.13-2.11.0.jar:/Users/mvvkiran/.m2/repository/io/netty/incubator/netty-incubator-transport-native-io_uring/0.0.24.Final/netty-incubator-transport-native-io_uring-0.0.24.Final-linux-x86_64.jar:/Users/mvvkiran/.m2/repository/io/netty/incubator/netty-incubator-transport-classes-io_uring/0.0.24.Final/netty-incubator-transport-classes-io_uring-0.0.24.Final.jar:/Users/mvvkiran/.m2/repository/io/netty/incubator/netty-incubator-transport-native-io_uring/0.0.24.Final/netty-incubator-transport-native-io_uring-0.0.24.Final-linux-aarch_64.jar:/Users/mvvkiran/.m2/repository/io/gatling/gatling-commons/3.10.3/gatling-commons-3.10.3.jar:/Users/mvvkiran/.m2/repository/com/typesafe/config/1.4.3/config-1.4.3.jar:/Users/mvvkiran/.m2/repository/io/github/metarank/cfor_2.13/0.3/cfor_2.13-0.3.jar:/Users/mvvkiran/.m2/repository/org/scala-lang/scala-reflect/2.13.10/scala-reflect-2.13.10.jar:/Users/mvvkiran/.m2/repository/com/typesafe/scala-logging/scala-logging_2.13/3.9.5/scala-logging_2.13-3.9.5.jar:/Users/mvvkiran/.m2/repository/io/gatling/gatling-shared-enterprise/3.10.3/gatling-shared-enterprise-3.10.3.jar:/Users/mvvkiran/.m2/repository/io/gatling/gatling-jsonpath/3.10.3/gatling-jsonpath-3.10.3.jar:/Users/mvvkiran/.m2/repository/io/gatling/gatling-shared-model_2.13/0.0.4/gatling-shared-model_2.13-0.0.4.jar:/Users/mvvkiran/.m2/repository/io/suzaku/boopickle_2.13/1.3.3/boopickle_2.13-1.3.3.jar:/Users/mvvkiran/.m2/repository/com/typesafe/akka/akka-actor_2.13/2.6.20/akka-actor_2.13-2.6.20.jar:/Users/mvvkiran/.m2/repository/org/scala-lang/modules/scala-java8-compat_2.13/1.0.0/scala-java8-compat_2.13-1.0.0.jar:/Users/mvvkiran/.m2/repository/com/typesafe/akka/akka-slf4j_2.13/2.6.20/akka-slf4j_2.13-2.6.20.jar:/Users/mvvkiran/.m2/repository/org/simpleflatmapper/lightning-csv/8.2.3/lightning-csv-8.2.3.jar:/Users/mvvkiran/.m2/repository/org/simpleflatmapper/sfm-util/8.2.3/sfm-util-8.2.3.jar:/Users/mvvkiran/.m2/repository/com/github/ben-manes/caffeine/caffeine/3.1.8/caffeine-3.1.8.jar:/Users/mvvkiran/.m2/repository/io/pebbletemplates/pebble/3.2.2/pebble-3.2.2.jar:/Users/mvvkiran/.m2/repository/org/unbescape/unbescape/1.1.6.RELEASE/unbescape-1.1.6.RELEASE.jar:/Users/mvvkiran/.m2/repository/org/scala-lang/modules/scala-parser-combinators_2.13/2.3.0/scala-parser-combinators_2.13-2.3.0.jar:/Users/mvvkiran/.m2/repository/com/github/scopt/scopt_2.13/3.7.1/scopt_2.13-3.7.1.jar:/Users/mvvkiran/.m2/repository/io/netty/netty-tcnative-classes/2.0.61.Final/netty-tcnative-classes-2.0.61.Final.jar:/Users/mvvkiran/.m2/repository/com/softwaremill/quicklens/quicklens_2.13/1.9.6/quicklens_2.13-1.9.6.jar:/Users/mvvkiran/.m2/repository/net/sf/saxon/Saxon-HE/10.6/Saxon-HE-10.6.jar:/Users/mvvkiran/.m2/repository/org/jodd/jodd-lagarto/6.0.6/jodd-lagarto-6.0.6.jar:/Users/mvvkiran/.m2/repository/org/jodd/jodd-util/6.2.2/jodd-util-6.2.2.jar:/Users/mvvkiran/.m2/repository/io/burt/jmespath-jackson/0.6.0/jmespath-jackson-0.6.0.jar:/Users/mvvkiran/.m2/repository/io/burt/jmespath-core/0.6.0/jmespath-core-0.6.0.jar:/Users/mvvkiran/.m2/repository/io/gatling/gatling-core-java/3.10.3/gatling-core-java-3.10.3.jar:/Users/mvvkiran/.m2/repository/net/jodah/typetools/0.6.3/typetools-0.6.3.jar:/Users/mvvkiran/.m2/repository/com/github/spotbugs/spotbugs-annotations/4.7.3/spotbugs-annotations-4.7.3.jar:/Users/mvvkiran/.m2/repository/io/gatling/gatling-http/3.10.3/gatling-http-3.10.3.jar:/Users/mvvkiran/.m2/repository/io/gatling/gatling-http-client/3.10.3/gatling-http-client-3.10.3.jar:/Users/mvvkiran/.m2/repository/io/netty/netty-resolver-dns/4.1.101.Final/netty-resolver-dns-4.1.101.Final.jar:/Users/mvvkiran/.m2/repository/io/netty/netty-codec-dns/4.1.101.Final/netty-codec-dns-4.1.101.Final.jar:/Users/mvvkiran/.m2/repository/io/netty/netty-resolver-dns-native-macos/4.1.101.Final/netty-resolver-dns-native-macos-4.1.101.Final-osx-x86_64.jar:/Users/mvvkiran/.m2/repository/io/netty/netty-resolver-dns-classes-macos/4.1.101.Final/netty-resolver-dns-classes-macos-4.1.101.Final.jar:/Users/mvvkiran/.m2/repository/io/netty/netty-resolver-dns-native-macos/4.1.101.Final/netty-resolver-dns-native-macos-4.1.101.Final-osx-aarch_64.jar:/Users/mvvkiran/.m2/repository/io/netty/netty-tcnative-boringssl-static/2.0.61.Final/netty-tcnative-boringssl-static-2.0.61.Final.jar:/Users/mvvkiran/.m2/repository/io/netty/netty-tcnative-boringssl-static/2.0.61.Final/netty-tcnative-boringssl-static-2.0.61.Final-linux-x86_64.jar:/Users/mvvkiran/.m2/repository/io/netty/netty-tcnative-boringssl-static/2.0.61.Final/netty-tcnative-boringssl-static-2.0.61.Final-linux-aarch_64.jar:/Users/mvvkiran/.m2/repository/io/netty/netty-tcnative-boringssl-static/2.0.61.Final/netty-tcnative-boringssl-static-2.0.61.Final-osx-x86_64.jar:/Users/mvvkiran/.m2/repository/io/netty/netty-tcnative-boringssl-static/2.0.61.Final/netty-tcnative-boringssl-static-2.0.61.Final-osx-aarch_64.jar:/Users/mvvkiran/.m2/repository/io/netty/netty-tcnative-boringssl-static/2.0.61.Final/netty-tcnative-boringssl-static-2.0.61.Final-windows-x86_64.jar:/Users/mvvkiran/.m2/repository/com/aayushatharva/brotli4j/brotli4j/1.13.0/brotli4j-1.13.0.jar:/Users/mvvkiran/.m2/repository/com/aayushatharva/brotli4j/service/1.13.0/service-1.13.0.jar:/Users/mvvkiran/.m2/repository/com/aayushatharva/brotli4j/native-linux-x86_64/1.13.0/native-linux-x86_64-1.13.0.jar:/Users/mvvkiran/.m2/repository/com/aayushatharva/brotli4j/native-linux-aarch64/1.13.0/native-linux-aarch64-1.13.0.jar:/Users/mvvkiran/.m2/repository/com/aayushatharva/brotli4j/native-osx-x86_64/1.13.0/native-osx-x86_64-1.13.0.jar:/Users/mvvkiran/.m2/repository/com/aayushatharva/brotli4j/native-osx-aarch64/1.13.0/native-osx-aarch64-1.13.0.jar:/Users/mvvkiran/.m2/repository/com/aayushatharva/brotli4j/native-windows-x86_64/1.13.0/native-windows-x86_64-1.13.0.jar:/Users/mvvkiran/.m2/repository/io/gatling/gatling-http-java/3.10.3/gatling-http-java-3.10.3.jar:/Users/mvvkiran/.m2/repository/io/gatling/gatling-jms/3.10.3/gatling-jms-3.10.3.jar:/Users/mvvkiran/.m2/repository/javax/jms/javax.jms-api/2.0.1/javax.jms-api-2.0.1.jar:/Users/mvvkiran/.m2/repository/com/eatthepath/fast-uuid/0.2.0/fast-uuid-0.2.0.jar:/Users/mvvkiran/.m2/repository/io/gatling/gatling-jms-java/3.10.3/gatling-jms-java-3.10.3.jar:/Users/mvvkiran/.m2/repository/io/gatling/gatling-mqtt/3.10.3/gatling-mqtt-3.10.3.jar:/Users/mvvkiran/.m2/repository/io/netty/netty-codec-mqtt/4.1.101.Final/netty-codec-mqtt-4.1.101.Final.jar:/Users/mvvkiran/.m2/repository/io/netty/netty-transport-native-epoll/4.1.101.Final/netty-transport-native-epoll-4.1.101.Final-linux-x86_64.jar:/Users/mvvkiran/.m2/repository/io/netty/netty-transport-classes-epoll/4.1.101.Final/netty-transport-classes-epoll-4.1.101.Final.jar:/Users/mvvkiran/.m2/repository/io/netty/netty-transport-native-epoll/4.1.101.Final/netty-transport-native-epoll-4.1.101.Final-linux-aarch_64.jar:/Users/mvvkiran/.m2/repository/io/gatling/gatling-mqtt-java/3.10.3/gatling-mqtt-java-3.10.3.jar:/Users/mvvkiran/.m2/repository/io/gatling/gatling-jdbc/3.10.3/gatling-jdbc-3.10.3.jar:/Users/mvvkiran/.m2/repository/io/gatling/gatling-jdbc-java/3.10.3/gatling-jdbc-java-3.10.3.jar:/Users/mvvkiran/.m2/repository/io/gatling/gatling-redis/3.10.3/gatling-redis-3.10.3.jar:/Users/mvvkiran/.m2/repository/net/debasishg/redisclient_2.13/3.42/redisclient_2.13-3.42.jar:/Users/mvvkiran/.m2/repository/org/apache/commons/commons-pool2/2.12.0/commons-pool2-2.12.0.jar:/Users/mvvkiran/.m2/repository/io/gatling/gatling-redis-java/3.10.3/gatling-redis-java-3.10.3.jar:/Users/mvvkiran/.m2/repository/io/gatling/gatling-graphite/3.10.3/gatling-graphite-3.10.3.jar:/Users/mvvkiran/.m2/repository/org/hdrhistogram/HdrHistogram/2.1.12/HdrHistogram-2.1.12.jar:/Users/mvvkiran/.m2/repository/io/gatling/gatling-charts/3.10.3/gatling-charts-3.10.3.jar:/Users/mvvkiran/.m2/repository/com/tdunning/t-digest/3.1/t-digest-3.1.jar:/Users/mvvkiran/.m2/repository/io/gatling/highcharts/gatling-charts-highcharts/3.10.3/gatling-charts-highcharts-3.10.3.jar:/Users/mvvkiran/.m2/repository/io/gatling/gatling-recorder/3.10.3/gatling-recorder-3.10.3.jar:/Users/mvvkiran/.m2/repository/org/scala-lang/modules/scala-swing_2.13/3.0.0/scala-swing_2.13-3.0.0.jar:/Users/mvvkiran/.m2/repository/io/gatling/gatling-recorder-bc-shaded/1.77.0/gatling-recorder-bc-shaded-1.77.0.jar:/Users/mvvkiran/.m2/repository/io/netty/netty-codec-http/4.1.101.Final/netty-codec-http-4.1.101.Final.jar:"/>
    <property name="java.vm.vendor" value="Homebrew"/>
    <property name="sun.arch.data.model" value="64"/>
    <property name="java.vendor.url" value="https://github.com/Homebrew/homebrew-core/issues"/>
    <property name="catalina.useNaming" value="false"/>
    <property name="user.timezone" value="Asia/Kolkata"/>
    <property name="org.jboss.logging.provider" value="slf4j"/>
    <property name="os.name" value="Mac OS X"/>
    <property name="java.vm.specification.version" value="24"/>
    <property name="sun.java.launcher" value="SUN_STANDARD"/>
    <property name="user.country" value="IN"/>
    <property name="sun.boot.library.path" value="/opt/homebrew/Cellar/openjdk/24.0.2/libexec/openjdk.jdk/Contents/Home/lib"/>
    <property name="sun.java.command" value="/Users/mvvkiran/Workspace/ExampleApplicationWithTDD/target/surefire/surefirebooter-20250814224735805_3.jar /Users/mvvkiran/Workspace/ExampleApplicationWithTDD/target/surefire 2025-08-14T22-47-35_770-jvmRun1 surefire-20250814224735805_1tmp surefire_0-20250814224735805_2tmp"/>
    <property name="http.nonProxyHosts" value="local|*.local|169.254/16|*.169.254/16"/>
    <property name="jdk.debug" value="release"/>
    <property name="surefire.test.class.path" value="/Users/mvvkiran/Workspace/ExampleApplicationWithTDD/target/test-classes:/Users/mvvkiran/Workspace/ExampleApplicationWithTDD/target/classes:/Users/mvvkiran/.m2/repository/org/springframework/boot/spring-boot-starter-web/3.2.0/spring-boot-starter-web-3.2.0.jar:/Users/mvvkiran/.m2/repository/org/springframework/boot/spring-boot-starter/3.2.0/spring-boot-starter-3.2.0.jar:/Users/mvvkiran/.m2/repository/org/springframework/boot/spring-boot/3.2.0/spring-boot-3.2.0.jar:/Users/mvvkiran/.m2/repository/org/springframework/boot/spring-boot-autoconfigure/3.2.0/spring-boot-autoconfigure-3.2.0.jar:/Users/mvvkiran/.m2/repository/org/springframework/boot/spring-boot-starter-logging/3.2.0/spring-boot-starter-logging-3.2.0.jar:/Users/mvvkiran/.m2/repository/ch/qos/logback/logback-classic/1.4.11/logback-classic-1.4.11.jar:/Users/mvvkiran/.m2/repository/ch/qos/logback/logback-core/1.4.11/logback-core-1.4.11.jar:/Users/mvvkiran/.m2/repository/org/apache/logging/log4j/log4j-to-slf4j/2.21.1/log4j-to-slf4j-2.21.1.jar:/Users/mvvkiran/.m2/repository/org/apache/logging/log4j/log4j-api/2.21.1/log4j-api-2.21.1.jar:/Users/mvvkiran/.m2/repository/org/slf4j/jul-to-slf4j/2.0.9/jul-to-slf4j-2.0.9.jar:/Users/mvvkiran/.m2/repository/jakarta/annotation/jakarta.annotation-api/2.1.1/jakarta.annotation-api-2.1.1.jar:/Users/mvvkiran/.m2/repository/org/yaml/snakeyaml/2.2/snakeyaml-2.2.jar:/Users/mvvkiran/.m2/repository/org/springframework/boot/spring-boot-starter-json/3.2.0/spring-boot-starter-json-3.2.0.jar:/Users/mvvkiran/.m2/repository/com/fasterxml/jackson/datatype/jackson-datatype-jdk8/2.15.3/jackson-datatype-jdk8-2.15.3.jar:/Users/mvvkiran/.m2/repository/com/fasterxml/jackson/datatype/jackson-datatype-jsr310/2.15.3/jackson-datatype-jsr310-2.15.3.jar:/Users/mvvkiran/.m2/repository/com/fasterxml/jackson/module/jackson-module-parameter-names/2.15.3/jackson-module-parameter-names-2.15.3.jar:/Users/mvvkiran/.m2/repository/org/springframework/boot/spring-boot-starter-tomcat/3.2.0/spring-boot-starter-tomcat-3.2.0.jar:/Users/mvvkiran/.m2/repository/org/apache/tomcat/embed/tomcat-embed-core/10.1.16/tomcat-embed-core-10.1.16.jar:/Users/mvvkiran/.m2/repository/org/apache/tomcat/embed/tomcat-embed-websocket/10.1.16/tomcat-embed-websocket-10.1.16.jar:/Users/mvvkiran/.m2/repository/org/springframework/spring-web/6.1.1/spring-web-6.1.1.jar:/Users/mvvkiran/.m2/repository/org/springframework/spring-beans/6.1.1/spring-beans-6.1.1.jar:/Users/mvvkiran/.m2/repository/org/springframework/spring-webmvc/6.1.1/spring-webmvc-6.1.1.jar:/Users/mvvkiran/.m2/repository/org/springframework/spring-context/6.1.1/spring-context-6.1.1.jar:/Users/mvvkiran/.m2/repository/org/springframework/spring-expression/6.1.1/spring-expression-6.1.1.jar:/Users/mvvkiran/.m2/repository/org/springframework/boot/spring-boot-starter-data-jpa/3.2.0/spring-boot-starter-data-jpa-3.2.0.jar:/Users/mvvkiran/.m2/repository/org/springframework/boot/spring-boot-starter-aop/3.2.0/spring-boot-starter-aop-3.2.0.jar:/Users/mvvkiran/.m2/repository/org/aspectj/aspectjweaver/1.9.20.1/aspectjweaver-1.9.20.1.jar:/Users/mvvkiran/.m2/repository/org/springframework/boot/spring-boot-starter-jdbc/3.2.0/spring-boot-starter-jdbc-3.2.0.jar:/Users/mvvkiran/.m2/repository/com/zaxxer/HikariCP/5.0.1/HikariCP-5.0.1.jar:/Users/mvvkiran/.m2/repository/org/springframework/spring-jdbc/6.1.1/spring-jdbc-6.1.1.jar:/Users/mvvkiran/.m2/repository/org/hibernate/orm/hibernate-core/6.3.1.Final/hibernate-core-6.3.1.Final.jar:/Users/mvvkiran/.m2/repository/jakarta/persistence/jakarta.persistence-api/3.1.0/jakarta.persistence-api-3.1.0.jar:/Users/mvvkiran/.m2/repository/jakarta/transaction/jakarta.transaction-api/2.0.1/jakarta.transaction-api-2.0.1.jar:/Users/mvvkiran/.m2/repository/org/jboss/logging/jboss-logging/3.5.3.Final/jboss-logging-3.5.3.Final.jar:/Users/mvvkiran/.m2/repository/org/hibernate/common/hibernate-commons-annotations/6.0.6.Final/hibernate-commons-annotations-6.0.6.Final.jar:/Users/mvvkiran/.m2/repository/io/smallrye/jandex/3.1.2/jandex-3.1.2.jar:/Users/mvvkiran/.m2/repository/com/fasterxml/classmate/1.6.0/classmate-1.6.0.jar:/Users/mvvkiran/.m2/repository/net/bytebuddy/byte-buddy/1.14.10/byte-buddy-1.14.10.jar:/Users/mvvkiran/.m2/repository/org/glassfish/jaxb/jaxb-runtime/4.0.4/jaxb-runtime-4.0.4.jar:/Users/mvvkiran/.m2/repository/org/glassfish/jaxb/jaxb-core/4.0.4/jaxb-core-4.0.4.jar:/Users/mvvkiran/.m2/repository/org/eclipse/angus/angus-activation/2.0.1/angus-activation-2.0.1.jar:/Users/mvvkiran/.m2/repository/org/glassfish/jaxb/txw2/4.0.4/txw2-4.0.4.jar:/Users/mvvkiran/.m2/repository/com/sun/istack/istack-commons-runtime/4.1.2/istack-commons-runtime-4.1.2.jar:/Users/mvvkiran/.m2/repository/jakarta/inject/jakarta.inject-api/2.0.1/jakarta.inject-api-2.0.1.jar:/Users/mvvkiran/.m2/repository/org/antlr/antlr4-runtime/4.10.1/antlr4-runtime-4.10.1.jar:/Users/mvvkiran/.m2/repository/org/springframework/data/spring-data-jpa/3.2.0/spring-data-jpa-3.2.0.jar:/Users/mvvkiran/.m2/repository/org/springframework/data/spring-data-commons/3.2.0/spring-data-commons-3.2.0.jar:/Users/mvvkiran/.m2/repository/org/springframework/spring-orm/6.1.1/spring-orm-6.1.1.jar:/Users/mvvkiran/.m2/repository/org/springframework/spring-tx/6.1.1/spring-tx-6.1.1.jar:/Users/mvvkiran/.m2/repository/org/springframework/spring-aspects/6.1.1/spring-aspects-6.1.1.jar:/Users/mvvkiran/.m2/repository/org/springframework/boot/spring-boot-starter-validation/3.2.0/spring-boot-starter-validation-3.2.0.jar:/Users/mvvkiran/.m2/repository/org/apache/tomcat/embed/tomcat-embed-el/10.1.16/tomcat-embed-el-10.1.16.jar:/Users/mvvkiran/.m2/repository/org/hibernate/validator/hibernate-validator/8.0.1.Final/hibernate-validator-8.0.1.Final.jar:/Users/mvvkiran/.m2/repository/jakarta/validation/jakarta.validation-api/3.0.2/jakarta.validation-api-3.0.2.jar:/Users/mvvkiran/.m2/repository/org/springframework/boot/spring-boot-starter-security/3.2.0/spring-boot-starter-security-3.2.0.jar:/Users/mvvkiran/.m2/repository/org/springframework/spring-aop/6.1.1/spring-aop-6.1.1.jar:/Users/mvvkiran/.m2/repository/org/springframework/security/spring-security-config/6.2.0/spring-security-config-6.2.0.jar:/Users/mvvkiran/.m2/repository/org/springframework/security/spring-security-web/6.2.0/spring-security-web-6.2.0.jar:/Users/mvvkiran/.m2/repository/org/springframework/boot/spring-boot-starter-actuator/3.2.0/spring-boot-starter-actuator-3.2.0.jar:/Users/mvvkiran/.m2/repository/org/springframework/boot/spring-boot-actuator-autoconfigure/3.2.0/spring-boot-actuator-autoconfigure-3.2.0.jar:/Users/mvvkiran/.m2/repository/org/springframework/boot/spring-boot-actuator/3.2.0/spring-boot-actuator-3.2.0.jar:/Users/mvvkiran/.m2/repository/io/micrometer/micrometer-observation/1.12.0/micrometer-observation-1.12.0.jar:/Users/mvvkiran/.m2/repository/io/micrometer/micrometer-commons/1.12.0/micrometer-commons-1.12.0.jar:/Users/mvvkiran/.m2/repository/io/micrometer/micrometer-jakarta9/1.12.0/micrometer-jakarta9-1.12.0.jar:/Users/mvvkiran/.m2/repository/io/micrometer/micrometer-core/1.12.0/micrometer-core-1.12.0.jar:/Users/mvvkiran/.m2/repository/org/latencyutils/LatencyUtils/2.0.3/LatencyUtils-2.0.3.jar:/Users/mvvkiran/.m2/repository/com/h2database/h2/2.2.224/h2-2.2.224.jar:/Users/mvvkiran/.m2/repository/org/postgresql/postgresql/42.6.0/postgresql-42.6.0.jar:/Users/mvvkiran/.m2/repository/org/checkerframework/checker-qual/3.31.0/checker-qual-3.31.0.jar:/Users/mvvkiran/.m2/repository/org/springdoc/springdoc-openapi-starter-webmvc-ui/2.2.0/springdoc-openapi-starter-webmvc-ui-2.2.0.jar:/Users/mvvkiran/.m2/repository/org/springdoc/springdoc-openapi-starter-webmvc-api/2.2.0/springdoc-openapi-starter-webmvc-api-2.2.0.jar:/Users/mvvkiran/.m2/repository/org/springdoc/springdoc-openapi-starter-common/2.2.0/springdoc-openapi-starter-common-2.2.0.jar:/Users/mvvkiran/.m2/repository/io/swagger/core/v3/swagger-core-jakarta/2.2.15/swagger-core-jakarta-2.2.15.jar:/Users/mvvkiran/.m2/repository/io/swagger/core/v3/swagger-annotations-jakarta/2.2.15/swagger-annotations-jakarta-2.2.15.jar:/Users/mvvkiran/.m2/repository/io/swagger/core/v3/swagger-models-jakarta/2.2.15/swagger-models-jakarta-2.2.15.jar:/Users/mvvkiran/.m2/repository/com/fasterxml/jackson/dataformat/jackson-dataformat-yaml/2.15.3/jackson-dataformat-yaml-2.15.3.jar:/Users/mvvkiran/.m2/repository/org/webjars/swagger-ui/5.2.0/swagger-ui-5.2.0.jar:/Users/mvvkiran/.m2/repository/org/projectlombok/lombok/1.18.30/lombok-1.18.30.jar:/Users/mvvkiran/.m2/repository/org/mapstruct/mapstruct/1.5.5.Final/mapstruct-1.5.5.Final.jar:/Users/mvvkiran/.m2/repository/org/mapstruct/mapstruct-processor/1.5.5.Final/mapstruct-processor-1.5.5.Final.jar:/Users/mvvkiran/.m2/repository/io/jsonwebtoken/jjwt-api/0.12.3/jjwt-api-0.12.3.jar:/Users/mvvkiran/.m2/repository/io/jsonwebtoken/jjwt-impl/0.12.3/jjwt-impl-0.12.3.jar:/Users/mvvkiran/.m2/repository/io/jsonwebtoken/jjwt-jackson/0.12.3/jjwt-jackson-0.12.3.jar:/Users/mvvkiran/.m2/repository/com/fasterxml/jackson/core/jackson-databind/2.15.3/jackson-databind-2.15.3.jar:/Users/mvvkiran/.m2/repository/com/fasterxml/jackson/core/jackson-annotations/2.15.3/jackson-annotations-2.15.3.jar:/Users/mvvkiran/.m2/repository/com/fasterxml/jackson/core/jackson-core/2.15.3/jackson-core-2.15.3.jar:/Users/mvvkiran/.m2/repository/org/springframework/boot/spring-boot-starter-test/3.2.0/spring-boot-starter-test-3.2.0.jar:/Users/mvvkiran/.m2/repository/org/springframework/boot/spring-boot-test/3.2.0/spring-boot-test-3.2.0.jar:/Users/mvvkiran/.m2/repository/org/springframework/boot/spring-boot-test-autoconfigure/3.2.0/spring-boot-test-autoconfigure-3.2.0.jar:/Users/mvvkiran/.m2/repository/com/jayway/jsonpath/json-path/2.8.0/json-path-2.8.0.jar:/Users/mvvkiran/.m2/repository/jakarta/xml/bind/jakarta.xml.bind-api/4.0.1/jakarta.xml.bind-api-4.0.1.jar:/Users/mvvkiran/.m2/repository/jakarta/activation/jakarta.activation-api/2.1.2/jakarta.activation-api-2.1.2.jar:/Users/mvvkiran/.m2/repository/net/minidev/json-smart/2.5.0/json-smart-2.5.0.jar:/Users/mvvkiran/.m2/repository/net/minidev/accessors-smart/2.5.0/accessors-smart-2.5.0.jar:/Users/mvvkiran/.m2/repository/org/ow2/asm/asm/9.3/asm-9.3.jar:/Users/mvvkiran/.m2/repository/org/assertj/assertj-core/3.24.2/assertj-core-3.24.2.jar:/Users/mvvkiran/.m2/repository/org/awaitility/awaitility/4.2.0/awaitility-4.2.0.jar:/Users/mvvkiran/.m2/repository/org/hamcrest/hamcrest/2.2/hamcrest-2.2.jar:/Users/mvvkiran/.m2/repository/org/junit/jupiter/junit-jupiter/5.10.1/junit-jupiter-5.10.1.jar:/Users/mvvkiran/.m2/repository/org/junit/jupiter/junit-jupiter-params/5.10.1/junit-jupiter-params-5.10.1.jar:/Users/mvvkiran/.m2/repository/org/junit/jupiter/junit-jupiter-engine/5.10.1/junit-jupiter-engine-5.10.1.jar:/Users/mvvkiran/.m2/repository/org/junit/platform/junit-platform-engine/1.10.1/junit-platform-engine-1.10.1.jar:/Users/mvvkiran/.m2/repository/org/mockito/mockito-core/5.7.0/mockito-core-5.7.0.jar:/Users/mvvkiran/.m2/repository/net/bytebuddy/byte-buddy-agent/1.14.10/byte-buddy-agent-1.14.10.jar:/Users/mvvkiran/.m2/repository/org/objenesis/objenesis/3.3/objenesis-3.3.jar:/Users/mvvkiran/.m2/repository/org/mockito/mockito-junit-jupiter/5.7.0/mockito-junit-jupiter-5.7.0.jar:/Users/mvvkiran/.m2/repository/org/skyscreamer/jsonassert/1.5.1/jsonassert-1.5.1.jar:/Users/mvvkiran/.m2/repository/com/vaadin/external/google/android-json/0.0.20131108.vaadin1/android-json-0.0.20131108.vaadin1.jar:/Users/mvvkiran/.m2/repository/org/springframework/spring-core/6.1.1/spring-core-6.1.1.jar:/Users/mvvkiran/.m2/repository/org/springframework/spring-jcl/6.1.1/spring-jcl-6.1.1.jar:/Users/mvvkiran/.m2/repository/org/springframework/spring-test/6.1.1/spring-test-6.1.1.jar:/Users/mvvkiran/.m2/repository/org/xmlunit/xmlunit-core/2.9.1/xmlunit-core-2.9.1.jar:/Users/mvvkiran/.m2/repository/org/springframework/security/spring-security-test/6.2.0/spring-security-test-6.2.0.jar:/Users/mvvkiran/.m2/repository/org/springframework/security/spring-security-core/6.2.0/spring-security-core-6.2.0.jar:/Users/mvvkiran/.m2/repository/org/springframework/security/spring-security-crypto/6.2.0/spring-security-crypto-6.2.0.jar:/Users/mvvkiran/.m2/repository/io/rest-assured/rest-assured/5.3.2/rest-assured-5.3.2.jar:/Users/mvvkiran/.m2/repository/org/apache/groovy/groovy/4.0.15/groovy-4.0.15.jar:/Users/mvvkiran/.m2/repository/org/apache/groovy/groovy-xml/4.0.15/groovy-xml-4.0.15.jar:/Users/mvvkiran/.m2/repository/org/apache/httpcomponents/httpclient/4.5.13/httpclient-4.5.13.jar:/Users/mvvkiran/.m2/repository/org/apache/httpcomponents/httpcore/4.4.16/httpcore-4.4.16.jar:/Users/mvvkiran/.m2/repository/commons-logging/commons-logging/1.2/commons-logging-1.2.jar:/Users/mvvkiran/.m2/repository/commons-codec/commons-codec/1.16.0/commons-codec-1.16.0.jar:/Users/mvvkiran/.m2/repository/org/apache/httpcomponents/httpmime/4.5.13/httpmime-4.5.13.jar:/Users/mvvkiran/.m2/repository/org/ccil/cowan/tagsoup/tagsoup/1.2.1/tagsoup-1.2.1.jar:/Users/mvvkiran/.m2/repository/io/rest-assured/json-path/5.3.2/json-path-5.3.2.jar:/Users/mvvkiran/.m2/repository/org/apache/groovy/groovy-json/4.0.15/groovy-json-4.0.15.jar:/Users/mvvkiran/.m2/repository/io/rest-assured/rest-assured-common/5.3.2/rest-assured-common-5.3.2.jar:/Users/mvvkiran/.m2/repository/io/rest-assured/xml-path/5.3.2/xml-path-5.3.2.jar:/Users/mvvkiran/.m2/repository/org/apache/commons/commons-lang3/3.13.0/commons-lang3-3.13.0.jar:/Users/mvvkiran/.m2/repository/org/testcontainers/testcontainers/1.19.3/testcontainers-1.19.3.jar:/Users/mvvkiran/.m2/repository/junit/junit/4.13.2/junit-4.13.2.jar:/Users/mvvkiran/.m2/repository/org/hamcrest/hamcrest-core/2.2/hamcrest-core-2.2.jar:/Users/mvvkiran/.m2/repository/org/slf4j/slf4j-api/2.0.9/slf4j-api-2.0.9.jar:/Users/mvvkiran/.m2/repository/org/apache/commons/commons-compress/1.24.0/commons-compress-1.24.0.jar:/Users/mvvkiran/.m2/repository/org/rnorth/duct-tape/duct-tape/1.0.8/duct-tape-1.0.8.jar:/Users/mvvkiran/.m2/repository/org/jetbrains/annotations/17.0.0/annotations-17.0.0.jar:/Users/mvvkiran/.m2/repository/com/github/docker-java/docker-java-api/3.3.4/docker-java-api-3.3.4.jar:/Users/mvvkiran/.m2/repository/com/github/docker-java/docker-java-transport-zerodep/3.3.4/docker-java-transport-zerodep-3.3.4.jar:/Users/mvvkiran/.m2/repository/com/github/docker-java/docker-java-transport/3.3.4/docker-java-transport-3.3.4.jar:/Users/mvvkiran/.m2/repository/net/java/dev/jna/jna/5.13.0/jna-5.13.0.jar:/Users/mvvkiran/.m2/repository/org/testcontainers/postgresql/1.19.3/postgresql-1.19.3.jar:/Users/mvvkiran/.m2/repository/org/testcontainers/jdbc/1.19.3/jdbc-1.19.3.jar:/Users/mvvkiran/.m2/repository/org/testcontainers/database-commons/1.19.3/database-commons-1.19.3.jar:/Users/mvvkiran/.m2/repository/org/testcontainers/junit-jupiter/1.19.3/junit-jupiter-1.19.3.jar:/Users/mvvkiran/.m2/repository/org/wiremock/wiremock-standalone/3.0.1/wiremock-standalone-3.0.1.jar:/Users/mvvkiran/.m2/repository/au/com/dius/pact/provider/junit5/4.6.3/junit5-4.6.3.jar:/Users/mvvkiran/.m2/repository/au/com/dius/pact/provider/4.6.3/provider-4.6.3.jar:/Users/mvvkiran/.m2/repository/au/com/dius/pact/core/matchers/4.6.3/matchers-4.6.3.jar:/Users/mvvkiran/.m2/repository/io/github/java-diff-utils/java-diff-utils/4.12/java-diff-utils-4.12.jar:/Users/mvvkiran/.m2/repository/xerces/xercesImpl/2.12.2/xercesImpl-2.12.2.jar:/Users/mvvkiran/.m2/repository/xml-apis/xml-apis/1.4.01/xml-apis-1.4.01.jar:/Users/mvvkiran/.m2/repository/org/atteo/evo-inflector/1.3/evo-inflector-1.3.jar:/Users/mvvkiran/.m2/repository/com/github/zafarkhaja/java-semver/0.9.0/java-semver-0.9.0.jar:/Users/mvvkiran/.m2/repository/org/apache/httpcomponents/client5/httpclient5/5.2.1/httpclient5-5.2.1.jar:/Users/mvvkiran/.m2/repository/org/apache/httpcomponents/core5/httpcore5/5.2.3/httpcore5-5.2.3.jar:/Users/mvvkiran/.m2/repository/org/apache/httpcomponents/core5/httpcore5-h2/5.2.3/httpcore5-h2-5.2.3.jar:/Users/mvvkiran/.m2/repository/io/github/classgraph/classgraph/4.8.129/classgraph-4.8.129.jar:/Users/mvvkiran/.m2/repository/commons-io/commons-io/2.11.0/commons-io-2.11.0.jar:/Users/mvvkiran/.m2/repository/org/apache/commons/commons-collections4/4.4/commons-collections4-4.4.jar:/Users/mvvkiran/.m2/repository/com/github/ajalt/mordant/1.2.1/mordant-1.2.1.jar:/Users/mvvkiran/.m2/repository/com/github/ajalt/colormath/1.2.0/colormath-1.2.0.jar:/Users/mvvkiran/.m2/repository/com/vladsch/flexmark/flexmark/0.62.2/flexmark-0.62.2.jar:/Users/mvvkiran/.m2/repository/com/vladsch/flexmark/flexmark-util-ast/0.62.2/flexmark-util-ast-0.62.2.jar:/Users/mvvkiran/.m2/repository/com/vladsch/flexmark/flexmark-util-builder/0.62.2/flexmark-util-builder-0.62.2.jar:/Users/mvvkiran/.m2/repository/com/vladsch/flexmark/flexmark-util-collection/0.62.2/flexmark-util-collection-0.62.2.jar:/Users/mvvkiran/.m2/repository/com/vladsch/flexmark/flexmark-util-data/0.62.2/flexmark-util-data-0.62.2.jar:/Users/mvvkiran/.m2/repository/com/vladsch/flexmark/flexmark-util-dependency/0.62.2/flexmark-util-dependency-0.62.2.jar:/Users/mvvkiran/.m2/repository/com/vladsch/flexmark/flexmark-util-format/0.62.2/flexmark-util-format-0.62.2.jar:/Users/mvvkiran/.m2/repository/com/vladsch/flexmark/flexmark-util-html/0.62.2/flexmark-util-html-0.62.2.jar:/Users/mvvkiran/.m2/repository/com/vladsch/flexmark/flexmark-util-misc/0.62.2/flexmark-util-misc-0.62.2.jar:/Users/mvvkiran/.m2/repository/com/vladsch/flexmark/flexmark-util-sequence/0.62.2/flexmark-util-sequence-0.62.2.jar:/Users/mvvkiran/.m2/repository/com/vladsch/flexmark/flexmark-util-visitor/0.62.2/flexmark-util-visitor-0.62.2.jar:/Users/mvvkiran/.m2/repository/com/vladsch/flexmark/flexmark-ext-tables/0.62.2/flexmark-ext-tables-0.62.2.jar:/Users/mvvkiran/.m2/repository/com/vladsch/flexmark/flexmark-util/0.62.2/flexmark-util-0.62.2.jar:/Users/mvvkiran/.m2/repository/com/vladsch/flexmark/flexmark-util-options/0.62.2/flexmark-util-options-0.62.2.jar:/Users/mvvkiran/.m2/repository/au/com/dius/pact/core/support/4.6.3/support-4.6.3.jar:/Users/mvvkiran/.m2/repository/io/github/microutils/kotlin-logging-jvm/3.0.4/kotlin-logging-jvm-3.0.4.jar:/Users/mvvkiran/.m2/repository/io/github/oshai/kotlin-logging-jvm/5.0.0/kotlin-logging-jvm-5.0.0.jar:/Users/mvvkiran/.m2/repository/org/apache/httpcomponents/client5/httpclient5-fluent/5.2.1/httpclient5-fluent-5.2.1.jar:/Users/mvvkiran/.m2/repository/org/apache/commons/commons-text/1.10.0/commons-text-1.10.0.jar:/Users/mvvkiran/.m2/repository/au/com/dius/pact/core/pactbroker/4.6.3/pactbroker-4.6.3.jar:/Users/mvvkiran/.m2/repository/com/google/guava/guava/31.1-jre/guava-31.1-jre.jar:/Users/mvvkiran/.m2/repository/com/google/guava/failureaccess/1.0.1/failureaccess-1.0.1.jar:/Users/mvvkiran/.m2/repository/com/google/guava/listenablefuture/9999.0-empty-to-avoid-conflict-with-guava/listenablefuture-9999.0-empty-to-avoid-conflict-with-guava.jar:/Users/mvvkiran/.m2/repository/com/google/code/findbugs/jsr305/3.0.2/jsr305-3.0.2.jar:/Users/mvvkiran/.m2/repository/com/google/errorprone/error_prone_annotations/2.11.0/error_prone_annotations-2.11.0.jar:/Users/mvvkiran/.m2/repository/com/google/j2objc/j2objc-annotations/1.3/j2objc-annotations-1.3.jar:/Users/mvvkiran/.m2/repository/au/com/dius/pact/core/model/4.6.3/model-4.6.3.jar:/Users/mvvkiran/.m2/repository/org/apache/tika/tika-core/2.7.0/tika-core-2.7.0.jar:/Users/mvvkiran/.m2/repository/com/github/mifmif/generex/1.0.2/generex-1.0.2.jar:/Users/mvvkiran/.m2/repository/javax/mail/mail/1.5.0-b01/mail-1.5.0-b01.jar:/Users/mvvkiran/.m2/repository/javax/activation/activation/1.1/activation-1.1.jar:/Users/mvvkiran/.m2/repository/io/ktor/ktor-http-jvm/2.3.0/ktor-http-jvm-2.3.0.jar:/Users/mvvkiran/.m2/repository/org/jetbrains/kotlin/kotlin-stdlib-jdk7/1.9.20/kotlin-stdlib-jdk7-1.9.20.jar:/Users/mvvkiran/.m2/repository/org/jetbrains/kotlinx/kotlinx-coroutines-jdk8/1.7.3/kotlinx-coroutines-jdk8-1.7.3.jar:/Users/mvvkiran/.m2/repository/org/jetbrains/kotlinx/kotlinx-coroutines-core-jvm/1.7.3/kotlinx-coroutines-core-jvm-1.7.3.jar:/Users/mvvkiran/.m2/repository/io/ktor/ktor-utils-jvm/2.3.0/ktor-utils-jvm-2.3.0.jar:/Users/mvvkiran/.m2/repository/io/ktor/ktor-io-jvm/2.3.0/ktor-io-jvm-2.3.0.jar:/Users/mvvkiran/.m2/repository/commons-beanutils/commons-beanutils/1.9.4/commons-beanutils-1.9.4.jar:/Users/mvvkiran/.m2/repository/commons-collections/commons-collections/3.2.2/commons-collections-3.2.2.jar:/Users/mvvkiran/.m2/repository/org/junit/jupiter/junit-jupiter-api/5.10.1/junit-jupiter-api-5.10.1.jar:/Users/mvvkiran/.m2/repository/org/opentest4j/opentest4j/1.3.0/opentest4j-1.3.0.jar:/Users/mvvkiran/.m2/repository/org/junit/platform/junit-platform-commons/1.10.1/junit-platform-commons-1.10.1.jar:/Users/mvvkiran/.m2/repository/org/apiguardian/apiguardian-api/1.1.2/apiguardian-api-1.1.2.jar:/Users/mvvkiran/.m2/repository/org/jetbrains/kotlin/kotlin-stdlib/1.9.20/kotlin-stdlib-1.9.20.jar:/Users/mvvkiran/.m2/repository/org/jetbrains/kotlin/kotlin-reflect/1.9.20/kotlin-reflect-1.9.20.jar:/Users/mvvkiran/.m2/repository/io/pact/plugin/driver/core/0.4.0/core-0.4.0.jar:/Users/mvvkiran/.m2/repository/com/vdurmont/semver4j/3.1.0/semver4j-3.1.0.jar:/Users/mvvkiran/.m2/repository/io/grpc/grpc-protobuf/1.53.0/grpc-protobuf-1.53.0.jar:/Users/mvvkiran/.m2/repository/io/grpc/grpc-api/1.53.0/grpc-api-1.53.0.jar:/Users/mvvkiran/.m2/repository/io/grpc/grpc-context/1.53.0/grpc-context-1.53.0.jar:/Users/mvvkiran/.m2/repository/com/google/protobuf/protobuf-java/3.21.7/protobuf-java-3.21.7.jar:/Users/mvvkiran/.m2/repository/com/google/api/grpc/proto-google-common-protos/2.9.0/proto-google-common-protos-2.9.0.jar:/Users/mvvkiran/.m2/repository/io/grpc/grpc-protobuf-lite/1.53.0/grpc-protobuf-lite-1.53.0.jar:/Users/mvvkiran/.m2/repository/io/grpc/grpc-stub/1.53.0/grpc-stub-1.53.0.jar:/Users/mvvkiran/.m2/repository/io/grpc/grpc-netty/1.53.0/grpc-netty-1.53.0.jar:/Users/mvvkiran/.m2/repository/io/grpc/grpc-core/1.53.0/grpc-core-1.53.0.jar:/Users/mvvkiran/.m2/repository/com/google/android/annotations/4.1.1.4/annotations-4.1.1.4.jar:/Users/mvvkiran/.m2/repository/org/codehaus/mojo/animal-sniffer-annotations/1.21/animal-sniffer-annotations-1.21.jar:/Users/mvvkiran/.m2/repository/io/netty/netty-codec-http2/4.1.101.Final/netty-codec-http2-4.1.101.Final.jar:/Users/mvvkiran/.m2/repository/io/netty/netty-handler-proxy/4.1.101.Final/netty-handler-proxy-4.1.101.Final.jar:/Users/mvvkiran/.m2/repository/io/netty/netty-codec-socks/4.1.101.Final/netty-codec-socks-4.1.101.Final.jar:/Users/mvvkiran/.m2/repository/io/perfmark/perfmark-api/0.25.0/perfmark-api-0.25.0.jar:/Users/mvvkiran/.m2/repository/io/netty/netty-transport-native-unix-common/4.1.101.Final/netty-transport-native-unix-common-4.1.101.Final.jar:/Users/mvvkiran/.m2/repository/javax/annotation/javax.annotation-api/1.3.2/javax.annotation-api-1.3.2.jar:/Users/mvvkiran/.m2/repository/javax/json/javax.json-api/1.1.4/javax.json-api-1.1.4.jar:/Users/mvvkiran/.m2/repository/org/glassfish/javax.json/1.1.4/javax.json-1.1.4.jar:/Users/mvvkiran/.m2/repository/com/moandjiezana/toml/toml4j/0.7.2/toml4j-0.7.2.jar:/Users/mvvkiran/.m2/repository/com/google/code/gson/gson/2.10.1/gson-2.10.1.jar:/Users/mvvkiran/.m2/repository/org/rauschig/jarchivelib/1.2.0/jarchivelib-1.2.0.jar:/Users/mvvkiran/.m2/repository/com/michael-bull/kotlin-result/kotlin-result-jvm/1.1.14/kotlin-result-jvm-1.1.14.jar:/Users/mvvkiran/.m2/repository/org/jetbrains/kotlin/kotlin-stdlib-jdk8/1.9.20/kotlin-stdlib-jdk8-1.9.20.jar:/Users/mvvkiran/.m2/repository/org/jetbrains/kotlin/kotlin-stdlib-common/1.9.20/kotlin-stdlib-common-1.9.20.jar:/Users/mvvkiran/.m2/repository/au/com/dius/pact/consumer/junit5/4.6.3/junit5-4.6.3.jar:/Users/mvvkiran/.m2/repository/au/com/dius/pact/consumer/4.6.3/consumer-4.6.3.jar:/Users/mvvkiran/.m2/repository/org/json/json/20230227/json-20230227.jar:/Users/mvvkiran/.m2/repository/com/googlecode/java-diff-utils/diffutils/1.3.0/diffutils-1.3.0.jar:/Users/mvvkiran/.m2/repository/dk/brics/automaton/automaton/1.11-8/automaton-1.11-8.jar:/Users/mvvkiran/.m2/repository/io/netty/netty-handler/4.1.101.Final/netty-handler-4.1.101.Final.jar:/Users/mvvkiran/.m2/repository/io/netty/netty-common/4.1.101.Final/netty-common-4.1.101.Final.jar:/Users/mvvkiran/.m2/repository/io/netty/netty-resolver/4.1.101.Final/netty-resolver-4.1.101.Final.jar:/Users/mvvkiran/.m2/repository/io/netty/netty-buffer/4.1.101.Final/netty-buffer-4.1.101.Final.jar:/Users/mvvkiran/.m2/repository/io/netty/netty-transport/4.1.101.Final/netty-transport-4.1.101.Final.jar:/Users/mvvkiran/.m2/repository/io/netty/netty-codec/4.1.101.Final/netty-codec-4.1.101.Final.jar:/Users/mvvkiran/.m2/repository/io/ktor/ktor-server-netty/2.3.0/ktor-server-netty-2.3.0.jar:/Users/mvvkiran/.m2/repository/org/jetbrains/kotlinx/kotlinx-coroutines-core/1.7.3/kotlinx-coroutines-core-1.7.3.jar:/Users/mvvkiran/.m2/repository/io/ktor/ktor-network-tls-certificates/2.3.0/ktor-network-tls-certificates-2.3.0.jar:/Users/mvvkiran/.m2/repository/io/ktor/ktor-server-call-logging/2.3.0/ktor-server-call-logging-2.3.0.jar:/Users/mvvkiran/.m2/repository/io/ktor/ktor-server-core/2.3.0/ktor-server-core-2.3.0.jar:/Users/mvvkiran/.m2/repository/org/jetbrains/kotlinx/atomicfu/0.19.0/atomicfu-0.19.0.jar:/Users/mvvkiran/.m2/repository/org/jetbrains/kotlinx/atomicfu-jvm/0.19.0/atomicfu-jvm-0.19.0.jar:/Users/mvvkiran/.m2/repository/io/ktor/ktor-utils/2.3.0/ktor-utils-2.3.0.jar:/Users/mvvkiran/.m2/repository/io/ktor/ktor-io/2.3.0/ktor-io-2.3.0.jar:/Users/mvvkiran/.m2/repository/io/ktor/ktor-http/2.3.0/ktor-http-2.3.0.jar:/Users/mvvkiran/.m2/repository/io/ktor/ktor-serialization/2.3.0/ktor-serialization-2.3.0.jar:/Users/mvvkiran/.m2/repository/io/ktor/ktor-websockets/2.3.0/ktor-websockets-2.3.0.jar:/Users/mvvkiran/.m2/repository/io/ktor/ktor-events/2.3.0/ktor-events-2.3.0.jar:/Users/mvvkiran/.m2/repository/io/gatling/gatling-app/3.10.3/gatling-app-3.10.3.jar:/Users/mvvkiran/.m2/repository/org/scala-lang/scala-library/2.13.12/scala-library-2.13.12.jar:/Users/mvvkiran/.m2/repository/io/gatling/gatling-core/3.10.3/gatling-core-3.10.3.jar:/Users/mvvkiran/.m2/repository/io/gatling/gatling-netty-util/3.10.3/gatling-netty-util-3.10.3.jar:/Users/mvvkiran/.m2/repository/io/gatling/gatling-shared-util_2.13/0.0.5/gatling-shared-util_2.13-0.0.5.jar:/Users/mvvkiran/.m2/repository/org/scala-lang/modules/scala-collection-compat_2.13/2.11.0/scala-collection-compat_2.13-2.11.0.jar:/Users/mvvkiran/.m2/repository/io/netty/incubator/netty-incubator-transport-native-io_uring/0.0.24.Final/netty-incubator-transport-native-io_uring-0.0.24.Final-linux-x86_64.jar:/Users/mvvkiran/.m2/repository/io/netty/incubator/netty-incubator-transport-classes-io_uring/0.0.24.Final/netty-incubator-transport-classes-io_uring-0.0.24.Final.jar:/Users/mvvkiran/.m2/repository/io/netty/incubator/netty-incubator-transport-native-io_uring/0.0.24.Final/netty-incubator-transport-native-io_uring-0.0.24.Final-linux-aarch_64.jar:/Users/mvvkiran/.m2/repository/io/gatling/gatling-commons/3.10.3/gatling-commons-3.10.3.jar:/Users/mvvkiran/.m2/repository/com/typesafe/config/1.4.3/config-1.4.3.jar:/Users/mvvkiran/.m2/repository/io/github/metarank/cfor_2.13/0.3/cfor_2.13-0.3.jar:/Users/mvvkiran/.m2/repository/org/scala-lang/scala-reflect/2.13.10/scala-reflect-2.13.10.jar:/Users/mvvkiran/.m2/repository/com/typesafe/scala-logging/scala-logging_2.13/3.9.5/scala-logging_2.13-3.9.5.jar:/Users/mvvkiran/.m2/repository/io/gatling/gatling-shared-enterprise/3.10.3/gatling-shared-enterprise-3.10.3.jar:/Users/mvvkiran/.m2/repository/io/gatling/gatling-jsonpath/3.10.3/gatling-jsonpath-3.10.3.jar:/Users/mvvkiran/.m2/repository/io/gatling/gatling-shared-model_2.13/0.0.4/gatling-shared-model_2.13-0.0.4.jar:/Users/mvvkiran/.m2/repository/io/suzaku/boopickle_2.13/1.3.3/boopickle_2.13-1.3.3.jar:/Users/mvvkiran/.m2/repository/com/typesafe/akka/akka-actor_2.13/2.6.20/akka-actor_2.13-2.6.20.jar:/Users/mvvkiran/.m2/repository/org/scala-lang/modules/scala-java8-compat_2.13/1.0.0/scala-java8-compat_2.13-1.0.0.jar:/Users/mvvkiran/.m2/repository/com/typesafe/akka/akka-slf4j_2.13/2.6.20/akka-slf4j_2.13-2.6.20.jar:/Users/mvvkiran/.m2/repository/org/simpleflatmapper/lightning-csv/8.2.3/lightning-csv-8.2.3.jar:/Users/mvvkiran/.m2/repository/org/simpleflatmapper/sfm-util/8.2.3/sfm-util-8.2.3.jar:/Users/mvvkiran/.m2/repository/com/github/ben-manes/caffeine/caffeine/3.1.8/caffeine-3.1.8.jar:/Users/mvvkiran/.m2/repository/io/pebbletemplates/pebble/3.2.2/pebble-3.2.2.jar:/Users/mvvkiran/.m2/repository/org/unbescape/unbescape/1.1.6.RELEASE/unbescape-1.1.6.RELEASE.jar:/Users/mvvkiran/.m2/repository/org/scala-lang/modules/scala-parser-combinators_2.13/2.3.0/scala-parser-combinators_2.13-2.3.0.jar:/Users/mvvkiran/.m2/repository/com/github/scopt/scopt_2.13/3.7.1/scopt_2.13-3.7.1.jar:/Users/mvvkiran/.m2/repository/io/netty/netty-tcnative-classes/2.0.61.Final/netty-tcnative-classes-2.0.61.Final.jar:/Users/mvvkiran/.m2/repository/com/softwaremill/quicklens/quicklens_2.13/1.9.6/quicklens_2.13-1.9.6.jar:/Users/mvvkiran/.m2/repository/net/sf/saxon/Saxon-HE/10.6/Saxon-HE-10.6.jar:/Users/mvvkiran/.m2/repository/org/jodd/jodd-lagarto/6.0.6/jodd-lagarto-6.0.6.jar:/Users/mvvkiran/.m2/repository/org/jodd/jodd-util/6.2.2/jodd-util-6.2.2.jar:/Users/mvvkiran/.m2/repository/io/burt/jmespath-jackson/0.6.0/jmespath-jackson-0.6.0.jar:/Users/mvvkiran/.m2/repository/io/burt/jmespath-core/0.6.0/jmespath-core-0.6.0.jar:/Users/mvvkiran/.m2/repository/io/gatling/gatling-core-java/3.10.3/gatling-core-java-3.10.3.jar:/Users/mvvkiran/.m2/repository/net/jodah/typetools/0.6.3/typetools-0.6.3.jar:/Users/mvvkiran/.m2/repository/com/github/spotbugs/spotbugs-annotations/4.7.3/spotbugs-annotations-4.7.3.jar:/Users/mvvkiran/.m2/repository/io/gatling/gatling-http/3.10.3/gatling-http-3.10.3.jar:/Users/mvvkiran/.m2/repository/io/gatling/gatling-http-client/3.10.3/gatling-http-client-3.10.3.jar:/Users/mvvkiran/.m2/repository/io/netty/netty-resolver-dns/4.1.101.Final/netty-resolver-dns-4.1.101.Final.jar:/Users/mvvkiran/.m2/repository/io/netty/netty-codec-dns/4.1.101.Final/netty-codec-dns-4.1.101.Final.jar:/Users/mvvkiran/.m2/repository/io/netty/netty-resolver-dns-native-macos/4.1.101.Final/netty-resolver-dns-native-macos-4.1.101.Final-osx-x86_64.jar:/Users/mvvkiran/.m2/repository/io/netty/netty-resolver-dns-classes-macos/4.1.101.Final/netty-resolver-dns-classes-macos-4.1.101.Final.jar:/Users/mvvkiran/.m2/repository/io/netty/netty-resolver-dns-native-macos/4.1.101.Final/netty-resolver-dns-native-macos-4.1.101.Final-osx-aarch_64.jar:/Users/mvvkiran/.m2/repository/io/netty/netty-tcnative-boringssl-static/2.0.61.Final/netty-tcnative-boringssl-static-2.0.61.Final.jar:/Users/mvvkiran/.m2/repository/io/netty/netty-tcnative-boringssl-static/2.0.61.Final/netty-tcnative-boringssl-static-2.0.61.Final-linux-x86_64.jar:/Users/mvvkiran/.m2/repository/io/netty/netty-tcnative-boringssl-static/2.0.61.Final/netty-tcnative-boringssl-static-2.0.61.Final-linux-aarch_64.jar:/Users/mvvkiran/.m2/repository/io/netty/netty-tcnative-boringssl-static/2.0.61.Final/netty-tcnative-boringssl-static-2.0.61.Final-osx-x86_64.jar:/Users/mvvkiran/.m2/repository/io/netty/netty-tcnative-boringssl-static/2.0.61.Final/netty-tcnative-boringssl-static-2.0.61.Final-osx-aarch_64.jar:/Users/mvvkiran/.m2/repository/io/netty/netty-tcnative-boringssl-static/2.0.61.Final/netty-tcnative-boringssl-static-2.0.61.Final-windows-x86_64.jar:/Users/mvvkiran/.m2/repository/com/aayushatharva/brotli4j/brotli4j/1.13.0/brotli4j-1.13.0.jar:/Users/mvvkiran/.m2/repository/com/aayushatharva/brotli4j/service/1.13.0/service-1.13.0.jar:/Users/mvvkiran/.m2/repository/com/aayushatharva/brotli4j/native-linux-x86_64/1.13.0/native-linux-x86_64-1.13.0.jar:/Users/mvvkiran/.m2/repository/com/aayushatharva/brotli4j/native-linux-aarch64/1.13.0/native-linux-aarch64-1.13.0.jar:/Users/mvvkiran/.m2/repository/com/aayushatharva/brotli4j/native-osx-x86_64/1.13.0/native-osx-x86_64-1.13.0.jar:/Users/mvvkiran/.m2/repository/com/aayushatharva/brotli4j/native-osx-aarch64/1.13.0/native-osx-aarch64-1.13.0.jar:/Users/mvvkiran/.m2/repository/com/aayushatharva/brotli4j/native-windows-x86_64/1.13.0/native-windows-x86_64-1.13.0.jar:/Users/mvvkiran/.m2/repository/io/gatling/gatling-http-java/3.10.3/gatling-http-java-3.10.3.jar:/Users/mvvkiran/.m2/repository/io/gatling/gatling-jms/3.10.3/gatling-jms-3.10.3.jar:/Users/mvvkiran/.m2/repository/javax/jms/javax.jms-api/2.0.1/javax.jms-api-2.0.1.jar:/Users/mvvkiran/.m2/repository/com/eatthepath/fast-uuid/0.2.0/fast-uuid-0.2.0.jar:/Users/mvvkiran/.m2/repository/io/gatling/gatling-jms-java/3.10.3/gatling-jms-java-3.10.3.jar:/Users/mvvkiran/.m2/repository/io/gatling/gatling-mqtt/3.10.3/gatling-mqtt-3.10.3.jar:/Users/mvvkiran/.m2/repository/io/netty/netty-codec-mqtt/4.1.101.Final/netty-codec-mqtt-4.1.101.Final.jar:/Users/mvvkiran/.m2/repository/io/netty/netty-transport-native-epoll/4.1.101.Final/netty-transport-native-epoll-4.1.101.Final-linux-x86_64.jar:/Users/mvvkiran/.m2/repository/io/netty/netty-transport-classes-epoll/4.1.101.Final/netty-transport-classes-epoll-4.1.101.Final.jar:/Users/mvvkiran/.m2/repository/io/netty/netty-transport-native-epoll/4.1.101.Final/netty-transport-native-epoll-4.1.101.Final-linux-aarch_64.jar:/Users/mvvkiran/.m2/repository/io/gatling/gatling-mqtt-java/3.10.3/gatling-mqtt-java-3.10.3.jar:/Users/mvvkiran/.m2/repository/io/gatling/gatling-jdbc/3.10.3/gatling-jdbc-3.10.3.jar:/Users/mvvkiran/.m2/repository/io/gatling/gatling-jdbc-java/3.10.3/gatling-jdbc-java-3.10.3.jar:/Users/mvvkiran/.m2/repository/io/gatling/gatling-redis/3.10.3/gatling-redis-3.10.3.jar:/Users/mvvkiran/.m2/repository/net/debasishg/redisclient_2.13/3.42/redisclient_2.13-3.42.jar:/Users/mvvkiran/.m2/repository/org/apache/commons/commons-pool2/2.12.0/commons-pool2-2.12.0.jar:/Users/mvvkiran/.m2/repository/io/gatling/gatling-redis-java/3.10.3/gatling-redis-java-3.10.3.jar:/Users/mvvkiran/.m2/repository/io/gatling/gatling-graphite/3.10.3/gatling-graphite-3.10.3.jar:/Users/mvvkiran/.m2/repository/org/hdrhistogram/HdrHistogram/2.1.12/HdrHistogram-2.1.12.jar:/Users/mvvkiran/.m2/repository/io/gatling/gatling-charts/3.10.3/gatling-charts-3.10.3.jar:/Users/mvvkiran/.m2/repository/com/tdunning/t-digest/3.1/t-digest-3.1.jar:/Users/mvvkiran/.m2/repository/io/gatling/highcharts/gatling-charts-highcharts/3.10.3/gatling-charts-highcharts-3.10.3.jar:/Users/mvvkiran/.m2/repository/io/gatling/gatling-recorder/3.10.3/gatling-recorder-3.10.3.jar:/Users/mvvkiran/.m2/repository/org/scala-lang/modules/scala-swing_2.13/3.0.0/scala-swing_2.13-3.0.0.jar:/Users/mvvkiran/.m2/repository/io/gatling/gatling-recorder-bc-shaded/1.77.0/gatling-recorder-bc-shaded-1.77.0.jar:/Users/mvvkiran/.m2/repository/io/netty/netty-codec-http/4.1.101.Final/netty-codec-http-4.1.101.Final.jar:"/>
    <property name="sun.cpu.endian" value="little"/>
    <property name="user.home" value="/Users/mvvkiran"/>
    <property name="user.language" value="en"/>
    <property name="java.specification.vendor" value="Oracle Corporation"/>
    <property name="java.version.date" value="2025-07-15"/>
    <property name="java.home" value="/opt/homebrew/Cellar/openjdk/24.0.2/libexec/openjdk.jdk/Contents/Home"/>
    <property name="file.separator" value="/"/>
    <property name="basedir" value="/Users/mvvkiran/Workspace/ExampleApplicationWithTDD"/>
    <property name="java.vm.compressedOopsMode" value="Zero based"/>
    <property name="line.separator" value="&#10;"/>
    <property name="java.vm.specification.vendor" value="Oracle Corporation"/>
    <property name="java.specification.name" value="Java Platform API Specification"/>
    <property name="FILE_LOG_CHARSET" value="UTF-8"/>
    <property name="java.awt.headless" value="true"/>
    <property name="apple.awt.application.name" value="ForkedBooter"/>
    <property name="surefire.real.class.path" value="/Users/mvvkiran/Workspace/ExampleApplicationWithTDD/target/surefire/surefirebooter-20250814224735805_3.jar"/>
    <property name="sun.management.compiler" value="HotSpot 64-Bit Tiered Compilers"/>
    <property name="ftp.nonProxyHosts" value="local|*.local|169.254/16|*.169.254/16"/>
    <property name="java.runtime.version" value="24.0.2"/>
    <property name="user.name" value="mvvkiran"/>
    <property name="stdout.encoding" value="UTF-8"/>
    <property name="path.separator" value=":"/>
    <property name="os.version" value="15.6"/>
    <property name="java.runtime.name" value="OpenJDK Runtime Environment"/>
    <property name="file.encoding" value="UTF-8"/>
    <property name="java.vm.name" value="OpenJDK 64-Bit Server VM"/>
    <property name="java.vendor.version" value="Homebrew"/>
    <property name="localRepository" value="/Users/mvvkiran/.m2/repository"/>
    <property name="java.vendor.url.bug" value="https://github.com/Homebrew/homebrew-core/issues"/>
    <property name="java.io.tmpdir" value="/var/folders/22/fb3lvtq50697hsxlhbh9_lnm0000gn/T/"/>
    <property name="com.zaxxer.hikari.pool_number" value="10"/>
    <property name="catalina.home" value="/private/var/folders/22/fb3lvtq50697hsxlhbh9_lnm0000gn/T/tomcat.0.16026108724739206254"/>
    <property name="java.version" value="24.0.2"/>
    <property name="user.dir" value="/Users/mvvkiran/Workspace/ExampleApplicationWithTDD"/>
    <property name="os.arch" value="aarch64"/>
    <property name="java.vm.specification.name" value="Java Virtual Machine Specification"/>
    <property name="PID" value="39792"/>
    <property name="CONSOLE_LOG_CHARSET" value="UTF-8"/>
    <property name="catalina.base" value="/private/var/folders/22/fb3lvtq50697hsxlhbh9_lnm0000gn/T/tomcat.0.3075037317716906159"/>
    <property name="native.encoding" value="UTF-8"/>
    <property name="java.library.path" value="/Users/mvvkiran/Library/Java/Extensions:/Library/Java/Extensions:/Network/Library/Java/Extensions:/System/Library/Java/Extensions:/usr/lib/java:."/>
    <property name="java.vm.info" value="mixed mode, sharing"/>
    <property name="stderr.encoding" value="UTF-8"/>
    <property name="java.vendor" value="Homebrew"/>
    <property name="java.vm.version" value="24.0.2"/>
    <property name="sun.io.unicode.encoding" value="UnicodeBig"/>
    <property name="socksNonProxyHosts" value="local|*.local|169.254/16|*.169.254/16"/>
    <property name="java.class.version" value="68.0"/>
    <property name="CONSOLE_LOG_PATTERN" value="%d{yyyy-MM-dd HH:mm:ss} - %msg%n"/>
    <property name="LOGGED_APPLICATION_NAME" value="[auto-insurance-api] "/>
  </properties>
  <testcase name="should_HandleDatabaseConnectionPoolStress" classname="com.autoinsurance.stress.StressAndReliabilityTest" time="0.055">
    <system-out><![CDATA[2025-08-14 22:47:46 - Could not detect default configuration classes for test class [com.autoinsurance.stress.StressAndReliabilityTest]: StressAndReliabilityTest does not declare any static, non-private, non-final, nested classes annotated with @Configuration.
2025-08-14 22:47:46 - Found @SpringBootConfiguration com.autoinsurance.AutoInsuranceApiApplication for test class com.autoinsurance.stress.StressAndReliabilityTest

  .   ____          _            __ _ _
 /\\ / ___'_ __ _ _(_)_ __  __ _ \ \ \ \
( ( )\___ | '_ | '_| | '_ \/ _` | \ \ \ \
 \\/  ___)| |_)| | | | | || (_| |  ) ) ) )
  '  |____| .__|_| |_|_| |_\__, | / / / /
 =========|_|==============|___/=/_/_/_/
&amp#27;[32m :: Spring Boot :: &amp#27;[39m              &amp#27;[2m (v3.2.0)&amp#27;[0;39m

2025-08-14 22:47:46 - 

Found multiple occurrences of org.json.JSONObject on the class path:

	jar:file:/Users/mvvkiran/.m2/repository/com/vaadin/external/google/android-json/0.0.20131108.vaadin1/android-json-0.0.20131108.vaadin1.jar!/org/json/JSONObject.class
	jar:file:/Users/mvvkiran/.m2/repository/org/json/json/20230227/json-20230227.jar!/org/json/JSONObject.class

You may wish to exclude one of them to ensure predictable runtime behavior

2025-08-14 22:47:46 - Refreshing org.springframework.web.context.support.GenericWebApplicationContext@33b02d5d
2025-08-14 22:47:46 - Bootstrapping Spring Data JPA repositories in DEFAULT mode.
2025-08-14 22:47:46 - Finished Spring Data repository scanning in 3 ms. Found 1 JPA repository interface.
2025-08-14 22:47:46 - HHH000204: Processing PersistenceUnitInfo [name: default]
2025-08-14 22:47:46 - HHH000026: Second-level cache disabled
2025-08-14 22:47:46 - No LoadTimeWeaver setup: ignoring JPA class transformer
2025-08-14 22:47:46 - HikariPool-10 - Starting...
2025-08-14 22:47:46 - HikariPool-10 - Added connection conn117: url=jdbc:h2:mem:testdb_stress user=SA
2025-08-14 22:47:46 - HikariPool-10 - Start completed.
2025-08-14 22:47:46 - HHH90000025: H2Dialect does not need to be specified explicitly using 'hibernate.dialect' (remove the property setting and it will be selected by default)
2025-08-14 22:47:46 - HHH000489: No JTA platform available (set 'hibernate.transaction.jta.platform' to enable JTA platform integration)
2025-08-14 22:47:46 - 
    drop table if exists quote_discounts cascade 
2025-08-14 22:47:46 - 
    drop table if exists quotes cascade 
2025-08-14 22:47:46 - 
    create table quote_discounts (
        discount_description varchar(255),
        quote_id varchar(255) not null
    )
2025-08-14 22:47:46 - 
    create table quotes (
        coverage_amount numeric(38,2) not null,
        deductible numeric(38,2) not null,
        monthly_premium numeric(38,2) not null,
        premium numeric(38,2) not null,
        valid_until date not null,
        vehicle_current_value numeric(38,2) not null,
        vehicle_year integer not null,
        created_at timestamp(6) not null,
        id varchar(255) not null,
        primary_driver_license varchar(255) not null,
        primary_driver_name varchar(255) not null,
        vehicle_make varchar(255) not null,
        vehicle_model varchar(255) not null,
        vehicle_vin varchar(255) not null,
        primary key (id)
    )
2025-08-14 22:47:46 - 
    alter table if exists quote_discounts 
       add constraint FK1h7jxtsqsdn673awsiyn0jarm 
       foreign key (quote_id) 
       references quotes
2025-08-14 22:47:46 - Initialized JPA EntityManagerFactory for persistence unit 'default'
2025-08-14 22:47:46 - Exposing 3 endpoint(s) beneath base path '/actuator'
2025-08-14 22:47:46 - spring.jpa.open-in-view is enabled by default. Therefore, database queries may be performed during view rendering. Explicitly configure spring.jpa.open-in-view to disable this warning
2025-08-14 22:47:46 - 

Using generated security password: 03b6a9b3-9506-4eeb-9fcf-d4a89b287163

This generated password is for development use only. Your security configuration must be updated before running your application in production.

2025-08-14 22:47:46 - 11 mappings in 'requestMappingHandlerMapping'
2025-08-14 22:47:46 - Patterns [/webjars/**, /**, /swagger-ui*/*swagger-initializer.js, /swagger-ui*/**] in 'resourceHandlerMapping'
2025-08-14 22:47:46 - Will secure any request with [org.springframework.security.web.session.DisableEncodeUrlFilter@49cfb519, org.springframework.security.web.context.request.async.WebAsyncManagerIntegrationFilter@6d6537bc, org.springframework.security.web.context.SecurityContextHolderFilter@4a20f62f, org.springframework.security.web.header.HeaderWriterFilter@2e823ab3, org.springframework.web.filter.CorsFilter@6ef8597, org.springframework.security.web.authentication.logout.LogoutFilter@6d3cf4f, org.springframework.security.web.savedrequest.RequestCacheAwareFilter@3af44ef7, org.springframework.security.web.servletapi.SecurityContextHolderAwareRequestFilter@4ffed476, org.springframework.security.web.authentication.AnonymousAuthenticationFilter@5baacb08, org.springframework.security.web.access.ExceptionTranslationFilter@252a9847, org.springframework.security.web.access.intercept.AuthorizationFilter@58e68cd1]
2025-08-14 22:47:46 - ControllerAdvice beans: 0 @ModelAttribute, 0 @InitBinder, 1 RequestBodyAdvice, 1 ResponseBodyAdvice
2025-08-14 22:47:46 - ControllerAdvice beans: 2 @ExceptionHandler, 1 ResponseBodyAdvice
2025-08-14 22:47:46 - H2 console available at '/h2-console'. Database available at 'jdbc:h2:mem:testdb_stress'
2025-08-14 22:47:46 - Filter 'webMvcObservationFilter' configured for use
2025-08-14 22:47:46 - Initializing Spring TestDispatcherServlet ''
2025-08-14 22:47:46 - Initializing Servlet ''
2025-08-14 22:47:46 - Completed initialization in 0 ms
2025-08-14 22:47:46 - Securing POST /api/v1/quotes
2025-08-14 22:47:46 - Securing POST /api/v1/quotes
2025-08-14 22:47:46 - Securing POST /api/v1/quotes
2025-08-14 22:47:46 - Securing POST /api/v1/quotes
2025-08-14 22:47:46 - Securing POST /api/v1/quotes
2025-08-14 22:47:46 - Securing POST /api/v1/quotes
2025-08-14 22:47:46 - Securing POST /api/v1/quotes
2025-08-14 22:47:46 - Securing POST /api/v1/quotes
2025-08-14 22:47:46 - Securing POST /api/v1/quotes
2025-08-14 22:47:46 - Cache miss for REQUEST dispatch to '/api/v1/quotes' (previous null). Performing CorsConfiguration lookup. This is logged once only at WARN level, and every time at TRACE.
2025-08-14 22:47:46 - Securing POST /api/v1/quotes
2025-08-14 22:47:46 - Securing POST /api/v1/quotes
2025-08-14 22:47:46 - Securing POST /api/v1/quotes
2025-08-14 22:47:46 - Securing POST /api/v1/quotes
2025-08-14 22:47:46 - Secured POST /api/v1/quotes
2025-08-14 22:47:46 - Mapped to com.autoinsurance.quote.controller.QuoteController#createQuote(QuoteRequestDto)
2025-08-14 22:47:46 - Secured POST /api/v1/quotes
2025-08-14 22:47:46 - Secured POST /api/v1/quotes
2025-08-14 22:47:46 - Secured POST /api/v1/quotes
2025-08-14 22:47:46 - Mapped to com.autoinsurance.quote.controller.QuoteController#createQuote(QuoteRequestDto)
2025-08-14 22:47:46 - Securing POST /api/v1/quotes
2025-08-14 22:47:46 - Secured POST /api/v1/quotes
2025-08-14 22:47:46 - Mapped to com.autoinsurance.quote.controller.QuoteController#createQuote(QuoteRequestDto)
2025-08-14 22:47:46 - Secured POST /api/v1/quotes
2025-08-14 22:47:46 - Secured POST /api/v1/quotes
2025-08-14 22:47:46 - Secured POST /api/v1/quotes
2025-08-14 22:47:46 - Mapped to com.autoinsurance.quote.controller.QuoteController#createQuote(QuoteRequestDto)
2025-08-14 22:47:46 - Mapped to com.autoinsurance.quote.controller.QuoteController#createQuote(QuoteRequestDto)
2025-08-14 22:47:46 - Secured POST /api/v1/quotes
2025-08-14 22:47:46 - Securing POST /api/v1/quotes
2025-08-14 22:47:46 - Secured POST /api/v1/quotes
2025-08-14 22:47:46 - Mapped to com.autoinsurance.quote.controller.QuoteController#createQuote(QuoteRequestDto)
2025-08-14 22:47:46 - Mapped to com.autoinsurance.quote.controller.QuoteController#createQuote(QuoteRequestDto)
2025-08-14 22:47:46 - Secured POST /api/v1/quotes
2025-08-14 22:47:46 - Secured POST /api/v1/quotes
2025-08-14 22:47:46 - Securing POST /api/v1/quotes
2025-08-14 22:47:46 - Mapped to com.autoinsurance.quote.controller.QuoteController#createQuote(QuoteRequestDto)
2025-08-14 22:47:46 - Mapped to com.autoinsurance.quote.controller.QuoteController#createQuote(QuoteRequestDto)
2025-08-14 22:47:46 - Mapped to com.autoinsurance.quote.controller.QuoteController#createQuote(QuoteRequestDto)
2025-08-14 22:47:46 - Securing POST /api/v1/quotes
2025-08-14 22:47:46 - Secured POST /api/v1/quotes
2025-08-14 22:47:46 - Secured POST /api/v1/quotes
2025-08-14 22:47:46 - Mapped to com.autoinsurance.quote.controller.QuoteController#createQuote(QuoteRequestDto)
2025-08-14 22:47:46 - Mapped to com.autoinsurance.quote.controller.QuoteController#createQuote(QuoteRequestDto)
2025-08-14 22:47:46 - Secured POST /api/v1/quotes
2025-08-14 22:47:46 - Mapped to com.autoinsurance.quote.controller.QuoteController#createQuote(QuoteRequestDto)
2025-08-14 22:47:46 - Securing POST /api/v1/quotes
2025-08-14 22:47:46 - Secured POST /api/v1/quotes
2025-08-14 22:47:46 - Secured POST /api/v1/quotes
2025-08-14 22:47:46 - Mapped to com.autoinsurance.quote.controller.QuoteController#createQuote(QuoteRequestDto)
2025-08-14 22:47:46 - Mapped to com.autoinsurance.quote.controller.QuoteController#createQuote(QuoteRequestDto)
2025-08-14 22:47:46 - Mapped to com.autoinsurance.quote.controller.QuoteController#createQuote(QuoteRequestDto)
2025-08-14 22:47:46 - Securing POST /api/v1/quotes
2025-08-14 22:47:46 - Secured POST /api/v1/quotes
2025-08-14 22:47:46 - Secured POST /api/v1/quotes
2025-08-14 22:47:46 - Mapped to com.autoinsurance.quote.controller.QuoteController#createQuote(QuoteRequestDto)
2025-08-14 22:47:46 - Securing POST /api/v1/quotes
2025-08-14 22:47:46 - Mapped to com.autoinsurance.quote.controller.QuoteController#createQuote(QuoteRequestDto)
2025-08-14 22:47:46 - Mapped to com.autoinsurance.quote.controller.QuoteController#createQuote(QuoteRequestDto)
2025-08-14 22:47:46 - Securing POST /api/v1/quotes
2025-08-14 22:47:46 - Secured POST /api/v1/quotes
2025-08-14 22:47:46 - Mapped to com.autoinsurance.quote.controller.QuoteController#createQuote(QuoteRequestDto)
2025-08-14 22:47:46 - Securing POST /api/v1/quotes
2025-08-14 22:47:46 - Secured POST /api/v1/quotes
2025-08-14 22:47:46 - Mapped to com.autoinsurance.quote.controller.QuoteController#createQuote(QuoteRequestDto)
2025-08-14 22:47:46 - Securing POST /api/v1/quotes
2025-08-14 22:47:46 - Securing POST /api/v1/quotes
2025-08-14 22:47:46 - Securing POST /api/v1/quotes
2025-08-14 22:47:46 - Secured POST /api/v1/quotes
2025-08-14 22:47:46 - Secured POST /api/v1/quotes
2025-08-14 22:47:46 - Secured POST /api/v1/quotes
2025-08-14 22:47:46 - Mapped to com.autoinsurance.quote.controller.QuoteController#createQuote(QuoteRequestDto)
2025-08-14 22:47:46 - Mapped to com.autoinsurance.quote.controller.QuoteController#createQuote(QuoteRequestDto)
2025-08-14 22:47:46 - Mapped to com.autoinsurance.quote.controller.QuoteController#createQuote(QuoteRequestDto)
2025-08-14 22:47:46 - Secured POST /api/v1/quotes
2025-08-14 22:47:46 - Mapped to com.autoinsurance.quote.controller.QuoteController#createQuote(QuoteRequestDto)
2025-08-14 22:47:46 - Read "application/json;charset=UTF-8" to [com.autoinsurance.quote.dto.QuoteRequestDto@2a76c416]
2025-08-14 22:47:46 - Read "application/json;charset=UTF-8" to [com.autoinsurance.quote.dto.QuoteRequestDto@61caf9b7]
2025-08-14 22:47:46 - Read "application/json;charset=UTF-8" to [com.autoinsurance.quote.dto.QuoteRequestDto@15321321]
2025-08-14 22:47:46 - Read "application/json;charset=UTF-8" to [com.autoinsurance.quote.dto.QuoteRequestDto@60caab9c]
2025-08-14 22:47:46 - Read "application/json;charset=UTF-8" to [com.autoinsurance.quote.dto.QuoteRequestDto@239cc979]
2025-08-14 22:47:46 - Read "application/json;charset=UTF-8" to [com.autoinsurance.quote.dto.QuoteRequestDto@60dbc94a]
2025-08-14 22:47:46 - Read "application/json;charset=UTF-8" to [com.autoinsurance.quote.dto.QuoteRequestDto@3d3e80df]
2025-08-14 22:47:46 - Read "application/json;charset=UTF-8" to [com.autoinsurance.quote.dto.QuoteRequestDto@49e5d428]
2025-08-14 22:47:46 - Read "application/json;charset=UTF-8" to [com.autoinsurance.quote.dto.QuoteRequestDto@5e29101f]
2025-08-14 22:47:46 - Read "application/json;charset=UTF-8" to [com.autoinsurance.quote.dto.QuoteRequestDto@fddda17]
2025-08-14 22:47:46 - Read "application/json;charset=UTF-8" to [com.autoinsurance.quote.dto.QuoteRequestDto@45fb8d99]
2025-08-14 22:47:46 - Read "application/json;charset=UTF-8" to [com.autoinsurance.quote.dto.QuoteRequestDto@3af707a6]
2025-08-14 22:47:46 - Read "application/json;charset=UTF-8" to [com.autoinsurance.quote.dto.QuoteRequestDto@6685697d]
2025-08-14 22:47:46 - Read "application/json;charset=UTF-8" to [com.autoinsurance.quote.dto.QuoteRequestDto@2faf9315]
2025-08-14 22:47:46 - Read "application/json;charset=UTF-8" to [com.autoinsurance.quote.dto.QuoteRequestDto@6e198689]
2025-08-14 22:47:46 - Read "application/json;charset=UTF-8" to [com.autoinsurance.quote.dto.QuoteRequestDto@3ee6dd86]
2025-08-14 22:47:46 - Read "application/json;charset=UTF-8" to [com.autoinsurance.quote.dto.QuoteRequestDto@72d2bc7f]
2025-08-14 22:47:46 - Read "application/json;charset=UTF-8" to [com.autoinsurance.quote.dto.QuoteRequestDto@1cc43506]
2025-08-14 22:47:46 - Read "application/json;charset=UTF-8" to [com.autoinsurance.quote.dto.QuoteRequestDto@130b3da9]
2025-08-14 22:47:46 - Read "application/json;charset=UTF-8" to [com.autoinsurance.quote.dto.QuoteRequestDto@b552549]
2025-08-14 22:47:46 - Read "application/json;charset=UTF-8" to [com.autoinsurance.quote.dto.QuoteRequestDto@4bc86037]
2025-08-14 22:47:46 - Read "application/json;charset=UTF-8" to [com.autoinsurance.quote.dto.QuoteRequestDto@5c2c2e17]
2025-08-14 22:47:46 - Read "application/json;charset=UTF-8" to [com.autoinsurance.quote.dto.QuoteRequestDto@19f1d9d6]
2025-08-14 22:47:46 - Read "application/json;charset=UTF-8" to [com.autoinsurance.quote.dto.QuoteRequestDto@5ec770e1]
2025-08-14 22:47:46 - Read "application/json;charset=UTF-8" to [com.autoinsurance.quote.dto.QuoteRequestDto@64571345]
2025-08-14 22:47:46 - 
    select
        q1_0.id,
        q1_0.coverage_amount,
        q1_0.created_at,
        q1_0.deductible,
        q1_0.monthly_premium,
        q1_0.premium,
        q1_0.primary_driver_license,
        q1_0.primary_driver_name,
        q1_0.valid_until,
        q1_0.vehicle_current_value,
        q1_0.vehicle_make,
        q1_0.vehicle_model,
        q1_0.vehicle_vin,
        q1_0.vehicle_year 
    from
        quotes q1_0 
    where
        q1_0.id=?
2025-08-14 22:47:46 - 
    select
        q1_0.id,
        q1_0.coverage_amount,
        q1_0.created_at,
        q1_0.deductible,
        q1_0.monthly_premium,
        q1_0.premium,
        q1_0.primary_driver_license,
        q1_0.primary_driver_name,
        q1_0.valid_until,
        q1_0.vehicle_current_value,
        q1_0.vehicle_make,
        q1_0.vehicle_model,
        q1_0.vehicle_vin,
        q1_0.vehicle_year 
    from
        quotes q1_0 
    where
        q1_0.id=?
2025-08-14 22:47:46 - 
    select
        q1_0.id,
        q1_0.coverage_amount,
        q1_0.created_at,
        q1_0.deductible,
        q1_0.monthly_premium,
        q1_0.premium,
        q1_0.primary_driver_license,
        q1_0.primary_driver_name,
        q1_0.valid_until,
        q1_0.vehicle_current_value,
        q1_0.vehicle_make,
        q1_0.vehicle_model,
        q1_0.vehicle_vin,
        q1_0.vehicle_year 
    from
        quotes q1_0 
    where
        q1_0.id=?
2025-08-14 22:47:46 - 
    select
        q1_0.id,
        q1_0.coverage_amount,
        q1_0.created_at,
        q1_0.deductible,
        q1_0.monthly_premium,
        q1_0.premium,
        q1_0.primary_driver_license,
        q1_0.primary_driver_name,
        q1_0.valid_until,
        q1_0.vehicle_current_value,
        q1_0.vehicle_make,
        q1_0.vehicle_model,
        q1_0.vehicle_vin,
        q1_0.vehicle_year 
    from
        quotes q1_0 
    where
        q1_0.id=?
2025-08-14 22:47:46 - 
    insert 
    into
        quotes
        (coverage_amount, created_at, deductible, monthly_premium, premium, primary_driver_license, primary_driver_name, valid_until, vehicle_current_value, vehicle_make, vehicle_model, vehicle_vin, vehicle_year, id) 
    values
        (?, ?, ?, ?, ?, ?, ?, ?, ?, ?, ?, ?, ?, ?)
2025-08-14 22:47:46 - 
    insert 
    into
        quotes
        (coverage_amount, created_at, deductible, monthly_premium, premium, primary_driver_license, primary_driver_name, valid_until, vehicle_current_value, vehicle_make, vehicle_model, vehicle_vin, vehicle_year, id) 
    values
        (?, ?, ?, ?, ?, ?, ?, ?, ?, ?, ?, ?, ?, ?)
2025-08-14 22:47:46 - 
    select
        q1_0.id,
        q1_0.coverage_amount,
        q1_0.created_at,
        q1_0.deductible,
        q1_0.monthly_premium,
        q1_0.premium,
        q1_0.primary_driver_license,
        q1_0.primary_driver_name,
        q1_0.valid_until,
        q1_0.vehicle_current_value,
        q1_0.vehicle_make,
        q1_0.vehicle_model,
        q1_0.vehicle_vin,
        q1_0.vehicle_year 
    from
        quotes q1_0 
    where
        q1_0.id=?
2025-08-14 22:47:46 - 
    insert 
    into
        quotes
        (coverage_amount, created_at, deductible, monthly_premium, premium, primary_driver_license, primary_driver_name, valid_until, vehicle_current_value, vehicle_make, vehicle_model, vehicle_vin, vehicle_year, id) 
    values
        (?, ?, ?, ?, ?, ?, ?, ?, ?, ?, ?, ?, ?, ?)
2025-08-14 22:47:46 - 
    insert 
    into
        quotes
        (coverage_amount, created_at, deductible, monthly_premium, premium, primary_driver_license, primary_driver_name, valid_until, vehicle_current_value, vehicle_make, vehicle_model, vehicle_vin, vehicle_year, id) 
    values
        (?, ?, ?, ?, ?, ?, ?, ?, ?, ?, ?, ?, ?, ?)
2025-08-14 22:47:46 - Using 'application/json', given [*/*] and supported [application/json]
2025-08-14 22:47:46 - 
    select
        q1_0.id,
        q1_0.coverage_amount,
        q1_0.created_at,
        q1_0.deductible,
        q1_0.monthly_premium,
        q1_0.premium,
        q1_0.primary_driver_license,
        q1_0.primary_driver_name,
        q1_0.valid_until,
        q1_0.vehicle_current_value,
        q1_0.vehicle_make,
        q1_0.vehicle_model,
        q1_0.vehicle_vin,
        q1_0.vehicle_year 
    from
        quotes q1_0 
    where
        q1_0.id=?
2025-08-14 22:47:46 - Using 'application/json', given [*/*] and supported [application/json]
2025-08-14 22:47:46 - Using 'application/json', given [*/*] and supported [application/json]
2025-08-14 22:47:46 - Using 'application/json', given [*/*] and supported [application/json]
2025-08-14 22:47:46 - Writing [com.autoinsurance.quote.dto.QuoteResponseDto@34395ea3]
2025-08-14 22:47:46 - Writing [com.autoinsurance.quote.dto.QuoteResponseDto@14a7b8a0]
2025-08-14 22:47:46 - Writing [com.autoinsurance.quote.dto.QuoteResponseDto@702cf351]
2025-08-14 22:47:46 - 
    insert 
    into
        quotes
        (coverage_amount, created_at, deductible, monthly_premium, premium, primary_driver_license, primary_driver_name, valid_until, vehicle_current_value, vehicle_make, vehicle_model, vehicle_vin, vehicle_year, id) 
    values
        (?, ?, ?, ?, ?, ?, ?, ?, ?, ?, ?, ?, ?, ?)
2025-08-14 22:47:46 - Writing [com.autoinsurance.quote.dto.QuoteResponseDto@6dad337]
2025-08-14 22:47:46 - Set SecurityContextHolder to anonymous SecurityContext
2025-08-14 22:47:46 - Using 'application/json', given [*/*] and supported [application/json]
2025-08-14 22:47:46 - Writing [com.autoinsurance.quote.dto.QuoteResponseDto@1e336e98]
2025-08-14 22:47:46 - Set SecurityContextHolder to anonymous SecurityContext
2025-08-14 22:47:46 - 
    select
        q1_0.id,
        q1_0.coverage_amount,
        q1_0.created_at,
        q1_0.deductible,
        q1_0.monthly_premium,
        q1_0.premium,
        q1_0.primary_driver_license,
        q1_0.primary_driver_name,
        q1_0.valid_until,
        q1_0.vehicle_current_value,
        q1_0.vehicle_make,
        q1_0.vehicle_model,
        q1_0.vehicle_vin,
        q1_0.vehicle_year 
    from
        quotes q1_0 
    where
        q1_0.id=?
2025-08-14 22:47:46 - Securing GET /api/v1/quotes/93493670-a43a-4f03-bee5-e40c48fd67b5
2025-08-14 22:47:46 - Secured GET /api/v1/quotes/93493670-a43a-4f03-bee5-e40c48fd67b5
2025-08-14 22:47:46 - Securing GET /api/v1/quotes/cbf26f5e-ef09-4faf-8518-15416838b78e
2025-08-14 22:47:46 - Mapped to com.autoinsurance.quote.controller.QuoteController#getQuote(String)
2025-08-14 22:47:46 - 
    insert 
    into
        quotes
        (coverage_amount, created_at, deductible, monthly_premium, premium, primary_driver_license, primary_driver_name, valid_until, vehicle_current_value, vehicle_make, vehicle_model, vehicle_vin, vehicle_year, id) 
    values
        (?, ?, ?, ?, ?, ?, ?, ?, ?, ?, ?, ?, ?, ?)
2025-08-14 22:47:46 - Using 'application/json', given [*/*] and supported [application/json]
2025-08-14 22:47:46 - Writing [com.autoinsurance.quote.dto.QuoteResponseDto@62caab7e]
2025-08-14 22:47:46 - Secured GET /api/v1/quotes/cbf26f5e-ef09-4faf-8518-15416838b78e
2025-08-14 22:47:46 - 
    select
        q1_0.id,
        q1_0.coverage_amount,
        q1_0.created_at,
        q1_0.deductible,
        q1_0.monthly_premium,
        q1_0.premium,
        q1_0.primary_driver_license,
        q1_0.primary_driver_name,
        q1_0.valid_until,
        q1_0.vehicle_current_value,
        q1_0.vehicle_make,
        q1_0.vehicle_model,
        q1_0.vehicle_vin,
        q1_0.vehicle_year 
    from
        quotes q1_0 
    where
        q1_0.id=?
2025-08-14 22:47:46 - Mapped to com.autoinsurance.quote.controller.QuoteController#getQuote(String)
2025-08-14 22:47:46 - Set SecurityContextHolder to anonymous SecurityContext
2025-08-14 22:47:46 - 
    insert 
    into
        quotes
        (coverage_amount, created_at, deductible, monthly_premium, premium, primary_driver_license, primary_driver_name, valid_until, vehicle_current_value, vehicle_make, vehicle_model, vehicle_vin, vehicle_year, id) 
    values
        (?, ?, ?, ?, ?, ?, ?, ?, ?, ?, ?, ?, ?, ?)
2025-08-14 22:47:46 - 
    select
        q1_0.id,
        q1_0.coverage_amount,
        q1_0.created_at,
        q1_0.deductible,
        q1_0.monthly_premium,
        q1_0.premium,
        q1_0.primary_driver_license,
        q1_0.primary_driver_name,
        q1_0.valid_until,
        q1_0.vehicle_current_value,
        q1_0.vehicle_make,
        q1_0.vehicle_model,
        q1_0.vehicle_vin,
        q1_0.vehicle_year 
    from
        quotes q1_0 
    where
        q1_0.id=?
2025-08-14 22:47:46 - Set SecurityContextHolder to anonymous SecurityContext
2025-08-14 22:47:46 - 
    insert 
    into
        quotes
        (coverage_amount, created_at, deductible, monthly_premium, premium, primary_driver_license, primary_driver_name, valid_until, vehicle_current_value, vehicle_make, vehicle_model, vehicle_vin, vehicle_year, id) 
    values
        (?, ?, ?, ?, ?, ?, ?, ?, ?, ?, ?, ?, ?, ?)
2025-08-14 22:47:46 - Using 'application/json', given [*/*] and supported [application/json]
2025-08-14 22:47:46 - Writing [com.autoinsurance.quote.dto.QuoteResponseDto@ced9158]
2025-08-14 22:47:46 - Using 'application/json', given [*/*] and supported [application/json]
2025-08-14 22:47:46 - Securing GET /api/v1/quotes/662294fa-45a2-49bb-95f1-4f564fb8564a
2025-08-14 22:47:46 - Writing [com.autoinsurance.quote.dto.QuoteResponseDto@2c894544]
2025-08-14 22:47:46 - Set SecurityContextHolder to anonymous SecurityContext
2025-08-14 22:47:46 - Set SecurityContextHolder to anonymous SecurityContext
2025-08-14 22:47:46 - Using 'application/json', given [application/json] and supported [application/json]
2025-08-14 22:47:46 - Secured GET /api/v1/quotes/662294fa-45a2-49bb-95f1-4f564fb8564a
2025-08-14 22:47:46 - Writing [com.autoinsurance.quote.dto.QuoteResponseDto@7b91a763]
2025-08-14 22:47:46 - Mapped to com.autoinsurance.quote.controller.QuoteController#getQuote(String)
2025-08-14 22:47:46 - Securing GET /api/v1/quotes/b1abb03b-f625-4959-a078-48e3bec08922
2025-08-14 22:47:46 - Securing GET /api/v1/quotes/a77e2ef6-b1f1-402e-8b6c-879df3e42eba
2025-08-14 22:47:46 - Securing GET /api/v1/quotes/cbe4e02d-8b60-45e9-82f1-8bb5a70789d7
2025-08-14 22:47:46 - 
    select
        q1_0.id,
        q1_0.coverage_amount,
        q1_0.created_at,
        q1_0.deductible,
        q1_0.monthly_premium,
        q1_0.premium,
        q1_0.primary_driver_license,
        q1_0.primary_driver_name,
        q1_0.valid_until,
        q1_0.vehicle_current_value,
        q1_0.vehicle_make,
        q1_0.vehicle_model,
        q1_0.vehicle_vin,
        q1_0.vehicle_year 
    from
        quotes q1_0 
    where
        q1_0.id=?
2025-08-14 22:47:46 - Secured GET /api/v1/quotes/b1abb03b-f625-4959-a078-48e3bec08922
2025-08-14 22:47:46 - Secured GET /api/v1/quotes/a77e2ef6-b1f1-402e-8b6c-879df3e42eba
2025-08-14 22:47:46 - Mapped to com.autoinsurance.quote.controller.QuoteController#getQuote(String)
2025-08-14 22:47:46 - Mapped to com.autoinsurance.quote.controller.QuoteController#getQuote(String)
2025-08-14 22:47:46 - 
    select
        q1_0.id,
        q1_0.coverage_amount,
        q1_0.created_at,
        q1_0.deductible,
        q1_0.monthly_premium,
        q1_0.premium,
        q1_0.primary_driver_license,
        q1_0.primary_driver_name,
        q1_0.valid_until,
        q1_0.vehicle_current_value,
        q1_0.vehicle_make,
        q1_0.vehicle_model,
        q1_0.vehicle_vin,
        q1_0.vehicle_year 
    from
        quotes q1_0 
    where
        q1_0.id=?
2025-08-14 22:47:46 - Using 'application/json', given [application/json] and supported [application/json]
2025-08-14 22:47:46 - 
    select
        q1_0.id,
        q1_0.coverage_amount,
        q1_0.created_at,
        q1_0.deductible,
        q1_0.monthly_premium,
        q1_0.premium,
        q1_0.primary_driver_license,
        q1_0.primary_driver_name,
        q1_0.valid_until,
        q1_0.vehicle_current_value,
        q1_0.vehicle_make,
        q1_0.vehicle_model,
        q1_0.vehicle_vin,
        q1_0.vehicle_year 
    from
        quotes q1_0 
    where
        q1_0.id=?
2025-08-14 22:47:46 - Writing [com.autoinsurance.quote.dto.QuoteResponseDto@110e2baa]
2025-08-14 22:47:46 - Secured GET /api/v1/quotes/cbe4e02d-8b60-45e9-82f1-8bb5a70789d7
2025-08-14 22:47:46 - 
    insert 
    into
        quotes
        (coverage_amount, created_at, deductible, monthly_premium, premium, primary_driver_license, primary_driver_name, valid_until, vehicle_current_value, vehicle_make, vehicle_model, vehicle_vin, vehicle_year, id) 
    values
        (?, ?, ?, ?, ?, ?, ?, ?, ?, ?, ?, ?, ?, ?)
2025-08-14 22:47:46 - Mapped to com.autoinsurance.quote.controller.QuoteController#getQuote(String)
2025-08-14 22:47:46 - Set SecurityContextHolder to anonymous SecurityContext
2025-08-14 22:47:46 - Using 'application/json', given [application/json] and supported [application/json]
2025-08-14 22:47:46 - Writing [com.autoinsurance.quote.dto.QuoteResponseDto@1fa62ba1]
2025-08-14 22:47:46 - 
    select
        da1_0.quote_id,
        da1_0.discount_description 
    from
        quote_discounts da1_0 
    where
        da1_0.quote_id=?
2025-08-14 22:47:46 - 
    select
        da1_0.quote_id,
        da1_0.discount_description 
    from
        quote_discounts da1_0 
    where
        da1_0.quote_id=?
2025-08-14 22:47:46 - Using 'application/json', given [*/*] and supported [application/json]
2025-08-14 22:47:46 - Writing [com.autoinsurance.quote.dto.QuoteResponseDto@5fb662c]
2025-08-14 22:47:46 - Set SecurityContextHolder to anonymous SecurityContext
2025-08-14 22:47:46 - Set SecurityContextHolder to anonymous SecurityContext
2025-08-14 22:47:46 - Set SecurityContextHolder to anonymous SecurityContext
2025-08-14 22:47:46 - 
    select
        q1_0.id,
        q1_0.coverage_amount,
        q1_0.created_at,
        q1_0.deductible,
        q1_0.monthly_premium,
        q1_0.premium,
        q1_0.primary_driver_license,
        q1_0.primary_driver_name,
        q1_0.valid_until,
        q1_0.vehicle_current_value,
        q1_0.vehicle_make,
        q1_0.vehicle_model,
        q1_0.vehicle_vin,
        q1_0.vehicle_year 
    from
        quotes q1_0 
    where
        q1_0.id=?
2025-08-14 22:47:46 - Securing GET /api/v1/quotes/64939054-4ddb-494e-a435-10f328bff1c9
2025-08-14 22:47:46 - Securing GET /api/v1/quotes/26d60b65-acf1-4a5c-9761-bf8f1aeb4164
2025-08-14 22:47:46 - Secured GET /api/v1/quotes/64939054-4ddb-494e-a435-10f328bff1c9
2025-08-14 22:47:46 - Mapped to com.autoinsurance.quote.controller.QuoteController#getQuote(String)
2025-08-14 22:47:46 - 
    select
        q1_0.id,
        q1_0.coverage_amount,
        q1_0.created_at,
        q1_0.deductible,
        q1_0.monthly_premium,
        q1_0.premium,
        q1_0.primary_driver_license,
        q1_0.primary_driver_name,
        q1_0.valid_until,
        q1_0.vehicle_current_value,
        q1_0.vehicle_make,
        q1_0.vehicle_model,
        q1_0.vehicle_vin,
        q1_0.vehicle_year 
    from
        quotes q1_0 
    where
        q1_0.id=?
2025-08-14 22:47:46 - 
    select
        q1_0.id,
        q1_0.coverage_amount,
        q1_0.created_at,
        q1_0.deductible,
        q1_0.monthly_premium,
        q1_0.premium,
        q1_0.primary_driver_license,
        q1_0.primary_driver_name,
        q1_0.valid_until,
        q1_0.vehicle_current_value,
        q1_0.vehicle_make,
        q1_0.vehicle_model,
        q1_0.vehicle_vin,
        q1_0.vehicle_year 
    from
        quotes q1_0 
    where
        q1_0.id=?
2025-08-14 22:47:46 - 
    select
        q1_0.id,
        q1_0.coverage_amount,
        q1_0.created_at,
        q1_0.deductible,
        q1_0.monthly_premium,
        q1_0.premium,
        q1_0.primary_driver_license,
        q1_0.primary_driver_name,
        q1_0.valid_until,
        q1_0.vehicle_current_value,
        q1_0.vehicle_make,
        q1_0.vehicle_model,
        q1_0.vehicle_vin,
        q1_0.vehicle_year 
    from
        quotes q1_0 
    where
        q1_0.id=?
2025-08-14 22:47:46 - Set SecurityContextHolder to anonymous SecurityContext
2025-08-14 22:47:46 - Secured GET /api/v1/quotes/26d60b65-acf1-4a5c-9761-bf8f1aeb4164
2025-08-14 22:47:46 - 
    select
        q1_0.id,
        q1_0.coverage_amount,
        q1_0.created_at,
        q1_0.deductible,
        q1_0.monthly_premium,
        q1_0.premium,
        q1_0.primary_driver_license,
        q1_0.primary_driver_name,
        q1_0.valid_until,
        q1_0.vehicle_current_value,
        q1_0.vehicle_make,
        q1_0.vehicle_model,
        q1_0.vehicle_vin,
        q1_0.vehicle_year 
    from
        quotes q1_0 
    where
        q1_0.id=?
2025-08-14 22:47:46 - Using 'application/json', given [application/json] and supported [application/json]
2025-08-14 22:47:46 - Mapped to com.autoinsurance.quote.controller.QuoteController#getQuote(String)
2025-08-14 22:47:46 - Writing [com.autoinsurance.quote.dto.QuoteResponseDto@19fa2909]
2025-08-14 22:47:46 - 
    insert 
    into
        quotes
        (coverage_amount, created_at, deductible, monthly_premium, premium, primary_driver_license, primary_driver_name, valid_until, vehicle_current_value, vehicle_make, vehicle_model, vehicle_vin, vehicle_year, id) 
    values
        (?, ?, ?, ?, ?, ?, ?, ?, ?, ?, ?, ?, ?, ?)
2025-08-14 22:47:46 - 
    select
        da1_0.quote_id,
        da1_0.discount_description 
    from
        quote_discounts da1_0 
    where
        da1_0.quote_id=?
2025-08-14 22:47:46 - Securing GET /api/v1/quotes/c06eb353-b3f0-4b59-84d3-c7d4c05eb4cc
2025-08-14 22:47:46 - Using 'application/json', given [*/*] and supported [application/json]
2025-08-14 22:47:46 - Writing [com.autoinsurance.quote.dto.QuoteResponseDto@39895734]
2025-08-14 22:47:46 - Set SecurityContextHolder to anonymous SecurityContext
2025-08-14 22:47:46 - 
    insert 
    into
        quotes
        (coverage_amount, created_at, deductible, monthly_premium, premium, primary_driver_license, primary_driver_name, valid_until, vehicle_current_value, vehicle_make, vehicle_model, vehicle_vin, vehicle_year, id) 
    values
        (?, ?, ?, ?, ?, ?, ?, ?, ?, ?, ?, ?, ?, ?)
2025-08-14 22:47:46 - 
    insert 
    into
        quotes
        (coverage_amount, created_at, deductible, monthly_premium, premium, primary_driver_license, primary_driver_name, valid_until, vehicle_current_value, vehicle_make, vehicle_model, vehicle_vin, vehicle_year, id) 
    values
        (?, ?, ?, ?, ?, ?, ?, ?, ?, ?, ?, ?, ?, ?)
2025-08-14 22:47:46 - 
    insert 
    into
        quotes
        (coverage_amount, created_at, deductible, monthly_premium, premium, primary_driver_license, primary_driver_name, valid_until, vehicle_current_value, vehicle_make, vehicle_model, vehicle_vin, vehicle_year, id) 
    values
        (?, ?, ?, ?, ?, ?, ?, ?, ?, ?, ?, ?, ?, ?)
2025-08-14 22:47:46 - 
    select
        da1_0.quote_id,
        da1_0.discount_description 
    from
        quote_discounts da1_0 
    where
        da1_0.quote_id=?
2025-08-14 22:47:46 - Set SecurityContextHolder to anonymous SecurityContext
2025-08-14 22:47:46 - 
    select
        q1_0.id,
        q1_0.coverage_amount,
        q1_0.created_at,
        q1_0.deductible,
        q1_0.monthly_premium,
        q1_0.premium,
        q1_0.primary_driver_license,
        q1_0.primary_driver_name,
        q1_0.valid_until,
        q1_0.vehicle_current_value,
        q1_0.vehicle_make,
        q1_0.vehicle_model,
        q1_0.vehicle_vin,
        q1_0.vehicle_year 
    from
        quotes q1_0 
    where
        q1_0.id=?
2025-08-14 22:47:46 - Securing GET /api/v1/quotes/0e30ecc6-600b-494b-8f2a-13f076f24920
2025-08-14 22:47:46 - Secured GET /api/v1/quotes/c06eb353-b3f0-4b59-84d3-c7d4c05eb4cc
2025-08-14 22:47:46 - Set SecurityContextHolder to anonymous SecurityContext
2025-08-14 22:47:46 - Secured GET /api/v1/quotes/0e30ecc6-600b-494b-8f2a-13f076f24920
2025-08-14 22:47:46 - Mapped to com.autoinsurance.quote.controller.QuoteController#getQuote(String)
2025-08-14 22:47:46 - Using 'application/json', given [application/json] and supported [application/json]
2025-08-14 22:47:46 - Using 'application/json', given [*/*] and supported [application/json]
2025-08-14 22:47:46 - Using 'application/json', given [*/*] and supported [application/json]
2025-08-14 22:47:46 - Writing [com.autoinsurance.quote.dto.QuoteResponseDto@5f8ee94d]
2025-08-14 22:47:46 - Mapped to com.autoinsurance.quote.controller.QuoteController#getQuote(String)
2025-08-14 22:47:46 - 
    select
        q1_0.id,
        q1_0.coverage_amount,
        q1_0.created_at,
        q1_0.deductible,
        q1_0.monthly_premium,
        q1_0.premium,
        q1_0.primary_driver_license,
        q1_0.primary_driver_name,
        q1_0.valid_until,
        q1_0.vehicle_current_value,
        q1_0.vehicle_make,
        q1_0.vehicle_model,
        q1_0.vehicle_vin,
        q1_0.vehicle_year 
    from
        quotes q1_0 
    where
        q1_0.id=?
2025-08-14 22:47:46 - Writing [com.autoinsurance.quote.dto.QuoteResponseDto@c64fae3]
2025-08-14 22:47:46 - Writing [com.autoinsurance.quote.dto.QuoteResponseDto@176b589d]
2025-08-14 22:47:46 - 
    select
        da1_0.quote_id,
        da1_0.discount_description 
    from
        quote_discounts da1_0 
    where
        da1_0.quote_id=?
2025-08-14 22:47:46 - Using 'application/json', given [*/*] and supported [application/json]
2025-08-14 22:47:46 - Writing [com.autoinsurance.quote.dto.QuoteResponseDto@13505ff8]
2025-08-14 22:47:46 - Set SecurityContextHolder to anonymous SecurityContext
2025-08-14 22:47:46 - Set SecurityContextHolder to anonymous SecurityContext
2025-08-14 22:47:46 - Set SecurityContextHolder to anonymous SecurityContext
2025-08-14 22:47:46 - Set SecurityContextHolder to anonymous SecurityContext
2025-08-14 22:47:46 - 
    select
        q1_0.id,
        q1_0.coverage_amount,
        q1_0.created_at,
        q1_0.deductible,
        q1_0.monthly_premium,
        q1_0.premium,
        q1_0.primary_driver_license,
        q1_0.primary_driver_name,
        q1_0.valid_until,
        q1_0.vehicle_current_value,
        q1_0.vehicle_make,
        q1_0.vehicle_model,
        q1_0.vehicle_vin,
        q1_0.vehicle_year 
    from
        quotes q1_0 
    where
        q1_0.id=?
2025-08-14 22:47:46 - Securing GET /api/v1/quotes/8048d43b-5088-48ac-af0b-5e786e08fad3
2025-08-14 22:47:46 - 
    select
        q1_0.id,
        q1_0.coverage_amount,
        q1_0.created_at,
        q1_0.deductible,
        q1_0.monthly_premium,
        q1_0.premium,
        q1_0.primary_driver_license,
        q1_0.primary_driver_name,
        q1_0.valid_until,
        q1_0.vehicle_current_value,
        q1_0.vehicle_make,
        q1_0.vehicle_model,
        q1_0.vehicle_vin,
        q1_0.vehicle_year 
    from
        quotes q1_0 
    where
        q1_0.id=?
2025-08-14 22:47:46 - 
    select
        q1_0.id,
        q1_0.coverage_amount,
        q1_0.created_at,
        q1_0.deductible,
        q1_0.monthly_premium,
        q1_0.premium,
        q1_0.primary_driver_license,
        q1_0.primary_driver_name,
        q1_0.valid_until,
        q1_0.vehicle_current_value,
        q1_0.vehicle_make,
        q1_0.vehicle_model,
        q1_0.vehicle_vin,
        q1_0.vehicle_year 
    from
        quotes q1_0 
    where
        q1_0.id=?
2025-08-14 22:47:46 - 
    select
        q1_0.id,
        q1_0.coverage_amount,
        q1_0.created_at,
        q1_0.deductible,
        q1_0.monthly_premium,
        q1_0.premium,
        q1_0.primary_driver_license,
        q1_0.primary_driver_name,
        q1_0.valid_until,
        q1_0.vehicle_current_value,
        q1_0.vehicle_make,
        q1_0.vehicle_model,
        q1_0.vehicle_vin,
        q1_0.vehicle_year 
    from
        quotes q1_0 
    where
        q1_0.id=?
2025-08-14 22:47:46 - Secured GET /api/v1/quotes/8048d43b-5088-48ac-af0b-5e786e08fad3
2025-08-14 22:47:46 - 
    select
        q1_0.id,
        q1_0.coverage_amount,
        q1_0.created_at,
        q1_0.deductible,
        q1_0.monthly_premium,
        q1_0.premium,
        q1_0.primary_driver_license,
        q1_0.primary_driver_name,
        q1_0.valid_until,
        q1_0.vehicle_current_value,
        q1_0.vehicle_make,
        q1_0.vehicle_model,
        q1_0.vehicle_vin,
        q1_0.vehicle_year 
    from
        quotes q1_0 
    where
        q1_0.id=?
2025-08-14 22:47:46 - Mapped to com.autoinsurance.quote.controller.QuoteController#getQuote(String)
2025-08-14 22:47:46 - 
    insert 
    into
        quotes
        (coverage_amount, created_at, deductible, monthly_premium, premium, primary_driver_license, primary_driver_name, valid_until, vehicle_current_value, vehicle_make, vehicle_model, vehicle_vin, vehicle_year, id) 
    values
        (?, ?, ?, ?, ?, ?, ?, ?, ?, ?, ?, ?, ?, ?)
2025-08-14 22:47:46 - 
    insert 
    into
        quotes
        (coverage_amount, created_at, deductible, monthly_premium, premium, primary_driver_license, primary_driver_name, valid_until, vehicle_current_value, vehicle_make, vehicle_model, vehicle_vin, vehicle_year, id) 
    values
        (?, ?, ?, ?, ?, ?, ?, ?, ?, ?, ?, ?, ?, ?)
2025-08-14 22:47:46 - 
    insert 
    into
        quotes
        (coverage_amount, created_at, deductible, monthly_premium, premium, primary_driver_license, primary_driver_name, valid_until, vehicle_current_value, vehicle_make, vehicle_model, vehicle_vin, vehicle_year, id) 
    values
        (?, ?, ?, ?, ?, ?, ?, ?, ?, ?, ?, ?, ?, ?)
2025-08-14 22:47:46 - 
    insert 
    into
        quotes
        (coverage_amount, created_at, deductible, monthly_premium, premium, primary_driver_license, primary_driver_name, valid_until, vehicle_current_value, vehicle_make, vehicle_model, vehicle_vin, vehicle_year, id) 
    values
        (?, ?, ?, ?, ?, ?, ?, ?, ?, ?, ?, ?, ?, ?)
2025-08-14 22:47:46 - Securing GET /api/v1/quotes/ca20ed24-938d-4605-9c72-c93512e67f6e
2025-08-14 22:47:46 - Securing GET /api/v1/quotes/d7bfc844-1267-4afc-a1b6-e5f0342f1e7c
2025-08-14 22:47:46 - Secured GET /api/v1/quotes/ca20ed24-938d-4605-9c72-c93512e67f6e
2025-08-14 22:47:46 - Using 'application/json', given [*/*] and supported [application/json]
2025-08-14 22:47:46 - Writing [com.autoinsurance.quote.dto.QuoteResponseDto@45d2d58c]
2025-08-14 22:47:46 - Mapped to com.autoinsurance.quote.controller.QuoteController#getQuote(String)
2025-08-14 22:47:46 - Using 'application/json', given [*/*] and supported [application/json]
2025-08-14 22:47:46 - Using 'application/json', given [application/json] and supported [application/json]
2025-08-14 22:47:46 - Using 'application/json', given [application/json] and supported [application/json]
2025-08-14 22:47:46 - Writing [com.autoinsurance.quote.dto.QuoteResponseDto@1754510c]
2025-08-14 22:47:46 - Set SecurityContextHolder to anonymous SecurityContext
2025-08-14 22:47:46 - Writing [com.autoinsurance.quote.dto.QuoteResponseDto@573becfe]
2025-08-14 22:47:46 - Writing [com.autoinsurance.quote.dto.QuoteResponseDto@605728d9]
2025-08-14 22:47:46 - 
    select
        q1_0.id,
        q1_0.coverage_amount,
        q1_0.created_at,
        q1_0.deductible,
        q1_0.monthly_premium,
        q1_0.premium,
        q1_0.primary_driver_license,
        q1_0.primary_driver_name,
        q1_0.valid_until,
        q1_0.vehicle_current_value,
        q1_0.vehicle_make,
        q1_0.vehicle_model,
        q1_0.vehicle_vin,
        q1_0.vehicle_year 
    from
        quotes q1_0 
    where
        q1_0.id=?
2025-08-14 22:47:46 - Using 'application/json', given [*/*] and supported [application/json]
2025-08-14 22:47:46 - Using 'application/json', given [*/*] and supported [application/json]
2025-08-14 22:47:46 - Writing [com.autoinsurance.quote.dto.QuoteResponseDto@45e53196]
2025-08-14 22:47:46 - Writing [com.autoinsurance.quote.dto.QuoteResponseDto@76288c3f]
2025-08-14 22:47:46 - Secured GET /api/v1/quotes/d7bfc844-1267-4afc-a1b6-e5f0342f1e7c
2025-08-14 22:47:46 - Securing GET /api/v1/quotes/728ca4aa-3270-49cc-b8be-c1eab2594a13
2025-08-14 22:47:46 - 
    select
        da1_0.quote_id,
        da1_0.discount_description 
    from
        quote_discounts da1_0 
    where
        da1_0.quote_id=?
2025-08-14 22:47:46 - 
    select
        da1_0.quote_id,
        da1_0.discount_description 
    from
        quote_discounts da1_0 
    where
        da1_0.quote_id=?
2025-08-14 22:47:46 - Set SecurityContextHolder to anonymous SecurityContext
2025-08-14 22:47:46 - Mapped to com.autoinsurance.quote.controller.QuoteController#getQuote(String)
2025-08-14 22:47:46 - Set SecurityContextHolder to anonymous SecurityContext
2025-08-14 22:47:46 - Secured GET /api/v1/quotes/728ca4aa-3270-49cc-b8be-c1eab2594a13
2025-08-14 22:47:46 - Using 'application/json', given [application/json] and supported [application/json]
2025-08-14 22:47:46 - Writing [com.autoinsurance.quote.dto.QuoteResponseDto@43dd4d1e]
2025-08-14 22:47:46 - Mapped to com.autoinsurance.quote.controller.QuoteController#getQuote(String)
2025-08-14 22:47:46 - Set SecurityContextHolder to anonymous SecurityContext
2025-08-14 22:47:46 - Set SecurityContextHolder to anonymous SecurityContext
2025-08-14 22:47:46 - 
    select
        da1_0.quote_id,
        da1_0.discount_description 
    from
        quote_discounts da1_0 
    where
        da1_0.quote_id=?
2025-08-14 22:47:46 - 
    select
        q1_0.id,
        q1_0.coverage_amount,
        q1_0.created_at,
        q1_0.deductible,
        q1_0.monthly_premium,
        q1_0.premium,
        q1_0.primary_driver_license,
        q1_0.primary_driver_name,
        q1_0.valid_until,
        q1_0.vehicle_current_value,
        q1_0.vehicle_make,
        q1_0.vehicle_model,
        q1_0.vehicle_vin,
        q1_0.vehicle_year 
    from
        quotes q1_0 
    where
        q1_0.id=?
2025-08-14 22:47:46 - Set SecurityContextHolder to anonymous SecurityContext
2025-08-14 22:47:46 - 
    select
        q1_0.id,
        q1_0.coverage_amount,
        q1_0.created_at,
        q1_0.deductible,
        q1_0.monthly_premium,
        q1_0.premium,
        q1_0.primary_driver_license,
        q1_0.primary_driver_name,
        q1_0.valid_until,
        q1_0.vehicle_current_value,
        q1_0.vehicle_make,
        q1_0.vehicle_model,
        q1_0.vehicle_vin,
        q1_0.vehicle_year 
    from
        quotes q1_0 
    where
        q1_0.id=?
2025-08-14 22:47:46 - Set SecurityContextHolder to anonymous SecurityContext
2025-08-14 22:47:46 - 
    select
        q1_0.id,
        q1_0.coverage_amount,
        q1_0.created_at,
        q1_0.deductible,
        q1_0.monthly_premium,
        q1_0.premium,
        q1_0.primary_driver_license,
        q1_0.primary_driver_name,
        q1_0.valid_until,
        q1_0.vehicle_current_value,
        q1_0.vehicle_make,
        q1_0.vehicle_model,
        q1_0.vehicle_vin,
        q1_0.vehicle_year 
    from
        quotes q1_0 
    where
        q1_0.id=?
2025-08-14 22:47:46 - Securing GET /api/v1/quotes/ff1d941a-f03e-4230-a1c4-aa194d974dbd
2025-08-14 22:47:46 - Using 'application/json', given [application/json] and supported [application/json]
2025-08-14 22:47:46 - Securing GET /api/v1/quotes/8ef3bfc9-2a16-41e5-abcd-a735c00b3e23
2025-08-14 22:47:46 - Writing [com.autoinsurance.quote.dto.QuoteResponseDto@2d3bdb7e]
2025-08-14 22:47:46 - 
    select
        da1_0.quote_id,
        da1_0.discount_description 
    from
        quote_discounts da1_0 
    where
        da1_0.quote_id=?
2025-08-14 22:47:46 - 
    insert 
    into
        quotes
        (coverage_amount, created_at, deductible, monthly_premium, premium, primary_driver_license, primary_driver_name, valid_until, vehicle_current_value, vehicle_make, vehicle_model, vehicle_vin, vehicle_year, id) 
    values
        (?, ?, ?, ?, ?, ?, ?, ?, ?, ?, ?, ?, ?, ?)
2025-08-14 22:47:46 - Set SecurityContextHolder to anonymous SecurityContext
2025-08-14 22:47:46 - Securing GET /api/v1/quotes/10911ad5-09cd-4632-afa6-7b39acc013d3
2025-08-14 22:47:46 - 
    select
        q1_0.id,
        q1_0.coverage_amount,
        q1_0.created_at,
        q1_0.deductible,
        q1_0.monthly_premium,
        q1_0.premium,
        q1_0.primary_driver_license,
        q1_0.primary_driver_name,
        q1_0.valid_until,
        q1_0.vehicle_current_value,
        q1_0.vehicle_make,
        q1_0.vehicle_model,
        q1_0.vehicle_vin,
        q1_0.vehicle_year 
    from
        quotes q1_0 
    where
        q1_0.id=?
2025-08-14 22:47:46 - 
    select
        q1_0.id,
        q1_0.coverage_amount,
        q1_0.created_at,
        q1_0.deductible,
        q1_0.monthly_premium,
        q1_0.premium,
        q1_0.primary_driver_license,
        q1_0.primary_driver_name,
        q1_0.valid_until,
        q1_0.vehicle_current_value,
        q1_0.vehicle_make,
        q1_0.vehicle_model,
        q1_0.vehicle_vin,
        q1_0.vehicle_year 
    from
        quotes q1_0 
    where
        q1_0.id=?
2025-08-14 22:47:46 - Secured GET /api/v1/quotes/8ef3bfc9-2a16-41e5-abcd-a735c00b3e23
2025-08-14 22:47:46 - Using 'application/json', given [*/*] and supported [application/json]
2025-08-14 22:47:46 - Secured GET /api/v1/quotes/ff1d941a-f03e-4230-a1c4-aa194d974dbd
2025-08-14 22:47:46 - Writing [com.autoinsurance.quote.dto.QuoteResponseDto@48e5a5fc]
2025-08-14 22:47:46 - 
    select
        q1_0.id,
        q1_0.coverage_amount,
        q1_0.created_at,
        q1_0.deductible,
        q1_0.monthly_premium,
        q1_0.premium,
        q1_0.primary_driver_license,
        q1_0.primary_driver_name,
        q1_0.valid_until,
        q1_0.vehicle_current_value,
        q1_0.vehicle_make,
        q1_0.vehicle_model,
        q1_0.vehicle_vin,
        q1_0.vehicle_year 
    from
        quotes q1_0 
    where
        q1_0.id=?
2025-08-14 22:47:46 - Mapped to com.autoinsurance.quote.controller.QuoteController#getQuote(String)
2025-08-14 22:47:46 - Set SecurityContextHolder to anonymous SecurityContext
2025-08-14 22:47:46 - Secured GET /api/v1/quotes/10911ad5-09cd-4632-afa6-7b39acc013d3
2025-08-14 22:47:46 - Mapped to com.autoinsurance.quote.controller.QuoteController#getQuote(String)
2025-08-14 22:47:46 - Mapped to com.autoinsurance.quote.controller.QuoteController#getQuote(String)
2025-08-14 22:47:46 - Using 'application/json', given [application/json] and supported [application/json]
2025-08-14 22:47:46 - Writing [com.autoinsurance.quote.dto.QuoteResponseDto@775ea975]
2025-08-14 22:47:46 - 
    insert 
    into
        quotes
        (coverage_amount, created_at, deductible, monthly_premium, premium, primary_driver_license, primary_driver_name, valid_until, vehicle_current_value, vehicle_make, vehicle_model, vehicle_vin, vehicle_year, id) 
    values
        (?, ?, ?, ?, ?, ?, ?, ?, ?, ?, ?, ?, ?, ?)
2025-08-14 22:47:46 - Securing GET /api/v1/quotes/3e9a5890-ab43-4b56-823a-522bccc33f1a
2025-08-14 22:47:46 - Secured GET /api/v1/quotes/3e9a5890-ab43-4b56-823a-522bccc33f1a
2025-08-14 22:47:46 - Using 'application/json', given [*/*] and supported [application/json]
2025-08-14 22:47:46 - Writing [com.autoinsurance.quote.dto.QuoteResponseDto@28db104]
2025-08-14 22:47:46 - 
    insert 
    into
        quotes
        (coverage_amount, created_at, deductible, monthly_premium, premium, primary_driver_license, primary_driver_name, valid_until, vehicle_current_value, vehicle_make, vehicle_model, vehicle_vin, vehicle_year, id) 
    values
        (?, ?, ?, ?, ?, ?, ?, ?, ?, ?, ?, ?, ?, ?)
2025-08-14 22:47:46 - Mapped to com.autoinsurance.quote.controller.QuoteController#getQuote(String)
2025-08-14 22:47:46 - 
    insert 
    into
        quotes
        (coverage_amount, created_at, deductible, monthly_premium, premium, primary_driver_license, primary_driver_name, valid_until, vehicle_current_value, vehicle_make, vehicle_model, vehicle_vin, vehicle_year, id) 
    values
        (?, ?, ?, ?, ?, ?, ?, ?, ?, ?, ?, ?, ?, ?)
2025-08-14 22:47:46 - Set SecurityContextHolder to anonymous SecurityContext
2025-08-14 22:47:46 - 
    select
        q1_0.id,
        q1_0.coverage_amount,
        q1_0.created_at,
        q1_0.deductible,
        q1_0.monthly_premium,
        q1_0.premium,
        q1_0.primary_driver_license,
        q1_0.primary_driver_name,
        q1_0.valid_until,
        q1_0.vehicle_current_value,
        q1_0.vehicle_make,
        q1_0.vehicle_model,
        q1_0.vehicle_vin,
        q1_0.vehicle_year 
    from
        quotes q1_0 
    where
        q1_0.id=?
2025-08-14 22:47:46 - 
    select
        q1_0.id,
        q1_0.coverage_amount,
        q1_0.created_at,
        q1_0.deductible,
        q1_0.monthly_premium,
        q1_0.premium,
        q1_0.primary_driver_license,
        q1_0.primary_driver_name,
        q1_0.valid_until,
        q1_0.vehicle_current_value,
        q1_0.vehicle_make,
        q1_0.vehicle_model,
        q1_0.vehicle_vin,
        q1_0.vehicle_year 
    from
        quotes q1_0 
    where
        q1_0.id=?
2025-08-14 22:47:46 - 
    select
        q1_0.id,
        q1_0.coverage_amount,
        q1_0.created_at,
        q1_0.deductible,
        q1_0.monthly_premium,
        q1_0.premium,
        q1_0.primary_driver_license,
        q1_0.primary_driver_name,
        q1_0.valid_until,
        q1_0.vehicle_current_value,
        q1_0.vehicle_make,
        q1_0.vehicle_model,
        q1_0.vehicle_vin,
        q1_0.vehicle_year 
    from
        quotes q1_0 
    where
        q1_0.id=?
2025-08-14 22:47:46 - Securing GET /api/v1/quotes/6ca36072-45b9-4dc0-b6c5-7ce549e91618
2025-08-14 22:47:46 - Secured GET /api/v1/quotes/6ca36072-45b9-4dc0-b6c5-7ce549e91618
2025-08-14 22:47:46 - Mapped to com.autoinsurance.quote.controller.QuoteController#getQuote(String)
2025-08-14 22:47:46 - 
    select
        q1_0.id,
        q1_0.coverage_amount,
        q1_0.created_at,
        q1_0.deductible,
        q1_0.monthly_premium,
        q1_0.premium,
        q1_0.primary_driver_license,
        q1_0.primary_driver_name,
        q1_0.valid_until,
        q1_0.vehicle_current_value,
        q1_0.vehicle_make,
        q1_0.vehicle_model,
        q1_0.vehicle_vin,
        q1_0.vehicle_year 
    from
        quotes q1_0 
    where
        q1_0.id=?
2025-08-14 22:47:46 - Using 'application/json', given [application/json] and supported [application/json]
2025-08-14 22:47:46 - Writing [com.autoinsurance.quote.dto.QuoteResponseDto@15abb236]
2025-08-14 22:47:46 - Using 'application/json', given [*/*] and supported [application/json]
2025-08-14 22:47:46 - 
    select
        da1_0.quote_id,
        da1_0.discount_description 
    from
        quote_discounts da1_0 
    where
        da1_0.quote_id=?
2025-08-14 22:47:46 - Using 'application/json', given [*/*] and supported [application/json]
2025-08-14 22:47:46 - 
    select
        da1_0.quote_id,
        da1_0.discount_description 
    from
        quote_discounts da1_0 
    where
        da1_0.quote_id=?
2025-08-14 22:47:46 - Writing [com.autoinsurance.quote.dto.QuoteResponseDto@790e6365]
2025-08-14 22:47:46 - Writing [com.autoinsurance.quote.dto.QuoteResponseDto@5b363f47]
2025-08-14 22:47:46 - Set SecurityContextHolder to anonymous SecurityContext
2025-08-14 22:47:46 - Set SecurityContextHolder to anonymous SecurityContext
2025-08-14 22:47:46 - Using 'application/json', given [application/json] and supported [application/json]
2025-08-14 22:47:46 - Writing [com.autoinsurance.quote.dto.QuoteResponseDto@38714532]
2025-08-14 22:47:46 - Set SecurityContextHolder to anonymous SecurityContext
2025-08-14 22:47:46 - Set SecurityContextHolder to anonymous SecurityContext
2025-08-14 22:47:46 - 
    select
        q1_0.id,
        q1_0.coverage_amount,
        q1_0.created_at,
        q1_0.deductible,
        q1_0.monthly_premium,
        q1_0.premium,
        q1_0.primary_driver_license,
        q1_0.primary_driver_name,
        q1_0.valid_until,
        q1_0.vehicle_current_value,
        q1_0.vehicle_make,
        q1_0.vehicle_model,
        q1_0.vehicle_vin,
        q1_0.vehicle_year 
    from
        quotes q1_0 
    where
        q1_0.id=?
2025-08-14 22:47:46 - 
    select
        da1_0.quote_id,
        da1_0.discount_description 
    from
        quote_discounts da1_0 
    where
        da1_0.quote_id=?
2025-08-14 22:47:46 - Using 'application/json', given [application/json] and supported [application/json]
2025-08-14 22:47:46 - Writing [com.autoinsurance.quote.dto.QuoteResponseDto@1ebc2b67]
2025-08-14 22:47:46 - Securing GET /api/v1/quotes/ee3aa293-0a8f-4c0e-b89b-d6ebec7364a7
2025-08-14 22:47:46 - 
    select
        q1_0.id,
        q1_0.coverage_amount,
        q1_0.created_at,
        q1_0.deductible,
        q1_0.monthly_premium,
        q1_0.premium,
        q1_0.primary_driver_license,
        q1_0.primary_driver_name,
        q1_0.valid_until,
        q1_0.vehicle_current_value,
        q1_0.vehicle_make,
        q1_0.vehicle_model,
        q1_0.vehicle_vin,
        q1_0.vehicle_year 
    from
        quotes q1_0 
    where
        q1_0.id=?
2025-08-14 22:47:46 - Secured GET /api/v1/quotes/ee3aa293-0a8f-4c0e-b89b-d6ebec7364a7
2025-08-14 22:47:46 - 
    select
        da1_0.quote_id,
        da1_0.discount_description 
    from
        quote_discounts da1_0 
    where
        da1_0.quote_id=?
2025-08-14 22:47:46 - Mapped to com.autoinsurance.quote.controller.QuoteController#getQuote(String)
2025-08-14 22:47:46 - Using 'application/json', given [application/json] and supported [application/json]
2025-08-14 22:47:46 - Set SecurityContextHolder to anonymous SecurityContext
2025-08-14 22:47:46 - Writing [com.autoinsurance.quote.dto.QuoteResponseDto@4864acdc]
2025-08-14 22:47:46 - 
    select
        q1_0.id,
        q1_0.coverage_amount,
        q1_0.created_at,
        q1_0.deductible,
        q1_0.monthly_premium,
        q1_0.premium,
        q1_0.primary_driver_license,
        q1_0.primary_driver_name,
        q1_0.valid_until,
        q1_0.vehicle_current_value,
        q1_0.vehicle_make,
        q1_0.vehicle_model,
        q1_0.vehicle_vin,
        q1_0.vehicle_year 
    from
        quotes q1_0 
    where
        q1_0.id=?
2025-08-14 22:47:46 - 
    select
        da1_0.quote_id,
        da1_0.discount_description 
    from
        quote_discounts da1_0 
    where
        da1_0.quote_id=?
2025-08-14 22:47:46 - 
    select
        q1_0.id,
        q1_0.coverage_amount,
        q1_0.created_at,
        q1_0.deductible,
        q1_0.monthly_premium,
        q1_0.premium,
        q1_0.primary_driver_license,
        q1_0.primary_driver_name,
        q1_0.valid_until,
        q1_0.vehicle_current_value,
        q1_0.vehicle_make,
        q1_0.vehicle_model,
        q1_0.vehicle_vin,
        q1_0.vehicle_year 
    from
        quotes q1_0 
    where
        q1_0.id=?
2025-08-14 22:47:46 - Set SecurityContextHolder to anonymous SecurityContext
2025-08-14 22:47:46 - 
    select
        q1_0.id,
        q1_0.coverage_amount,
        q1_0.created_at,
        q1_0.deductible,
        q1_0.monthly_premium,
        q1_0.premium,
        q1_0.primary_driver_license,
        q1_0.primary_driver_name,
        q1_0.valid_until,
        q1_0.vehicle_current_value,
        q1_0.vehicle_make,
        q1_0.vehicle_model,
        q1_0.vehicle_vin,
        q1_0.vehicle_year 
    from
        quotes q1_0 
    where
        q1_0.id=?
2025-08-14 22:47:46 - Set SecurityContextHolder to anonymous SecurityContext
2025-08-14 22:47:46 - Securing GET /api/v1/quotes/c16ffb41-5dd7-4ba7-b32c-5d5dddf4e2e1
2025-08-14 22:47:46 - Using 'application/json', given [application/json] and supported [application/json]
2025-08-14 22:47:46 - Writing [com.autoinsurance.quote.dto.QuoteResponseDto@5f5337b1]
2025-08-14 22:47:46 - 
    select
        q1_0.id,
        q1_0.coverage_amount,
        q1_0.created_at,
        q1_0.deductible,
        q1_0.monthly_premium,
        q1_0.premium,
        q1_0.primary_driver_license,
        q1_0.primary_driver_name,
        q1_0.valid_until,
        q1_0.vehicle_current_value,
        q1_0.vehicle_make,
        q1_0.vehicle_model,
        q1_0.vehicle_vin,
        q1_0.vehicle_year 
    from
        quotes q1_0 
    where
        q1_0.id=?
2025-08-14 22:47:46 - 
    select
        da1_0.quote_id,
        da1_0.discount_description 
    from
        quote_discounts da1_0 
    where
        da1_0.quote_id=?
2025-08-14 22:47:46 - 
    insert 
    into
        quotes
        (coverage_amount, created_at, deductible, monthly_premium, premium, primary_driver_license, primary_driver_name, valid_until, vehicle_current_value, vehicle_make, vehicle_model, vehicle_vin, vehicle_year, id) 
    values
        (?, ?, ?, ?, ?, ?, ?, ?, ?, ?, ?, ?, ?, ?)
2025-08-14 22:47:46 - 
    insert 
    into
        quotes
        (coverage_amount, created_at, deductible, monthly_premium, premium, primary_driver_license, primary_driver_name, valid_until, vehicle_current_value, vehicle_make, vehicle_model, vehicle_vin, vehicle_year, id) 
    values
        (?, ?, ?, ?, ?, ?, ?, ?, ?, ?, ?, ?, ?, ?)
2025-08-14 22:47:46 - Set SecurityContextHolder to anonymous SecurityContext
2025-08-14 22:47:46 - Secured GET /api/v1/quotes/c16ffb41-5dd7-4ba7-b32c-5d5dddf4e2e1
2025-08-14 22:47:46 - 
    select
        q1_0.id,
        q1_0.coverage_amount,
        q1_0.created_at,
        q1_0.deductible,
        q1_0.monthly_premium,
        q1_0.premium,
        q1_0.primary_driver_license,
        q1_0.primary_driver_name,
        q1_0.valid_until,
        q1_0.vehicle_current_value,
        q1_0.vehicle_make,
        q1_0.vehicle_model,
        q1_0.vehicle_vin,
        q1_0.vehicle_year 
    from
        quotes q1_0 
    where
        q1_0.id=?
2025-08-14 22:47:46 - Using 'application/json', given [application/json] and supported [application/json]
2025-08-14 22:47:46 - Writing [com.autoinsurance.quote.dto.QuoteResponseDto@6c8356bf]
2025-08-14 22:47:46 - Using 'application/json', given [application/json] and supported [application/json]
2025-08-14 22:47:46 - Writing [com.autoinsurance.quote.dto.QuoteResponseDto@7146efc5]
2025-08-14 22:47:46 - 
    insert 
    into
        quotes
        (coverage_amount, created_at, deductible, monthly_premium, premium, primary_driver_license, primary_driver_name, valid_until, vehicle_current_value, vehicle_make, vehicle_model, vehicle_vin, vehicle_year, id) 
    values
        (?, ?, ?, ?, ?, ?, ?, ?, ?, ?, ?, ?, ?, ?)
2025-08-14 22:47:46 - Mapped to com.autoinsurance.quote.controller.QuoteController#getQuote(String)
2025-08-14 22:47:46 - 
    select
        da1_0.quote_id,
        da1_0.discount_description 
    from
        quote_discounts da1_0 
    where
        da1_0.quote_id=?
2025-08-14 22:47:46 - 
    select
        da1_0.quote_id,
        da1_0.discount_description 
    from
        quote_discounts da1_0 
    where
        da1_0.quote_id=?
2025-08-14 22:47:46 - 
    select
        q1_0.id,
        q1_0.coverage_amount,
        q1_0.created_at,
        q1_0.deductible,
        q1_0.monthly_premium,
        q1_0.premium,
        q1_0.primary_driver_license,
        q1_0.primary_driver_name,
        q1_0.valid_until,
        q1_0.vehicle_current_value,
        q1_0.vehicle_make,
        q1_0.vehicle_model,
        q1_0.vehicle_vin,
        q1_0.vehicle_year 
    from
        quotes q1_0 
    where
        q1_0.id=?
2025-08-14 22:47:46 - Set SecurityContextHolder to anonymous SecurityContext
2025-08-14 22:47:46 - 
    insert 
    into
        quotes
        (coverage_amount, created_at, deductible, monthly_premium, premium, primary_driver_license, primary_driver_name, valid_until, vehicle_current_value, vehicle_make, vehicle_model, vehicle_vin, vehicle_year, id) 
    values
        (?, ?, ?, ?, ?, ?, ?, ?, ?, ?, ?, ?, ?, ?)
2025-08-14 22:47:46 - Using 'application/json', given [*/*] and supported [application/json]
2025-08-14 22:47:46 - Writing [com.autoinsurance.quote.dto.QuoteResponseDto@5849574f]
2025-08-14 22:47:46 - Set SecurityContextHolder to anonymous SecurityContext
2025-08-14 22:47:46 - 
    select
        q1_0.id,
        q1_0.coverage_amount,
        q1_0.created_at,
        q1_0.deductible,
        q1_0.monthly_premium,
        q1_0.premium,
        q1_0.primary_driver_license,
        q1_0.primary_driver_name,
        q1_0.valid_until,
        q1_0.vehicle_current_value,
        q1_0.vehicle_make,
        q1_0.vehicle_model,
        q1_0.vehicle_vin,
        q1_0.vehicle_year 
    from
        quotes q1_0 
    where
        q1_0.id=?
2025-08-14 22:47:46 - Using 'application/json', given [*/*] and supported [application/json]
2025-08-14 22:47:46 - Using 'application/json', given [*/*] and supported [application/json]
2025-08-14 22:47:46 - Writing [com.autoinsurance.quote.dto.QuoteResponseDto@2d1d53ee]
2025-08-14 22:47:46 - Using 'application/json', given [*/*] and supported [application/json]
2025-08-14 22:47:46 - Writing [com.autoinsurance.quote.dto.QuoteResponseDto@27332d1a]
2025-08-14 22:47:46 - Writing [com.autoinsurance.quote.dto.QuoteResponseDto@8bd116e]
2025-08-14 22:47:46 - Set SecurityContextHolder to anonymous SecurityContext
2025-08-14 22:47:46 - Securing GET /api/v1/quotes/72e72bd5-5331-4902-9d99-51e699927c67
2025-08-14 22:47:46 - 
    select
        q1_0.id,
        q1_0.coverage_amount,
        q1_0.created_at,
        q1_0.deductible,
        q1_0.monthly_premium,
        q1_0.premium,
        q1_0.primary_driver_license,
        q1_0.primary_driver_name,
        q1_0.valid_until,
        q1_0.vehicle_current_value,
        q1_0.vehicle_make,
        q1_0.vehicle_model,
        q1_0.vehicle_vin,
        q1_0.vehicle_year 
    from
        quotes q1_0 
    where
        q1_0.id=?
2025-08-14 22:47:46 - Using 'application/json', given [application/json] and supported [application/json]
2025-08-14 22:47:46 - Writing [com.autoinsurance.quote.dto.QuoteResponseDto@28c98258]
2025-08-14 22:47:46 - Secured GET /api/v1/quotes/72e72bd5-5331-4902-9d99-51e699927c67
2025-08-14 22:47:46 - Using 'application/json', given [application/json] and supported [application/json]
2025-08-14 22:47:46 - Mapped to com.autoinsurance.quote.controller.QuoteController#getQuote(String)
2025-08-14 22:47:46 - 
    select
        da1_0.quote_id,
        da1_0.discount_description 
    from
        quote_discounts da1_0 
    where
        da1_0.quote_id=?
2025-08-14 22:47:46 - Writing [com.autoinsurance.quote.dto.QuoteResponseDto@52653244]
2025-08-14 22:47:46 - 
    select
        q1_0.id,
        q1_0.coverage_amount,
        q1_0.created_at,
        q1_0.deductible,
        q1_0.monthly_premium,
        q1_0.premium,
        q1_0.primary_driver_license,
        q1_0.primary_driver_name,
        q1_0.valid_until,
        q1_0.vehicle_current_value,
        q1_0.vehicle_make,
        q1_0.vehicle_model,
        q1_0.vehicle_vin,
        q1_0.vehicle_year 
    from
        quotes q1_0 
    where
        q1_0.id=?
2025-08-14 22:47:46 - Set SecurityContextHolder to anonymous SecurityContext
2025-08-14 22:47:46 - 
    select
        da1_0.quote_id,
        da1_0.discount_description 
    from
        quote_discounts da1_0 
    where
        da1_0.quote_id=?
2025-08-14 22:47:46 - 
    select
        q1_0.id,
        q1_0.coverage_amount,
        q1_0.created_at,
        q1_0.deductible,
        q1_0.monthly_premium,
        q1_0.premium,
        q1_0.primary_driver_license,
        q1_0.primary_driver_name,
        q1_0.valid_until,
        q1_0.vehicle_current_value,
        q1_0.vehicle_make,
        q1_0.vehicle_model,
        q1_0.vehicle_vin,
        q1_0.vehicle_year 
    from
        quotes q1_0 
    where
        q1_0.id=?
2025-08-14 22:47:46 - Set SecurityContextHolder to anonymous SecurityContext
2025-08-14 22:47:46 - Set SecurityContextHolder to anonymous SecurityContext
2025-08-14 22:47:46 - Set SecurityContextHolder to anonymous SecurityContext
2025-08-14 22:47:46 - Securing GET /api/v1/quotes/c0ba1550-ba34-4300-b5ef-7ae971d43b5f
2025-08-14 22:47:46 - Set SecurityContextHolder to anonymous SecurityContext
2025-08-14 22:47:46 - Using 'application/json', given [application/json] and supported [application/json]
2025-08-14 22:47:46 - Using 'application/json', given [application/json] and supported [application/json]
2025-08-14 22:47:46 - Writing [com.autoinsurance.quote.dto.QuoteResponseDto@45a608f2]
2025-08-14 22:47:46 - Writing [com.autoinsurance.quote.dto.QuoteResponseDto@6b78c1bf]
2025-08-14 22:47:46 - Using 'application/json', given [application/json] and supported [application/json]
2025-08-14 22:47:46 - Writing [com.autoinsurance.quote.dto.QuoteResponseDto@31048daa]
2025-08-14 22:47:46 - Secured GET /api/v1/quotes/c0ba1550-ba34-4300-b5ef-7ae971d43b5f
2025-08-14 22:47:46 - 
    select
        da1_0.quote_id,
        da1_0.discount_description 
    from
        quote_discounts da1_0 
    where
        da1_0.quote_id=?
2025-08-14 22:47:46 - Securing GET /api/v1/quotes/84c64ad7-e088-4db3-b0e1-7eae104df49f
2025-08-14 22:47:46 - Mapped to com.autoinsurance.quote.controller.QuoteController#getQuote(String)
2025-08-14 22:47:46 - Set SecurityContextHolder to anonymous SecurityContext
2025-08-14 22:47:46 - 
    select
        da1_0.quote_id,
        da1_0.discount_description 
    from
        quote_discounts da1_0 
    where
        da1_0.quote_id=?
2025-08-14 22:47:46 - 
    select
        da1_0.quote_id,
        da1_0.discount_description 
    from
        quote_discounts da1_0 
    where
        da1_0.quote_id=?
2025-08-14 22:47:46 - 
    select
        q1_0.id,
        q1_0.coverage_amount,
        q1_0.created_at,
        q1_0.deductible,
        q1_0.monthly_premium,
        q1_0.premium,
        q1_0.primary_driver_license,
        q1_0.primary_driver_name,
        q1_0.valid_until,
        q1_0.vehicle_current_value,
        q1_0.vehicle_make,
        q1_0.vehicle_model,
        q1_0.vehicle_vin,
        q1_0.vehicle_year 
    from
        quotes q1_0 
    where
        q1_0.id=?
2025-08-14 22:47:46 - Securing GET /api/v1/quotes/4585932e-23a3-4180-bff0-7a31c44ead42
2025-08-14 22:47:46 - Set SecurityContextHolder to anonymous SecurityContext
2025-08-14 22:47:46 - Using 'application/json', given [application/json] and supported [application/json]
2025-08-14 22:47:46 - Writing [com.autoinsurance.quote.dto.QuoteResponseDto@63de93b1]
2025-08-14 22:47:46 - Set SecurityContextHolder to anonymous SecurityContext
2025-08-14 22:47:46 - Secured GET /api/v1/quotes/4585932e-23a3-4180-bff0-7a31c44ead42
2025-08-14 22:47:46 - Mapped to com.autoinsurance.quote.controller.QuoteController#getQuote(String)
2025-08-14 22:47:46 - 
    select
        da1_0.quote_id,
        da1_0.discount_description 
    from
        quote_discounts da1_0 
    where
        da1_0.quote_id=?
2025-08-14 22:47:46 - Secured GET /api/v1/quotes/84c64ad7-e088-4db3-b0e1-7eae104df49f
2025-08-14 22:47:46 - Set SecurityContextHolder to anonymous SecurityContext
2025-08-14 22:47:46 - Mapped to com.autoinsurance.quote.controller.QuoteController#getQuote(String)
2025-08-14 22:47:46 - 
    select
        q1_0.id,
        q1_0.coverage_amount,
        q1_0.created_at,
        q1_0.deductible,
        q1_0.monthly_premium,
        q1_0.premium,
        q1_0.primary_driver_license,
        q1_0.primary_driver_name,
        q1_0.valid_until,
        q1_0.vehicle_current_value,
        q1_0.vehicle_make,
        q1_0.vehicle_model,
        q1_0.vehicle_vin,
        q1_0.vehicle_year 
    from
        quotes q1_0 
    where
        q1_0.id=?
2025-08-14 22:47:46 - Using 'application/json', given [application/json] and supported [application/json]
2025-08-14 22:47:46 - Writing [com.autoinsurance.quote.dto.QuoteResponseDto@53f764c8]
2025-08-14 22:47:46 - 
    select
        q1_0.id,
        q1_0.coverage_amount,
        q1_0.created_at,
        q1_0.deductible,
        q1_0.monthly_premium,
        q1_0.premium,
        q1_0.primary_driver_license,
        q1_0.primary_driver_name,
        q1_0.valid_until,
        q1_0.vehicle_current_value,
        q1_0.vehicle_make,
        q1_0.vehicle_model,
        q1_0.vehicle_vin,
        q1_0.vehicle_year 
    from
        quotes q1_0 
    where
        q1_0.id=?
2025-08-14 22:47:46 - 
    select
        da1_0.quote_id,
        da1_0.discount_description 
    from
        quote_discounts da1_0 
    where
        da1_0.quote_id=?
2025-08-14 22:47:46 - Set SecurityContextHolder to anonymous SecurityContext
2025-08-14 22:47:46 - Using 'application/json', given [application/json] and supported [application/json]
2025-08-14 22:47:46 - Writing [com.autoinsurance.quote.dto.QuoteResponseDto@496c3e1f]
2025-08-14 22:47:46 - 
    select
        da1_0.quote_id,
        da1_0.discount_description 
    from
        quote_discounts da1_0 
    where
        da1_0.quote_id=?
2025-08-14 22:47:46 - Set SecurityContextHolder to anonymous SecurityContext
Database Connection Pool Stress Results:
  Concurrent Connections Attempted: 25
  Successful Operations: 25
  Connection-Related Errors: 0
  Success Rate: 100.0%
]]></system-out>
  </testcase>
  <testcase name="should_MaintainConsistentResponseTimesUnderVaryingLoad" classname="com.autoinsurance.stress.StressAndReliabilityTest" time="1.156">
    <system-out><![CDATA[Phase 1: Establishing light load baseline...
2025-08-14 22:47:46 - Securing POST /api/v1/quotes
2025-08-14 22:47:46 - Secured POST /api/v1/quotes
2025-08-14 22:47:46 - Mapped to com.autoinsurance.quote.controller.QuoteController#createQuote(QuoteRequestDto)
2025-08-14 22:47:46 - Read "application/json;charset=UTF-8" to [com.autoinsurance.quote.dto.QuoteRequestDto@6c5f6bd0]
2025-08-14 22:47:46 - 
    select
        q1_0.id,
        q1_0.coverage_amount,
        q1_0.created_at,
        q1_0.deductible,
        q1_0.monthly_premium,
        q1_0.premium,
        q1_0.primary_driver_license,
        q1_0.primary_driver_name,
        q1_0.valid_until,
        q1_0.vehicle_current_value,
        q1_0.vehicle_make,
        q1_0.vehicle_model,
        q1_0.vehicle_vin,
        q1_0.vehicle_year 
    from
        quotes q1_0 
    where
        q1_0.id=?
2025-08-14 22:47:46 - 
    insert 
    into
        quotes
        (coverage_amount, created_at, deductible, monthly_premium, premium, primary_driver_license, primary_driver_name, valid_until, vehicle_current_value, vehicle_make, vehicle_model, vehicle_vin, vehicle_year, id) 
    values
        (?, ?, ?, ?, ?, ?, ?, ?, ?, ?, ?, ?, ?, ?)
2025-08-14 22:47:46 - Using 'application/json', given [*/*] and supported [application/json]
2025-08-14 22:47:46 - Writing [com.autoinsurance.quote.dto.QuoteResponseDto@277fbd09]
2025-08-14 22:47:46 - Set SecurityContextHolder to anonymous SecurityContext
2025-08-14 22:47:46 - Securing POST /api/v1/quotes
2025-08-14 22:47:46 - Secured POST /api/v1/quotes
2025-08-14 22:47:46 - Mapped to com.autoinsurance.quote.controller.QuoteController#createQuote(QuoteRequestDto)
2025-08-14 22:47:46 - Read "application/json;charset=UTF-8" to [com.autoinsurance.quote.dto.QuoteRequestDto@1818d235]
2025-08-14 22:47:46 - 
    select
        q1_0.id,
        q1_0.coverage_amount,
        q1_0.created_at,
        q1_0.deductible,
        q1_0.monthly_premium,
        q1_0.premium,
        q1_0.primary_driver_license,
        q1_0.primary_driver_name,
        q1_0.valid_until,
        q1_0.vehicle_current_value,
        q1_0.vehicle_make,
        q1_0.vehicle_model,
        q1_0.vehicle_vin,
        q1_0.vehicle_year 
    from
        quotes q1_0 
    where
        q1_0.id=?
2025-08-14 22:47:46 - 
    insert 
    into
        quotes
        (coverage_amount, created_at, deductible, monthly_premium, premium, primary_driver_license, primary_driver_name, valid_until, vehicle_current_value, vehicle_make, vehicle_model, vehicle_vin, vehicle_year, id) 
    values
        (?, ?, ?, ?, ?, ?, ?, ?, ?, ?, ?, ?, ?, ?)
2025-08-14 22:47:46 - Using 'application/json', given [*/*] and supported [application/json]
2025-08-14 22:47:46 - Writing [com.autoinsurance.quote.dto.QuoteResponseDto@38d13c55]
2025-08-14 22:47:46 - Set SecurityContextHolder to anonymous SecurityContext
2025-08-14 22:47:47 - Securing POST /api/v1/quotes
2025-08-14 22:47:47 - Secured POST /api/v1/quotes
2025-08-14 22:47:47 - Mapped to com.autoinsurance.quote.controller.QuoteController#createQuote(QuoteRequestDto)
2025-08-14 22:47:47 - Read "application/json;charset=UTF-8" to [com.autoinsurance.quote.dto.QuoteRequestDto@5df1602e]
2025-08-14 22:47:47 - 
    select
        q1_0.id,
        q1_0.coverage_amount,
        q1_0.created_at,
        q1_0.deductible,
        q1_0.monthly_premium,
        q1_0.premium,
        q1_0.primary_driver_license,
        q1_0.primary_driver_name,
        q1_0.valid_until,
        q1_0.vehicle_current_value,
        q1_0.vehicle_make,
        q1_0.vehicle_model,
        q1_0.vehicle_vin,
        q1_0.vehicle_year 
    from
        quotes q1_0 
    where
        q1_0.id=?
2025-08-14 22:47:47 - 
    insert 
    into
        quotes
        (coverage_amount, created_at, deductible, monthly_premium, premium, primary_driver_license, primary_driver_name, valid_until, vehicle_current_value, vehicle_make, vehicle_model, vehicle_vin, vehicle_year, id) 
    values
        (?, ?, ?, ?, ?, ?, ?, ?, ?, ?, ?, ?, ?, ?)
2025-08-14 22:47:47 - Using 'application/json', given [*/*] and supported [application/json]
2025-08-14 22:47:47 - Writing [com.autoinsurance.quote.dto.QuoteResponseDto@7b0acae3]
2025-08-14 22:47:47 - Set SecurityContextHolder to anonymous SecurityContext
2025-08-14 22:47:47 - Securing POST /api/v1/quotes
2025-08-14 22:47:47 - Secured POST /api/v1/quotes
2025-08-14 22:47:47 - Mapped to com.autoinsurance.quote.controller.QuoteController#createQuote(QuoteRequestDto)
2025-08-14 22:47:47 - Read "application/json;charset=UTF-8" to [com.autoinsurance.quote.dto.QuoteRequestDto@71ab7287]
2025-08-14 22:47:47 - 
    select
        q1_0.id,
        q1_0.coverage_amount,
        q1_0.created_at,
        q1_0.deductible,
        q1_0.monthly_premium,
        q1_0.premium,
        q1_0.primary_driver_license,
        q1_0.primary_driver_name,
        q1_0.valid_until,
        q1_0.vehicle_current_value,
        q1_0.vehicle_make,
        q1_0.vehicle_model,
        q1_0.vehicle_vin,
        q1_0.vehicle_year 
    from
        quotes q1_0 
    where
        q1_0.id=?
2025-08-14 22:47:47 - 
    insert 
    into
        quotes
        (coverage_amount, created_at, deductible, monthly_premium, premium, primary_driver_license, primary_driver_name, valid_until, vehicle_current_value, vehicle_make, vehicle_model, vehicle_vin, vehicle_year, id) 
    values
        (?, ?, ?, ?, ?, ?, ?, ?, ?, ?, ?, ?, ?, ?)
2025-08-14 22:47:47 - Using 'application/json', given [*/*] and supported [application/json]
2025-08-14 22:47:47 - Writing [com.autoinsurance.quote.dto.QuoteResponseDto@6a25bacb]
2025-08-14 22:47:47 - Set SecurityContextHolder to anonymous SecurityContext
2025-08-14 22:47:47 - Securing POST /api/v1/quotes
2025-08-14 22:47:47 - Secured POST /api/v1/quotes
2025-08-14 22:47:47 - Mapped to com.autoinsurance.quote.controller.QuoteController#createQuote(QuoteRequestDto)
2025-08-14 22:47:47 - Read "application/json;charset=UTF-8" to [com.autoinsurance.quote.dto.QuoteRequestDto@5ef6e2b9]
2025-08-14 22:47:47 - 
    select
        q1_0.id,
        q1_0.coverage_amount,
        q1_0.created_at,
        q1_0.deductible,
        q1_0.monthly_premium,
        q1_0.premium,
        q1_0.primary_driver_license,
        q1_0.primary_driver_name,
        q1_0.valid_until,
        q1_0.vehicle_current_value,
        q1_0.vehicle_make,
        q1_0.vehicle_model,
        q1_0.vehicle_vin,
        q1_0.vehicle_year 
    from
        quotes q1_0 
    where
        q1_0.id=?
2025-08-14 22:47:47 - 
    insert 
    into
        quotes
        (coverage_amount, created_at, deductible, monthly_premium, premium, primary_driver_license, primary_driver_name, valid_until, vehicle_current_value, vehicle_make, vehicle_model, vehicle_vin, vehicle_year, id) 
    values
        (?, ?, ?, ?, ?, ?, ?, ?, ?, ?, ?, ?, ?, ?)
2025-08-14 22:47:47 - Using 'application/json', given [*/*] and supported [application/json]
2025-08-14 22:47:47 - Writing [com.autoinsurance.quote.dto.QuoteResponseDto@16566ea7]
2025-08-14 22:47:47 - Set SecurityContextHolder to anonymous SecurityContext
2025-08-14 22:47:47 - Securing POST /api/v1/quotes
2025-08-14 22:47:47 - Secured POST /api/v1/quotes
2025-08-14 22:47:47 - Mapped to com.autoinsurance.quote.controller.QuoteController#createQuote(QuoteRequestDto)
2025-08-14 22:47:47 - Read "application/json;charset=UTF-8" to [com.autoinsurance.quote.dto.QuoteRequestDto@3eab9c6f]
2025-08-14 22:47:47 - 
    select
        q1_0.id,
        q1_0.coverage_amount,
        q1_0.created_at,
        q1_0.deductible,
        q1_0.monthly_premium,
        q1_0.premium,
        q1_0.primary_driver_license,
        q1_0.primary_driver_name,
        q1_0.valid_until,
        q1_0.vehicle_current_value,
        q1_0.vehicle_make,
        q1_0.vehicle_model,
        q1_0.vehicle_vin,
        q1_0.vehicle_year 
    from
        quotes q1_0 
    where
        q1_0.id=?
2025-08-14 22:47:47 - 
    insert 
    into
        quotes
        (coverage_amount, created_at, deductible, monthly_premium, premium, primary_driver_license, primary_driver_name, valid_until, vehicle_current_value, vehicle_make, vehicle_model, vehicle_vin, vehicle_year, id) 
    values
        (?, ?, ?, ?, ?, ?, ?, ?, ?, ?, ?, ?, ?, ?)
2025-08-14 22:47:47 - Using 'application/json', given [*/*] and supported [application/json]
2025-08-14 22:47:47 - Writing [com.autoinsurance.quote.dto.QuoteResponseDto@16133a82]
2025-08-14 22:47:47 - Set SecurityContextHolder to anonymous SecurityContext
2025-08-14 22:47:47 - Securing POST /api/v1/quotes
2025-08-14 22:47:47 - Secured POST /api/v1/quotes
2025-08-14 22:47:47 - Mapped to com.autoinsurance.quote.controller.QuoteController#createQuote(QuoteRequestDto)
2025-08-14 22:47:47 - Read "application/json;charset=UTF-8" to [com.autoinsurance.quote.dto.QuoteRequestDto@55fca0d2]
2025-08-14 22:47:47 - 
    select
        q1_0.id,
        q1_0.coverage_amount,
        q1_0.created_at,
        q1_0.deductible,
        q1_0.monthly_premium,
        q1_0.premium,
        q1_0.primary_driver_license,
        q1_0.primary_driver_name,
        q1_0.valid_until,
        q1_0.vehicle_current_value,
        q1_0.vehicle_make,
        q1_0.vehicle_model,
        q1_0.vehicle_vin,
        q1_0.vehicle_year 
    from
        quotes q1_0 
    where
        q1_0.id=?
2025-08-14 22:47:47 - 
    insert 
    into
        quotes
        (coverage_amount, created_at, deductible, monthly_premium, premium, primary_driver_license, primary_driver_name, valid_until, vehicle_current_value, vehicle_make, vehicle_model, vehicle_vin, vehicle_year, id) 
    values
        (?, ?, ?, ?, ?, ?, ?, ?, ?, ?, ?, ?, ?, ?)
2025-08-14 22:47:47 - Using 'application/json', given [*/*] and supported [application/json]
2025-08-14 22:47:47 - Writing [com.autoinsurance.quote.dto.QuoteResponseDto@2ac9ec7a]
2025-08-14 22:47:47 - Set SecurityContextHolder to anonymous SecurityContext
2025-08-14 22:47:47 - Securing POST /api/v1/quotes
2025-08-14 22:47:47 - Secured POST /api/v1/quotes
2025-08-14 22:47:47 - Mapped to com.autoinsurance.quote.controller.QuoteController#createQuote(QuoteRequestDto)
2025-08-14 22:47:47 - Read "application/json;charset=UTF-8" to [com.autoinsurance.quote.dto.QuoteRequestDto@17109d27]
2025-08-14 22:47:47 - 
    select
        q1_0.id,
        q1_0.coverage_amount,
        q1_0.created_at,
        q1_0.deductible,
        q1_0.monthly_premium,
        q1_0.premium,
        q1_0.primary_driver_license,
        q1_0.primary_driver_name,
        q1_0.valid_until,
        q1_0.vehicle_current_value,
        q1_0.vehicle_make,
        q1_0.vehicle_model,
        q1_0.vehicle_vin,
        q1_0.vehicle_year 
    from
        quotes q1_0 
    where
        q1_0.id=?
2025-08-14 22:47:47 - 
    insert 
    into
        quotes
        (coverage_amount, created_at, deductible, monthly_premium, premium, primary_driver_license, primary_driver_name, valid_until, vehicle_current_value, vehicle_make, vehicle_model, vehicle_vin, vehicle_year, id) 
    values
        (?, ?, ?, ?, ?, ?, ?, ?, ?, ?, ?, ?, ?, ?)
2025-08-14 22:47:47 - Using 'application/json', given [*/*] and supported [application/json]
2025-08-14 22:47:47 - Writing [com.autoinsurance.quote.dto.QuoteResponseDto@35cb6b6d]
2025-08-14 22:47:47 - Set SecurityContextHolder to anonymous SecurityContext
2025-08-14 22:47:47 - Securing POST /api/v1/quotes
2025-08-14 22:47:47 - Secured POST /api/v1/quotes
2025-08-14 22:47:47 - Mapped to com.autoinsurance.quote.controller.QuoteController#createQuote(QuoteRequestDto)
2025-08-14 22:47:47 - Read "application/json;charset=UTF-8" to [com.autoinsurance.quote.dto.QuoteRequestDto@b871ed6]
2025-08-14 22:47:47 - 
    select
        q1_0.id,
        q1_0.coverage_amount,
        q1_0.created_at,
        q1_0.deductible,
        q1_0.monthly_premium,
        q1_0.premium,
        q1_0.primary_driver_license,
        q1_0.primary_driver_name,
        q1_0.valid_until,
        q1_0.vehicle_current_value,
        q1_0.vehicle_make,
        q1_0.vehicle_model,
        q1_0.vehicle_vin,
        q1_0.vehicle_year 
    from
        quotes q1_0 
    where
        q1_0.id=?
2025-08-14 22:47:47 - 
    insert 
    into
        quotes
        (coverage_amount, created_at, deductible, monthly_premium, premium, primary_driver_license, primary_driver_name, valid_until, vehicle_current_value, vehicle_make, vehicle_model, vehicle_vin, vehicle_year, id) 
    values
        (?, ?, ?, ?, ?, ?, ?, ?, ?, ?, ?, ?, ?, ?)
2025-08-14 22:47:47 - Using 'application/json', given [*/*] and supported [application/json]
2025-08-14 22:47:47 - Writing [com.autoinsurance.quote.dto.QuoteResponseDto@3ca916b1]
2025-08-14 22:47:47 - Set SecurityContextHolder to anonymous SecurityContext
2025-08-14 22:47:47 - Securing POST /api/v1/quotes
2025-08-14 22:47:47 - Secured POST /api/v1/quotes
2025-08-14 22:47:47 - Mapped to com.autoinsurance.quote.controller.QuoteController#createQuote(QuoteRequestDto)
2025-08-14 22:47:47 - Read "application/json;charset=UTF-8" to [com.autoinsurance.quote.dto.QuoteRequestDto@100b8253]
2025-08-14 22:47:47 - 
    select
        q1_0.id,
        q1_0.coverage_amount,
        q1_0.created_at,
        q1_0.deductible,
        q1_0.monthly_premium,
        q1_0.premium,
        q1_0.primary_driver_license,
        q1_0.primary_driver_name,
        q1_0.valid_until,
        q1_0.vehicle_current_value,
        q1_0.vehicle_make,
        q1_0.vehicle_model,
        q1_0.vehicle_vin,
        q1_0.vehicle_year 
    from
        quotes q1_0 
    where
        q1_0.id=?
2025-08-14 22:47:47 - 
    insert 
    into
        quotes
        (coverage_amount, created_at, deductible, monthly_premium, premium, primary_driver_license, primary_driver_name, valid_until, vehicle_current_value, vehicle_make, vehicle_model, vehicle_vin, vehicle_year, id) 
    values
        (?, ?, ?, ?, ?, ?, ?, ?, ?, ?, ?, ?, ?, ?)
2025-08-14 22:47:47 - Using 'application/json', given [*/*] and supported [application/json]
2025-08-14 22:47:47 - Writing [com.autoinsurance.quote.dto.QuoteResponseDto@235d88ed]
2025-08-14 22:47:47 - Set SecurityContextHolder to anonymous SecurityContext
Phase 2: Testing under heavy concurrent load...
2025-08-14 22:47:47 - Securing POST /api/v1/quotes
2025-08-14 22:47:47 - Securing POST /api/v1/quotes
2025-08-14 22:47:47 - Securing POST /api/v1/quotes
2025-08-14 22:47:47 - Securing POST /api/v1/quotes
2025-08-14 22:47:47 - Securing POST /api/v1/quotes
2025-08-14 22:47:47 - Securing POST /api/v1/quotes
2025-08-14 22:47:47 - Securing POST /api/v1/quotes
2025-08-14 22:47:47 - Securing POST /api/v1/quotes
2025-08-14 22:47:47 - Secured POST /api/v1/quotes
2025-08-14 22:47:47 - Secured POST /api/v1/quotes
2025-08-14 22:47:47 - Secured POST /api/v1/quotes
2025-08-14 22:47:47 - Mapped to com.autoinsurance.quote.controller.QuoteController#createQuote(QuoteRequestDto)
2025-08-14 22:47:47 - Mapped to com.autoinsurance.quote.controller.QuoteController#createQuote(QuoteRequestDto)
2025-08-14 22:47:47 - Mapped to com.autoinsurance.quote.controller.QuoteController#createQuote(QuoteRequestDto)
2025-08-14 22:47:47 - Secured POST /api/v1/quotes
2025-08-14 22:47:47 - Mapped to com.autoinsurance.quote.controller.QuoteController#createQuote(QuoteRequestDto)
2025-08-14 22:47:47 - Secured POST /api/v1/quotes
2025-08-14 22:47:47 - Mapped to com.autoinsurance.quote.controller.QuoteController#createQuote(QuoteRequestDto)
2025-08-14 22:47:47 - Secured POST /api/v1/quotes
2025-08-14 22:47:47 - Mapped to com.autoinsurance.quote.controller.QuoteController#createQuote(QuoteRequestDto)
2025-08-14 22:47:47 - Read "application/json;charset=UTF-8" to [com.autoinsurance.quote.dto.QuoteRequestDto@482dde02]
2025-08-14 22:47:47 - Read "application/json;charset=UTF-8" to [com.autoinsurance.quote.dto.QuoteRequestDto@119aa54a]
2025-08-14 22:47:47 - Read "application/json;charset=UTF-8" to [com.autoinsurance.quote.dto.QuoteRequestDto@3a031297]
2025-08-14 22:47:47 - Read "application/json;charset=UTF-8" to [com.autoinsurance.quote.dto.QuoteRequestDto@9b0532c]
2025-08-14 22:47:47 - Secured POST /api/v1/quotes
2025-08-14 22:47:47 - Mapped to com.autoinsurance.quote.controller.QuoteController#createQuote(QuoteRequestDto)
2025-08-14 22:47:47 - Read "application/json;charset=UTF-8" to [com.autoinsurance.quote.dto.QuoteRequestDto@5ab9f1b5]
2025-08-14 22:47:48 - Read "application/json;charset=UTF-8" to [com.autoinsurance.quote.dto.QuoteRequestDto@1c4a2eeb]
2025-08-14 22:47:48 - Read "application/json;charset=UTF-8" to [com.autoinsurance.quote.dto.QuoteRequestDto@7b067c78]
2025-08-14 22:47:48 - 
    select
        q1_0.id,
        q1_0.coverage_amount,
        q1_0.created_at,
        q1_0.deductible,
        q1_0.monthly_premium,
        q1_0.premium,
        q1_0.primary_driver_license,
        q1_0.primary_driver_name,
        q1_0.valid_until,
        q1_0.vehicle_current_value,
        q1_0.vehicle_make,
        q1_0.vehicle_model,
        q1_0.vehicle_vin,
        q1_0.vehicle_year 
    from
        quotes q1_0 
    where
        q1_0.id=?
2025-08-14 22:47:48 - 
    select
        q1_0.id,
        q1_0.coverage_amount,
        q1_0.created_at,
        q1_0.deductible,
        q1_0.monthly_premium,
        q1_0.premium,
        q1_0.primary_driver_license,
        q1_0.primary_driver_name,
        q1_0.valid_until,
        q1_0.vehicle_current_value,
        q1_0.vehicle_make,
        q1_0.vehicle_model,
        q1_0.vehicle_vin,
        q1_0.vehicle_year 
    from
        quotes q1_0 
    where
        q1_0.id=?
2025-08-14 22:47:48 - 
    select
        q1_0.id,
        q1_0.coverage_amount,
        q1_0.created_at,
        q1_0.deductible,
        q1_0.monthly_premium,
        q1_0.premium,
        q1_0.primary_driver_license,
        q1_0.primary_driver_name,
        q1_0.valid_until,
        q1_0.vehicle_current_value,
        q1_0.vehicle_make,
        q1_0.vehicle_model,
        q1_0.vehicle_vin,
        q1_0.vehicle_year 
    from
        quotes q1_0 
    where
        q1_0.id=?
2025-08-14 22:47:48 - Secured POST /api/v1/quotes
2025-08-14 22:47:48 - Mapped to com.autoinsurance.quote.controller.QuoteController#createQuote(QuoteRequestDto)
2025-08-14 22:47:48 - 
    select
        q1_0.id,
        q1_0.coverage_amount,
        q1_0.created_at,
        q1_0.deductible,
        q1_0.monthly_premium,
        q1_0.premium,
        q1_0.primary_driver_license,
        q1_0.primary_driver_name,
        q1_0.valid_until,
        q1_0.vehicle_current_value,
        q1_0.vehicle_make,
        q1_0.vehicle_model,
        q1_0.vehicle_vin,
        q1_0.vehicle_year 
    from
        quotes q1_0 
    where
        q1_0.id=?
2025-08-14 22:47:48 - 
    insert 
    into
        quotes
        (coverage_amount, created_at, deductible, monthly_premium, premium, primary_driver_license, primary_driver_name, valid_until, vehicle_current_value, vehicle_make, vehicle_model, vehicle_vin, vehicle_year, id) 
    values
        (?, ?, ?, ?, ?, ?, ?, ?, ?, ?, ?, ?, ?, ?)
2025-08-14 22:47:48 - 
    select
        q1_0.id,
        q1_0.coverage_amount,
        q1_0.created_at,
        q1_0.deductible,
        q1_0.monthly_premium,
        q1_0.premium,
        q1_0.primary_driver_license,
        q1_0.primary_driver_name,
        q1_0.valid_until,
        q1_0.vehicle_current_value,
        q1_0.vehicle_make,
        q1_0.vehicle_model,
        q1_0.vehicle_vin,
        q1_0.vehicle_year 
    from
        quotes q1_0 
    where
        q1_0.id=?
2025-08-14 22:47:48 - 
    select
        q1_0.id,
        q1_0.coverage_amount,
        q1_0.created_at,
        q1_0.deductible,
        q1_0.monthly_premium,
        q1_0.premium,
        q1_0.primary_driver_license,
        q1_0.primary_driver_name,
        q1_0.valid_until,
        q1_0.vehicle_current_value,
        q1_0.vehicle_make,
        q1_0.vehicle_model,
        q1_0.vehicle_vin,
        q1_0.vehicle_year 
    from
        quotes q1_0 
    where
        q1_0.id=?
2025-08-14 22:47:48 - 
    insert 
    into
        quotes
        (coverage_amount, created_at, deductible, monthly_premium, premium, primary_driver_license, primary_driver_name, valid_until, vehicle_current_value, vehicle_make, vehicle_model, vehicle_vin, vehicle_year, id) 
    values
        (?, ?, ?, ?, ?, ?, ?, ?, ?, ?, ?, ?, ?, ?)
2025-08-14 22:47:48 - 
    insert 
    into
        quotes
        (coverage_amount, created_at, deductible, monthly_premium, premium, primary_driver_license, primary_driver_name, valid_until, vehicle_current_value, vehicle_make, vehicle_model, vehicle_vin, vehicle_year, id) 
    values
        (?, ?, ?, ?, ?, ?, ?, ?, ?, ?, ?, ?, ?, ?)
2025-08-14 22:47:48 - 
    insert 
    into
        quotes
        (coverage_amount, created_at, deductible, monthly_premium, premium, primary_driver_license, primary_driver_name, valid_until, vehicle_current_value, vehicle_make, vehicle_model, vehicle_vin, vehicle_year, id) 
    values
        (?, ?, ?, ?, ?, ?, ?, ?, ?, ?, ?, ?, ?, ?)
2025-08-14 22:47:48 - 
    select
        q1_0.id,
        q1_0.coverage_amount,
        q1_0.created_at,
        q1_0.deductible,
        q1_0.monthly_premium,
        q1_0.premium,
        q1_0.primary_driver_license,
        q1_0.primary_driver_name,
        q1_0.valid_until,
        q1_0.vehicle_current_value,
        q1_0.vehicle_make,
        q1_0.vehicle_model,
        q1_0.vehicle_vin,
        q1_0.vehicle_year 
    from
        quotes q1_0 
    where
        q1_0.id=?
2025-08-14 22:47:48 - Using 'application/json', given [*/*] and supported [application/json]
2025-08-14 22:47:48 - 
    insert 
    into
        quotes
        (coverage_amount, created_at, deductible, monthly_premium, premium, primary_driver_license, primary_driver_name, valid_until, vehicle_current_value, vehicle_make, vehicle_model, vehicle_vin, vehicle_year, id) 
    values
        (?, ?, ?, ?, ?, ?, ?, ?, ?, ?, ?, ?, ?, ?)
2025-08-14 22:47:48 - Writing [com.autoinsurance.quote.dto.QuoteResponseDto@39ffdfd9]
2025-08-14 22:47:48 - 
    insert 
    into
        quotes
        (coverage_amount, created_at, deductible, monthly_premium, premium, primary_driver_license, primary_driver_name, valid_until, vehicle_current_value, vehicle_make, vehicle_model, vehicle_vin, vehicle_year, id) 
    values
        (?, ?, ?, ?, ?, ?, ?, ?, ?, ?, ?, ?, ?, ?)
2025-08-14 22:47:48 - Using 'application/json', given [*/*] and supported [application/json]
2025-08-14 22:47:48 - Writing [com.autoinsurance.quote.dto.QuoteResponseDto@eb4ef4e]
2025-08-14 22:47:48 - Using 'application/json', given [*/*] and supported [application/json]
2025-08-14 22:47:48 - Writing [com.autoinsurance.quote.dto.QuoteResponseDto@6b903041]
2025-08-14 22:47:48 - Using 'application/json', given [*/*] and supported [application/json]
2025-08-14 22:47:48 - Writing [com.autoinsurance.quote.dto.QuoteResponseDto@2c6497d3]
2025-08-14 22:47:48 - Set SecurityContextHolder to anonymous SecurityContext
2025-08-14 22:47:48 - Set SecurityContextHolder to anonymous SecurityContext
2025-08-14 22:47:48 - Set SecurityContextHolder to anonymous SecurityContext
2025-08-14 22:47:48 - Set SecurityContextHolder to anonymous SecurityContext
2025-08-14 22:47:48 - 
    insert 
    into
        quotes
        (coverage_amount, created_at, deductible, monthly_premium, premium, primary_driver_license, primary_driver_name, valid_until, vehicle_current_value, vehicle_make, vehicle_model, vehicle_vin, vehicle_year, id) 
    values
        (?, ?, ?, ?, ?, ?, ?, ?, ?, ?, ?, ?, ?, ?)
2025-08-14 22:47:48 - Read "application/json;charset=UTF-8" to [com.autoinsurance.quote.dto.QuoteRequestDto@7ff236ce]
2025-08-14 22:47:48 - Using 'application/json', given [*/*] and supported [application/json]
2025-08-14 22:47:48 - Writing [com.autoinsurance.quote.dto.QuoteResponseDto@6f9627cc]
2025-08-14 22:47:48 - Using 'application/json', given [*/*] and supported [application/json]
2025-08-14 22:47:48 - Writing [com.autoinsurance.quote.dto.QuoteResponseDto@67b0c3b8]
2025-08-14 22:47:48 - Set SecurityContextHolder to anonymous SecurityContext
2025-08-14 22:47:48 - Set SecurityContextHolder to anonymous SecurityContext
2025-08-14 22:47:48 - Using 'application/json', given [*/*] and supported [application/json]
2025-08-14 22:47:48 - Writing [com.autoinsurance.quote.dto.QuoteResponseDto@5b9f1436]
2025-08-14 22:47:48 - Set SecurityContextHolder to anonymous SecurityContext
2025-08-14 22:47:48 - Securing POST /api/v1/quotes
2025-08-14 22:47:48 - Securing POST /api/v1/quotes
2025-08-14 22:47:48 - Securing POST /api/v1/quotes
2025-08-14 22:47:48 - Securing POST /api/v1/quotes
2025-08-14 22:47:48 - Securing POST /api/v1/quotes
2025-08-14 22:47:48 - Securing POST /api/v1/quotes
2025-08-14 22:47:48 - Securing POST /api/v1/quotes
2025-08-14 22:47:48 - Secured POST /api/v1/quotes
2025-08-14 22:47:48 - Secured POST /api/v1/quotes
2025-08-14 22:47:48 - Secured POST /api/v1/quotes
2025-08-14 22:47:48 - Mapped to com.autoinsurance.quote.controller.QuoteController#createQuote(QuoteRequestDto)
2025-08-14 22:47:48 - Mapped to com.autoinsurance.quote.controller.QuoteController#createQuote(QuoteRequestDto)
2025-08-14 22:47:48 - Mapped to com.autoinsurance.quote.controller.QuoteController#createQuote(QuoteRequestDto)
2025-08-14 22:47:48 - Secured POST /api/v1/quotes
2025-08-14 22:47:48 - Secured POST /api/v1/quotes
2025-08-14 22:47:48 - Mapped to com.autoinsurance.quote.controller.QuoteController#createQuote(QuoteRequestDto)
2025-08-14 22:47:48 - Read "application/json;charset=UTF-8" to [com.autoinsurance.quote.dto.QuoteRequestDto@3a1accd9]
2025-08-14 22:47:48 - Read "application/json;charset=UTF-8" to [com.autoinsurance.quote.dto.QuoteRequestDto@3a42ad59]
2025-08-14 22:47:48 - Read "application/json;charset=UTF-8" to [com.autoinsurance.quote.dto.QuoteRequestDto@81e989d]
2025-08-14 22:47:48 - Mapped to com.autoinsurance.quote.controller.QuoteController#createQuote(QuoteRequestDto)
2025-08-14 22:47:48 - Secured POST /api/v1/quotes
2025-08-14 22:47:48 - Secured POST /api/v1/quotes
2025-08-14 22:47:48 - Read "application/json;charset=UTF-8" to [com.autoinsurance.quote.dto.QuoteRequestDto@10d75495]
2025-08-14 22:47:48 - Mapped to com.autoinsurance.quote.controller.QuoteController#createQuote(QuoteRequestDto)
2025-08-14 22:47:48 - Mapped to com.autoinsurance.quote.controller.QuoteController#createQuote(QuoteRequestDto)
2025-08-14 22:47:48 - Read "application/json;charset=UTF-8" to [com.autoinsurance.quote.dto.QuoteRequestDto@47bae7d3]
2025-08-14 22:47:48 - 
    select
        q1_0.id,
        q1_0.coverage_amount,
        q1_0.created_at,
        q1_0.deductible,
        q1_0.monthly_premium,
        q1_0.premium,
        q1_0.primary_driver_license,
        q1_0.primary_driver_name,
        q1_0.valid_until,
        q1_0.vehicle_current_value,
        q1_0.vehicle_make,
        q1_0.vehicle_model,
        q1_0.vehicle_vin,
        q1_0.vehicle_year 
    from
        quotes q1_0 
    where
        q1_0.id=?
2025-08-14 22:47:48 - 
    select
        q1_0.id,
        q1_0.coverage_amount,
        q1_0.created_at,
        q1_0.deductible,
        q1_0.monthly_premium,
        q1_0.premium,
        q1_0.primary_driver_license,
        q1_0.primary_driver_name,
        q1_0.valid_until,
        q1_0.vehicle_current_value,
        q1_0.vehicle_make,
        q1_0.vehicle_model,
        q1_0.vehicle_vin,
        q1_0.vehicle_year 
    from
        quotes q1_0 
    where
        q1_0.id=?
2025-08-14 22:47:48 - 
    select
        q1_0.id,
        q1_0.coverage_amount,
        q1_0.created_at,
        q1_0.deductible,
        q1_0.monthly_premium,
        q1_0.premium,
        q1_0.primary_driver_license,
        q1_0.primary_driver_name,
        q1_0.valid_until,
        q1_0.vehicle_current_value,
        q1_0.vehicle_make,
        q1_0.vehicle_model,
        q1_0.vehicle_vin,
        q1_0.vehicle_year 
    from
        quotes q1_0 
    where
        q1_0.id=?
2025-08-14 22:47:48 - Read "application/json;charset=UTF-8" to [com.autoinsurance.quote.dto.QuoteRequestDto@2200adbf]
2025-08-14 22:47:48 - Read "application/json;charset=UTF-8" to [com.autoinsurance.quote.dto.QuoteRequestDto@50da9532]
2025-08-14 22:47:48 - 
    select
        q1_0.id,
        q1_0.coverage_amount,
        q1_0.created_at,
        q1_0.deductible,
        q1_0.monthly_premium,
        q1_0.premium,
        q1_0.primary_driver_license,
        q1_0.primary_driver_name,
        q1_0.valid_until,
        q1_0.vehicle_current_value,
        q1_0.vehicle_make,
        q1_0.vehicle_model,
        q1_0.vehicle_vin,
        q1_0.vehicle_year 
    from
        quotes q1_0 
    where
        q1_0.id=?
2025-08-14 22:47:48 - 
    select
        q1_0.id,
        q1_0.coverage_amount,
        q1_0.created_at,
        q1_0.deductible,
        q1_0.monthly_premium,
        q1_0.premium,
        q1_0.primary_driver_license,
        q1_0.primary_driver_name,
        q1_0.valid_until,
        q1_0.vehicle_current_value,
        q1_0.vehicle_make,
        q1_0.vehicle_model,
        q1_0.vehicle_vin,
        q1_0.vehicle_year 
    from
        quotes q1_0 
    where
        q1_0.id=?
2025-08-14 22:47:48 - 
    select
        q1_0.id,
        q1_0.coverage_amount,
        q1_0.created_at,
        q1_0.deductible,
        q1_0.monthly_premium,
        q1_0.premium,
        q1_0.primary_driver_license,
        q1_0.primary_driver_name,
        q1_0.valid_until,
        q1_0.vehicle_current_value,
        q1_0.vehicle_make,
        q1_0.vehicle_model,
        q1_0.vehicle_vin,
        q1_0.vehicle_year 
    from
        quotes q1_0 
    where
        q1_0.id=?
2025-08-14 22:47:48 - 
    select
        q1_0.id,
        q1_0.coverage_amount,
        q1_0.created_at,
        q1_0.deductible,
        q1_0.monthly_premium,
        q1_0.premium,
        q1_0.primary_driver_license,
        q1_0.primary_driver_name,
        q1_0.valid_until,
        q1_0.vehicle_current_value,
        q1_0.vehicle_make,
        q1_0.vehicle_model,
        q1_0.vehicle_vin,
        q1_0.vehicle_year 
    from
        quotes q1_0 
    where
        q1_0.id=?
2025-08-14 22:47:48 - 
    select
        q1_0.id,
        q1_0.coverage_amount,
        q1_0.created_at,
        q1_0.deductible,
        q1_0.monthly_premium,
        q1_0.premium,
        q1_0.primary_driver_license,
        q1_0.primary_driver_name,
        q1_0.valid_until,
        q1_0.vehicle_current_value,
        q1_0.vehicle_make,
        q1_0.vehicle_model,
        q1_0.vehicle_vin,
        q1_0.vehicle_year 
    from
        quotes q1_0 
    where
        q1_0.id=?
2025-08-14 22:47:48 - 
    insert 
    into
        quotes
        (coverage_amount, created_at, deductible, monthly_premium, premium, primary_driver_license, primary_driver_name, valid_until, vehicle_current_value, vehicle_make, vehicle_model, vehicle_vin, vehicle_year, id) 
    values
        (?, ?, ?, ?, ?, ?, ?, ?, ?, ?, ?, ?, ?, ?)
2025-08-14 22:47:48 - 
    insert 
    into
        quotes
        (coverage_amount, created_at, deductible, monthly_premium, premium, primary_driver_license, primary_driver_name, valid_until, vehicle_current_value, vehicle_make, vehicle_model, vehicle_vin, vehicle_year, id) 
    values
        (?, ?, ?, ?, ?, ?, ?, ?, ?, ?, ?, ?, ?, ?)
2025-08-14 22:47:48 - 
    insert 
    into
        quotes
        (coverage_amount, created_at, deductible, monthly_premium, premium, primary_driver_license, primary_driver_name, valid_until, vehicle_current_value, vehicle_make, vehicle_model, vehicle_vin, vehicle_year, id) 
    values
        (?, ?, ?, ?, ?, ?, ?, ?, ?, ?, ?, ?, ?, ?)
2025-08-14 22:47:48 - 
    insert 
    into
        quotes
        (coverage_amount, created_at, deductible, monthly_premium, premium, primary_driver_license, primary_driver_name, valid_until, vehicle_current_value, vehicle_make, vehicle_model, vehicle_vin, vehicle_year, id) 
    values
        (?, ?, ?, ?, ?, ?, ?, ?, ?, ?, ?, ?, ?, ?)
2025-08-14 22:47:48 - 
    insert 
    into
        quotes
        (coverage_amount, created_at, deductible, monthly_premium, premium, primary_driver_license, primary_driver_name, valid_until, vehicle_current_value, vehicle_make, vehicle_model, vehicle_vin, vehicle_year, id) 
    values
        (?, ?, ?, ?, ?, ?, ?, ?, ?, ?, ?, ?, ?, ?)
2025-08-14 22:47:48 - Using 'application/json', given [*/*] and supported [application/json]
2025-08-14 22:47:48 - Using 'application/json', given [*/*] and supported [application/json]
2025-08-14 22:47:48 - Using 'application/json', given [*/*] and supported [application/json]
2025-08-14 22:47:48 - Using 'application/json', given [*/*] and supported [application/json]
2025-08-14 22:47:48 - Writing [com.autoinsurance.quote.dto.QuoteResponseDto@72bf33ac]
2025-08-14 22:47:48 - Writing [com.autoinsurance.quote.dto.QuoteResponseDto@527b3b2b]
2025-08-14 22:47:48 - Writing [com.autoinsurance.quote.dto.QuoteResponseDto@6a75e661]
2025-08-14 22:47:48 - Writing [com.autoinsurance.quote.dto.QuoteResponseDto@507662a5]
2025-08-14 22:47:48 - 
    insert 
    into
        quotes
        (coverage_amount, created_at, deductible, monthly_premium, premium, primary_driver_license, primary_driver_name, valid_until, vehicle_current_value, vehicle_make, vehicle_model, vehicle_vin, vehicle_year, id) 
    values
        (?, ?, ?, ?, ?, ?, ?, ?, ?, ?, ?, ?, ?, ?)
2025-08-14 22:47:48 - 
    insert 
    into
        quotes
        (coverage_amount, created_at, deductible, monthly_premium, premium, primary_driver_license, primary_driver_name, valid_until, vehicle_current_value, vehicle_make, vehicle_model, vehicle_vin, vehicle_year, id) 
    values
        (?, ?, ?, ?, ?, ?, ?, ?, ?, ?, ?, ?, ?, ?)
2025-08-14 22:47:48 - Using 'application/json', given [*/*] and supported [application/json]
2025-08-14 22:47:48 - Writing [com.autoinsurance.quote.dto.QuoteResponseDto@45103fb7]
2025-08-14 22:47:48 - Set SecurityContextHolder to anonymous SecurityContext
2025-08-14 22:47:48 - Set SecurityContextHolder to anonymous SecurityContext
2025-08-14 22:47:48 - Set SecurityContextHolder to anonymous SecurityContext
2025-08-14 22:47:48 - Set SecurityContextHolder to anonymous SecurityContext
2025-08-14 22:47:48 - 
    insert 
    into
        quotes
        (coverage_amount, created_at, deductible, monthly_premium, premium, primary_driver_license, primary_driver_name, valid_until, vehicle_current_value, vehicle_make, vehicle_model, vehicle_vin, vehicle_year, id) 
    values
        (?, ?, ?, ?, ?, ?, ?, ?, ?, ?, ?, ?, ?, ?)
2025-08-14 22:47:48 - Set SecurityContextHolder to anonymous SecurityContext
2025-08-14 22:47:48 - Using 'application/json', given [*/*] and supported [application/json]
2025-08-14 22:47:48 - Using 'application/json', given [*/*] and supported [application/json]
2025-08-14 22:47:48 - Writing [com.autoinsurance.quote.dto.QuoteResponseDto@7024dfc7]
2025-08-14 22:47:48 - Writing [com.autoinsurance.quote.dto.QuoteResponseDto@3253496b]
2025-08-14 22:47:48 - Using 'application/json', given [*/*] and supported [application/json]
2025-08-14 22:47:48 - Writing [com.autoinsurance.quote.dto.QuoteResponseDto@19d4308]
2025-08-14 22:47:48 - Securing POST /api/v1/quotes
2025-08-14 22:47:48 - Securing POST /api/v1/quotes
2025-08-14 22:47:48 - Securing POST /api/v1/quotes
2025-08-14 22:47:48 - Securing POST /api/v1/quotes
2025-08-14 22:47:48 - Securing POST /api/v1/quotes
2025-08-14 22:47:48 - Set SecurityContextHolder to anonymous SecurityContext
2025-08-14 22:47:48 - Set SecurityContextHolder to anonymous SecurityContext
2025-08-14 22:47:48 - Set SecurityContextHolder to anonymous SecurityContext
2025-08-14 22:47:48 - Secured POST /api/v1/quotes
2025-08-14 22:47:48 - Secured POST /api/v1/quotes
2025-08-14 22:47:48 - Secured POST /api/v1/quotes
2025-08-14 22:47:48 - Secured POST /api/v1/quotes
2025-08-14 22:47:48 - Secured POST /api/v1/quotes
2025-08-14 22:47:48 - Mapped to com.autoinsurance.quote.controller.QuoteController#createQuote(QuoteRequestDto)
2025-08-14 22:47:48 - Mapped to com.autoinsurance.quote.controller.QuoteController#createQuote(QuoteRequestDto)
2025-08-14 22:47:48 - Mapped to com.autoinsurance.quote.controller.QuoteController#createQuote(QuoteRequestDto)
2025-08-14 22:47:48 - Mapped to com.autoinsurance.quote.controller.QuoteController#createQuote(QuoteRequestDto)
2025-08-14 22:47:48 - Mapped to com.autoinsurance.quote.controller.QuoteController#createQuote(QuoteRequestDto)
2025-08-14 22:47:48 - Securing POST /api/v1/quotes
2025-08-14 22:47:48 - Securing POST /api/v1/quotes
2025-08-14 22:47:48 - Securing POST /api/v1/quotes
2025-08-14 22:47:48 - Read "application/json;charset=UTF-8" to [com.autoinsurance.quote.dto.QuoteRequestDto@37ae918f]
2025-08-14 22:47:48 - Read "application/json;charset=UTF-8" to [com.autoinsurance.quote.dto.QuoteRequestDto@16e9ed52]
2025-08-14 22:47:48 - Read "application/json;charset=UTF-8" to [com.autoinsurance.quote.dto.QuoteRequestDto@137f72f2]
2025-08-14 22:47:48 - Read "application/json;charset=UTF-8" to [com.autoinsurance.quote.dto.QuoteRequestDto@76b5e450]
2025-08-14 22:47:48 - Read "application/json;charset=UTF-8" to [com.autoinsurance.quote.dto.QuoteRequestDto@5bc25b11]
2025-08-14 22:47:48 - Secured POST /api/v1/quotes
2025-08-14 22:47:48 - Mapped to com.autoinsurance.quote.controller.QuoteController#createQuote(QuoteRequestDto)
2025-08-14 22:47:48 - Secured POST /api/v1/quotes
2025-08-14 22:47:48 - Secured POST /api/v1/quotes
2025-08-14 22:47:48 - Mapped to com.autoinsurance.quote.controller.QuoteController#createQuote(QuoteRequestDto)
2025-08-14 22:47:48 - Mapped to com.autoinsurance.quote.controller.QuoteController#createQuote(QuoteRequestDto)
2025-08-14 22:47:48 - Read "application/json;charset=UTF-8" to [com.autoinsurance.quote.dto.QuoteRequestDto@50f390b7]
2025-08-14 22:47:48 - Read "application/json;charset=UTF-8" to [com.autoinsurance.quote.dto.QuoteRequestDto@4f78baac]
2025-08-14 22:47:48 - Read "application/json;charset=UTF-8" to [com.autoinsurance.quote.dto.QuoteRequestDto@153ef70f]
2025-08-14 22:47:48 - 
    select
        q1_0.id,
        q1_0.coverage_amount,
        q1_0.created_at,
        q1_0.deductible,
        q1_0.monthly_premium,
        q1_0.premium,
        q1_0.primary_driver_license,
        q1_0.primary_driver_name,
        q1_0.valid_until,
        q1_0.vehicle_current_value,
        q1_0.vehicle_make,
        q1_0.vehicle_model,
        q1_0.vehicle_vin,
        q1_0.vehicle_year 
    from
        quotes q1_0 
    where
        q1_0.id=?
2025-08-14 22:47:48 - 
    select
        q1_0.id,
        q1_0.coverage_amount,
        q1_0.created_at,
        q1_0.deductible,
        q1_0.monthly_premium,
        q1_0.premium,
        q1_0.primary_driver_license,
        q1_0.primary_driver_name,
        q1_0.valid_until,
        q1_0.vehicle_current_value,
        q1_0.vehicle_make,
        q1_0.vehicle_model,
        q1_0.vehicle_vin,
        q1_0.vehicle_year 
    from
        quotes q1_0 
    where
        q1_0.id=?
2025-08-14 22:47:48 - 
    select
        q1_0.id,
        q1_0.coverage_amount,
        q1_0.created_at,
        q1_0.deductible,
        q1_0.monthly_premium,
        q1_0.premium,
        q1_0.primary_driver_license,
        q1_0.primary_driver_name,
        q1_0.valid_until,
        q1_0.vehicle_current_value,
        q1_0.vehicle_make,
        q1_0.vehicle_model,
        q1_0.vehicle_vin,
        q1_0.vehicle_year 
    from
        quotes q1_0 
    where
        q1_0.id=?
2025-08-14 22:47:48 - 
    select
        q1_0.id,
        q1_0.coverage_amount,
        q1_0.created_at,
        q1_0.deductible,
        q1_0.monthly_premium,
        q1_0.premium,
        q1_0.primary_driver_license,
        q1_0.primary_driver_name,
        q1_0.valid_until,
        q1_0.vehicle_current_value,
        q1_0.vehicle_make,
        q1_0.vehicle_model,
        q1_0.vehicle_vin,
        q1_0.vehicle_year 
    from
        quotes q1_0 
    where
        q1_0.id=?
2025-08-14 22:47:48 - 
    select
        q1_0.id,
        q1_0.coverage_amount,
        q1_0.created_at,
        q1_0.deductible,
        q1_0.monthly_premium,
        q1_0.premium,
        q1_0.primary_driver_license,
        q1_0.primary_driver_name,
        q1_0.valid_until,
        q1_0.vehicle_current_value,
        q1_0.vehicle_make,
        q1_0.vehicle_model,
        q1_0.vehicle_vin,
        q1_0.vehicle_year 
    from
        quotes q1_0 
    where
        q1_0.id=?
2025-08-14 22:47:48 - 
    select
        q1_0.id,
        q1_0.coverage_amount,
        q1_0.created_at,
        q1_0.deductible,
        q1_0.monthly_premium,
        q1_0.premium,
        q1_0.primary_driver_license,
        q1_0.primary_driver_name,
        q1_0.valid_until,
        q1_0.vehicle_current_value,
        q1_0.vehicle_make,
        q1_0.vehicle_model,
        q1_0.vehicle_vin,
        q1_0.vehicle_year 
    from
        quotes q1_0 
    where
        q1_0.id=?
2025-08-14 22:47:48 - 
    select
        q1_0.id,
        q1_0.coverage_amount,
        q1_0.created_at,
        q1_0.deductible,
        q1_0.monthly_premium,
        q1_0.premium,
        q1_0.primary_driver_license,
        q1_0.primary_driver_name,
        q1_0.valid_until,
        q1_0.vehicle_current_value,
        q1_0.vehicle_make,
        q1_0.vehicle_model,
        q1_0.vehicle_vin,
        q1_0.vehicle_year 
    from
        quotes q1_0 
    where
        q1_0.id=?
2025-08-14 22:47:48 - 
    select
        q1_0.id,
        q1_0.coverage_amount,
        q1_0.created_at,
        q1_0.deductible,
        q1_0.monthly_premium,
        q1_0.premium,
        q1_0.primary_driver_license,
        q1_0.primary_driver_name,
        q1_0.valid_until,
        q1_0.vehicle_current_value,
        q1_0.vehicle_make,
        q1_0.vehicle_model,
        q1_0.vehicle_vin,
        q1_0.vehicle_year 
    from
        quotes q1_0 
    where
        q1_0.id=?
2025-08-14 22:47:48 - 
    insert 
    into
        quotes
        (coverage_amount, created_at, deductible, monthly_premium, premium, primary_driver_license, primary_driver_name, valid_until, vehicle_current_value, vehicle_make, vehicle_model, vehicle_vin, vehicle_year, id) 
    values
        (?, ?, ?, ?, ?, ?, ?, ?, ?, ?, ?, ?, ?, ?)
2025-08-14 22:47:48 - 
    insert 
    into
        quotes
        (coverage_amount, created_at, deductible, monthly_premium, premium, primary_driver_license, primary_driver_name, valid_until, vehicle_current_value, vehicle_make, vehicle_model, vehicle_vin, vehicle_year, id) 
    values
        (?, ?, ?, ?, ?, ?, ?, ?, ?, ?, ?, ?, ?, ?)
2025-08-14 22:47:48 - 
    insert 
    into
        quotes
        (coverage_amount, created_at, deductible, monthly_premium, premium, primary_driver_license, primary_driver_name, valid_until, vehicle_current_value, vehicle_make, vehicle_model, vehicle_vin, vehicle_year, id) 
    values
        (?, ?, ?, ?, ?, ?, ?, ?, ?, ?, ?, ?, ?, ?)
2025-08-14 22:47:48 - 
    insert 
    into
        quotes
        (coverage_amount, created_at, deductible, monthly_premium, premium, primary_driver_license, primary_driver_name, valid_until, vehicle_current_value, vehicle_make, vehicle_model, vehicle_vin, vehicle_year, id) 
    values
        (?, ?, ?, ?, ?, ?, ?, ?, ?, ?, ?, ?, ?, ?)
2025-08-14 22:47:48 - 
    insert 
    into
        quotes
        (coverage_amount, created_at, deductible, monthly_premium, premium, primary_driver_license, primary_driver_name, valid_until, vehicle_current_value, vehicle_make, vehicle_model, vehicle_vin, vehicle_year, id) 
    values
        (?, ?, ?, ?, ?, ?, ?, ?, ?, ?, ?, ?, ?, ?)
2025-08-14 22:47:48 - 
    insert 
    into
        quotes
        (coverage_amount, created_at, deductible, monthly_premium, premium, primary_driver_license, primary_driver_name, valid_until, vehicle_current_value, vehicle_make, vehicle_model, vehicle_vin, vehicle_year, id) 
    values
        (?, ?, ?, ?, ?, ?, ?, ?, ?, ?, ?, ?, ?, ?)
2025-08-14 22:47:48 - 
    insert 
    into
        quotes
        (coverage_amount, created_at, deductible, monthly_premium, premium, primary_driver_license, primary_driver_name, valid_until, vehicle_current_value, vehicle_make, vehicle_model, vehicle_vin, vehicle_year, id) 
    values
        (?, ?, ?, ?, ?, ?, ?, ?, ?, ?, ?, ?, ?, ?)
2025-08-14 22:47:48 - 
    insert 
    into
        quotes
        (coverage_amount, created_at, deductible, monthly_premium, premium, primary_driver_license, primary_driver_name, valid_until, vehicle_current_value, vehicle_make, vehicle_model, vehicle_vin, vehicle_year, id) 
    values
        (?, ?, ?, ?, ?, ?, ?, ?, ?, ?, ?, ?, ?, ?)
2025-08-14 22:47:48 - Using 'application/json', given [*/*] and supported [application/json]
2025-08-14 22:47:48 - Writing [com.autoinsurance.quote.dto.QuoteResponseDto@682d9f19]
2025-08-14 22:47:48 - Using 'application/json', given [*/*] and supported [application/json]
2025-08-14 22:47:48 - Writing [com.autoinsurance.quote.dto.QuoteResponseDto@72313775]
2025-08-14 22:47:48 - Using 'application/json', given [*/*] and supported [application/json]
2025-08-14 22:47:48 - Writing [com.autoinsurance.quote.dto.QuoteResponseDto@1ffd92a5]
2025-08-14 22:47:48 - Using 'application/json', given [*/*] and supported [application/json]
2025-08-14 22:47:48 - Set SecurityContextHolder to anonymous SecurityContext
2025-08-14 22:47:48 - Writing [com.autoinsurance.quote.dto.QuoteResponseDto@1ced633c]
2025-08-14 22:47:48 - Using 'application/json', given [*/*] and supported [application/json]
2025-08-14 22:47:48 - Set SecurityContextHolder to anonymous SecurityContext
2025-08-14 22:47:48 - Writing [com.autoinsurance.quote.dto.QuoteResponseDto@5d3004e1]
2025-08-14 22:47:48 - Set SecurityContextHolder to anonymous SecurityContext
2025-08-14 22:47:48 - Set SecurityContextHolder to anonymous SecurityContext
2025-08-14 22:47:48 - Set SecurityContextHolder to anonymous SecurityContext
2025-08-14 22:47:48 - Using 'application/json', given [*/*] and supported [application/json]
2025-08-14 22:47:48 - Using 'application/json', given [*/*] and supported [application/json]
2025-08-14 22:47:48 - Using 'application/json', given [*/*] and supported [application/json]
2025-08-14 22:47:48 - Writing [com.autoinsurance.quote.dto.QuoteResponseDto@e290a5b]
2025-08-14 22:47:48 - Writing [com.autoinsurance.quote.dto.QuoteResponseDto@7d2054ab]
2025-08-14 22:47:48 - Writing [com.autoinsurance.quote.dto.QuoteResponseDto@62dbaf27]
2025-08-14 22:47:48 - Securing POST /api/v1/quotes
2025-08-14 22:47:48 - Securing POST /api/v1/quotes
2025-08-14 22:47:48 - Set SecurityContextHolder to anonymous SecurityContext
2025-08-14 22:47:48 - Set SecurityContextHolder to anonymous SecurityContext
2025-08-14 22:47:48 - Set SecurityContextHolder to anonymous SecurityContext
2025-08-14 22:47:48 - Securing POST /api/v1/quotes
2025-08-14 22:47:48 - Securing POST /api/v1/quotes
2025-08-14 22:47:48 - Secured POST /api/v1/quotes
2025-08-14 22:47:48 - Secured POST /api/v1/quotes
2025-08-14 22:47:48 - Mapped to com.autoinsurance.quote.controller.QuoteController#createQuote(QuoteRequestDto)
2025-08-14 22:47:48 - Mapped to com.autoinsurance.quote.controller.QuoteController#createQuote(QuoteRequestDto)
2025-08-14 22:47:48 - Securing POST /api/v1/quotes
2025-08-14 22:47:48 - Secured POST /api/v1/quotes
2025-08-14 22:47:48 - Secured POST /api/v1/quotes
2025-08-14 22:47:48 - Mapped to com.autoinsurance.quote.controller.QuoteController#createQuote(QuoteRequestDto)
2025-08-14 22:47:48 - Mapped to com.autoinsurance.quote.controller.QuoteController#createQuote(QuoteRequestDto)
2025-08-14 22:47:48 - Read "application/json;charset=UTF-8" to [com.autoinsurance.quote.dto.QuoteRequestDto@29965ddf]
2025-08-14 22:47:48 - Read "application/json;charset=UTF-8" to [com.autoinsurance.quote.dto.QuoteRequestDto@47718b14]
2025-08-14 22:47:48 - Read "application/json;charset=UTF-8" to [com.autoinsurance.quote.dto.QuoteRequestDto@382a7158]
2025-08-14 22:47:48 - Securing POST /api/v1/quotes
2025-08-14 22:47:48 - Securing POST /api/v1/quotes
2025-08-14 22:47:48 - Read "application/json;charset=UTF-8" to [com.autoinsurance.quote.dto.QuoteRequestDto@6a2d6428]
2025-08-14 22:47:48 - Secured POST /api/v1/quotes
2025-08-14 22:47:48 - Mapped to com.autoinsurance.quote.controller.QuoteController#createQuote(QuoteRequestDto)
2025-08-14 22:47:48 - Secured POST /api/v1/quotes
2025-08-14 22:47:48 - Secured POST /api/v1/quotes
2025-08-14 22:47:48 - Mapped to com.autoinsurance.quote.controller.QuoteController#createQuote(QuoteRequestDto)
2025-08-14 22:47:48 - Mapped to com.autoinsurance.quote.controller.QuoteController#createQuote(QuoteRequestDto)
2025-08-14 22:47:48 - Read "application/json;charset=UTF-8" to [com.autoinsurance.quote.dto.QuoteRequestDto@1fd2909]
2025-08-14 22:47:48 - 
    select
        q1_0.id,
        q1_0.coverage_amount,
        q1_0.created_at,
        q1_0.deductible,
        q1_0.monthly_premium,
        q1_0.premium,
        q1_0.primary_driver_license,
        q1_0.primary_driver_name,
        q1_0.valid_until,
        q1_0.vehicle_current_value,
        q1_0.vehicle_make,
        q1_0.vehicle_model,
        q1_0.vehicle_vin,
        q1_0.vehicle_year 
    from
        quotes q1_0 
    where
        q1_0.id=?
2025-08-14 22:47:48 - 
    select
        q1_0.id,
        q1_0.coverage_amount,
        q1_0.created_at,
        q1_0.deductible,
        q1_0.monthly_premium,
        q1_0.premium,
        q1_0.primary_driver_license,
        q1_0.primary_driver_name,
        q1_0.valid_until,
        q1_0.vehicle_current_value,
        q1_0.vehicle_make,
        q1_0.vehicle_model,
        q1_0.vehicle_vin,
        q1_0.vehicle_year 
    from
        quotes q1_0 
    where
        q1_0.id=?
2025-08-14 22:47:48 - 
    select
        q1_0.id,
        q1_0.coverage_amount,
        q1_0.created_at,
        q1_0.deductible,
        q1_0.monthly_premium,
        q1_0.premium,
        q1_0.primary_driver_license,
        q1_0.primary_driver_name,
        q1_0.valid_until,
        q1_0.vehicle_current_value,
        q1_0.vehicle_make,
        q1_0.vehicle_model,
        q1_0.vehicle_vin,
        q1_0.vehicle_year 
    from
        quotes q1_0 
    where
        q1_0.id=?
2025-08-14 22:47:48 - 
    select
        q1_0.id,
        q1_0.coverage_amount,
        q1_0.created_at,
        q1_0.deductible,
        q1_0.monthly_premium,
        q1_0.premium,
        q1_0.primary_driver_license,
        q1_0.primary_driver_name,
        q1_0.valid_until,
        q1_0.vehicle_current_value,
        q1_0.vehicle_make,
        q1_0.vehicle_model,
        q1_0.vehicle_vin,
        q1_0.vehicle_year 
    from
        quotes q1_0 
    where
        q1_0.id=?
2025-08-14 22:47:48 - Read "application/json;charset=UTF-8" to [com.autoinsurance.quote.dto.QuoteRequestDto@665c14a9]
2025-08-14 22:47:48 - Read "application/json;charset=UTF-8" to [com.autoinsurance.quote.dto.QuoteRequestDto@1ecfae33]
2025-08-14 22:47:48 - 
    insert 
    into
        quotes
        (coverage_amount, created_at, deductible, monthly_premium, premium, primary_driver_license, primary_driver_name, valid_until, vehicle_current_value, vehicle_make, vehicle_model, vehicle_vin, vehicle_year, id) 
    values
        (?, ?, ?, ?, ?, ?, ?, ?, ?, ?, ?, ?, ?, ?)
2025-08-14 22:47:48 - 
    select
        q1_0.id,
        q1_0.coverage_amount,
        q1_0.created_at,
        q1_0.deductible,
        q1_0.monthly_premium,
        q1_0.premium,
        q1_0.primary_driver_license,
        q1_0.primary_driver_name,
        q1_0.valid_until,
        q1_0.vehicle_current_value,
        q1_0.vehicle_make,
        q1_0.vehicle_model,
        q1_0.vehicle_vin,
        q1_0.vehicle_year 
    from
        quotes q1_0 
    where
        q1_0.id=?
2025-08-14 22:47:48 - 
    insert 
    into
        quotes
        (coverage_amount, created_at, deductible, monthly_premium, premium, primary_driver_license, primary_driver_name, valid_until, vehicle_current_value, vehicle_make, vehicle_model, vehicle_vin, vehicle_year, id) 
    values
        (?, ?, ?, ?, ?, ?, ?, ?, ?, ?, ?, ?, ?, ?)
2025-08-14 22:47:48 - 
    insert 
    into
        quotes
        (coverage_amount, created_at, deductible, monthly_premium, premium, primary_driver_license, primary_driver_name, valid_until, vehicle_current_value, vehicle_make, vehicle_model, vehicle_vin, vehicle_year, id) 
    values
        (?, ?, ?, ?, ?, ?, ?, ?, ?, ?, ?, ?, ?, ?)
2025-08-14 22:47:48 - 
    select
        q1_0.id,
        q1_0.coverage_amount,
        q1_0.created_at,
        q1_0.deductible,
        q1_0.monthly_premium,
        q1_0.premium,
        q1_0.primary_driver_license,
        q1_0.primary_driver_name,
        q1_0.valid_until,
        q1_0.vehicle_current_value,
        q1_0.vehicle_make,
        q1_0.vehicle_model,
        q1_0.vehicle_vin,
        q1_0.vehicle_year 
    from
        quotes q1_0 
    where
        q1_0.id=?
2025-08-14 22:47:48 - 
    select
        q1_0.id,
        q1_0.coverage_amount,
        q1_0.created_at,
        q1_0.deductible,
        q1_0.monthly_premium,
        q1_0.premium,
        q1_0.primary_driver_license,
        q1_0.primary_driver_name,
        q1_0.valid_until,
        q1_0.vehicle_current_value,
        q1_0.vehicle_make,
        q1_0.vehicle_model,
        q1_0.vehicle_vin,
        q1_0.vehicle_year 
    from
        quotes q1_0 
    where
        q1_0.id=?
2025-08-14 22:47:48 - 
    insert 
    into
        quotes
        (coverage_amount, created_at, deductible, monthly_premium, premium, primary_driver_license, primary_driver_name, valid_until, vehicle_current_value, vehicle_make, vehicle_model, vehicle_vin, vehicle_year, id) 
    values
        (?, ?, ?, ?, ?, ?, ?, ?, ?, ?, ?, ?, ?, ?)
2025-08-14 22:47:48 - 
    insert 
    into
        quotes
        (coverage_amount, created_at, deductible, monthly_premium, premium, primary_driver_license, primary_driver_name, valid_until, vehicle_current_value, vehicle_make, vehicle_model, vehicle_vin, vehicle_year, id) 
    values
        (?, ?, ?, ?, ?, ?, ?, ?, ?, ?, ?, ?, ?, ?)
2025-08-14 22:47:48 - Using 'application/json', given [*/*] and supported [application/json]
2025-08-14 22:47:48 - Writing [com.autoinsurance.quote.dto.QuoteResponseDto@106fc4d2]
2025-08-14 22:47:48 - Set SecurityContextHolder to anonymous SecurityContext
2025-08-14 22:47:48 - Using 'application/json', given [*/*] and supported [application/json]
2025-08-14 22:47:48 - Using 'application/json', given [*/*] and supported [application/json]
2025-08-14 22:47:48 - Using 'application/json', given [*/*] and supported [application/json]
2025-08-14 22:47:48 - Using 'application/json', given [*/*] and supported [application/json]
2025-08-14 22:47:48 - 
    insert 
    into
        quotes
        (coverage_amount, created_at, deductible, monthly_premium, premium, primary_driver_license, primary_driver_name, valid_until, vehicle_current_value, vehicle_make, vehicle_model, vehicle_vin, vehicle_year, id) 
    values
        (?, ?, ?, ?, ?, ?, ?, ?, ?, ?, ?, ?, ?, ?)
2025-08-14 22:47:48 - 
    insert 
    into
        quotes
        (coverage_amount, created_at, deductible, monthly_premium, premium, primary_driver_license, primary_driver_name, valid_until, vehicle_current_value, vehicle_make, vehicle_model, vehicle_vin, vehicle_year, id) 
    values
        (?, ?, ?, ?, ?, ?, ?, ?, ?, ?, ?, ?, ?, ?)
2025-08-14 22:47:48 - Writing [com.autoinsurance.quote.dto.QuoteResponseDto@6614ff2d]
2025-08-14 22:47:48 - Writing [com.autoinsurance.quote.dto.QuoteResponseDto@11ab471f]
2025-08-14 22:47:48 - Writing [com.autoinsurance.quote.dto.QuoteResponseDto@125f6b2d]
2025-08-14 22:47:48 - Writing [com.autoinsurance.quote.dto.QuoteResponseDto@27d9ac50]
2025-08-14 22:47:48 - Set SecurityContextHolder to anonymous SecurityContext
2025-08-14 22:47:48 - Set SecurityContextHolder to anonymous SecurityContext
2025-08-14 22:47:48 - Set SecurityContextHolder to anonymous SecurityContext
2025-08-14 22:47:48 - Set SecurityContextHolder to anonymous SecurityContext
2025-08-14 22:47:48 - Using 'application/json', given [*/*] and supported [application/json]
2025-08-14 22:47:48 - Writing [com.autoinsurance.quote.dto.QuoteResponseDto@7247ebb6]
2025-08-14 22:47:48 - Using 'application/json', given [*/*] and supported [application/json]
2025-08-14 22:47:48 - Writing [com.autoinsurance.quote.dto.QuoteResponseDto@3aa00cb5]
2025-08-14 22:47:48 - Set SecurityContextHolder to anonymous SecurityContext
2025-08-14 22:47:48 - Set SecurityContextHolder to anonymous SecurityContext
Response Time Consistency Results:
  Light Load Average: 7.90ms
  Heavy Load Average: 6.33ms
  Light Load Max: 13ms
  Heavy Load Max: 17ms
  Performance Degradation: -19.8%
]]></system-out>
  </testcase>
  <testcase name="should_MaintainPerformanceUnderSustainedLoad" classname="com.autoinsurance.stress.StressAndReliabilityTest" time="35.013">
    <system-out><![CDATA[2025-08-14 22:47:48 - Securing POST /api/v1/quotes
2025-08-14 22:47:48 - Secured POST /api/v1/quotes
2025-08-14 22:47:48 - Mapped to com.autoinsurance.quote.controller.QuoteController#createQuote(QuoteRequestDto)
2025-08-14 22:47:48 - Read "application/json;charset=UTF-8" to [com.autoinsurance.quote.dto.QuoteRequestDto@7905b1cf]
2025-08-14 22:47:48 - 
    select
        q1_0.id,
        q1_0.coverage_amount,
        q1_0.created_at,
        q1_0.deductible,
        q1_0.monthly_premium,
        q1_0.premium,
        q1_0.primary_driver_license,
        q1_0.primary_driver_name,
        q1_0.valid_until,
        q1_0.vehicle_current_value,
        q1_0.vehicle_make,
        q1_0.vehicle_model,
        q1_0.vehicle_vin,
        q1_0.vehicle_year 
    from
        quotes q1_0 
    where
        q1_0.id=?
2025-08-14 22:47:48 - 
    insert 
    into
        quotes
        (coverage_amount, created_at, deductible, monthly_premium, premium, primary_driver_license, primary_driver_name, valid_until, vehicle_current_value, vehicle_make, vehicle_model, vehicle_vin, vehicle_year, id) 
    values
        (?, ?, ?, ?, ?, ?, ?, ?, ?, ?, ?, ?, ?, ?)
2025-08-14 22:47:48 - Using 'application/json', given [*/*] and supported [application/json]
2025-08-14 22:47:48 - Writing [com.autoinsurance.quote.dto.QuoteResponseDto@27854951]
2025-08-14 22:47:48 - Set SecurityContextHolder to anonymous SecurityContext
2025-08-14 22:47:48 - Securing POST /api/v1/quotes
2025-08-14 22:47:48 - Secured POST /api/v1/quotes
2025-08-14 22:47:48 - Mapped to com.autoinsurance.quote.controller.QuoteController#createQuote(QuoteRequestDto)
2025-08-14 22:47:48 - Read "application/json;charset=UTF-8" to [com.autoinsurance.quote.dto.QuoteRequestDto@2215db53]
2025-08-14 22:47:48 - 
    select
        q1_0.id,
        q1_0.coverage_amount,
        q1_0.created_at,
        q1_0.deductible,
        q1_0.monthly_premium,
        q1_0.premium,
        q1_0.primary_driver_license,
        q1_0.primary_driver_name,
        q1_0.valid_until,
        q1_0.vehicle_current_value,
        q1_0.vehicle_make,
        q1_0.vehicle_model,
        q1_0.vehicle_vin,
        q1_0.vehicle_year 
    from
        quotes q1_0 
    where
        q1_0.id=?
2025-08-14 22:47:48 - 
    insert 
    into
        quotes
        (coverage_amount, created_at, deductible, monthly_premium, premium, primary_driver_license, primary_driver_name, valid_until, vehicle_current_value, vehicle_make, vehicle_model, vehicle_vin, vehicle_year, id) 
    values
        (?, ?, ?, ?, ?, ?, ?, ?, ?, ?, ?, ?, ?, ?)
2025-08-14 22:47:48 - Using 'application/json', given [*/*] and supported [application/json]
2025-08-14 22:47:48 - Writing [com.autoinsurance.quote.dto.QuoteResponseDto@575c7253]
2025-08-14 22:47:48 - Set SecurityContextHolder to anonymous SecurityContext
2025-08-14 22:47:48 - Securing POST /api/v1/quotes
2025-08-14 22:47:48 - Secured POST /api/v1/quotes
2025-08-14 22:47:48 - Mapped to com.autoinsurance.quote.controller.QuoteController#createQuote(QuoteRequestDto)
2025-08-14 22:47:48 - Read "application/json;charset=UTF-8" to [com.autoinsurance.quote.dto.QuoteRequestDto@73ff2160]
2025-08-14 22:47:48 - 
    select
        q1_0.id,
        q1_0.coverage_amount,
        q1_0.created_at,
        q1_0.deductible,
        q1_0.monthly_premium,
        q1_0.premium,
        q1_0.primary_driver_license,
        q1_0.primary_driver_name,
        q1_0.valid_until,
        q1_0.vehicle_current_value,
        q1_0.vehicle_make,
        q1_0.vehicle_model,
        q1_0.vehicle_vin,
        q1_0.vehicle_year 
    from
        quotes q1_0 
    where
        q1_0.id=?
2025-08-14 22:47:48 - 
    insert 
    into
        quotes
        (coverage_amount, created_at, deductible, monthly_premium, premium, primary_driver_license, primary_driver_name, valid_until, vehicle_current_value, vehicle_make, vehicle_model, vehicle_vin, vehicle_year, id) 
    values
        (?, ?, ?, ?, ?, ?, ?, ?, ?, ?, ?, ?, ?, ?)
2025-08-14 22:47:48 - Using 'application/json', given [*/*] and supported [application/json]
2025-08-14 22:47:48 - Writing [com.autoinsurance.quote.dto.QuoteResponseDto@45bfd8b0]
2025-08-14 22:47:48 - Set SecurityContextHolder to anonymous SecurityContext
2025-08-14 22:47:48 - Securing POST /api/v1/quotes
2025-08-14 22:47:48 - Secured POST /api/v1/quotes
2025-08-14 22:47:48 - Mapped to com.autoinsurance.quote.controller.QuoteController#createQuote(QuoteRequestDto)
2025-08-14 22:47:48 - Read "application/json;charset=UTF-8" to [com.autoinsurance.quote.dto.QuoteRequestDto@749abbd4]
2025-08-14 22:47:48 - 
    select
        q1_0.id,
        q1_0.coverage_amount,
        q1_0.created_at,
        q1_0.deductible,
        q1_0.monthly_premium,
        q1_0.premium,
        q1_0.primary_driver_license,
        q1_0.primary_driver_name,
        q1_0.valid_until,
        q1_0.vehicle_current_value,
        q1_0.vehicle_make,
        q1_0.vehicle_model,
        q1_0.vehicle_vin,
        q1_0.vehicle_year 
    from
        quotes q1_0 
    where
        q1_0.id=?
2025-08-14 22:47:48 - 
    insert 
    into
        quotes
        (coverage_amount, created_at, deductible, monthly_premium, premium, primary_driver_license, primary_driver_name, valid_until, vehicle_current_value, vehicle_make, vehicle_model, vehicle_vin, vehicle_year, id) 
    values
        (?, ?, ?, ?, ?, ?, ?, ?, ?, ?, ?, ?, ?, ?)
2025-08-14 22:47:48 - Using 'application/json', given [*/*] and supported [application/json]
2025-08-14 22:47:48 - Writing [com.autoinsurance.quote.dto.QuoteResponseDto@7d6d3599]
2025-08-14 22:47:48 - Set SecurityContextHolder to anonymous SecurityContext
2025-08-14 22:47:48 - Securing POST /api/v1/quotes
2025-08-14 22:47:48 - Secured POST /api/v1/quotes
2025-08-14 22:47:48 - Mapped to com.autoinsurance.quote.controller.QuoteController#createQuote(QuoteRequestDto)
2025-08-14 22:47:48 - Read "application/json;charset=UTF-8" to [com.autoinsurance.quote.dto.QuoteRequestDto@65168758]
2025-08-14 22:47:48 - 
    select
        q1_0.id,
        q1_0.coverage_amount,
        q1_0.created_at,
        q1_0.deductible,
        q1_0.monthly_premium,
        q1_0.premium,
        q1_0.primary_driver_license,
        q1_0.primary_driver_name,
        q1_0.valid_until,
        q1_0.vehicle_current_value,
        q1_0.vehicle_make,
        q1_0.vehicle_model,
        q1_0.vehicle_vin,
        q1_0.vehicle_year 
    from
        quotes q1_0 
    where
        q1_0.id=?
2025-08-14 22:47:48 - 
    insert 
    into
        quotes
        (coverage_amount, created_at, deductible, monthly_premium, premium, primary_driver_license, primary_driver_name, valid_until, vehicle_current_value, vehicle_make, vehicle_model, vehicle_vin, vehicle_year, id) 
    values
        (?, ?, ?, ?, ?, ?, ?, ?, ?, ?, ?, ?, ?, ?)
2025-08-14 22:47:48 - Using 'application/json', given [*/*] and supported [application/json]
2025-08-14 22:47:48 - Writing [com.autoinsurance.quote.dto.QuoteResponseDto@6de1f646]
2025-08-14 22:47:48 - Set SecurityContextHolder to anonymous SecurityContext
2025-08-14 22:47:48 - Securing POST /api/v1/quotes
2025-08-14 22:47:48 - Secured POST /api/v1/quotes
2025-08-14 22:47:48 - Mapped to com.autoinsurance.quote.controller.QuoteController#createQuote(QuoteRequestDto)
2025-08-14 22:47:48 - Read "application/json;charset=UTF-8" to [com.autoinsurance.quote.dto.QuoteRequestDto@6e32aa82]
2025-08-14 22:47:48 - 
    select
        q1_0.id,
        q1_0.coverage_amount,
        q1_0.created_at,
        q1_0.deductible,
        q1_0.monthly_premium,
        q1_0.premium,
        q1_0.primary_driver_license,
        q1_0.primary_driver_name,
        q1_0.valid_until,
        q1_0.vehicle_current_value,
        q1_0.vehicle_make,
        q1_0.vehicle_model,
        q1_0.vehicle_vin,
        q1_0.vehicle_year 
    from
        quotes q1_0 
    where
        q1_0.id=?
2025-08-14 22:47:48 - 
    insert 
    into
        quotes
        (coverage_amount, created_at, deductible, monthly_premium, premium, primary_driver_license, primary_driver_name, valid_until, vehicle_current_value, vehicle_make, vehicle_model, vehicle_vin, vehicle_year, id) 
    values
        (?, ?, ?, ?, ?, ?, ?, ?, ?, ?, ?, ?, ?, ?)
2025-08-14 22:47:48 - Using 'application/json', given [*/*] and supported [application/json]
2025-08-14 22:47:48 - Writing [com.autoinsurance.quote.dto.QuoteResponseDto@3308bfc7]
2025-08-14 22:47:48 - Set SecurityContextHolder to anonymous SecurityContext
2025-08-14 22:47:48 - Securing POST /api/v1/quotes
2025-08-14 22:47:48 - Secured POST /api/v1/quotes
2025-08-14 22:47:48 - Mapped to com.autoinsurance.quote.controller.QuoteController#createQuote(QuoteRequestDto)
2025-08-14 22:47:48 - Read "application/json;charset=UTF-8" to [com.autoinsurance.quote.dto.QuoteRequestDto@9a4d2d7]
2025-08-14 22:47:48 - 
    select
        q1_0.id,
        q1_0.coverage_amount,
        q1_0.created_at,
        q1_0.deductible,
        q1_0.monthly_premium,
        q1_0.premium,
        q1_0.primary_driver_license,
        q1_0.primary_driver_name,
        q1_0.valid_until,
        q1_0.vehicle_current_value,
        q1_0.vehicle_make,
        q1_0.vehicle_model,
        q1_0.vehicle_vin,
        q1_0.vehicle_year 
    from
        quotes q1_0 
    where
        q1_0.id=?
2025-08-14 22:47:48 - 
    insert 
    into
        quotes
        (coverage_amount, created_at, deductible, monthly_premium, premium, primary_driver_license, primary_driver_name, valid_until, vehicle_current_value, vehicle_make, vehicle_model, vehicle_vin, vehicle_year, id) 
    values
        (?, ?, ?, ?, ?, ?, ?, ?, ?, ?, ?, ?, ?, ?)
2025-08-14 22:47:48 - Using 'application/json', given [*/*] and supported [application/json]
2025-08-14 22:47:48 - Writing [com.autoinsurance.quote.dto.QuoteResponseDto@10a19a34]
2025-08-14 22:47:48 - Set SecurityContextHolder to anonymous SecurityContext
2025-08-14 22:47:48 - Securing POST /api/v1/quotes
2025-08-14 22:47:48 - Secured POST /api/v1/quotes
2025-08-14 22:47:48 - Mapped to com.autoinsurance.quote.controller.QuoteController#createQuote(QuoteRequestDto)
2025-08-14 22:47:48 - Read "application/json;charset=UTF-8" to [com.autoinsurance.quote.dto.QuoteRequestDto@115c1bfb]
2025-08-14 22:47:48 - 
    select
        q1_0.id,
        q1_0.coverage_amount,
        q1_0.created_at,
        q1_0.deductible,
        q1_0.monthly_premium,
        q1_0.premium,
        q1_0.primary_driver_license,
        q1_0.primary_driver_name,
        q1_0.valid_until,
        q1_0.vehicle_current_value,
        q1_0.vehicle_make,
        q1_0.vehicle_model,
        q1_0.vehicle_vin,
        q1_0.vehicle_year 
    from
        quotes q1_0 
    where
        q1_0.id=?
2025-08-14 22:47:48 - 
    insert 
    into
        quotes
        (coverage_amount, created_at, deductible, monthly_premium, premium, primary_driver_license, primary_driver_name, valid_until, vehicle_current_value, vehicle_make, vehicle_model, vehicle_vin, vehicle_year, id) 
    values
        (?, ?, ?, ?, ?, ?, ?, ?, ?, ?, ?, ?, ?, ?)
2025-08-14 22:47:48 - Using 'application/json', given [*/*] and supported [application/json]
2025-08-14 22:47:48 - Writing [com.autoinsurance.quote.dto.QuoteResponseDto@6c73a02c]
2025-08-14 22:47:48 - Set SecurityContextHolder to anonymous SecurityContext
2025-08-14 22:47:48 - Securing POST /api/v1/quotes
2025-08-14 22:47:48 - Secured POST /api/v1/quotes
2025-08-14 22:47:48 - Mapped to com.autoinsurance.quote.controller.QuoteController#createQuote(QuoteRequestDto)
2025-08-14 22:47:48 - Read "application/json;charset=UTF-8" to [com.autoinsurance.quote.dto.QuoteRequestDto@1341dac5]
2025-08-14 22:47:48 - 
    select
        q1_0.id,
        q1_0.coverage_amount,
        q1_0.created_at,
        q1_0.deductible,
        q1_0.monthly_premium,
        q1_0.premium,
        q1_0.primary_driver_license,
        q1_0.primary_driver_name,
        q1_0.valid_until,
        q1_0.vehicle_current_value,
        q1_0.vehicle_make,
        q1_0.vehicle_model,
        q1_0.vehicle_vin,
        q1_0.vehicle_year 
    from
        quotes q1_0 
    where
        q1_0.id=?
2025-08-14 22:47:48 - 
    insert 
    into
        quotes
        (coverage_amount, created_at, deductible, monthly_premium, premium, primary_driver_license, primary_driver_name, valid_until, vehicle_current_value, vehicle_make, vehicle_model, vehicle_vin, vehicle_year, id) 
    values
        (?, ?, ?, ?, ?, ?, ?, ?, ?, ?, ?, ?, ?, ?)
2025-08-14 22:47:48 - Using 'application/json', given [*/*] and supported [application/json]
2025-08-14 22:47:48 - Writing [com.autoinsurance.quote.dto.QuoteResponseDto@d3c9b29]
2025-08-14 22:47:48 - Set SecurityContextHolder to anonymous SecurityContext
2025-08-14 22:47:48 - Securing POST /api/v1/quotes
2025-08-14 22:47:48 - Secured POST /api/v1/quotes
2025-08-14 22:47:48 - Mapped to com.autoinsurance.quote.controller.QuoteController#createQuote(QuoteRequestDto)
2025-08-14 22:47:48 - Read "application/json;charset=UTF-8" to [com.autoinsurance.quote.dto.QuoteRequestDto@d3dc107]
2025-08-14 22:47:48 - 
    select
        q1_0.id,
        q1_0.coverage_amount,
        q1_0.created_at,
        q1_0.deductible,
        q1_0.monthly_premium,
        q1_0.premium,
        q1_0.primary_driver_license,
        q1_0.primary_driver_name,
        q1_0.valid_until,
        q1_0.vehicle_current_value,
        q1_0.vehicle_make,
        q1_0.vehicle_model,
        q1_0.vehicle_vin,
        q1_0.vehicle_year 
    from
        quotes q1_0 
    where
        q1_0.id=?
2025-08-14 22:47:48 - 
    insert 
    into
        quotes
        (coverage_amount, created_at, deductible, monthly_premium, premium, primary_driver_license, primary_driver_name, valid_until, vehicle_current_value, vehicle_make, vehicle_model, vehicle_vin, vehicle_year, id) 
    values
        (?, ?, ?, ?, ?, ?, ?, ?, ?, ?, ?, ?, ?, ?)
2025-08-14 22:47:48 - Using 'application/json', given [*/*] and supported [application/json]
2025-08-14 22:47:48 - Writing [com.autoinsurance.quote.dto.QuoteResponseDto@4c3d1bc7]
2025-08-14 22:47:48 - Set SecurityContextHolder to anonymous SecurityContext
2025-08-14 22:47:49 - Securing POST /api/v1/quotes
2025-08-14 22:47:49 - Secured POST /api/v1/quotes
2025-08-14 22:47:49 - Mapped to com.autoinsurance.quote.controller.QuoteController#createQuote(QuoteRequestDto)
2025-08-14 22:47:49 - Read "application/json;charset=UTF-8" to [com.autoinsurance.quote.dto.QuoteRequestDto@3194cbcb]
2025-08-14 22:47:49 - 
    select
        q1_0.id,
        q1_0.coverage_amount,
        q1_0.created_at,
        q1_0.deductible,
        q1_0.monthly_premium,
        q1_0.premium,
        q1_0.primary_driver_license,
        q1_0.primary_driver_name,
        q1_0.valid_until,
        q1_0.vehicle_current_value,
        q1_0.vehicle_make,
        q1_0.vehicle_model,
        q1_0.vehicle_vin,
        q1_0.vehicle_year 
    from
        quotes q1_0 
    where
        q1_0.id=?
2025-08-14 22:47:49 - 
    insert 
    into
        quotes
        (coverage_amount, created_at, deductible, monthly_premium, premium, primary_driver_license, primary_driver_name, valid_until, vehicle_current_value, vehicle_make, vehicle_model, vehicle_vin, vehicle_year, id) 
    values
        (?, ?, ?, ?, ?, ?, ?, ?, ?, ?, ?, ?, ?, ?)
2025-08-14 22:47:49 - Using 'application/json', given [*/*] and supported [application/json]
2025-08-14 22:47:49 - Writing [com.autoinsurance.quote.dto.QuoteResponseDto@5798fb93]
2025-08-14 22:47:49 - Set SecurityContextHolder to anonymous SecurityContext
2025-08-14 22:47:49 - Securing POST /api/v1/quotes
2025-08-14 22:47:49 - Secured POST /api/v1/quotes
2025-08-14 22:47:49 - Mapped to com.autoinsurance.quote.controller.QuoteController#createQuote(QuoteRequestDto)
2025-08-14 22:47:49 - Read "application/json;charset=UTF-8" to [com.autoinsurance.quote.dto.QuoteRequestDto@a3d720c]
2025-08-14 22:47:49 - 
    select
        q1_0.id,
        q1_0.coverage_amount,
        q1_0.created_at,
        q1_0.deductible,
        q1_0.monthly_premium,
        q1_0.premium,
        q1_0.primary_driver_license,
        q1_0.primary_driver_name,
        q1_0.valid_until,
        q1_0.vehicle_current_value,
        q1_0.vehicle_make,
        q1_0.vehicle_model,
        q1_0.vehicle_vin,
        q1_0.vehicle_year 
    from
        quotes q1_0 
    where
        q1_0.id=?
2025-08-14 22:47:49 - 
    insert 
    into
        quotes
        (coverage_amount, created_at, deductible, monthly_premium, premium, primary_driver_license, primary_driver_name, valid_until, vehicle_current_value, vehicle_make, vehicle_model, vehicle_vin, vehicle_year, id) 
    values
        (?, ?, ?, ?, ?, ?, ?, ?, ?, ?, ?, ?, ?, ?)
2025-08-14 22:47:49 - Using 'application/json', given [*/*] and supported [application/json]
2025-08-14 22:47:49 - Writing [com.autoinsurance.quote.dto.QuoteResponseDto@96e3786]
2025-08-14 22:47:49 - Set SecurityContextHolder to anonymous SecurityContext
2025-08-14 22:47:49 - Securing POST /api/v1/quotes
2025-08-14 22:47:49 - Secured POST /api/v1/quotes
2025-08-14 22:47:49 - Mapped to com.autoinsurance.quote.controller.QuoteController#createQuote(QuoteRequestDto)
2025-08-14 22:47:49 - Read "application/json;charset=UTF-8" to [com.autoinsurance.quote.dto.QuoteRequestDto@240ef3c9]
2025-08-14 22:47:49 - 
    select
        q1_0.id,
        q1_0.coverage_amount,
        q1_0.created_at,
        q1_0.deductible,
        q1_0.monthly_premium,
        q1_0.premium,
        q1_0.primary_driver_license,
        q1_0.primary_driver_name,
        q1_0.valid_until,
        q1_0.vehicle_current_value,
        q1_0.vehicle_make,
        q1_0.vehicle_model,
        q1_0.vehicle_vin,
        q1_0.vehicle_year 
    from
        quotes q1_0 
    where
        q1_0.id=?
2025-08-14 22:47:49 - 
    insert 
    into
        quotes
        (coverage_amount, created_at, deductible, monthly_premium, premium, primary_driver_license, primary_driver_name, valid_until, vehicle_current_value, vehicle_make, vehicle_model, vehicle_vin, vehicle_year, id) 
    values
        (?, ?, ?, ?, ?, ?, ?, ?, ?, ?, ?, ?, ?, ?)
2025-08-14 22:47:49 - Using 'application/json', given [*/*] and supported [application/json]
2025-08-14 22:47:49 - Writing [com.autoinsurance.quote.dto.QuoteResponseDto@4bb11f09]
2025-08-14 22:47:49 - Set SecurityContextHolder to anonymous SecurityContext
2025-08-14 22:47:49 - Securing POST /api/v1/quotes
2025-08-14 22:47:49 - Secured POST /api/v1/quotes
2025-08-14 22:47:49 - Mapped to com.autoinsurance.quote.controller.QuoteController#createQuote(QuoteRequestDto)
2025-08-14 22:47:49 - Read "application/json;charset=UTF-8" to [com.autoinsurance.quote.dto.QuoteRequestDto@3803f228]
2025-08-14 22:47:49 - 
    select
        q1_0.id,
        q1_0.coverage_amount,
        q1_0.created_at,
        q1_0.deductible,
        q1_0.monthly_premium,
        q1_0.premium,
        q1_0.primary_driver_license,
        q1_0.primary_driver_name,
        q1_0.valid_until,
        q1_0.vehicle_current_value,
        q1_0.vehicle_make,
        q1_0.vehicle_model,
        q1_0.vehicle_vin,
        q1_0.vehicle_year 
    from
        quotes q1_0 
    where
        q1_0.id=?
2025-08-14 22:47:49 - 
    insert 
    into
        quotes
        (coverage_amount, created_at, deductible, monthly_premium, premium, primary_driver_license, primary_driver_name, valid_until, vehicle_current_value, vehicle_make, vehicle_model, vehicle_vin, vehicle_year, id) 
    values
        (?, ?, ?, ?, ?, ?, ?, ?, ?, ?, ?, ?, ?, ?)
2025-08-14 22:47:49 - Using 'application/json', given [*/*] and supported [application/json]
2025-08-14 22:47:49 - Writing [com.autoinsurance.quote.dto.QuoteResponseDto@429e253a]
2025-08-14 22:47:49 - Set SecurityContextHolder to anonymous SecurityContext
2025-08-14 22:47:49 - Securing POST /api/v1/quotes
2025-08-14 22:47:49 - Secured POST /api/v1/quotes
2025-08-14 22:47:49 - Mapped to com.autoinsurance.quote.controller.QuoteController#createQuote(QuoteRequestDto)
2025-08-14 22:47:49 - Read "application/json;charset=UTF-8" to [com.autoinsurance.quote.dto.QuoteRequestDto@2c532f93]
2025-08-14 22:47:49 - 
    select
        q1_0.id,
        q1_0.coverage_amount,
        q1_0.created_at,
        q1_0.deductible,
        q1_0.monthly_premium,
        q1_0.premium,
        q1_0.primary_driver_license,
        q1_0.primary_driver_name,
        q1_0.valid_until,
        q1_0.vehicle_current_value,
        q1_0.vehicle_make,
        q1_0.vehicle_model,
        q1_0.vehicle_vin,
        q1_0.vehicle_year 
    from
        quotes q1_0 
    where
        q1_0.id=?
2025-08-14 22:47:49 - 
    insert 
    into
        quotes
        (coverage_amount, created_at, deductible, monthly_premium, premium, primary_driver_license, primary_driver_name, valid_until, vehicle_current_value, vehicle_make, vehicle_model, vehicle_vin, vehicle_year, id) 
    values
        (?, ?, ?, ?, ?, ?, ?, ?, ?, ?, ?, ?, ?, ?)
2025-08-14 22:47:49 - Using 'application/json', given [*/*] and supported [application/json]
2025-08-14 22:47:49 - Writing [com.autoinsurance.quote.dto.QuoteResponseDto@1bfd1ef2]
2025-08-14 22:47:49 - Set SecurityContextHolder to anonymous SecurityContext
2025-08-14 22:47:49 - Securing POST /api/v1/quotes
2025-08-14 22:47:49 - Secured POST /api/v1/quotes
2025-08-14 22:47:49 - Mapped to com.autoinsurance.quote.controller.QuoteController#createQuote(QuoteRequestDto)
2025-08-14 22:47:49 - Read "application/json;charset=UTF-8" to [com.autoinsurance.quote.dto.QuoteRequestDto@49d195e2]
2025-08-14 22:47:49 - 
    select
        q1_0.id,
        q1_0.coverage_amount,
        q1_0.created_at,
        q1_0.deductible,
        q1_0.monthly_premium,
        q1_0.premium,
        q1_0.primary_driver_license,
        q1_0.primary_driver_name,
        q1_0.valid_until,
        q1_0.vehicle_current_value,
        q1_0.vehicle_make,
        q1_0.vehicle_model,
        q1_0.vehicle_vin,
        q1_0.vehicle_year 
    from
        quotes q1_0 
    where
        q1_0.id=?
2025-08-14 22:47:49 - 
    insert 
    into
        quotes
        (coverage_amount, created_at, deductible, monthly_premium, premium, primary_driver_license, primary_driver_name, valid_until, vehicle_current_value, vehicle_make, vehicle_model, vehicle_vin, vehicle_year, id) 
    values
        (?, ?, ?, ?, ?, ?, ?, ?, ?, ?, ?, ?, ?, ?)
2025-08-14 22:47:49 - Using 'application/json', given [*/*] and supported [application/json]
2025-08-14 22:47:49 - Writing [com.autoinsurance.quote.dto.QuoteResponseDto@1a493cb1]
2025-08-14 22:47:49 - Set SecurityContextHolder to anonymous SecurityContext
2025-08-14 22:47:49 - Securing POST /api/v1/quotes
2025-08-14 22:47:49 - Secured POST /api/v1/quotes
2025-08-14 22:47:49 - Mapped to com.autoinsurance.quote.controller.QuoteController#createQuote(QuoteRequestDto)
2025-08-14 22:47:49 - Read "application/json;charset=UTF-8" to [com.autoinsurance.quote.dto.QuoteRequestDto@49bbbda3]
2025-08-14 22:47:49 - 
    select
        q1_0.id,
        q1_0.coverage_amount,
        q1_0.created_at,
        q1_0.deductible,
        q1_0.monthly_premium,
        q1_0.premium,
        q1_0.primary_driver_license,
        q1_0.primary_driver_name,
        q1_0.valid_until,
        q1_0.vehicle_current_value,
        q1_0.vehicle_make,
        q1_0.vehicle_model,
        q1_0.vehicle_vin,
        q1_0.vehicle_year 
    from
        quotes q1_0 
    where
        q1_0.id=?
2025-08-14 22:47:49 - 
    insert 
    into
        quotes
        (coverage_amount, created_at, deductible, monthly_premium, premium, primary_driver_license, primary_driver_name, valid_until, vehicle_current_value, vehicle_make, vehicle_model, vehicle_vin, vehicle_year, id) 
    values
        (?, ?, ?, ?, ?, ?, ?, ?, ?, ?, ?, ?, ?, ?)
2025-08-14 22:47:49 - Using 'application/json', given [*/*] and supported [application/json]
2025-08-14 22:47:49 - Writing [com.autoinsurance.quote.dto.QuoteResponseDto@1c575c95]
2025-08-14 22:47:49 - Set SecurityContextHolder to anonymous SecurityContext
2025-08-14 22:47:49 - Securing POST /api/v1/quotes
2025-08-14 22:47:49 - Secured POST /api/v1/quotes
2025-08-14 22:47:49 - Mapped to com.autoinsurance.quote.controller.QuoteController#createQuote(QuoteRequestDto)
2025-08-14 22:47:49 - Read "application/json;charset=UTF-8" to [com.autoinsurance.quote.dto.QuoteRequestDto@62b2396d]
2025-08-14 22:47:49 - 
    select
        q1_0.id,
        q1_0.coverage_amount,
        q1_0.created_at,
        q1_0.deductible,
        q1_0.monthly_premium,
        q1_0.premium,
        q1_0.primary_driver_license,
        q1_0.primary_driver_name,
        q1_0.valid_until,
        q1_0.vehicle_current_value,
        q1_0.vehicle_make,
        q1_0.vehicle_model,
        q1_0.vehicle_vin,
        q1_0.vehicle_year 
    from
        quotes q1_0 
    where
        q1_0.id=?
2025-08-14 22:47:49 - 
    insert 
    into
        quotes
        (coverage_amount, created_at, deductible, monthly_premium, premium, primary_driver_license, primary_driver_name, valid_until, vehicle_current_value, vehicle_make, vehicle_model, vehicle_vin, vehicle_year, id) 
    values
        (?, ?, ?, ?, ?, ?, ?, ?, ?, ?, ?, ?, ?, ?)
2025-08-14 22:47:49 - Using 'application/json', given [*/*] and supported [application/json]
2025-08-14 22:47:49 - Writing [com.autoinsurance.quote.dto.QuoteResponseDto@a6e2d8f]
2025-08-14 22:47:49 - Set SecurityContextHolder to anonymous SecurityContext
2025-08-14 22:47:49 - Securing POST /api/v1/quotes
2025-08-14 22:47:49 - Secured POST /api/v1/quotes
2025-08-14 22:47:49 - Mapped to com.autoinsurance.quote.controller.QuoteController#createQuote(QuoteRequestDto)
2025-08-14 22:47:49 - Read "application/json;charset=UTF-8" to [com.autoinsurance.quote.dto.QuoteRequestDto@476ba7c]
2025-08-14 22:47:49 - 
    select
        q1_0.id,
        q1_0.coverage_amount,
        q1_0.created_at,
        q1_0.deductible,
        q1_0.monthly_premium,
        q1_0.premium,
        q1_0.primary_driver_license,
        q1_0.primary_driver_name,
        q1_0.valid_until,
        q1_0.vehicle_current_value,
        q1_0.vehicle_make,
        q1_0.vehicle_model,
        q1_0.vehicle_vin,
        q1_0.vehicle_year 
    from
        quotes q1_0 
    where
        q1_0.id=?
2025-08-14 22:47:49 - 
    insert 
    into
        quotes
        (coverage_amount, created_at, deductible, monthly_premium, premium, primary_driver_license, primary_driver_name, valid_until, vehicle_current_value, vehicle_make, vehicle_model, vehicle_vin, vehicle_year, id) 
    values
        (?, ?, ?, ?, ?, ?, ?, ?, ?, ?, ?, ?, ?, ?)
2025-08-14 22:47:49 - Using 'application/json', given [*/*] and supported [application/json]
2025-08-14 22:47:49 - Writing [com.autoinsurance.quote.dto.QuoteResponseDto@58fd2a27]
2025-08-14 22:47:49 - Set SecurityContextHolder to anonymous SecurityContext
2025-08-14 22:47:49 - Securing POST /api/v1/quotes
2025-08-14 22:47:49 - Secured POST /api/v1/quotes
2025-08-14 22:47:49 - Mapped to com.autoinsurance.quote.controller.QuoteController#createQuote(QuoteRequestDto)
2025-08-14 22:47:49 - Read "application/json;charset=UTF-8" to [com.autoinsurance.quote.dto.QuoteRequestDto@13e41172]
2025-08-14 22:47:49 - 
    select
        q1_0.id,
        q1_0.coverage_amount,
        q1_0.created_at,
        q1_0.deductible,
        q1_0.monthly_premium,
        q1_0.premium,
        q1_0.primary_driver_license,
        q1_0.primary_driver_name,
        q1_0.valid_until,
        q1_0.vehicle_current_value,
        q1_0.vehicle_make,
        q1_0.vehicle_model,
        q1_0.vehicle_vin,
        q1_0.vehicle_year 
    from
        quotes q1_0 
    where
        q1_0.id=?
2025-08-14 22:47:49 - 
    insert 
    into
        quotes
        (coverage_amount, created_at, deductible, monthly_premium, premium, primary_driver_license, primary_driver_name, valid_until, vehicle_current_value, vehicle_make, vehicle_model, vehicle_vin, vehicle_year, id) 
    values
        (?, ?, ?, ?, ?, ?, ?, ?, ?, ?, ?, ?, ?, ?)
2025-08-14 22:47:49 - Using 'application/json', given [*/*] and supported [application/json]
2025-08-14 22:47:49 - Writing [com.autoinsurance.quote.dto.QuoteResponseDto@671fd789]
2025-08-14 22:47:49 - Set SecurityContextHolder to anonymous SecurityContext
2025-08-14 22:47:50 - Securing POST /api/v1/quotes
2025-08-14 22:47:50 - Secured POST /api/v1/quotes
2025-08-14 22:47:50 - Mapped to com.autoinsurance.quote.controller.QuoteController#createQuote(QuoteRequestDto)
2025-08-14 22:47:50 - Read "application/json;charset=UTF-8" to [com.autoinsurance.quote.dto.QuoteRequestDto@76558c05]
2025-08-14 22:47:50 - 
    select
        q1_0.id,
        q1_0.coverage_amount,
        q1_0.created_at,
        q1_0.deductible,
        q1_0.monthly_premium,
        q1_0.premium,
        q1_0.primary_driver_license,
        q1_0.primary_driver_name,
        q1_0.valid_until,
        q1_0.vehicle_current_value,
        q1_0.vehicle_make,
        q1_0.vehicle_model,
        q1_0.vehicle_vin,
        q1_0.vehicle_year 
    from
        quotes q1_0 
    where
        q1_0.id=?
2025-08-14 22:47:50 - 
    insert 
    into
        quotes
        (coverage_amount, created_at, deductible, monthly_premium, premium, primary_driver_license, primary_driver_name, valid_until, vehicle_current_value, vehicle_make, vehicle_model, vehicle_vin, vehicle_year, id) 
    values
        (?, ?, ?, ?, ?, ?, ?, ?, ?, ?, ?, ?, ?, ?)
2025-08-14 22:47:50 - Using 'application/json', given [*/*] and supported [application/json]
2025-08-14 22:47:50 - Writing [com.autoinsurance.quote.dto.QuoteResponseDto@749b3c1e]
2025-08-14 22:47:50 - Set SecurityContextHolder to anonymous SecurityContext
2025-08-14 22:47:50 - Securing POST /api/v1/quotes
2025-08-14 22:47:50 - Secured POST /api/v1/quotes
2025-08-14 22:47:50 - Mapped to com.autoinsurance.quote.controller.QuoteController#createQuote(QuoteRequestDto)
2025-08-14 22:47:50 - Read "application/json;charset=UTF-8" to [com.autoinsurance.quote.dto.QuoteRequestDto@3fe0db09]
2025-08-14 22:47:50 - 
    select
        q1_0.id,
        q1_0.coverage_amount,
        q1_0.created_at,
        q1_0.deductible,
        q1_0.monthly_premium,
        q1_0.premium,
        q1_0.primary_driver_license,
        q1_0.primary_driver_name,
        q1_0.valid_until,
        q1_0.vehicle_current_value,
        q1_0.vehicle_make,
        q1_0.vehicle_model,
        q1_0.vehicle_vin,
        q1_0.vehicle_year 
    from
        quotes q1_0 
    where
        q1_0.id=?
2025-08-14 22:47:50 - 
    insert 
    into
        quotes
        (coverage_amount, created_at, deductible, monthly_premium, premium, primary_driver_license, primary_driver_name, valid_until, vehicle_current_value, vehicle_make, vehicle_model, vehicle_vin, vehicle_year, id) 
    values
        (?, ?, ?, ?, ?, ?, ?, ?, ?, ?, ?, ?, ?, ?)
2025-08-14 22:47:50 - Using 'application/json', given [*/*] and supported [application/json]
2025-08-14 22:47:50 - Writing [com.autoinsurance.quote.dto.QuoteResponseDto@3a66514b]
2025-08-14 22:47:50 - Set SecurityContextHolder to anonymous SecurityContext
2025-08-14 22:47:50 - Securing POST /api/v1/quotes
2025-08-14 22:47:50 - Secured POST /api/v1/quotes
2025-08-14 22:47:50 - Mapped to com.autoinsurance.quote.controller.QuoteController#createQuote(QuoteRequestDto)
2025-08-14 22:47:50 - Read "application/json;charset=UTF-8" to [com.autoinsurance.quote.dto.QuoteRequestDto@25aa4bb9]
2025-08-14 22:47:50 - 
    select
        q1_0.id,
        q1_0.coverage_amount,
        q1_0.created_at,
        q1_0.deductible,
        q1_0.monthly_premium,
        q1_0.premium,
        q1_0.primary_driver_license,
        q1_0.primary_driver_name,
        q1_0.valid_until,
        q1_0.vehicle_current_value,
        q1_0.vehicle_make,
        q1_0.vehicle_model,
        q1_0.vehicle_vin,
        q1_0.vehicle_year 
    from
        quotes q1_0 
    where
        q1_0.id=?
2025-08-14 22:47:50 - 
    insert 
    into
        quotes
        (coverage_amount, created_at, deductible, monthly_premium, premium, primary_driver_license, primary_driver_name, valid_until, vehicle_current_value, vehicle_make, vehicle_model, vehicle_vin, vehicle_year, id) 
    values
        (?, ?, ?, ?, ?, ?, ?, ?, ?, ?, ?, ?, ?, ?)
2025-08-14 22:47:50 - Using 'application/json', given [*/*] and supported [application/json]
2025-08-14 22:47:50 - Writing [com.autoinsurance.quote.dto.QuoteResponseDto@4b8ad684]
2025-08-14 22:47:50 - Set SecurityContextHolder to anonymous SecurityContext
2025-08-14 22:47:50 - Securing POST /api/v1/quotes
2025-08-14 22:47:50 - Secured POST /api/v1/quotes
2025-08-14 22:47:50 - Mapped to com.autoinsurance.quote.controller.QuoteController#createQuote(QuoteRequestDto)
2025-08-14 22:47:50 - Read "application/json;charset=UTF-8" to [com.autoinsurance.quote.dto.QuoteRequestDto@7175c076]
2025-08-14 22:47:50 - 
    select
        q1_0.id,
        q1_0.coverage_amount,
        q1_0.created_at,
        q1_0.deductible,
        q1_0.monthly_premium,
        q1_0.premium,
        q1_0.primary_driver_license,
        q1_0.primary_driver_name,
        q1_0.valid_until,
        q1_0.vehicle_current_value,
        q1_0.vehicle_make,
        q1_0.vehicle_model,
        q1_0.vehicle_vin,
        q1_0.vehicle_year 
    from
        quotes q1_0 
    where
        q1_0.id=?
2025-08-14 22:47:50 - 
    insert 
    into
        quotes
        (coverage_amount, created_at, deductible, monthly_premium, premium, primary_driver_license, primary_driver_name, valid_until, vehicle_current_value, vehicle_make, vehicle_model, vehicle_vin, vehicle_year, id) 
    values
        (?, ?, ?, ?, ?, ?, ?, ?, ?, ?, ?, ?, ?, ?)
2025-08-14 22:47:50 - Using 'application/json', given [*/*] and supported [application/json]
2025-08-14 22:47:50 - Writing [com.autoinsurance.quote.dto.QuoteResponseDto@4479f113]
2025-08-14 22:47:50 - Set SecurityContextHolder to anonymous SecurityContext
2025-08-14 22:47:50 - Securing POST /api/v1/quotes
2025-08-14 22:47:50 - Secured POST /api/v1/quotes
2025-08-14 22:47:50 - Mapped to com.autoinsurance.quote.controller.QuoteController#createQuote(QuoteRequestDto)
2025-08-14 22:47:50 - Read "application/json;charset=UTF-8" to [com.autoinsurance.quote.dto.QuoteRequestDto@4f93da26]
2025-08-14 22:47:50 - 
    select
        q1_0.id,
        q1_0.coverage_amount,
        q1_0.created_at,
        q1_0.deductible,
        q1_0.monthly_premium,
        q1_0.premium,
        q1_0.primary_driver_license,
        q1_0.primary_driver_name,
        q1_0.valid_until,
        q1_0.vehicle_current_value,
        q1_0.vehicle_make,
        q1_0.vehicle_model,
        q1_0.vehicle_vin,
        q1_0.vehicle_year 
    from
        quotes q1_0 
    where
        q1_0.id=?
2025-08-14 22:47:50 - 
    insert 
    into
        quotes
        (coverage_amount, created_at, deductible, monthly_premium, premium, primary_driver_license, primary_driver_name, valid_until, vehicle_current_value, vehicle_make, vehicle_model, vehicle_vin, vehicle_year, id) 
    values
        (?, ?, ?, ?, ?, ?, ?, ?, ?, ?, ?, ?, ?, ?)
2025-08-14 22:47:50 - Using 'application/json', given [*/*] and supported [application/json]
2025-08-14 22:47:50 - Writing [com.autoinsurance.quote.dto.QuoteResponseDto@40d968a7]
2025-08-14 22:47:50 - Set SecurityContextHolder to anonymous SecurityContext
2025-08-14 22:47:50 - Securing POST /api/v1/quotes
2025-08-14 22:47:50 - Secured POST /api/v1/quotes
2025-08-14 22:47:50 - Mapped to com.autoinsurance.quote.controller.QuoteController#createQuote(QuoteRequestDto)
2025-08-14 22:47:50 - Read "application/json;charset=UTF-8" to [com.autoinsurance.quote.dto.QuoteRequestDto@63a091bf]
2025-08-14 22:47:50 - 
    select
        q1_0.id,
        q1_0.coverage_amount,
        q1_0.created_at,
        q1_0.deductible,
        q1_0.monthly_premium,
        q1_0.premium,
        q1_0.primary_driver_license,
        q1_0.primary_driver_name,
        q1_0.valid_until,
        q1_0.vehicle_current_value,
        q1_0.vehicle_make,
        q1_0.vehicle_model,
        q1_0.vehicle_vin,
        q1_0.vehicle_year 
    from
        quotes q1_0 
    where
        q1_0.id=?
2025-08-14 22:47:50 - 
    insert 
    into
        quotes
        (coverage_amount, created_at, deductible, monthly_premium, premium, primary_driver_license, primary_driver_name, valid_until, vehicle_current_value, vehicle_make, vehicle_model, vehicle_vin, vehicle_year, id) 
    values
        (?, ?, ?, ?, ?, ?, ?, ?, ?, ?, ?, ?, ?, ?)
2025-08-14 22:47:50 - Using 'application/json', given [*/*] and supported [application/json]
2025-08-14 22:47:50 - Writing [com.autoinsurance.quote.dto.QuoteResponseDto@2cff4551]
2025-08-14 22:47:50 - Set SecurityContextHolder to anonymous SecurityContext
2025-08-14 22:47:50 - Securing POST /api/v1/quotes
2025-08-14 22:47:50 - Secured POST /api/v1/quotes
2025-08-14 22:47:50 - Mapped to com.autoinsurance.quote.controller.QuoteController#createQuote(QuoteRequestDto)
2025-08-14 22:47:50 - Read "application/json;charset=UTF-8" to [com.autoinsurance.quote.dto.QuoteRequestDto@34f9d74e]
2025-08-14 22:47:50 - 
    select
        q1_0.id,
        q1_0.coverage_amount,
        q1_0.created_at,
        q1_0.deductible,
        q1_0.monthly_premium,
        q1_0.premium,
        q1_0.primary_driver_license,
        q1_0.primary_driver_name,
        q1_0.valid_until,
        q1_0.vehicle_current_value,
        q1_0.vehicle_make,
        q1_0.vehicle_model,
        q1_0.vehicle_vin,
        q1_0.vehicle_year 
    from
        quotes q1_0 
    where
        q1_0.id=?
2025-08-14 22:47:50 - 
    insert 
    into
        quotes
        (coverage_amount, created_at, deductible, monthly_premium, premium, primary_driver_license, primary_driver_name, valid_until, vehicle_current_value, vehicle_make, vehicle_model, vehicle_vin, vehicle_year, id) 
    values
        (?, ?, ?, ?, ?, ?, ?, ?, ?, ?, ?, ?, ?, ?)
2025-08-14 22:47:50 - Using 'application/json', given [*/*] and supported [application/json]
2025-08-14 22:47:50 - Writing [com.autoinsurance.quote.dto.QuoteResponseDto@7fbf78fa]
2025-08-14 22:47:50 - Set SecurityContextHolder to anonymous SecurityContext
2025-08-14 22:47:50 - Securing POST /api/v1/quotes
2025-08-14 22:47:50 - Secured POST /api/v1/quotes
2025-08-14 22:47:50 - Mapped to com.autoinsurance.quote.controller.QuoteController#createQuote(QuoteRequestDto)
2025-08-14 22:47:50 - Read "application/json;charset=UTF-8" to [com.autoinsurance.quote.dto.QuoteRequestDto@229f29f3]
2025-08-14 22:47:50 - 
    select
        q1_0.id,
        q1_0.coverage_amount,
        q1_0.created_at,
        q1_0.deductible,
        q1_0.monthly_premium,
        q1_0.premium,
        q1_0.primary_driver_license,
        q1_0.primary_driver_name,
        q1_0.valid_until,
        q1_0.vehicle_current_value,
        q1_0.vehicle_make,
        q1_0.vehicle_model,
        q1_0.vehicle_vin,
        q1_0.vehicle_year 
    from
        quotes q1_0 
    where
        q1_0.id=?
2025-08-14 22:47:50 - 
    insert 
    into
        quotes
        (coverage_amount, created_at, deductible, monthly_premium, premium, primary_driver_license, primary_driver_name, valid_until, vehicle_current_value, vehicle_make, vehicle_model, vehicle_vin, vehicle_year, id) 
    values
        (?, ?, ?, ?, ?, ?, ?, ?, ?, ?, ?, ?, ?, ?)
2025-08-14 22:47:50 - Using 'application/json', given [*/*] and supported [application/json]
2025-08-14 22:47:50 - Writing [com.autoinsurance.quote.dto.QuoteResponseDto@2f1956e8]
2025-08-14 22:47:50 - Set SecurityContextHolder to anonymous SecurityContext
2025-08-14 22:47:50 - Securing POST /api/v1/quotes
2025-08-14 22:47:50 - Secured POST /api/v1/quotes
2025-08-14 22:47:50 - Mapped to com.autoinsurance.quote.controller.QuoteController#createQuote(QuoteRequestDto)
2025-08-14 22:47:50 - Read "application/json;charset=UTF-8" to [com.autoinsurance.quote.dto.QuoteRequestDto@4f159b33]
2025-08-14 22:47:50 - 
    select
        q1_0.id,
        q1_0.coverage_amount,
        q1_0.created_at,
        q1_0.deductible,
        q1_0.monthly_premium,
        q1_0.premium,
        q1_0.primary_driver_license,
        q1_0.primary_driver_name,
        q1_0.valid_until,
        q1_0.vehicle_current_value,
        q1_0.vehicle_make,
        q1_0.vehicle_model,
        q1_0.vehicle_vin,
        q1_0.vehicle_year 
    from
        quotes q1_0 
    where
        q1_0.id=?
2025-08-14 22:47:50 - 
    insert 
    into
        quotes
        (coverage_amount, created_at, deductible, monthly_premium, premium, primary_driver_license, primary_driver_name, valid_until, vehicle_current_value, vehicle_make, vehicle_model, vehicle_vin, vehicle_year, id) 
    values
        (?, ?, ?, ?, ?, ?, ?, ?, ?, ?, ?, ?, ?, ?)
2025-08-14 22:47:50 - Using 'application/json', given [*/*] and supported [application/json]
2025-08-14 22:47:50 - Writing [com.autoinsurance.quote.dto.QuoteResponseDto@3c7f0f4e]
2025-08-14 22:47:50 - Set SecurityContextHolder to anonymous SecurityContext
2025-08-14 22:47:50 - Securing POST /api/v1/quotes
2025-08-14 22:47:50 - Secured POST /api/v1/quotes
2025-08-14 22:47:50 - Mapped to com.autoinsurance.quote.controller.QuoteController#createQuote(QuoteRequestDto)
2025-08-14 22:47:50 - Read "application/json;charset=UTF-8" to [com.autoinsurance.quote.dto.QuoteRequestDto@402291b5]
2025-08-14 22:47:50 - 
    select
        q1_0.id,
        q1_0.coverage_amount,
        q1_0.created_at,
        q1_0.deductible,
        q1_0.monthly_premium,
        q1_0.premium,
        q1_0.primary_driver_license,
        q1_0.primary_driver_name,
        q1_0.valid_until,
        q1_0.vehicle_current_value,
        q1_0.vehicle_make,
        q1_0.vehicle_model,
        q1_0.vehicle_vin,
        q1_0.vehicle_year 
    from
        quotes q1_0 
    where
        q1_0.id=?
2025-08-14 22:47:50 - 
    insert 
    into
        quotes
        (coverage_amount, created_at, deductible, monthly_premium, premium, primary_driver_license, primary_driver_name, valid_until, vehicle_current_value, vehicle_make, vehicle_model, vehicle_vin, vehicle_year, id) 
    values
        (?, ?, ?, ?, ?, ?, ?, ?, ?, ?, ?, ?, ?, ?)
2025-08-14 22:47:50 - Using 'application/json', given [*/*] and supported [application/json]
2025-08-14 22:47:50 - Writing [com.autoinsurance.quote.dto.QuoteResponseDto@6d404fe5]
2025-08-14 22:47:50 - Set SecurityContextHolder to anonymous SecurityContext
2025-08-14 22:47:51 - Securing POST /api/v1/quotes
2025-08-14 22:47:51 - Secured POST /api/v1/quotes
2025-08-14 22:47:51 - Mapped to com.autoinsurance.quote.controller.QuoteController#createQuote(QuoteRequestDto)
2025-08-14 22:47:51 - Read "application/json;charset=UTF-8" to [com.autoinsurance.quote.dto.QuoteRequestDto@53c32ed9]
2025-08-14 22:47:51 - 
    select
        q1_0.id,
        q1_0.coverage_amount,
        q1_0.created_at,
        q1_0.deductible,
        q1_0.monthly_premium,
        q1_0.premium,
        q1_0.primary_driver_license,
        q1_0.primary_driver_name,
        q1_0.valid_until,
        q1_0.vehicle_current_value,
        q1_0.vehicle_make,
        q1_0.vehicle_model,
        q1_0.vehicle_vin,
        q1_0.vehicle_year 
    from
        quotes q1_0 
    where
        q1_0.id=?
2025-08-14 22:47:51 - 
    insert 
    into
        quotes
        (coverage_amount, created_at, deductible, monthly_premium, premium, primary_driver_license, primary_driver_name, valid_until, vehicle_current_value, vehicle_make, vehicle_model, vehicle_vin, vehicle_year, id) 
    values
        (?, ?, ?, ?, ?, ?, ?, ?, ?, ?, ?, ?, ?, ?)
2025-08-14 22:47:51 - Using 'application/json', given [*/*] and supported [application/json]
2025-08-14 22:47:51 - Writing [com.autoinsurance.quote.dto.QuoteResponseDto@48a2367a]
2025-08-14 22:47:51 - Set SecurityContextHolder to anonymous SecurityContext
2025-08-14 22:47:51 - Securing POST /api/v1/quotes
2025-08-14 22:47:51 - Secured POST /api/v1/quotes
2025-08-14 22:47:51 - Mapped to com.autoinsurance.quote.controller.QuoteController#createQuote(QuoteRequestDto)
2025-08-14 22:47:51 - Read "application/json;charset=UTF-8" to [com.autoinsurance.quote.dto.QuoteRequestDto@7f6a4bf4]
2025-08-14 22:47:51 - 
    select
        q1_0.id,
        q1_0.coverage_amount,
        q1_0.created_at,
        q1_0.deductible,
        q1_0.monthly_premium,
        q1_0.premium,
        q1_0.primary_driver_license,
        q1_0.primary_driver_name,
        q1_0.valid_until,
        q1_0.vehicle_current_value,
        q1_0.vehicle_make,
        q1_0.vehicle_model,
        q1_0.vehicle_vin,
        q1_0.vehicle_year 
    from
        quotes q1_0 
    where
        q1_0.id=?
2025-08-14 22:47:51 - 
    insert 
    into
        quotes
        (coverage_amount, created_at, deductible, monthly_premium, premium, primary_driver_license, primary_driver_name, valid_until, vehicle_current_value, vehicle_make, vehicle_model, vehicle_vin, vehicle_year, id) 
    values
        (?, ?, ?, ?, ?, ?, ?, ?, ?, ?, ?, ?, ?, ?)
2025-08-14 22:47:51 - Using 'application/json', given [*/*] and supported [application/json]
2025-08-14 22:47:51 - Writing [com.autoinsurance.quote.dto.QuoteResponseDto@1458694c]
2025-08-14 22:47:51 - Set SecurityContextHolder to anonymous SecurityContext
2025-08-14 22:47:51 - Securing POST /api/v1/quotes
2025-08-14 22:47:51 - Secured POST /api/v1/quotes
2025-08-14 22:47:51 - Mapped to com.autoinsurance.quote.controller.QuoteController#createQuote(QuoteRequestDto)
2025-08-14 22:47:51 - Read "application/json;charset=UTF-8" to [com.autoinsurance.quote.dto.QuoteRequestDto@1ae1406]
2025-08-14 22:47:51 - 
    select
        q1_0.id,
        q1_0.coverage_amount,
        q1_0.created_at,
        q1_0.deductible,
        q1_0.monthly_premium,
        q1_0.premium,
        q1_0.primary_driver_license,
        q1_0.primary_driver_name,
        q1_0.valid_until,
        q1_0.vehicle_current_value,
        q1_0.vehicle_make,
        q1_0.vehicle_model,
        q1_0.vehicle_vin,
        q1_0.vehicle_year 
    from
        quotes q1_0 
    where
        q1_0.id=?
2025-08-14 22:47:51 - 
    insert 
    into
        quotes
        (coverage_amount, created_at, deductible, monthly_premium, premium, primary_driver_license, primary_driver_name, valid_until, vehicle_current_value, vehicle_make, vehicle_model, vehicle_vin, vehicle_year, id) 
    values
        (?, ?, ?, ?, ?, ?, ?, ?, ?, ?, ?, ?, ?, ?)
2025-08-14 22:47:51 - Using 'application/json', given [*/*] and supported [application/json]
2025-08-14 22:47:51 - Writing [com.autoinsurance.quote.dto.QuoteResponseDto@6653ff31]
2025-08-14 22:47:51 - Set SecurityContextHolder to anonymous SecurityContext
2025-08-14 22:47:51 - Securing POST /api/v1/quotes
2025-08-14 22:47:51 - Secured POST /api/v1/quotes
2025-08-14 22:47:51 - Mapped to com.autoinsurance.quote.controller.QuoteController#createQuote(QuoteRequestDto)
2025-08-14 22:47:51 - Read "application/json;charset=UTF-8" to [com.autoinsurance.quote.dto.QuoteRequestDto@4ee7466f]
2025-08-14 22:47:51 - 
    select
        q1_0.id,
        q1_0.coverage_amount,
        q1_0.created_at,
        q1_0.deductible,
        q1_0.monthly_premium,
        q1_0.premium,
        q1_0.primary_driver_license,
        q1_0.primary_driver_name,
        q1_0.valid_until,
        q1_0.vehicle_current_value,
        q1_0.vehicle_make,
        q1_0.vehicle_model,
        q1_0.vehicle_vin,
        q1_0.vehicle_year 
    from
        quotes q1_0 
    where
        q1_0.id=?
2025-08-14 22:47:51 - 
    insert 
    into
        quotes
        (coverage_amount, created_at, deductible, monthly_premium, premium, primary_driver_license, primary_driver_name, valid_until, vehicle_current_value, vehicle_make, vehicle_model, vehicle_vin, vehicle_year, id) 
    values
        (?, ?, ?, ?, ?, ?, ?, ?, ?, ?, ?, ?, ?, ?)
2025-08-14 22:47:51 - Using 'application/json', given [*/*] and supported [application/json]
2025-08-14 22:47:51 - Writing [com.autoinsurance.quote.dto.QuoteResponseDto@730b8ee0]
2025-08-14 22:47:51 - Set SecurityContextHolder to anonymous SecurityContext
2025-08-14 22:47:51 - Securing POST /api/v1/quotes
2025-08-14 22:47:51 - Secured POST /api/v1/quotes
2025-08-14 22:47:51 - Mapped to com.autoinsurance.quote.controller.QuoteController#createQuote(QuoteRequestDto)
2025-08-14 22:47:51 - Read "application/json;charset=UTF-8" to [com.autoinsurance.quote.dto.QuoteRequestDto@100cbf8a]
2025-08-14 22:47:51 - 
    select
        q1_0.id,
        q1_0.coverage_amount,
        q1_0.created_at,
        q1_0.deductible,
        q1_0.monthly_premium,
        q1_0.premium,
        q1_0.primary_driver_license,
        q1_0.primary_driver_name,
        q1_0.valid_until,
        q1_0.vehicle_current_value,
        q1_0.vehicle_make,
        q1_0.vehicle_model,
        q1_0.vehicle_vin,
        q1_0.vehicle_year 
    from
        quotes q1_0 
    where
        q1_0.id=?
2025-08-14 22:47:51 - 
    insert 
    into
        quotes
        (coverage_amount, created_at, deductible, monthly_premium, premium, primary_driver_license, primary_driver_name, valid_until, vehicle_current_value, vehicle_make, vehicle_model, vehicle_vin, vehicle_year, id) 
    values
        (?, ?, ?, ?, ?, ?, ?, ?, ?, ?, ?, ?, ?, ?)
2025-08-14 22:47:51 - Using 'application/json', given [*/*] and supported [application/json]
2025-08-14 22:47:51 - Writing [com.autoinsurance.quote.dto.QuoteResponseDto@534f370a]
2025-08-14 22:47:51 - Set SecurityContextHolder to anonymous SecurityContext
2025-08-14 22:47:51 - Securing POST /api/v1/quotes
2025-08-14 22:47:51 - Secured POST /api/v1/quotes
2025-08-14 22:47:51 - Mapped to com.autoinsurance.quote.controller.QuoteController#createQuote(QuoteRequestDto)
2025-08-14 22:47:51 - Read "application/json;charset=UTF-8" to [com.autoinsurance.quote.dto.QuoteRequestDto@4e063436]
2025-08-14 22:47:51 - 
    select
        q1_0.id,
        q1_0.coverage_amount,
        q1_0.created_at,
        q1_0.deductible,
        q1_0.monthly_premium,
        q1_0.premium,
        q1_0.primary_driver_license,
        q1_0.primary_driver_name,
        q1_0.valid_until,
        q1_0.vehicle_current_value,
        q1_0.vehicle_make,
        q1_0.vehicle_model,
        q1_0.vehicle_vin,
        q1_0.vehicle_year 
    from
        quotes q1_0 
    where
        q1_0.id=?
2025-08-14 22:47:51 - 
    insert 
    into
        quotes
        (coverage_amount, created_at, deductible, monthly_premium, premium, primary_driver_license, primary_driver_name, valid_until, vehicle_current_value, vehicle_make, vehicle_model, vehicle_vin, vehicle_year, id) 
    values
        (?, ?, ?, ?, ?, ?, ?, ?, ?, ?, ?, ?, ?, ?)
2025-08-14 22:47:51 - Using 'application/json', given [*/*] and supported [application/json]
2025-08-14 22:47:51 - Writing [com.autoinsurance.quote.dto.QuoteResponseDto@c4c7b0b]
2025-08-14 22:47:51 - Set SecurityContextHolder to anonymous SecurityContext
2025-08-14 22:47:51 - Securing POST /api/v1/quotes
2025-08-14 22:47:51 - Secured POST /api/v1/quotes
2025-08-14 22:47:51 - Mapped to com.autoinsurance.quote.controller.QuoteController#createQuote(QuoteRequestDto)
2025-08-14 22:47:51 - Read "application/json;charset=UTF-8" to [com.autoinsurance.quote.dto.QuoteRequestDto@76721920]
2025-08-14 22:47:51 - 
    select
        q1_0.id,
        q1_0.coverage_amount,
        q1_0.created_at,
        q1_0.deductible,
        q1_0.monthly_premium,
        q1_0.premium,
        q1_0.primary_driver_license,
        q1_0.primary_driver_name,
        q1_0.valid_until,
        q1_0.vehicle_current_value,
        q1_0.vehicle_make,
        q1_0.vehicle_model,
        q1_0.vehicle_vin,
        q1_0.vehicle_year 
    from
        quotes q1_0 
    where
        q1_0.id=?
2025-08-14 22:47:51 - 
    insert 
    into
        quotes
        (coverage_amount, created_at, deductible, monthly_premium, premium, primary_driver_license, primary_driver_name, valid_until, vehicle_current_value, vehicle_make, vehicle_model, vehicle_vin, vehicle_year, id) 
    values
        (?, ?, ?, ?, ?, ?, ?, ?, ?, ?, ?, ?, ?, ?)
2025-08-14 22:47:51 - Using 'application/json', given [*/*] and supported [application/json]
2025-08-14 22:47:51 - Writing [com.autoinsurance.quote.dto.QuoteResponseDto@3d19d008]
2025-08-14 22:47:51 - Set SecurityContextHolder to anonymous SecurityContext
2025-08-14 22:47:51 - Securing POST /api/v1/quotes
2025-08-14 22:47:51 - Secured POST /api/v1/quotes
2025-08-14 22:47:51 - Mapped to com.autoinsurance.quote.controller.QuoteController#createQuote(QuoteRequestDto)
2025-08-14 22:47:51 - Read "application/json;charset=UTF-8" to [com.autoinsurance.quote.dto.QuoteRequestDto@341f4db5]
2025-08-14 22:47:51 - 
    select
        q1_0.id,
        q1_0.coverage_amount,
        q1_0.created_at,
        q1_0.deductible,
        q1_0.monthly_premium,
        q1_0.premium,
        q1_0.primary_driver_license,
        q1_0.primary_driver_name,
        q1_0.valid_until,
        q1_0.vehicle_current_value,
        q1_0.vehicle_make,
        q1_0.vehicle_model,
        q1_0.vehicle_vin,
        q1_0.vehicle_year 
    from
        quotes q1_0 
    where
        q1_0.id=?
2025-08-14 22:47:51 - 
    insert 
    into
        quotes
        (coverage_amount, created_at, deductible, monthly_premium, premium, primary_driver_license, primary_driver_name, valid_until, vehicle_current_value, vehicle_make, vehicle_model, vehicle_vin, vehicle_year, id) 
    values
        (?, ?, ?, ?, ?, ?, ?, ?, ?, ?, ?, ?, ?, ?)
2025-08-14 22:47:51 - Using 'application/json', given [*/*] and supported [application/json]
2025-08-14 22:47:51 - Writing [com.autoinsurance.quote.dto.QuoteResponseDto@4b8ec840]
2025-08-14 22:47:51 - Set SecurityContextHolder to anonymous SecurityContext
2025-08-14 22:47:51 - Securing POST /api/v1/quotes
2025-08-14 22:47:51 - Secured POST /api/v1/quotes
2025-08-14 22:47:51 - Mapped to com.autoinsurance.quote.controller.QuoteController#createQuote(QuoteRequestDto)
2025-08-14 22:47:51 - Read "application/json;charset=UTF-8" to [com.autoinsurance.quote.dto.QuoteRequestDto@1d087e39]
2025-08-14 22:47:51 - 
    select
        q1_0.id,
        q1_0.coverage_amount,
        q1_0.created_at,
        q1_0.deductible,
        q1_0.monthly_premium,
        q1_0.premium,
        q1_0.primary_driver_license,
        q1_0.primary_driver_name,
        q1_0.valid_until,
        q1_0.vehicle_current_value,
        q1_0.vehicle_make,
        q1_0.vehicle_model,
        q1_0.vehicle_vin,
        q1_0.vehicle_year 
    from
        quotes q1_0 
    where
        q1_0.id=?
2025-08-14 22:47:51 - 
    insert 
    into
        quotes
        (coverage_amount, created_at, deductible, monthly_premium, premium, primary_driver_license, primary_driver_name, valid_until, vehicle_current_value, vehicle_make, vehicle_model, vehicle_vin, vehicle_year, id) 
    values
        (?, ?, ?, ?, ?, ?, ?, ?, ?, ?, ?, ?, ?, ?)
2025-08-14 22:47:51 - Using 'application/json', given [*/*] and supported [application/json]
2025-08-14 22:47:51 - Writing [com.autoinsurance.quote.dto.QuoteResponseDto@4d634606]
2025-08-14 22:47:51 - Set SecurityContextHolder to anonymous SecurityContext
2025-08-14 22:47:51 - Securing POST /api/v1/quotes
2025-08-14 22:47:51 - Secured POST /api/v1/quotes
2025-08-14 22:47:51 - Mapped to com.autoinsurance.quote.controller.QuoteController#createQuote(QuoteRequestDto)
2025-08-14 22:47:51 - Read "application/json;charset=UTF-8" to [com.autoinsurance.quote.dto.QuoteRequestDto@133c63a8]
2025-08-14 22:47:51 - 
    select
        q1_0.id,
        q1_0.coverage_amount,
        q1_0.created_at,
        q1_0.deductible,
        q1_0.monthly_premium,
        q1_0.premium,
        q1_0.primary_driver_license,
        q1_0.primary_driver_name,
        q1_0.valid_until,
        q1_0.vehicle_current_value,
        q1_0.vehicle_make,
        q1_0.vehicle_model,
        q1_0.vehicle_vin,
        q1_0.vehicle_year 
    from
        quotes q1_0 
    where
        q1_0.id=?
2025-08-14 22:47:51 - 
    insert 
    into
        quotes
        (coverage_amount, created_at, deductible, monthly_premium, premium, primary_driver_license, primary_driver_name, valid_until, vehicle_current_value, vehicle_make, vehicle_model, vehicle_vin, vehicle_year, id) 
    values
        (?, ?, ?, ?, ?, ?, ?, ?, ?, ?, ?, ?, ?, ?)
2025-08-14 22:47:51 - Using 'application/json', given [*/*] and supported [application/json]
2025-08-14 22:47:51 - Writing [com.autoinsurance.quote.dto.QuoteResponseDto@f4f1502]
2025-08-14 22:47:51 - Set SecurityContextHolder to anonymous SecurityContext
2025-08-14 22:47:52 - Securing POST /api/v1/quotes
2025-08-14 22:47:52 - Secured POST /api/v1/quotes
2025-08-14 22:47:52 - Mapped to com.autoinsurance.quote.controller.QuoteController#createQuote(QuoteRequestDto)
2025-08-14 22:47:52 - Read "application/json;charset=UTF-8" to [com.autoinsurance.quote.dto.QuoteRequestDto@8af326]
2025-08-14 22:47:52 - 
    select
        q1_0.id,
        q1_0.coverage_amount,
        q1_0.created_at,
        q1_0.deductible,
        q1_0.monthly_premium,
        q1_0.premium,
        q1_0.primary_driver_license,
        q1_0.primary_driver_name,
        q1_0.valid_until,
        q1_0.vehicle_current_value,
        q1_0.vehicle_make,
        q1_0.vehicle_model,
        q1_0.vehicle_vin,
        q1_0.vehicle_year 
    from
        quotes q1_0 
    where
        q1_0.id=?
2025-08-14 22:47:52 - 
    insert 
    into
        quotes
        (coverage_amount, created_at, deductible, monthly_premium, premium, primary_driver_license, primary_driver_name, valid_until, vehicle_current_value, vehicle_make, vehicle_model, vehicle_vin, vehicle_year, id) 
    values
        (?, ?, ?, ?, ?, ?, ?, ?, ?, ?, ?, ?, ?, ?)
2025-08-14 22:47:52 - Using 'application/json', given [*/*] and supported [application/json]
2025-08-14 22:47:52 - Writing [com.autoinsurance.quote.dto.QuoteResponseDto@37412d97]
2025-08-14 22:47:52 - Set SecurityContextHolder to anonymous SecurityContext
2025-08-14 22:47:52 - Securing POST /api/v1/quotes
2025-08-14 22:47:52 - Secured POST /api/v1/quotes
2025-08-14 22:47:52 - Mapped to com.autoinsurance.quote.controller.QuoteController#createQuote(QuoteRequestDto)
2025-08-14 22:47:52 - Read "application/json;charset=UTF-8" to [com.autoinsurance.quote.dto.QuoteRequestDto@1aaffd16]
2025-08-14 22:47:52 - 
    select
        q1_0.id,
        q1_0.coverage_amount,
        q1_0.created_at,
        q1_0.deductible,
        q1_0.monthly_premium,
        q1_0.premium,
        q1_0.primary_driver_license,
        q1_0.primary_driver_name,
        q1_0.valid_until,
        q1_0.vehicle_current_value,
        q1_0.vehicle_make,
        q1_0.vehicle_model,
        q1_0.vehicle_vin,
        q1_0.vehicle_year 
    from
        quotes q1_0 
    where
        q1_0.id=?
2025-08-14 22:47:52 - 
    insert 
    into
        quotes
        (coverage_amount, created_at, deductible, monthly_premium, premium, primary_driver_license, primary_driver_name, valid_until, vehicle_current_value, vehicle_make, vehicle_model, vehicle_vin, vehicle_year, id) 
    values
        (?, ?, ?, ?, ?, ?, ?, ?, ?, ?, ?, ?, ?, ?)
2025-08-14 22:47:52 - Using 'application/json', given [*/*] and supported [application/json]
2025-08-14 22:47:52 - Writing [com.autoinsurance.quote.dto.QuoteResponseDto@5e521a8f]
2025-08-14 22:47:52 - Set SecurityContextHolder to anonymous SecurityContext
2025-08-14 22:47:52 - Securing POST /api/v1/quotes
2025-08-14 22:47:52 - Secured POST /api/v1/quotes
2025-08-14 22:47:52 - Mapped to com.autoinsurance.quote.controller.QuoteController#createQuote(QuoteRequestDto)
2025-08-14 22:47:52 - Read "application/json;charset=UTF-8" to [com.autoinsurance.quote.dto.QuoteRequestDto@4bf63ed6]
2025-08-14 22:47:52 - 
    select
        q1_0.id,
        q1_0.coverage_amount,
        q1_0.created_at,
        q1_0.deductible,
        q1_0.monthly_premium,
        q1_0.premium,
        q1_0.primary_driver_license,
        q1_0.primary_driver_name,
        q1_0.valid_until,
        q1_0.vehicle_current_value,
        q1_0.vehicle_make,
        q1_0.vehicle_model,
        q1_0.vehicle_vin,
        q1_0.vehicle_year 
    from
        quotes q1_0 
    where
        q1_0.id=?
2025-08-14 22:47:52 - 
    insert 
    into
        quotes
        (coverage_amount, created_at, deductible, monthly_premium, premium, primary_driver_license, primary_driver_name, valid_until, vehicle_current_value, vehicle_make, vehicle_model, vehicle_vin, vehicle_year, id) 
    values
        (?, ?, ?, ?, ?, ?, ?, ?, ?, ?, ?, ?, ?, ?)
2025-08-14 22:47:52 - Using 'application/json', given [*/*] and supported [application/json]
2025-08-14 22:47:52 - Writing [com.autoinsurance.quote.dto.QuoteResponseDto@12caa405]
2025-08-14 22:47:52 - Set SecurityContextHolder to anonymous SecurityContext
2025-08-14 22:47:52 - Securing POST /api/v1/quotes
2025-08-14 22:47:52 - Secured POST /api/v1/quotes
2025-08-14 22:47:52 - Mapped to com.autoinsurance.quote.controller.QuoteController#createQuote(QuoteRequestDto)
2025-08-14 22:47:52 - Read "application/json;charset=UTF-8" to [com.autoinsurance.quote.dto.QuoteRequestDto@6b0a8c2e]
2025-08-14 22:47:52 - 
    select
        q1_0.id,
        q1_0.coverage_amount,
        q1_0.created_at,
        q1_0.deductible,
        q1_0.monthly_premium,
        q1_0.premium,
        q1_0.primary_driver_license,
        q1_0.primary_driver_name,
        q1_0.valid_until,
        q1_0.vehicle_current_value,
        q1_0.vehicle_make,
        q1_0.vehicle_model,
        q1_0.vehicle_vin,
        q1_0.vehicle_year 
    from
        quotes q1_0 
    where
        q1_0.id=?
2025-08-14 22:47:52 - 
    insert 
    into
        quotes
        (coverage_amount, created_at, deductible, monthly_premium, premium, primary_driver_license, primary_driver_name, valid_until, vehicle_current_value, vehicle_make, vehicle_model, vehicle_vin, vehicle_year, id) 
    values
        (?, ?, ?, ?, ?, ?, ?, ?, ?, ?, ?, ?, ?, ?)
2025-08-14 22:47:52 - Using 'application/json', given [*/*] and supported [application/json]
2025-08-14 22:47:52 - Writing [com.autoinsurance.quote.dto.QuoteResponseDto@5281d06d]
2025-08-14 22:47:52 - Set SecurityContextHolder to anonymous SecurityContext
2025-08-14 22:47:52 - Securing POST /api/v1/quotes
2025-08-14 22:47:52 - Secured POST /api/v1/quotes
2025-08-14 22:47:52 - Mapped to com.autoinsurance.quote.controller.QuoteController#createQuote(QuoteRequestDto)
2025-08-14 22:47:52 - Read "application/json;charset=UTF-8" to [com.autoinsurance.quote.dto.QuoteRequestDto@4dd8ecfa]
2025-08-14 22:47:52 - 
    select
        q1_0.id,
        q1_0.coverage_amount,
        q1_0.created_at,
        q1_0.deductible,
        q1_0.monthly_premium,
        q1_0.premium,
        q1_0.primary_driver_license,
        q1_0.primary_driver_name,
        q1_0.valid_until,
        q1_0.vehicle_current_value,
        q1_0.vehicle_make,
        q1_0.vehicle_model,
        q1_0.vehicle_vin,
        q1_0.vehicle_year 
    from
        quotes q1_0 
    where
        q1_0.id=?
2025-08-14 22:47:52 - 
    insert 
    into
        quotes
        (coverage_amount, created_at, deductible, monthly_premium, premium, primary_driver_license, primary_driver_name, valid_until, vehicle_current_value, vehicle_make, vehicle_model, vehicle_vin, vehicle_year, id) 
    values
        (?, ?, ?, ?, ?, ?, ?, ?, ?, ?, ?, ?, ?, ?)
2025-08-14 22:47:52 - Using 'application/json', given [*/*] and supported [application/json]
2025-08-14 22:47:52 - Writing [com.autoinsurance.quote.dto.QuoteResponseDto@6cee2471]
2025-08-14 22:47:52 - Set SecurityContextHolder to anonymous SecurityContext
2025-08-14 22:47:52 - Securing POST /api/v1/quotes
2025-08-14 22:47:52 - Secured POST /api/v1/quotes
2025-08-14 22:47:52 - Mapped to com.autoinsurance.quote.controller.QuoteController#createQuote(QuoteRequestDto)
2025-08-14 22:47:52 - Read "application/json;charset=UTF-8" to [com.autoinsurance.quote.dto.QuoteRequestDto@25d449c0]
2025-08-14 22:47:52 - 
    select
        q1_0.id,
        q1_0.coverage_amount,
        q1_0.created_at,
        q1_0.deductible,
        q1_0.monthly_premium,
        q1_0.premium,
        q1_0.primary_driver_license,
        q1_0.primary_driver_name,
        q1_0.valid_until,
        q1_0.vehicle_current_value,
        q1_0.vehicle_make,
        q1_0.vehicle_model,
        q1_0.vehicle_vin,
        q1_0.vehicle_year 
    from
        quotes q1_0 
    where
        q1_0.id=?
2025-08-14 22:47:52 - 
    insert 
    into
        quotes
        (coverage_amount, created_at, deductible, monthly_premium, premium, primary_driver_license, primary_driver_name, valid_until, vehicle_current_value, vehicle_make, vehicle_model, vehicle_vin, vehicle_year, id) 
    values
        (?, ?, ?, ?, ?, ?, ?, ?, ?, ?, ?, ?, ?, ?)
2025-08-14 22:47:52 - Using 'application/json', given [*/*] and supported [application/json]
2025-08-14 22:47:52 - Writing [com.autoinsurance.quote.dto.QuoteResponseDto@14d829b9]
2025-08-14 22:47:52 - Set SecurityContextHolder to anonymous SecurityContext
2025-08-14 22:47:52 - Securing POST /api/v1/quotes
2025-08-14 22:47:52 - Secured POST /api/v1/quotes
2025-08-14 22:47:52 - Mapped to com.autoinsurance.quote.controller.QuoteController#createQuote(QuoteRequestDto)
2025-08-14 22:47:52 - Read "application/json;charset=UTF-8" to [com.autoinsurance.quote.dto.QuoteRequestDto@57308275]
2025-08-14 22:47:52 - 
    select
        q1_0.id,
        q1_0.coverage_amount,
        q1_0.created_at,
        q1_0.deductible,
        q1_0.monthly_premium,
        q1_0.premium,
        q1_0.primary_driver_license,
        q1_0.primary_driver_name,
        q1_0.valid_until,
        q1_0.vehicle_current_value,
        q1_0.vehicle_make,
        q1_0.vehicle_model,
        q1_0.vehicle_vin,
        q1_0.vehicle_year 
    from
        quotes q1_0 
    where
        q1_0.id=?
2025-08-14 22:47:52 - 
    insert 
    into
        quotes
        (coverage_amount, created_at, deductible, monthly_premium, premium, primary_driver_license, primary_driver_name, valid_until, vehicle_current_value, vehicle_make, vehicle_model, vehicle_vin, vehicle_year, id) 
    values
        (?, ?, ?, ?, ?, ?, ?, ?, ?, ?, ?, ?, ?, ?)
2025-08-14 22:47:52 - Using 'application/json', given [*/*] and supported [application/json]
2025-08-14 22:47:52 - Writing [com.autoinsurance.quote.dto.QuoteResponseDto@4af09e68]
2025-08-14 22:47:52 - Set SecurityContextHolder to anonymous SecurityContext
2025-08-14 22:47:52 - Securing POST /api/v1/quotes
2025-08-14 22:47:52 - Secured POST /api/v1/quotes
2025-08-14 22:47:52 - Mapped to com.autoinsurance.quote.controller.QuoteController#createQuote(QuoteRequestDto)
2025-08-14 22:47:52 - Read "application/json;charset=UTF-8" to [com.autoinsurance.quote.dto.QuoteRequestDto@1f5a7d46]
2025-08-14 22:47:52 - 
    select
        q1_0.id,
        q1_0.coverage_amount,
        q1_0.created_at,
        q1_0.deductible,
        q1_0.monthly_premium,
        q1_0.premium,
        q1_0.primary_driver_license,
        q1_0.primary_driver_name,
        q1_0.valid_until,
        q1_0.vehicle_current_value,
        q1_0.vehicle_make,
        q1_0.vehicle_model,
        q1_0.vehicle_vin,
        q1_0.vehicle_year 
    from
        quotes q1_0 
    where
        q1_0.id=?
2025-08-14 22:47:52 - 
    insert 
    into
        quotes
        (coverage_amount, created_at, deductible, monthly_premium, premium, primary_driver_license, primary_driver_name, valid_until, vehicle_current_value, vehicle_make, vehicle_model, vehicle_vin, vehicle_year, id) 
    values
        (?, ?, ?, ?, ?, ?, ?, ?, ?, ?, ?, ?, ?, ?)
2025-08-14 22:47:52 - Using 'application/json', given [*/*] and supported [application/json]
2025-08-14 22:47:52 - Writing [com.autoinsurance.quote.dto.QuoteResponseDto@1cb5f8b6]
2025-08-14 22:47:52 - Set SecurityContextHolder to anonymous SecurityContext
2025-08-14 22:47:52 - Securing POST /api/v1/quotes
2025-08-14 22:47:52 - Secured POST /api/v1/quotes
2025-08-14 22:47:52 - Mapped to com.autoinsurance.quote.controller.QuoteController#createQuote(QuoteRequestDto)
2025-08-14 22:47:52 - Read "application/json;charset=UTF-8" to [com.autoinsurance.quote.dto.QuoteRequestDto@1dc3370c]
2025-08-14 22:47:52 - 
    select
        q1_0.id,
        q1_0.coverage_amount,
        q1_0.created_at,
        q1_0.deductible,
        q1_0.monthly_premium,
        q1_0.premium,
        q1_0.primary_driver_license,
        q1_0.primary_driver_name,
        q1_0.valid_until,
        q1_0.vehicle_current_value,
        q1_0.vehicle_make,
        q1_0.vehicle_model,
        q1_0.vehicle_vin,
        q1_0.vehicle_year 
    from
        quotes q1_0 
    where
        q1_0.id=?
2025-08-14 22:47:52 - 
    insert 
    into
        quotes
        (coverage_amount, created_at, deductible, monthly_premium, premium, primary_driver_license, primary_driver_name, valid_until, vehicle_current_value, vehicle_make, vehicle_model, vehicle_vin, vehicle_year, id) 
    values
        (?, ?, ?, ?, ?, ?, ?, ?, ?, ?, ?, ?, ?, ?)
2025-08-14 22:47:52 - Using 'application/json', given [*/*] and supported [application/json]
2025-08-14 22:47:52 - Writing [com.autoinsurance.quote.dto.QuoteResponseDto@28128180]
2025-08-14 22:47:52 - Set SecurityContextHolder to anonymous SecurityContext
2025-08-14 22:47:52 - Securing POST /api/v1/quotes
2025-08-14 22:47:52 - Secured POST /api/v1/quotes
2025-08-14 22:47:52 - Mapped to com.autoinsurance.quote.controller.QuoteController#createQuote(QuoteRequestDto)
2025-08-14 22:47:52 - Read "application/json;charset=UTF-8" to [com.autoinsurance.quote.dto.QuoteRequestDto@1b432b1a]
2025-08-14 22:47:52 - 
    select
        q1_0.id,
        q1_0.coverage_amount,
        q1_0.created_at,
        q1_0.deductible,
        q1_0.monthly_premium,
        q1_0.premium,
        q1_0.primary_driver_license,
        q1_0.primary_driver_name,
        q1_0.valid_until,
        q1_0.vehicle_current_value,
        q1_0.vehicle_make,
        q1_0.vehicle_model,
        q1_0.vehicle_vin,
        q1_0.vehicle_year 
    from
        quotes q1_0 
    where
        q1_0.id=?
2025-08-14 22:47:52 - 
    insert 
    into
        quotes
        (coverage_amount, created_at, deductible, monthly_premium, premium, primary_driver_license, primary_driver_name, valid_until, vehicle_current_value, vehicle_make, vehicle_model, vehicle_vin, vehicle_year, id) 
    values
        (?, ?, ?, ?, ?, ?, ?, ?, ?, ?, ?, ?, ?, ?)
2025-08-14 22:47:52 - Using 'application/json', given [*/*] and supported [application/json]
2025-08-14 22:47:52 - Writing [com.autoinsurance.quote.dto.QuoteResponseDto@544faadd]
2025-08-14 22:47:52 - Set SecurityContextHolder to anonymous SecurityContext
2025-08-14 22:47:53 - Securing POST /api/v1/quotes
2025-08-14 22:47:53 - Secured POST /api/v1/quotes
2025-08-14 22:47:53 - Mapped to com.autoinsurance.quote.controller.QuoteController#createQuote(QuoteRequestDto)
2025-08-14 22:47:53 - Read "application/json;charset=UTF-8" to [com.autoinsurance.quote.dto.QuoteRequestDto@69c006a4]
2025-08-14 22:47:53 - 
    select
        q1_0.id,
        q1_0.coverage_amount,
        q1_0.created_at,
        q1_0.deductible,
        q1_0.monthly_premium,
        q1_0.premium,
        q1_0.primary_driver_license,
        q1_0.primary_driver_name,
        q1_0.valid_until,
        q1_0.vehicle_current_value,
        q1_0.vehicle_make,
        q1_0.vehicle_model,
        q1_0.vehicle_vin,
        q1_0.vehicle_year 
    from
        quotes q1_0 
    where
        q1_0.id=?
2025-08-14 22:47:53 - 
    insert 
    into
        quotes
        (coverage_amount, created_at, deductible, monthly_premium, premium, primary_driver_license, primary_driver_name, valid_until, vehicle_current_value, vehicle_make, vehicle_model, vehicle_vin, vehicle_year, id) 
    values
        (?, ?, ?, ?, ?, ?, ?, ?, ?, ?, ?, ?, ?, ?)
2025-08-14 22:47:53 - Using 'application/json', given [*/*] and supported [application/json]
2025-08-14 22:47:53 - Writing [com.autoinsurance.quote.dto.QuoteResponseDto@233ddac4]
2025-08-14 22:47:53 - Set SecurityContextHolder to anonymous SecurityContext
2025-08-14 22:47:53 - Securing POST /api/v1/quotes
2025-08-14 22:47:53 - Secured POST /api/v1/quotes
2025-08-14 22:47:53 - Mapped to com.autoinsurance.quote.controller.QuoteController#createQuote(QuoteRequestDto)
2025-08-14 22:47:53 - Read "application/json;charset=UTF-8" to [com.autoinsurance.quote.dto.QuoteRequestDto@7a533849]
2025-08-14 22:47:53 - 
    select
        q1_0.id,
        q1_0.coverage_amount,
        q1_0.created_at,
        q1_0.deductible,
        q1_0.monthly_premium,
        q1_0.premium,
        q1_0.primary_driver_license,
        q1_0.primary_driver_name,
        q1_0.valid_until,
        q1_0.vehicle_current_value,
        q1_0.vehicle_make,
        q1_0.vehicle_model,
        q1_0.vehicle_vin,
        q1_0.vehicle_year 
    from
        quotes q1_0 
    where
        q1_0.id=?
2025-08-14 22:47:53 - 
    insert 
    into
        quotes
        (coverage_amount, created_at, deductible, monthly_premium, premium, primary_driver_license, primary_driver_name, valid_until, vehicle_current_value, vehicle_make, vehicle_model, vehicle_vin, vehicle_year, id) 
    values
        (?, ?, ?, ?, ?, ?, ?, ?, ?, ?, ?, ?, ?, ?)
2025-08-14 22:47:53 - Using 'application/json', given [*/*] and supported [application/json]
2025-08-14 22:47:53 - Writing [com.autoinsurance.quote.dto.QuoteResponseDto@3976904f]
2025-08-14 22:47:53 - Set SecurityContextHolder to anonymous SecurityContext
2025-08-14 22:47:53 - Securing POST /api/v1/quotes
2025-08-14 22:47:53 - Secured POST /api/v1/quotes
2025-08-14 22:47:53 - Mapped to com.autoinsurance.quote.controller.QuoteController#createQuote(QuoteRequestDto)
2025-08-14 22:47:53 - Read "application/json;charset=UTF-8" to [com.autoinsurance.quote.dto.QuoteRequestDto@45f0f410]
2025-08-14 22:47:53 - 
    select
        q1_0.id,
        q1_0.coverage_amount,
        q1_0.created_at,
        q1_0.deductible,
        q1_0.monthly_premium,
        q1_0.premium,
        q1_0.primary_driver_license,
        q1_0.primary_driver_name,
        q1_0.valid_until,
        q1_0.vehicle_current_value,
        q1_0.vehicle_make,
        q1_0.vehicle_model,
        q1_0.vehicle_vin,
        q1_0.vehicle_year 
    from
        quotes q1_0 
    where
        q1_0.id=?
2025-08-14 22:47:53 - 
    insert 
    into
        quotes
        (coverage_amount, created_at, deductible, monthly_premium, premium, primary_driver_license, primary_driver_name, valid_until, vehicle_current_value, vehicle_make, vehicle_model, vehicle_vin, vehicle_year, id) 
    values
        (?, ?, ?, ?, ?, ?, ?, ?, ?, ?, ?, ?, ?, ?)
2025-08-14 22:47:53 - Using 'application/json', given [*/*] and supported [application/json]
2025-08-14 22:47:53 - Writing [com.autoinsurance.quote.dto.QuoteResponseDto@19c4420a]
2025-08-14 22:47:53 - Set SecurityContextHolder to anonymous SecurityContext
2025-08-14 22:47:53 - Securing POST /api/v1/quotes
2025-08-14 22:47:53 - Secured POST /api/v1/quotes
2025-08-14 22:47:53 - Mapped to com.autoinsurance.quote.controller.QuoteController#createQuote(QuoteRequestDto)
2025-08-14 22:47:53 - Read "application/json;charset=UTF-8" to [com.autoinsurance.quote.dto.QuoteRequestDto@70da5399]
2025-08-14 22:47:53 - 
    select
        q1_0.id,
        q1_0.coverage_amount,
        q1_0.created_at,
        q1_0.deductible,
        q1_0.monthly_premium,
        q1_0.premium,
        q1_0.primary_driver_license,
        q1_0.primary_driver_name,
        q1_0.valid_until,
        q1_0.vehicle_current_value,
        q1_0.vehicle_make,
        q1_0.vehicle_model,
        q1_0.vehicle_vin,
        q1_0.vehicle_year 
    from
        quotes q1_0 
    where
        q1_0.id=?
2025-08-14 22:47:53 - 
    insert 
    into
        quotes
        (coverage_amount, created_at, deductible, monthly_premium, premium, primary_driver_license, primary_driver_name, valid_until, vehicle_current_value, vehicle_make, vehicle_model, vehicle_vin, vehicle_year, id) 
    values
        (?, ?, ?, ?, ?, ?, ?, ?, ?, ?, ?, ?, ?, ?)
2025-08-14 22:47:53 - Using 'application/json', given [*/*] and supported [application/json]
2025-08-14 22:47:53 - Writing [com.autoinsurance.quote.dto.QuoteResponseDto@46bae269]
2025-08-14 22:47:53 - Set SecurityContextHolder to anonymous SecurityContext
2025-08-14 22:47:53 - Securing POST /api/v1/quotes
2025-08-14 22:47:53 - Secured POST /api/v1/quotes
2025-08-14 22:47:53 - Mapped to com.autoinsurance.quote.controller.QuoteController#createQuote(QuoteRequestDto)
2025-08-14 22:47:53 - Read "application/json;charset=UTF-8" to [com.autoinsurance.quote.dto.QuoteRequestDto@64697747]
2025-08-14 22:47:53 - 
    select
        q1_0.id,
        q1_0.coverage_amount,
        q1_0.created_at,
        q1_0.deductible,
        q1_0.monthly_premium,
        q1_0.premium,
        q1_0.primary_driver_license,
        q1_0.primary_driver_name,
        q1_0.valid_until,
        q1_0.vehicle_current_value,
        q1_0.vehicle_make,
        q1_0.vehicle_model,
        q1_0.vehicle_vin,
        q1_0.vehicle_year 
    from
        quotes q1_0 
    where
        q1_0.id=?
2025-08-14 22:47:53 - 
    insert 
    into
        quotes
        (coverage_amount, created_at, deductible, monthly_premium, premium, primary_driver_license, primary_driver_name, valid_until, vehicle_current_value, vehicle_make, vehicle_model, vehicle_vin, vehicle_year, id) 
    values
        (?, ?, ?, ?, ?, ?, ?, ?, ?, ?, ?, ?, ?, ?)
2025-08-14 22:47:53 - Using 'application/json', given [*/*] and supported [application/json]
2025-08-14 22:47:53 - Writing [com.autoinsurance.quote.dto.QuoteResponseDto@14654665]
2025-08-14 22:47:53 - Set SecurityContextHolder to anonymous SecurityContext
2025-08-14 22:47:53 - Securing POST /api/v1/quotes
2025-08-14 22:47:53 - Secured POST /api/v1/quotes
2025-08-14 22:47:53 - Mapped to com.autoinsurance.quote.controller.QuoteController#createQuote(QuoteRequestDto)
2025-08-14 22:47:53 - Read "application/json;charset=UTF-8" to [com.autoinsurance.quote.dto.QuoteRequestDto@7b980256]
2025-08-14 22:47:53 - 
    select
        q1_0.id,
        q1_0.coverage_amount,
        q1_0.created_at,
        q1_0.deductible,
        q1_0.monthly_premium,
        q1_0.premium,
        q1_0.primary_driver_license,
        q1_0.primary_driver_name,
        q1_0.valid_until,
        q1_0.vehicle_current_value,
        q1_0.vehicle_make,
        q1_0.vehicle_model,
        q1_0.vehicle_vin,
        q1_0.vehicle_year 
    from
        quotes q1_0 
    where
        q1_0.id=?
2025-08-14 22:47:53 - 
    insert 
    into
        quotes
        (coverage_amount, created_at, deductible, monthly_premium, premium, primary_driver_license, primary_driver_name, valid_until, vehicle_current_value, vehicle_make, vehicle_model, vehicle_vin, vehicle_year, id) 
    values
        (?, ?, ?, ?, ?, ?, ?, ?, ?, ?, ?, ?, ?, ?)
2025-08-14 22:47:53 - Using 'application/json', given [*/*] and supported [application/json]
2025-08-14 22:47:53 - Writing [com.autoinsurance.quote.dto.QuoteResponseDto@30afa409]
2025-08-14 22:47:53 - Set SecurityContextHolder to anonymous SecurityContext
2025-08-14 22:47:53 - Securing POST /api/v1/quotes
2025-08-14 22:47:53 - Secured POST /api/v1/quotes
2025-08-14 22:47:53 - Mapped to com.autoinsurance.quote.controller.QuoteController#createQuote(QuoteRequestDto)
2025-08-14 22:47:53 - Read "application/json;charset=UTF-8" to [com.autoinsurance.quote.dto.QuoteRequestDto@76e5e2e1]
2025-08-14 22:47:53 - 
    select
        q1_0.id,
        q1_0.coverage_amount,
        q1_0.created_at,
        q1_0.deductible,
        q1_0.monthly_premium,
        q1_0.premium,
        q1_0.primary_driver_license,
        q1_0.primary_driver_name,
        q1_0.valid_until,
        q1_0.vehicle_current_value,
        q1_0.vehicle_make,
        q1_0.vehicle_model,
        q1_0.vehicle_vin,
        q1_0.vehicle_year 
    from
        quotes q1_0 
    where
        q1_0.id=?
2025-08-14 22:47:53 - 
    insert 
    into
        quotes
        (coverage_amount, created_at, deductible, monthly_premium, premium, primary_driver_license, primary_driver_name, valid_until, vehicle_current_value, vehicle_make, vehicle_model, vehicle_vin, vehicle_year, id) 
    values
        (?, ?, ?, ?, ?, ?, ?, ?, ?, ?, ?, ?, ?, ?)
2025-08-14 22:47:53 - Using 'application/json', given [*/*] and supported [application/json]
2025-08-14 22:47:53 - Writing [com.autoinsurance.quote.dto.QuoteResponseDto@327b64e]
2025-08-14 22:47:53 - Set SecurityContextHolder to anonymous SecurityContext
2025-08-14 22:47:53 - Securing POST /api/v1/quotes
2025-08-14 22:47:53 - Secured POST /api/v1/quotes
2025-08-14 22:47:53 - Mapped to com.autoinsurance.quote.controller.QuoteController#createQuote(QuoteRequestDto)
2025-08-14 22:47:53 - Read "application/json;charset=UTF-8" to [com.autoinsurance.quote.dto.QuoteRequestDto@4ac07d19]
2025-08-14 22:47:53 - 
    select
        q1_0.id,
        q1_0.coverage_amount,
        q1_0.created_at,
        q1_0.deductible,
        q1_0.monthly_premium,
        q1_0.premium,
        q1_0.primary_driver_license,
        q1_0.primary_driver_name,
        q1_0.valid_until,
        q1_0.vehicle_current_value,
        q1_0.vehicle_make,
        q1_0.vehicle_model,
        q1_0.vehicle_vin,
        q1_0.vehicle_year 
    from
        quotes q1_0 
    where
        q1_0.id=?
2025-08-14 22:47:53 - 
    insert 
    into
        quotes
        (coverage_amount, created_at, deductible, monthly_premium, premium, primary_driver_license, primary_driver_name, valid_until, vehicle_current_value, vehicle_make, vehicle_model, vehicle_vin, vehicle_year, id) 
    values
        (?, ?, ?, ?, ?, ?, ?, ?, ?, ?, ?, ?, ?, ?)
2025-08-14 22:47:53 - Using 'application/json', given [*/*] and supported [application/json]
2025-08-14 22:47:53 - Writing [com.autoinsurance.quote.dto.QuoteResponseDto@28cd2d82]
2025-08-14 22:47:53 - Set SecurityContextHolder to anonymous SecurityContext
2025-08-14 22:47:53 - Securing POST /api/v1/quotes
2025-08-14 22:47:53 - Secured POST /api/v1/quotes
2025-08-14 22:47:53 - Mapped to com.autoinsurance.quote.controller.QuoteController#createQuote(QuoteRequestDto)
2025-08-14 22:47:53 - Read "application/json;charset=UTF-8" to [com.autoinsurance.quote.dto.QuoteRequestDto@3dfac836]
2025-08-14 22:47:53 - 
    select
        q1_0.id,
        q1_0.coverage_amount,
        q1_0.created_at,
        q1_0.deductible,
        q1_0.monthly_premium,
        q1_0.premium,
        q1_0.primary_driver_license,
        q1_0.primary_driver_name,
        q1_0.valid_until,
        q1_0.vehicle_current_value,
        q1_0.vehicle_make,
        q1_0.vehicle_model,
        q1_0.vehicle_vin,
        q1_0.vehicle_year 
    from
        quotes q1_0 
    where
        q1_0.id=?
2025-08-14 22:47:53 - 
    insert 
    into
        quotes
        (coverage_amount, created_at, deductible, monthly_premium, premium, primary_driver_license, primary_driver_name, valid_until, vehicle_current_value, vehicle_make, vehicle_model, vehicle_vin, vehicle_year, id) 
    values
        (?, ?, ?, ?, ?, ?, ?, ?, ?, ?, ?, ?, ?, ?)
2025-08-14 22:47:53 - Using 'application/json', given [*/*] and supported [application/json]
2025-08-14 22:47:53 - Writing [com.autoinsurance.quote.dto.QuoteResponseDto@3da6721f]
2025-08-14 22:47:53 - Set SecurityContextHolder to anonymous SecurityContext
2025-08-14 22:47:53 - Securing POST /api/v1/quotes
2025-08-14 22:47:53 - Secured POST /api/v1/quotes
2025-08-14 22:47:53 - Mapped to com.autoinsurance.quote.controller.QuoteController#createQuote(QuoteRequestDto)
2025-08-14 22:47:53 - Read "application/json;charset=UTF-8" to [com.autoinsurance.quote.dto.QuoteRequestDto@46722279]
2025-08-14 22:47:53 - 
    select
        q1_0.id,
        q1_0.coverage_amount,
        q1_0.created_at,
        q1_0.deductible,
        q1_0.monthly_premium,
        q1_0.premium,
        q1_0.primary_driver_license,
        q1_0.primary_driver_name,
        q1_0.valid_until,
        q1_0.vehicle_current_value,
        q1_0.vehicle_make,
        q1_0.vehicle_model,
        q1_0.vehicle_vin,
        q1_0.vehicle_year 
    from
        quotes q1_0 
    where
        q1_0.id=?
2025-08-14 22:47:53 - 
    insert 
    into
        quotes
        (coverage_amount, created_at, deductible, monthly_premium, premium, primary_driver_license, primary_driver_name, valid_until, vehicle_current_value, vehicle_make, vehicle_model, vehicle_vin, vehicle_year, id) 
    values
        (?, ?, ?, ?, ?, ?, ?, ?, ?, ?, ?, ?, ?, ?)
2025-08-14 22:47:53 - Using 'application/json', given [*/*] and supported [application/json]
2025-08-14 22:47:53 - Writing [com.autoinsurance.quote.dto.QuoteResponseDto@53837b7d]
2025-08-14 22:47:53 - Set SecurityContextHolder to anonymous SecurityContext
2025-08-14 22:47:54 - Securing POST /api/v1/quotes
2025-08-14 22:47:54 - Secured POST /api/v1/quotes
2025-08-14 22:47:54 - Mapped to com.autoinsurance.quote.controller.QuoteController#createQuote(QuoteRequestDto)
2025-08-14 22:47:54 - Read "application/json;charset=UTF-8" to [com.autoinsurance.quote.dto.QuoteRequestDto@6f051dd0]
2025-08-14 22:47:54 - 
    select
        q1_0.id,
        q1_0.coverage_amount,
        q1_0.created_at,
        q1_0.deductible,
        q1_0.monthly_premium,
        q1_0.premium,
        q1_0.primary_driver_license,
        q1_0.primary_driver_name,
        q1_0.valid_until,
        q1_0.vehicle_current_value,
        q1_0.vehicle_make,
        q1_0.vehicle_model,
        q1_0.vehicle_vin,
        q1_0.vehicle_year 
    from
        quotes q1_0 
    where
        q1_0.id=?
2025-08-14 22:47:54 - 
    insert 
    into
        quotes
        (coverage_amount, created_at, deductible, monthly_premium, premium, primary_driver_license, primary_driver_name, valid_until, vehicle_current_value, vehicle_make, vehicle_model, vehicle_vin, vehicle_year, id) 
    values
        (?, ?, ?, ?, ?, ?, ?, ?, ?, ?, ?, ?, ?, ?)
2025-08-14 22:47:54 - Using 'application/json', given [*/*] and supported [application/json]
2025-08-14 22:47:54 - Writing [com.autoinsurance.quote.dto.QuoteResponseDto@429ba47e]
2025-08-14 22:47:54 - Set SecurityContextHolder to anonymous SecurityContext
2025-08-14 22:47:54 - Securing POST /api/v1/quotes
2025-08-14 22:47:54 - Secured POST /api/v1/quotes
2025-08-14 22:47:54 - Mapped to com.autoinsurance.quote.controller.QuoteController#createQuote(QuoteRequestDto)
2025-08-14 22:47:54 - Read "application/json;charset=UTF-8" to [com.autoinsurance.quote.dto.QuoteRequestDto@76bc7aa1]
2025-08-14 22:47:54 - 
    select
        q1_0.id,
        q1_0.coverage_amount,
        q1_0.created_at,
        q1_0.deductible,
        q1_0.monthly_premium,
        q1_0.premium,
        q1_0.primary_driver_license,
        q1_0.primary_driver_name,
        q1_0.valid_until,
        q1_0.vehicle_current_value,
        q1_0.vehicle_make,
        q1_0.vehicle_model,
        q1_0.vehicle_vin,
        q1_0.vehicle_year 
    from
        quotes q1_0 
    where
        q1_0.id=?
2025-08-14 22:47:54 - 
    insert 
    into
        quotes
        (coverage_amount, created_at, deductible, monthly_premium, premium, primary_driver_license, primary_driver_name, valid_until, vehicle_current_value, vehicle_make, vehicle_model, vehicle_vin, vehicle_year, id) 
    values
        (?, ?, ?, ?, ?, ?, ?, ?, ?, ?, ?, ?, ?, ?)
2025-08-14 22:47:54 - Using 'application/json', given [*/*] and supported [application/json]
2025-08-14 22:47:54 - Writing [com.autoinsurance.quote.dto.QuoteResponseDto@71ed6952]
2025-08-14 22:47:54 - Set SecurityContextHolder to anonymous SecurityContext
2025-08-14 22:47:54 - Securing POST /api/v1/quotes
2025-08-14 22:47:54 - Secured POST /api/v1/quotes
2025-08-14 22:47:54 - Mapped to com.autoinsurance.quote.controller.QuoteController#createQuote(QuoteRequestDto)
2025-08-14 22:47:54 - Read "application/json;charset=UTF-8" to [com.autoinsurance.quote.dto.QuoteRequestDto@47902d2d]
2025-08-14 22:47:54 - 
    select
        q1_0.id,
        q1_0.coverage_amount,
        q1_0.created_at,
        q1_0.deductible,
        q1_0.monthly_premium,
        q1_0.premium,
        q1_0.primary_driver_license,
        q1_0.primary_driver_name,
        q1_0.valid_until,
        q1_0.vehicle_current_value,
        q1_0.vehicle_make,
        q1_0.vehicle_model,
        q1_0.vehicle_vin,
        q1_0.vehicle_year 
    from
        quotes q1_0 
    where
        q1_0.id=?
2025-08-14 22:47:54 - 
    insert 
    into
        quotes
        (coverage_amount, created_at, deductible, monthly_premium, premium, primary_driver_license, primary_driver_name, valid_until, vehicle_current_value, vehicle_make, vehicle_model, vehicle_vin, vehicle_year, id) 
    values
        (?, ?, ?, ?, ?, ?, ?, ?, ?, ?, ?, ?, ?, ?)
2025-08-14 22:47:54 - Using 'application/json', given [*/*] and supported [application/json]
2025-08-14 22:47:54 - Writing [com.autoinsurance.quote.dto.QuoteResponseDto@8fd302c]
2025-08-14 22:47:54 - Set SecurityContextHolder to anonymous SecurityContext
2025-08-14 22:47:54 - Securing POST /api/v1/quotes
2025-08-14 22:47:54 - Secured POST /api/v1/quotes
2025-08-14 22:47:54 - Mapped to com.autoinsurance.quote.controller.QuoteController#createQuote(QuoteRequestDto)
2025-08-14 22:47:54 - Read "application/json;charset=UTF-8" to [com.autoinsurance.quote.dto.QuoteRequestDto@57438f41]
2025-08-14 22:47:54 - 
    select
        q1_0.id,
        q1_0.coverage_amount,
        q1_0.created_at,
        q1_0.deductible,
        q1_0.monthly_premium,
        q1_0.premium,
        q1_0.primary_driver_license,
        q1_0.primary_driver_name,
        q1_0.valid_until,
        q1_0.vehicle_current_value,
        q1_0.vehicle_make,
        q1_0.vehicle_model,
        q1_0.vehicle_vin,
        q1_0.vehicle_year 
    from
        quotes q1_0 
    where
        q1_0.id=?
2025-08-14 22:47:54 - 
    insert 
    into
        quotes
        (coverage_amount, created_at, deductible, monthly_premium, premium, primary_driver_license, primary_driver_name, valid_until, vehicle_current_value, vehicle_make, vehicle_model, vehicle_vin, vehicle_year, id) 
    values
        (?, ?, ?, ?, ?, ?, ?, ?, ?, ?, ?, ?, ?, ?)
2025-08-14 22:47:54 - Using 'application/json', given [*/*] and supported [application/json]
2025-08-14 22:47:54 - Writing [com.autoinsurance.quote.dto.QuoteResponseDto@5411add6]
2025-08-14 22:47:54 - Set SecurityContextHolder to anonymous SecurityContext
2025-08-14 22:47:54 - Securing POST /api/v1/quotes
2025-08-14 22:47:54 - Secured POST /api/v1/quotes
2025-08-14 22:47:54 - Mapped to com.autoinsurance.quote.controller.QuoteController#createQuote(QuoteRequestDto)
2025-08-14 22:47:54 - Read "application/json;charset=UTF-8" to [com.autoinsurance.quote.dto.QuoteRequestDto@266a116f]
2025-08-14 22:47:54 - 
    select
        q1_0.id,
        q1_0.coverage_amount,
        q1_0.created_at,
        q1_0.deductible,
        q1_0.monthly_premium,
        q1_0.premium,
        q1_0.primary_driver_license,
        q1_0.primary_driver_name,
        q1_0.valid_until,
        q1_0.vehicle_current_value,
        q1_0.vehicle_make,
        q1_0.vehicle_model,
        q1_0.vehicle_vin,
        q1_0.vehicle_year 
    from
        quotes q1_0 
    where
        q1_0.id=?
2025-08-14 22:47:54 - 
    insert 
    into
        quotes
        (coverage_amount, created_at, deductible, monthly_premium, premium, primary_driver_license, primary_driver_name, valid_until, vehicle_current_value, vehicle_make, vehicle_model, vehicle_vin, vehicle_year, id) 
    values
        (?, ?, ?, ?, ?, ?, ?, ?, ?, ?, ?, ?, ?, ?)
2025-08-14 22:47:54 - Using 'application/json', given [*/*] and supported [application/json]
2025-08-14 22:47:54 - Writing [com.autoinsurance.quote.dto.QuoteResponseDto@252bc920]
2025-08-14 22:47:54 - Set SecurityContextHolder to anonymous SecurityContext
2025-08-14 22:47:54 - Securing POST /api/v1/quotes
2025-08-14 22:47:54 - Secured POST /api/v1/quotes
2025-08-14 22:47:54 - Mapped to com.autoinsurance.quote.controller.QuoteController#createQuote(QuoteRequestDto)
2025-08-14 22:47:54 - Read "application/json;charset=UTF-8" to [com.autoinsurance.quote.dto.QuoteRequestDto@53ddc017]
2025-08-14 22:47:54 - 
    select
        q1_0.id,
        q1_0.coverage_amount,
        q1_0.created_at,
        q1_0.deductible,
        q1_0.monthly_premium,
        q1_0.premium,
        q1_0.primary_driver_license,
        q1_0.primary_driver_name,
        q1_0.valid_until,
        q1_0.vehicle_current_value,
        q1_0.vehicle_make,
        q1_0.vehicle_model,
        q1_0.vehicle_vin,
        q1_0.vehicle_year 
    from
        quotes q1_0 
    where
        q1_0.id=?
2025-08-14 22:47:54 - 
    insert 
    into
        quotes
        (coverage_amount, created_at, deductible, monthly_premium, premium, primary_driver_license, primary_driver_name, valid_until, vehicle_current_value, vehicle_make, vehicle_model, vehicle_vin, vehicle_year, id) 
    values
        (?, ?, ?, ?, ?, ?, ?, ?, ?, ?, ?, ?, ?, ?)
2025-08-14 22:47:54 - Using 'application/json', given [*/*] and supported [application/json]
2025-08-14 22:47:54 - Writing [com.autoinsurance.quote.dto.QuoteResponseDto@10f5c981]
2025-08-14 22:47:54 - Set SecurityContextHolder to anonymous SecurityContext
2025-08-14 22:47:54 - Securing POST /api/v1/quotes
2025-08-14 22:47:54 - Secured POST /api/v1/quotes
2025-08-14 22:47:54 - Mapped to com.autoinsurance.quote.controller.QuoteController#createQuote(QuoteRequestDto)
2025-08-14 22:47:54 - Read "application/json;charset=UTF-8" to [com.autoinsurance.quote.dto.QuoteRequestDto@5f1d0234]
2025-08-14 22:47:54 - 
    select
        q1_0.id,
        q1_0.coverage_amount,
        q1_0.created_at,
        q1_0.deductible,
        q1_0.monthly_premium,
        q1_0.premium,
        q1_0.primary_driver_license,
        q1_0.primary_driver_name,
        q1_0.valid_until,
        q1_0.vehicle_current_value,
        q1_0.vehicle_make,
        q1_0.vehicle_model,
        q1_0.vehicle_vin,
        q1_0.vehicle_year 
    from
        quotes q1_0 
    where
        q1_0.id=?
2025-08-14 22:47:54 - 
    insert 
    into
        quotes
        (coverage_amount, created_at, deductible, monthly_premium, premium, primary_driver_license, primary_driver_name, valid_until, vehicle_current_value, vehicle_make, vehicle_model, vehicle_vin, vehicle_year, id) 
    values
        (?, ?, ?, ?, ?, ?, ?, ?, ?, ?, ?, ?, ?, ?)
2025-08-14 22:47:54 - Using 'application/json', given [*/*] and supported [application/json]
2025-08-14 22:47:54 - Writing [com.autoinsurance.quote.dto.QuoteResponseDto@4c6f62b]
2025-08-14 22:47:54 - Set SecurityContextHolder to anonymous SecurityContext
2025-08-14 22:47:54 - Securing POST /api/v1/quotes
2025-08-14 22:47:54 - Secured POST /api/v1/quotes
2025-08-14 22:47:54 - Mapped to com.autoinsurance.quote.controller.QuoteController#createQuote(QuoteRequestDto)
2025-08-14 22:47:54 - Read "application/json;charset=UTF-8" to [com.autoinsurance.quote.dto.QuoteRequestDto@539c8ceb]
2025-08-14 22:47:54 - 
    select
        q1_0.id,
        q1_0.coverage_amount,
        q1_0.created_at,
        q1_0.deductible,
        q1_0.monthly_premium,
        q1_0.premium,
        q1_0.primary_driver_license,
        q1_0.primary_driver_name,
        q1_0.valid_until,
        q1_0.vehicle_current_value,
        q1_0.vehicle_make,
        q1_0.vehicle_model,
        q1_0.vehicle_vin,
        q1_0.vehicle_year 
    from
        quotes q1_0 
    where
        q1_0.id=?
2025-08-14 22:47:54 - 
    insert 
    into
        quotes
        (coverage_amount, created_at, deductible, monthly_premium, premium, primary_driver_license, primary_driver_name, valid_until, vehicle_current_value, vehicle_make, vehicle_model, vehicle_vin, vehicle_year, id) 
    values
        (?, ?, ?, ?, ?, ?, ?, ?, ?, ?, ?, ?, ?, ?)
2025-08-14 22:47:54 - Using 'application/json', given [*/*] and supported [application/json]
2025-08-14 22:47:54 - Writing [com.autoinsurance.quote.dto.QuoteResponseDto@2158aeee]
2025-08-14 22:47:54 - Set SecurityContextHolder to anonymous SecurityContext
2025-08-14 22:47:54 - Securing POST /api/v1/quotes
2025-08-14 22:47:54 - Secured POST /api/v1/quotes
2025-08-14 22:47:54 - Mapped to com.autoinsurance.quote.controller.QuoteController#createQuote(QuoteRequestDto)
2025-08-14 22:47:54 - Read "application/json;charset=UTF-8" to [com.autoinsurance.quote.dto.QuoteRequestDto@336a9ad4]
2025-08-14 22:47:54 - 
    select
        q1_0.id,
        q1_0.coverage_amount,
        q1_0.created_at,
        q1_0.deductible,
        q1_0.monthly_premium,
        q1_0.premium,
        q1_0.primary_driver_license,
        q1_0.primary_driver_name,
        q1_0.valid_until,
        q1_0.vehicle_current_value,
        q1_0.vehicle_make,
        q1_0.vehicle_model,
        q1_0.vehicle_vin,
        q1_0.vehicle_year 
    from
        quotes q1_0 
    where
        q1_0.id=?
2025-08-14 22:47:54 - 
    insert 
    into
        quotes
        (coverage_amount, created_at, deductible, monthly_premium, premium, primary_driver_license, primary_driver_name, valid_until, vehicle_current_value, vehicle_make, vehicle_model, vehicle_vin, vehicle_year, id) 
    values
        (?, ?, ?, ?, ?, ?, ?, ?, ?, ?, ?, ?, ?, ?)
2025-08-14 22:47:54 - Using 'application/json', given [*/*] and supported [application/json]
2025-08-14 22:47:54 - Writing [com.autoinsurance.quote.dto.QuoteResponseDto@70624283]
2025-08-14 22:47:54 - Set SecurityContextHolder to anonymous SecurityContext
2025-08-14 22:47:54 - Securing POST /api/v1/quotes
2025-08-14 22:47:54 - Secured POST /api/v1/quotes
2025-08-14 22:47:54 - Mapped to com.autoinsurance.quote.controller.QuoteController#createQuote(QuoteRequestDto)
2025-08-14 22:47:54 - Read "application/json;charset=UTF-8" to [com.autoinsurance.quote.dto.QuoteRequestDto@5d2e2dd7]
2025-08-14 22:47:54 - 
    select
        q1_0.id,
        q1_0.coverage_amount,
        q1_0.created_at,
        q1_0.deductible,
        q1_0.monthly_premium,
        q1_0.premium,
        q1_0.primary_driver_license,
        q1_0.primary_driver_name,
        q1_0.valid_until,
        q1_0.vehicle_current_value,
        q1_0.vehicle_make,
        q1_0.vehicle_model,
        q1_0.vehicle_vin,
        q1_0.vehicle_year 
    from
        quotes q1_0 
    where
        q1_0.id=?
2025-08-14 22:47:54 - 
    insert 
    into
        quotes
        (coverage_amount, created_at, deductible, monthly_premium, premium, primary_driver_license, primary_driver_name, valid_until, vehicle_current_value, vehicle_make, vehicle_model, vehicle_vin, vehicle_year, id) 
    values
        (?, ?, ?, ?, ?, ?, ?, ?, ?, ?, ?, ?, ?, ?)
2025-08-14 22:47:54 - Using 'application/json', given [*/*] and supported [application/json]
2025-08-14 22:47:54 - Writing [com.autoinsurance.quote.dto.QuoteResponseDto@64c9372b]
2025-08-14 22:47:54 - Set SecurityContextHolder to anonymous SecurityContext
2025-08-14 22:47:55 - Securing POST /api/v1/quotes
2025-08-14 22:47:55 - Secured POST /api/v1/quotes
2025-08-14 22:47:55 - Mapped to com.autoinsurance.quote.controller.QuoteController#createQuote(QuoteRequestDto)
2025-08-14 22:47:55 - Read "application/json;charset=UTF-8" to [com.autoinsurance.quote.dto.QuoteRequestDto@4ddd683c]
2025-08-14 22:47:55 - 
    select
        q1_0.id,
        q1_0.coverage_amount,
        q1_0.created_at,
        q1_0.deductible,
        q1_0.monthly_premium,
        q1_0.premium,
        q1_0.primary_driver_license,
        q1_0.primary_driver_name,
        q1_0.valid_until,
        q1_0.vehicle_current_value,
        q1_0.vehicle_make,
        q1_0.vehicle_model,
        q1_0.vehicle_vin,
        q1_0.vehicle_year 
    from
        quotes q1_0 
    where
        q1_0.id=?
2025-08-14 22:47:55 - 
    insert 
    into
        quotes
        (coverage_amount, created_at, deductible, monthly_premium, premium, primary_driver_license, primary_driver_name, valid_until, vehicle_current_value, vehicle_make, vehicle_model, vehicle_vin, vehicle_year, id) 
    values
        (?, ?, ?, ?, ?, ?, ?, ?, ?, ?, ?, ?, ?, ?)
2025-08-14 22:47:55 - Using 'application/json', given [*/*] and supported [application/json]
2025-08-14 22:47:55 - Writing [com.autoinsurance.quote.dto.QuoteResponseDto@3c006321]
2025-08-14 22:47:55 - Set SecurityContextHolder to anonymous SecurityContext
2025-08-14 22:47:55 - Securing POST /api/v1/quotes
2025-08-14 22:47:55 - Secured POST /api/v1/quotes
2025-08-14 22:47:55 - Mapped to com.autoinsurance.quote.controller.QuoteController#createQuote(QuoteRequestDto)
2025-08-14 22:47:55 - Read "application/json;charset=UTF-8" to [com.autoinsurance.quote.dto.QuoteRequestDto@6a6b6fd6]
2025-08-14 22:47:55 - 
    select
        q1_0.id,
        q1_0.coverage_amount,
        q1_0.created_at,
        q1_0.deductible,
        q1_0.monthly_premium,
        q1_0.premium,
        q1_0.primary_driver_license,
        q1_0.primary_driver_name,
        q1_0.valid_until,
        q1_0.vehicle_current_value,
        q1_0.vehicle_make,
        q1_0.vehicle_model,
        q1_0.vehicle_vin,
        q1_0.vehicle_year 
    from
        quotes q1_0 
    where
        q1_0.id=?
2025-08-14 22:47:55 - 
    insert 
    into
        quotes
        (coverage_amount, created_at, deductible, monthly_premium, premium, primary_driver_license, primary_driver_name, valid_until, vehicle_current_value, vehicle_make, vehicle_model, vehicle_vin, vehicle_year, id) 
    values
        (?, ?, ?, ?, ?, ?, ?, ?, ?, ?, ?, ?, ?, ?)
2025-08-14 22:47:55 - Using 'application/json', given [*/*] and supported [application/json]
2025-08-14 22:47:55 - Writing [com.autoinsurance.quote.dto.QuoteResponseDto@3f4eaa47]
2025-08-14 22:47:55 - Set SecurityContextHolder to anonymous SecurityContext
2025-08-14 22:47:55 - Securing POST /api/v1/quotes
2025-08-14 22:47:55 - Secured POST /api/v1/quotes
2025-08-14 22:47:55 - Mapped to com.autoinsurance.quote.controller.QuoteController#createQuote(QuoteRequestDto)
2025-08-14 22:47:55 - Read "application/json;charset=UTF-8" to [com.autoinsurance.quote.dto.QuoteRequestDto@2a5e66ae]
2025-08-14 22:47:55 - 
    select
        q1_0.id,
        q1_0.coverage_amount,
        q1_0.created_at,
        q1_0.deductible,
        q1_0.monthly_premium,
        q1_0.premium,
        q1_0.primary_driver_license,
        q1_0.primary_driver_name,
        q1_0.valid_until,
        q1_0.vehicle_current_value,
        q1_0.vehicle_make,
        q1_0.vehicle_model,
        q1_0.vehicle_vin,
        q1_0.vehicle_year 
    from
        quotes q1_0 
    where
        q1_0.id=?
2025-08-14 22:47:55 - 
    insert 
    into
        quotes
        (coverage_amount, created_at, deductible, monthly_premium, premium, primary_driver_license, primary_driver_name, valid_until, vehicle_current_value, vehicle_make, vehicle_model, vehicle_vin, vehicle_year, id) 
    values
        (?, ?, ?, ?, ?, ?, ?, ?, ?, ?, ?, ?, ?, ?)
2025-08-14 22:47:55 - Using 'application/json', given [*/*] and supported [application/json]
2025-08-14 22:47:55 - Writing [com.autoinsurance.quote.dto.QuoteResponseDto@ca32600]
2025-08-14 22:47:55 - Set SecurityContextHolder to anonymous SecurityContext
2025-08-14 22:47:55 - Securing POST /api/v1/quotes
2025-08-14 22:47:55 - Secured POST /api/v1/quotes
2025-08-14 22:47:55 - Mapped to com.autoinsurance.quote.controller.QuoteController#createQuote(QuoteRequestDto)
2025-08-14 22:47:55 - Read "application/json;charset=UTF-8" to [com.autoinsurance.quote.dto.QuoteRequestDto@3b683940]
2025-08-14 22:47:55 - 
    select
        q1_0.id,
        q1_0.coverage_amount,
        q1_0.created_at,
        q1_0.deductible,
        q1_0.monthly_premium,
        q1_0.premium,
        q1_0.primary_driver_license,
        q1_0.primary_driver_name,
        q1_0.valid_until,
        q1_0.vehicle_current_value,
        q1_0.vehicle_make,
        q1_0.vehicle_model,
        q1_0.vehicle_vin,
        q1_0.vehicle_year 
    from
        quotes q1_0 
    where
        q1_0.id=?
2025-08-14 22:47:55 - 
    insert 
    into
        quotes
        (coverage_amount, created_at, deductible, monthly_premium, premium, primary_driver_license, primary_driver_name, valid_until, vehicle_current_value, vehicle_make, vehicle_model, vehicle_vin, vehicle_year, id) 
    values
        (?, ?, ?, ?, ?, ?, ?, ?, ?, ?, ?, ?, ?, ?)
2025-08-14 22:47:55 - Using 'application/json', given [*/*] and supported [application/json]
2025-08-14 22:47:55 - Writing [com.autoinsurance.quote.dto.QuoteResponseDto@1a0f8c9]
2025-08-14 22:47:55 - Set SecurityContextHolder to anonymous SecurityContext
2025-08-14 22:47:55 - Securing POST /api/v1/quotes
2025-08-14 22:47:55 - Secured POST /api/v1/quotes
2025-08-14 22:47:55 - Mapped to com.autoinsurance.quote.controller.QuoteController#createQuote(QuoteRequestDto)
2025-08-14 22:47:55 - Read "application/json;charset=UTF-8" to [com.autoinsurance.quote.dto.QuoteRequestDto@36c81016]
2025-08-14 22:47:55 - 
    select
        q1_0.id,
        q1_0.coverage_amount,
        q1_0.created_at,
        q1_0.deductible,
        q1_0.monthly_premium,
        q1_0.premium,
        q1_0.primary_driver_license,
        q1_0.primary_driver_name,
        q1_0.valid_until,
        q1_0.vehicle_current_value,
        q1_0.vehicle_make,
        q1_0.vehicle_model,
        q1_0.vehicle_vin,
        q1_0.vehicle_year 
    from
        quotes q1_0 
    where
        q1_0.id=?
2025-08-14 22:47:55 - 
    insert 
    into
        quotes
        (coverage_amount, created_at, deductible, monthly_premium, premium, primary_driver_license, primary_driver_name, valid_until, vehicle_current_value, vehicle_make, vehicle_model, vehicle_vin, vehicle_year, id) 
    values
        (?, ?, ?, ?, ?, ?, ?, ?, ?, ?, ?, ?, ?, ?)
2025-08-14 22:47:55 - Using 'application/json', given [*/*] and supported [application/json]
2025-08-14 22:47:55 - Writing [com.autoinsurance.quote.dto.QuoteResponseDto@57678e3c]
2025-08-14 22:47:55 - Set SecurityContextHolder to anonymous SecurityContext
2025-08-14 22:47:55 - Securing POST /api/v1/quotes
2025-08-14 22:47:55 - Secured POST /api/v1/quotes
2025-08-14 22:47:55 - Mapped to com.autoinsurance.quote.controller.QuoteController#createQuote(QuoteRequestDto)
2025-08-14 22:47:55 - Read "application/json;charset=UTF-8" to [com.autoinsurance.quote.dto.QuoteRequestDto@1d6e611d]
2025-08-14 22:47:55 - 
    select
        q1_0.id,
        q1_0.coverage_amount,
        q1_0.created_at,
        q1_0.deductible,
        q1_0.monthly_premium,
        q1_0.premium,
        q1_0.primary_driver_license,
        q1_0.primary_driver_name,
        q1_0.valid_until,
        q1_0.vehicle_current_value,
        q1_0.vehicle_make,
        q1_0.vehicle_model,
        q1_0.vehicle_vin,
        q1_0.vehicle_year 
    from
        quotes q1_0 
    where
        q1_0.id=?
2025-08-14 22:47:55 - 
    insert 
    into
        quotes
        (coverage_amount, created_at, deductible, monthly_premium, premium, primary_driver_license, primary_driver_name, valid_until, vehicle_current_value, vehicle_make, vehicle_model, vehicle_vin, vehicle_year, id) 
    values
        (?, ?, ?, ?, ?, ?, ?, ?, ?, ?, ?, ?, ?, ?)
2025-08-14 22:47:55 - Using 'application/json', given [*/*] and supported [application/json]
2025-08-14 22:47:55 - Writing [com.autoinsurance.quote.dto.QuoteResponseDto@63b25428]
2025-08-14 22:47:55 - Set SecurityContextHolder to anonymous SecurityContext
2025-08-14 22:47:55 - Securing POST /api/v1/quotes
2025-08-14 22:47:55 - Secured POST /api/v1/quotes
2025-08-14 22:47:55 - Mapped to com.autoinsurance.quote.controller.QuoteController#createQuote(QuoteRequestDto)
2025-08-14 22:47:55 - Read "application/json;charset=UTF-8" to [com.autoinsurance.quote.dto.QuoteRequestDto@4bf5f3c2]
2025-08-14 22:47:55 - 
    select
        q1_0.id,
        q1_0.coverage_amount,
        q1_0.created_at,
        q1_0.deductible,
        q1_0.monthly_premium,
        q1_0.premium,
        q1_0.primary_driver_license,
        q1_0.primary_driver_name,
        q1_0.valid_until,
        q1_0.vehicle_current_value,
        q1_0.vehicle_make,
        q1_0.vehicle_model,
        q1_0.vehicle_vin,
        q1_0.vehicle_year 
    from
        quotes q1_0 
    where
        q1_0.id=?
2025-08-14 22:47:55 - 
    insert 
    into
        quotes
        (coverage_amount, created_at, deductible, monthly_premium, premium, primary_driver_license, primary_driver_name, valid_until, vehicle_current_value, vehicle_make, vehicle_model, vehicle_vin, vehicle_year, id) 
    values
        (?, ?, ?, ?, ?, ?, ?, ?, ?, ?, ?, ?, ?, ?)
2025-08-14 22:47:55 - Using 'application/json', given [*/*] and supported [application/json]
2025-08-14 22:47:55 - Writing [com.autoinsurance.quote.dto.QuoteResponseDto@386db3dd]
2025-08-14 22:47:55 - Set SecurityContextHolder to anonymous SecurityContext
2025-08-14 22:47:55 - Securing POST /api/v1/quotes
2025-08-14 22:47:55 - Secured POST /api/v1/quotes
2025-08-14 22:47:55 - Mapped to com.autoinsurance.quote.controller.QuoteController#createQuote(QuoteRequestDto)
2025-08-14 22:47:55 - Read "application/json;charset=UTF-8" to [com.autoinsurance.quote.dto.QuoteRequestDto@22e7e20c]
2025-08-14 22:47:55 - 
    select
        q1_0.id,
        q1_0.coverage_amount,
        q1_0.created_at,
        q1_0.deductible,
        q1_0.monthly_premium,
        q1_0.premium,
        q1_0.primary_driver_license,
        q1_0.primary_driver_name,
        q1_0.valid_until,
        q1_0.vehicle_current_value,
        q1_0.vehicle_make,
        q1_0.vehicle_model,
        q1_0.vehicle_vin,
        q1_0.vehicle_year 
    from
        quotes q1_0 
    where
        q1_0.id=?
2025-08-14 22:47:55 - 
    insert 
    into
        quotes
        (coverage_amount, created_at, deductible, monthly_premium, premium, primary_driver_license, primary_driver_name, valid_until, vehicle_current_value, vehicle_make, vehicle_model, vehicle_vin, vehicle_year, id) 
    values
        (?, ?, ?, ?, ?, ?, ?, ?, ?, ?, ?, ?, ?, ?)
2025-08-14 22:47:55 - Using 'application/json', given [*/*] and supported [application/json]
2025-08-14 22:47:55 - Writing [com.autoinsurance.quote.dto.QuoteResponseDto@7e415b30]
2025-08-14 22:47:55 - Set SecurityContextHolder to anonymous SecurityContext
2025-08-14 22:47:55 - Securing POST /api/v1/quotes
2025-08-14 22:47:55 - Secured POST /api/v1/quotes
2025-08-14 22:47:55 - Mapped to com.autoinsurance.quote.controller.QuoteController#createQuote(QuoteRequestDto)
2025-08-14 22:47:55 - Read "application/json;charset=UTF-8" to [com.autoinsurance.quote.dto.QuoteRequestDto@13eb2e66]
2025-08-14 22:47:55 - 
    select
        q1_0.id,
        q1_0.coverage_amount,
        q1_0.created_at,
        q1_0.deductible,
        q1_0.monthly_premium,
        q1_0.premium,
        q1_0.primary_driver_license,
        q1_0.primary_driver_name,
        q1_0.valid_until,
        q1_0.vehicle_current_value,
        q1_0.vehicle_make,
        q1_0.vehicle_model,
        q1_0.vehicle_vin,
        q1_0.vehicle_year 
    from
        quotes q1_0 
    where
        q1_0.id=?
2025-08-14 22:47:55 - 
    insert 
    into
        quotes
        (coverage_amount, created_at, deductible, monthly_premium, premium, primary_driver_license, primary_driver_name, valid_until, vehicle_current_value, vehicle_make, vehicle_model, vehicle_vin, vehicle_year, id) 
    values
        (?, ?, ?, ?, ?, ?, ?, ?, ?, ?, ?, ?, ?, ?)
2025-08-14 22:47:55 - Using 'application/json', given [*/*] and supported [application/json]
2025-08-14 22:47:55 - Writing [com.autoinsurance.quote.dto.QuoteResponseDto@25e3a54e]
2025-08-14 22:47:55 - Set SecurityContextHolder to anonymous SecurityContext
2025-08-14 22:47:55 - Securing POST /api/v1/quotes
2025-08-14 22:47:55 - Secured POST /api/v1/quotes
2025-08-14 22:47:55 - Mapped to com.autoinsurance.quote.controller.QuoteController#createQuote(QuoteRequestDto)
2025-08-14 22:47:55 - Read "application/json;charset=UTF-8" to [com.autoinsurance.quote.dto.QuoteRequestDto@37e1ebc1]
2025-08-14 22:47:55 - 
    select
        q1_0.id,
        q1_0.coverage_amount,
        q1_0.created_at,
        q1_0.deductible,
        q1_0.monthly_premium,
        q1_0.premium,
        q1_0.primary_driver_license,
        q1_0.primary_driver_name,
        q1_0.valid_until,
        q1_0.vehicle_current_value,
        q1_0.vehicle_make,
        q1_0.vehicle_model,
        q1_0.vehicle_vin,
        q1_0.vehicle_year 
    from
        quotes q1_0 
    where
        q1_0.id=?
2025-08-14 22:47:55 - 
    insert 
    into
        quotes
        (coverage_amount, created_at, deductible, monthly_premium, premium, primary_driver_license, primary_driver_name, valid_until, vehicle_current_value, vehicle_make, vehicle_model, vehicle_vin, vehicle_year, id) 
    values
        (?, ?, ?, ?, ?, ?, ?, ?, ?, ?, ?, ?, ?, ?)
2025-08-14 22:47:55 - Using 'application/json', given [*/*] and supported [application/json]
2025-08-14 22:47:55 - Writing [com.autoinsurance.quote.dto.QuoteResponseDto@140ef82f]
2025-08-14 22:47:55 - Set SecurityContextHolder to anonymous SecurityContext
2025-08-14 22:47:56 - Securing POST /api/v1/quotes
2025-08-14 22:47:56 - Secured POST /api/v1/quotes
2025-08-14 22:47:56 - Mapped to com.autoinsurance.quote.controller.QuoteController#createQuote(QuoteRequestDto)
2025-08-14 22:47:56 - Read "application/json;charset=UTF-8" to [com.autoinsurance.quote.dto.QuoteRequestDto@4413ab25]
2025-08-14 22:47:56 - 
    select
        q1_0.id,
        q1_0.coverage_amount,
        q1_0.created_at,
        q1_0.deductible,
        q1_0.monthly_premium,
        q1_0.premium,
        q1_0.primary_driver_license,
        q1_0.primary_driver_name,
        q1_0.valid_until,
        q1_0.vehicle_current_value,
        q1_0.vehicle_make,
        q1_0.vehicle_model,
        q1_0.vehicle_vin,
        q1_0.vehicle_year 
    from
        quotes q1_0 
    where
        q1_0.id=?
2025-08-14 22:47:56 - 
    insert 
    into
        quotes
        (coverage_amount, created_at, deductible, monthly_premium, premium, primary_driver_license, primary_driver_name, valid_until, vehicle_current_value, vehicle_make, vehicle_model, vehicle_vin, vehicle_year, id) 
    values
        (?, ?, ?, ?, ?, ?, ?, ?, ?, ?, ?, ?, ?, ?)
2025-08-14 22:47:56 - Using 'application/json', given [*/*] and supported [application/json]
2025-08-14 22:47:56 - Writing [com.autoinsurance.quote.dto.QuoteResponseDto@6cd053a0]
2025-08-14 22:47:56 - Set SecurityContextHolder to anonymous SecurityContext
2025-08-14 22:47:56 - Securing POST /api/v1/quotes
2025-08-14 22:47:56 - Secured POST /api/v1/quotes
2025-08-14 22:47:56 - Mapped to com.autoinsurance.quote.controller.QuoteController#createQuote(QuoteRequestDto)
2025-08-14 22:47:56 - Read "application/json;charset=UTF-8" to [com.autoinsurance.quote.dto.QuoteRequestDto@1e374e44]
2025-08-14 22:47:56 - 
    select
        q1_0.id,
        q1_0.coverage_amount,
        q1_0.created_at,
        q1_0.deductible,
        q1_0.monthly_premium,
        q1_0.premium,
        q1_0.primary_driver_license,
        q1_0.primary_driver_name,
        q1_0.valid_until,
        q1_0.vehicle_current_value,
        q1_0.vehicle_make,
        q1_0.vehicle_model,
        q1_0.vehicle_vin,
        q1_0.vehicle_year 
    from
        quotes q1_0 
    where
        q1_0.id=?
2025-08-14 22:47:56 - 
    insert 
    into
        quotes
        (coverage_amount, created_at, deductible, monthly_premium, premium, primary_driver_license, primary_driver_name, valid_until, vehicle_current_value, vehicle_make, vehicle_model, vehicle_vin, vehicle_year, id) 
    values
        (?, ?, ?, ?, ?, ?, ?, ?, ?, ?, ?, ?, ?, ?)
2025-08-14 22:47:56 - Using 'application/json', given [*/*] and supported [application/json]
2025-08-14 22:47:56 - Writing [com.autoinsurance.quote.dto.QuoteResponseDto@56e0a418]
2025-08-14 22:47:56 - Set SecurityContextHolder to anonymous SecurityContext
2025-08-14 22:47:56 - Securing POST /api/v1/quotes
2025-08-14 22:47:56 - Secured POST /api/v1/quotes
2025-08-14 22:47:56 - Mapped to com.autoinsurance.quote.controller.QuoteController#createQuote(QuoteRequestDto)
2025-08-14 22:47:56 - Read "application/json;charset=UTF-8" to [com.autoinsurance.quote.dto.QuoteRequestDto@9c310f1]
2025-08-14 22:47:56 - 
    select
        q1_0.id,
        q1_0.coverage_amount,
        q1_0.created_at,
        q1_0.deductible,
        q1_0.monthly_premium,
        q1_0.premium,
        q1_0.primary_driver_license,
        q1_0.primary_driver_name,
        q1_0.valid_until,
        q1_0.vehicle_current_value,
        q1_0.vehicle_make,
        q1_0.vehicle_model,
        q1_0.vehicle_vin,
        q1_0.vehicle_year 
    from
        quotes q1_0 
    where
        q1_0.id=?
2025-08-14 22:47:56 - 
    insert 
    into
        quotes
        (coverage_amount, created_at, deductible, monthly_premium, premium, primary_driver_license, primary_driver_name, valid_until, vehicle_current_value, vehicle_make, vehicle_model, vehicle_vin, vehicle_year, id) 
    values
        (?, ?, ?, ?, ?, ?, ?, ?, ?, ?, ?, ?, ?, ?)
2025-08-14 22:47:56 - Using 'application/json', given [*/*] and supported [application/json]
2025-08-14 22:47:56 - Writing [com.autoinsurance.quote.dto.QuoteResponseDto@4b215579]
2025-08-14 22:47:56 - Set SecurityContextHolder to anonymous SecurityContext
2025-08-14 22:47:56 - Securing POST /api/v1/quotes
2025-08-14 22:47:56 - Secured POST /api/v1/quotes
2025-08-14 22:47:56 - Mapped to com.autoinsurance.quote.controller.QuoteController#createQuote(QuoteRequestDto)
2025-08-14 22:47:56 - Read "application/json;charset=UTF-8" to [com.autoinsurance.quote.dto.QuoteRequestDto@5b601ba0]
2025-08-14 22:47:56 - 
    select
        q1_0.id,
        q1_0.coverage_amount,
        q1_0.created_at,
        q1_0.deductible,
        q1_0.monthly_premium,
        q1_0.premium,
        q1_0.primary_driver_license,
        q1_0.primary_driver_name,
        q1_0.valid_until,
        q1_0.vehicle_current_value,
        q1_0.vehicle_make,
        q1_0.vehicle_model,
        q1_0.vehicle_vin,
        q1_0.vehicle_year 
    from
        quotes q1_0 
    where
        q1_0.id=?
2025-08-14 22:47:56 - 
    insert 
    into
        quotes
        (coverage_amount, created_at, deductible, monthly_premium, premium, primary_driver_license, primary_driver_name, valid_until, vehicle_current_value, vehicle_make, vehicle_model, vehicle_vin, vehicle_year, id) 
    values
        (?, ?, ?, ?, ?, ?, ?, ?, ?, ?, ?, ?, ?, ?)
2025-08-14 22:47:56 - Using 'application/json', given [*/*] and supported [application/json]
2025-08-14 22:47:56 - Writing [com.autoinsurance.quote.dto.QuoteResponseDto@ec859c6]
2025-08-14 22:47:56 - Set SecurityContextHolder to anonymous SecurityContext
2025-08-14 22:47:56 - Securing POST /api/v1/quotes
2025-08-14 22:47:56 - Secured POST /api/v1/quotes
2025-08-14 22:47:56 - Mapped to com.autoinsurance.quote.controller.QuoteController#createQuote(QuoteRequestDto)
2025-08-14 22:47:56 - Read "application/json;charset=UTF-8" to [com.autoinsurance.quote.dto.QuoteRequestDto@5f4e43ea]
2025-08-14 22:47:56 - 
    select
        q1_0.id,
        q1_0.coverage_amount,
        q1_0.created_at,
        q1_0.deductible,
        q1_0.monthly_premium,
        q1_0.premium,
        q1_0.primary_driver_license,
        q1_0.primary_driver_name,
        q1_0.valid_until,
        q1_0.vehicle_current_value,
        q1_0.vehicle_make,
        q1_0.vehicle_model,
        q1_0.vehicle_vin,
        q1_0.vehicle_year 
    from
        quotes q1_0 
    where
        q1_0.id=?
2025-08-14 22:47:56 - 
    insert 
    into
        quotes
        (coverage_amount, created_at, deductible, monthly_premium, premium, primary_driver_license, primary_driver_name, valid_until, vehicle_current_value, vehicle_make, vehicle_model, vehicle_vin, vehicle_year, id) 
    values
        (?, ?, ?, ?, ?, ?, ?, ?, ?, ?, ?, ?, ?, ?)
2025-08-14 22:47:56 - Using 'application/json', given [*/*] and supported [application/json]
2025-08-14 22:47:56 - Writing [com.autoinsurance.quote.dto.QuoteResponseDto@688e225e]
2025-08-14 22:47:56 - Set SecurityContextHolder to anonymous SecurityContext
2025-08-14 22:47:56 - Securing POST /api/v1/quotes
2025-08-14 22:47:56 - Secured POST /api/v1/quotes
2025-08-14 22:47:56 - Mapped to com.autoinsurance.quote.controller.QuoteController#createQuote(QuoteRequestDto)
2025-08-14 22:47:56 - Read "application/json;charset=UTF-8" to [com.autoinsurance.quote.dto.QuoteRequestDto@38022de]
2025-08-14 22:47:56 - 
    select
        q1_0.id,
        q1_0.coverage_amount,
        q1_0.created_at,
        q1_0.deductible,
        q1_0.monthly_premium,
        q1_0.premium,
        q1_0.primary_driver_license,
        q1_0.primary_driver_name,
        q1_0.valid_until,
        q1_0.vehicle_current_value,
        q1_0.vehicle_make,
        q1_0.vehicle_model,
        q1_0.vehicle_vin,
        q1_0.vehicle_year 
    from
        quotes q1_0 
    where
        q1_0.id=?
2025-08-14 22:47:56 - 
    insert 
    into
        quotes
        (coverage_amount, created_at, deductible, monthly_premium, premium, primary_driver_license, primary_driver_name, valid_until, vehicle_current_value, vehicle_make, vehicle_model, vehicle_vin, vehicle_year, id) 
    values
        (?, ?, ?, ?, ?, ?, ?, ?, ?, ?, ?, ?, ?, ?)
2025-08-14 22:47:56 - Using 'application/json', given [*/*] and supported [application/json]
2025-08-14 22:47:56 - Writing [com.autoinsurance.quote.dto.QuoteResponseDto@116c096d]
2025-08-14 22:47:56 - Set SecurityContextHolder to anonymous SecurityContext
2025-08-14 22:47:56 - Securing POST /api/v1/quotes
2025-08-14 22:47:56 - Secured POST /api/v1/quotes
2025-08-14 22:47:56 - Mapped to com.autoinsurance.quote.controller.QuoteController#createQuote(QuoteRequestDto)
2025-08-14 22:47:56 - Read "application/json;charset=UTF-8" to [com.autoinsurance.quote.dto.QuoteRequestDto@dea0b4f]
2025-08-14 22:47:56 - 
    select
        q1_0.id,
        q1_0.coverage_amount,
        q1_0.created_at,
        q1_0.deductible,
        q1_0.monthly_premium,
        q1_0.premium,
        q1_0.primary_driver_license,
        q1_0.primary_driver_name,
        q1_0.valid_until,
        q1_0.vehicle_current_value,
        q1_0.vehicle_make,
        q1_0.vehicle_model,
        q1_0.vehicle_vin,
        q1_0.vehicle_year 
    from
        quotes q1_0 
    where
        q1_0.id=?
2025-08-14 22:47:56 - 
    insert 
    into
        quotes
        (coverage_amount, created_at, deductible, monthly_premium, premium, primary_driver_license, primary_driver_name, valid_until, vehicle_current_value, vehicle_make, vehicle_model, vehicle_vin, vehicle_year, id) 
    values
        (?, ?, ?, ?, ?, ?, ?, ?, ?, ?, ?, ?, ?, ?)
2025-08-14 22:47:56 - Using 'application/json', given [*/*] and supported [application/json]
2025-08-14 22:47:56 - Writing [com.autoinsurance.quote.dto.QuoteResponseDto@6d48cd71]
2025-08-14 22:47:56 - Set SecurityContextHolder to anonymous SecurityContext
2025-08-14 22:47:56 - Securing POST /api/v1/quotes
2025-08-14 22:47:56 - Secured POST /api/v1/quotes
2025-08-14 22:47:56 - Mapped to com.autoinsurance.quote.controller.QuoteController#createQuote(QuoteRequestDto)
2025-08-14 22:47:56 - Read "application/json;charset=UTF-8" to [com.autoinsurance.quote.dto.QuoteRequestDto@448ebce3]
2025-08-14 22:47:56 - 
    select
        q1_0.id,
        q1_0.coverage_amount,
        q1_0.created_at,
        q1_0.deductible,
        q1_0.monthly_premium,
        q1_0.premium,
        q1_0.primary_driver_license,
        q1_0.primary_driver_name,
        q1_0.valid_until,
        q1_0.vehicle_current_value,
        q1_0.vehicle_make,
        q1_0.vehicle_model,
        q1_0.vehicle_vin,
        q1_0.vehicle_year 
    from
        quotes q1_0 
    where
        q1_0.id=?
2025-08-14 22:47:56 - 
    insert 
    into
        quotes
        (coverage_amount, created_at, deductible, monthly_premium, premium, primary_driver_license, primary_driver_name, valid_until, vehicle_current_value, vehicle_make, vehicle_model, vehicle_vin, vehicle_year, id) 
    values
        (?, ?, ?, ?, ?, ?, ?, ?, ?, ?, ?, ?, ?, ?)
2025-08-14 22:47:56 - Using 'application/json', given [*/*] and supported [application/json]
2025-08-14 22:47:56 - Writing [com.autoinsurance.quote.dto.QuoteResponseDto@267823a3]
2025-08-14 22:47:56 - Set SecurityContextHolder to anonymous SecurityContext
2025-08-14 22:47:56 - Securing POST /api/v1/quotes
2025-08-14 22:47:56 - Secured POST /api/v1/quotes
2025-08-14 22:47:56 - Mapped to com.autoinsurance.quote.controller.QuoteController#createQuote(QuoteRequestDto)
2025-08-14 22:47:56 - Read "application/json;charset=UTF-8" to [com.autoinsurance.quote.dto.QuoteRequestDto@56f2ae7f]
2025-08-14 22:47:56 - 
    select
        q1_0.id,
        q1_0.coverage_amount,
        q1_0.created_at,
        q1_0.deductible,
        q1_0.monthly_premium,
        q1_0.premium,
        q1_0.primary_driver_license,
        q1_0.primary_driver_name,
        q1_0.valid_until,
        q1_0.vehicle_current_value,
        q1_0.vehicle_make,
        q1_0.vehicle_model,
        q1_0.vehicle_vin,
        q1_0.vehicle_year 
    from
        quotes q1_0 
    where
        q1_0.id=?
2025-08-14 22:47:56 - 
    insert 
    into
        quotes
        (coverage_amount, created_at, deductible, monthly_premium, premium, primary_driver_license, primary_driver_name, valid_until, vehicle_current_value, vehicle_make, vehicle_model, vehicle_vin, vehicle_year, id) 
    values
        (?, ?, ?, ?, ?, ?, ?, ?, ?, ?, ?, ?, ?, ?)
2025-08-14 22:47:56 - Using 'application/json', given [*/*] and supported [application/json]
2025-08-14 22:47:56 - Writing [com.autoinsurance.quote.dto.QuoteResponseDto@5e2a7c5e]
2025-08-14 22:47:56 - Set SecurityContextHolder to anonymous SecurityContext
2025-08-14 22:47:56 - Securing POST /api/v1/quotes
2025-08-14 22:47:56 - Secured POST /api/v1/quotes
2025-08-14 22:47:56 - Mapped to com.autoinsurance.quote.controller.QuoteController#createQuote(QuoteRequestDto)
2025-08-14 22:47:56 - Read "application/json;charset=UTF-8" to [com.autoinsurance.quote.dto.QuoteRequestDto@58ed05f9]
2025-08-14 22:47:56 - 
    select
        q1_0.id,
        q1_0.coverage_amount,
        q1_0.created_at,
        q1_0.deductible,
        q1_0.monthly_premium,
        q1_0.premium,
        q1_0.primary_driver_license,
        q1_0.primary_driver_name,
        q1_0.valid_until,
        q1_0.vehicle_current_value,
        q1_0.vehicle_make,
        q1_0.vehicle_model,
        q1_0.vehicle_vin,
        q1_0.vehicle_year 
    from
        quotes q1_0 
    where
        q1_0.id=?
2025-08-14 22:47:56 - 
    insert 
    into
        quotes
        (coverage_amount, created_at, deductible, monthly_premium, premium, primary_driver_license, primary_driver_name, valid_until, vehicle_current_value, vehicle_make, vehicle_model, vehicle_vin, vehicle_year, id) 
    values
        (?, ?, ?, ?, ?, ?, ?, ?, ?, ?, ?, ?, ?, ?)
2025-08-14 22:47:56 - Using 'application/json', given [*/*] and supported [application/json]
2025-08-14 22:47:56 - Writing [com.autoinsurance.quote.dto.QuoteResponseDto@6f39581c]
2025-08-14 22:47:56 - Set SecurityContextHolder to anonymous SecurityContext
2025-08-14 22:47:57 - Securing POST /api/v1/quotes
2025-08-14 22:47:57 - Secured POST /api/v1/quotes
2025-08-14 22:47:57 - Mapped to com.autoinsurance.quote.controller.QuoteController#createQuote(QuoteRequestDto)
2025-08-14 22:47:57 - Read "application/json;charset=UTF-8" to [com.autoinsurance.quote.dto.QuoteRequestDto@29114dc3]
2025-08-14 22:47:57 - 
    select
        q1_0.id,
        q1_0.coverage_amount,
        q1_0.created_at,
        q1_0.deductible,
        q1_0.monthly_premium,
        q1_0.premium,
        q1_0.primary_driver_license,
        q1_0.primary_driver_name,
        q1_0.valid_until,
        q1_0.vehicle_current_value,
        q1_0.vehicle_make,
        q1_0.vehicle_model,
        q1_0.vehicle_vin,
        q1_0.vehicle_year 
    from
        quotes q1_0 
    where
        q1_0.id=?
2025-08-14 22:47:57 - 
    insert 
    into
        quotes
        (coverage_amount, created_at, deductible, monthly_premium, premium, primary_driver_license, primary_driver_name, valid_until, vehicle_current_value, vehicle_make, vehicle_model, vehicle_vin, vehicle_year, id) 
    values
        (?, ?, ?, ?, ?, ?, ?, ?, ?, ?, ?, ?, ?, ?)
2025-08-14 22:47:57 - Using 'application/json', given [*/*] and supported [application/json]
2025-08-14 22:47:57 - Writing [com.autoinsurance.quote.dto.QuoteResponseDto@20cabc06]
2025-08-14 22:47:57 - Set SecurityContextHolder to anonymous SecurityContext
2025-08-14 22:47:57 - Securing POST /api/v1/quotes
2025-08-14 22:47:57 - Secured POST /api/v1/quotes
2025-08-14 22:47:57 - Mapped to com.autoinsurance.quote.controller.QuoteController#createQuote(QuoteRequestDto)
2025-08-14 22:47:57 - Read "application/json;charset=UTF-8" to [com.autoinsurance.quote.dto.QuoteRequestDto@168953fe]
2025-08-14 22:47:57 - 
    select
        q1_0.id,
        q1_0.coverage_amount,
        q1_0.created_at,
        q1_0.deductible,
        q1_0.monthly_premium,
        q1_0.premium,
        q1_0.primary_driver_license,
        q1_0.primary_driver_name,
        q1_0.valid_until,
        q1_0.vehicle_current_value,
        q1_0.vehicle_make,
        q1_0.vehicle_model,
        q1_0.vehicle_vin,
        q1_0.vehicle_year 
    from
        quotes q1_0 
    where
        q1_0.id=?
2025-08-14 22:47:57 - 
    insert 
    into
        quotes
        (coverage_amount, created_at, deductible, monthly_premium, premium, primary_driver_license, primary_driver_name, valid_until, vehicle_current_value, vehicle_make, vehicle_model, vehicle_vin, vehicle_year, id) 
    values
        (?, ?, ?, ?, ?, ?, ?, ?, ?, ?, ?, ?, ?, ?)
2025-08-14 22:47:57 - Using 'application/json', given [*/*] and supported [application/json]
2025-08-14 22:47:57 - Writing [com.autoinsurance.quote.dto.QuoteResponseDto@35c8519f]
2025-08-14 22:47:57 - Set SecurityContextHolder to anonymous SecurityContext
2025-08-14 22:47:57 - Securing POST /api/v1/quotes
2025-08-14 22:47:57 - Secured POST /api/v1/quotes
2025-08-14 22:47:57 - Mapped to com.autoinsurance.quote.controller.QuoteController#createQuote(QuoteRequestDto)
2025-08-14 22:47:57 - Read "application/json;charset=UTF-8" to [com.autoinsurance.quote.dto.QuoteRequestDto@3504779a]
2025-08-14 22:47:57 - 
    select
        q1_0.id,
        q1_0.coverage_amount,
        q1_0.created_at,
        q1_0.deductible,
        q1_0.monthly_premium,
        q1_0.premium,
        q1_0.primary_driver_license,
        q1_0.primary_driver_name,
        q1_0.valid_until,
        q1_0.vehicle_current_value,
        q1_0.vehicle_make,
        q1_0.vehicle_model,
        q1_0.vehicle_vin,
        q1_0.vehicle_year 
    from
        quotes q1_0 
    where
        q1_0.id=?
2025-08-14 22:47:57 - 
    insert 
    into
        quotes
        (coverage_amount, created_at, deductible, monthly_premium, premium, primary_driver_license, primary_driver_name, valid_until, vehicle_current_value, vehicle_make, vehicle_model, vehicle_vin, vehicle_year, id) 
    values
        (?, ?, ?, ?, ?, ?, ?, ?, ?, ?, ?, ?, ?, ?)
2025-08-14 22:47:57 - Using 'application/json', given [*/*] and supported [application/json]
2025-08-14 22:47:57 - Writing [com.autoinsurance.quote.dto.QuoteResponseDto@3a105e7e]
2025-08-14 22:47:57 - Set SecurityContextHolder to anonymous SecurityContext
2025-08-14 22:47:57 - Securing POST /api/v1/quotes
2025-08-14 22:47:57 - Secured POST /api/v1/quotes
2025-08-14 22:47:57 - Mapped to com.autoinsurance.quote.controller.QuoteController#createQuote(QuoteRequestDto)
2025-08-14 22:47:57 - Read "application/json;charset=UTF-8" to [com.autoinsurance.quote.dto.QuoteRequestDto@1622ece7]
2025-08-14 22:47:57 - 
    select
        q1_0.id,
        q1_0.coverage_amount,
        q1_0.created_at,
        q1_0.deductible,
        q1_0.monthly_premium,
        q1_0.premium,
        q1_0.primary_driver_license,
        q1_0.primary_driver_name,
        q1_0.valid_until,
        q1_0.vehicle_current_value,
        q1_0.vehicle_make,
        q1_0.vehicle_model,
        q1_0.vehicle_vin,
        q1_0.vehicle_year 
    from
        quotes q1_0 
    where
        q1_0.id=?
2025-08-14 22:47:57 - 
    insert 
    into
        quotes
        (coverage_amount, created_at, deductible, monthly_premium, premium, primary_driver_license, primary_driver_name, valid_until, vehicle_current_value, vehicle_make, vehicle_model, vehicle_vin, vehicle_year, id) 
    values
        (?, ?, ?, ?, ?, ?, ?, ?, ?, ?, ?, ?, ?, ?)
2025-08-14 22:47:57 - Using 'application/json', given [*/*] and supported [application/json]
2025-08-14 22:47:57 - Writing [com.autoinsurance.quote.dto.QuoteResponseDto@4bd9dc26]
2025-08-14 22:47:57 - Set SecurityContextHolder to anonymous SecurityContext
2025-08-14 22:47:57 - Securing POST /api/v1/quotes
2025-08-14 22:47:57 - Secured POST /api/v1/quotes
2025-08-14 22:47:57 - Mapped to com.autoinsurance.quote.controller.QuoteController#createQuote(QuoteRequestDto)
2025-08-14 22:47:57 - Read "application/json;charset=UTF-8" to [com.autoinsurance.quote.dto.QuoteRequestDto@3b118b67]
2025-08-14 22:47:57 - 
    select
        q1_0.id,
        q1_0.coverage_amount,
        q1_0.created_at,
        q1_0.deductible,
        q1_0.monthly_premium,
        q1_0.premium,
        q1_0.primary_driver_license,
        q1_0.primary_driver_name,
        q1_0.valid_until,
        q1_0.vehicle_current_value,
        q1_0.vehicle_make,
        q1_0.vehicle_model,
        q1_0.vehicle_vin,
        q1_0.vehicle_year 
    from
        quotes q1_0 
    where
        q1_0.id=?
2025-08-14 22:47:57 - 
    insert 
    into
        quotes
        (coverage_amount, created_at, deductible, monthly_premium, premium, primary_driver_license, primary_driver_name, valid_until, vehicle_current_value, vehicle_make, vehicle_model, vehicle_vin, vehicle_year, id) 
    values
        (?, ?, ?, ?, ?, ?, ?, ?, ?, ?, ?, ?, ?, ?)
2025-08-14 22:47:57 - Using 'application/json', given [*/*] and supported [application/json]
2025-08-14 22:47:57 - Writing [com.autoinsurance.quote.dto.QuoteResponseDto@7eae63f5]
2025-08-14 22:47:57 - Set SecurityContextHolder to anonymous SecurityContext
2025-08-14 22:47:57 - Securing POST /api/v1/quotes
2025-08-14 22:47:57 - Secured POST /api/v1/quotes
2025-08-14 22:47:57 - Mapped to com.autoinsurance.quote.controller.QuoteController#createQuote(QuoteRequestDto)
2025-08-14 22:47:57 - Read "application/json;charset=UTF-8" to [com.autoinsurance.quote.dto.QuoteRequestDto@7319eaa1]
2025-08-14 22:47:57 - 
    select
        q1_0.id,
        q1_0.coverage_amount,
        q1_0.created_at,
        q1_0.deductible,
        q1_0.monthly_premium,
        q1_0.premium,
        q1_0.primary_driver_license,
        q1_0.primary_driver_name,
        q1_0.valid_until,
        q1_0.vehicle_current_value,
        q1_0.vehicle_make,
        q1_0.vehicle_model,
        q1_0.vehicle_vin,
        q1_0.vehicle_year 
    from
        quotes q1_0 
    where
        q1_0.id=?
2025-08-14 22:47:57 - 
    insert 
    into
        quotes
        (coverage_amount, created_at, deductible, monthly_premium, premium, primary_driver_license, primary_driver_name, valid_until, vehicle_current_value, vehicle_make, vehicle_model, vehicle_vin, vehicle_year, id) 
    values
        (?, ?, ?, ?, ?, ?, ?, ?, ?, ?, ?, ?, ?, ?)
2025-08-14 22:47:57 - Using 'application/json', given [*/*] and supported [application/json]
2025-08-14 22:47:57 - Writing [com.autoinsurance.quote.dto.QuoteResponseDto@7dcf9a78]
2025-08-14 22:47:57 - Set SecurityContextHolder to anonymous SecurityContext
2025-08-14 22:47:57 - Securing POST /api/v1/quotes
2025-08-14 22:47:57 - Secured POST /api/v1/quotes
2025-08-14 22:47:57 - Mapped to com.autoinsurance.quote.controller.QuoteController#createQuote(QuoteRequestDto)
2025-08-14 22:47:57 - Read "application/json;charset=UTF-8" to [com.autoinsurance.quote.dto.QuoteRequestDto@74adf970]
2025-08-14 22:47:57 - 
    select
        q1_0.id,
        q1_0.coverage_amount,
        q1_0.created_at,
        q1_0.deductible,
        q1_0.monthly_premium,
        q1_0.premium,
        q1_0.primary_driver_license,
        q1_0.primary_driver_name,
        q1_0.valid_until,
        q1_0.vehicle_current_value,
        q1_0.vehicle_make,
        q1_0.vehicle_model,
        q1_0.vehicle_vin,
        q1_0.vehicle_year 
    from
        quotes q1_0 
    where
        q1_0.id=?
2025-08-14 22:47:57 - 
    insert 
    into
        quotes
        (coverage_amount, created_at, deductible, monthly_premium, premium, primary_driver_license, primary_driver_name, valid_until, vehicle_current_value, vehicle_make, vehicle_model, vehicle_vin, vehicle_year, id) 
    values
        (?, ?, ?, ?, ?, ?, ?, ?, ?, ?, ?, ?, ?, ?)
2025-08-14 22:47:57 - Using 'application/json', given [*/*] and supported [application/json]
2025-08-14 22:47:57 - Writing [com.autoinsurance.quote.dto.QuoteResponseDto@51eff484]
2025-08-14 22:47:57 - Set SecurityContextHolder to anonymous SecurityContext
2025-08-14 22:47:57 - Securing POST /api/v1/quotes
2025-08-14 22:47:57 - Secured POST /api/v1/quotes
2025-08-14 22:47:57 - Mapped to com.autoinsurance.quote.controller.QuoteController#createQuote(QuoteRequestDto)
2025-08-14 22:47:57 - Read "application/json;charset=UTF-8" to [com.autoinsurance.quote.dto.QuoteRequestDto@30e736ce]
2025-08-14 22:47:57 - 
    select
        q1_0.id,
        q1_0.coverage_amount,
        q1_0.created_at,
        q1_0.deductible,
        q1_0.monthly_premium,
        q1_0.premium,
        q1_0.primary_driver_license,
        q1_0.primary_driver_name,
        q1_0.valid_until,
        q1_0.vehicle_current_value,
        q1_0.vehicle_make,
        q1_0.vehicle_model,
        q1_0.vehicle_vin,
        q1_0.vehicle_year 
    from
        quotes q1_0 
    where
        q1_0.id=?
2025-08-14 22:47:57 - 
    insert 
    into
        quotes
        (coverage_amount, created_at, deductible, monthly_premium, premium, primary_driver_license, primary_driver_name, valid_until, vehicle_current_value, vehicle_make, vehicle_model, vehicle_vin, vehicle_year, id) 
    values
        (?, ?, ?, ?, ?, ?, ?, ?, ?, ?, ?, ?, ?, ?)
2025-08-14 22:47:57 - Using 'application/json', given [*/*] and supported [application/json]
2025-08-14 22:47:57 - Writing [com.autoinsurance.quote.dto.QuoteResponseDto@428224c4]
2025-08-14 22:47:57 - Set SecurityContextHolder to anonymous SecurityContext
2025-08-14 22:47:57 - Securing POST /api/v1/quotes
2025-08-14 22:47:57 - Secured POST /api/v1/quotes
2025-08-14 22:47:57 - Mapped to com.autoinsurance.quote.controller.QuoteController#createQuote(QuoteRequestDto)
2025-08-14 22:47:57 - Read "application/json;charset=UTF-8" to [com.autoinsurance.quote.dto.QuoteRequestDto@758b3cc4]
2025-08-14 22:47:57 - 
    select
        q1_0.id,
        q1_0.coverage_amount,
        q1_0.created_at,
        q1_0.deductible,
        q1_0.monthly_premium,
        q1_0.premium,
        q1_0.primary_driver_license,
        q1_0.primary_driver_name,
        q1_0.valid_until,
        q1_0.vehicle_current_value,
        q1_0.vehicle_make,
        q1_0.vehicle_model,
        q1_0.vehicle_vin,
        q1_0.vehicle_year 
    from
        quotes q1_0 
    where
        q1_0.id=?
2025-08-14 22:47:57 - 
    insert 
    into
        quotes
        (coverage_amount, created_at, deductible, monthly_premium, premium, primary_driver_license, primary_driver_name, valid_until, vehicle_current_value, vehicle_make, vehicle_model, vehicle_vin, vehicle_year, id) 
    values
        (?, ?, ?, ?, ?, ?, ?, ?, ?, ?, ?, ?, ?, ?)
2025-08-14 22:47:57 - Using 'application/json', given [*/*] and supported [application/json]
2025-08-14 22:47:57 - Writing [com.autoinsurance.quote.dto.QuoteResponseDto@4689d8e0]
2025-08-14 22:47:57 - Set SecurityContextHolder to anonymous SecurityContext
2025-08-14 22:47:57 - Securing POST /api/v1/quotes
2025-08-14 22:47:57 - Secured POST /api/v1/quotes
2025-08-14 22:47:57 - Mapped to com.autoinsurance.quote.controller.QuoteController#createQuote(QuoteRequestDto)
2025-08-14 22:47:57 - Read "application/json;charset=UTF-8" to [com.autoinsurance.quote.dto.QuoteRequestDto@14f033e2]
2025-08-14 22:47:57 - 
    select
        q1_0.id,
        q1_0.coverage_amount,
        q1_0.created_at,
        q1_0.deductible,
        q1_0.monthly_premium,
        q1_0.premium,
        q1_0.primary_driver_license,
        q1_0.primary_driver_name,
        q1_0.valid_until,
        q1_0.vehicle_current_value,
        q1_0.vehicle_make,
        q1_0.vehicle_model,
        q1_0.vehicle_vin,
        q1_0.vehicle_year 
    from
        quotes q1_0 
    where
        q1_0.id=?
2025-08-14 22:47:57 - 
    insert 
    into
        quotes
        (coverage_amount, created_at, deductible, monthly_premium, premium, primary_driver_license, primary_driver_name, valid_until, vehicle_current_value, vehicle_make, vehicle_model, vehicle_vin, vehicle_year, id) 
    values
        (?, ?, ?, ?, ?, ?, ?, ?, ?, ?, ?, ?, ?, ?)
2025-08-14 22:47:57 - Using 'application/json', given [*/*] and supported [application/json]
2025-08-14 22:47:57 - Writing [com.autoinsurance.quote.dto.QuoteResponseDto@1d5a7ac3]
2025-08-14 22:47:57 - Set SecurityContextHolder to anonymous SecurityContext
2025-08-14 22:47:58 - Securing POST /api/v1/quotes
2025-08-14 22:47:58 - Secured POST /api/v1/quotes
2025-08-14 22:47:58 - Mapped to com.autoinsurance.quote.controller.QuoteController#createQuote(QuoteRequestDto)
2025-08-14 22:47:58 - Read "application/json;charset=UTF-8" to [com.autoinsurance.quote.dto.QuoteRequestDto@3dda762c]
2025-08-14 22:47:58 - 
    select
        q1_0.id,
        q1_0.coverage_amount,
        q1_0.created_at,
        q1_0.deductible,
        q1_0.monthly_premium,
        q1_0.premium,
        q1_0.primary_driver_license,
        q1_0.primary_driver_name,
        q1_0.valid_until,
        q1_0.vehicle_current_value,
        q1_0.vehicle_make,
        q1_0.vehicle_model,
        q1_0.vehicle_vin,
        q1_0.vehicle_year 
    from
        quotes q1_0 
    where
        q1_0.id=?
2025-08-14 22:47:58 - 
    insert 
    into
        quotes
        (coverage_amount, created_at, deductible, monthly_premium, premium, primary_driver_license, primary_driver_name, valid_until, vehicle_current_value, vehicle_make, vehicle_model, vehicle_vin, vehicle_year, id) 
    values
        (?, ?, ?, ?, ?, ?, ?, ?, ?, ?, ?, ?, ?, ?)
2025-08-14 22:47:58 - Using 'application/json', given [*/*] and supported [application/json]
2025-08-14 22:47:58 - Writing [com.autoinsurance.quote.dto.QuoteResponseDto@7fbb42b2]
2025-08-14 22:47:58 - Set SecurityContextHolder to anonymous SecurityContext
2025-08-14 22:47:58 - Securing POST /api/v1/quotes
2025-08-14 22:47:58 - Secured POST /api/v1/quotes
2025-08-14 22:47:58 - Mapped to com.autoinsurance.quote.controller.QuoteController#createQuote(QuoteRequestDto)
2025-08-14 22:47:58 - Read "application/json;charset=UTF-8" to [com.autoinsurance.quote.dto.QuoteRequestDto@6fba8b99]
2025-08-14 22:47:58 - 
    select
        q1_0.id,
        q1_0.coverage_amount,
        q1_0.created_at,
        q1_0.deductible,
        q1_0.monthly_premium,
        q1_0.premium,
        q1_0.primary_driver_license,
        q1_0.primary_driver_name,
        q1_0.valid_until,
        q1_0.vehicle_current_value,
        q1_0.vehicle_make,
        q1_0.vehicle_model,
        q1_0.vehicle_vin,
        q1_0.vehicle_year 
    from
        quotes q1_0 
    where
        q1_0.id=?
2025-08-14 22:47:58 - 
    insert 
    into
        quotes
        (coverage_amount, created_at, deductible, monthly_premium, premium, primary_driver_license, primary_driver_name, valid_until, vehicle_current_value, vehicle_make, vehicle_model, vehicle_vin, vehicle_year, id) 
    values
        (?, ?, ?, ?, ?, ?, ?, ?, ?, ?, ?, ?, ?, ?)
2025-08-14 22:47:58 - Using 'application/json', given [*/*] and supported [application/json]
2025-08-14 22:47:58 - Writing [com.autoinsurance.quote.dto.QuoteResponseDto@34e2738c]
2025-08-14 22:47:58 - Set SecurityContextHolder to anonymous SecurityContext
2025-08-14 22:47:58 - Securing POST /api/v1/quotes
2025-08-14 22:47:58 - Secured POST /api/v1/quotes
2025-08-14 22:47:58 - Mapped to com.autoinsurance.quote.controller.QuoteController#createQuote(QuoteRequestDto)
2025-08-14 22:47:58 - Read "application/json;charset=UTF-8" to [com.autoinsurance.quote.dto.QuoteRequestDto@323cdd0b]
2025-08-14 22:47:58 - 
    select
        q1_0.id,
        q1_0.coverage_amount,
        q1_0.created_at,
        q1_0.deductible,
        q1_0.monthly_premium,
        q1_0.premium,
        q1_0.primary_driver_license,
        q1_0.primary_driver_name,
        q1_0.valid_until,
        q1_0.vehicle_current_value,
        q1_0.vehicle_make,
        q1_0.vehicle_model,
        q1_0.vehicle_vin,
        q1_0.vehicle_year 
    from
        quotes q1_0 
    where
        q1_0.id=?
2025-08-14 22:47:58 - 
    insert 
    into
        quotes
        (coverage_amount, created_at, deductible, monthly_premium, premium, primary_driver_license, primary_driver_name, valid_until, vehicle_current_value, vehicle_make, vehicle_model, vehicle_vin, vehicle_year, id) 
    values
        (?, ?, ?, ?, ?, ?, ?, ?, ?, ?, ?, ?, ?, ?)
2025-08-14 22:47:58 - Using 'application/json', given [*/*] and supported [application/json]
2025-08-14 22:47:58 - Writing [com.autoinsurance.quote.dto.QuoteResponseDto@492e7c46]
2025-08-14 22:47:58 - Set SecurityContextHolder to anonymous SecurityContext
2025-08-14 22:47:58 - Securing POST /api/v1/quotes
2025-08-14 22:47:58 - Secured POST /api/v1/quotes
2025-08-14 22:47:58 - Mapped to com.autoinsurance.quote.controller.QuoteController#createQuote(QuoteRequestDto)
2025-08-14 22:47:58 - Read "application/json;charset=UTF-8" to [com.autoinsurance.quote.dto.QuoteRequestDto@ef5ac00]
2025-08-14 22:47:58 - 
    select
        q1_0.id,
        q1_0.coverage_amount,
        q1_0.created_at,
        q1_0.deductible,
        q1_0.monthly_premium,
        q1_0.premium,
        q1_0.primary_driver_license,
        q1_0.primary_driver_name,
        q1_0.valid_until,
        q1_0.vehicle_current_value,
        q1_0.vehicle_make,
        q1_0.vehicle_model,
        q1_0.vehicle_vin,
        q1_0.vehicle_year 
    from
        quotes q1_0 
    where
        q1_0.id=?
2025-08-14 22:47:58 - 
    insert 
    into
        quotes
        (coverage_amount, created_at, deductible, monthly_premium, premium, primary_driver_license, primary_driver_name, valid_until, vehicle_current_value, vehicle_make, vehicle_model, vehicle_vin, vehicle_year, id) 
    values
        (?, ?, ?, ?, ?, ?, ?, ?, ?, ?, ?, ?, ?, ?)
2025-08-14 22:47:58 - Using 'application/json', given [*/*] and supported [application/json]
2025-08-14 22:47:58 - Writing [com.autoinsurance.quote.dto.QuoteResponseDto@3134fff2]
2025-08-14 22:47:58 - Set SecurityContextHolder to anonymous SecurityContext
2025-08-14 22:47:58 - Securing POST /api/v1/quotes
2025-08-14 22:47:58 - Secured POST /api/v1/quotes
2025-08-14 22:47:58 - Mapped to com.autoinsurance.quote.controller.QuoteController#createQuote(QuoteRequestDto)
2025-08-14 22:47:58 - Read "application/json;charset=UTF-8" to [com.autoinsurance.quote.dto.QuoteRequestDto@2919eeab]
2025-08-14 22:47:58 - 
    select
        q1_0.id,
        q1_0.coverage_amount,
        q1_0.created_at,
        q1_0.deductible,
        q1_0.monthly_premium,
        q1_0.premium,
        q1_0.primary_driver_license,
        q1_0.primary_driver_name,
        q1_0.valid_until,
        q1_0.vehicle_current_value,
        q1_0.vehicle_make,
        q1_0.vehicle_model,
        q1_0.vehicle_vin,
        q1_0.vehicle_year 
    from
        quotes q1_0 
    where
        q1_0.id=?
2025-08-14 22:47:58 - 
    insert 
    into
        quotes
        (coverage_amount, created_at, deductible, monthly_premium, premium, primary_driver_license, primary_driver_name, valid_until, vehicle_current_value, vehicle_make, vehicle_model, vehicle_vin, vehicle_year, id) 
    values
        (?, ?, ?, ?, ?, ?, ?, ?, ?, ?, ?, ?, ?, ?)
2025-08-14 22:47:58 - Using 'application/json', given [*/*] and supported [application/json]
2025-08-14 22:47:58 - Writing [com.autoinsurance.quote.dto.QuoteResponseDto@215593bd]
2025-08-14 22:47:58 - Set SecurityContextHolder to anonymous SecurityContext
2025-08-14 22:47:58 - Securing POST /api/v1/quotes
2025-08-14 22:47:58 - Secured POST /api/v1/quotes
2025-08-14 22:47:58 - Mapped to com.autoinsurance.quote.controller.QuoteController#createQuote(QuoteRequestDto)
2025-08-14 22:47:58 - Read "application/json;charset=UTF-8" to [com.autoinsurance.quote.dto.QuoteRequestDto@21eb1819]
2025-08-14 22:47:58 - 
    select
        q1_0.id,
        q1_0.coverage_amount,
        q1_0.created_at,
        q1_0.deductible,
        q1_0.monthly_premium,
        q1_0.premium,
        q1_0.primary_driver_license,
        q1_0.primary_driver_name,
        q1_0.valid_until,
        q1_0.vehicle_current_value,
        q1_0.vehicle_make,
        q1_0.vehicle_model,
        q1_0.vehicle_vin,
        q1_0.vehicle_year 
    from
        quotes q1_0 
    where
        q1_0.id=?
2025-08-14 22:47:58 - 
    insert 
    into
        quotes
        (coverage_amount, created_at, deductible, monthly_premium, premium, primary_driver_license, primary_driver_name, valid_until, vehicle_current_value, vehicle_make, vehicle_model, vehicle_vin, vehicle_year, id) 
    values
        (?, ?, ?, ?, ?, ?, ?, ?, ?, ?, ?, ?, ?, ?)
2025-08-14 22:47:58 - Using 'application/json', given [*/*] and supported [application/json]
2025-08-14 22:47:58 - Writing [com.autoinsurance.quote.dto.QuoteResponseDto@62454f49]
2025-08-14 22:47:58 - Set SecurityContextHolder to anonymous SecurityContext
2025-08-14 22:47:58 - Securing POST /api/v1/quotes
2025-08-14 22:47:58 - Secured POST /api/v1/quotes
2025-08-14 22:47:58 - Mapped to com.autoinsurance.quote.controller.QuoteController#createQuote(QuoteRequestDto)
2025-08-14 22:47:58 - Read "application/json;charset=UTF-8" to [com.autoinsurance.quote.dto.QuoteRequestDto@450d1c66]
2025-08-14 22:47:58 - 
    select
        q1_0.id,
        q1_0.coverage_amount,
        q1_0.created_at,
        q1_0.deductible,
        q1_0.monthly_premium,
        q1_0.premium,
        q1_0.primary_driver_license,
        q1_0.primary_driver_name,
        q1_0.valid_until,
        q1_0.vehicle_current_value,
        q1_0.vehicle_make,
        q1_0.vehicle_model,
        q1_0.vehicle_vin,
        q1_0.vehicle_year 
    from
        quotes q1_0 
    where
        q1_0.id=?
2025-08-14 22:47:58 - 
    insert 
    into
        quotes
        (coverage_amount, created_at, deductible, monthly_premium, premium, primary_driver_license, primary_driver_name, valid_until, vehicle_current_value, vehicle_make, vehicle_model, vehicle_vin, vehicle_year, id) 
    values
        (?, ?, ?, ?, ?, ?, ?, ?, ?, ?, ?, ?, ?, ?)
2025-08-14 22:47:58 - Using 'application/json', given [*/*] and supported [application/json]
2025-08-14 22:47:58 - Writing [com.autoinsurance.quote.dto.QuoteResponseDto@5387c5e0]
2025-08-14 22:47:58 - Set SecurityContextHolder to anonymous SecurityContext
2025-08-14 22:47:58 - Securing POST /api/v1/quotes
2025-08-14 22:47:58 - Secured POST /api/v1/quotes
2025-08-14 22:47:58 - Mapped to com.autoinsurance.quote.controller.QuoteController#createQuote(QuoteRequestDto)
2025-08-14 22:47:58 - Read "application/json;charset=UTF-8" to [com.autoinsurance.quote.dto.QuoteRequestDto@4441b665]
2025-08-14 22:47:58 - 
    select
        q1_0.id,
        q1_0.coverage_amount,
        q1_0.created_at,
        q1_0.deductible,
        q1_0.monthly_premium,
        q1_0.premium,
        q1_0.primary_driver_license,
        q1_0.primary_driver_name,
        q1_0.valid_until,
        q1_0.vehicle_current_value,
        q1_0.vehicle_make,
        q1_0.vehicle_model,
        q1_0.vehicle_vin,
        q1_0.vehicle_year 
    from
        quotes q1_0 
    where
        q1_0.id=?
2025-08-14 22:47:58 - 
    insert 
    into
        quotes
        (coverage_amount, created_at, deductible, monthly_premium, premium, primary_driver_license, primary_driver_name, valid_until, vehicle_current_value, vehicle_make, vehicle_model, vehicle_vin, vehicle_year, id) 
    values
        (?, ?, ?, ?, ?, ?, ?, ?, ?, ?, ?, ?, ?, ?)
2025-08-14 22:47:58 - Using 'application/json', given [*/*] and supported [application/json]
2025-08-14 22:47:58 - Writing [com.autoinsurance.quote.dto.QuoteResponseDto@2e1598e4]
2025-08-14 22:47:58 - Set SecurityContextHolder to anonymous SecurityContext
2025-08-14 22:47:58 - Securing POST /api/v1/quotes
2025-08-14 22:47:58 - Secured POST /api/v1/quotes
2025-08-14 22:47:58 - Mapped to com.autoinsurance.quote.controller.QuoteController#createQuote(QuoteRequestDto)
2025-08-14 22:47:58 - Read "application/json;charset=UTF-8" to [com.autoinsurance.quote.dto.QuoteRequestDto@19ed470d]
2025-08-14 22:47:58 - 
    select
        q1_0.id,
        q1_0.coverage_amount,
        q1_0.created_at,
        q1_0.deductible,
        q1_0.monthly_premium,
        q1_0.premium,
        q1_0.primary_driver_license,
        q1_0.primary_driver_name,
        q1_0.valid_until,
        q1_0.vehicle_current_value,
        q1_0.vehicle_make,
        q1_0.vehicle_model,
        q1_0.vehicle_vin,
        q1_0.vehicle_year 
    from
        quotes q1_0 
    where
        q1_0.id=?
2025-08-14 22:47:58 - 
    insert 
    into
        quotes
        (coverage_amount, created_at, deductible, monthly_premium, premium, primary_driver_license, primary_driver_name, valid_until, vehicle_current_value, vehicle_make, vehicle_model, vehicle_vin, vehicle_year, id) 
    values
        (?, ?, ?, ?, ?, ?, ?, ?, ?, ?, ?, ?, ?, ?)
2025-08-14 22:47:58 - Using 'application/json', given [*/*] and supported [application/json]
2025-08-14 22:47:58 - Writing [com.autoinsurance.quote.dto.QuoteResponseDto@291f8049]
2025-08-14 22:47:58 - Set SecurityContextHolder to anonymous SecurityContext
2025-08-14 22:47:58 - Securing POST /api/v1/quotes
2025-08-14 22:47:58 - Secured POST /api/v1/quotes
2025-08-14 22:47:58 - Mapped to com.autoinsurance.quote.controller.QuoteController#createQuote(QuoteRequestDto)
2025-08-14 22:47:58 - Read "application/json;charset=UTF-8" to [com.autoinsurance.quote.dto.QuoteRequestDto@a660601]
2025-08-14 22:47:58 - 
    select
        q1_0.id,
        q1_0.coverage_amount,
        q1_0.created_at,
        q1_0.deductible,
        q1_0.monthly_premium,
        q1_0.premium,
        q1_0.primary_driver_license,
        q1_0.primary_driver_name,
        q1_0.valid_until,
        q1_0.vehicle_current_value,
        q1_0.vehicle_make,
        q1_0.vehicle_model,
        q1_0.vehicle_vin,
        q1_0.vehicle_year 
    from
        quotes q1_0 
    where
        q1_0.id=?
2025-08-14 22:47:58 - 
    insert 
    into
        quotes
        (coverage_amount, created_at, deductible, monthly_premium, premium, primary_driver_license, primary_driver_name, valid_until, vehicle_current_value, vehicle_make, vehicle_model, vehicle_vin, vehicle_year, id) 
    values
        (?, ?, ?, ?, ?, ?, ?, ?, ?, ?, ?, ?, ?, ?)
2025-08-14 22:47:58 - Using 'application/json', given [*/*] and supported [application/json]
2025-08-14 22:47:58 - Writing [com.autoinsurance.quote.dto.QuoteResponseDto@3b2d1b36]
2025-08-14 22:47:58 - Set SecurityContextHolder to anonymous SecurityContext
2025-08-14 22:47:59 - Securing POST /api/v1/quotes
2025-08-14 22:47:59 - Secured POST /api/v1/quotes
2025-08-14 22:47:59 - Mapped to com.autoinsurance.quote.controller.QuoteController#createQuote(QuoteRequestDto)
2025-08-14 22:47:59 - Read "application/json;charset=UTF-8" to [com.autoinsurance.quote.dto.QuoteRequestDto@59974144]
2025-08-14 22:47:59 - 
    select
        q1_0.id,
        q1_0.coverage_amount,
        q1_0.created_at,
        q1_0.deductible,
        q1_0.monthly_premium,
        q1_0.premium,
        q1_0.primary_driver_license,
        q1_0.primary_driver_name,
        q1_0.valid_until,
        q1_0.vehicle_current_value,
        q1_0.vehicle_make,
        q1_0.vehicle_model,
        q1_0.vehicle_vin,
        q1_0.vehicle_year 
    from
        quotes q1_0 
    where
        q1_0.id=?
2025-08-14 22:47:59 - 
    insert 
    into
        quotes
        (coverage_amount, created_at, deductible, monthly_premium, premium, primary_driver_license, primary_driver_name, valid_until, vehicle_current_value, vehicle_make, vehicle_model, vehicle_vin, vehicle_year, id) 
    values
        (?, ?, ?, ?, ?, ?, ?, ?, ?, ?, ?, ?, ?, ?)
2025-08-14 22:47:59 - Using 'application/json', given [*/*] and supported [application/json]
2025-08-14 22:47:59 - Writing [com.autoinsurance.quote.dto.QuoteResponseDto@45d9181d]
2025-08-14 22:47:59 - Set SecurityContextHolder to anonymous SecurityContext
2025-08-14 22:47:59 - Securing POST /api/v1/quotes
2025-08-14 22:47:59 - Secured POST /api/v1/quotes
2025-08-14 22:47:59 - Mapped to com.autoinsurance.quote.controller.QuoteController#createQuote(QuoteRequestDto)
2025-08-14 22:47:59 - Read "application/json;charset=UTF-8" to [com.autoinsurance.quote.dto.QuoteRequestDto@2b76b506]
2025-08-14 22:47:59 - 
    select
        q1_0.id,
        q1_0.coverage_amount,
        q1_0.created_at,
        q1_0.deductible,
        q1_0.monthly_premium,
        q1_0.premium,
        q1_0.primary_driver_license,
        q1_0.primary_driver_name,
        q1_0.valid_until,
        q1_0.vehicle_current_value,
        q1_0.vehicle_make,
        q1_0.vehicle_model,
        q1_0.vehicle_vin,
        q1_0.vehicle_year 
    from
        quotes q1_0 
    where
        q1_0.id=?
2025-08-14 22:47:59 - 
    insert 
    into
        quotes
        (coverage_amount, created_at, deductible, monthly_premium, premium, primary_driver_license, primary_driver_name, valid_until, vehicle_current_value, vehicle_make, vehicle_model, vehicle_vin, vehicle_year, id) 
    values
        (?, ?, ?, ?, ?, ?, ?, ?, ?, ?, ?, ?, ?, ?)
2025-08-14 22:47:59 - Using 'application/json', given [*/*] and supported [application/json]
2025-08-14 22:47:59 - Writing [com.autoinsurance.quote.dto.QuoteResponseDto@243b037]
2025-08-14 22:47:59 - Set SecurityContextHolder to anonymous SecurityContext
2025-08-14 22:47:59 - Securing POST /api/v1/quotes
2025-08-14 22:47:59 - Secured POST /api/v1/quotes
2025-08-14 22:47:59 - Mapped to com.autoinsurance.quote.controller.QuoteController#createQuote(QuoteRequestDto)
2025-08-14 22:47:59 - Read "application/json;charset=UTF-8" to [com.autoinsurance.quote.dto.QuoteRequestDto@65b15cb4]
2025-08-14 22:47:59 - 
    select
        q1_0.id,
        q1_0.coverage_amount,
        q1_0.created_at,
        q1_0.deductible,
        q1_0.monthly_premium,
        q1_0.premium,
        q1_0.primary_driver_license,
        q1_0.primary_driver_name,
        q1_0.valid_until,
        q1_0.vehicle_current_value,
        q1_0.vehicle_make,
        q1_0.vehicle_model,
        q1_0.vehicle_vin,
        q1_0.vehicle_year 
    from
        quotes q1_0 
    where
        q1_0.id=?
2025-08-14 22:47:59 - 
    insert 
    into
        quotes
        (coverage_amount, created_at, deductible, monthly_premium, premium, primary_driver_license, primary_driver_name, valid_until, vehicle_current_value, vehicle_make, vehicle_model, vehicle_vin, vehicle_year, id) 
    values
        (?, ?, ?, ?, ?, ?, ?, ?, ?, ?, ?, ?, ?, ?)
2025-08-14 22:47:59 - Using 'application/json', given [*/*] and supported [application/json]
2025-08-14 22:47:59 - Writing [com.autoinsurance.quote.dto.QuoteResponseDto@58fe2461]
2025-08-14 22:47:59 - Set SecurityContextHolder to anonymous SecurityContext
2025-08-14 22:47:59 - Securing POST /api/v1/quotes
2025-08-14 22:47:59 - Secured POST /api/v1/quotes
2025-08-14 22:47:59 - Mapped to com.autoinsurance.quote.controller.QuoteController#createQuote(QuoteRequestDto)
2025-08-14 22:47:59 - Read "application/json;charset=UTF-8" to [com.autoinsurance.quote.dto.QuoteRequestDto@4967748e]
2025-08-14 22:47:59 - 
    select
        q1_0.id,
        q1_0.coverage_amount,
        q1_0.created_at,
        q1_0.deductible,
        q1_0.monthly_premium,
        q1_0.premium,
        q1_0.primary_driver_license,
        q1_0.primary_driver_name,
        q1_0.valid_until,
        q1_0.vehicle_current_value,
        q1_0.vehicle_make,
        q1_0.vehicle_model,
        q1_0.vehicle_vin,
        q1_0.vehicle_year 
    from
        quotes q1_0 
    where
        q1_0.id=?
2025-08-14 22:47:59 - 
    insert 
    into
        quotes
        (coverage_amount, created_at, deductible, monthly_premium, premium, primary_driver_license, primary_driver_name, valid_until, vehicle_current_value, vehicle_make, vehicle_model, vehicle_vin, vehicle_year, id) 
    values
        (?, ?, ?, ?, ?, ?, ?, ?, ?, ?, ?, ?, ?, ?)
2025-08-14 22:47:59 - Using 'application/json', given [*/*] and supported [application/json]
2025-08-14 22:47:59 - Writing [com.autoinsurance.quote.dto.QuoteResponseDto@4e01f6c0]
2025-08-14 22:47:59 - Set SecurityContextHolder to anonymous SecurityContext
2025-08-14 22:47:59 - Securing POST /api/v1/quotes
2025-08-14 22:47:59 - Secured POST /api/v1/quotes
2025-08-14 22:47:59 - Mapped to com.autoinsurance.quote.controller.QuoteController#createQuote(QuoteRequestDto)
2025-08-14 22:47:59 - Read "application/json;charset=UTF-8" to [com.autoinsurance.quote.dto.QuoteRequestDto@4ebbdef1]
2025-08-14 22:47:59 - 
    select
        q1_0.id,
        q1_0.coverage_amount,
        q1_0.created_at,
        q1_0.deductible,
        q1_0.monthly_premium,
        q1_0.premium,
        q1_0.primary_driver_license,
        q1_0.primary_driver_name,
        q1_0.valid_until,
        q1_0.vehicle_current_value,
        q1_0.vehicle_make,
        q1_0.vehicle_model,
        q1_0.vehicle_vin,
        q1_0.vehicle_year 
    from
        quotes q1_0 
    where
        q1_0.id=?
2025-08-14 22:47:59 - 
    insert 
    into
        quotes
        (coverage_amount, created_at, deductible, monthly_premium, premium, primary_driver_license, primary_driver_name, valid_until, vehicle_current_value, vehicle_make, vehicle_model, vehicle_vin, vehicle_year, id) 
    values
        (?, ?, ?, ?, ?, ?, ?, ?, ?, ?, ?, ?, ?, ?)
2025-08-14 22:47:59 - Using 'application/json', given [*/*] and supported [application/json]
2025-08-14 22:47:59 - Writing [com.autoinsurance.quote.dto.QuoteResponseDto@83b222a]
2025-08-14 22:47:59 - Set SecurityContextHolder to anonymous SecurityContext
2025-08-14 22:47:59 - Securing POST /api/v1/quotes
2025-08-14 22:47:59 - Secured POST /api/v1/quotes
2025-08-14 22:47:59 - Mapped to com.autoinsurance.quote.controller.QuoteController#createQuote(QuoteRequestDto)
2025-08-14 22:47:59 - Read "application/json;charset=UTF-8" to [com.autoinsurance.quote.dto.QuoteRequestDto@76deef5d]
2025-08-14 22:47:59 - 
    select
        q1_0.id,
        q1_0.coverage_amount,
        q1_0.created_at,
        q1_0.deductible,
        q1_0.monthly_premium,
        q1_0.premium,
        q1_0.primary_driver_license,
        q1_0.primary_driver_name,
        q1_0.valid_until,
        q1_0.vehicle_current_value,
        q1_0.vehicle_make,
        q1_0.vehicle_model,
        q1_0.vehicle_vin,
        q1_0.vehicle_year 
    from
        quotes q1_0 
    where
        q1_0.id=?
2025-08-14 22:47:59 - 
    insert 
    into
        quotes
        (coverage_amount, created_at, deductible, monthly_premium, premium, primary_driver_license, primary_driver_name, valid_until, vehicle_current_value, vehicle_make, vehicle_model, vehicle_vin, vehicle_year, id) 
    values
        (?, ?, ?, ?, ?, ?, ?, ?, ?, ?, ?, ?, ?, ?)
2025-08-14 22:47:59 - Using 'application/json', given [*/*] and supported [application/json]
2025-08-14 22:47:59 - Writing [com.autoinsurance.quote.dto.QuoteResponseDto@2961ac88]
2025-08-14 22:47:59 - Set SecurityContextHolder to anonymous SecurityContext
2025-08-14 22:47:59 - Securing POST /api/v1/quotes
2025-08-14 22:47:59 - Secured POST /api/v1/quotes
2025-08-14 22:47:59 - Mapped to com.autoinsurance.quote.controller.QuoteController#createQuote(QuoteRequestDto)
2025-08-14 22:47:59 - Read "application/json;charset=UTF-8" to [com.autoinsurance.quote.dto.QuoteRequestDto@5c81005b]
2025-08-14 22:47:59 - 
    select
        q1_0.id,
        q1_0.coverage_amount,
        q1_0.created_at,
        q1_0.deductible,
        q1_0.monthly_premium,
        q1_0.premium,
        q1_0.primary_driver_license,
        q1_0.primary_driver_name,
        q1_0.valid_until,
        q1_0.vehicle_current_value,
        q1_0.vehicle_make,
        q1_0.vehicle_model,
        q1_0.vehicle_vin,
        q1_0.vehicle_year 
    from
        quotes q1_0 
    where
        q1_0.id=?
2025-08-14 22:47:59 - 
    insert 
    into
        quotes
        (coverage_amount, created_at, deductible, monthly_premium, premium, primary_driver_license, primary_driver_name, valid_until, vehicle_current_value, vehicle_make, vehicle_model, vehicle_vin, vehicle_year, id) 
    values
        (?, ?, ?, ?, ?, ?, ?, ?, ?, ?, ?, ?, ?, ?)
2025-08-14 22:47:59 - Using 'application/json', given [*/*] and supported [application/json]
2025-08-14 22:47:59 - Writing [com.autoinsurance.quote.dto.QuoteResponseDto@30da2da0]
2025-08-14 22:47:59 - Set SecurityContextHolder to anonymous SecurityContext
2025-08-14 22:47:59 - Securing POST /api/v1/quotes
2025-08-14 22:47:59 - Secured POST /api/v1/quotes
2025-08-14 22:47:59 - Mapped to com.autoinsurance.quote.controller.QuoteController#createQuote(QuoteRequestDto)
2025-08-14 22:47:59 - Read "application/json;charset=UTF-8" to [com.autoinsurance.quote.dto.QuoteRequestDto@1d379e5d]
2025-08-14 22:47:59 - 
    select
        q1_0.id,
        q1_0.coverage_amount,
        q1_0.created_at,
        q1_0.deductible,
        q1_0.monthly_premium,
        q1_0.premium,
        q1_0.primary_driver_license,
        q1_0.primary_driver_name,
        q1_0.valid_until,
        q1_0.vehicle_current_value,
        q1_0.vehicle_make,
        q1_0.vehicle_model,
        q1_0.vehicle_vin,
        q1_0.vehicle_year 
    from
        quotes q1_0 
    where
        q1_0.id=?
2025-08-14 22:47:59 - 
    insert 
    into
        quotes
        (coverage_amount, created_at, deductible, monthly_premium, premium, primary_driver_license, primary_driver_name, valid_until, vehicle_current_value, vehicle_make, vehicle_model, vehicle_vin, vehicle_year, id) 
    values
        (?, ?, ?, ?, ?, ?, ?, ?, ?, ?, ?, ?, ?, ?)
2025-08-14 22:47:59 - Using 'application/json', given [*/*] and supported [application/json]
2025-08-14 22:47:59 - Writing [com.autoinsurance.quote.dto.QuoteResponseDto@7a619df7]
2025-08-14 22:47:59 - Set SecurityContextHolder to anonymous SecurityContext
2025-08-14 22:47:59 - Securing POST /api/v1/quotes
2025-08-14 22:47:59 - Secured POST /api/v1/quotes
2025-08-14 22:47:59 - Mapped to com.autoinsurance.quote.controller.QuoteController#createQuote(QuoteRequestDto)
2025-08-14 22:47:59 - Read "application/json;charset=UTF-8" to [com.autoinsurance.quote.dto.QuoteRequestDto@2a27c194]
2025-08-14 22:47:59 - 
    select
        q1_0.id,
        q1_0.coverage_amount,
        q1_0.created_at,
        q1_0.deductible,
        q1_0.monthly_premium,
        q1_0.premium,
        q1_0.primary_driver_license,
        q1_0.primary_driver_name,
        q1_0.valid_until,
        q1_0.vehicle_current_value,
        q1_0.vehicle_make,
        q1_0.vehicle_model,
        q1_0.vehicle_vin,
        q1_0.vehicle_year 
    from
        quotes q1_0 
    where
        q1_0.id=?
2025-08-14 22:47:59 - 
    insert 
    into
        quotes
        (coverage_amount, created_at, deductible, monthly_premium, premium, primary_driver_license, primary_driver_name, valid_until, vehicle_current_value, vehicle_make, vehicle_model, vehicle_vin, vehicle_year, id) 
    values
        (?, ?, ?, ?, ?, ?, ?, ?, ?, ?, ?, ?, ?, ?)
2025-08-14 22:47:59 - Using 'application/json', given [*/*] and supported [application/json]
2025-08-14 22:47:59 - Writing [com.autoinsurance.quote.dto.QuoteResponseDto@34e8dee4]
2025-08-14 22:47:59 - Set SecurityContextHolder to anonymous SecurityContext
2025-08-14 22:47:59 - Securing POST /api/v1/quotes
2025-08-14 22:47:59 - Secured POST /api/v1/quotes
2025-08-14 22:47:59 - Mapped to com.autoinsurance.quote.controller.QuoteController#createQuote(QuoteRequestDto)
2025-08-14 22:47:59 - Read "application/json;charset=UTF-8" to [com.autoinsurance.quote.dto.QuoteRequestDto@1cac0075]
2025-08-14 22:47:59 - 
    select
        q1_0.id,
        q1_0.coverage_amount,
        q1_0.created_at,
        q1_0.deductible,
        q1_0.monthly_premium,
        q1_0.premium,
        q1_0.primary_driver_license,
        q1_0.primary_driver_name,
        q1_0.valid_until,
        q1_0.vehicle_current_value,
        q1_0.vehicle_make,
        q1_0.vehicle_model,
        q1_0.vehicle_vin,
        q1_0.vehicle_year 
    from
        quotes q1_0 
    where
        q1_0.id=?
2025-08-14 22:47:59 - 
    insert 
    into
        quotes
        (coverage_amount, created_at, deductible, monthly_premium, premium, primary_driver_license, primary_driver_name, valid_until, vehicle_current_value, vehicle_make, vehicle_model, vehicle_vin, vehicle_year, id) 
    values
        (?, ?, ?, ?, ?, ?, ?, ?, ?, ?, ?, ?, ?, ?)
2025-08-14 22:47:59 - Using 'application/json', given [*/*] and supported [application/json]
2025-08-14 22:47:59 - Writing [com.autoinsurance.quote.dto.QuoteResponseDto@7d7da9b1]
2025-08-14 22:47:59 - Set SecurityContextHolder to anonymous SecurityContext
2025-08-14 22:48:00 - Securing POST /api/v1/quotes
2025-08-14 22:48:00 - Secured POST /api/v1/quotes
2025-08-14 22:48:00 - Mapped to com.autoinsurance.quote.controller.QuoteController#createQuote(QuoteRequestDto)
2025-08-14 22:48:00 - Read "application/json;charset=UTF-8" to [com.autoinsurance.quote.dto.QuoteRequestDto@3706b57d]
2025-08-14 22:48:00 - 
    select
        q1_0.id,
        q1_0.coverage_amount,
        q1_0.created_at,
        q1_0.deductible,
        q1_0.monthly_premium,
        q1_0.premium,
        q1_0.primary_driver_license,
        q1_0.primary_driver_name,
        q1_0.valid_until,
        q1_0.vehicle_current_value,
        q1_0.vehicle_make,
        q1_0.vehicle_model,
        q1_0.vehicle_vin,
        q1_0.vehicle_year 
    from
        quotes q1_0 
    where
        q1_0.id=?
2025-08-14 22:48:00 - 
    insert 
    into
        quotes
        (coverage_amount, created_at, deductible, monthly_premium, premium, primary_driver_license, primary_driver_name, valid_until, vehicle_current_value, vehicle_make, vehicle_model, vehicle_vin, vehicle_year, id) 
    values
        (?, ?, ?, ?, ?, ?, ?, ?, ?, ?, ?, ?, ?, ?)
2025-08-14 22:48:00 - Using 'application/json', given [*/*] and supported [application/json]
2025-08-14 22:48:00 - Writing [com.autoinsurance.quote.dto.QuoteResponseDto@1fa54303]
2025-08-14 22:48:00 - Set SecurityContextHolder to anonymous SecurityContext
2025-08-14 22:48:00 - Securing POST /api/v1/quotes
2025-08-14 22:48:00 - Secured POST /api/v1/quotes
2025-08-14 22:48:00 - Mapped to com.autoinsurance.quote.controller.QuoteController#createQuote(QuoteRequestDto)
2025-08-14 22:48:00 - Read "application/json;charset=UTF-8" to [com.autoinsurance.quote.dto.QuoteRequestDto@8dd45b2]
2025-08-14 22:48:00 - 
    select
        q1_0.id,
        q1_0.coverage_amount,
        q1_0.created_at,
        q1_0.deductible,
        q1_0.monthly_premium,
        q1_0.premium,
        q1_0.primary_driver_license,
        q1_0.primary_driver_name,
        q1_0.valid_until,
        q1_0.vehicle_current_value,
        q1_0.vehicle_make,
        q1_0.vehicle_model,
        q1_0.vehicle_vin,
        q1_0.vehicle_year 
    from
        quotes q1_0 
    where
        q1_0.id=?
2025-08-14 22:48:00 - 
    insert 
    into
        quotes
        (coverage_amount, created_at, deductible, monthly_premium, premium, primary_driver_license, primary_driver_name, valid_until, vehicle_current_value, vehicle_make, vehicle_model, vehicle_vin, vehicle_year, id) 
    values
        (?, ?, ?, ?, ?, ?, ?, ?, ?, ?, ?, ?, ?, ?)
2025-08-14 22:48:00 - Using 'application/json', given [*/*] and supported [application/json]
2025-08-14 22:48:00 - Writing [com.autoinsurance.quote.dto.QuoteResponseDto@78a6ec3f]
2025-08-14 22:48:00 - Set SecurityContextHolder to anonymous SecurityContext
2025-08-14 22:48:00 - Securing POST /api/v1/quotes
2025-08-14 22:48:00 - Secured POST /api/v1/quotes
2025-08-14 22:48:00 - Mapped to com.autoinsurance.quote.controller.QuoteController#createQuote(QuoteRequestDto)
2025-08-14 22:48:00 - Read "application/json;charset=UTF-8" to [com.autoinsurance.quote.dto.QuoteRequestDto@7732ff2d]
2025-08-14 22:48:00 - 
    select
        q1_0.id,
        q1_0.coverage_amount,
        q1_0.created_at,
        q1_0.deductible,
        q1_0.monthly_premium,
        q1_0.premium,
        q1_0.primary_driver_license,
        q1_0.primary_driver_name,
        q1_0.valid_until,
        q1_0.vehicle_current_value,
        q1_0.vehicle_make,
        q1_0.vehicle_model,
        q1_0.vehicle_vin,
        q1_0.vehicle_year 
    from
        quotes q1_0 
    where
        q1_0.id=?
2025-08-14 22:48:00 - 
    insert 
    into
        quotes
        (coverage_amount, created_at, deductible, monthly_premium, premium, primary_driver_license, primary_driver_name, valid_until, vehicle_current_value, vehicle_make, vehicle_model, vehicle_vin, vehicle_year, id) 
    values
        (?, ?, ?, ?, ?, ?, ?, ?, ?, ?, ?, ?, ?, ?)
2025-08-14 22:48:00 - Using 'application/json', given [*/*] and supported [application/json]
2025-08-14 22:48:00 - Writing [com.autoinsurance.quote.dto.QuoteResponseDto@77d7e7ea]
2025-08-14 22:48:00 - Set SecurityContextHolder to anonymous SecurityContext
2025-08-14 22:48:00 - Securing POST /api/v1/quotes
2025-08-14 22:48:00 - Secured POST /api/v1/quotes
2025-08-14 22:48:00 - Mapped to com.autoinsurance.quote.controller.QuoteController#createQuote(QuoteRequestDto)
2025-08-14 22:48:00 - Read "application/json;charset=UTF-8" to [com.autoinsurance.quote.dto.QuoteRequestDto@7d4ed8c0]
2025-08-14 22:48:00 - 
    select
        q1_0.id,
        q1_0.coverage_amount,
        q1_0.created_at,
        q1_0.deductible,
        q1_0.monthly_premium,
        q1_0.premium,
        q1_0.primary_driver_license,
        q1_0.primary_driver_name,
        q1_0.valid_until,
        q1_0.vehicle_current_value,
        q1_0.vehicle_make,
        q1_0.vehicle_model,
        q1_0.vehicle_vin,
        q1_0.vehicle_year 
    from
        quotes q1_0 
    where
        q1_0.id=?
2025-08-14 22:48:00 - 
    insert 
    into
        quotes
        (coverage_amount, created_at, deductible, monthly_premium, premium, primary_driver_license, primary_driver_name, valid_until, vehicle_current_value, vehicle_make, vehicle_model, vehicle_vin, vehicle_year, id) 
    values
        (?, ?, ?, ?, ?, ?, ?, ?, ?, ?, ?, ?, ?, ?)
2025-08-14 22:48:00 - Using 'application/json', given [*/*] and supported [application/json]
2025-08-14 22:48:00 - Writing [com.autoinsurance.quote.dto.QuoteResponseDto@7f609f22]
2025-08-14 22:48:00 - Set SecurityContextHolder to anonymous SecurityContext
2025-08-14 22:48:00 - Securing POST /api/v1/quotes
2025-08-14 22:48:00 - Secured POST /api/v1/quotes
2025-08-14 22:48:00 - Mapped to com.autoinsurance.quote.controller.QuoteController#createQuote(QuoteRequestDto)
2025-08-14 22:48:00 - Read "application/json;charset=UTF-8" to [com.autoinsurance.quote.dto.QuoteRequestDto@572f3216]
2025-08-14 22:48:00 - 
    select
        q1_0.id,
        q1_0.coverage_amount,
        q1_0.created_at,
        q1_0.deductible,
        q1_0.monthly_premium,
        q1_0.premium,
        q1_0.primary_driver_license,
        q1_0.primary_driver_name,
        q1_0.valid_until,
        q1_0.vehicle_current_value,
        q1_0.vehicle_make,
        q1_0.vehicle_model,
        q1_0.vehicle_vin,
        q1_0.vehicle_year 
    from
        quotes q1_0 
    where
        q1_0.id=?
2025-08-14 22:48:00 - 
    insert 
    into
        quotes
        (coverage_amount, created_at, deductible, monthly_premium, premium, primary_driver_license, primary_driver_name, valid_until, vehicle_current_value, vehicle_make, vehicle_model, vehicle_vin, vehicle_year, id) 
    values
        (?, ?, ?, ?, ?, ?, ?, ?, ?, ?, ?, ?, ?, ?)
2025-08-14 22:48:00 - Using 'application/json', given [*/*] and supported [application/json]
2025-08-14 22:48:00 - Writing [com.autoinsurance.quote.dto.QuoteResponseDto@bc33159]
2025-08-14 22:48:00 - Set SecurityContextHolder to anonymous SecurityContext
2025-08-14 22:48:00 - Securing POST /api/v1/quotes
2025-08-14 22:48:00 - Secured POST /api/v1/quotes
2025-08-14 22:48:00 - Mapped to com.autoinsurance.quote.controller.QuoteController#createQuote(QuoteRequestDto)
2025-08-14 22:48:00 - Read "application/json;charset=UTF-8" to [com.autoinsurance.quote.dto.QuoteRequestDto@4cf1cdb9]
2025-08-14 22:48:00 - 
    select
        q1_0.id,
        q1_0.coverage_amount,
        q1_0.created_at,
        q1_0.deductible,
        q1_0.monthly_premium,
        q1_0.premium,
        q1_0.primary_driver_license,
        q1_0.primary_driver_name,
        q1_0.valid_until,
        q1_0.vehicle_current_value,
        q1_0.vehicle_make,
        q1_0.vehicle_model,
        q1_0.vehicle_vin,
        q1_0.vehicle_year 
    from
        quotes q1_0 
    where
        q1_0.id=?
2025-08-14 22:48:00 - 
    insert 
    into
        quotes
        (coverage_amount, created_at, deductible, monthly_premium, premium, primary_driver_license, primary_driver_name, valid_until, vehicle_current_value, vehicle_make, vehicle_model, vehicle_vin, vehicle_year, id) 
    values
        (?, ?, ?, ?, ?, ?, ?, ?, ?, ?, ?, ?, ?, ?)
2025-08-14 22:48:00 - Using 'application/json', given [*/*] and supported [application/json]
2025-08-14 22:48:00 - Writing [com.autoinsurance.quote.dto.QuoteResponseDto@183f3668]
2025-08-14 22:48:00 - Set SecurityContextHolder to anonymous SecurityContext
2025-08-14 22:48:00 - Securing POST /api/v1/quotes
2025-08-14 22:48:00 - Secured POST /api/v1/quotes
2025-08-14 22:48:00 - Mapped to com.autoinsurance.quote.controller.QuoteController#createQuote(QuoteRequestDto)
2025-08-14 22:48:00 - Read "application/json;charset=UTF-8" to [com.autoinsurance.quote.dto.QuoteRequestDto@60e849ab]
2025-08-14 22:48:00 - 
    select
        q1_0.id,
        q1_0.coverage_amount,
        q1_0.created_at,
        q1_0.deductible,
        q1_0.monthly_premium,
        q1_0.premium,
        q1_0.primary_driver_license,
        q1_0.primary_driver_name,
        q1_0.valid_until,
        q1_0.vehicle_current_value,
        q1_0.vehicle_make,
        q1_0.vehicle_model,
        q1_0.vehicle_vin,
        q1_0.vehicle_year 
    from
        quotes q1_0 
    where
        q1_0.id=?
2025-08-14 22:48:00 - 
    insert 
    into
        quotes
        (coverage_amount, created_at, deductible, monthly_premium, premium, primary_driver_license, primary_driver_name, valid_until, vehicle_current_value, vehicle_make, vehicle_model, vehicle_vin, vehicle_year, id) 
    values
        (?, ?, ?, ?, ?, ?, ?, ?, ?, ?, ?, ?, ?, ?)
2025-08-14 22:48:00 - Using 'application/json', given [*/*] and supported [application/json]
2025-08-14 22:48:00 - Writing [com.autoinsurance.quote.dto.QuoteResponseDto@634cb83e]
2025-08-14 22:48:00 - Set SecurityContextHolder to anonymous SecurityContext
2025-08-14 22:48:00 - Securing POST /api/v1/quotes
2025-08-14 22:48:00 - Secured POST /api/v1/quotes
2025-08-14 22:48:00 - Mapped to com.autoinsurance.quote.controller.QuoteController#createQuote(QuoteRequestDto)
2025-08-14 22:48:00 - Read "application/json;charset=UTF-8" to [com.autoinsurance.quote.dto.QuoteRequestDto@13220e44]
2025-08-14 22:48:00 - 
    select
        q1_0.id,
        q1_0.coverage_amount,
        q1_0.created_at,
        q1_0.deductible,
        q1_0.monthly_premium,
        q1_0.premium,
        q1_0.primary_driver_license,
        q1_0.primary_driver_name,
        q1_0.valid_until,
        q1_0.vehicle_current_value,
        q1_0.vehicle_make,
        q1_0.vehicle_model,
        q1_0.vehicle_vin,
        q1_0.vehicle_year 
    from
        quotes q1_0 
    where
        q1_0.id=?
2025-08-14 22:48:00 - 
    insert 
    into
        quotes
        (coverage_amount, created_at, deductible, monthly_premium, premium, primary_driver_license, primary_driver_name, valid_until, vehicle_current_value, vehicle_make, vehicle_model, vehicle_vin, vehicle_year, id) 
    values
        (?, ?, ?, ?, ?, ?, ?, ?, ?, ?, ?, ?, ?, ?)
2025-08-14 22:48:00 - Using 'application/json', given [*/*] and supported [application/json]
2025-08-14 22:48:00 - Writing [com.autoinsurance.quote.dto.QuoteResponseDto@3d8e2b34]
2025-08-14 22:48:00 - Set SecurityContextHolder to anonymous SecurityContext
2025-08-14 22:48:00 - Securing POST /api/v1/quotes
2025-08-14 22:48:00 - Secured POST /api/v1/quotes
2025-08-14 22:48:00 - Mapped to com.autoinsurance.quote.controller.QuoteController#createQuote(QuoteRequestDto)
2025-08-14 22:48:00 - Read "application/json;charset=UTF-8" to [com.autoinsurance.quote.dto.QuoteRequestDto@52660734]
2025-08-14 22:48:00 - 
    select
        q1_0.id,
        q1_0.coverage_amount,
        q1_0.created_at,
        q1_0.deductible,
        q1_0.monthly_premium,
        q1_0.premium,
        q1_0.primary_driver_license,
        q1_0.primary_driver_name,
        q1_0.valid_until,
        q1_0.vehicle_current_value,
        q1_0.vehicle_make,
        q1_0.vehicle_model,
        q1_0.vehicle_vin,
        q1_0.vehicle_year 
    from
        quotes q1_0 
    where
        q1_0.id=?
2025-08-14 22:48:00 - 
    insert 
    into
        quotes
        (coverage_amount, created_at, deductible, monthly_premium, premium, primary_driver_license, primary_driver_name, valid_until, vehicle_current_value, vehicle_make, vehicle_model, vehicle_vin, vehicle_year, id) 
    values
        (?, ?, ?, ?, ?, ?, ?, ?, ?, ?, ?, ?, ?, ?)
2025-08-14 22:48:00 - Using 'application/json', given [*/*] and supported [application/json]
2025-08-14 22:48:00 - Writing [com.autoinsurance.quote.dto.QuoteResponseDto@653472e0]
2025-08-14 22:48:00 - Set SecurityContextHolder to anonymous SecurityContext
2025-08-14 22:48:00 - Securing POST /api/v1/quotes
2025-08-14 22:48:00 - Secured POST /api/v1/quotes
2025-08-14 22:48:00 - Mapped to com.autoinsurance.quote.controller.QuoteController#createQuote(QuoteRequestDto)
2025-08-14 22:48:00 - Read "application/json;charset=UTF-8" to [com.autoinsurance.quote.dto.QuoteRequestDto@7bbc9ffc]
2025-08-14 22:48:00 - 
    select
        q1_0.id,
        q1_0.coverage_amount,
        q1_0.created_at,
        q1_0.deductible,
        q1_0.monthly_premium,
        q1_0.premium,
        q1_0.primary_driver_license,
        q1_0.primary_driver_name,
        q1_0.valid_until,
        q1_0.vehicle_current_value,
        q1_0.vehicle_make,
        q1_0.vehicle_model,
        q1_0.vehicle_vin,
        q1_0.vehicle_year 
    from
        quotes q1_0 
    where
        q1_0.id=?
2025-08-14 22:48:00 - 
    insert 
    into
        quotes
        (coverage_amount, created_at, deductible, monthly_premium, premium, primary_driver_license, primary_driver_name, valid_until, vehicle_current_value, vehicle_make, vehicle_model, vehicle_vin, vehicle_year, id) 
    values
        (?, ?, ?, ?, ?, ?, ?, ?, ?, ?, ?, ?, ?, ?)
2025-08-14 22:48:00 - Using 'application/json', given [*/*] and supported [application/json]
2025-08-14 22:48:00 - Writing [com.autoinsurance.quote.dto.QuoteResponseDto@154fab1e]
2025-08-14 22:48:00 - Set SecurityContextHolder to anonymous SecurityContext
2025-08-14 22:48:01 - Securing POST /api/v1/quotes
2025-08-14 22:48:01 - Secured POST /api/v1/quotes
2025-08-14 22:48:01 - Mapped to com.autoinsurance.quote.controller.QuoteController#createQuote(QuoteRequestDto)
2025-08-14 22:48:01 - Read "application/json;charset=UTF-8" to [com.autoinsurance.quote.dto.QuoteRequestDto@3d66f007]
2025-08-14 22:48:01 - 
    select
        q1_0.id,
        q1_0.coverage_amount,
        q1_0.created_at,
        q1_0.deductible,
        q1_0.monthly_premium,
        q1_0.premium,
        q1_0.primary_driver_license,
        q1_0.primary_driver_name,
        q1_0.valid_until,
        q1_0.vehicle_current_value,
        q1_0.vehicle_make,
        q1_0.vehicle_model,
        q1_0.vehicle_vin,
        q1_0.vehicle_year 
    from
        quotes q1_0 
    where
        q1_0.id=?
2025-08-14 22:48:01 - 
    insert 
    into
        quotes
        (coverage_amount, created_at, deductible, monthly_premium, premium, primary_driver_license, primary_driver_name, valid_until, vehicle_current_value, vehicle_make, vehicle_model, vehicle_vin, vehicle_year, id) 
    values
        (?, ?, ?, ?, ?, ?, ?, ?, ?, ?, ?, ?, ?, ?)
2025-08-14 22:48:01 - Using 'application/json', given [*/*] and supported [application/json]
2025-08-14 22:48:01 - Writing [com.autoinsurance.quote.dto.QuoteResponseDto@da6d1d1]
2025-08-14 22:48:01 - Set SecurityContextHolder to anonymous SecurityContext
2025-08-14 22:48:01 - Securing POST /api/v1/quotes
2025-08-14 22:48:01 - Secured POST /api/v1/quotes
2025-08-14 22:48:01 - Mapped to com.autoinsurance.quote.controller.QuoteController#createQuote(QuoteRequestDto)
2025-08-14 22:48:01 - Read "application/json;charset=UTF-8" to [com.autoinsurance.quote.dto.QuoteRequestDto@34bfcc10]
2025-08-14 22:48:01 - 
    select
        q1_0.id,
        q1_0.coverage_amount,
        q1_0.created_at,
        q1_0.deductible,
        q1_0.monthly_premium,
        q1_0.premium,
        q1_0.primary_driver_license,
        q1_0.primary_driver_name,
        q1_0.valid_until,
        q1_0.vehicle_current_value,
        q1_0.vehicle_make,
        q1_0.vehicle_model,
        q1_0.vehicle_vin,
        q1_0.vehicle_year 
    from
        quotes q1_0 
    where
        q1_0.id=?
2025-08-14 22:48:01 - 
    insert 
    into
        quotes
        (coverage_amount, created_at, deductible, monthly_premium, premium, primary_driver_license, primary_driver_name, valid_until, vehicle_current_value, vehicle_make, vehicle_model, vehicle_vin, vehicle_year, id) 
    values
        (?, ?, ?, ?, ?, ?, ?, ?, ?, ?, ?, ?, ?, ?)
2025-08-14 22:48:01 - Using 'application/json', given [*/*] and supported [application/json]
2025-08-14 22:48:01 - Writing [com.autoinsurance.quote.dto.QuoteResponseDto@63132ce5]
2025-08-14 22:48:01 - Set SecurityContextHolder to anonymous SecurityContext
2025-08-14 22:48:01 - Securing POST /api/v1/quotes
2025-08-14 22:48:01 - Secured POST /api/v1/quotes
2025-08-14 22:48:01 - Mapped to com.autoinsurance.quote.controller.QuoteController#createQuote(QuoteRequestDto)
2025-08-14 22:48:01 - Read "application/json;charset=UTF-8" to [com.autoinsurance.quote.dto.QuoteRequestDto@43e5904]
2025-08-14 22:48:01 - 
    select
        q1_0.id,
        q1_0.coverage_amount,
        q1_0.created_at,
        q1_0.deductible,
        q1_0.monthly_premium,
        q1_0.premium,
        q1_0.primary_driver_license,
        q1_0.primary_driver_name,
        q1_0.valid_until,
        q1_0.vehicle_current_value,
        q1_0.vehicle_make,
        q1_0.vehicle_model,
        q1_0.vehicle_vin,
        q1_0.vehicle_year 
    from
        quotes q1_0 
    where
        q1_0.id=?
2025-08-14 22:48:01 - 
    insert 
    into
        quotes
        (coverage_amount, created_at, deductible, monthly_premium, premium, primary_driver_license, primary_driver_name, valid_until, vehicle_current_value, vehicle_make, vehicle_model, vehicle_vin, vehicle_year, id) 
    values
        (?, ?, ?, ?, ?, ?, ?, ?, ?, ?, ?, ?, ?, ?)
2025-08-14 22:48:01 - Using 'application/json', given [*/*] and supported [application/json]
2025-08-14 22:48:01 - Writing [com.autoinsurance.quote.dto.QuoteResponseDto@161e136f]
2025-08-14 22:48:01 - Set SecurityContextHolder to anonymous SecurityContext
2025-08-14 22:48:01 - Securing POST /api/v1/quotes
2025-08-14 22:48:01 - Secured POST /api/v1/quotes
2025-08-14 22:48:01 - Mapped to com.autoinsurance.quote.controller.QuoteController#createQuote(QuoteRequestDto)
2025-08-14 22:48:01 - Read "application/json;charset=UTF-8" to [com.autoinsurance.quote.dto.QuoteRequestDto@3f1e0d39]
2025-08-14 22:48:01 - 
    select
        q1_0.id,
        q1_0.coverage_amount,
        q1_0.created_at,
        q1_0.deductible,
        q1_0.monthly_premium,
        q1_0.premium,
        q1_0.primary_driver_license,
        q1_0.primary_driver_name,
        q1_0.valid_until,
        q1_0.vehicle_current_value,
        q1_0.vehicle_make,
        q1_0.vehicle_model,
        q1_0.vehicle_vin,
        q1_0.vehicle_year 
    from
        quotes q1_0 
    where
        q1_0.id=?
2025-08-14 22:48:01 - 
    insert 
    into
        quotes
        (coverage_amount, created_at, deductible, monthly_premium, premium, primary_driver_license, primary_driver_name, valid_until, vehicle_current_value, vehicle_make, vehicle_model, vehicle_vin, vehicle_year, id) 
    values
        (?, ?, ?, ?, ?, ?, ?, ?, ?, ?, ?, ?, ?, ?)
2025-08-14 22:48:01 - Using 'application/json', given [*/*] and supported [application/json]
2025-08-14 22:48:01 - Writing [com.autoinsurance.quote.dto.QuoteResponseDto@700b5162]
2025-08-14 22:48:01 - Set SecurityContextHolder to anonymous SecurityContext
2025-08-14 22:48:01 - Securing POST /api/v1/quotes
2025-08-14 22:48:01 - Secured POST /api/v1/quotes
2025-08-14 22:48:01 - Mapped to com.autoinsurance.quote.controller.QuoteController#createQuote(QuoteRequestDto)
2025-08-14 22:48:01 - Read "application/json;charset=UTF-8" to [com.autoinsurance.quote.dto.QuoteRequestDto@147ee0fd]
2025-08-14 22:48:01 - 
    select
        q1_0.id,
        q1_0.coverage_amount,
        q1_0.created_at,
        q1_0.deductible,
        q1_0.monthly_premium,
        q1_0.premium,
        q1_0.primary_driver_license,
        q1_0.primary_driver_name,
        q1_0.valid_until,
        q1_0.vehicle_current_value,
        q1_0.vehicle_make,
        q1_0.vehicle_model,
        q1_0.vehicle_vin,
        q1_0.vehicle_year 
    from
        quotes q1_0 
    where
        q1_0.id=?
2025-08-14 22:48:01 - 
    insert 
    into
        quotes
        (coverage_amount, created_at, deductible, monthly_premium, premium, primary_driver_license, primary_driver_name, valid_until, vehicle_current_value, vehicle_make, vehicle_model, vehicle_vin, vehicle_year, id) 
    values
        (?, ?, ?, ?, ?, ?, ?, ?, ?, ?, ?, ?, ?, ?)
2025-08-14 22:48:01 - Using 'application/json', given [*/*] and supported [application/json]
2025-08-14 22:48:01 - Writing [com.autoinsurance.quote.dto.QuoteResponseDto@c768687]
2025-08-14 22:48:01 - Set SecurityContextHolder to anonymous SecurityContext
2025-08-14 22:48:01 - Securing POST /api/v1/quotes
2025-08-14 22:48:01 - Secured POST /api/v1/quotes
2025-08-14 22:48:01 - Mapped to com.autoinsurance.quote.controller.QuoteController#createQuote(QuoteRequestDto)
2025-08-14 22:48:01 - Read "application/json;charset=UTF-8" to [com.autoinsurance.quote.dto.QuoteRequestDto@2fd06847]
2025-08-14 22:48:01 - 
    select
        q1_0.id,
        q1_0.coverage_amount,
        q1_0.created_at,
        q1_0.deductible,
        q1_0.monthly_premium,
        q1_0.premium,
        q1_0.primary_driver_license,
        q1_0.primary_driver_name,
        q1_0.valid_until,
        q1_0.vehicle_current_value,
        q1_0.vehicle_make,
        q1_0.vehicle_model,
        q1_0.vehicle_vin,
        q1_0.vehicle_year 
    from
        quotes q1_0 
    where
        q1_0.id=?
2025-08-14 22:48:01 - 
    insert 
    into
        quotes
        (coverage_amount, created_at, deductible, monthly_premium, premium, primary_driver_license, primary_driver_name, valid_until, vehicle_current_value, vehicle_make, vehicle_model, vehicle_vin, vehicle_year, id) 
    values
        (?, ?, ?, ?, ?, ?, ?, ?, ?, ?, ?, ?, ?, ?)
2025-08-14 22:48:01 - Using 'application/json', given [*/*] and supported [application/json]
2025-08-14 22:48:01 - Writing [com.autoinsurance.quote.dto.QuoteResponseDto@4e49eabd]
2025-08-14 22:48:01 - Set SecurityContextHolder to anonymous SecurityContext
2025-08-14 22:48:01 - Securing POST /api/v1/quotes
2025-08-14 22:48:01 - Secured POST /api/v1/quotes
2025-08-14 22:48:01 - Mapped to com.autoinsurance.quote.controller.QuoteController#createQuote(QuoteRequestDto)
2025-08-14 22:48:01 - Read "application/json;charset=UTF-8" to [com.autoinsurance.quote.dto.QuoteRequestDto@54ea1cc8]
2025-08-14 22:48:01 - 
    select
        q1_0.id,
        q1_0.coverage_amount,
        q1_0.created_at,
        q1_0.deductible,
        q1_0.monthly_premium,
        q1_0.premium,
        q1_0.primary_driver_license,
        q1_0.primary_driver_name,
        q1_0.valid_until,
        q1_0.vehicle_current_value,
        q1_0.vehicle_make,
        q1_0.vehicle_model,
        q1_0.vehicle_vin,
        q1_0.vehicle_year 
    from
        quotes q1_0 
    where
        q1_0.id=?
2025-08-14 22:48:01 - 
    insert 
    into
        quotes
        (coverage_amount, created_at, deductible, monthly_premium, premium, primary_driver_license, primary_driver_name, valid_until, vehicle_current_value, vehicle_make, vehicle_model, vehicle_vin, vehicle_year, id) 
    values
        (?, ?, ?, ?, ?, ?, ?, ?, ?, ?, ?, ?, ?, ?)
2025-08-14 22:48:01 - Using 'application/json', given [*/*] and supported [application/json]
2025-08-14 22:48:01 - Writing [com.autoinsurance.quote.dto.QuoteResponseDto@125533c]
2025-08-14 22:48:01 - Set SecurityContextHolder to anonymous SecurityContext
2025-08-14 22:48:01 - Securing POST /api/v1/quotes
2025-08-14 22:48:01 - Secured POST /api/v1/quotes
2025-08-14 22:48:01 - Mapped to com.autoinsurance.quote.controller.QuoteController#createQuote(QuoteRequestDto)
2025-08-14 22:48:01 - Read "application/json;charset=UTF-8" to [com.autoinsurance.quote.dto.QuoteRequestDto@7ec84904]
2025-08-14 22:48:01 - 
    select
        q1_0.id,
        q1_0.coverage_amount,
        q1_0.created_at,
        q1_0.deductible,
        q1_0.monthly_premium,
        q1_0.premium,
        q1_0.primary_driver_license,
        q1_0.primary_driver_name,
        q1_0.valid_until,
        q1_0.vehicle_current_value,
        q1_0.vehicle_make,
        q1_0.vehicle_model,
        q1_0.vehicle_vin,
        q1_0.vehicle_year 
    from
        quotes q1_0 
    where
        q1_0.id=?
2025-08-14 22:48:01 - 
    insert 
    into
        quotes
        (coverage_amount, created_at, deductible, monthly_premium, premium, primary_driver_license, primary_driver_name, valid_until, vehicle_current_value, vehicle_make, vehicle_model, vehicle_vin, vehicle_year, id) 
    values
        (?, ?, ?, ?, ?, ?, ?, ?, ?, ?, ?, ?, ?, ?)
2025-08-14 22:48:01 - Using 'application/json', given [*/*] and supported [application/json]
2025-08-14 22:48:01 - Writing [com.autoinsurance.quote.dto.QuoteResponseDto@2976d3b6]
2025-08-14 22:48:01 - Set SecurityContextHolder to anonymous SecurityContext
2025-08-14 22:48:01 - Securing POST /api/v1/quotes
2025-08-14 22:48:01 - Secured POST /api/v1/quotes
2025-08-14 22:48:01 - Mapped to com.autoinsurance.quote.controller.QuoteController#createQuote(QuoteRequestDto)
2025-08-14 22:48:01 - Read "application/json;charset=UTF-8" to [com.autoinsurance.quote.dto.QuoteRequestDto@2e9ad06d]
2025-08-14 22:48:01 - 
    select
        q1_0.id,
        q1_0.coverage_amount,
        q1_0.created_at,
        q1_0.deductible,
        q1_0.monthly_premium,
        q1_0.premium,
        q1_0.primary_driver_license,
        q1_0.primary_driver_name,
        q1_0.valid_until,
        q1_0.vehicle_current_value,
        q1_0.vehicle_make,
        q1_0.vehicle_model,
        q1_0.vehicle_vin,
        q1_0.vehicle_year 
    from
        quotes q1_0 
    where
        q1_0.id=?
2025-08-14 22:48:01 - 
    insert 
    into
        quotes
        (coverage_amount, created_at, deductible, monthly_premium, premium, primary_driver_license, primary_driver_name, valid_until, vehicle_current_value, vehicle_make, vehicle_model, vehicle_vin, vehicle_year, id) 
    values
        (?, ?, ?, ?, ?, ?, ?, ?, ?, ?, ?, ?, ?, ?)
2025-08-14 22:48:01 - Using 'application/json', given [*/*] and supported [application/json]
2025-08-14 22:48:01 - Writing [com.autoinsurance.quote.dto.QuoteResponseDto@608555f4]
2025-08-14 22:48:01 - Set SecurityContextHolder to anonymous SecurityContext
2025-08-14 22:48:01 - Securing POST /api/v1/quotes
2025-08-14 22:48:01 - Secured POST /api/v1/quotes
2025-08-14 22:48:01 - Mapped to com.autoinsurance.quote.controller.QuoteController#createQuote(QuoteRequestDto)
2025-08-14 22:48:01 - Read "application/json;charset=UTF-8" to [com.autoinsurance.quote.dto.QuoteRequestDto@799924d0]
2025-08-14 22:48:01 - 
    select
        q1_0.id,
        q1_0.coverage_amount,
        q1_0.created_at,
        q1_0.deductible,
        q1_0.monthly_premium,
        q1_0.premium,
        q1_0.primary_driver_license,
        q1_0.primary_driver_name,
        q1_0.valid_until,
        q1_0.vehicle_current_value,
        q1_0.vehicle_make,
        q1_0.vehicle_model,
        q1_0.vehicle_vin,
        q1_0.vehicle_year 
    from
        quotes q1_0 
    where
        q1_0.id=?
2025-08-14 22:48:01 - 
    insert 
    into
        quotes
        (coverage_amount, created_at, deductible, monthly_premium, premium, primary_driver_license, primary_driver_name, valid_until, vehicle_current_value, vehicle_make, vehicle_model, vehicle_vin, vehicle_year, id) 
    values
        (?, ?, ?, ?, ?, ?, ?, ?, ?, ?, ?, ?, ?, ?)
2025-08-14 22:48:01 - Using 'application/json', given [*/*] and supported [application/json]
2025-08-14 22:48:01 - Writing [com.autoinsurance.quote.dto.QuoteResponseDto@7991a1ee]
2025-08-14 22:48:01 - Set SecurityContextHolder to anonymous SecurityContext
2025-08-14 22:48:02 - Securing POST /api/v1/quotes
2025-08-14 22:48:02 - Secured POST /api/v1/quotes
2025-08-14 22:48:02 - Mapped to com.autoinsurance.quote.controller.QuoteController#createQuote(QuoteRequestDto)
2025-08-14 22:48:02 - Read "application/json;charset=UTF-8" to [com.autoinsurance.quote.dto.QuoteRequestDto@57b39ab0]
2025-08-14 22:48:02 - 
    select
        q1_0.id,
        q1_0.coverage_amount,
        q1_0.created_at,
        q1_0.deductible,
        q1_0.monthly_premium,
        q1_0.premium,
        q1_0.primary_driver_license,
        q1_0.primary_driver_name,
        q1_0.valid_until,
        q1_0.vehicle_current_value,
        q1_0.vehicle_make,
        q1_0.vehicle_model,
        q1_0.vehicle_vin,
        q1_0.vehicle_year 
    from
        quotes q1_0 
    where
        q1_0.id=?
2025-08-14 22:48:02 - 
    insert 
    into
        quotes
        (coverage_amount, created_at, deductible, monthly_premium, premium, primary_driver_license, primary_driver_name, valid_until, vehicle_current_value, vehicle_make, vehicle_model, vehicle_vin, vehicle_year, id) 
    values
        (?, ?, ?, ?, ?, ?, ?, ?, ?, ?, ?, ?, ?, ?)
2025-08-14 22:48:02 - Using 'application/json', given [*/*] and supported [application/json]
2025-08-14 22:48:02 - Writing [com.autoinsurance.quote.dto.QuoteResponseDto@5b4d2bd6]
2025-08-14 22:48:02 - Set SecurityContextHolder to anonymous SecurityContext
2025-08-14 22:48:02 - Securing POST /api/v1/quotes
2025-08-14 22:48:02 - Secured POST /api/v1/quotes
2025-08-14 22:48:02 - Mapped to com.autoinsurance.quote.controller.QuoteController#createQuote(QuoteRequestDto)
2025-08-14 22:48:02 - Read "application/json;charset=UTF-8" to [com.autoinsurance.quote.dto.QuoteRequestDto@5b04f0a7]
2025-08-14 22:48:02 - 
    select
        q1_0.id,
        q1_0.coverage_amount,
        q1_0.created_at,
        q1_0.deductible,
        q1_0.monthly_premium,
        q1_0.premium,
        q1_0.primary_driver_license,
        q1_0.primary_driver_name,
        q1_0.valid_until,
        q1_0.vehicle_current_value,
        q1_0.vehicle_make,
        q1_0.vehicle_model,
        q1_0.vehicle_vin,
        q1_0.vehicle_year 
    from
        quotes q1_0 
    where
        q1_0.id=?
2025-08-14 22:48:02 - 
    insert 
    into
        quotes
        (coverage_amount, created_at, deductible, monthly_premium, premium, primary_driver_license, primary_driver_name, valid_until, vehicle_current_value, vehicle_make, vehicle_model, vehicle_vin, vehicle_year, id) 
    values
        (?, ?, ?, ?, ?, ?, ?, ?, ?, ?, ?, ?, ?, ?)
2025-08-14 22:48:02 - Using 'application/json', given [*/*] and supported [application/json]
2025-08-14 22:48:02 - Writing [com.autoinsurance.quote.dto.QuoteResponseDto@2555e543]
2025-08-14 22:48:02 - Set SecurityContextHolder to anonymous SecurityContext
2025-08-14 22:48:02 - Securing POST /api/v1/quotes
2025-08-14 22:48:02 - Secured POST /api/v1/quotes
2025-08-14 22:48:02 - Mapped to com.autoinsurance.quote.controller.QuoteController#createQuote(QuoteRequestDto)
2025-08-14 22:48:02 - Read "application/json;charset=UTF-8" to [com.autoinsurance.quote.dto.QuoteRequestDto@391c2d96]
2025-08-14 22:48:02 - 
    select
        q1_0.id,
        q1_0.coverage_amount,
        q1_0.created_at,
        q1_0.deductible,
        q1_0.monthly_premium,
        q1_0.premium,
        q1_0.primary_driver_license,
        q1_0.primary_driver_name,
        q1_0.valid_until,
        q1_0.vehicle_current_value,
        q1_0.vehicle_make,
        q1_0.vehicle_model,
        q1_0.vehicle_vin,
        q1_0.vehicle_year 
    from
        quotes q1_0 
    where
        q1_0.id=?
2025-08-14 22:48:02 - 
    insert 
    into
        quotes
        (coverage_amount, created_at, deductible, monthly_premium, premium, primary_driver_license, primary_driver_name, valid_until, vehicle_current_value, vehicle_make, vehicle_model, vehicle_vin, vehicle_year, id) 
    values
        (?, ?, ?, ?, ?, ?, ?, ?, ?, ?, ?, ?, ?, ?)
2025-08-14 22:48:02 - Using 'application/json', given [*/*] and supported [application/json]
2025-08-14 22:48:02 - Writing [com.autoinsurance.quote.dto.QuoteResponseDto@60d4ccf5]
2025-08-14 22:48:02 - Set SecurityContextHolder to anonymous SecurityContext
2025-08-14 22:48:02 - Securing POST /api/v1/quotes
2025-08-14 22:48:02 - Secured POST /api/v1/quotes
2025-08-14 22:48:02 - Mapped to com.autoinsurance.quote.controller.QuoteController#createQuote(QuoteRequestDto)
2025-08-14 22:48:02 - Read "application/json;charset=UTF-8" to [com.autoinsurance.quote.dto.QuoteRequestDto@140b5091]
2025-08-14 22:48:02 - 
    select
        q1_0.id,
        q1_0.coverage_amount,
        q1_0.created_at,
        q1_0.deductible,
        q1_0.monthly_premium,
        q1_0.premium,
        q1_0.primary_driver_license,
        q1_0.primary_driver_name,
        q1_0.valid_until,
        q1_0.vehicle_current_value,
        q1_0.vehicle_make,
        q1_0.vehicle_model,
        q1_0.vehicle_vin,
        q1_0.vehicle_year 
    from
        quotes q1_0 
    where
        q1_0.id=?
2025-08-14 22:48:02 - 
    insert 
    into
        quotes
        (coverage_amount, created_at, deductible, monthly_premium, premium, primary_driver_license, primary_driver_name, valid_until, vehicle_current_value, vehicle_make, vehicle_model, vehicle_vin, vehicle_year, id) 
    values
        (?, ?, ?, ?, ?, ?, ?, ?, ?, ?, ?, ?, ?, ?)
2025-08-14 22:48:02 - Using 'application/json', given [*/*] and supported [application/json]
2025-08-14 22:48:02 - Writing [com.autoinsurance.quote.dto.QuoteResponseDto@2f8ec26a]
2025-08-14 22:48:02 - Set SecurityContextHolder to anonymous SecurityContext
2025-08-14 22:48:02 - Securing POST /api/v1/quotes
2025-08-14 22:48:02 - Secured POST /api/v1/quotes
2025-08-14 22:48:02 - Mapped to com.autoinsurance.quote.controller.QuoteController#createQuote(QuoteRequestDto)
2025-08-14 22:48:02 - Read "application/json;charset=UTF-8" to [com.autoinsurance.quote.dto.QuoteRequestDto@3e454ede]
2025-08-14 22:48:02 - 
    select
        q1_0.id,
        q1_0.coverage_amount,
        q1_0.created_at,
        q1_0.deductible,
        q1_0.monthly_premium,
        q1_0.premium,
        q1_0.primary_driver_license,
        q1_0.primary_driver_name,
        q1_0.valid_until,
        q1_0.vehicle_current_value,
        q1_0.vehicle_make,
        q1_0.vehicle_model,
        q1_0.vehicle_vin,
        q1_0.vehicle_year 
    from
        quotes q1_0 
    where
        q1_0.id=?
2025-08-14 22:48:02 - 
    insert 
    into
        quotes
        (coverage_amount, created_at, deductible, monthly_premium, premium, primary_driver_license, primary_driver_name, valid_until, vehicle_current_value, vehicle_make, vehicle_model, vehicle_vin, vehicle_year, id) 
    values
        (?, ?, ?, ?, ?, ?, ?, ?, ?, ?, ?, ?, ?, ?)
2025-08-14 22:48:02 - Using 'application/json', given [*/*] and supported [application/json]
2025-08-14 22:48:02 - Writing [com.autoinsurance.quote.dto.QuoteResponseDto@19550f99]
2025-08-14 22:48:02 - Set SecurityContextHolder to anonymous SecurityContext
2025-08-14 22:48:02 - Securing POST /api/v1/quotes
2025-08-14 22:48:02 - Secured POST /api/v1/quotes
2025-08-14 22:48:02 - Mapped to com.autoinsurance.quote.controller.QuoteController#createQuote(QuoteRequestDto)
2025-08-14 22:48:02 - Read "application/json;charset=UTF-8" to [com.autoinsurance.quote.dto.QuoteRequestDto@dc96280]
2025-08-14 22:48:02 - 
    select
        q1_0.id,
        q1_0.coverage_amount,
        q1_0.created_at,
        q1_0.deductible,
        q1_0.monthly_premium,
        q1_0.premium,
        q1_0.primary_driver_license,
        q1_0.primary_driver_name,
        q1_0.valid_until,
        q1_0.vehicle_current_value,
        q1_0.vehicle_make,
        q1_0.vehicle_model,
        q1_0.vehicle_vin,
        q1_0.vehicle_year 
    from
        quotes q1_0 
    where
        q1_0.id=?
2025-08-14 22:48:02 - 
    insert 
    into
        quotes
        (coverage_amount, created_at, deductible, monthly_premium, premium, primary_driver_license, primary_driver_name, valid_until, vehicle_current_value, vehicle_make, vehicle_model, vehicle_vin, vehicle_year, id) 
    values
        (?, ?, ?, ?, ?, ?, ?, ?, ?, ?, ?, ?, ?, ?)
2025-08-14 22:48:02 - Using 'application/json', given [*/*] and supported [application/json]
2025-08-14 22:48:02 - Writing [com.autoinsurance.quote.dto.QuoteResponseDto@18f6493c]
2025-08-14 22:48:02 - Set SecurityContextHolder to anonymous SecurityContext
2025-08-14 22:48:02 - Securing POST /api/v1/quotes
2025-08-14 22:48:02 - Secured POST /api/v1/quotes
2025-08-14 22:48:02 - Mapped to com.autoinsurance.quote.controller.QuoteController#createQuote(QuoteRequestDto)
2025-08-14 22:48:02 - Read "application/json;charset=UTF-8" to [com.autoinsurance.quote.dto.QuoteRequestDto@15a3f0b7]
2025-08-14 22:48:02 - 
    select
        q1_0.id,
        q1_0.coverage_amount,
        q1_0.created_at,
        q1_0.deductible,
        q1_0.monthly_premium,
        q1_0.premium,
        q1_0.primary_driver_license,
        q1_0.primary_driver_name,
        q1_0.valid_until,
        q1_0.vehicle_current_value,
        q1_0.vehicle_make,
        q1_0.vehicle_model,
        q1_0.vehicle_vin,
        q1_0.vehicle_year 
    from
        quotes q1_0 
    where
        q1_0.id=?
2025-08-14 22:48:02 - 
    insert 
    into
        quotes
        (coverage_amount, created_at, deductible, monthly_premium, premium, primary_driver_license, primary_driver_name, valid_until, vehicle_current_value, vehicle_make, vehicle_model, vehicle_vin, vehicle_year, id) 
    values
        (?, ?, ?, ?, ?, ?, ?, ?, ?, ?, ?, ?, ?, ?)
2025-08-14 22:48:02 - Using 'application/json', given [*/*] and supported [application/json]
2025-08-14 22:48:02 - Writing [com.autoinsurance.quote.dto.QuoteResponseDto@12c6b607]
2025-08-14 22:48:02 - Set SecurityContextHolder to anonymous SecurityContext
2025-08-14 22:48:02 - Securing POST /api/v1/quotes
2025-08-14 22:48:02 - Secured POST /api/v1/quotes
2025-08-14 22:48:02 - Mapped to com.autoinsurance.quote.controller.QuoteController#createQuote(QuoteRequestDto)
2025-08-14 22:48:02 - Read "application/json;charset=UTF-8" to [com.autoinsurance.quote.dto.QuoteRequestDto@4775b562]
2025-08-14 22:48:02 - 
    select
        q1_0.id,
        q1_0.coverage_amount,
        q1_0.created_at,
        q1_0.deductible,
        q1_0.monthly_premium,
        q1_0.premium,
        q1_0.primary_driver_license,
        q1_0.primary_driver_name,
        q1_0.valid_until,
        q1_0.vehicle_current_value,
        q1_0.vehicle_make,
        q1_0.vehicle_model,
        q1_0.vehicle_vin,
        q1_0.vehicle_year 
    from
        quotes q1_0 
    where
        q1_0.id=?
2025-08-14 22:48:02 - 
    insert 
    into
        quotes
        (coverage_amount, created_at, deductible, monthly_premium, premium, primary_driver_license, primary_driver_name, valid_until, vehicle_current_value, vehicle_make, vehicle_model, vehicle_vin, vehicle_year, id) 
    values
        (?, ?, ?, ?, ?, ?, ?, ?, ?, ?, ?, ?, ?, ?)
2025-08-14 22:48:02 - Using 'application/json', given [*/*] and supported [application/json]
2025-08-14 22:48:02 - Writing [com.autoinsurance.quote.dto.QuoteResponseDto@259ed091]
2025-08-14 22:48:02 - Set SecurityContextHolder to anonymous SecurityContext
2025-08-14 22:48:02 - Securing POST /api/v1/quotes
2025-08-14 22:48:02 - Secured POST /api/v1/quotes
2025-08-14 22:48:02 - Mapped to com.autoinsurance.quote.controller.QuoteController#createQuote(QuoteRequestDto)
2025-08-14 22:48:02 - Read "application/json;charset=UTF-8" to [com.autoinsurance.quote.dto.QuoteRequestDto@774f1710]
2025-08-14 22:48:02 - 
    select
        q1_0.id,
        q1_0.coverage_amount,
        q1_0.created_at,
        q1_0.deductible,
        q1_0.monthly_premium,
        q1_0.premium,
        q1_0.primary_driver_license,
        q1_0.primary_driver_name,
        q1_0.valid_until,
        q1_0.vehicle_current_value,
        q1_0.vehicle_make,
        q1_0.vehicle_model,
        q1_0.vehicle_vin,
        q1_0.vehicle_year 
    from
        quotes q1_0 
    where
        q1_0.id=?
2025-08-14 22:48:02 - 
    insert 
    into
        quotes
        (coverage_amount, created_at, deductible, monthly_premium, premium, primary_driver_license, primary_driver_name, valid_until, vehicle_current_value, vehicle_make, vehicle_model, vehicle_vin, vehicle_year, id) 
    values
        (?, ?, ?, ?, ?, ?, ?, ?, ?, ?, ?, ?, ?, ?)
2025-08-14 22:48:02 - Using 'application/json', given [*/*] and supported [application/json]
2025-08-14 22:48:02 - Writing [com.autoinsurance.quote.dto.QuoteResponseDto@1997e23d]
2025-08-14 22:48:02 - Set SecurityContextHolder to anonymous SecurityContext
2025-08-14 22:48:02 - Securing POST /api/v1/quotes
2025-08-14 22:48:02 - Secured POST /api/v1/quotes
2025-08-14 22:48:02 - Mapped to com.autoinsurance.quote.controller.QuoteController#createQuote(QuoteRequestDto)
2025-08-14 22:48:02 - Read "application/json;charset=UTF-8" to [com.autoinsurance.quote.dto.QuoteRequestDto@313b627a]
2025-08-14 22:48:02 - 
    select
        q1_0.id,
        q1_0.coverage_amount,
        q1_0.created_at,
        q1_0.deductible,
        q1_0.monthly_premium,
        q1_0.premium,
        q1_0.primary_driver_license,
        q1_0.primary_driver_name,
        q1_0.valid_until,
        q1_0.vehicle_current_value,
        q1_0.vehicle_make,
        q1_0.vehicle_model,
        q1_0.vehicle_vin,
        q1_0.vehicle_year 
    from
        quotes q1_0 
    where
        q1_0.id=?
2025-08-14 22:48:02 - 
    insert 
    into
        quotes
        (coverage_amount, created_at, deductible, monthly_premium, premium, primary_driver_license, primary_driver_name, valid_until, vehicle_current_value, vehicle_make, vehicle_model, vehicle_vin, vehicle_year, id) 
    values
        (?, ?, ?, ?, ?, ?, ?, ?, ?, ?, ?, ?, ?, ?)
2025-08-14 22:48:02 - Using 'application/json', given [*/*] and supported [application/json]
2025-08-14 22:48:02 - Writing [com.autoinsurance.quote.dto.QuoteResponseDto@7a513045]
2025-08-14 22:48:02 - Set SecurityContextHolder to anonymous SecurityContext
2025-08-14 22:48:03 - Securing POST /api/v1/quotes
2025-08-14 22:48:03 - Secured POST /api/v1/quotes
2025-08-14 22:48:03 - Mapped to com.autoinsurance.quote.controller.QuoteController#createQuote(QuoteRequestDto)
2025-08-14 22:48:03 - Read "application/json;charset=UTF-8" to [com.autoinsurance.quote.dto.QuoteRequestDto@69b43e44]
2025-08-14 22:48:03 - 
    select
        q1_0.id,
        q1_0.coverage_amount,
        q1_0.created_at,
        q1_0.deductible,
        q1_0.monthly_premium,
        q1_0.premium,
        q1_0.primary_driver_license,
        q1_0.primary_driver_name,
        q1_0.valid_until,
        q1_0.vehicle_current_value,
        q1_0.vehicle_make,
        q1_0.vehicle_model,
        q1_0.vehicle_vin,
        q1_0.vehicle_year 
    from
        quotes q1_0 
    where
        q1_0.id=?
2025-08-14 22:48:03 - 
    insert 
    into
        quotes
        (coverage_amount, created_at, deductible, monthly_premium, premium, primary_driver_license, primary_driver_name, valid_until, vehicle_current_value, vehicle_make, vehicle_model, vehicle_vin, vehicle_year, id) 
    values
        (?, ?, ?, ?, ?, ?, ?, ?, ?, ?, ?, ?, ?, ?)
2025-08-14 22:48:03 - Using 'application/json', given [*/*] and supported [application/json]
2025-08-14 22:48:03 - Writing [com.autoinsurance.quote.dto.QuoteResponseDto@3daba65]
2025-08-14 22:48:03 - Set SecurityContextHolder to anonymous SecurityContext
2025-08-14 22:48:03 - Securing POST /api/v1/quotes
2025-08-14 22:48:03 - Secured POST /api/v1/quotes
2025-08-14 22:48:03 - Mapped to com.autoinsurance.quote.controller.QuoteController#createQuote(QuoteRequestDto)
2025-08-14 22:48:03 - Read "application/json;charset=UTF-8" to [com.autoinsurance.quote.dto.QuoteRequestDto@4527985c]
2025-08-14 22:48:03 - 
    select
        q1_0.id,
        q1_0.coverage_amount,
        q1_0.created_at,
        q1_0.deductible,
        q1_0.monthly_premium,
        q1_0.premium,
        q1_0.primary_driver_license,
        q1_0.primary_driver_name,
        q1_0.valid_until,
        q1_0.vehicle_current_value,
        q1_0.vehicle_make,
        q1_0.vehicle_model,
        q1_0.vehicle_vin,
        q1_0.vehicle_year 
    from
        quotes q1_0 
    where
        q1_0.id=?
2025-08-14 22:48:03 - 
    insert 
    into
        quotes
        (coverage_amount, created_at, deductible, monthly_premium, premium, primary_driver_license, primary_driver_name, valid_until, vehicle_current_value, vehicle_make, vehicle_model, vehicle_vin, vehicle_year, id) 
    values
        (?, ?, ?, ?, ?, ?, ?, ?, ?, ?, ?, ?, ?, ?)
2025-08-14 22:48:03 - Using 'application/json', given [*/*] and supported [application/json]
2025-08-14 22:48:03 - Writing [com.autoinsurance.quote.dto.QuoteResponseDto@55b6a86]
2025-08-14 22:48:03 - Set SecurityContextHolder to anonymous SecurityContext
2025-08-14 22:48:03 - Securing POST /api/v1/quotes
2025-08-14 22:48:03 - Secured POST /api/v1/quotes
2025-08-14 22:48:03 - Mapped to com.autoinsurance.quote.controller.QuoteController#createQuote(QuoteRequestDto)
2025-08-14 22:48:03 - Read "application/json;charset=UTF-8" to [com.autoinsurance.quote.dto.QuoteRequestDto@225a1bbc]
2025-08-14 22:48:03 - 
    select
        q1_0.id,
        q1_0.coverage_amount,
        q1_0.created_at,
        q1_0.deductible,
        q1_0.monthly_premium,
        q1_0.premium,
        q1_0.primary_driver_license,
        q1_0.primary_driver_name,
        q1_0.valid_until,
        q1_0.vehicle_current_value,
        q1_0.vehicle_make,
        q1_0.vehicle_model,
        q1_0.vehicle_vin,
        q1_0.vehicle_year 
    from
        quotes q1_0 
    where
        q1_0.id=?
2025-08-14 22:48:03 - 
    insert 
    into
        quotes
        (coverage_amount, created_at, deductible, monthly_premium, premium, primary_driver_license, primary_driver_name, valid_until, vehicle_current_value, vehicle_make, vehicle_model, vehicle_vin, vehicle_year, id) 
    values
        (?, ?, ?, ?, ?, ?, ?, ?, ?, ?, ?, ?, ?, ?)
2025-08-14 22:48:03 - Using 'application/json', given [*/*] and supported [application/json]
2025-08-14 22:48:03 - Writing [com.autoinsurance.quote.dto.QuoteResponseDto@7b83cb11]
2025-08-14 22:48:03 - Set SecurityContextHolder to anonymous SecurityContext
2025-08-14 22:48:03 - Securing POST /api/v1/quotes
2025-08-14 22:48:03 - Secured POST /api/v1/quotes
2025-08-14 22:48:03 - Mapped to com.autoinsurance.quote.controller.QuoteController#createQuote(QuoteRequestDto)
2025-08-14 22:48:03 - Read "application/json;charset=UTF-8" to [com.autoinsurance.quote.dto.QuoteRequestDto@1f88f846]
2025-08-14 22:48:03 - 
    select
        q1_0.id,
        q1_0.coverage_amount,
        q1_0.created_at,
        q1_0.deductible,
        q1_0.monthly_premium,
        q1_0.premium,
        q1_0.primary_driver_license,
        q1_0.primary_driver_name,
        q1_0.valid_until,
        q1_0.vehicle_current_value,
        q1_0.vehicle_make,
        q1_0.vehicle_model,
        q1_0.vehicle_vin,
        q1_0.vehicle_year 
    from
        quotes q1_0 
    where
        q1_0.id=?
2025-08-14 22:48:03 - 
    insert 
    into
        quotes
        (coverage_amount, created_at, deductible, monthly_premium, premium, primary_driver_license, primary_driver_name, valid_until, vehicle_current_value, vehicle_make, vehicle_model, vehicle_vin, vehicle_year, id) 
    values
        (?, ?, ?, ?, ?, ?, ?, ?, ?, ?, ?, ?, ?, ?)
2025-08-14 22:48:03 - Using 'application/json', given [*/*] and supported [application/json]
2025-08-14 22:48:03 - Writing [com.autoinsurance.quote.dto.QuoteResponseDto@1b4ba977]
2025-08-14 22:48:03 - Set SecurityContextHolder to anonymous SecurityContext
2025-08-14 22:48:03 - Securing POST /api/v1/quotes
2025-08-14 22:48:03 - Secured POST /api/v1/quotes
2025-08-14 22:48:03 - Mapped to com.autoinsurance.quote.controller.QuoteController#createQuote(QuoteRequestDto)
2025-08-14 22:48:03 - Read "application/json;charset=UTF-8" to [com.autoinsurance.quote.dto.QuoteRequestDto@1a26f339]
2025-08-14 22:48:03 - 
    select
        q1_0.id,
        q1_0.coverage_amount,
        q1_0.created_at,
        q1_0.deductible,
        q1_0.monthly_premium,
        q1_0.premium,
        q1_0.primary_driver_license,
        q1_0.primary_driver_name,
        q1_0.valid_until,
        q1_0.vehicle_current_value,
        q1_0.vehicle_make,
        q1_0.vehicle_model,
        q1_0.vehicle_vin,
        q1_0.vehicle_year 
    from
        quotes q1_0 
    where
        q1_0.id=?
2025-08-14 22:48:03 - 
    insert 
    into
        quotes
        (coverage_amount, created_at, deductible, monthly_premium, premium, primary_driver_license, primary_driver_name, valid_until, vehicle_current_value, vehicle_make, vehicle_model, vehicle_vin, vehicle_year, id) 
    values
        (?, ?, ?, ?, ?, ?, ?, ?, ?, ?, ?, ?, ?, ?)
2025-08-14 22:48:03 - Using 'application/json', given [*/*] and supported [application/json]
2025-08-14 22:48:03 - Writing [com.autoinsurance.quote.dto.QuoteResponseDto@543c96bd]
2025-08-14 22:48:03 - Set SecurityContextHolder to anonymous SecurityContext
2025-08-14 22:48:03 - Securing POST /api/v1/quotes
2025-08-14 22:48:03 - Secured POST /api/v1/quotes
2025-08-14 22:48:03 - Mapped to com.autoinsurance.quote.controller.QuoteController#createQuote(QuoteRequestDto)
2025-08-14 22:48:03 - Read "application/json;charset=UTF-8" to [com.autoinsurance.quote.dto.QuoteRequestDto@70c322d7]
2025-08-14 22:48:03 - 
    select
        q1_0.id,
        q1_0.coverage_amount,
        q1_0.created_at,
        q1_0.deductible,
        q1_0.monthly_premium,
        q1_0.premium,
        q1_0.primary_driver_license,
        q1_0.primary_driver_name,
        q1_0.valid_until,
        q1_0.vehicle_current_value,
        q1_0.vehicle_make,
        q1_0.vehicle_model,
        q1_0.vehicle_vin,
        q1_0.vehicle_year 
    from
        quotes q1_0 
    where
        q1_0.id=?
2025-08-14 22:48:03 - 
    insert 
    into
        quotes
        (coverage_amount, created_at, deductible, monthly_premium, premium, primary_driver_license, primary_driver_name, valid_until, vehicle_current_value, vehicle_make, vehicle_model, vehicle_vin, vehicle_year, id) 
    values
        (?, ?, ?, ?, ?, ?, ?, ?, ?, ?, ?, ?, ?, ?)
2025-08-14 22:48:03 - Using 'application/json', given [*/*] and supported [application/json]
2025-08-14 22:48:03 - Writing [com.autoinsurance.quote.dto.QuoteResponseDto@7949b73]
2025-08-14 22:48:03 - Set SecurityContextHolder to anonymous SecurityContext
2025-08-14 22:48:03 - Securing POST /api/v1/quotes
2025-08-14 22:48:03 - Secured POST /api/v1/quotes
2025-08-14 22:48:03 - Mapped to com.autoinsurance.quote.controller.QuoteController#createQuote(QuoteRequestDto)
2025-08-14 22:48:03 - Read "application/json;charset=UTF-8" to [com.autoinsurance.quote.dto.QuoteRequestDto@61d66f29]
2025-08-14 22:48:03 - 
    select
        q1_0.id,
        q1_0.coverage_amount,
        q1_0.created_at,
        q1_0.deductible,
        q1_0.monthly_premium,
        q1_0.premium,
        q1_0.primary_driver_license,
        q1_0.primary_driver_name,
        q1_0.valid_until,
        q1_0.vehicle_current_value,
        q1_0.vehicle_make,
        q1_0.vehicle_model,
        q1_0.vehicle_vin,
        q1_0.vehicle_year 
    from
        quotes q1_0 
    where
        q1_0.id=?
2025-08-14 22:48:03 - 
    insert 
    into
        quotes
        (coverage_amount, created_at, deductible, monthly_premium, premium, primary_driver_license, primary_driver_name, valid_until, vehicle_current_value, vehicle_make, vehicle_model, vehicle_vin, vehicle_year, id) 
    values
        (?, ?, ?, ?, ?, ?, ?, ?, ?, ?, ?, ?, ?, ?)
2025-08-14 22:48:03 - Using 'application/json', given [*/*] and supported [application/json]
2025-08-14 22:48:03 - Writing [com.autoinsurance.quote.dto.QuoteResponseDto@8985d9e]
2025-08-14 22:48:03 - Set SecurityContextHolder to anonymous SecurityContext
2025-08-14 22:48:03 - Securing POST /api/v1/quotes
2025-08-14 22:48:03 - Secured POST /api/v1/quotes
2025-08-14 22:48:03 - Mapped to com.autoinsurance.quote.controller.QuoteController#createQuote(QuoteRequestDto)
2025-08-14 22:48:03 - Read "application/json;charset=UTF-8" to [com.autoinsurance.quote.dto.QuoteRequestDto@2e9751f4]
2025-08-14 22:48:03 - 
    select
        q1_0.id,
        q1_0.coverage_amount,
        q1_0.created_at,
        q1_0.deductible,
        q1_0.monthly_premium,
        q1_0.premium,
        q1_0.primary_driver_license,
        q1_0.primary_driver_name,
        q1_0.valid_until,
        q1_0.vehicle_current_value,
        q1_0.vehicle_make,
        q1_0.vehicle_model,
        q1_0.vehicle_vin,
        q1_0.vehicle_year 
    from
        quotes q1_0 
    where
        q1_0.id=?
2025-08-14 22:48:03 - 
    insert 
    into
        quotes
        (coverage_amount, created_at, deductible, monthly_premium, premium, primary_driver_license, primary_driver_name, valid_until, vehicle_current_value, vehicle_make, vehicle_model, vehicle_vin, vehicle_year, id) 
    values
        (?, ?, ?, ?, ?, ?, ?, ?, ?, ?, ?, ?, ?, ?)
2025-08-14 22:48:03 - Using 'application/json', given [*/*] and supported [application/json]
2025-08-14 22:48:03 - Writing [com.autoinsurance.quote.dto.QuoteResponseDto@2499586f]
2025-08-14 22:48:03 - Set SecurityContextHolder to anonymous SecurityContext
2025-08-14 22:48:03 - Securing POST /api/v1/quotes
2025-08-14 22:48:03 - Secured POST /api/v1/quotes
2025-08-14 22:48:03 - Mapped to com.autoinsurance.quote.controller.QuoteController#createQuote(QuoteRequestDto)
2025-08-14 22:48:03 - Read "application/json;charset=UTF-8" to [com.autoinsurance.quote.dto.QuoteRequestDto@5aed11f9]
2025-08-14 22:48:03 - 
    select
        q1_0.id,
        q1_0.coverage_amount,
        q1_0.created_at,
        q1_0.deductible,
        q1_0.monthly_premium,
        q1_0.premium,
        q1_0.primary_driver_license,
        q1_0.primary_driver_name,
        q1_0.valid_until,
        q1_0.vehicle_current_value,
        q1_0.vehicle_make,
        q1_0.vehicle_model,
        q1_0.vehicle_vin,
        q1_0.vehicle_year 
    from
        quotes q1_0 
    where
        q1_0.id=?
2025-08-14 22:48:03 - 
    insert 
    into
        quotes
        (coverage_amount, created_at, deductible, monthly_premium, premium, primary_driver_license, primary_driver_name, valid_until, vehicle_current_value, vehicle_make, vehicle_model, vehicle_vin, vehicle_year, id) 
    values
        (?, ?, ?, ?, ?, ?, ?, ?, ?, ?, ?, ?, ?, ?)
2025-08-14 22:48:03 - Using 'application/json', given [*/*] and supported [application/json]
2025-08-14 22:48:03 - Writing [com.autoinsurance.quote.dto.QuoteResponseDto@6353f55b]
2025-08-14 22:48:03 - Set SecurityContextHolder to anonymous SecurityContext
2025-08-14 22:48:03 - Securing POST /api/v1/quotes
2025-08-14 22:48:03 - Secured POST /api/v1/quotes
2025-08-14 22:48:03 - Mapped to com.autoinsurance.quote.controller.QuoteController#createQuote(QuoteRequestDto)
2025-08-14 22:48:03 - Read "application/json;charset=UTF-8" to [com.autoinsurance.quote.dto.QuoteRequestDto@5733ad7d]
2025-08-14 22:48:03 - 
    select
        q1_0.id,
        q1_0.coverage_amount,
        q1_0.created_at,
        q1_0.deductible,
        q1_0.monthly_premium,
        q1_0.premium,
        q1_0.primary_driver_license,
        q1_0.primary_driver_name,
        q1_0.valid_until,
        q1_0.vehicle_current_value,
        q1_0.vehicle_make,
        q1_0.vehicle_model,
        q1_0.vehicle_vin,
        q1_0.vehicle_year 
    from
        quotes q1_0 
    where
        q1_0.id=?
2025-08-14 22:48:03 - 
    insert 
    into
        quotes
        (coverage_amount, created_at, deductible, monthly_premium, premium, primary_driver_license, primary_driver_name, valid_until, vehicle_current_value, vehicle_make, vehicle_model, vehicle_vin, vehicle_year, id) 
    values
        (?, ?, ?, ?, ?, ?, ?, ?, ?, ?, ?, ?, ?, ?)
2025-08-14 22:48:03 - Using 'application/json', given [*/*] and supported [application/json]
2025-08-14 22:48:03 - Writing [com.autoinsurance.quote.dto.QuoteResponseDto@7dd32cc5]
2025-08-14 22:48:03 - Set SecurityContextHolder to anonymous SecurityContext
2025-08-14 22:48:04 - Securing POST /api/v1/quotes
2025-08-14 22:48:04 - Secured POST /api/v1/quotes
2025-08-14 22:48:04 - Mapped to com.autoinsurance.quote.controller.QuoteController#createQuote(QuoteRequestDto)
2025-08-14 22:48:04 - Read "application/json;charset=UTF-8" to [com.autoinsurance.quote.dto.QuoteRequestDto@61b1b823]
2025-08-14 22:48:04 - 
    select
        q1_0.id,
        q1_0.coverage_amount,
        q1_0.created_at,
        q1_0.deductible,
        q1_0.monthly_premium,
        q1_0.premium,
        q1_0.primary_driver_license,
        q1_0.primary_driver_name,
        q1_0.valid_until,
        q1_0.vehicle_current_value,
        q1_0.vehicle_make,
        q1_0.vehicle_model,
        q1_0.vehicle_vin,
        q1_0.vehicle_year 
    from
        quotes q1_0 
    where
        q1_0.id=?
2025-08-14 22:48:04 - 
    insert 
    into
        quotes
        (coverage_amount, created_at, deductible, monthly_premium, premium, primary_driver_license, primary_driver_name, valid_until, vehicle_current_value, vehicle_make, vehicle_model, vehicle_vin, vehicle_year, id) 
    values
        (?, ?, ?, ?, ?, ?, ?, ?, ?, ?, ?, ?, ?, ?)
2025-08-14 22:48:04 - Using 'application/json', given [*/*] and supported [application/json]
2025-08-14 22:48:04 - Writing [com.autoinsurance.quote.dto.QuoteResponseDto@6523525d]
2025-08-14 22:48:04 - Set SecurityContextHolder to anonymous SecurityContext
2025-08-14 22:48:04 - Securing POST /api/v1/quotes
2025-08-14 22:48:04 - Secured POST /api/v1/quotes
2025-08-14 22:48:04 - Mapped to com.autoinsurance.quote.controller.QuoteController#createQuote(QuoteRequestDto)
2025-08-14 22:48:04 - Read "application/json;charset=UTF-8" to [com.autoinsurance.quote.dto.QuoteRequestDto@43c9dc56]
2025-08-14 22:48:04 - 
    select
        q1_0.id,
        q1_0.coverage_amount,
        q1_0.created_at,
        q1_0.deductible,
        q1_0.monthly_premium,
        q1_0.premium,
        q1_0.primary_driver_license,
        q1_0.primary_driver_name,
        q1_0.valid_until,
        q1_0.vehicle_current_value,
        q1_0.vehicle_make,
        q1_0.vehicle_model,
        q1_0.vehicle_vin,
        q1_0.vehicle_year 
    from
        quotes q1_0 
    where
        q1_0.id=?
2025-08-14 22:48:04 - 
    insert 
    into
        quotes
        (coverage_amount, created_at, deductible, monthly_premium, premium, primary_driver_license, primary_driver_name, valid_until, vehicle_current_value, vehicle_make, vehicle_model, vehicle_vin, vehicle_year, id) 
    values
        (?, ?, ?, ?, ?, ?, ?, ?, ?, ?, ?, ?, ?, ?)
2025-08-14 22:48:04 - Using 'application/json', given [*/*] and supported [application/json]
2025-08-14 22:48:04 - Writing [com.autoinsurance.quote.dto.QuoteResponseDto@4273dd5a]
2025-08-14 22:48:04 - Set SecurityContextHolder to anonymous SecurityContext
2025-08-14 22:48:04 - Securing POST /api/v1/quotes
2025-08-14 22:48:04 - Secured POST /api/v1/quotes
2025-08-14 22:48:04 - Mapped to com.autoinsurance.quote.controller.QuoteController#createQuote(QuoteRequestDto)
2025-08-14 22:48:04 - Read "application/json;charset=UTF-8" to [com.autoinsurance.quote.dto.QuoteRequestDto@f059bd]
2025-08-14 22:48:04 - 
    select
        q1_0.id,
        q1_0.coverage_amount,
        q1_0.created_at,
        q1_0.deductible,
        q1_0.monthly_premium,
        q1_0.premium,
        q1_0.primary_driver_license,
        q1_0.primary_driver_name,
        q1_0.valid_until,
        q1_0.vehicle_current_value,
        q1_0.vehicle_make,
        q1_0.vehicle_model,
        q1_0.vehicle_vin,
        q1_0.vehicle_year 
    from
        quotes q1_0 
    where
        q1_0.id=?
2025-08-14 22:48:04 - 
    insert 
    into
        quotes
        (coverage_amount, created_at, deductible, monthly_premium, premium, primary_driver_license, primary_driver_name, valid_until, vehicle_current_value, vehicle_make, vehicle_model, vehicle_vin, vehicle_year, id) 
    values
        (?, ?, ?, ?, ?, ?, ?, ?, ?, ?, ?, ?, ?, ?)
2025-08-14 22:48:04 - Using 'application/json', given [*/*] and supported [application/json]
2025-08-14 22:48:04 - Writing [com.autoinsurance.quote.dto.QuoteResponseDto@1c04226e]
2025-08-14 22:48:04 - Set SecurityContextHolder to anonymous SecurityContext
2025-08-14 22:48:04 - Securing POST /api/v1/quotes
2025-08-14 22:48:04 - Secured POST /api/v1/quotes
2025-08-14 22:48:04 - Mapped to com.autoinsurance.quote.controller.QuoteController#createQuote(QuoteRequestDto)
2025-08-14 22:48:04 - Read "application/json;charset=UTF-8" to [com.autoinsurance.quote.dto.QuoteRequestDto@255194f8]
2025-08-14 22:48:04 - 
    select
        q1_0.id,
        q1_0.coverage_amount,
        q1_0.created_at,
        q1_0.deductible,
        q1_0.monthly_premium,
        q1_0.premium,
        q1_0.primary_driver_license,
        q1_0.primary_driver_name,
        q1_0.valid_until,
        q1_0.vehicle_current_value,
        q1_0.vehicle_make,
        q1_0.vehicle_model,
        q1_0.vehicle_vin,
        q1_0.vehicle_year 
    from
        quotes q1_0 
    where
        q1_0.id=?
2025-08-14 22:48:04 - 
    insert 
    into
        quotes
        (coverage_amount, created_at, deductible, monthly_premium, premium, primary_driver_license, primary_driver_name, valid_until, vehicle_current_value, vehicle_make, vehicle_model, vehicle_vin, vehicle_year, id) 
    values
        (?, ?, ?, ?, ?, ?, ?, ?, ?, ?, ?, ?, ?, ?)
2025-08-14 22:48:04 - Using 'application/json', given [*/*] and supported [application/json]
2025-08-14 22:48:04 - Writing [com.autoinsurance.quote.dto.QuoteResponseDto@bbea479]
2025-08-14 22:48:04 - Set SecurityContextHolder to anonymous SecurityContext
2025-08-14 22:48:04 - Securing POST /api/v1/quotes
2025-08-14 22:48:04 - Secured POST /api/v1/quotes
2025-08-14 22:48:04 - Mapped to com.autoinsurance.quote.controller.QuoteController#createQuote(QuoteRequestDto)
2025-08-14 22:48:04 - Read "application/json;charset=UTF-8" to [com.autoinsurance.quote.dto.QuoteRequestDto@4a428dca]
2025-08-14 22:48:04 - 
    select
        q1_0.id,
        q1_0.coverage_amount,
        q1_0.created_at,
        q1_0.deductible,
        q1_0.monthly_premium,
        q1_0.premium,
        q1_0.primary_driver_license,
        q1_0.primary_driver_name,
        q1_0.valid_until,
        q1_0.vehicle_current_value,
        q1_0.vehicle_make,
        q1_0.vehicle_model,
        q1_0.vehicle_vin,
        q1_0.vehicle_year 
    from
        quotes q1_0 
    where
        q1_0.id=?
2025-08-14 22:48:04 - 
    insert 
    into
        quotes
        (coverage_amount, created_at, deductible, monthly_premium, premium, primary_driver_license, primary_driver_name, valid_until, vehicle_current_value, vehicle_make, vehicle_model, vehicle_vin, vehicle_year, id) 
    values
        (?, ?, ?, ?, ?, ?, ?, ?, ?, ?, ?, ?, ?, ?)
2025-08-14 22:48:04 - Using 'application/json', given [*/*] and supported [application/json]
2025-08-14 22:48:04 - Writing [com.autoinsurance.quote.dto.QuoteResponseDto@3cde03b6]
2025-08-14 22:48:04 - Set SecurityContextHolder to anonymous SecurityContext
2025-08-14 22:48:04 - Securing POST /api/v1/quotes
2025-08-14 22:48:04 - Secured POST /api/v1/quotes
2025-08-14 22:48:04 - Mapped to com.autoinsurance.quote.controller.QuoteController#createQuote(QuoteRequestDto)
2025-08-14 22:48:04 - Read "application/json;charset=UTF-8" to [com.autoinsurance.quote.dto.QuoteRequestDto@796321ab]
2025-08-14 22:48:04 - 
    select
        q1_0.id,
        q1_0.coverage_amount,
        q1_0.created_at,
        q1_0.deductible,
        q1_0.monthly_premium,
        q1_0.premium,
        q1_0.primary_driver_license,
        q1_0.primary_driver_name,
        q1_0.valid_until,
        q1_0.vehicle_current_value,
        q1_0.vehicle_make,
        q1_0.vehicle_model,
        q1_0.vehicle_vin,
        q1_0.vehicle_year 
    from
        quotes q1_0 
    where
        q1_0.id=?
2025-08-14 22:48:04 - 
    insert 
    into
        quotes
        (coverage_amount, created_at, deductible, monthly_premium, premium, primary_driver_license, primary_driver_name, valid_until, vehicle_current_value, vehicle_make, vehicle_model, vehicle_vin, vehicle_year, id) 
    values
        (?, ?, ?, ?, ?, ?, ?, ?, ?, ?, ?, ?, ?, ?)
2025-08-14 22:48:04 - Using 'application/json', given [*/*] and supported [application/json]
2025-08-14 22:48:04 - Writing [com.autoinsurance.quote.dto.QuoteResponseDto@24fc3ae5]
2025-08-14 22:48:04 - Set SecurityContextHolder to anonymous SecurityContext
2025-08-14 22:48:04 - Securing POST /api/v1/quotes
2025-08-14 22:48:04 - Secured POST /api/v1/quotes
2025-08-14 22:48:04 - Mapped to com.autoinsurance.quote.controller.QuoteController#createQuote(QuoteRequestDto)
2025-08-14 22:48:04 - Read "application/json;charset=UTF-8" to [com.autoinsurance.quote.dto.QuoteRequestDto@7d5de163]
2025-08-14 22:48:04 - 
    select
        q1_0.id,
        q1_0.coverage_amount,
        q1_0.created_at,
        q1_0.deductible,
        q1_0.monthly_premium,
        q1_0.premium,
        q1_0.primary_driver_license,
        q1_0.primary_driver_name,
        q1_0.valid_until,
        q1_0.vehicle_current_value,
        q1_0.vehicle_make,
        q1_0.vehicle_model,
        q1_0.vehicle_vin,
        q1_0.vehicle_year 
    from
        quotes q1_0 
    where
        q1_0.id=?
2025-08-14 22:48:04 - 
    insert 
    into
        quotes
        (coverage_amount, created_at, deductible, monthly_premium, premium, primary_driver_license, primary_driver_name, valid_until, vehicle_current_value, vehicle_make, vehicle_model, vehicle_vin, vehicle_year, id) 
    values
        (?, ?, ?, ?, ?, ?, ?, ?, ?, ?, ?, ?, ?, ?)
2025-08-14 22:48:04 - Using 'application/json', given [*/*] and supported [application/json]
2025-08-14 22:48:04 - Writing [com.autoinsurance.quote.dto.QuoteResponseDto@1e533349]
2025-08-14 22:48:04 - Set SecurityContextHolder to anonymous SecurityContext
2025-08-14 22:48:04 - Securing POST /api/v1/quotes
2025-08-14 22:48:04 - Secured POST /api/v1/quotes
2025-08-14 22:48:04 - Mapped to com.autoinsurance.quote.controller.QuoteController#createQuote(QuoteRequestDto)
2025-08-14 22:48:04 - Read "application/json;charset=UTF-8" to [com.autoinsurance.quote.dto.QuoteRequestDto@780a6b13]
2025-08-14 22:48:04 - 
    select
        q1_0.id,
        q1_0.coverage_amount,
        q1_0.created_at,
        q1_0.deductible,
        q1_0.monthly_premium,
        q1_0.premium,
        q1_0.primary_driver_license,
        q1_0.primary_driver_name,
        q1_0.valid_until,
        q1_0.vehicle_current_value,
        q1_0.vehicle_make,
        q1_0.vehicle_model,
        q1_0.vehicle_vin,
        q1_0.vehicle_year 
    from
        quotes q1_0 
    where
        q1_0.id=?
2025-08-14 22:48:04 - 
    insert 
    into
        quotes
        (coverage_amount, created_at, deductible, monthly_premium, premium, primary_driver_license, primary_driver_name, valid_until, vehicle_current_value, vehicle_make, vehicle_model, vehicle_vin, vehicle_year, id) 
    values
        (?, ?, ?, ?, ?, ?, ?, ?, ?, ?, ?, ?, ?, ?)
2025-08-14 22:48:04 - Using 'application/json', given [*/*] and supported [application/json]
2025-08-14 22:48:04 - Writing [com.autoinsurance.quote.dto.QuoteResponseDto@7bc98719]
2025-08-14 22:48:04 - Set SecurityContextHolder to anonymous SecurityContext
2025-08-14 22:48:04 - Securing POST /api/v1/quotes
2025-08-14 22:48:04 - Secured POST /api/v1/quotes
2025-08-14 22:48:04 - Mapped to com.autoinsurance.quote.controller.QuoteController#createQuote(QuoteRequestDto)
2025-08-14 22:48:04 - Read "application/json;charset=UTF-8" to [com.autoinsurance.quote.dto.QuoteRequestDto@498b2041]
2025-08-14 22:48:04 - 
    select
        q1_0.id,
        q1_0.coverage_amount,
        q1_0.created_at,
        q1_0.deductible,
        q1_0.monthly_premium,
        q1_0.premium,
        q1_0.primary_driver_license,
        q1_0.primary_driver_name,
        q1_0.valid_until,
        q1_0.vehicle_current_value,
        q1_0.vehicle_make,
        q1_0.vehicle_model,
        q1_0.vehicle_vin,
        q1_0.vehicle_year 
    from
        quotes q1_0 
    where
        q1_0.id=?
2025-08-14 22:48:04 - 
    insert 
    into
        quotes
        (coverage_amount, created_at, deductible, monthly_premium, premium, primary_driver_license, primary_driver_name, valid_until, vehicle_current_value, vehicle_make, vehicle_model, vehicle_vin, vehicle_year, id) 
    values
        (?, ?, ?, ?, ?, ?, ?, ?, ?, ?, ?, ?, ?, ?)
2025-08-14 22:48:04 - Using 'application/json', given [*/*] and supported [application/json]
2025-08-14 22:48:04 - Writing [com.autoinsurance.quote.dto.QuoteResponseDto@1473e2c5]
2025-08-14 22:48:04 - Set SecurityContextHolder to anonymous SecurityContext
2025-08-14 22:48:04 - Securing POST /api/v1/quotes
2025-08-14 22:48:04 - Secured POST /api/v1/quotes
2025-08-14 22:48:04 - Mapped to com.autoinsurance.quote.controller.QuoteController#createQuote(QuoteRequestDto)
2025-08-14 22:48:04 - Read "application/json;charset=UTF-8" to [com.autoinsurance.quote.dto.QuoteRequestDto@2ea7e240]
2025-08-14 22:48:04 - 
    select
        q1_0.id,
        q1_0.coverage_amount,
        q1_0.created_at,
        q1_0.deductible,
        q1_0.monthly_premium,
        q1_0.premium,
        q1_0.primary_driver_license,
        q1_0.primary_driver_name,
        q1_0.valid_until,
        q1_0.vehicle_current_value,
        q1_0.vehicle_make,
        q1_0.vehicle_model,
        q1_0.vehicle_vin,
        q1_0.vehicle_year 
    from
        quotes q1_0 
    where
        q1_0.id=?
2025-08-14 22:48:04 - 
    insert 
    into
        quotes
        (coverage_amount, created_at, deductible, monthly_premium, premium, primary_driver_license, primary_driver_name, valid_until, vehicle_current_value, vehicle_make, vehicle_model, vehicle_vin, vehicle_year, id) 
    values
        (?, ?, ?, ?, ?, ?, ?, ?, ?, ?, ?, ?, ?, ?)
2025-08-14 22:48:04 - Using 'application/json', given [*/*] and supported [application/json]
2025-08-14 22:48:04 - Writing [com.autoinsurance.quote.dto.QuoteResponseDto@5d084181]
2025-08-14 22:48:04 - Set SecurityContextHolder to anonymous SecurityContext
2025-08-14 22:48:05 - Securing POST /api/v1/quotes
2025-08-14 22:48:05 - Secured POST /api/v1/quotes
2025-08-14 22:48:05 - Mapped to com.autoinsurance.quote.controller.QuoteController#createQuote(QuoteRequestDto)
2025-08-14 22:48:05 - Read "application/json;charset=UTF-8" to [com.autoinsurance.quote.dto.QuoteRequestDto@5205bcaf]
2025-08-14 22:48:05 - 
    select
        q1_0.id,
        q1_0.coverage_amount,
        q1_0.created_at,
        q1_0.deductible,
        q1_0.monthly_premium,
        q1_0.premium,
        q1_0.primary_driver_license,
        q1_0.primary_driver_name,
        q1_0.valid_until,
        q1_0.vehicle_current_value,
        q1_0.vehicle_make,
        q1_0.vehicle_model,
        q1_0.vehicle_vin,
        q1_0.vehicle_year 
    from
        quotes q1_0 
    where
        q1_0.id=?
2025-08-14 22:48:05 - 
    insert 
    into
        quotes
        (coverage_amount, created_at, deductible, monthly_premium, premium, primary_driver_license, primary_driver_name, valid_until, vehicle_current_value, vehicle_make, vehicle_model, vehicle_vin, vehicle_year, id) 
    values
        (?, ?, ?, ?, ?, ?, ?, ?, ?, ?, ?, ?, ?, ?)
2025-08-14 22:48:05 - Using 'application/json', given [*/*] and supported [application/json]
2025-08-14 22:48:05 - Writing [com.autoinsurance.quote.dto.QuoteResponseDto@7b83a46d]
2025-08-14 22:48:05 - Set SecurityContextHolder to anonymous SecurityContext
2025-08-14 22:48:05 - Securing POST /api/v1/quotes
2025-08-14 22:48:05 - Secured POST /api/v1/quotes
2025-08-14 22:48:05 - Mapped to com.autoinsurance.quote.controller.QuoteController#createQuote(QuoteRequestDto)
2025-08-14 22:48:05 - Read "application/json;charset=UTF-8" to [com.autoinsurance.quote.dto.QuoteRequestDto@7b1e42d8]
2025-08-14 22:48:05 - 
    select
        q1_0.id,
        q1_0.coverage_amount,
        q1_0.created_at,
        q1_0.deductible,
        q1_0.monthly_premium,
        q1_0.premium,
        q1_0.primary_driver_license,
        q1_0.primary_driver_name,
        q1_0.valid_until,
        q1_0.vehicle_current_value,
        q1_0.vehicle_make,
        q1_0.vehicle_model,
        q1_0.vehicle_vin,
        q1_0.vehicle_year 
    from
        quotes q1_0 
    where
        q1_0.id=?
2025-08-14 22:48:05 - 
    insert 
    into
        quotes
        (coverage_amount, created_at, deductible, monthly_premium, premium, primary_driver_license, primary_driver_name, valid_until, vehicle_current_value, vehicle_make, vehicle_model, vehicle_vin, vehicle_year, id) 
    values
        (?, ?, ?, ?, ?, ?, ?, ?, ?, ?, ?, ?, ?, ?)
2025-08-14 22:48:05 - Using 'application/json', given [*/*] and supported [application/json]
2025-08-14 22:48:05 - Writing [com.autoinsurance.quote.dto.QuoteResponseDto@5e7b0936]
2025-08-14 22:48:05 - Set SecurityContextHolder to anonymous SecurityContext
2025-08-14 22:48:05 - Securing POST /api/v1/quotes
2025-08-14 22:48:05 - Secured POST /api/v1/quotes
2025-08-14 22:48:05 - Mapped to com.autoinsurance.quote.controller.QuoteController#createQuote(QuoteRequestDto)
2025-08-14 22:48:05 - Read "application/json;charset=UTF-8" to [com.autoinsurance.quote.dto.QuoteRequestDto@3460fd61]
2025-08-14 22:48:05 - 
    select
        q1_0.id,
        q1_0.coverage_amount,
        q1_0.created_at,
        q1_0.deductible,
        q1_0.monthly_premium,
        q1_0.premium,
        q1_0.primary_driver_license,
        q1_0.primary_driver_name,
        q1_0.valid_until,
        q1_0.vehicle_current_value,
        q1_0.vehicle_make,
        q1_0.vehicle_model,
        q1_0.vehicle_vin,
        q1_0.vehicle_year 
    from
        quotes q1_0 
    where
        q1_0.id=?
2025-08-14 22:48:05 - 
    insert 
    into
        quotes
        (coverage_amount, created_at, deductible, monthly_premium, premium, primary_driver_license, primary_driver_name, valid_until, vehicle_current_value, vehicle_make, vehicle_model, vehicle_vin, vehicle_year, id) 
    values
        (?, ?, ?, ?, ?, ?, ?, ?, ?, ?, ?, ?, ?, ?)
2025-08-14 22:48:05 - Using 'application/json', given [*/*] and supported [application/json]
2025-08-14 22:48:05 - Writing [com.autoinsurance.quote.dto.QuoteResponseDto@3fd30640]
2025-08-14 22:48:05 - Set SecurityContextHolder to anonymous SecurityContext
2025-08-14 22:48:05 - Securing POST /api/v1/quotes
2025-08-14 22:48:05 - Secured POST /api/v1/quotes
2025-08-14 22:48:05 - Mapped to com.autoinsurance.quote.controller.QuoteController#createQuote(QuoteRequestDto)
2025-08-14 22:48:05 - Read "application/json;charset=UTF-8" to [com.autoinsurance.quote.dto.QuoteRequestDto@50602d66]
2025-08-14 22:48:05 - 
    select
        q1_0.id,
        q1_0.coverage_amount,
        q1_0.created_at,
        q1_0.deductible,
        q1_0.monthly_premium,
        q1_0.premium,
        q1_0.primary_driver_license,
        q1_0.primary_driver_name,
        q1_0.valid_until,
        q1_0.vehicle_current_value,
        q1_0.vehicle_make,
        q1_0.vehicle_model,
        q1_0.vehicle_vin,
        q1_0.vehicle_year 
    from
        quotes q1_0 
    where
        q1_0.id=?
2025-08-14 22:48:05 - 
    insert 
    into
        quotes
        (coverage_amount, created_at, deductible, monthly_premium, premium, primary_driver_license, primary_driver_name, valid_until, vehicle_current_value, vehicle_make, vehicle_model, vehicle_vin, vehicle_year, id) 
    values
        (?, ?, ?, ?, ?, ?, ?, ?, ?, ?, ?, ?, ?, ?)
2025-08-14 22:48:05 - Using 'application/json', given [*/*] and supported [application/json]
2025-08-14 22:48:05 - Writing [com.autoinsurance.quote.dto.QuoteResponseDto@426eb0b6]
2025-08-14 22:48:05 - Set SecurityContextHolder to anonymous SecurityContext
2025-08-14 22:48:05 - Securing POST /api/v1/quotes
2025-08-14 22:48:05 - Secured POST /api/v1/quotes
2025-08-14 22:48:05 - Mapped to com.autoinsurance.quote.controller.QuoteController#createQuote(QuoteRequestDto)
2025-08-14 22:48:05 - Read "application/json;charset=UTF-8" to [com.autoinsurance.quote.dto.QuoteRequestDto@26011136]
2025-08-14 22:48:05 - 
    select
        q1_0.id,
        q1_0.coverage_amount,
        q1_0.created_at,
        q1_0.deductible,
        q1_0.monthly_premium,
        q1_0.premium,
        q1_0.primary_driver_license,
        q1_0.primary_driver_name,
        q1_0.valid_until,
        q1_0.vehicle_current_value,
        q1_0.vehicle_make,
        q1_0.vehicle_model,
        q1_0.vehicle_vin,
        q1_0.vehicle_year 
    from
        quotes q1_0 
    where
        q1_0.id=?
2025-08-14 22:48:05 - 
    insert 
    into
        quotes
        (coverage_amount, created_at, deductible, monthly_premium, premium, primary_driver_license, primary_driver_name, valid_until, vehicle_current_value, vehicle_make, vehicle_model, vehicle_vin, vehicle_year, id) 
    values
        (?, ?, ?, ?, ?, ?, ?, ?, ?, ?, ?, ?, ?, ?)
2025-08-14 22:48:05 - Using 'application/json', given [*/*] and supported [application/json]
2025-08-14 22:48:05 - Writing [com.autoinsurance.quote.dto.QuoteResponseDto@460764d2]
2025-08-14 22:48:05 - Set SecurityContextHolder to anonymous SecurityContext
2025-08-14 22:48:05 - Securing POST /api/v1/quotes
2025-08-14 22:48:05 - Secured POST /api/v1/quotes
2025-08-14 22:48:05 - Mapped to com.autoinsurance.quote.controller.QuoteController#createQuote(QuoteRequestDto)
2025-08-14 22:48:05 - Read "application/json;charset=UTF-8" to [com.autoinsurance.quote.dto.QuoteRequestDto@51e2f78c]
2025-08-14 22:48:05 - 
    select
        q1_0.id,
        q1_0.coverage_amount,
        q1_0.created_at,
        q1_0.deductible,
        q1_0.monthly_premium,
        q1_0.premium,
        q1_0.primary_driver_license,
        q1_0.primary_driver_name,
        q1_0.valid_until,
        q1_0.vehicle_current_value,
        q1_0.vehicle_make,
        q1_0.vehicle_model,
        q1_0.vehicle_vin,
        q1_0.vehicle_year 
    from
        quotes q1_0 
    where
        q1_0.id=?
2025-08-14 22:48:05 - 
    insert 
    into
        quotes
        (coverage_amount, created_at, deductible, monthly_premium, premium, primary_driver_license, primary_driver_name, valid_until, vehicle_current_value, vehicle_make, vehicle_model, vehicle_vin, vehicle_year, id) 
    values
        (?, ?, ?, ?, ?, ?, ?, ?, ?, ?, ?, ?, ?, ?)
2025-08-14 22:48:05 - Using 'application/json', given [*/*] and supported [application/json]
2025-08-14 22:48:05 - Writing [com.autoinsurance.quote.dto.QuoteResponseDto@22bb7c76]
2025-08-14 22:48:05 - Set SecurityContextHolder to anonymous SecurityContext
2025-08-14 22:48:05 - Securing POST /api/v1/quotes
2025-08-14 22:48:05 - Secured POST /api/v1/quotes
2025-08-14 22:48:05 - Mapped to com.autoinsurance.quote.controller.QuoteController#createQuote(QuoteRequestDto)
2025-08-14 22:48:05 - Read "application/json;charset=UTF-8" to [com.autoinsurance.quote.dto.QuoteRequestDto@631c8480]
2025-08-14 22:48:05 - 
    select
        q1_0.id,
        q1_0.coverage_amount,
        q1_0.created_at,
        q1_0.deductible,
        q1_0.monthly_premium,
        q1_0.premium,
        q1_0.primary_driver_license,
        q1_0.primary_driver_name,
        q1_0.valid_until,
        q1_0.vehicle_current_value,
        q1_0.vehicle_make,
        q1_0.vehicle_model,
        q1_0.vehicle_vin,
        q1_0.vehicle_year 
    from
        quotes q1_0 
    where
        q1_0.id=?
2025-08-14 22:48:05 - 
    insert 
    into
        quotes
        (coverage_amount, created_at, deductible, monthly_premium, premium, primary_driver_license, primary_driver_name, valid_until, vehicle_current_value, vehicle_make, vehicle_model, vehicle_vin, vehicle_year, id) 
    values
        (?, ?, ?, ?, ?, ?, ?, ?, ?, ?, ?, ?, ?, ?)
2025-08-14 22:48:05 - Using 'application/json', given [*/*] and supported [application/json]
2025-08-14 22:48:05 - Writing [com.autoinsurance.quote.dto.QuoteResponseDto@10b872c9]
2025-08-14 22:48:05 - Set SecurityContextHolder to anonymous SecurityContext
2025-08-14 22:48:05 - Securing POST /api/v1/quotes
2025-08-14 22:48:05 - Secured POST /api/v1/quotes
2025-08-14 22:48:05 - Mapped to com.autoinsurance.quote.controller.QuoteController#createQuote(QuoteRequestDto)
2025-08-14 22:48:05 - Read "application/json;charset=UTF-8" to [com.autoinsurance.quote.dto.QuoteRequestDto@779d6a4a]
2025-08-14 22:48:05 - 
    select
        q1_0.id,
        q1_0.coverage_amount,
        q1_0.created_at,
        q1_0.deductible,
        q1_0.monthly_premium,
        q1_0.premium,
        q1_0.primary_driver_license,
        q1_0.primary_driver_name,
        q1_0.valid_until,
        q1_0.vehicle_current_value,
        q1_0.vehicle_make,
        q1_0.vehicle_model,
        q1_0.vehicle_vin,
        q1_0.vehicle_year 
    from
        quotes q1_0 
    where
        q1_0.id=?
2025-08-14 22:48:05 - 
    insert 
    into
        quotes
        (coverage_amount, created_at, deductible, monthly_premium, premium, primary_driver_license, primary_driver_name, valid_until, vehicle_current_value, vehicle_make, vehicle_model, vehicle_vin, vehicle_year, id) 
    values
        (?, ?, ?, ?, ?, ?, ?, ?, ?, ?, ?, ?, ?, ?)
2025-08-14 22:48:05 - Using 'application/json', given [*/*] and supported [application/json]
2025-08-14 22:48:05 - Writing [com.autoinsurance.quote.dto.QuoteResponseDto@40a18040]
2025-08-14 22:48:05 - Set SecurityContextHolder to anonymous SecurityContext
2025-08-14 22:48:05 - Securing POST /api/v1/quotes
2025-08-14 22:48:05 - Secured POST /api/v1/quotes
2025-08-14 22:48:05 - Mapped to com.autoinsurance.quote.controller.QuoteController#createQuote(QuoteRequestDto)
2025-08-14 22:48:05 - Read "application/json;charset=UTF-8" to [com.autoinsurance.quote.dto.QuoteRequestDto@1202972c]
2025-08-14 22:48:05 - 
    select
        q1_0.id,
        q1_0.coverage_amount,
        q1_0.created_at,
        q1_0.deductible,
        q1_0.monthly_premium,
        q1_0.premium,
        q1_0.primary_driver_license,
        q1_0.primary_driver_name,
        q1_0.valid_until,
        q1_0.vehicle_current_value,
        q1_0.vehicle_make,
        q1_0.vehicle_model,
        q1_0.vehicle_vin,
        q1_0.vehicle_year 
    from
        quotes q1_0 
    where
        q1_0.id=?
2025-08-14 22:48:05 - 
    insert 
    into
        quotes
        (coverage_amount, created_at, deductible, monthly_premium, premium, primary_driver_license, primary_driver_name, valid_until, vehicle_current_value, vehicle_make, vehicle_model, vehicle_vin, vehicle_year, id) 
    values
        (?, ?, ?, ?, ?, ?, ?, ?, ?, ?, ?, ?, ?, ?)
2025-08-14 22:48:05 - Using 'application/json', given [*/*] and supported [application/json]
2025-08-14 22:48:05 - Writing [com.autoinsurance.quote.dto.QuoteResponseDto@5278eacf]
2025-08-14 22:48:05 - Set SecurityContextHolder to anonymous SecurityContext
2025-08-14 22:48:05 - Securing POST /api/v1/quotes
2025-08-14 22:48:05 - Secured POST /api/v1/quotes
2025-08-14 22:48:05 - Mapped to com.autoinsurance.quote.controller.QuoteController#createQuote(QuoteRequestDto)
2025-08-14 22:48:05 - Read "application/json;charset=UTF-8" to [com.autoinsurance.quote.dto.QuoteRequestDto@58dc81b7]
2025-08-14 22:48:05 - 
    select
        q1_0.id,
        q1_0.coverage_amount,
        q1_0.created_at,
        q1_0.deductible,
        q1_0.monthly_premium,
        q1_0.premium,
        q1_0.primary_driver_license,
        q1_0.primary_driver_name,
        q1_0.valid_until,
        q1_0.vehicle_current_value,
        q1_0.vehicle_make,
        q1_0.vehicle_model,
        q1_0.vehicle_vin,
        q1_0.vehicle_year 
    from
        quotes q1_0 
    where
        q1_0.id=?
2025-08-14 22:48:05 - 
    insert 
    into
        quotes
        (coverage_amount, created_at, deductible, monthly_premium, premium, primary_driver_license, primary_driver_name, valid_until, vehicle_current_value, vehicle_make, vehicle_model, vehicle_vin, vehicle_year, id) 
    values
        (?, ?, ?, ?, ?, ?, ?, ?, ?, ?, ?, ?, ?, ?)
2025-08-14 22:48:05 - Using 'application/json', given [*/*] and supported [application/json]
2025-08-14 22:48:05 - Writing [com.autoinsurance.quote.dto.QuoteResponseDto@7862f4bf]
2025-08-14 22:48:05 - Set SecurityContextHolder to anonymous SecurityContext
2025-08-14 22:48:06 - Securing POST /api/v1/quotes
2025-08-14 22:48:06 - Secured POST /api/v1/quotes
2025-08-14 22:48:06 - Mapped to com.autoinsurance.quote.controller.QuoteController#createQuote(QuoteRequestDto)
2025-08-14 22:48:06 - Read "application/json;charset=UTF-8" to [com.autoinsurance.quote.dto.QuoteRequestDto@37d537b1]
2025-08-14 22:48:06 - 
    select
        q1_0.id,
        q1_0.coverage_amount,
        q1_0.created_at,
        q1_0.deductible,
        q1_0.monthly_premium,
        q1_0.premium,
        q1_0.primary_driver_license,
        q1_0.primary_driver_name,
        q1_0.valid_until,
        q1_0.vehicle_current_value,
        q1_0.vehicle_make,
        q1_0.vehicle_model,
        q1_0.vehicle_vin,
        q1_0.vehicle_year 
    from
        quotes q1_0 
    where
        q1_0.id=?
2025-08-14 22:48:06 - 
    insert 
    into
        quotes
        (coverage_amount, created_at, deductible, monthly_premium, premium, primary_driver_license, primary_driver_name, valid_until, vehicle_current_value, vehicle_make, vehicle_model, vehicle_vin, vehicle_year, id) 
    values
        (?, ?, ?, ?, ?, ?, ?, ?, ?, ?, ?, ?, ?, ?)
2025-08-14 22:48:06 - Using 'application/json', given [*/*] and supported [application/json]
2025-08-14 22:48:06 - Writing [com.autoinsurance.quote.dto.QuoteResponseDto@44adc8dd]
2025-08-14 22:48:06 - Set SecurityContextHolder to anonymous SecurityContext
2025-08-14 22:48:06 - Securing POST /api/v1/quotes
2025-08-14 22:48:06 - Secured POST /api/v1/quotes
2025-08-14 22:48:06 - Mapped to com.autoinsurance.quote.controller.QuoteController#createQuote(QuoteRequestDto)
2025-08-14 22:48:06 - Read "application/json;charset=UTF-8" to [com.autoinsurance.quote.dto.QuoteRequestDto@265f90d2]
2025-08-14 22:48:06 - 
    select
        q1_0.id,
        q1_0.coverage_amount,
        q1_0.created_at,
        q1_0.deductible,
        q1_0.monthly_premium,
        q1_0.premium,
        q1_0.primary_driver_license,
        q1_0.primary_driver_name,
        q1_0.valid_until,
        q1_0.vehicle_current_value,
        q1_0.vehicle_make,
        q1_0.vehicle_model,
        q1_0.vehicle_vin,
        q1_0.vehicle_year 
    from
        quotes q1_0 
    where
        q1_0.id=?
2025-08-14 22:48:06 - 
    insert 
    into
        quotes
        (coverage_amount, created_at, deductible, monthly_premium, premium, primary_driver_license, primary_driver_name, valid_until, vehicle_current_value, vehicle_make, vehicle_model, vehicle_vin, vehicle_year, id) 
    values
        (?, ?, ?, ?, ?, ?, ?, ?, ?, ?, ?, ?, ?, ?)
2025-08-14 22:48:06 - Using 'application/json', given [*/*] and supported [application/json]
2025-08-14 22:48:06 - Writing [com.autoinsurance.quote.dto.QuoteResponseDto@5a37cd0a]
2025-08-14 22:48:06 - Set SecurityContextHolder to anonymous SecurityContext
2025-08-14 22:48:06 - Securing POST /api/v1/quotes
2025-08-14 22:48:06 - Secured POST /api/v1/quotes
2025-08-14 22:48:06 - Mapped to com.autoinsurance.quote.controller.QuoteController#createQuote(QuoteRequestDto)
2025-08-14 22:48:06 - Read "application/json;charset=UTF-8" to [com.autoinsurance.quote.dto.QuoteRequestDto@6ae86576]
2025-08-14 22:48:06 - 
    select
        q1_0.id,
        q1_0.coverage_amount,
        q1_0.created_at,
        q1_0.deductible,
        q1_0.monthly_premium,
        q1_0.premium,
        q1_0.primary_driver_license,
        q1_0.primary_driver_name,
        q1_0.valid_until,
        q1_0.vehicle_current_value,
        q1_0.vehicle_make,
        q1_0.vehicle_model,
        q1_0.vehicle_vin,
        q1_0.vehicle_year 
    from
        quotes q1_0 
    where
        q1_0.id=?
2025-08-14 22:48:06 - 
    insert 
    into
        quotes
        (coverage_amount, created_at, deductible, monthly_premium, premium, primary_driver_license, primary_driver_name, valid_until, vehicle_current_value, vehicle_make, vehicle_model, vehicle_vin, vehicle_year, id) 
    values
        (?, ?, ?, ?, ?, ?, ?, ?, ?, ?, ?, ?, ?, ?)
2025-08-14 22:48:06 - Using 'application/json', given [*/*] and supported [application/json]
2025-08-14 22:48:06 - Writing [com.autoinsurance.quote.dto.QuoteResponseDto@c7b90ee]
2025-08-14 22:48:06 - Set SecurityContextHolder to anonymous SecurityContext
2025-08-14 22:48:06 - Securing POST /api/v1/quotes
2025-08-14 22:48:06 - Secured POST /api/v1/quotes
2025-08-14 22:48:06 - Mapped to com.autoinsurance.quote.controller.QuoteController#createQuote(QuoteRequestDto)
2025-08-14 22:48:06 - Read "application/json;charset=UTF-8" to [com.autoinsurance.quote.dto.QuoteRequestDto@120fbfdb]
2025-08-14 22:48:06 - 
    select
        q1_0.id,
        q1_0.coverage_amount,
        q1_0.created_at,
        q1_0.deductible,
        q1_0.monthly_premium,
        q1_0.premium,
        q1_0.primary_driver_license,
        q1_0.primary_driver_name,
        q1_0.valid_until,
        q1_0.vehicle_current_value,
        q1_0.vehicle_make,
        q1_0.vehicle_model,
        q1_0.vehicle_vin,
        q1_0.vehicle_year 
    from
        quotes q1_0 
    where
        q1_0.id=?
2025-08-14 22:48:06 - 
    insert 
    into
        quotes
        (coverage_amount, created_at, deductible, monthly_premium, premium, primary_driver_license, primary_driver_name, valid_until, vehicle_current_value, vehicle_make, vehicle_model, vehicle_vin, vehicle_year, id) 
    values
        (?, ?, ?, ?, ?, ?, ?, ?, ?, ?, ?, ?, ?, ?)
2025-08-14 22:48:06 - Using 'application/json', given [*/*] and supported [application/json]
2025-08-14 22:48:06 - Writing [com.autoinsurance.quote.dto.QuoteResponseDto@40c872c2]
2025-08-14 22:48:06 - Set SecurityContextHolder to anonymous SecurityContext
2025-08-14 22:48:06 - Securing POST /api/v1/quotes
2025-08-14 22:48:06 - Secured POST /api/v1/quotes
2025-08-14 22:48:06 - Mapped to com.autoinsurance.quote.controller.QuoteController#createQuote(QuoteRequestDto)
2025-08-14 22:48:06 - Read "application/json;charset=UTF-8" to [com.autoinsurance.quote.dto.QuoteRequestDto@4fa4567a]
2025-08-14 22:48:06 - 
    select
        q1_0.id,
        q1_0.coverage_amount,
        q1_0.created_at,
        q1_0.deductible,
        q1_0.monthly_premium,
        q1_0.premium,
        q1_0.primary_driver_license,
        q1_0.primary_driver_name,
        q1_0.valid_until,
        q1_0.vehicle_current_value,
        q1_0.vehicle_make,
        q1_0.vehicle_model,
        q1_0.vehicle_vin,
        q1_0.vehicle_year 
    from
        quotes q1_0 
    where
        q1_0.id=?
2025-08-14 22:48:06 - 
    insert 
    into
        quotes
        (coverage_amount, created_at, deductible, monthly_premium, premium, primary_driver_license, primary_driver_name, valid_until, vehicle_current_value, vehicle_make, vehicle_model, vehicle_vin, vehicle_year, id) 
    values
        (?, ?, ?, ?, ?, ?, ?, ?, ?, ?, ?, ?, ?, ?)
2025-08-14 22:48:06 - Using 'application/json', given [*/*] and supported [application/json]
2025-08-14 22:48:06 - Writing [com.autoinsurance.quote.dto.QuoteResponseDto@5a67d5be]
2025-08-14 22:48:06 - Set SecurityContextHolder to anonymous SecurityContext
2025-08-14 22:48:06 - Securing POST /api/v1/quotes
2025-08-14 22:48:06 - Secured POST /api/v1/quotes
2025-08-14 22:48:06 - Mapped to com.autoinsurance.quote.controller.QuoteController#createQuote(QuoteRequestDto)
2025-08-14 22:48:06 - Read "application/json;charset=UTF-8" to [com.autoinsurance.quote.dto.QuoteRequestDto@5dc1f214]
2025-08-14 22:48:06 - 
    select
        q1_0.id,
        q1_0.coverage_amount,
        q1_0.created_at,
        q1_0.deductible,
        q1_0.monthly_premium,
        q1_0.premium,
        q1_0.primary_driver_license,
        q1_0.primary_driver_name,
        q1_0.valid_until,
        q1_0.vehicle_current_value,
        q1_0.vehicle_make,
        q1_0.vehicle_model,
        q1_0.vehicle_vin,
        q1_0.vehicle_year 
    from
        quotes q1_0 
    where
        q1_0.id=?
2025-08-14 22:48:06 - 
    insert 
    into
        quotes
        (coverage_amount, created_at, deductible, monthly_premium, premium, primary_driver_license, primary_driver_name, valid_until, vehicle_current_value, vehicle_make, vehicle_model, vehicle_vin, vehicle_year, id) 
    values
        (?, ?, ?, ?, ?, ?, ?, ?, ?, ?, ?, ?, ?, ?)
2025-08-14 22:48:06 - Using 'application/json', given [*/*] and supported [application/json]
2025-08-14 22:48:06 - Writing [com.autoinsurance.quote.dto.QuoteResponseDto@4dc786e7]
2025-08-14 22:48:06 - Set SecurityContextHolder to anonymous SecurityContext
2025-08-14 22:48:06 - Securing POST /api/v1/quotes
2025-08-14 22:48:06 - Secured POST /api/v1/quotes
2025-08-14 22:48:06 - Mapped to com.autoinsurance.quote.controller.QuoteController#createQuote(QuoteRequestDto)
2025-08-14 22:48:06 - Read "application/json;charset=UTF-8" to [com.autoinsurance.quote.dto.QuoteRequestDto@5d1fa358]
2025-08-14 22:48:06 - 
    select
        q1_0.id,
        q1_0.coverage_amount,
        q1_0.created_at,
        q1_0.deductible,
        q1_0.monthly_premium,
        q1_0.premium,
        q1_0.primary_driver_license,
        q1_0.primary_driver_name,
        q1_0.valid_until,
        q1_0.vehicle_current_value,
        q1_0.vehicle_make,
        q1_0.vehicle_model,
        q1_0.vehicle_vin,
        q1_0.vehicle_year 
    from
        quotes q1_0 
    where
        q1_0.id=?
2025-08-14 22:48:06 - 
    insert 
    into
        quotes
        (coverage_amount, created_at, deductible, monthly_premium, premium, primary_driver_license, primary_driver_name, valid_until, vehicle_current_value, vehicle_make, vehicle_model, vehicle_vin, vehicle_year, id) 
    values
        (?, ?, ?, ?, ?, ?, ?, ?, ?, ?, ?, ?, ?, ?)
2025-08-14 22:48:06 - Using 'application/json', given [*/*] and supported [application/json]
2025-08-14 22:48:06 - Writing [com.autoinsurance.quote.dto.QuoteResponseDto@1af05cce]
2025-08-14 22:48:06 - Set SecurityContextHolder to anonymous SecurityContext
2025-08-14 22:48:06 - Securing POST /api/v1/quotes
2025-08-14 22:48:06 - Secured POST /api/v1/quotes
2025-08-14 22:48:06 - Mapped to com.autoinsurance.quote.controller.QuoteController#createQuote(QuoteRequestDto)
2025-08-14 22:48:06 - Read "application/json;charset=UTF-8" to [com.autoinsurance.quote.dto.QuoteRequestDto@688ba2ae]
2025-08-14 22:48:06 - 
    select
        q1_0.id,
        q1_0.coverage_amount,
        q1_0.created_at,
        q1_0.deductible,
        q1_0.monthly_premium,
        q1_0.premium,
        q1_0.primary_driver_license,
        q1_0.primary_driver_name,
        q1_0.valid_until,
        q1_0.vehicle_current_value,
        q1_0.vehicle_make,
        q1_0.vehicle_model,
        q1_0.vehicle_vin,
        q1_0.vehicle_year 
    from
        quotes q1_0 
    where
        q1_0.id=?
2025-08-14 22:48:06 - 
    insert 
    into
        quotes
        (coverage_amount, created_at, deductible, monthly_premium, premium, primary_driver_license, primary_driver_name, valid_until, vehicle_current_value, vehicle_make, vehicle_model, vehicle_vin, vehicle_year, id) 
    values
        (?, ?, ?, ?, ?, ?, ?, ?, ?, ?, ?, ?, ?, ?)
2025-08-14 22:48:06 - Using 'application/json', given [*/*] and supported [application/json]
2025-08-14 22:48:06 - Writing [com.autoinsurance.quote.dto.QuoteResponseDto@25cbb14e]
2025-08-14 22:48:06 - Set SecurityContextHolder to anonymous SecurityContext
2025-08-14 22:48:06 - Securing POST /api/v1/quotes
2025-08-14 22:48:06 - Secured POST /api/v1/quotes
2025-08-14 22:48:06 - Mapped to com.autoinsurance.quote.controller.QuoteController#createQuote(QuoteRequestDto)
2025-08-14 22:48:06 - Read "application/json;charset=UTF-8" to [com.autoinsurance.quote.dto.QuoteRequestDto@412ff57d]
2025-08-14 22:48:06 - 
    select
        q1_0.id,
        q1_0.coverage_amount,
        q1_0.created_at,
        q1_0.deductible,
        q1_0.monthly_premium,
        q1_0.premium,
        q1_0.primary_driver_license,
        q1_0.primary_driver_name,
        q1_0.valid_until,
        q1_0.vehicle_current_value,
        q1_0.vehicle_make,
        q1_0.vehicle_model,
        q1_0.vehicle_vin,
        q1_0.vehicle_year 
    from
        quotes q1_0 
    where
        q1_0.id=?
2025-08-14 22:48:06 - 
    insert 
    into
        quotes
        (coverage_amount, created_at, deductible, monthly_premium, premium, primary_driver_license, primary_driver_name, valid_until, vehicle_current_value, vehicle_make, vehicle_model, vehicle_vin, vehicle_year, id) 
    values
        (?, ?, ?, ?, ?, ?, ?, ?, ?, ?, ?, ?, ?, ?)
2025-08-14 22:48:06 - Using 'application/json', given [*/*] and supported [application/json]
2025-08-14 22:48:06 - Writing [com.autoinsurance.quote.dto.QuoteResponseDto@136b7ed6]
2025-08-14 22:48:06 - Set SecurityContextHolder to anonymous SecurityContext
2025-08-14 22:48:06 - Securing POST /api/v1/quotes
2025-08-14 22:48:06 - Secured POST /api/v1/quotes
2025-08-14 22:48:06 - Mapped to com.autoinsurance.quote.controller.QuoteController#createQuote(QuoteRequestDto)
2025-08-14 22:48:06 - Read "application/json;charset=UTF-8" to [com.autoinsurance.quote.dto.QuoteRequestDto@5ba60e7f]
2025-08-14 22:48:06 - 
    select
        q1_0.id,
        q1_0.coverage_amount,
        q1_0.created_at,
        q1_0.deductible,
        q1_0.monthly_premium,
        q1_0.premium,
        q1_0.primary_driver_license,
        q1_0.primary_driver_name,
        q1_0.valid_until,
        q1_0.vehicle_current_value,
        q1_0.vehicle_make,
        q1_0.vehicle_model,
        q1_0.vehicle_vin,
        q1_0.vehicle_year 
    from
        quotes q1_0 
    where
        q1_0.id=?
2025-08-14 22:48:06 - 
    insert 
    into
        quotes
        (coverage_amount, created_at, deductible, monthly_premium, premium, primary_driver_license, primary_driver_name, valid_until, vehicle_current_value, vehicle_make, vehicle_model, vehicle_vin, vehicle_year, id) 
    values
        (?, ?, ?, ?, ?, ?, ?, ?, ?, ?, ?, ?, ?, ?)
2025-08-14 22:48:06 - Using 'application/json', given [*/*] and supported [application/json]
2025-08-14 22:48:06 - Writing [com.autoinsurance.quote.dto.QuoteResponseDto@6ee23f2b]
2025-08-14 22:48:06 - Set SecurityContextHolder to anonymous SecurityContext
2025-08-14 22:48:07 - Securing POST /api/v1/quotes
2025-08-14 22:48:07 - Secured POST /api/v1/quotes
2025-08-14 22:48:07 - Mapped to com.autoinsurance.quote.controller.QuoteController#createQuote(QuoteRequestDto)
2025-08-14 22:48:07 - Read "application/json;charset=UTF-8" to [com.autoinsurance.quote.dto.QuoteRequestDto@716b276d]
2025-08-14 22:48:07 - 
    select
        q1_0.id,
        q1_0.coverage_amount,
        q1_0.created_at,
        q1_0.deductible,
        q1_0.monthly_premium,
        q1_0.premium,
        q1_0.primary_driver_license,
        q1_0.primary_driver_name,
        q1_0.valid_until,
        q1_0.vehicle_current_value,
        q1_0.vehicle_make,
        q1_0.vehicle_model,
        q1_0.vehicle_vin,
        q1_0.vehicle_year 
    from
        quotes q1_0 
    where
        q1_0.id=?
2025-08-14 22:48:07 - 
    insert 
    into
        quotes
        (coverage_amount, created_at, deductible, monthly_premium, premium, primary_driver_license, primary_driver_name, valid_until, vehicle_current_value, vehicle_make, vehicle_model, vehicle_vin, vehicle_year, id) 
    values
        (?, ?, ?, ?, ?, ?, ?, ?, ?, ?, ?, ?, ?, ?)
2025-08-14 22:48:07 - Using 'application/json', given [*/*] and supported [application/json]
2025-08-14 22:48:07 - Writing [com.autoinsurance.quote.dto.QuoteResponseDto@77a84a7e]
2025-08-14 22:48:07 - Set SecurityContextHolder to anonymous SecurityContext
2025-08-14 22:48:07 - Securing POST /api/v1/quotes
2025-08-14 22:48:07 - Secured POST /api/v1/quotes
2025-08-14 22:48:07 - Mapped to com.autoinsurance.quote.controller.QuoteController#createQuote(QuoteRequestDto)
2025-08-14 22:48:07 - Read "application/json;charset=UTF-8" to [com.autoinsurance.quote.dto.QuoteRequestDto@649ff153]
2025-08-14 22:48:07 - 
    select
        q1_0.id,
        q1_0.coverage_amount,
        q1_0.created_at,
        q1_0.deductible,
        q1_0.monthly_premium,
        q1_0.premium,
        q1_0.primary_driver_license,
        q1_0.primary_driver_name,
        q1_0.valid_until,
        q1_0.vehicle_current_value,
        q1_0.vehicle_make,
        q1_0.vehicle_model,
        q1_0.vehicle_vin,
        q1_0.vehicle_year 
    from
        quotes q1_0 
    where
        q1_0.id=?
2025-08-14 22:48:07 - 
    insert 
    into
        quotes
        (coverage_amount, created_at, deductible, monthly_premium, premium, primary_driver_license, primary_driver_name, valid_until, vehicle_current_value, vehicle_make, vehicle_model, vehicle_vin, vehicle_year, id) 
    values
        (?, ?, ?, ?, ?, ?, ?, ?, ?, ?, ?, ?, ?, ?)
2025-08-14 22:48:07 - Using 'application/json', given [*/*] and supported [application/json]
2025-08-14 22:48:07 - Writing [com.autoinsurance.quote.dto.QuoteResponseDto@63ddd9d4]
2025-08-14 22:48:07 - Set SecurityContextHolder to anonymous SecurityContext
2025-08-14 22:48:07 - Securing POST /api/v1/quotes
2025-08-14 22:48:07 - Secured POST /api/v1/quotes
2025-08-14 22:48:07 - Mapped to com.autoinsurance.quote.controller.QuoteController#createQuote(QuoteRequestDto)
2025-08-14 22:48:07 - Read "application/json;charset=UTF-8" to [com.autoinsurance.quote.dto.QuoteRequestDto@50aa190d]
2025-08-14 22:48:07 - 
    select
        q1_0.id,
        q1_0.coverage_amount,
        q1_0.created_at,
        q1_0.deductible,
        q1_0.monthly_premium,
        q1_0.premium,
        q1_0.primary_driver_license,
        q1_0.primary_driver_name,
        q1_0.valid_until,
        q1_0.vehicle_current_value,
        q1_0.vehicle_make,
        q1_0.vehicle_model,
        q1_0.vehicle_vin,
        q1_0.vehicle_year 
    from
        quotes q1_0 
    where
        q1_0.id=?
2025-08-14 22:48:07 - 
    insert 
    into
        quotes
        (coverage_amount, created_at, deductible, monthly_premium, premium, primary_driver_license, primary_driver_name, valid_until, vehicle_current_value, vehicle_make, vehicle_model, vehicle_vin, vehicle_year, id) 
    values
        (?, ?, ?, ?, ?, ?, ?, ?, ?, ?, ?, ?, ?, ?)
2025-08-14 22:48:07 - Using 'application/json', given [*/*] and supported [application/json]
2025-08-14 22:48:07 - Writing [com.autoinsurance.quote.dto.QuoteResponseDto@1c4c71b3]
2025-08-14 22:48:07 - Set SecurityContextHolder to anonymous SecurityContext
2025-08-14 22:48:07 - Securing POST /api/v1/quotes
2025-08-14 22:48:07 - Secured POST /api/v1/quotes
2025-08-14 22:48:07 - Mapped to com.autoinsurance.quote.controller.QuoteController#createQuote(QuoteRequestDto)
2025-08-14 22:48:07 - Read "application/json;charset=UTF-8" to [com.autoinsurance.quote.dto.QuoteRequestDto@2356f201]
2025-08-14 22:48:07 - 
    select
        q1_0.id,
        q1_0.coverage_amount,
        q1_0.created_at,
        q1_0.deductible,
        q1_0.monthly_premium,
        q1_0.premium,
        q1_0.primary_driver_license,
        q1_0.primary_driver_name,
        q1_0.valid_until,
        q1_0.vehicle_current_value,
        q1_0.vehicle_make,
        q1_0.vehicle_model,
        q1_0.vehicle_vin,
        q1_0.vehicle_year 
    from
        quotes q1_0 
    where
        q1_0.id=?
2025-08-14 22:48:07 - 
    insert 
    into
        quotes
        (coverage_amount, created_at, deductible, monthly_premium, premium, primary_driver_license, primary_driver_name, valid_until, vehicle_current_value, vehicle_make, vehicle_model, vehicle_vin, vehicle_year, id) 
    values
        (?, ?, ?, ?, ?, ?, ?, ?, ?, ?, ?, ?, ?, ?)
2025-08-14 22:48:07 - Using 'application/json', given [*/*] and supported [application/json]
2025-08-14 22:48:07 - Writing [com.autoinsurance.quote.dto.QuoteResponseDto@59c4632]
2025-08-14 22:48:07 - Set SecurityContextHolder to anonymous SecurityContext
2025-08-14 22:48:07 - Securing POST /api/v1/quotes
2025-08-14 22:48:07 - Secured POST /api/v1/quotes
2025-08-14 22:48:07 - Mapped to com.autoinsurance.quote.controller.QuoteController#createQuote(QuoteRequestDto)
2025-08-14 22:48:07 - Read "application/json;charset=UTF-8" to [com.autoinsurance.quote.dto.QuoteRequestDto@518c1c63]
2025-08-14 22:48:07 - 
    select
        q1_0.id,
        q1_0.coverage_amount,
        q1_0.created_at,
        q1_0.deductible,
        q1_0.monthly_premium,
        q1_0.premium,
        q1_0.primary_driver_license,
        q1_0.primary_driver_name,
        q1_0.valid_until,
        q1_0.vehicle_current_value,
        q1_0.vehicle_make,
        q1_0.vehicle_model,
        q1_0.vehicle_vin,
        q1_0.vehicle_year 
    from
        quotes q1_0 
    where
        q1_0.id=?
2025-08-14 22:48:07 - 
    insert 
    into
        quotes
        (coverage_amount, created_at, deductible, monthly_premium, premium, primary_driver_license, primary_driver_name, valid_until, vehicle_current_value, vehicle_make, vehicle_model, vehicle_vin, vehicle_year, id) 
    values
        (?, ?, ?, ?, ?, ?, ?, ?, ?, ?, ?, ?, ?, ?)
2025-08-14 22:48:07 - Using 'application/json', given [*/*] and supported [application/json]
2025-08-14 22:48:07 - Writing [com.autoinsurance.quote.dto.QuoteResponseDto@7389197a]
2025-08-14 22:48:07 - Set SecurityContextHolder to anonymous SecurityContext
2025-08-14 22:48:07 - Securing POST /api/v1/quotes
2025-08-14 22:48:07 - Secured POST /api/v1/quotes
2025-08-14 22:48:07 - Mapped to com.autoinsurance.quote.controller.QuoteController#createQuote(QuoteRequestDto)
2025-08-14 22:48:07 - Read "application/json;charset=UTF-8" to [com.autoinsurance.quote.dto.QuoteRequestDto@1d9790a]
2025-08-14 22:48:07 - 
    select
        q1_0.id,
        q1_0.coverage_amount,
        q1_0.created_at,
        q1_0.deductible,
        q1_0.monthly_premium,
        q1_0.premium,
        q1_0.primary_driver_license,
        q1_0.primary_driver_name,
        q1_0.valid_until,
        q1_0.vehicle_current_value,
        q1_0.vehicle_make,
        q1_0.vehicle_model,
        q1_0.vehicle_vin,
        q1_0.vehicle_year 
    from
        quotes q1_0 
    where
        q1_0.id=?
2025-08-14 22:48:07 - 
    insert 
    into
        quotes
        (coverage_amount, created_at, deductible, monthly_premium, premium, primary_driver_license, primary_driver_name, valid_until, vehicle_current_value, vehicle_make, vehicle_model, vehicle_vin, vehicle_year, id) 
    values
        (?, ?, ?, ?, ?, ?, ?, ?, ?, ?, ?, ?, ?, ?)
2025-08-14 22:48:07 - Using 'application/json', given [*/*] and supported [application/json]
2025-08-14 22:48:07 - Writing [com.autoinsurance.quote.dto.QuoteResponseDto@481cdb47]
2025-08-14 22:48:07 - Set SecurityContextHolder to anonymous SecurityContext
2025-08-14 22:48:07 - Securing POST /api/v1/quotes
2025-08-14 22:48:07 - Secured POST /api/v1/quotes
2025-08-14 22:48:07 - Mapped to com.autoinsurance.quote.controller.QuoteController#createQuote(QuoteRequestDto)
2025-08-14 22:48:07 - Read "application/json;charset=UTF-8" to [com.autoinsurance.quote.dto.QuoteRequestDto@3fc1f8f]
2025-08-14 22:48:07 - 
    select
        q1_0.id,
        q1_0.coverage_amount,
        q1_0.created_at,
        q1_0.deductible,
        q1_0.monthly_premium,
        q1_0.premium,
        q1_0.primary_driver_license,
        q1_0.primary_driver_name,
        q1_0.valid_until,
        q1_0.vehicle_current_value,
        q1_0.vehicle_make,
        q1_0.vehicle_model,
        q1_0.vehicle_vin,
        q1_0.vehicle_year 
    from
        quotes q1_0 
    where
        q1_0.id=?
2025-08-14 22:48:07 - 
    insert 
    into
        quotes
        (coverage_amount, created_at, deductible, monthly_premium, premium, primary_driver_license, primary_driver_name, valid_until, vehicle_current_value, vehicle_make, vehicle_model, vehicle_vin, vehicle_year, id) 
    values
        (?, ?, ?, ?, ?, ?, ?, ?, ?, ?, ?, ?, ?, ?)
2025-08-14 22:48:07 - Using 'application/json', given [*/*] and supported [application/json]
2025-08-14 22:48:07 - Writing [com.autoinsurance.quote.dto.QuoteResponseDto@2f70afac]
2025-08-14 22:48:07 - Set SecurityContextHolder to anonymous SecurityContext
2025-08-14 22:48:07 - Securing POST /api/v1/quotes
2025-08-14 22:48:07 - Secured POST /api/v1/quotes
2025-08-14 22:48:07 - Mapped to com.autoinsurance.quote.controller.QuoteController#createQuote(QuoteRequestDto)
2025-08-14 22:48:07 - Read "application/json;charset=UTF-8" to [com.autoinsurance.quote.dto.QuoteRequestDto@3a6d683e]
2025-08-14 22:48:07 - 
    select
        q1_0.id,
        q1_0.coverage_amount,
        q1_0.created_at,
        q1_0.deductible,
        q1_0.monthly_premium,
        q1_0.premium,
        q1_0.primary_driver_license,
        q1_0.primary_driver_name,
        q1_0.valid_until,
        q1_0.vehicle_current_value,
        q1_0.vehicle_make,
        q1_0.vehicle_model,
        q1_0.vehicle_vin,
        q1_0.vehicle_year 
    from
        quotes q1_0 
    where
        q1_0.id=?
2025-08-14 22:48:07 - 
    insert 
    into
        quotes
        (coverage_amount, created_at, deductible, monthly_premium, premium, primary_driver_license, primary_driver_name, valid_until, vehicle_current_value, vehicle_make, vehicle_model, vehicle_vin, vehicle_year, id) 
    values
        (?, ?, ?, ?, ?, ?, ?, ?, ?, ?, ?, ?, ?, ?)
2025-08-14 22:48:07 - Using 'application/json', given [*/*] and supported [application/json]
2025-08-14 22:48:07 - Writing [com.autoinsurance.quote.dto.QuoteResponseDto@26be4700]
2025-08-14 22:48:07 - Set SecurityContextHolder to anonymous SecurityContext
2025-08-14 22:48:07 - Securing POST /api/v1/quotes
2025-08-14 22:48:07 - Secured POST /api/v1/quotes
2025-08-14 22:48:07 - Mapped to com.autoinsurance.quote.controller.QuoteController#createQuote(QuoteRequestDto)
2025-08-14 22:48:07 - Read "application/json;charset=UTF-8" to [com.autoinsurance.quote.dto.QuoteRequestDto@1e0e92c3]
2025-08-14 22:48:07 - 
    select
        q1_0.id,
        q1_0.coverage_amount,
        q1_0.created_at,
        q1_0.deductible,
        q1_0.monthly_premium,
        q1_0.premium,
        q1_0.primary_driver_license,
        q1_0.primary_driver_name,
        q1_0.valid_until,
        q1_0.vehicle_current_value,
        q1_0.vehicle_make,
        q1_0.vehicle_model,
        q1_0.vehicle_vin,
        q1_0.vehicle_year 
    from
        quotes q1_0 
    where
        q1_0.id=?
2025-08-14 22:48:07 - 
    insert 
    into
        quotes
        (coverage_amount, created_at, deductible, monthly_premium, premium, primary_driver_license, primary_driver_name, valid_until, vehicle_current_value, vehicle_make, vehicle_model, vehicle_vin, vehicle_year, id) 
    values
        (?, ?, ?, ?, ?, ?, ?, ?, ?, ?, ?, ?, ?, ?)
2025-08-14 22:48:07 - Using 'application/json', given [*/*] and supported [application/json]
2025-08-14 22:48:07 - Writing [com.autoinsurance.quote.dto.QuoteResponseDto@17c5c1af]
2025-08-14 22:48:07 - Set SecurityContextHolder to anonymous SecurityContext
2025-08-14 22:48:07 - Securing POST /api/v1/quotes
2025-08-14 22:48:07 - Secured POST /api/v1/quotes
2025-08-14 22:48:07 - Mapped to com.autoinsurance.quote.controller.QuoteController#createQuote(QuoteRequestDto)
2025-08-14 22:48:07 - Read "application/json;charset=UTF-8" to [com.autoinsurance.quote.dto.QuoteRequestDto@35f7fca9]
2025-08-14 22:48:07 - 
    select
        q1_0.id,
        q1_0.coverage_amount,
        q1_0.created_at,
        q1_0.deductible,
        q1_0.monthly_premium,
        q1_0.premium,
        q1_0.primary_driver_license,
        q1_0.primary_driver_name,
        q1_0.valid_until,
        q1_0.vehicle_current_value,
        q1_0.vehicle_make,
        q1_0.vehicle_model,
        q1_0.vehicle_vin,
        q1_0.vehicle_year 
    from
        quotes q1_0 
    where
        q1_0.id=?
2025-08-14 22:48:07 - 
    insert 
    into
        quotes
        (coverage_amount, created_at, deductible, monthly_premium, premium, primary_driver_license, primary_driver_name, valid_until, vehicle_current_value, vehicle_make, vehicle_model, vehicle_vin, vehicle_year, id) 
    values
        (?, ?, ?, ?, ?, ?, ?, ?, ?, ?, ?, ?, ?, ?)
2025-08-14 22:48:07 - Using 'application/json', given [*/*] and supported [application/json]
2025-08-14 22:48:07 - Writing [com.autoinsurance.quote.dto.QuoteResponseDto@5526be1c]
2025-08-14 22:48:07 - Set SecurityContextHolder to anonymous SecurityContext
2025-08-14 22:48:08 - Securing POST /api/v1/quotes
2025-08-14 22:48:08 - Secured POST /api/v1/quotes
2025-08-14 22:48:08 - Mapped to com.autoinsurance.quote.controller.QuoteController#createQuote(QuoteRequestDto)
2025-08-14 22:48:08 - Read "application/json;charset=UTF-8" to [com.autoinsurance.quote.dto.QuoteRequestDto@1037f34e]
2025-08-14 22:48:08 - 
    select
        q1_0.id,
        q1_0.coverage_amount,
        q1_0.created_at,
        q1_0.deductible,
        q1_0.monthly_premium,
        q1_0.premium,
        q1_0.primary_driver_license,
        q1_0.primary_driver_name,
        q1_0.valid_until,
        q1_0.vehicle_current_value,
        q1_0.vehicle_make,
        q1_0.vehicle_model,
        q1_0.vehicle_vin,
        q1_0.vehicle_year 
    from
        quotes q1_0 
    where
        q1_0.id=?
2025-08-14 22:48:08 - 
    insert 
    into
        quotes
        (coverage_amount, created_at, deductible, monthly_premium, premium, primary_driver_license, primary_driver_name, valid_until, vehicle_current_value, vehicle_make, vehicle_model, vehicle_vin, vehicle_year, id) 
    values
        (?, ?, ?, ?, ?, ?, ?, ?, ?, ?, ?, ?, ?, ?)
2025-08-14 22:48:08 - Using 'application/json', given [*/*] and supported [application/json]
2025-08-14 22:48:08 - Writing [com.autoinsurance.quote.dto.QuoteResponseDto@738806]
2025-08-14 22:48:08 - Set SecurityContextHolder to anonymous SecurityContext
2025-08-14 22:48:08 - Securing POST /api/v1/quotes
2025-08-14 22:48:08 - Secured POST /api/v1/quotes
2025-08-14 22:48:08 - Mapped to com.autoinsurance.quote.controller.QuoteController#createQuote(QuoteRequestDto)
2025-08-14 22:48:08 - Read "application/json;charset=UTF-8" to [com.autoinsurance.quote.dto.QuoteRequestDto@334de6d3]
2025-08-14 22:48:08 - 
    select
        q1_0.id,
        q1_0.coverage_amount,
        q1_0.created_at,
        q1_0.deductible,
        q1_0.monthly_premium,
        q1_0.premium,
        q1_0.primary_driver_license,
        q1_0.primary_driver_name,
        q1_0.valid_until,
        q1_0.vehicle_current_value,
        q1_0.vehicle_make,
        q1_0.vehicle_model,
        q1_0.vehicle_vin,
        q1_0.vehicle_year 
    from
        quotes q1_0 
    where
        q1_0.id=?
2025-08-14 22:48:08 - 
    insert 
    into
        quotes
        (coverage_amount, created_at, deductible, monthly_premium, premium, primary_driver_license, primary_driver_name, valid_until, vehicle_current_value, vehicle_make, vehicle_model, vehicle_vin, vehicle_year, id) 
    values
        (?, ?, ?, ?, ?, ?, ?, ?, ?, ?, ?, ?, ?, ?)
2025-08-14 22:48:08 - Using 'application/json', given [*/*] and supported [application/json]
2025-08-14 22:48:08 - Writing [com.autoinsurance.quote.dto.QuoteResponseDto@3fe178d8]
2025-08-14 22:48:08 - Set SecurityContextHolder to anonymous SecurityContext
2025-08-14 22:48:08 - Securing POST /api/v1/quotes
2025-08-14 22:48:08 - Secured POST /api/v1/quotes
2025-08-14 22:48:08 - Mapped to com.autoinsurance.quote.controller.QuoteController#createQuote(QuoteRequestDto)
2025-08-14 22:48:08 - Read "application/json;charset=UTF-8" to [com.autoinsurance.quote.dto.QuoteRequestDto@547f3a2]
2025-08-14 22:48:08 - 
    select
        q1_0.id,
        q1_0.coverage_amount,
        q1_0.created_at,
        q1_0.deductible,
        q1_0.monthly_premium,
        q1_0.premium,
        q1_0.primary_driver_license,
        q1_0.primary_driver_name,
        q1_0.valid_until,
        q1_0.vehicle_current_value,
        q1_0.vehicle_make,
        q1_0.vehicle_model,
        q1_0.vehicle_vin,
        q1_0.vehicle_year 
    from
        quotes q1_0 
    where
        q1_0.id=?
2025-08-14 22:48:08 - 
    insert 
    into
        quotes
        (coverage_amount, created_at, deductible, monthly_premium, premium, primary_driver_license, primary_driver_name, valid_until, vehicle_current_value, vehicle_make, vehicle_model, vehicle_vin, vehicle_year, id) 
    values
        (?, ?, ?, ?, ?, ?, ?, ?, ?, ?, ?, ?, ?, ?)
2025-08-14 22:48:08 - Using 'application/json', given [*/*] and supported [application/json]
2025-08-14 22:48:08 - Writing [com.autoinsurance.quote.dto.QuoteResponseDto@29405005]
2025-08-14 22:48:08 - Set SecurityContextHolder to anonymous SecurityContext
2025-08-14 22:48:08 - Securing POST /api/v1/quotes
2025-08-14 22:48:08 - Secured POST /api/v1/quotes
2025-08-14 22:48:08 - Mapped to com.autoinsurance.quote.controller.QuoteController#createQuote(QuoteRequestDto)
2025-08-14 22:48:08 - Read "application/json;charset=UTF-8" to [com.autoinsurance.quote.dto.QuoteRequestDto@3b8ea0fe]
2025-08-14 22:48:08 - 
    select
        q1_0.id,
        q1_0.coverage_amount,
        q1_0.created_at,
        q1_0.deductible,
        q1_0.monthly_premium,
        q1_0.premium,
        q1_0.primary_driver_license,
        q1_0.primary_driver_name,
        q1_0.valid_until,
        q1_0.vehicle_current_value,
        q1_0.vehicle_make,
        q1_0.vehicle_model,
        q1_0.vehicle_vin,
        q1_0.vehicle_year 
    from
        quotes q1_0 
    where
        q1_0.id=?
2025-08-14 22:48:08 - 
    insert 
    into
        quotes
        (coverage_amount, created_at, deductible, monthly_premium, premium, primary_driver_license, primary_driver_name, valid_until, vehicle_current_value, vehicle_make, vehicle_model, vehicle_vin, vehicle_year, id) 
    values
        (?, ?, ?, ?, ?, ?, ?, ?, ?, ?, ?, ?, ?, ?)
2025-08-14 22:48:08 - Using 'application/json', given [*/*] and supported [application/json]
2025-08-14 22:48:08 - Writing [com.autoinsurance.quote.dto.QuoteResponseDto@390d580c]
2025-08-14 22:48:08 - Set SecurityContextHolder to anonymous SecurityContext
2025-08-14 22:48:08 - Securing POST /api/v1/quotes
2025-08-14 22:48:08 - Secured POST /api/v1/quotes
2025-08-14 22:48:08 - Mapped to com.autoinsurance.quote.controller.QuoteController#createQuote(QuoteRequestDto)
2025-08-14 22:48:08 - Read "application/json;charset=UTF-8" to [com.autoinsurance.quote.dto.QuoteRequestDto@3f36869e]
2025-08-14 22:48:08 - 
    select
        q1_0.id,
        q1_0.coverage_amount,
        q1_0.created_at,
        q1_0.deductible,
        q1_0.monthly_premium,
        q1_0.premium,
        q1_0.primary_driver_license,
        q1_0.primary_driver_name,
        q1_0.valid_until,
        q1_0.vehicle_current_value,
        q1_0.vehicle_make,
        q1_0.vehicle_model,
        q1_0.vehicle_vin,
        q1_0.vehicle_year 
    from
        quotes q1_0 
    where
        q1_0.id=?
2025-08-14 22:48:08 - 
    insert 
    into
        quotes
        (coverage_amount, created_at, deductible, monthly_premium, premium, primary_driver_license, primary_driver_name, valid_until, vehicle_current_value, vehicle_make, vehicle_model, vehicle_vin, vehicle_year, id) 
    values
        (?, ?, ?, ?, ?, ?, ?, ?, ?, ?, ?, ?, ?, ?)
2025-08-14 22:48:08 - Using 'application/json', given [*/*] and supported [application/json]
2025-08-14 22:48:08 - Writing [com.autoinsurance.quote.dto.QuoteResponseDto@1a9fd535]
2025-08-14 22:48:08 - Set SecurityContextHolder to anonymous SecurityContext
2025-08-14 22:48:08 - Securing POST /api/v1/quotes
2025-08-14 22:48:08 - Secured POST /api/v1/quotes
2025-08-14 22:48:08 - Mapped to com.autoinsurance.quote.controller.QuoteController#createQuote(QuoteRequestDto)
2025-08-14 22:48:08 - Read "application/json;charset=UTF-8" to [com.autoinsurance.quote.dto.QuoteRequestDto@720cef25]
2025-08-14 22:48:08 - 
    select
        q1_0.id,
        q1_0.coverage_amount,
        q1_0.created_at,
        q1_0.deductible,
        q1_0.monthly_premium,
        q1_0.premium,
        q1_0.primary_driver_license,
        q1_0.primary_driver_name,
        q1_0.valid_until,
        q1_0.vehicle_current_value,
        q1_0.vehicle_make,
        q1_0.vehicle_model,
        q1_0.vehicle_vin,
        q1_0.vehicle_year 
    from
        quotes q1_0 
    where
        q1_0.id=?
2025-08-14 22:48:08 - 
    insert 
    into
        quotes
        (coverage_amount, created_at, deductible, monthly_premium, premium, primary_driver_license, primary_driver_name, valid_until, vehicle_current_value, vehicle_make, vehicle_model, vehicle_vin, vehicle_year, id) 
    values
        (?, ?, ?, ?, ?, ?, ?, ?, ?, ?, ?, ?, ?, ?)
2025-08-14 22:48:08 - Using 'application/json', given [*/*] and supported [application/json]
2025-08-14 22:48:08 - Writing [com.autoinsurance.quote.dto.QuoteResponseDto@28b167c3]
2025-08-14 22:48:08 - Set SecurityContextHolder to anonymous SecurityContext
2025-08-14 22:48:08 - Securing POST /api/v1/quotes
2025-08-14 22:48:08 - Secured POST /api/v1/quotes
2025-08-14 22:48:08 - Mapped to com.autoinsurance.quote.controller.QuoteController#createQuote(QuoteRequestDto)
2025-08-14 22:48:08 - Read "application/json;charset=UTF-8" to [com.autoinsurance.quote.dto.QuoteRequestDto@3470aa31]
2025-08-14 22:48:08 - 
    select
        q1_0.id,
        q1_0.coverage_amount,
        q1_0.created_at,
        q1_0.deductible,
        q1_0.monthly_premium,
        q1_0.premium,
        q1_0.primary_driver_license,
        q1_0.primary_driver_name,
        q1_0.valid_until,
        q1_0.vehicle_current_value,
        q1_0.vehicle_make,
        q1_0.vehicle_model,
        q1_0.vehicle_vin,
        q1_0.vehicle_year 
    from
        quotes q1_0 
    where
        q1_0.id=?
2025-08-14 22:48:08 - 
    insert 
    into
        quotes
        (coverage_amount, created_at, deductible, monthly_premium, premium, primary_driver_license, primary_driver_name, valid_until, vehicle_current_value, vehicle_make, vehicle_model, vehicle_vin, vehicle_year, id) 
    values
        (?, ?, ?, ?, ?, ?, ?, ?, ?, ?, ?, ?, ?, ?)
2025-08-14 22:48:08 - Using 'application/json', given [*/*] and supported [application/json]
2025-08-14 22:48:08 - Writing [com.autoinsurance.quote.dto.QuoteResponseDto@5c21d881]
2025-08-14 22:48:08 - Set SecurityContextHolder to anonymous SecurityContext
2025-08-14 22:48:08 - Securing POST /api/v1/quotes
2025-08-14 22:48:08 - Secured POST /api/v1/quotes
2025-08-14 22:48:08 - Mapped to com.autoinsurance.quote.controller.QuoteController#createQuote(QuoteRequestDto)
2025-08-14 22:48:08 - Read "application/json;charset=UTF-8" to [com.autoinsurance.quote.dto.QuoteRequestDto@4a65bd5c]
2025-08-14 22:48:08 - 
    select
        q1_0.id,
        q1_0.coverage_amount,
        q1_0.created_at,
        q1_0.deductible,
        q1_0.monthly_premium,
        q1_0.premium,
        q1_0.primary_driver_license,
        q1_0.primary_driver_name,
        q1_0.valid_until,
        q1_0.vehicle_current_value,
        q1_0.vehicle_make,
        q1_0.vehicle_model,
        q1_0.vehicle_vin,
        q1_0.vehicle_year 
    from
        quotes q1_0 
    where
        q1_0.id=?
2025-08-14 22:48:08 - 
    insert 
    into
        quotes
        (coverage_amount, created_at, deductible, monthly_premium, premium, primary_driver_license, primary_driver_name, valid_until, vehicle_current_value, vehicle_make, vehicle_model, vehicle_vin, vehicle_year, id) 
    values
        (?, ?, ?, ?, ?, ?, ?, ?, ?, ?, ?, ?, ?, ?)
2025-08-14 22:48:08 - Using 'application/json', given [*/*] and supported [application/json]
2025-08-14 22:48:08 - Writing [com.autoinsurance.quote.dto.QuoteResponseDto@3d0cbdd5]
2025-08-14 22:48:08 - Set SecurityContextHolder to anonymous SecurityContext
2025-08-14 22:48:08 - Securing POST /api/v1/quotes
2025-08-14 22:48:08 - Secured POST /api/v1/quotes
2025-08-14 22:48:08 - Mapped to com.autoinsurance.quote.controller.QuoteController#createQuote(QuoteRequestDto)
2025-08-14 22:48:08 - Read "application/json;charset=UTF-8" to [com.autoinsurance.quote.dto.QuoteRequestDto@47da1362]
2025-08-14 22:48:08 - 
    select
        q1_0.id,
        q1_0.coverage_amount,
        q1_0.created_at,
        q1_0.deductible,
        q1_0.monthly_premium,
        q1_0.premium,
        q1_0.primary_driver_license,
        q1_0.primary_driver_name,
        q1_0.valid_until,
        q1_0.vehicle_current_value,
        q1_0.vehicle_make,
        q1_0.vehicle_model,
        q1_0.vehicle_vin,
        q1_0.vehicle_year 
    from
        quotes q1_0 
    where
        q1_0.id=?
2025-08-14 22:48:08 - 
    insert 
    into
        quotes
        (coverage_amount, created_at, deductible, monthly_premium, premium, primary_driver_license, primary_driver_name, valid_until, vehicle_current_value, vehicle_make, vehicle_model, vehicle_vin, vehicle_year, id) 
    values
        (?, ?, ?, ?, ?, ?, ?, ?, ?, ?, ?, ?, ?, ?)
2025-08-14 22:48:08 - Using 'application/json', given [*/*] and supported [application/json]
2025-08-14 22:48:08 - Writing [com.autoinsurance.quote.dto.QuoteResponseDto@7790a33b]
2025-08-14 22:48:08 - Set SecurityContextHolder to anonymous SecurityContext
2025-08-14 22:48:08 - Securing POST /api/v1/quotes
2025-08-14 22:48:08 - Secured POST /api/v1/quotes
2025-08-14 22:48:08 - Mapped to com.autoinsurance.quote.controller.QuoteController#createQuote(QuoteRequestDto)
2025-08-14 22:48:08 - Read "application/json;charset=UTF-8" to [com.autoinsurance.quote.dto.QuoteRequestDto@339f4d77]
2025-08-14 22:48:08 - 
    select
        q1_0.id,
        q1_0.coverage_amount,
        q1_0.created_at,
        q1_0.deductible,
        q1_0.monthly_premium,
        q1_0.premium,
        q1_0.primary_driver_license,
        q1_0.primary_driver_name,
        q1_0.valid_until,
        q1_0.vehicle_current_value,
        q1_0.vehicle_make,
        q1_0.vehicle_model,
        q1_0.vehicle_vin,
        q1_0.vehicle_year 
    from
        quotes q1_0 
    where
        q1_0.id=?
2025-08-14 22:48:08 - 
    insert 
    into
        quotes
        (coverage_amount, created_at, deductible, monthly_premium, premium, primary_driver_license, primary_driver_name, valid_until, vehicle_current_value, vehicle_make, vehicle_model, vehicle_vin, vehicle_year, id) 
    values
        (?, ?, ?, ?, ?, ?, ?, ?, ?, ?, ?, ?, ?, ?)
2025-08-14 22:48:08 - Using 'application/json', given [*/*] and supported [application/json]
2025-08-14 22:48:08 - Writing [com.autoinsurance.quote.dto.QuoteResponseDto@359c27e5]
2025-08-14 22:48:08 - Set SecurityContextHolder to anonymous SecurityContext
2025-08-14 22:48:09 - Securing POST /api/v1/quotes
2025-08-14 22:48:09 - Secured POST /api/v1/quotes
2025-08-14 22:48:09 - Mapped to com.autoinsurance.quote.controller.QuoteController#createQuote(QuoteRequestDto)
2025-08-14 22:48:09 - Read "application/json;charset=UTF-8" to [com.autoinsurance.quote.dto.QuoteRequestDto@3e8fcd5a]
2025-08-14 22:48:09 - 
    select
        q1_0.id,
        q1_0.coverage_amount,
        q1_0.created_at,
        q1_0.deductible,
        q1_0.monthly_premium,
        q1_0.premium,
        q1_0.primary_driver_license,
        q1_0.primary_driver_name,
        q1_0.valid_until,
        q1_0.vehicle_current_value,
        q1_0.vehicle_make,
        q1_0.vehicle_model,
        q1_0.vehicle_vin,
        q1_0.vehicle_year 
    from
        quotes q1_0 
    where
        q1_0.id=?
2025-08-14 22:48:09 - 
    insert 
    into
        quotes
        (coverage_amount, created_at, deductible, monthly_premium, premium, primary_driver_license, primary_driver_name, valid_until, vehicle_current_value, vehicle_make, vehicle_model, vehicle_vin, vehicle_year, id) 
    values
        (?, ?, ?, ?, ?, ?, ?, ?, ?, ?, ?, ?, ?, ?)
2025-08-14 22:48:09 - Using 'application/json', given [*/*] and supported [application/json]
2025-08-14 22:48:09 - Writing [com.autoinsurance.quote.dto.QuoteResponseDto@7f883fbc]
2025-08-14 22:48:09 - Set SecurityContextHolder to anonymous SecurityContext
2025-08-14 22:48:09 - Securing POST /api/v1/quotes
2025-08-14 22:48:09 - Secured POST /api/v1/quotes
2025-08-14 22:48:09 - Mapped to com.autoinsurance.quote.controller.QuoteController#createQuote(QuoteRequestDto)
2025-08-14 22:48:09 - Read "application/json;charset=UTF-8" to [com.autoinsurance.quote.dto.QuoteRequestDto@43c4763a]
2025-08-14 22:48:09 - 
    select
        q1_0.id,
        q1_0.coverage_amount,
        q1_0.created_at,
        q1_0.deductible,
        q1_0.monthly_premium,
        q1_0.premium,
        q1_0.primary_driver_license,
        q1_0.primary_driver_name,
        q1_0.valid_until,
        q1_0.vehicle_current_value,
        q1_0.vehicle_make,
        q1_0.vehicle_model,
        q1_0.vehicle_vin,
        q1_0.vehicle_year 
    from
        quotes q1_0 
    where
        q1_0.id=?
2025-08-14 22:48:09 - 
    insert 
    into
        quotes
        (coverage_amount, created_at, deductible, monthly_premium, premium, primary_driver_license, primary_driver_name, valid_until, vehicle_current_value, vehicle_make, vehicle_model, vehicle_vin, vehicle_year, id) 
    values
        (?, ?, ?, ?, ?, ?, ?, ?, ?, ?, ?, ?, ?, ?)
2025-08-14 22:48:09 - Using 'application/json', given [*/*] and supported [application/json]
2025-08-14 22:48:09 - Writing [com.autoinsurance.quote.dto.QuoteResponseDto@2af8082b]
2025-08-14 22:48:09 - Set SecurityContextHolder to anonymous SecurityContext
2025-08-14 22:48:09 - Securing POST /api/v1/quotes
2025-08-14 22:48:09 - Secured POST /api/v1/quotes
2025-08-14 22:48:09 - Mapped to com.autoinsurance.quote.controller.QuoteController#createQuote(QuoteRequestDto)
2025-08-14 22:48:09 - Read "application/json;charset=UTF-8" to [com.autoinsurance.quote.dto.QuoteRequestDto@6658f43d]
2025-08-14 22:48:09 - 
    select
        q1_0.id,
        q1_0.coverage_amount,
        q1_0.created_at,
        q1_0.deductible,
        q1_0.monthly_premium,
        q1_0.premium,
        q1_0.primary_driver_license,
        q1_0.primary_driver_name,
        q1_0.valid_until,
        q1_0.vehicle_current_value,
        q1_0.vehicle_make,
        q1_0.vehicle_model,
        q1_0.vehicle_vin,
        q1_0.vehicle_year 
    from
        quotes q1_0 
    where
        q1_0.id=?
2025-08-14 22:48:09 - 
    insert 
    into
        quotes
        (coverage_amount, created_at, deductible, monthly_premium, premium, primary_driver_license, primary_driver_name, valid_until, vehicle_current_value, vehicle_make, vehicle_model, vehicle_vin, vehicle_year, id) 
    values
        (?, ?, ?, ?, ?, ?, ?, ?, ?, ?, ?, ?, ?, ?)
2025-08-14 22:48:09 - Using 'application/json', given [*/*] and supported [application/json]
2025-08-14 22:48:09 - Writing [com.autoinsurance.quote.dto.QuoteResponseDto@54e9e9a8]
2025-08-14 22:48:09 - Set SecurityContextHolder to anonymous SecurityContext
2025-08-14 22:48:09 - Securing POST /api/v1/quotes
2025-08-14 22:48:09 - Secured POST /api/v1/quotes
2025-08-14 22:48:09 - Mapped to com.autoinsurance.quote.controller.QuoteController#createQuote(QuoteRequestDto)
2025-08-14 22:48:09 - Read "application/json;charset=UTF-8" to [com.autoinsurance.quote.dto.QuoteRequestDto@3809d933]
2025-08-14 22:48:09 - 
    select
        q1_0.id,
        q1_0.coverage_amount,
        q1_0.created_at,
        q1_0.deductible,
        q1_0.monthly_premium,
        q1_0.premium,
        q1_0.primary_driver_license,
        q1_0.primary_driver_name,
        q1_0.valid_until,
        q1_0.vehicle_current_value,
        q1_0.vehicle_make,
        q1_0.vehicle_model,
        q1_0.vehicle_vin,
        q1_0.vehicle_year 
    from
        quotes q1_0 
    where
        q1_0.id=?
2025-08-14 22:48:09 - 
    insert 
    into
        quotes
        (coverage_amount, created_at, deductible, monthly_premium, premium, primary_driver_license, primary_driver_name, valid_until, vehicle_current_value, vehicle_make, vehicle_model, vehicle_vin, vehicle_year, id) 
    values
        (?, ?, ?, ?, ?, ?, ?, ?, ?, ?, ?, ?, ?, ?)
2025-08-14 22:48:09 - Using 'application/json', given [*/*] and supported [application/json]
2025-08-14 22:48:09 - Writing [com.autoinsurance.quote.dto.QuoteResponseDto@64ea45b8]
2025-08-14 22:48:09 - Set SecurityContextHolder to anonymous SecurityContext
2025-08-14 22:48:09 - Securing POST /api/v1/quotes
2025-08-14 22:48:09 - Secured POST /api/v1/quotes
2025-08-14 22:48:09 - Mapped to com.autoinsurance.quote.controller.QuoteController#createQuote(QuoteRequestDto)
2025-08-14 22:48:09 - Read "application/json;charset=UTF-8" to [com.autoinsurance.quote.dto.QuoteRequestDto@72c235ac]
2025-08-14 22:48:09 - 
    select
        q1_0.id,
        q1_0.coverage_amount,
        q1_0.created_at,
        q1_0.deductible,
        q1_0.monthly_premium,
        q1_0.premium,
        q1_0.primary_driver_license,
        q1_0.primary_driver_name,
        q1_0.valid_until,
        q1_0.vehicle_current_value,
        q1_0.vehicle_make,
        q1_0.vehicle_model,
        q1_0.vehicle_vin,
        q1_0.vehicle_year 
    from
        quotes q1_0 
    where
        q1_0.id=?
2025-08-14 22:48:09 - 
    insert 
    into
        quotes
        (coverage_amount, created_at, deductible, monthly_premium, premium, primary_driver_license, primary_driver_name, valid_until, vehicle_current_value, vehicle_make, vehicle_model, vehicle_vin, vehicle_year, id) 
    values
        (?, ?, ?, ?, ?, ?, ?, ?, ?, ?, ?, ?, ?, ?)
2025-08-14 22:48:09 - Using 'application/json', given [*/*] and supported [application/json]
2025-08-14 22:48:09 - Writing [com.autoinsurance.quote.dto.QuoteResponseDto@5a3e4664]
2025-08-14 22:48:09 - Set SecurityContextHolder to anonymous SecurityContext
2025-08-14 22:48:09 - Securing POST /api/v1/quotes
2025-08-14 22:48:09 - Secured POST /api/v1/quotes
2025-08-14 22:48:09 - Mapped to com.autoinsurance.quote.controller.QuoteController#createQuote(QuoteRequestDto)
2025-08-14 22:48:09 - Read "application/json;charset=UTF-8" to [com.autoinsurance.quote.dto.QuoteRequestDto@55453f41]
2025-08-14 22:48:09 - 
    select
        q1_0.id,
        q1_0.coverage_amount,
        q1_0.created_at,
        q1_0.deductible,
        q1_0.monthly_premium,
        q1_0.premium,
        q1_0.primary_driver_license,
        q1_0.primary_driver_name,
        q1_0.valid_until,
        q1_0.vehicle_current_value,
        q1_0.vehicle_make,
        q1_0.vehicle_model,
        q1_0.vehicle_vin,
        q1_0.vehicle_year 
    from
        quotes q1_0 
    where
        q1_0.id=?
2025-08-14 22:48:09 - 
    insert 
    into
        quotes
        (coverage_amount, created_at, deductible, monthly_premium, premium, primary_driver_license, primary_driver_name, valid_until, vehicle_current_value, vehicle_make, vehicle_model, vehicle_vin, vehicle_year, id) 
    values
        (?, ?, ?, ?, ?, ?, ?, ?, ?, ?, ?, ?, ?, ?)
2025-08-14 22:48:09 - Using 'application/json', given [*/*] and supported [application/json]
2025-08-14 22:48:09 - Writing [com.autoinsurance.quote.dto.QuoteResponseDto@54e503ae]
2025-08-14 22:48:09 - Set SecurityContextHolder to anonymous SecurityContext
2025-08-14 22:48:09 - Securing POST /api/v1/quotes
2025-08-14 22:48:09 - Secured POST /api/v1/quotes
2025-08-14 22:48:09 - Mapped to com.autoinsurance.quote.controller.QuoteController#createQuote(QuoteRequestDto)
2025-08-14 22:48:09 - Read "application/json;charset=UTF-8" to [com.autoinsurance.quote.dto.QuoteRequestDto@3071db83]
2025-08-14 22:48:09 - 
    select
        q1_0.id,
        q1_0.coverage_amount,
        q1_0.created_at,
        q1_0.deductible,
        q1_0.monthly_premium,
        q1_0.premium,
        q1_0.primary_driver_license,
        q1_0.primary_driver_name,
        q1_0.valid_until,
        q1_0.vehicle_current_value,
        q1_0.vehicle_make,
        q1_0.vehicle_model,
        q1_0.vehicle_vin,
        q1_0.vehicle_year 
    from
        quotes q1_0 
    where
        q1_0.id=?
2025-08-14 22:48:09 - 
    insert 
    into
        quotes
        (coverage_amount, created_at, deductible, monthly_premium, premium, primary_driver_license, primary_driver_name, valid_until, vehicle_current_value, vehicle_make, vehicle_model, vehicle_vin, vehicle_year, id) 
    values
        (?, ?, ?, ?, ?, ?, ?, ?, ?, ?, ?, ?, ?, ?)
2025-08-14 22:48:09 - Using 'application/json', given [*/*] and supported [application/json]
2025-08-14 22:48:09 - Writing [com.autoinsurance.quote.dto.QuoteResponseDto@7fed411]
2025-08-14 22:48:09 - Set SecurityContextHolder to anonymous SecurityContext
2025-08-14 22:48:09 - Securing POST /api/v1/quotes
2025-08-14 22:48:09 - Secured POST /api/v1/quotes
2025-08-14 22:48:09 - Mapped to com.autoinsurance.quote.controller.QuoteController#createQuote(QuoteRequestDto)
2025-08-14 22:48:09 - Read "application/json;charset=UTF-8" to [com.autoinsurance.quote.dto.QuoteRequestDto@7624914d]
2025-08-14 22:48:09 - 
    select
        q1_0.id,
        q1_0.coverage_amount,
        q1_0.created_at,
        q1_0.deductible,
        q1_0.monthly_premium,
        q1_0.premium,
        q1_0.primary_driver_license,
        q1_0.primary_driver_name,
        q1_0.valid_until,
        q1_0.vehicle_current_value,
        q1_0.vehicle_make,
        q1_0.vehicle_model,
        q1_0.vehicle_vin,
        q1_0.vehicle_year 
    from
        quotes q1_0 
    where
        q1_0.id=?
2025-08-14 22:48:09 - 
    insert 
    into
        quotes
        (coverage_amount, created_at, deductible, monthly_premium, premium, primary_driver_license, primary_driver_name, valid_until, vehicle_current_value, vehicle_make, vehicle_model, vehicle_vin, vehicle_year, id) 
    values
        (?, ?, ?, ?, ?, ?, ?, ?, ?, ?, ?, ?, ?, ?)
2025-08-14 22:48:09 - Using 'application/json', given [*/*] and supported [application/json]
2025-08-14 22:48:09 - Writing [com.autoinsurance.quote.dto.QuoteResponseDto@c0d0d52]
2025-08-14 22:48:09 - Set SecurityContextHolder to anonymous SecurityContext
2025-08-14 22:48:09 - Securing POST /api/v1/quotes
2025-08-14 22:48:09 - Secured POST /api/v1/quotes
2025-08-14 22:48:09 - Mapped to com.autoinsurance.quote.controller.QuoteController#createQuote(QuoteRequestDto)
2025-08-14 22:48:09 - Read "application/json;charset=UTF-8" to [com.autoinsurance.quote.dto.QuoteRequestDto@1206991e]
2025-08-14 22:48:09 - 
    select
        q1_0.id,
        q1_0.coverage_amount,
        q1_0.created_at,
        q1_0.deductible,
        q1_0.monthly_premium,
        q1_0.premium,
        q1_0.primary_driver_license,
        q1_0.primary_driver_name,
        q1_0.valid_until,
        q1_0.vehicle_current_value,
        q1_0.vehicle_make,
        q1_0.vehicle_model,
        q1_0.vehicle_vin,
        q1_0.vehicle_year 
    from
        quotes q1_0 
    where
        q1_0.id=?
2025-08-14 22:48:09 - 
    insert 
    into
        quotes
        (coverage_amount, created_at, deductible, monthly_premium, premium, primary_driver_license, primary_driver_name, valid_until, vehicle_current_value, vehicle_make, vehicle_model, vehicle_vin, vehicle_year, id) 
    values
        (?, ?, ?, ?, ?, ?, ?, ?, ?, ?, ?, ?, ?, ?)
2025-08-14 22:48:09 - Using 'application/json', given [*/*] and supported [application/json]
2025-08-14 22:48:09 - Writing [com.autoinsurance.quote.dto.QuoteResponseDto@76f6d70e]
2025-08-14 22:48:09 - Set SecurityContextHolder to anonymous SecurityContext
2025-08-14 22:48:09 - Securing POST /api/v1/quotes
2025-08-14 22:48:09 - Secured POST /api/v1/quotes
2025-08-14 22:48:09 - Mapped to com.autoinsurance.quote.controller.QuoteController#createQuote(QuoteRequestDto)
2025-08-14 22:48:09 - Read "application/json;charset=UTF-8" to [com.autoinsurance.quote.dto.QuoteRequestDto@45bb8072]
2025-08-14 22:48:09 - 
    select
        q1_0.id,
        q1_0.coverage_amount,
        q1_0.created_at,
        q1_0.deductible,
        q1_0.monthly_premium,
        q1_0.premium,
        q1_0.primary_driver_license,
        q1_0.primary_driver_name,
        q1_0.valid_until,
        q1_0.vehicle_current_value,
        q1_0.vehicle_make,
        q1_0.vehicle_model,
        q1_0.vehicle_vin,
        q1_0.vehicle_year 
    from
        quotes q1_0 
    where
        q1_0.id=?
2025-08-14 22:48:09 - 
    insert 
    into
        quotes
        (coverage_amount, created_at, deductible, monthly_premium, premium, primary_driver_license, primary_driver_name, valid_until, vehicle_current_value, vehicle_make, vehicle_model, vehicle_vin, vehicle_year, id) 
    values
        (?, ?, ?, ?, ?, ?, ?, ?, ?, ?, ?, ?, ?, ?)
2025-08-14 22:48:09 - Using 'application/json', given [*/*] and supported [application/json]
2025-08-14 22:48:09 - Writing [com.autoinsurance.quote.dto.QuoteResponseDto@34f3de5]
2025-08-14 22:48:09 - Set SecurityContextHolder to anonymous SecurityContext
2025-08-14 22:48:10 - Securing POST /api/v1/quotes
2025-08-14 22:48:10 - Secured POST /api/v1/quotes
2025-08-14 22:48:10 - Mapped to com.autoinsurance.quote.controller.QuoteController#createQuote(QuoteRequestDto)
2025-08-14 22:48:10 - Read "application/json;charset=UTF-8" to [com.autoinsurance.quote.dto.QuoteRequestDto@56f42fc9]
2025-08-14 22:48:10 - 
    select
        q1_0.id,
        q1_0.coverage_amount,
        q1_0.created_at,
        q1_0.deductible,
        q1_0.monthly_premium,
        q1_0.premium,
        q1_0.primary_driver_license,
        q1_0.primary_driver_name,
        q1_0.valid_until,
        q1_0.vehicle_current_value,
        q1_0.vehicle_make,
        q1_0.vehicle_model,
        q1_0.vehicle_vin,
        q1_0.vehicle_year 
    from
        quotes q1_0 
    where
        q1_0.id=?
2025-08-14 22:48:10 - 
    insert 
    into
        quotes
        (coverage_amount, created_at, deductible, monthly_premium, premium, primary_driver_license, primary_driver_name, valid_until, vehicle_current_value, vehicle_make, vehicle_model, vehicle_vin, vehicle_year, id) 
    values
        (?, ?, ?, ?, ?, ?, ?, ?, ?, ?, ?, ?, ?, ?)
2025-08-14 22:48:10 - Using 'application/json', given [*/*] and supported [application/json]
2025-08-14 22:48:10 - Writing [com.autoinsurance.quote.dto.QuoteResponseDto@6cb6ded7]
2025-08-14 22:48:10 - Set SecurityContextHolder to anonymous SecurityContext
2025-08-14 22:48:10 - Securing POST /api/v1/quotes
2025-08-14 22:48:10 - Secured POST /api/v1/quotes
2025-08-14 22:48:10 - Mapped to com.autoinsurance.quote.controller.QuoteController#createQuote(QuoteRequestDto)
2025-08-14 22:48:10 - Read "application/json;charset=UTF-8" to [com.autoinsurance.quote.dto.QuoteRequestDto@3bfaa3d3]
2025-08-14 22:48:10 - 
    select
        q1_0.id,
        q1_0.coverage_amount,
        q1_0.created_at,
        q1_0.deductible,
        q1_0.monthly_premium,
        q1_0.premium,
        q1_0.primary_driver_license,
        q1_0.primary_driver_name,
        q1_0.valid_until,
        q1_0.vehicle_current_value,
        q1_0.vehicle_make,
        q1_0.vehicle_model,
        q1_0.vehicle_vin,
        q1_0.vehicle_year 
    from
        quotes q1_0 
    where
        q1_0.id=?
2025-08-14 22:48:10 - 
    insert 
    into
        quotes
        (coverage_amount, created_at, deductible, monthly_premium, premium, primary_driver_license, primary_driver_name, valid_until, vehicle_current_value, vehicle_make, vehicle_model, vehicle_vin, vehicle_year, id) 
    values
        (?, ?, ?, ?, ?, ?, ?, ?, ?, ?, ?, ?, ?, ?)
2025-08-14 22:48:10 - Using 'application/json', given [*/*] and supported [application/json]
2025-08-14 22:48:10 - Writing [com.autoinsurance.quote.dto.QuoteResponseDto@39531fef]
2025-08-14 22:48:10 - Set SecurityContextHolder to anonymous SecurityContext
2025-08-14 22:48:10 - Securing POST /api/v1/quotes
2025-08-14 22:48:10 - Secured POST /api/v1/quotes
2025-08-14 22:48:10 - Mapped to com.autoinsurance.quote.controller.QuoteController#createQuote(QuoteRequestDto)
2025-08-14 22:48:10 - Read "application/json;charset=UTF-8" to [com.autoinsurance.quote.dto.QuoteRequestDto@8e6893e]
2025-08-14 22:48:10 - 
    select
        q1_0.id,
        q1_0.coverage_amount,
        q1_0.created_at,
        q1_0.deductible,
        q1_0.monthly_premium,
        q1_0.premium,
        q1_0.primary_driver_license,
        q1_0.primary_driver_name,
        q1_0.valid_until,
        q1_0.vehicle_current_value,
        q1_0.vehicle_make,
        q1_0.vehicle_model,
        q1_0.vehicle_vin,
        q1_0.vehicle_year 
    from
        quotes q1_0 
    where
        q1_0.id=?
2025-08-14 22:48:10 - 
    insert 
    into
        quotes
        (coverage_amount, created_at, deductible, monthly_premium, premium, primary_driver_license, primary_driver_name, valid_until, vehicle_current_value, vehicle_make, vehicle_model, vehicle_vin, vehicle_year, id) 
    values
        (?, ?, ?, ?, ?, ?, ?, ?, ?, ?, ?, ?, ?, ?)
2025-08-14 22:48:10 - Using 'application/json', given [*/*] and supported [application/json]
2025-08-14 22:48:10 - Writing [com.autoinsurance.quote.dto.QuoteResponseDto@1841a380]
2025-08-14 22:48:10 - Set SecurityContextHolder to anonymous SecurityContext
2025-08-14 22:48:10 - Securing POST /api/v1/quotes
2025-08-14 22:48:10 - Secured POST /api/v1/quotes
2025-08-14 22:48:10 - Mapped to com.autoinsurance.quote.controller.QuoteController#createQuote(QuoteRequestDto)
2025-08-14 22:48:10 - Read "application/json;charset=UTF-8" to [com.autoinsurance.quote.dto.QuoteRequestDto@2f8b0bc8]
2025-08-14 22:48:10 - 
    select
        q1_0.id,
        q1_0.coverage_amount,
        q1_0.created_at,
        q1_0.deductible,
        q1_0.monthly_premium,
        q1_0.premium,
        q1_0.primary_driver_license,
        q1_0.primary_driver_name,
        q1_0.valid_until,
        q1_0.vehicle_current_value,
        q1_0.vehicle_make,
        q1_0.vehicle_model,
        q1_0.vehicle_vin,
        q1_0.vehicle_year 
    from
        quotes q1_0 
    where
        q1_0.id=?
2025-08-14 22:48:10 - 
    insert 
    into
        quotes
        (coverage_amount, created_at, deductible, monthly_premium, premium, primary_driver_license, primary_driver_name, valid_until, vehicle_current_value, vehicle_make, vehicle_model, vehicle_vin, vehicle_year, id) 
    values
        (?, ?, ?, ?, ?, ?, ?, ?, ?, ?, ?, ?, ?, ?)
2025-08-14 22:48:10 - Using 'application/json', given [*/*] and supported [application/json]
2025-08-14 22:48:10 - Writing [com.autoinsurance.quote.dto.QuoteResponseDto@660e7bbb]
2025-08-14 22:48:10 - Set SecurityContextHolder to anonymous SecurityContext
2025-08-14 22:48:10 - Securing POST /api/v1/quotes
2025-08-14 22:48:10 - Secured POST /api/v1/quotes
2025-08-14 22:48:10 - Mapped to com.autoinsurance.quote.controller.QuoteController#createQuote(QuoteRequestDto)
2025-08-14 22:48:10 - Read "application/json;charset=UTF-8" to [com.autoinsurance.quote.dto.QuoteRequestDto@216daf60]
2025-08-14 22:48:10 - 
    select
        q1_0.id,
        q1_0.coverage_amount,
        q1_0.created_at,
        q1_0.deductible,
        q1_0.monthly_premium,
        q1_0.premium,
        q1_0.primary_driver_license,
        q1_0.primary_driver_name,
        q1_0.valid_until,
        q1_0.vehicle_current_value,
        q1_0.vehicle_make,
        q1_0.vehicle_model,
        q1_0.vehicle_vin,
        q1_0.vehicle_year 
    from
        quotes q1_0 
    where
        q1_0.id=?
2025-08-14 22:48:10 - 
    insert 
    into
        quotes
        (coverage_amount, created_at, deductible, monthly_premium, premium, primary_driver_license, primary_driver_name, valid_until, vehicle_current_value, vehicle_make, vehicle_model, vehicle_vin, vehicle_year, id) 
    values
        (?, ?, ?, ?, ?, ?, ?, ?, ?, ?, ?, ?, ?, ?)
2025-08-14 22:48:10 - Using 'application/json', given [*/*] and supported [application/json]
2025-08-14 22:48:10 - Writing [com.autoinsurance.quote.dto.QuoteResponseDto@117af97e]
2025-08-14 22:48:10 - Set SecurityContextHolder to anonymous SecurityContext
2025-08-14 22:48:10 - Securing POST /api/v1/quotes
2025-08-14 22:48:10 - Secured POST /api/v1/quotes
2025-08-14 22:48:10 - Mapped to com.autoinsurance.quote.controller.QuoteController#createQuote(QuoteRequestDto)
2025-08-14 22:48:10 - Read "application/json;charset=UTF-8" to [com.autoinsurance.quote.dto.QuoteRequestDto@557b3586]
2025-08-14 22:48:10 - 
    select
        q1_0.id,
        q1_0.coverage_amount,
        q1_0.created_at,
        q1_0.deductible,
        q1_0.monthly_premium,
        q1_0.premium,
        q1_0.primary_driver_license,
        q1_0.primary_driver_name,
        q1_0.valid_until,
        q1_0.vehicle_current_value,
        q1_0.vehicle_make,
        q1_0.vehicle_model,
        q1_0.vehicle_vin,
        q1_0.vehicle_year 
    from
        quotes q1_0 
    where
        q1_0.id=?
2025-08-14 22:48:10 - 
    insert 
    into
        quotes
        (coverage_amount, created_at, deductible, monthly_premium, premium, primary_driver_license, primary_driver_name, valid_until, vehicle_current_value, vehicle_make, vehicle_model, vehicle_vin, vehicle_year, id) 
    values
        (?, ?, ?, ?, ?, ?, ?, ?, ?, ?, ?, ?, ?, ?)
2025-08-14 22:48:10 - Using 'application/json', given [*/*] and supported [application/json]
2025-08-14 22:48:10 - Writing [com.autoinsurance.quote.dto.QuoteResponseDto@18957ae3]
2025-08-14 22:48:10 - Set SecurityContextHolder to anonymous SecurityContext
2025-08-14 22:48:10 - Securing POST /api/v1/quotes
2025-08-14 22:48:10 - Secured POST /api/v1/quotes
2025-08-14 22:48:10 - Mapped to com.autoinsurance.quote.controller.QuoteController#createQuote(QuoteRequestDto)
2025-08-14 22:48:10 - Read "application/json;charset=UTF-8" to [com.autoinsurance.quote.dto.QuoteRequestDto@1d746147]
2025-08-14 22:48:10 - 
    select
        q1_0.id,
        q1_0.coverage_amount,
        q1_0.created_at,
        q1_0.deductible,
        q1_0.monthly_premium,
        q1_0.premium,
        q1_0.primary_driver_license,
        q1_0.primary_driver_name,
        q1_0.valid_until,
        q1_0.vehicle_current_value,
        q1_0.vehicle_make,
        q1_0.vehicle_model,
        q1_0.vehicle_vin,
        q1_0.vehicle_year 
    from
        quotes q1_0 
    where
        q1_0.id=?
2025-08-14 22:48:10 - 
    insert 
    into
        quotes
        (coverage_amount, created_at, deductible, monthly_premium, premium, primary_driver_license, primary_driver_name, valid_until, vehicle_current_value, vehicle_make, vehicle_model, vehicle_vin, vehicle_year, id) 
    values
        (?, ?, ?, ?, ?, ?, ?, ?, ?, ?, ?, ?, ?, ?)
2025-08-14 22:48:10 - Using 'application/json', given [*/*] and supported [application/json]
2025-08-14 22:48:10 - Writing [com.autoinsurance.quote.dto.QuoteResponseDto@61f411ba]
2025-08-14 22:48:10 - Set SecurityContextHolder to anonymous SecurityContext
2025-08-14 22:48:10 - Securing POST /api/v1/quotes
2025-08-14 22:48:10 - Secured POST /api/v1/quotes
2025-08-14 22:48:10 - Mapped to com.autoinsurance.quote.controller.QuoteController#createQuote(QuoteRequestDto)
2025-08-14 22:48:10 - Read "application/json;charset=UTF-8" to [com.autoinsurance.quote.dto.QuoteRequestDto@1d9d4a70]
2025-08-14 22:48:10 - 
    select
        q1_0.id,
        q1_0.coverage_amount,
        q1_0.created_at,
        q1_0.deductible,
        q1_0.monthly_premium,
        q1_0.premium,
        q1_0.primary_driver_license,
        q1_0.primary_driver_name,
        q1_0.valid_until,
        q1_0.vehicle_current_value,
        q1_0.vehicle_make,
        q1_0.vehicle_model,
        q1_0.vehicle_vin,
        q1_0.vehicle_year 
    from
        quotes q1_0 
    where
        q1_0.id=?
2025-08-14 22:48:10 - 
    insert 
    into
        quotes
        (coverage_amount, created_at, deductible, monthly_premium, premium, primary_driver_license, primary_driver_name, valid_until, vehicle_current_value, vehicle_make, vehicle_model, vehicle_vin, vehicle_year, id) 
    values
        (?, ?, ?, ?, ?, ?, ?, ?, ?, ?, ?, ?, ?, ?)
2025-08-14 22:48:10 - Using 'application/json', given [*/*] and supported [application/json]
2025-08-14 22:48:10 - Writing [com.autoinsurance.quote.dto.QuoteResponseDto@7e8ca1e0]
2025-08-14 22:48:10 - Set SecurityContextHolder to anonymous SecurityContext
2025-08-14 22:48:10 - Securing POST /api/v1/quotes
2025-08-14 22:48:10 - Secured POST /api/v1/quotes
2025-08-14 22:48:10 - Mapped to com.autoinsurance.quote.controller.QuoteController#createQuote(QuoteRequestDto)
2025-08-14 22:48:10 - Read "application/json;charset=UTF-8" to [com.autoinsurance.quote.dto.QuoteRequestDto@16d29a5f]
2025-08-14 22:48:10 - 
    select
        q1_0.id,
        q1_0.coverage_amount,
        q1_0.created_at,
        q1_0.deductible,
        q1_0.monthly_premium,
        q1_0.premium,
        q1_0.primary_driver_license,
        q1_0.primary_driver_name,
        q1_0.valid_until,
        q1_0.vehicle_current_value,
        q1_0.vehicle_make,
        q1_0.vehicle_model,
        q1_0.vehicle_vin,
        q1_0.vehicle_year 
    from
        quotes q1_0 
    where
        q1_0.id=?
2025-08-14 22:48:10 - 
    insert 
    into
        quotes
        (coverage_amount, created_at, deductible, monthly_premium, premium, primary_driver_license, primary_driver_name, valid_until, vehicle_current_value, vehicle_make, vehicle_model, vehicle_vin, vehicle_year, id) 
    values
        (?, ?, ?, ?, ?, ?, ?, ?, ?, ?, ?, ?, ?, ?)
2025-08-14 22:48:10 - Using 'application/json', given [*/*] and supported [application/json]
2025-08-14 22:48:10 - Writing [com.autoinsurance.quote.dto.QuoteResponseDto@4755c4fb]
2025-08-14 22:48:10 - Set SecurityContextHolder to anonymous SecurityContext
2025-08-14 22:48:10 - Securing POST /api/v1/quotes
2025-08-14 22:48:10 - Secured POST /api/v1/quotes
2025-08-14 22:48:10 - Mapped to com.autoinsurance.quote.controller.QuoteController#createQuote(QuoteRequestDto)
2025-08-14 22:48:10 - Read "application/json;charset=UTF-8" to [com.autoinsurance.quote.dto.QuoteRequestDto@40db2b5a]
2025-08-14 22:48:10 - 
    select
        q1_0.id,
        q1_0.coverage_amount,
        q1_0.created_at,
        q1_0.deductible,
        q1_0.monthly_premium,
        q1_0.premium,
        q1_0.primary_driver_license,
        q1_0.primary_driver_name,
        q1_0.valid_until,
        q1_0.vehicle_current_value,
        q1_0.vehicle_make,
        q1_0.vehicle_model,
        q1_0.vehicle_vin,
        q1_0.vehicle_year 
    from
        quotes q1_0 
    where
        q1_0.id=?
2025-08-14 22:48:10 - 
    insert 
    into
        quotes
        (coverage_amount, created_at, deductible, monthly_premium, premium, primary_driver_license, primary_driver_name, valid_until, vehicle_current_value, vehicle_make, vehicle_model, vehicle_vin, vehicle_year, id) 
    values
        (?, ?, ?, ?, ?, ?, ?, ?, ?, ?, ?, ?, ?, ?)
2025-08-14 22:48:10 - Using 'application/json', given [*/*] and supported [application/json]
2025-08-14 22:48:10 - Writing [com.autoinsurance.quote.dto.QuoteResponseDto@1509ba56]
2025-08-14 22:48:10 - Set SecurityContextHolder to anonymous SecurityContext
2025-08-14 22:48:11 - Securing POST /api/v1/quotes
2025-08-14 22:48:11 - Secured POST /api/v1/quotes
2025-08-14 22:48:11 - Mapped to com.autoinsurance.quote.controller.QuoteController#createQuote(QuoteRequestDto)
2025-08-14 22:48:11 - Read "application/json;charset=UTF-8" to [com.autoinsurance.quote.dto.QuoteRequestDto@4692292c]
2025-08-14 22:48:11 - 
    select
        q1_0.id,
        q1_0.coverage_amount,
        q1_0.created_at,
        q1_0.deductible,
        q1_0.monthly_premium,
        q1_0.premium,
        q1_0.primary_driver_license,
        q1_0.primary_driver_name,
        q1_0.valid_until,
        q1_0.vehicle_current_value,
        q1_0.vehicle_make,
        q1_0.vehicle_model,
        q1_0.vehicle_vin,
        q1_0.vehicle_year 
    from
        quotes q1_0 
    where
        q1_0.id=?
2025-08-14 22:48:11 - 
    insert 
    into
        quotes
        (coverage_amount, created_at, deductible, monthly_premium, premium, primary_driver_license, primary_driver_name, valid_until, vehicle_current_value, vehicle_make, vehicle_model, vehicle_vin, vehicle_year, id) 
    values
        (?, ?, ?, ?, ?, ?, ?, ?, ?, ?, ?, ?, ?, ?)
2025-08-14 22:48:11 - Using 'application/json', given [*/*] and supported [application/json]
2025-08-14 22:48:11 - Writing [com.autoinsurance.quote.dto.QuoteResponseDto@68637e36]
2025-08-14 22:48:11 - Set SecurityContextHolder to anonymous SecurityContext
2025-08-14 22:48:11 - Securing POST /api/v1/quotes
2025-08-14 22:48:11 - Secured POST /api/v1/quotes
2025-08-14 22:48:11 - Mapped to com.autoinsurance.quote.controller.QuoteController#createQuote(QuoteRequestDto)
2025-08-14 22:48:11 - Read "application/json;charset=UTF-8" to [com.autoinsurance.quote.dto.QuoteRequestDto@636bf8fa]
2025-08-14 22:48:11 - 
    select
        q1_0.id,
        q1_0.coverage_amount,
        q1_0.created_at,
        q1_0.deductible,
        q1_0.monthly_premium,
        q1_0.premium,
        q1_0.primary_driver_license,
        q1_0.primary_driver_name,
        q1_0.valid_until,
        q1_0.vehicle_current_value,
        q1_0.vehicle_make,
        q1_0.vehicle_model,
        q1_0.vehicle_vin,
        q1_0.vehicle_year 
    from
        quotes q1_0 
    where
        q1_0.id=?
2025-08-14 22:48:11 - 
    insert 
    into
        quotes
        (coverage_amount, created_at, deductible, monthly_premium, premium, primary_driver_license, primary_driver_name, valid_until, vehicle_current_value, vehicle_make, vehicle_model, vehicle_vin, vehicle_year, id) 
    values
        (?, ?, ?, ?, ?, ?, ?, ?, ?, ?, ?, ?, ?, ?)
2025-08-14 22:48:11 - Using 'application/json', given [*/*] and supported [application/json]
2025-08-14 22:48:11 - Writing [com.autoinsurance.quote.dto.QuoteResponseDto@3b4f07cf]
2025-08-14 22:48:11 - Set SecurityContextHolder to anonymous SecurityContext
2025-08-14 22:48:11 - Securing POST /api/v1/quotes
2025-08-14 22:48:11 - Secured POST /api/v1/quotes
2025-08-14 22:48:11 - Mapped to com.autoinsurance.quote.controller.QuoteController#createQuote(QuoteRequestDto)
2025-08-14 22:48:11 - Read "application/json;charset=UTF-8" to [com.autoinsurance.quote.dto.QuoteRequestDto@61830a2e]
2025-08-14 22:48:11 - 
    select
        q1_0.id,
        q1_0.coverage_amount,
        q1_0.created_at,
        q1_0.deductible,
        q1_0.monthly_premium,
        q1_0.premium,
        q1_0.primary_driver_license,
        q1_0.primary_driver_name,
        q1_0.valid_until,
        q1_0.vehicle_current_value,
        q1_0.vehicle_make,
        q1_0.vehicle_model,
        q1_0.vehicle_vin,
        q1_0.vehicle_year 
    from
        quotes q1_0 
    where
        q1_0.id=?
2025-08-14 22:48:11 - 
    insert 
    into
        quotes
        (coverage_amount, created_at, deductible, monthly_premium, premium, primary_driver_license, primary_driver_name, valid_until, vehicle_current_value, vehicle_make, vehicle_model, vehicle_vin, vehicle_year, id) 
    values
        (?, ?, ?, ?, ?, ?, ?, ?, ?, ?, ?, ?, ?, ?)
2025-08-14 22:48:11 - Using 'application/json', given [*/*] and supported [application/json]
2025-08-14 22:48:11 - Writing [com.autoinsurance.quote.dto.QuoteResponseDto@4a93d4e4]
2025-08-14 22:48:11 - Set SecurityContextHolder to anonymous SecurityContext
2025-08-14 22:48:11 - Securing POST /api/v1/quotes
2025-08-14 22:48:11 - Secured POST /api/v1/quotes
2025-08-14 22:48:11 - Mapped to com.autoinsurance.quote.controller.QuoteController#createQuote(QuoteRequestDto)
2025-08-14 22:48:11 - Read "application/json;charset=UTF-8" to [com.autoinsurance.quote.dto.QuoteRequestDto@a03e0d8]
2025-08-14 22:48:11 - 
    select
        q1_0.id,
        q1_0.coverage_amount,
        q1_0.created_at,
        q1_0.deductible,
        q1_0.monthly_premium,
        q1_0.premium,
        q1_0.primary_driver_license,
        q1_0.primary_driver_name,
        q1_0.valid_until,
        q1_0.vehicle_current_value,
        q1_0.vehicle_make,
        q1_0.vehicle_model,
        q1_0.vehicle_vin,
        q1_0.vehicle_year 
    from
        quotes q1_0 
    where
        q1_0.id=?
2025-08-14 22:48:11 - 
    insert 
    into
        quotes
        (coverage_amount, created_at, deductible, monthly_premium, premium, primary_driver_license, primary_driver_name, valid_until, vehicle_current_value, vehicle_make, vehicle_model, vehicle_vin, vehicle_year, id) 
    values
        (?, ?, ?, ?, ?, ?, ?, ?, ?, ?, ?, ?, ?, ?)
2025-08-14 22:48:11 - Using 'application/json', given [*/*] and supported [application/json]
2025-08-14 22:48:11 - Writing [com.autoinsurance.quote.dto.QuoteResponseDto@152f15ff]
2025-08-14 22:48:11 - Set SecurityContextHolder to anonymous SecurityContext
2025-08-14 22:48:11 - Securing POST /api/v1/quotes
2025-08-14 22:48:11 - Secured POST /api/v1/quotes
2025-08-14 22:48:11 - Mapped to com.autoinsurance.quote.controller.QuoteController#createQuote(QuoteRequestDto)
2025-08-14 22:48:11 - Read "application/json;charset=UTF-8" to [com.autoinsurance.quote.dto.QuoteRequestDto@4579fc66]
2025-08-14 22:48:11 - 
    select
        q1_0.id,
        q1_0.coverage_amount,
        q1_0.created_at,
        q1_0.deductible,
        q1_0.monthly_premium,
        q1_0.premium,
        q1_0.primary_driver_license,
        q1_0.primary_driver_name,
        q1_0.valid_until,
        q1_0.vehicle_current_value,
        q1_0.vehicle_make,
        q1_0.vehicle_model,
        q1_0.vehicle_vin,
        q1_0.vehicle_year 
    from
        quotes q1_0 
    where
        q1_0.id=?
2025-08-14 22:48:11 - 
    insert 
    into
        quotes
        (coverage_amount, created_at, deductible, monthly_premium, premium, primary_driver_license, primary_driver_name, valid_until, vehicle_current_value, vehicle_make, vehicle_model, vehicle_vin, vehicle_year, id) 
    values
        (?, ?, ?, ?, ?, ?, ?, ?, ?, ?, ?, ?, ?, ?)
2025-08-14 22:48:11 - Using 'application/json', given [*/*] and supported [application/json]
2025-08-14 22:48:11 - Writing [com.autoinsurance.quote.dto.QuoteResponseDto@1e45e1db]
2025-08-14 22:48:11 - Set SecurityContextHolder to anonymous SecurityContext
2025-08-14 22:48:11 - Securing POST /api/v1/quotes
2025-08-14 22:48:11 - Secured POST /api/v1/quotes
2025-08-14 22:48:11 - Mapped to com.autoinsurance.quote.controller.QuoteController#createQuote(QuoteRequestDto)
2025-08-14 22:48:11 - Read "application/json;charset=UTF-8" to [com.autoinsurance.quote.dto.QuoteRequestDto@4afa7c07]
2025-08-14 22:48:11 - 
    select
        q1_0.id,
        q1_0.coverage_amount,
        q1_0.created_at,
        q1_0.deductible,
        q1_0.monthly_premium,
        q1_0.premium,
        q1_0.primary_driver_license,
        q1_0.primary_driver_name,
        q1_0.valid_until,
        q1_0.vehicle_current_value,
        q1_0.vehicle_make,
        q1_0.vehicle_model,
        q1_0.vehicle_vin,
        q1_0.vehicle_year 
    from
        quotes q1_0 
    where
        q1_0.id=?
2025-08-14 22:48:11 - 
    insert 
    into
        quotes
        (coverage_amount, created_at, deductible, monthly_premium, premium, primary_driver_license, primary_driver_name, valid_until, vehicle_current_value, vehicle_make, vehicle_model, vehicle_vin, vehicle_year, id) 
    values
        (?, ?, ?, ?, ?, ?, ?, ?, ?, ?, ?, ?, ?, ?)
2025-08-14 22:48:11 - Using 'application/json', given [*/*] and supported [application/json]
2025-08-14 22:48:11 - Writing [com.autoinsurance.quote.dto.QuoteResponseDto@75ca1e86]
2025-08-14 22:48:11 - Set SecurityContextHolder to anonymous SecurityContext
2025-08-14 22:48:11 - Securing POST /api/v1/quotes
2025-08-14 22:48:11 - Secured POST /api/v1/quotes
2025-08-14 22:48:11 - Mapped to com.autoinsurance.quote.controller.QuoteController#createQuote(QuoteRequestDto)
2025-08-14 22:48:11 - Read "application/json;charset=UTF-8" to [com.autoinsurance.quote.dto.QuoteRequestDto@5691c817]
2025-08-14 22:48:11 - 
    select
        q1_0.id,
        q1_0.coverage_amount,
        q1_0.created_at,
        q1_0.deductible,
        q1_0.monthly_premium,
        q1_0.premium,
        q1_0.primary_driver_license,
        q1_0.primary_driver_name,
        q1_0.valid_until,
        q1_0.vehicle_current_value,
        q1_0.vehicle_make,
        q1_0.vehicle_model,
        q1_0.vehicle_vin,
        q1_0.vehicle_year 
    from
        quotes q1_0 
    where
        q1_0.id=?
2025-08-14 22:48:11 - 
    insert 
    into
        quotes
        (coverage_amount, created_at, deductible, monthly_premium, premium, primary_driver_license, primary_driver_name, valid_until, vehicle_current_value, vehicle_make, vehicle_model, vehicle_vin, vehicle_year, id) 
    values
        (?, ?, ?, ?, ?, ?, ?, ?, ?, ?, ?, ?, ?, ?)
2025-08-14 22:48:11 - Using 'application/json', given [*/*] and supported [application/json]
2025-08-14 22:48:11 - Writing [com.autoinsurance.quote.dto.QuoteResponseDto@59cdb296]
2025-08-14 22:48:11 - Set SecurityContextHolder to anonymous SecurityContext
2025-08-14 22:48:11 - Securing POST /api/v1/quotes
2025-08-14 22:48:11 - Secured POST /api/v1/quotes
2025-08-14 22:48:11 - Mapped to com.autoinsurance.quote.controller.QuoteController#createQuote(QuoteRequestDto)
2025-08-14 22:48:11 - Read "application/json;charset=UTF-8" to [com.autoinsurance.quote.dto.QuoteRequestDto@6ec81080]
2025-08-14 22:48:11 - 
    select
        q1_0.id,
        q1_0.coverage_amount,
        q1_0.created_at,
        q1_0.deductible,
        q1_0.monthly_premium,
        q1_0.premium,
        q1_0.primary_driver_license,
        q1_0.primary_driver_name,
        q1_0.valid_until,
        q1_0.vehicle_current_value,
        q1_0.vehicle_make,
        q1_0.vehicle_model,
        q1_0.vehicle_vin,
        q1_0.vehicle_year 
    from
        quotes q1_0 
    where
        q1_0.id=?
2025-08-14 22:48:11 - 
    insert 
    into
        quotes
        (coverage_amount, created_at, deductible, monthly_premium, premium, primary_driver_license, primary_driver_name, valid_until, vehicle_current_value, vehicle_make, vehicle_model, vehicle_vin, vehicle_year, id) 
    values
        (?, ?, ?, ?, ?, ?, ?, ?, ?, ?, ?, ?, ?, ?)
2025-08-14 22:48:11 - Using 'application/json', given [*/*] and supported [application/json]
2025-08-14 22:48:11 - Writing [com.autoinsurance.quote.dto.QuoteResponseDto@1cc7647e]
2025-08-14 22:48:11 - Set SecurityContextHolder to anonymous SecurityContext
2025-08-14 22:48:11 - Securing POST /api/v1/quotes
2025-08-14 22:48:11 - Secured POST /api/v1/quotes
2025-08-14 22:48:11 - Mapped to com.autoinsurance.quote.controller.QuoteController#createQuote(QuoteRequestDto)
2025-08-14 22:48:11 - Read "application/json;charset=UTF-8" to [com.autoinsurance.quote.dto.QuoteRequestDto@28f154d7]
2025-08-14 22:48:11 - 
    select
        q1_0.id,
        q1_0.coverage_amount,
        q1_0.created_at,
        q1_0.deductible,
        q1_0.monthly_premium,
        q1_0.premium,
        q1_0.primary_driver_license,
        q1_0.primary_driver_name,
        q1_0.valid_until,
        q1_0.vehicle_current_value,
        q1_0.vehicle_make,
        q1_0.vehicle_model,
        q1_0.vehicle_vin,
        q1_0.vehicle_year 
    from
        quotes q1_0 
    where
        q1_0.id=?
2025-08-14 22:48:11 - 
    insert 
    into
        quotes
        (coverage_amount, created_at, deductible, monthly_premium, premium, primary_driver_license, primary_driver_name, valid_until, vehicle_current_value, vehicle_make, vehicle_model, vehicle_vin, vehicle_year, id) 
    values
        (?, ?, ?, ?, ?, ?, ?, ?, ?, ?, ?, ?, ?, ?)
2025-08-14 22:48:11 - Using 'application/json', given [*/*] and supported [application/json]
2025-08-14 22:48:11 - Writing [com.autoinsurance.quote.dto.QuoteResponseDto@56de2114]
2025-08-14 22:48:11 - Set SecurityContextHolder to anonymous SecurityContext
2025-08-14 22:48:11 - Securing POST /api/v1/quotes
2025-08-14 22:48:11 - Secured POST /api/v1/quotes
2025-08-14 22:48:11 - Mapped to com.autoinsurance.quote.controller.QuoteController#createQuote(QuoteRequestDto)
2025-08-14 22:48:11 - Read "application/json;charset=UTF-8" to [com.autoinsurance.quote.dto.QuoteRequestDto@38bb7873]
2025-08-14 22:48:11 - 
    select
        q1_0.id,
        q1_0.coverage_amount,
        q1_0.created_at,
        q1_0.deductible,
        q1_0.monthly_premium,
        q1_0.premium,
        q1_0.primary_driver_license,
        q1_0.primary_driver_name,
        q1_0.valid_until,
        q1_0.vehicle_current_value,
        q1_0.vehicle_make,
        q1_0.vehicle_model,
        q1_0.vehicle_vin,
        q1_0.vehicle_year 
    from
        quotes q1_0 
    where
        q1_0.id=?
2025-08-14 22:48:11 - 
    insert 
    into
        quotes
        (coverage_amount, created_at, deductible, monthly_premium, premium, primary_driver_license, primary_driver_name, valid_until, vehicle_current_value, vehicle_make, vehicle_model, vehicle_vin, vehicle_year, id) 
    values
        (?, ?, ?, ?, ?, ?, ?, ?, ?, ?, ?, ?, ?, ?)
2025-08-14 22:48:11 - Using 'application/json', given [*/*] and supported [application/json]
2025-08-14 22:48:11 - Writing [com.autoinsurance.quote.dto.QuoteResponseDto@4b1e5d56]
2025-08-14 22:48:11 - Set SecurityContextHolder to anonymous SecurityContext
2025-08-14 22:48:12 - Securing POST /api/v1/quotes
2025-08-14 22:48:12 - Secured POST /api/v1/quotes
2025-08-14 22:48:12 - Mapped to com.autoinsurance.quote.controller.QuoteController#createQuote(QuoteRequestDto)
2025-08-14 22:48:12 - Read "application/json;charset=UTF-8" to [com.autoinsurance.quote.dto.QuoteRequestDto@6cb4dc8b]
2025-08-14 22:48:12 - 
    select
        q1_0.id,
        q1_0.coverage_amount,
        q1_0.created_at,
        q1_0.deductible,
        q1_0.monthly_premium,
        q1_0.premium,
        q1_0.primary_driver_license,
        q1_0.primary_driver_name,
        q1_0.valid_until,
        q1_0.vehicle_current_value,
        q1_0.vehicle_make,
        q1_0.vehicle_model,
        q1_0.vehicle_vin,
        q1_0.vehicle_year 
    from
        quotes q1_0 
    where
        q1_0.id=?
2025-08-14 22:48:12 - 
    insert 
    into
        quotes
        (coverage_amount, created_at, deductible, monthly_premium, premium, primary_driver_license, primary_driver_name, valid_until, vehicle_current_value, vehicle_make, vehicle_model, vehicle_vin, vehicle_year, id) 
    values
        (?, ?, ?, ?, ?, ?, ?, ?, ?, ?, ?, ?, ?, ?)
2025-08-14 22:48:12 - Using 'application/json', given [*/*] and supported [application/json]
2025-08-14 22:48:12 - Writing [com.autoinsurance.quote.dto.QuoteResponseDto@20cdcd6e]
2025-08-14 22:48:12 - Set SecurityContextHolder to anonymous SecurityContext
2025-08-14 22:48:12 - Securing POST /api/v1/quotes
2025-08-14 22:48:12 - Secured POST /api/v1/quotes
2025-08-14 22:48:12 - Mapped to com.autoinsurance.quote.controller.QuoteController#createQuote(QuoteRequestDto)
2025-08-14 22:48:12 - Read "application/json;charset=UTF-8" to [com.autoinsurance.quote.dto.QuoteRequestDto@5bde4777]
2025-08-14 22:48:12 - 
    select
        q1_0.id,
        q1_0.coverage_amount,
        q1_0.created_at,
        q1_0.deductible,
        q1_0.monthly_premium,
        q1_0.premium,
        q1_0.primary_driver_license,
        q1_0.primary_driver_name,
        q1_0.valid_until,
        q1_0.vehicle_current_value,
        q1_0.vehicle_make,
        q1_0.vehicle_model,
        q1_0.vehicle_vin,
        q1_0.vehicle_year 
    from
        quotes q1_0 
    where
        q1_0.id=?
2025-08-14 22:48:12 - 
    insert 
    into
        quotes
        (coverage_amount, created_at, deductible, monthly_premium, premium, primary_driver_license, primary_driver_name, valid_until, vehicle_current_value, vehicle_make, vehicle_model, vehicle_vin, vehicle_year, id) 
    values
        (?, ?, ?, ?, ?, ?, ?, ?, ?, ?, ?, ?, ?, ?)
2025-08-14 22:48:12 - Using 'application/json', given [*/*] and supported [application/json]
2025-08-14 22:48:12 - Writing [com.autoinsurance.quote.dto.QuoteResponseDto@1e2ca1a1]
2025-08-14 22:48:12 - Set SecurityContextHolder to anonymous SecurityContext
2025-08-14 22:48:12 - Securing POST /api/v1/quotes
2025-08-14 22:48:12 - Secured POST /api/v1/quotes
2025-08-14 22:48:12 - Mapped to com.autoinsurance.quote.controller.QuoteController#createQuote(QuoteRequestDto)
2025-08-14 22:48:12 - Read "application/json;charset=UTF-8" to [com.autoinsurance.quote.dto.QuoteRequestDto@5935698]
2025-08-14 22:48:12 - 
    select
        q1_0.id,
        q1_0.coverage_amount,
        q1_0.created_at,
        q1_0.deductible,
        q1_0.monthly_premium,
        q1_0.premium,
        q1_0.primary_driver_license,
        q1_0.primary_driver_name,
        q1_0.valid_until,
        q1_0.vehicle_current_value,
        q1_0.vehicle_make,
        q1_0.vehicle_model,
        q1_0.vehicle_vin,
        q1_0.vehicle_year 
    from
        quotes q1_0 
    where
        q1_0.id=?
2025-08-14 22:48:12 - 
    insert 
    into
        quotes
        (coverage_amount, created_at, deductible, monthly_premium, premium, primary_driver_license, primary_driver_name, valid_until, vehicle_current_value, vehicle_make, vehicle_model, vehicle_vin, vehicle_year, id) 
    values
        (?, ?, ?, ?, ?, ?, ?, ?, ?, ?, ?, ?, ?, ?)
2025-08-14 22:48:12 - Using 'application/json', given [*/*] and supported [application/json]
2025-08-14 22:48:12 - Writing [com.autoinsurance.quote.dto.QuoteResponseDto@7233291c]
2025-08-14 22:48:12 - Set SecurityContextHolder to anonymous SecurityContext
2025-08-14 22:48:12 - Securing POST /api/v1/quotes
2025-08-14 22:48:12 - Secured POST /api/v1/quotes
2025-08-14 22:48:12 - Mapped to com.autoinsurance.quote.controller.QuoteController#createQuote(QuoteRequestDto)
2025-08-14 22:48:12 - Read "application/json;charset=UTF-8" to [com.autoinsurance.quote.dto.QuoteRequestDto@34c9c197]
2025-08-14 22:48:12 - 
    select
        q1_0.id,
        q1_0.coverage_amount,
        q1_0.created_at,
        q1_0.deductible,
        q1_0.monthly_premium,
        q1_0.premium,
        q1_0.primary_driver_license,
        q1_0.primary_driver_name,
        q1_0.valid_until,
        q1_0.vehicle_current_value,
        q1_0.vehicle_make,
        q1_0.vehicle_model,
        q1_0.vehicle_vin,
        q1_0.vehicle_year 
    from
        quotes q1_0 
    where
        q1_0.id=?
2025-08-14 22:48:12 - 
    insert 
    into
        quotes
        (coverage_amount, created_at, deductible, monthly_premium, premium, primary_driver_license, primary_driver_name, valid_until, vehicle_current_value, vehicle_make, vehicle_model, vehicle_vin, vehicle_year, id) 
    values
        (?, ?, ?, ?, ?, ?, ?, ?, ?, ?, ?, ?, ?, ?)
2025-08-14 22:48:12 - Using 'application/json', given [*/*] and supported [application/json]
2025-08-14 22:48:12 - Writing [com.autoinsurance.quote.dto.QuoteResponseDto@1ab64833]
2025-08-14 22:48:12 - Set SecurityContextHolder to anonymous SecurityContext
2025-08-14 22:48:12 - Securing POST /api/v1/quotes
2025-08-14 22:48:12 - Secured POST /api/v1/quotes
2025-08-14 22:48:12 - Mapped to com.autoinsurance.quote.controller.QuoteController#createQuote(QuoteRequestDto)
2025-08-14 22:48:12 - Read "application/json;charset=UTF-8" to [com.autoinsurance.quote.dto.QuoteRequestDto@161f3f39]
2025-08-14 22:48:12 - 
    select
        q1_0.id,
        q1_0.coverage_amount,
        q1_0.created_at,
        q1_0.deductible,
        q1_0.monthly_premium,
        q1_0.premium,
        q1_0.primary_driver_license,
        q1_0.primary_driver_name,
        q1_0.valid_until,
        q1_0.vehicle_current_value,
        q1_0.vehicle_make,
        q1_0.vehicle_model,
        q1_0.vehicle_vin,
        q1_0.vehicle_year 
    from
        quotes q1_0 
    where
        q1_0.id=?
2025-08-14 22:48:12 - 
    insert 
    into
        quotes
        (coverage_amount, created_at, deductible, monthly_premium, premium, primary_driver_license, primary_driver_name, valid_until, vehicle_current_value, vehicle_make, vehicle_model, vehicle_vin, vehicle_year, id) 
    values
        (?, ?, ?, ?, ?, ?, ?, ?, ?, ?, ?, ?, ?, ?)
2025-08-14 22:48:12 - Using 'application/json', given [*/*] and supported [application/json]
2025-08-14 22:48:12 - Writing [com.autoinsurance.quote.dto.QuoteResponseDto@3dd5273f]
2025-08-14 22:48:12 - Set SecurityContextHolder to anonymous SecurityContext
2025-08-14 22:48:12 - Securing POST /api/v1/quotes
2025-08-14 22:48:12 - Secured POST /api/v1/quotes
2025-08-14 22:48:12 - Mapped to com.autoinsurance.quote.controller.QuoteController#createQuote(QuoteRequestDto)
2025-08-14 22:48:12 - Read "application/json;charset=UTF-8" to [com.autoinsurance.quote.dto.QuoteRequestDto@9af43d3]
2025-08-14 22:48:12 - 
    select
        q1_0.id,
        q1_0.coverage_amount,
        q1_0.created_at,
        q1_0.deductible,
        q1_0.monthly_premium,
        q1_0.premium,
        q1_0.primary_driver_license,
        q1_0.primary_driver_name,
        q1_0.valid_until,
        q1_0.vehicle_current_value,
        q1_0.vehicle_make,
        q1_0.vehicle_model,
        q1_0.vehicle_vin,
        q1_0.vehicle_year 
    from
        quotes q1_0 
    where
        q1_0.id=?
2025-08-14 22:48:12 - 
    insert 
    into
        quotes
        (coverage_amount, created_at, deductible, monthly_premium, premium, primary_driver_license, primary_driver_name, valid_until, vehicle_current_value, vehicle_make, vehicle_model, vehicle_vin, vehicle_year, id) 
    values
        (?, ?, ?, ?, ?, ?, ?, ?, ?, ?, ?, ?, ?, ?)
2025-08-14 22:48:12 - Using 'application/json', given [*/*] and supported [application/json]
2025-08-14 22:48:12 - Writing [com.autoinsurance.quote.dto.QuoteResponseDto@784d57d8]
2025-08-14 22:48:12 - Set SecurityContextHolder to anonymous SecurityContext
2025-08-14 22:48:12 - Securing POST /api/v1/quotes
2025-08-14 22:48:12 - Secured POST /api/v1/quotes
2025-08-14 22:48:12 - Mapped to com.autoinsurance.quote.controller.QuoteController#createQuote(QuoteRequestDto)
2025-08-14 22:48:12 - Read "application/json;charset=UTF-8" to [com.autoinsurance.quote.dto.QuoteRequestDto@26bb5e63]
2025-08-14 22:48:12 - 
    select
        q1_0.id,
        q1_0.coverage_amount,
        q1_0.created_at,
        q1_0.deductible,
        q1_0.monthly_premium,
        q1_0.premium,
        q1_0.primary_driver_license,
        q1_0.primary_driver_name,
        q1_0.valid_until,
        q1_0.vehicle_current_value,
        q1_0.vehicle_make,
        q1_0.vehicle_model,
        q1_0.vehicle_vin,
        q1_0.vehicle_year 
    from
        quotes q1_0 
    where
        q1_0.id=?
2025-08-14 22:48:12 - 
    insert 
    into
        quotes
        (coverage_amount, created_at, deductible, monthly_premium, premium, primary_driver_license, primary_driver_name, valid_until, vehicle_current_value, vehicle_make, vehicle_model, vehicle_vin, vehicle_year, id) 
    values
        (?, ?, ?, ?, ?, ?, ?, ?, ?, ?, ?, ?, ?, ?)
2025-08-14 22:48:12 - Using 'application/json', given [*/*] and supported [application/json]
2025-08-14 22:48:12 - Writing [com.autoinsurance.quote.dto.QuoteResponseDto@70fc5eaf]
2025-08-14 22:48:12 - Set SecurityContextHolder to anonymous SecurityContext
2025-08-14 22:48:12 - Securing POST /api/v1/quotes
2025-08-14 22:48:12 - Secured POST /api/v1/quotes
2025-08-14 22:48:12 - Mapped to com.autoinsurance.quote.controller.QuoteController#createQuote(QuoteRequestDto)
2025-08-14 22:48:12 - Read "application/json;charset=UTF-8" to [com.autoinsurance.quote.dto.QuoteRequestDto@73c223a6]
2025-08-14 22:48:12 - 
    select
        q1_0.id,
        q1_0.coverage_amount,
        q1_0.created_at,
        q1_0.deductible,
        q1_0.monthly_premium,
        q1_0.premium,
        q1_0.primary_driver_license,
        q1_0.primary_driver_name,
        q1_0.valid_until,
        q1_0.vehicle_current_value,
        q1_0.vehicle_make,
        q1_0.vehicle_model,
        q1_0.vehicle_vin,
        q1_0.vehicle_year 
    from
        quotes q1_0 
    where
        q1_0.id=?
2025-08-14 22:48:12 - 
    insert 
    into
        quotes
        (coverage_amount, created_at, deductible, monthly_premium, premium, primary_driver_license, primary_driver_name, valid_until, vehicle_current_value, vehicle_make, vehicle_model, vehicle_vin, vehicle_year, id) 
    values
        (?, ?, ?, ?, ?, ?, ?, ?, ?, ?, ?, ?, ?, ?)
2025-08-14 22:48:12 - Using 'application/json', given [*/*] and supported [application/json]
2025-08-14 22:48:12 - Writing [com.autoinsurance.quote.dto.QuoteResponseDto@4d030188]
2025-08-14 22:48:12 - Set SecurityContextHolder to anonymous SecurityContext
2025-08-14 22:48:12 - Securing POST /api/v1/quotes
2025-08-14 22:48:12 - Secured POST /api/v1/quotes
2025-08-14 22:48:12 - Mapped to com.autoinsurance.quote.controller.QuoteController#createQuote(QuoteRequestDto)
2025-08-14 22:48:12 - Read "application/json;charset=UTF-8" to [com.autoinsurance.quote.dto.QuoteRequestDto@2044ad50]
2025-08-14 22:48:12 - 
    select
        q1_0.id,
        q1_0.coverage_amount,
        q1_0.created_at,
        q1_0.deductible,
        q1_0.monthly_premium,
        q1_0.premium,
        q1_0.primary_driver_license,
        q1_0.primary_driver_name,
        q1_0.valid_until,
        q1_0.vehicle_current_value,
        q1_0.vehicle_make,
        q1_0.vehicle_model,
        q1_0.vehicle_vin,
        q1_0.vehicle_year 
    from
        quotes q1_0 
    where
        q1_0.id=?
2025-08-14 22:48:12 - 
    insert 
    into
        quotes
        (coverage_amount, created_at, deductible, monthly_premium, premium, primary_driver_license, primary_driver_name, valid_until, vehicle_current_value, vehicle_make, vehicle_model, vehicle_vin, vehicle_year, id) 
    values
        (?, ?, ?, ?, ?, ?, ?, ?, ?, ?, ?, ?, ?, ?)
2025-08-14 22:48:12 - Using 'application/json', given [*/*] and supported [application/json]
2025-08-14 22:48:12 - Writing [com.autoinsurance.quote.dto.QuoteResponseDto@505b9124]
2025-08-14 22:48:12 - Set SecurityContextHolder to anonymous SecurityContext
2025-08-14 22:48:12 - Securing POST /api/v1/quotes
2025-08-14 22:48:12 - Secured POST /api/v1/quotes
2025-08-14 22:48:12 - Mapped to com.autoinsurance.quote.controller.QuoteController#createQuote(QuoteRequestDto)
2025-08-14 22:48:12 - Read "application/json;charset=UTF-8" to [com.autoinsurance.quote.dto.QuoteRequestDto@11a4445c]
2025-08-14 22:48:12 - 
    select
        q1_0.id,
        q1_0.coverage_amount,
        q1_0.created_at,
        q1_0.deductible,
        q1_0.monthly_premium,
        q1_0.premium,
        q1_0.primary_driver_license,
        q1_0.primary_driver_name,
        q1_0.valid_until,
        q1_0.vehicle_current_value,
        q1_0.vehicle_make,
        q1_0.vehicle_model,
        q1_0.vehicle_vin,
        q1_0.vehicle_year 
    from
        quotes q1_0 
    where
        q1_0.id=?
2025-08-14 22:48:12 - 
    insert 
    into
        quotes
        (coverage_amount, created_at, deductible, monthly_premium, premium, primary_driver_license, primary_driver_name, valid_until, vehicle_current_value, vehicle_make, vehicle_model, vehicle_vin, vehicle_year, id) 
    values
        (?, ?, ?, ?, ?, ?, ?, ?, ?, ?, ?, ?, ?, ?)
2025-08-14 22:48:12 - Using 'application/json', given [*/*] and supported [application/json]
2025-08-14 22:48:12 - Writing [com.autoinsurance.quote.dto.QuoteResponseDto@20e08c7c]
2025-08-14 22:48:12 - Set SecurityContextHolder to anonymous SecurityContext
2025-08-14 22:48:13 - Securing POST /api/v1/quotes
2025-08-14 22:48:13 - Secured POST /api/v1/quotes
2025-08-14 22:48:13 - Mapped to com.autoinsurance.quote.controller.QuoteController#createQuote(QuoteRequestDto)
2025-08-14 22:48:13 - Read "application/json;charset=UTF-8" to [com.autoinsurance.quote.dto.QuoteRequestDto@6601e58c]
2025-08-14 22:48:13 - 
    select
        q1_0.id,
        q1_0.coverage_amount,
        q1_0.created_at,
        q1_0.deductible,
        q1_0.monthly_premium,
        q1_0.premium,
        q1_0.primary_driver_license,
        q1_0.primary_driver_name,
        q1_0.valid_until,
        q1_0.vehicle_current_value,
        q1_0.vehicle_make,
        q1_0.vehicle_model,
        q1_0.vehicle_vin,
        q1_0.vehicle_year 
    from
        quotes q1_0 
    where
        q1_0.id=?
2025-08-14 22:48:13 - 
    insert 
    into
        quotes
        (coverage_amount, created_at, deductible, monthly_premium, premium, primary_driver_license, primary_driver_name, valid_until, vehicle_current_value, vehicle_make, vehicle_model, vehicle_vin, vehicle_year, id) 
    values
        (?, ?, ?, ?, ?, ?, ?, ?, ?, ?, ?, ?, ?, ?)
2025-08-14 22:48:13 - Using 'application/json', given [*/*] and supported [application/json]
2025-08-14 22:48:13 - Writing [com.autoinsurance.quote.dto.QuoteResponseDto@272e092]
2025-08-14 22:48:13 - Set SecurityContextHolder to anonymous SecurityContext
2025-08-14 22:48:13 - Securing POST /api/v1/quotes
2025-08-14 22:48:13 - Secured POST /api/v1/quotes
2025-08-14 22:48:13 - Mapped to com.autoinsurance.quote.controller.QuoteController#createQuote(QuoteRequestDto)
2025-08-14 22:48:13 - Read "application/json;charset=UTF-8" to [com.autoinsurance.quote.dto.QuoteRequestDto@445c1a62]
2025-08-14 22:48:13 - 
    select
        q1_0.id,
        q1_0.coverage_amount,
        q1_0.created_at,
        q1_0.deductible,
        q1_0.monthly_premium,
        q1_0.premium,
        q1_0.primary_driver_license,
        q1_0.primary_driver_name,
        q1_0.valid_until,
        q1_0.vehicle_current_value,
        q1_0.vehicle_make,
        q1_0.vehicle_model,
        q1_0.vehicle_vin,
        q1_0.vehicle_year 
    from
        quotes q1_0 
    where
        q1_0.id=?
2025-08-14 22:48:13 - 
    insert 
    into
        quotes
        (coverage_amount, created_at, deductible, monthly_premium, premium, primary_driver_license, primary_driver_name, valid_until, vehicle_current_value, vehicle_make, vehicle_model, vehicle_vin, vehicle_year, id) 
    values
        (?, ?, ?, ?, ?, ?, ?, ?, ?, ?, ?, ?, ?, ?)
2025-08-14 22:48:13 - Using 'application/json', given [*/*] and supported [application/json]
2025-08-14 22:48:13 - Writing [com.autoinsurance.quote.dto.QuoteResponseDto@43d303c3]
2025-08-14 22:48:13 - Set SecurityContextHolder to anonymous SecurityContext
2025-08-14 22:48:13 - Securing POST /api/v1/quotes
2025-08-14 22:48:13 - Secured POST /api/v1/quotes
2025-08-14 22:48:13 - Mapped to com.autoinsurance.quote.controller.QuoteController#createQuote(QuoteRequestDto)
2025-08-14 22:48:13 - Read "application/json;charset=UTF-8" to [com.autoinsurance.quote.dto.QuoteRequestDto@267cc9c0]
2025-08-14 22:48:13 - 
    select
        q1_0.id,
        q1_0.coverage_amount,
        q1_0.created_at,
        q1_0.deductible,
        q1_0.monthly_premium,
        q1_0.premium,
        q1_0.primary_driver_license,
        q1_0.primary_driver_name,
        q1_0.valid_until,
        q1_0.vehicle_current_value,
        q1_0.vehicle_make,
        q1_0.vehicle_model,
        q1_0.vehicle_vin,
        q1_0.vehicle_year 
    from
        quotes q1_0 
    where
        q1_0.id=?
2025-08-14 22:48:13 - 
    insert 
    into
        quotes
        (coverage_amount, created_at, deductible, monthly_premium, premium, primary_driver_license, primary_driver_name, valid_until, vehicle_current_value, vehicle_make, vehicle_model, vehicle_vin, vehicle_year, id) 
    values
        (?, ?, ?, ?, ?, ?, ?, ?, ?, ?, ?, ?, ?, ?)
2025-08-14 22:48:13 - Using 'application/json', given [*/*] and supported [application/json]
2025-08-14 22:48:13 - Writing [com.autoinsurance.quote.dto.QuoteResponseDto@601c621]
2025-08-14 22:48:13 - Set SecurityContextHolder to anonymous SecurityContext
2025-08-14 22:48:13 - Securing POST /api/v1/quotes
2025-08-14 22:48:13 - Secured POST /api/v1/quotes
2025-08-14 22:48:13 - Mapped to com.autoinsurance.quote.controller.QuoteController#createQuote(QuoteRequestDto)
2025-08-14 22:48:13 - Read "application/json;charset=UTF-8" to [com.autoinsurance.quote.dto.QuoteRequestDto@480ff5e7]
2025-08-14 22:48:13 - 
    select
        q1_0.id,
        q1_0.coverage_amount,
        q1_0.created_at,
        q1_0.deductible,
        q1_0.monthly_premium,
        q1_0.premium,
        q1_0.primary_driver_license,
        q1_0.primary_driver_name,
        q1_0.valid_until,
        q1_0.vehicle_current_value,
        q1_0.vehicle_make,
        q1_0.vehicle_model,
        q1_0.vehicle_vin,
        q1_0.vehicle_year 
    from
        quotes q1_0 
    where
        q1_0.id=?
2025-08-14 22:48:13 - 
    insert 
    into
        quotes
        (coverage_amount, created_at, deductible, monthly_premium, premium, primary_driver_license, primary_driver_name, valid_until, vehicle_current_value, vehicle_make, vehicle_model, vehicle_vin, vehicle_year, id) 
    values
        (?, ?, ?, ?, ?, ?, ?, ?, ?, ?, ?, ?, ?, ?)
2025-08-14 22:48:13 - Using 'application/json', given [*/*] and supported [application/json]
2025-08-14 22:48:13 - Writing [com.autoinsurance.quote.dto.QuoteResponseDto@4723484e]
2025-08-14 22:48:13 - Set SecurityContextHolder to anonymous SecurityContext
2025-08-14 22:48:13 - Securing POST /api/v1/quotes
2025-08-14 22:48:13 - Secured POST /api/v1/quotes
2025-08-14 22:48:13 - Mapped to com.autoinsurance.quote.controller.QuoteController#createQuote(QuoteRequestDto)
2025-08-14 22:48:13 - Read "application/json;charset=UTF-8" to [com.autoinsurance.quote.dto.QuoteRequestDto@2d07621e]
2025-08-14 22:48:13 - 
    select
        q1_0.id,
        q1_0.coverage_amount,
        q1_0.created_at,
        q1_0.deductible,
        q1_0.monthly_premium,
        q1_0.premium,
        q1_0.primary_driver_license,
        q1_0.primary_driver_name,
        q1_0.valid_until,
        q1_0.vehicle_current_value,
        q1_0.vehicle_make,
        q1_0.vehicle_model,
        q1_0.vehicle_vin,
        q1_0.vehicle_year 
    from
        quotes q1_0 
    where
        q1_0.id=?
2025-08-14 22:48:13 - 
    insert 
    into
        quotes
        (coverage_amount, created_at, deductible, monthly_premium, premium, primary_driver_license, primary_driver_name, valid_until, vehicle_current_value, vehicle_make, vehicle_model, vehicle_vin, vehicle_year, id) 
    values
        (?, ?, ?, ?, ?, ?, ?, ?, ?, ?, ?, ?, ?, ?)
2025-08-14 22:48:13 - Using 'application/json', given [*/*] and supported [application/json]
2025-08-14 22:48:13 - Writing [com.autoinsurance.quote.dto.QuoteResponseDto@1ef5acc3]
2025-08-14 22:48:13 - Set SecurityContextHolder to anonymous SecurityContext
2025-08-14 22:48:13 - Securing POST /api/v1/quotes
2025-08-14 22:48:13 - Secured POST /api/v1/quotes
2025-08-14 22:48:13 - Mapped to com.autoinsurance.quote.controller.QuoteController#createQuote(QuoteRequestDto)
2025-08-14 22:48:13 - Read "application/json;charset=UTF-8" to [com.autoinsurance.quote.dto.QuoteRequestDto@5a131324]
2025-08-14 22:48:13 - 
    select
        q1_0.id,
        q1_0.coverage_amount,
        q1_0.created_at,
        q1_0.deductible,
        q1_0.monthly_premium,
        q1_0.premium,
        q1_0.primary_driver_license,
        q1_0.primary_driver_name,
        q1_0.valid_until,
        q1_0.vehicle_current_value,
        q1_0.vehicle_make,
        q1_0.vehicle_model,
        q1_0.vehicle_vin,
        q1_0.vehicle_year 
    from
        quotes q1_0 
    where
        q1_0.id=?
2025-08-14 22:48:13 - 
    insert 
    into
        quotes
        (coverage_amount, created_at, deductible, monthly_premium, premium, primary_driver_license, primary_driver_name, valid_until, vehicle_current_value, vehicle_make, vehicle_model, vehicle_vin, vehicle_year, id) 
    values
        (?, ?, ?, ?, ?, ?, ?, ?, ?, ?, ?, ?, ?, ?)
2025-08-14 22:48:13 - Using 'application/json', given [*/*] and supported [application/json]
2025-08-14 22:48:13 - Writing [com.autoinsurance.quote.dto.QuoteResponseDto@72a6b16b]
2025-08-14 22:48:13 - Set SecurityContextHolder to anonymous SecurityContext
2025-08-14 22:48:13 - Securing POST /api/v1/quotes
2025-08-14 22:48:13 - Secured POST /api/v1/quotes
2025-08-14 22:48:13 - Mapped to com.autoinsurance.quote.controller.QuoteController#createQuote(QuoteRequestDto)
2025-08-14 22:48:13 - Read "application/json;charset=UTF-8" to [com.autoinsurance.quote.dto.QuoteRequestDto@16a274ac]
2025-08-14 22:48:13 - 
    select
        q1_0.id,
        q1_0.coverage_amount,
        q1_0.created_at,
        q1_0.deductible,
        q1_0.monthly_premium,
        q1_0.premium,
        q1_0.primary_driver_license,
        q1_0.primary_driver_name,
        q1_0.valid_until,
        q1_0.vehicle_current_value,
        q1_0.vehicle_make,
        q1_0.vehicle_model,
        q1_0.vehicle_vin,
        q1_0.vehicle_year 
    from
        quotes q1_0 
    where
        q1_0.id=?
2025-08-14 22:48:13 - 
    insert 
    into
        quotes
        (coverage_amount, created_at, deductible, monthly_premium, premium, primary_driver_license, primary_driver_name, valid_until, vehicle_current_value, vehicle_make, vehicle_model, vehicle_vin, vehicle_year, id) 
    values
        (?, ?, ?, ?, ?, ?, ?, ?, ?, ?, ?, ?, ?, ?)
2025-08-14 22:48:13 - Using 'application/json', given [*/*] and supported [application/json]
2025-08-14 22:48:13 - Writing [com.autoinsurance.quote.dto.QuoteResponseDto@27883d45]
2025-08-14 22:48:13 - Set SecurityContextHolder to anonymous SecurityContext
2025-08-14 22:48:13 - Securing POST /api/v1/quotes
2025-08-14 22:48:13 - Secured POST /api/v1/quotes
2025-08-14 22:48:13 - Mapped to com.autoinsurance.quote.controller.QuoteController#createQuote(QuoteRequestDto)
2025-08-14 22:48:13 - Read "application/json;charset=UTF-8" to [com.autoinsurance.quote.dto.QuoteRequestDto@33f51f3b]
2025-08-14 22:48:13 - 
    select
        q1_0.id,
        q1_0.coverage_amount,
        q1_0.created_at,
        q1_0.deductible,
        q1_0.monthly_premium,
        q1_0.premium,
        q1_0.primary_driver_license,
        q1_0.primary_driver_name,
        q1_0.valid_until,
        q1_0.vehicle_current_value,
        q1_0.vehicle_make,
        q1_0.vehicle_model,
        q1_0.vehicle_vin,
        q1_0.vehicle_year 
    from
        quotes q1_0 
    where
        q1_0.id=?
2025-08-14 22:48:13 - 
    insert 
    into
        quotes
        (coverage_amount, created_at, deductible, monthly_premium, premium, primary_driver_license, primary_driver_name, valid_until, vehicle_current_value, vehicle_make, vehicle_model, vehicle_vin, vehicle_year, id) 
    values
        (?, ?, ?, ?, ?, ?, ?, ?, ?, ?, ?, ?, ?, ?)
2025-08-14 22:48:13 - Using 'application/json', given [*/*] and supported [application/json]
2025-08-14 22:48:13 - Writing [com.autoinsurance.quote.dto.QuoteResponseDto@7a6cc396]
2025-08-14 22:48:13 - Set SecurityContextHolder to anonymous SecurityContext
2025-08-14 22:48:13 - Securing POST /api/v1/quotes
2025-08-14 22:48:13 - Secured POST /api/v1/quotes
2025-08-14 22:48:13 - Mapped to com.autoinsurance.quote.controller.QuoteController#createQuote(QuoteRequestDto)
2025-08-14 22:48:13 - Read "application/json;charset=UTF-8" to [com.autoinsurance.quote.dto.QuoteRequestDto@2c8d9090]
2025-08-14 22:48:13 - 
    select
        q1_0.id,
        q1_0.coverage_amount,
        q1_0.created_at,
        q1_0.deductible,
        q1_0.monthly_premium,
        q1_0.premium,
        q1_0.primary_driver_license,
        q1_0.primary_driver_name,
        q1_0.valid_until,
        q1_0.vehicle_current_value,
        q1_0.vehicle_make,
        q1_0.vehicle_model,
        q1_0.vehicle_vin,
        q1_0.vehicle_year 
    from
        quotes q1_0 
    where
        q1_0.id=?
2025-08-14 22:48:13 - 
    insert 
    into
        quotes
        (coverage_amount, created_at, deductible, monthly_premium, premium, primary_driver_license, primary_driver_name, valid_until, vehicle_current_value, vehicle_make, vehicle_model, vehicle_vin, vehicle_year, id) 
    values
        (?, ?, ?, ?, ?, ?, ?, ?, ?, ?, ?, ?, ?, ?)
2025-08-14 22:48:13 - Using 'application/json', given [*/*] and supported [application/json]
2025-08-14 22:48:13 - Writing [com.autoinsurance.quote.dto.QuoteResponseDto@256bc23e]
2025-08-14 22:48:13 - Set SecurityContextHolder to anonymous SecurityContext
2025-08-14 22:48:13 - Securing POST /api/v1/quotes
2025-08-14 22:48:13 - Secured POST /api/v1/quotes
2025-08-14 22:48:13 - Mapped to com.autoinsurance.quote.controller.QuoteController#createQuote(QuoteRequestDto)
2025-08-14 22:48:13 - Read "application/json;charset=UTF-8" to [com.autoinsurance.quote.dto.QuoteRequestDto@41d801a4]
2025-08-14 22:48:13 - 
    select
        q1_0.id,
        q1_0.coverage_amount,
        q1_0.created_at,
        q1_0.deductible,
        q1_0.monthly_premium,
        q1_0.premium,
        q1_0.primary_driver_license,
        q1_0.primary_driver_name,
        q1_0.valid_until,
        q1_0.vehicle_current_value,
        q1_0.vehicle_make,
        q1_0.vehicle_model,
        q1_0.vehicle_vin,
        q1_0.vehicle_year 
    from
        quotes q1_0 
    where
        q1_0.id=?
2025-08-14 22:48:13 - 
    insert 
    into
        quotes
        (coverage_amount, created_at, deductible, monthly_premium, premium, primary_driver_license, primary_driver_name, valid_until, vehicle_current_value, vehicle_make, vehicle_model, vehicle_vin, vehicle_year, id) 
    values
        (?, ?, ?, ?, ?, ?, ?, ?, ?, ?, ?, ?, ?, ?)
2025-08-14 22:48:13 - Using 'application/json', given [*/*] and supported [application/json]
2025-08-14 22:48:13 - Writing [com.autoinsurance.quote.dto.QuoteResponseDto@170967a2]
2025-08-14 22:48:13 - Set SecurityContextHolder to anonymous SecurityContext
2025-08-14 22:48:14 - Securing POST /api/v1/quotes
2025-08-14 22:48:14 - Secured POST /api/v1/quotes
2025-08-14 22:48:14 - Mapped to com.autoinsurance.quote.controller.QuoteController#createQuote(QuoteRequestDto)
2025-08-14 22:48:14 - Read "application/json;charset=UTF-8" to [com.autoinsurance.quote.dto.QuoteRequestDto@20335c38]
2025-08-14 22:48:14 - 
    select
        q1_0.id,
        q1_0.coverage_amount,
        q1_0.created_at,
        q1_0.deductible,
        q1_0.monthly_premium,
        q1_0.premium,
        q1_0.primary_driver_license,
        q1_0.primary_driver_name,
        q1_0.valid_until,
        q1_0.vehicle_current_value,
        q1_0.vehicle_make,
        q1_0.vehicle_model,
        q1_0.vehicle_vin,
        q1_0.vehicle_year 
    from
        quotes q1_0 
    where
        q1_0.id=?
2025-08-14 22:48:14 - 
    insert 
    into
        quotes
        (coverage_amount, created_at, deductible, monthly_premium, premium, primary_driver_license, primary_driver_name, valid_until, vehicle_current_value, vehicle_make, vehicle_model, vehicle_vin, vehicle_year, id) 
    values
        (?, ?, ?, ?, ?, ?, ?, ?, ?, ?, ?, ?, ?, ?)
2025-08-14 22:48:14 - Using 'application/json', given [*/*] and supported [application/json]
2025-08-14 22:48:14 - Writing [com.autoinsurance.quote.dto.QuoteResponseDto@33ff678b]
2025-08-14 22:48:14 - Set SecurityContextHolder to anonymous SecurityContext
2025-08-14 22:48:14 - Securing POST /api/v1/quotes
2025-08-14 22:48:14 - Secured POST /api/v1/quotes
2025-08-14 22:48:14 - Mapped to com.autoinsurance.quote.controller.QuoteController#createQuote(QuoteRequestDto)
2025-08-14 22:48:14 - Read "application/json;charset=UTF-8" to [com.autoinsurance.quote.dto.QuoteRequestDto@77976531]
2025-08-14 22:48:14 - 
    select
        q1_0.id,
        q1_0.coverage_amount,
        q1_0.created_at,
        q1_0.deductible,
        q1_0.monthly_premium,
        q1_0.premium,
        q1_0.primary_driver_license,
        q1_0.primary_driver_name,
        q1_0.valid_until,
        q1_0.vehicle_current_value,
        q1_0.vehicle_make,
        q1_0.vehicle_model,
        q1_0.vehicle_vin,
        q1_0.vehicle_year 
    from
        quotes q1_0 
    where
        q1_0.id=?
2025-08-14 22:48:14 - 
    insert 
    into
        quotes
        (coverage_amount, created_at, deductible, monthly_premium, premium, primary_driver_license, primary_driver_name, valid_until, vehicle_current_value, vehicle_make, vehicle_model, vehicle_vin, vehicle_year, id) 
    values
        (?, ?, ?, ?, ?, ?, ?, ?, ?, ?, ?, ?, ?, ?)
2025-08-14 22:48:14 - Using 'application/json', given [*/*] and supported [application/json]
2025-08-14 22:48:14 - Writing [com.autoinsurance.quote.dto.QuoteResponseDto@647cad39]
2025-08-14 22:48:14 - Set SecurityContextHolder to anonymous SecurityContext
2025-08-14 22:48:14 - Securing POST /api/v1/quotes
2025-08-14 22:48:14 - Secured POST /api/v1/quotes
2025-08-14 22:48:14 - Mapped to com.autoinsurance.quote.controller.QuoteController#createQuote(QuoteRequestDto)
2025-08-14 22:48:14 - Read "application/json;charset=UTF-8" to [com.autoinsurance.quote.dto.QuoteRequestDto@4d6f2eef]
2025-08-14 22:48:14 - 
    select
        q1_0.id,
        q1_0.coverage_amount,
        q1_0.created_at,
        q1_0.deductible,
        q1_0.monthly_premium,
        q1_0.premium,
        q1_0.primary_driver_license,
        q1_0.primary_driver_name,
        q1_0.valid_until,
        q1_0.vehicle_current_value,
        q1_0.vehicle_make,
        q1_0.vehicle_model,
        q1_0.vehicle_vin,
        q1_0.vehicle_year 
    from
        quotes q1_0 
    where
        q1_0.id=?
2025-08-14 22:48:14 - 
    insert 
    into
        quotes
        (coverage_amount, created_at, deductible, monthly_premium, premium, primary_driver_license, primary_driver_name, valid_until, vehicle_current_value, vehicle_make, vehicle_model, vehicle_vin, vehicle_year, id) 
    values
        (?, ?, ?, ?, ?, ?, ?, ?, ?, ?, ?, ?, ?, ?)
2025-08-14 22:48:14 - Using 'application/json', given [*/*] and supported [application/json]
2025-08-14 22:48:14 - Writing [com.autoinsurance.quote.dto.QuoteResponseDto@56721b56]
2025-08-14 22:48:14 - Set SecurityContextHolder to anonymous SecurityContext
2025-08-14 22:48:14 - Securing POST /api/v1/quotes
2025-08-14 22:48:14 - Secured POST /api/v1/quotes
2025-08-14 22:48:14 - Mapped to com.autoinsurance.quote.controller.QuoteController#createQuote(QuoteRequestDto)
2025-08-14 22:48:14 - Read "application/json;charset=UTF-8" to [com.autoinsurance.quote.dto.QuoteRequestDto@628e278f]
2025-08-14 22:48:14 - 
    select
        q1_0.id,
        q1_0.coverage_amount,
        q1_0.created_at,
        q1_0.deductible,
        q1_0.monthly_premium,
        q1_0.premium,
        q1_0.primary_driver_license,
        q1_0.primary_driver_name,
        q1_0.valid_until,
        q1_0.vehicle_current_value,
        q1_0.vehicle_make,
        q1_0.vehicle_model,
        q1_0.vehicle_vin,
        q1_0.vehicle_year 
    from
        quotes q1_0 
    where
        q1_0.id=?
2025-08-14 22:48:14 - 
    insert 
    into
        quotes
        (coverage_amount, created_at, deductible, monthly_premium, premium, primary_driver_license, primary_driver_name, valid_until, vehicle_current_value, vehicle_make, vehicle_model, vehicle_vin, vehicle_year, id) 
    values
        (?, ?, ?, ?, ?, ?, ?, ?, ?, ?, ?, ?, ?, ?)
2025-08-14 22:48:14 - Using 'application/json', given [*/*] and supported [application/json]
2025-08-14 22:48:14 - Writing [com.autoinsurance.quote.dto.QuoteResponseDto@e8066c8]
2025-08-14 22:48:14 - Set SecurityContextHolder to anonymous SecurityContext
2025-08-14 22:48:14 - Securing POST /api/v1/quotes
2025-08-14 22:48:14 - Secured POST /api/v1/quotes
2025-08-14 22:48:14 - Mapped to com.autoinsurance.quote.controller.QuoteController#createQuote(QuoteRequestDto)
2025-08-14 22:48:14 - Read "application/json;charset=UTF-8" to [com.autoinsurance.quote.dto.QuoteRequestDto@357ccef0]
2025-08-14 22:48:14 - 
    select
        q1_0.id,
        q1_0.coverage_amount,
        q1_0.created_at,
        q1_0.deductible,
        q1_0.monthly_premium,
        q1_0.premium,
        q1_0.primary_driver_license,
        q1_0.primary_driver_name,
        q1_0.valid_until,
        q1_0.vehicle_current_value,
        q1_0.vehicle_make,
        q1_0.vehicle_model,
        q1_0.vehicle_vin,
        q1_0.vehicle_year 
    from
        quotes q1_0 
    where
        q1_0.id=?
2025-08-14 22:48:14 - 
    insert 
    into
        quotes
        (coverage_amount, created_at, deductible, monthly_premium, premium, primary_driver_license, primary_driver_name, valid_until, vehicle_current_value, vehicle_make, vehicle_model, vehicle_vin, vehicle_year, id) 
    values
        (?, ?, ?, ?, ?, ?, ?, ?, ?, ?, ?, ?, ?, ?)
2025-08-14 22:48:14 - Using 'application/json', given [*/*] and supported [application/json]
2025-08-14 22:48:14 - Writing [com.autoinsurance.quote.dto.QuoteResponseDto@6e44f101]
2025-08-14 22:48:14 - Set SecurityContextHolder to anonymous SecurityContext
2025-08-14 22:48:14 - Securing POST /api/v1/quotes
2025-08-14 22:48:14 - Secured POST /api/v1/quotes
2025-08-14 22:48:14 - Mapped to com.autoinsurance.quote.controller.QuoteController#createQuote(QuoteRequestDto)
2025-08-14 22:48:14 - Read "application/json;charset=UTF-8" to [com.autoinsurance.quote.dto.QuoteRequestDto@4c466d0b]
2025-08-14 22:48:14 - 
    select
        q1_0.id,
        q1_0.coverage_amount,
        q1_0.created_at,
        q1_0.deductible,
        q1_0.monthly_premium,
        q1_0.premium,
        q1_0.primary_driver_license,
        q1_0.primary_driver_name,
        q1_0.valid_until,
        q1_0.vehicle_current_value,
        q1_0.vehicle_make,
        q1_0.vehicle_model,
        q1_0.vehicle_vin,
        q1_0.vehicle_year 
    from
        quotes q1_0 
    where
        q1_0.id=?
2025-08-14 22:48:14 - 
    insert 
    into
        quotes
        (coverage_amount, created_at, deductible, monthly_premium, premium, primary_driver_license, primary_driver_name, valid_until, vehicle_current_value, vehicle_make, vehicle_model, vehicle_vin, vehicle_year, id) 
    values
        (?, ?, ?, ?, ?, ?, ?, ?, ?, ?, ?, ?, ?, ?)
2025-08-14 22:48:14 - Using 'application/json', given [*/*] and supported [application/json]
2025-08-14 22:48:14 - Writing [com.autoinsurance.quote.dto.QuoteResponseDto@4fc2f522]
2025-08-14 22:48:14 - Set SecurityContextHolder to anonymous SecurityContext
2025-08-14 22:48:14 - Securing POST /api/v1/quotes
2025-08-14 22:48:14 - Secured POST /api/v1/quotes
2025-08-14 22:48:14 - Mapped to com.autoinsurance.quote.controller.QuoteController#createQuote(QuoteRequestDto)
2025-08-14 22:48:14 - Read "application/json;charset=UTF-8" to [com.autoinsurance.quote.dto.QuoteRequestDto@655fd59d]
2025-08-14 22:48:14 - 
    select
        q1_0.id,
        q1_0.coverage_amount,
        q1_0.created_at,
        q1_0.deductible,
        q1_0.monthly_premium,
        q1_0.premium,
        q1_0.primary_driver_license,
        q1_0.primary_driver_name,
        q1_0.valid_until,
        q1_0.vehicle_current_value,
        q1_0.vehicle_make,
        q1_0.vehicle_model,
        q1_0.vehicle_vin,
        q1_0.vehicle_year 
    from
        quotes q1_0 
    where
        q1_0.id=?
2025-08-14 22:48:14 - 
    insert 
    into
        quotes
        (coverage_amount, created_at, deductible, monthly_premium, premium, primary_driver_license, primary_driver_name, valid_until, vehicle_current_value, vehicle_make, vehicle_model, vehicle_vin, vehicle_year, id) 
    values
        (?, ?, ?, ?, ?, ?, ?, ?, ?, ?, ?, ?, ?, ?)
2025-08-14 22:48:14 - Using 'application/json', given [*/*] and supported [application/json]
2025-08-14 22:48:14 - Writing [com.autoinsurance.quote.dto.QuoteResponseDto@66a135d4]
2025-08-14 22:48:14 - Set SecurityContextHolder to anonymous SecurityContext
2025-08-14 22:48:14 - Securing POST /api/v1/quotes
2025-08-14 22:48:14 - Secured POST /api/v1/quotes
2025-08-14 22:48:14 - Mapped to com.autoinsurance.quote.controller.QuoteController#createQuote(QuoteRequestDto)
2025-08-14 22:48:14 - Read "application/json;charset=UTF-8" to [com.autoinsurance.quote.dto.QuoteRequestDto@3121883f]
2025-08-14 22:48:14 - 
    select
        q1_0.id,
        q1_0.coverage_amount,
        q1_0.created_at,
        q1_0.deductible,
        q1_0.monthly_premium,
        q1_0.premium,
        q1_0.primary_driver_license,
        q1_0.primary_driver_name,
        q1_0.valid_until,
        q1_0.vehicle_current_value,
        q1_0.vehicle_make,
        q1_0.vehicle_model,
        q1_0.vehicle_vin,
        q1_0.vehicle_year 
    from
        quotes q1_0 
    where
        q1_0.id=?
2025-08-14 22:48:14 - 
    insert 
    into
        quotes
        (coverage_amount, created_at, deductible, monthly_premium, premium, primary_driver_license, primary_driver_name, valid_until, vehicle_current_value, vehicle_make, vehicle_model, vehicle_vin, vehicle_year, id) 
    values
        (?, ?, ?, ?, ?, ?, ?, ?, ?, ?, ?, ?, ?, ?)
2025-08-14 22:48:14 - Using 'application/json', given [*/*] and supported [application/json]
2025-08-14 22:48:14 - Writing [com.autoinsurance.quote.dto.QuoteResponseDto@7cfcddb9]
2025-08-14 22:48:14 - Set SecurityContextHolder to anonymous SecurityContext
2025-08-14 22:48:14 - Securing POST /api/v1/quotes
2025-08-14 22:48:14 - Secured POST /api/v1/quotes
2025-08-14 22:48:14 - Mapped to com.autoinsurance.quote.controller.QuoteController#createQuote(QuoteRequestDto)
2025-08-14 22:48:14 - Read "application/json;charset=UTF-8" to [com.autoinsurance.quote.dto.QuoteRequestDto@390df656]
2025-08-14 22:48:14 - 
    select
        q1_0.id,
        q1_0.coverage_amount,
        q1_0.created_at,
        q1_0.deductible,
        q1_0.monthly_premium,
        q1_0.premium,
        q1_0.primary_driver_license,
        q1_0.primary_driver_name,
        q1_0.valid_until,
        q1_0.vehicle_current_value,
        q1_0.vehicle_make,
        q1_0.vehicle_model,
        q1_0.vehicle_vin,
        q1_0.vehicle_year 
    from
        quotes q1_0 
    where
        q1_0.id=?
2025-08-14 22:48:14 - 
    insert 
    into
        quotes
        (coverage_amount, created_at, deductible, monthly_premium, premium, primary_driver_license, primary_driver_name, valid_until, vehicle_current_value, vehicle_make, vehicle_model, vehicle_vin, vehicle_year, id) 
    values
        (?, ?, ?, ?, ?, ?, ?, ?, ?, ?, ?, ?, ?, ?)
2025-08-14 22:48:14 - Using 'application/json', given [*/*] and supported [application/json]
2025-08-14 22:48:14 - Writing [com.autoinsurance.quote.dto.QuoteResponseDto@d118f30]
2025-08-14 22:48:14 - Set SecurityContextHolder to anonymous SecurityContext
2025-08-14 22:48:14 - Securing POST /api/v1/quotes
2025-08-14 22:48:14 - Secured POST /api/v1/quotes
2025-08-14 22:48:14 - Mapped to com.autoinsurance.quote.controller.QuoteController#createQuote(QuoteRequestDto)
2025-08-14 22:48:14 - Read "application/json;charset=UTF-8" to [com.autoinsurance.quote.dto.QuoteRequestDto@4968546c]
2025-08-14 22:48:14 - 
    select
        q1_0.id,
        q1_0.coverage_amount,
        q1_0.created_at,
        q1_0.deductible,
        q1_0.monthly_premium,
        q1_0.premium,
        q1_0.primary_driver_license,
        q1_0.primary_driver_name,
        q1_0.valid_until,
        q1_0.vehicle_current_value,
        q1_0.vehicle_make,
        q1_0.vehicle_model,
        q1_0.vehicle_vin,
        q1_0.vehicle_year 
    from
        quotes q1_0 
    where
        q1_0.id=?
2025-08-14 22:48:14 - 
    insert 
    into
        quotes
        (coverage_amount, created_at, deductible, monthly_premium, premium, primary_driver_license, primary_driver_name, valid_until, vehicle_current_value, vehicle_make, vehicle_model, vehicle_vin, vehicle_year, id) 
    values
        (?, ?, ?, ?, ?, ?, ?, ?, ?, ?, ?, ?, ?, ?)
2025-08-14 22:48:14 - Using 'application/json', given [*/*] and supported [application/json]
2025-08-14 22:48:14 - Writing [com.autoinsurance.quote.dto.QuoteResponseDto@733617cf]
2025-08-14 22:48:14 - Set SecurityContextHolder to anonymous SecurityContext
2025-08-14 22:48:15 - Securing POST /api/v1/quotes
2025-08-14 22:48:15 - Secured POST /api/v1/quotes
2025-08-14 22:48:15 - Mapped to com.autoinsurance.quote.controller.QuoteController#createQuote(QuoteRequestDto)
2025-08-14 22:48:15 - Read "application/json;charset=UTF-8" to [com.autoinsurance.quote.dto.QuoteRequestDto@12ce3500]
2025-08-14 22:48:15 - 
    select
        q1_0.id,
        q1_0.coverage_amount,
        q1_0.created_at,
        q1_0.deductible,
        q1_0.monthly_premium,
        q1_0.premium,
        q1_0.primary_driver_license,
        q1_0.primary_driver_name,
        q1_0.valid_until,
        q1_0.vehicle_current_value,
        q1_0.vehicle_make,
        q1_0.vehicle_model,
        q1_0.vehicle_vin,
        q1_0.vehicle_year 
    from
        quotes q1_0 
    where
        q1_0.id=?
2025-08-14 22:48:15 - 
    insert 
    into
        quotes
        (coverage_amount, created_at, deductible, monthly_premium, premium, primary_driver_license, primary_driver_name, valid_until, vehicle_current_value, vehicle_make, vehicle_model, vehicle_vin, vehicle_year, id) 
    values
        (?, ?, ?, ?, ?, ?, ?, ?, ?, ?, ?, ?, ?, ?)
2025-08-14 22:48:15 - Using 'application/json', given [*/*] and supported [application/json]
2025-08-14 22:48:15 - Writing [com.autoinsurance.quote.dto.QuoteResponseDto@4f358026]
2025-08-14 22:48:15 - Set SecurityContextHolder to anonymous SecurityContext
2025-08-14 22:48:15 - Securing POST /api/v1/quotes
2025-08-14 22:48:15 - Secured POST /api/v1/quotes
2025-08-14 22:48:15 - Mapped to com.autoinsurance.quote.controller.QuoteController#createQuote(QuoteRequestDto)
2025-08-14 22:48:15 - Read "application/json;charset=UTF-8" to [com.autoinsurance.quote.dto.QuoteRequestDto@1f78d25a]
2025-08-14 22:48:15 - 
    select
        q1_0.id,
        q1_0.coverage_amount,
        q1_0.created_at,
        q1_0.deductible,
        q1_0.monthly_premium,
        q1_0.premium,
        q1_0.primary_driver_license,
        q1_0.primary_driver_name,
        q1_0.valid_until,
        q1_0.vehicle_current_value,
        q1_0.vehicle_make,
        q1_0.vehicle_model,
        q1_0.vehicle_vin,
        q1_0.vehicle_year 
    from
        quotes q1_0 
    where
        q1_0.id=?
2025-08-14 22:48:15 - 
    insert 
    into
        quotes
        (coverage_amount, created_at, deductible, monthly_premium, premium, primary_driver_license, primary_driver_name, valid_until, vehicle_current_value, vehicle_make, vehicle_model, vehicle_vin, vehicle_year, id) 
    values
        (?, ?, ?, ?, ?, ?, ?, ?, ?, ?, ?, ?, ?, ?)
2025-08-14 22:48:15 - Using 'application/json', given [*/*] and supported [application/json]
2025-08-14 22:48:15 - Writing [com.autoinsurance.quote.dto.QuoteResponseDto@26a9538e]
2025-08-14 22:48:15 - Set SecurityContextHolder to anonymous SecurityContext
2025-08-14 22:48:15 - Securing POST /api/v1/quotes
2025-08-14 22:48:15 - Secured POST /api/v1/quotes
2025-08-14 22:48:15 - Mapped to com.autoinsurance.quote.controller.QuoteController#createQuote(QuoteRequestDto)
2025-08-14 22:48:15 - Read "application/json;charset=UTF-8" to [com.autoinsurance.quote.dto.QuoteRequestDto@7064ce0a]
2025-08-14 22:48:15 - 
    select
        q1_0.id,
        q1_0.coverage_amount,
        q1_0.created_at,
        q1_0.deductible,
        q1_0.monthly_premium,
        q1_0.premium,
        q1_0.primary_driver_license,
        q1_0.primary_driver_name,
        q1_0.valid_until,
        q1_0.vehicle_current_value,
        q1_0.vehicle_make,
        q1_0.vehicle_model,
        q1_0.vehicle_vin,
        q1_0.vehicle_year 
    from
        quotes q1_0 
    where
        q1_0.id=?
2025-08-14 22:48:15 - 
    insert 
    into
        quotes
        (coverage_amount, created_at, deductible, monthly_premium, premium, primary_driver_license, primary_driver_name, valid_until, vehicle_current_value, vehicle_make, vehicle_model, vehicle_vin, vehicle_year, id) 
    values
        (?, ?, ?, ?, ?, ?, ?, ?, ?, ?, ?, ?, ?, ?)
2025-08-14 22:48:15 - Using 'application/json', given [*/*] and supported [application/json]
2025-08-14 22:48:15 - Writing [com.autoinsurance.quote.dto.QuoteResponseDto@7877fcdd]
2025-08-14 22:48:15 - Set SecurityContextHolder to anonymous SecurityContext
2025-08-14 22:48:15 - Securing POST /api/v1/quotes
2025-08-14 22:48:15 - Secured POST /api/v1/quotes
2025-08-14 22:48:15 - Mapped to com.autoinsurance.quote.controller.QuoteController#createQuote(QuoteRequestDto)
2025-08-14 22:48:15 - Read "application/json;charset=UTF-8" to [com.autoinsurance.quote.dto.QuoteRequestDto@db4da8a]
2025-08-14 22:48:15 - 
    select
        q1_0.id,
        q1_0.coverage_amount,
        q1_0.created_at,
        q1_0.deductible,
        q1_0.monthly_premium,
        q1_0.premium,
        q1_0.primary_driver_license,
        q1_0.primary_driver_name,
        q1_0.valid_until,
        q1_0.vehicle_current_value,
        q1_0.vehicle_make,
        q1_0.vehicle_model,
        q1_0.vehicle_vin,
        q1_0.vehicle_year 
    from
        quotes q1_0 
    where
        q1_0.id=?
2025-08-14 22:48:15 - 
    insert 
    into
        quotes
        (coverage_amount, created_at, deductible, monthly_premium, premium, primary_driver_license, primary_driver_name, valid_until, vehicle_current_value, vehicle_make, vehicle_model, vehicle_vin, vehicle_year, id) 
    values
        (?, ?, ?, ?, ?, ?, ?, ?, ?, ?, ?, ?, ?, ?)
2025-08-14 22:48:15 - Using 'application/json', given [*/*] and supported [application/json]
2025-08-14 22:48:15 - Writing [com.autoinsurance.quote.dto.QuoteResponseDto@6e4361c4]
2025-08-14 22:48:15 - Set SecurityContextHolder to anonymous SecurityContext
2025-08-14 22:48:15 - Securing POST /api/v1/quotes
2025-08-14 22:48:15 - Secured POST /api/v1/quotes
2025-08-14 22:48:15 - Mapped to com.autoinsurance.quote.controller.QuoteController#createQuote(QuoteRequestDto)
2025-08-14 22:48:15 - Read "application/json;charset=UTF-8" to [com.autoinsurance.quote.dto.QuoteRequestDto@2b4903e9]
2025-08-14 22:48:15 - 
    select
        q1_0.id,
        q1_0.coverage_amount,
        q1_0.created_at,
        q1_0.deductible,
        q1_0.monthly_premium,
        q1_0.premium,
        q1_0.primary_driver_license,
        q1_0.primary_driver_name,
        q1_0.valid_until,
        q1_0.vehicle_current_value,
        q1_0.vehicle_make,
        q1_0.vehicle_model,
        q1_0.vehicle_vin,
        q1_0.vehicle_year 
    from
        quotes q1_0 
    where
        q1_0.id=?
2025-08-14 22:48:15 - 
    insert 
    into
        quotes
        (coverage_amount, created_at, deductible, monthly_premium, premium, primary_driver_license, primary_driver_name, valid_until, vehicle_current_value, vehicle_make, vehicle_model, vehicle_vin, vehicle_year, id) 
    values
        (?, ?, ?, ?, ?, ?, ?, ?, ?, ?, ?, ?, ?, ?)
2025-08-14 22:48:15 - Using 'application/json', given [*/*] and supported [application/json]
2025-08-14 22:48:15 - Writing [com.autoinsurance.quote.dto.QuoteResponseDto@42f7adda]
2025-08-14 22:48:15 - Set SecurityContextHolder to anonymous SecurityContext
2025-08-14 22:48:15 - Securing POST /api/v1/quotes
2025-08-14 22:48:15 - Secured POST /api/v1/quotes
2025-08-14 22:48:15 - Mapped to com.autoinsurance.quote.controller.QuoteController#createQuote(QuoteRequestDto)
2025-08-14 22:48:15 - Read "application/json;charset=UTF-8" to [com.autoinsurance.quote.dto.QuoteRequestDto@1eb1d0ac]
2025-08-14 22:48:15 - 
    select
        q1_0.id,
        q1_0.coverage_amount,
        q1_0.created_at,
        q1_0.deductible,
        q1_0.monthly_premium,
        q1_0.premium,
        q1_0.primary_driver_license,
        q1_0.primary_driver_name,
        q1_0.valid_until,
        q1_0.vehicle_current_value,
        q1_0.vehicle_make,
        q1_0.vehicle_model,
        q1_0.vehicle_vin,
        q1_0.vehicle_year 
    from
        quotes q1_0 
    where
        q1_0.id=?
2025-08-14 22:48:15 - 
    insert 
    into
        quotes
        (coverage_amount, created_at, deductible, monthly_premium, premium, primary_driver_license, primary_driver_name, valid_until, vehicle_current_value, vehicle_make, vehicle_model, vehicle_vin, vehicle_year, id) 
    values
        (?, ?, ?, ?, ?, ?, ?, ?, ?, ?, ?, ?, ?, ?)
2025-08-14 22:48:15 - Using 'application/json', given [*/*] and supported [application/json]
2025-08-14 22:48:15 - Writing [com.autoinsurance.quote.dto.QuoteResponseDto@35e539b9]
2025-08-14 22:48:15 - Set SecurityContextHolder to anonymous SecurityContext
2025-08-14 22:48:15 - Securing POST /api/v1/quotes
2025-08-14 22:48:15 - Secured POST /api/v1/quotes
2025-08-14 22:48:15 - Mapped to com.autoinsurance.quote.controller.QuoteController#createQuote(QuoteRequestDto)
2025-08-14 22:48:15 - Read "application/json;charset=UTF-8" to [com.autoinsurance.quote.dto.QuoteRequestDto@5134ca6f]
2025-08-14 22:48:15 - 
    select
        q1_0.id,
        q1_0.coverage_amount,
        q1_0.created_at,
        q1_0.deductible,
        q1_0.monthly_premium,
        q1_0.premium,
        q1_0.primary_driver_license,
        q1_0.primary_driver_name,
        q1_0.valid_until,
        q1_0.vehicle_current_value,
        q1_0.vehicle_make,
        q1_0.vehicle_model,
        q1_0.vehicle_vin,
        q1_0.vehicle_year 
    from
        quotes q1_0 
    where
        q1_0.id=?
2025-08-14 22:48:15 - 
    insert 
    into
        quotes
        (coverage_amount, created_at, deductible, monthly_premium, premium, primary_driver_license, primary_driver_name, valid_until, vehicle_current_value, vehicle_make, vehicle_model, vehicle_vin, vehicle_year, id) 
    values
        (?, ?, ?, ?, ?, ?, ?, ?, ?, ?, ?, ?, ?, ?)
2025-08-14 22:48:15 - Using 'application/json', given [*/*] and supported [application/json]
2025-08-14 22:48:15 - Writing [com.autoinsurance.quote.dto.QuoteResponseDto@7fd50882]
2025-08-14 22:48:15 - Set SecurityContextHolder to anonymous SecurityContext
2025-08-14 22:48:15 - Securing POST /api/v1/quotes
2025-08-14 22:48:15 - Secured POST /api/v1/quotes
2025-08-14 22:48:15 - Mapped to com.autoinsurance.quote.controller.QuoteController#createQuote(QuoteRequestDto)
2025-08-14 22:48:15 - Read "application/json;charset=UTF-8" to [com.autoinsurance.quote.dto.QuoteRequestDto@76cc3483]
2025-08-14 22:48:15 - 
    select
        q1_0.id,
        q1_0.coverage_amount,
        q1_0.created_at,
        q1_0.deductible,
        q1_0.monthly_premium,
        q1_0.premium,
        q1_0.primary_driver_license,
        q1_0.primary_driver_name,
        q1_0.valid_until,
        q1_0.vehicle_current_value,
        q1_0.vehicle_make,
        q1_0.vehicle_model,
        q1_0.vehicle_vin,
        q1_0.vehicle_year 
    from
        quotes q1_0 
    where
        q1_0.id=?
2025-08-14 22:48:15 - 
    insert 
    into
        quotes
        (coverage_amount, created_at, deductible, monthly_premium, premium, primary_driver_license, primary_driver_name, valid_until, vehicle_current_value, vehicle_make, vehicle_model, vehicle_vin, vehicle_year, id) 
    values
        (?, ?, ?, ?, ?, ?, ?, ?, ?, ?, ?, ?, ?, ?)
2025-08-14 22:48:15 - Using 'application/json', given [*/*] and supported [application/json]
2025-08-14 22:48:15 - Writing [com.autoinsurance.quote.dto.QuoteResponseDto@460518a]
2025-08-14 22:48:15 - Set SecurityContextHolder to anonymous SecurityContext
2025-08-14 22:48:15 - Securing POST /api/v1/quotes
2025-08-14 22:48:15 - Secured POST /api/v1/quotes
2025-08-14 22:48:15 - Mapped to com.autoinsurance.quote.controller.QuoteController#createQuote(QuoteRequestDto)
2025-08-14 22:48:15 - Read "application/json;charset=UTF-8" to [com.autoinsurance.quote.dto.QuoteRequestDto@5a30e00f]
2025-08-14 22:48:15 - 
    select
        q1_0.id,
        q1_0.coverage_amount,
        q1_0.created_at,
        q1_0.deductible,
        q1_0.monthly_premium,
        q1_0.premium,
        q1_0.primary_driver_license,
        q1_0.primary_driver_name,
        q1_0.valid_until,
        q1_0.vehicle_current_value,
        q1_0.vehicle_make,
        q1_0.vehicle_model,
        q1_0.vehicle_vin,
        q1_0.vehicle_year 
    from
        quotes q1_0 
    where
        q1_0.id=?
2025-08-14 22:48:15 - 
    insert 
    into
        quotes
        (coverage_amount, created_at, deductible, monthly_premium, premium, primary_driver_license, primary_driver_name, valid_until, vehicle_current_value, vehicle_make, vehicle_model, vehicle_vin, vehicle_year, id) 
    values
        (?, ?, ?, ?, ?, ?, ?, ?, ?, ?, ?, ?, ?, ?)
2025-08-14 22:48:15 - Using 'application/json', given [*/*] and supported [application/json]
2025-08-14 22:48:15 - Writing [com.autoinsurance.quote.dto.QuoteResponseDto@65b2f2f5]
2025-08-14 22:48:15 - Set SecurityContextHolder to anonymous SecurityContext
2025-08-14 22:48:15 - Securing POST /api/v1/quotes
2025-08-14 22:48:15 - Secured POST /api/v1/quotes
2025-08-14 22:48:15 - Mapped to com.autoinsurance.quote.controller.QuoteController#createQuote(QuoteRequestDto)
2025-08-14 22:48:15 - Read "application/json;charset=UTF-8" to [com.autoinsurance.quote.dto.QuoteRequestDto@260dac7c]
2025-08-14 22:48:15 - 
    select
        q1_0.id,
        q1_0.coverage_amount,
        q1_0.created_at,
        q1_0.deductible,
        q1_0.monthly_premium,
        q1_0.premium,
        q1_0.primary_driver_license,
        q1_0.primary_driver_name,
        q1_0.valid_until,
        q1_0.vehicle_current_value,
        q1_0.vehicle_make,
        q1_0.vehicle_model,
        q1_0.vehicle_vin,
        q1_0.vehicle_year 
    from
        quotes q1_0 
    where
        q1_0.id=?
2025-08-14 22:48:15 - 
    insert 
    into
        quotes
        (coverage_amount, created_at, deductible, monthly_premium, premium, primary_driver_license, primary_driver_name, valid_until, vehicle_current_value, vehicle_make, vehicle_model, vehicle_vin, vehicle_year, id) 
    values
        (?, ?, ?, ?, ?, ?, ?, ?, ?, ?, ?, ?, ?, ?)
2025-08-14 22:48:15 - Using 'application/json', given [*/*] and supported [application/json]
2025-08-14 22:48:15 - Writing [com.autoinsurance.quote.dto.QuoteResponseDto@1267aff8]
2025-08-14 22:48:15 - Set SecurityContextHolder to anonymous SecurityContext
2025-08-14 22:48:16 - Securing POST /api/v1/quotes
2025-08-14 22:48:16 - Secured POST /api/v1/quotes
2025-08-14 22:48:16 - Mapped to com.autoinsurance.quote.controller.QuoteController#createQuote(QuoteRequestDto)
2025-08-14 22:48:16 - Read "application/json;charset=UTF-8" to [com.autoinsurance.quote.dto.QuoteRequestDto@419d3c00]
2025-08-14 22:48:16 - 
    select
        q1_0.id,
        q1_0.coverage_amount,
        q1_0.created_at,
        q1_0.deductible,
        q1_0.monthly_premium,
        q1_0.premium,
        q1_0.primary_driver_license,
        q1_0.primary_driver_name,
        q1_0.valid_until,
        q1_0.vehicle_current_value,
        q1_0.vehicle_make,
        q1_0.vehicle_model,
        q1_0.vehicle_vin,
        q1_0.vehicle_year 
    from
        quotes q1_0 
    where
        q1_0.id=?
2025-08-14 22:48:16 - 
    insert 
    into
        quotes
        (coverage_amount, created_at, deductible, monthly_premium, premium, primary_driver_license, primary_driver_name, valid_until, vehicle_current_value, vehicle_make, vehicle_model, vehicle_vin, vehicle_year, id) 
    values
        (?, ?, ?, ?, ?, ?, ?, ?, ?, ?, ?, ?, ?, ?)
2025-08-14 22:48:16 - Using 'application/json', given [*/*] and supported [application/json]
2025-08-14 22:48:16 - Writing [com.autoinsurance.quote.dto.QuoteResponseDto@192a4acd]
2025-08-14 22:48:16 - Set SecurityContextHolder to anonymous SecurityContext
2025-08-14 22:48:16 - Securing POST /api/v1/quotes
2025-08-14 22:48:16 - Secured POST /api/v1/quotes
2025-08-14 22:48:16 - Mapped to com.autoinsurance.quote.controller.QuoteController#createQuote(QuoteRequestDto)
2025-08-14 22:48:16 - Read "application/json;charset=UTF-8" to [com.autoinsurance.quote.dto.QuoteRequestDto@4f000d20]
2025-08-14 22:48:16 - 
    select
        q1_0.id,
        q1_0.coverage_amount,
        q1_0.created_at,
        q1_0.deductible,
        q1_0.monthly_premium,
        q1_0.premium,
        q1_0.primary_driver_license,
        q1_0.primary_driver_name,
        q1_0.valid_until,
        q1_0.vehicle_current_value,
        q1_0.vehicle_make,
        q1_0.vehicle_model,
        q1_0.vehicle_vin,
        q1_0.vehicle_year 
    from
        quotes q1_0 
    where
        q1_0.id=?
2025-08-14 22:48:16 - 
    insert 
    into
        quotes
        (coverage_amount, created_at, deductible, monthly_premium, premium, primary_driver_license, primary_driver_name, valid_until, vehicle_current_value, vehicle_make, vehicle_model, vehicle_vin, vehicle_year, id) 
    values
        (?, ?, ?, ?, ?, ?, ?, ?, ?, ?, ?, ?, ?, ?)
2025-08-14 22:48:16 - Using 'application/json', given [*/*] and supported [application/json]
2025-08-14 22:48:16 - Writing [com.autoinsurance.quote.dto.QuoteResponseDto@3b822fc0]
2025-08-14 22:48:16 - Set SecurityContextHolder to anonymous SecurityContext
2025-08-14 22:48:16 - Securing POST /api/v1/quotes
2025-08-14 22:48:16 - Secured POST /api/v1/quotes
2025-08-14 22:48:16 - Mapped to com.autoinsurance.quote.controller.QuoteController#createQuote(QuoteRequestDto)
2025-08-14 22:48:16 - Read "application/json;charset=UTF-8" to [com.autoinsurance.quote.dto.QuoteRequestDto@1d6c6da4]
2025-08-14 22:48:16 - 
    select
        q1_0.id,
        q1_0.coverage_amount,
        q1_0.created_at,
        q1_0.deductible,
        q1_0.monthly_premium,
        q1_0.premium,
        q1_0.primary_driver_license,
        q1_0.primary_driver_name,
        q1_0.valid_until,
        q1_0.vehicle_current_value,
        q1_0.vehicle_make,
        q1_0.vehicle_model,
        q1_0.vehicle_vin,
        q1_0.vehicle_year 
    from
        quotes q1_0 
    where
        q1_0.id=?
2025-08-14 22:48:16 - 
    insert 
    into
        quotes
        (coverage_amount, created_at, deductible, monthly_premium, premium, primary_driver_license, primary_driver_name, valid_until, vehicle_current_value, vehicle_make, vehicle_model, vehicle_vin, vehicle_year, id) 
    values
        (?, ?, ?, ?, ?, ?, ?, ?, ?, ?, ?, ?, ?, ?)
2025-08-14 22:48:16 - Using 'application/json', given [*/*] and supported [application/json]
2025-08-14 22:48:16 - Writing [com.autoinsurance.quote.dto.QuoteResponseDto@58a702d9]
2025-08-14 22:48:16 - Set SecurityContextHolder to anonymous SecurityContext
2025-08-14 22:48:16 - Securing POST /api/v1/quotes
2025-08-14 22:48:16 - Secured POST /api/v1/quotes
2025-08-14 22:48:16 - Mapped to com.autoinsurance.quote.controller.QuoteController#createQuote(QuoteRequestDto)
2025-08-14 22:48:16 - Read "application/json;charset=UTF-8" to [com.autoinsurance.quote.dto.QuoteRequestDto@cdf3f30]
2025-08-14 22:48:16 - 
    select
        q1_0.id,
        q1_0.coverage_amount,
        q1_0.created_at,
        q1_0.deductible,
        q1_0.monthly_premium,
        q1_0.premium,
        q1_0.primary_driver_license,
        q1_0.primary_driver_name,
        q1_0.valid_until,
        q1_0.vehicle_current_value,
        q1_0.vehicle_make,
        q1_0.vehicle_model,
        q1_0.vehicle_vin,
        q1_0.vehicle_year 
    from
        quotes q1_0 
    where
        q1_0.id=?
2025-08-14 22:48:16 - 
    insert 
    into
        quotes
        (coverage_amount, created_at, deductible, monthly_premium, premium, primary_driver_license, primary_driver_name, valid_until, vehicle_current_value, vehicle_make, vehicle_model, vehicle_vin, vehicle_year, id) 
    values
        (?, ?, ?, ?, ?, ?, ?, ?, ?, ?, ?, ?, ?, ?)
2025-08-14 22:48:16 - Using 'application/json', given [*/*] and supported [application/json]
2025-08-14 22:48:16 - Writing [com.autoinsurance.quote.dto.QuoteResponseDto@7869d469]
2025-08-14 22:48:16 - Set SecurityContextHolder to anonymous SecurityContext
2025-08-14 22:48:16 - Securing POST /api/v1/quotes
2025-08-14 22:48:16 - Secured POST /api/v1/quotes
2025-08-14 22:48:16 - Mapped to com.autoinsurance.quote.controller.QuoteController#createQuote(QuoteRequestDto)
2025-08-14 22:48:16 - Read "application/json;charset=UTF-8" to [com.autoinsurance.quote.dto.QuoteRequestDto@fe5a0b8]
2025-08-14 22:48:16 - 
    select
        q1_0.id,
        q1_0.coverage_amount,
        q1_0.created_at,
        q1_0.deductible,
        q1_0.monthly_premium,
        q1_0.premium,
        q1_0.primary_driver_license,
        q1_0.primary_driver_name,
        q1_0.valid_until,
        q1_0.vehicle_current_value,
        q1_0.vehicle_make,
        q1_0.vehicle_model,
        q1_0.vehicle_vin,
        q1_0.vehicle_year 
    from
        quotes q1_0 
    where
        q1_0.id=?
2025-08-14 22:48:16 - 
    insert 
    into
        quotes
        (coverage_amount, created_at, deductible, monthly_premium, premium, primary_driver_license, primary_driver_name, valid_until, vehicle_current_value, vehicle_make, vehicle_model, vehicle_vin, vehicle_year, id) 
    values
        (?, ?, ?, ?, ?, ?, ?, ?, ?, ?, ?, ?, ?, ?)
2025-08-14 22:48:16 - Using 'application/json', given [*/*] and supported [application/json]
2025-08-14 22:48:16 - Writing [com.autoinsurance.quote.dto.QuoteResponseDto@472f5803]
2025-08-14 22:48:16 - Set SecurityContextHolder to anonymous SecurityContext
2025-08-14 22:48:16 - Securing POST /api/v1/quotes
2025-08-14 22:48:16 - Secured POST /api/v1/quotes
2025-08-14 22:48:16 - Mapped to com.autoinsurance.quote.controller.QuoteController#createQuote(QuoteRequestDto)
2025-08-14 22:48:16 - Read "application/json;charset=UTF-8" to [com.autoinsurance.quote.dto.QuoteRequestDto@378930b5]
2025-08-14 22:48:16 - 
    select
        q1_0.id,
        q1_0.coverage_amount,
        q1_0.created_at,
        q1_0.deductible,
        q1_0.monthly_premium,
        q1_0.premium,
        q1_0.primary_driver_license,
        q1_0.primary_driver_name,
        q1_0.valid_until,
        q1_0.vehicle_current_value,
        q1_0.vehicle_make,
        q1_0.vehicle_model,
        q1_0.vehicle_vin,
        q1_0.vehicle_year 
    from
        quotes q1_0 
    where
        q1_0.id=?
2025-08-14 22:48:16 - 
    insert 
    into
        quotes
        (coverage_amount, created_at, deductible, monthly_premium, premium, primary_driver_license, primary_driver_name, valid_until, vehicle_current_value, vehicle_make, vehicle_model, vehicle_vin, vehicle_year, id) 
    values
        (?, ?, ?, ?, ?, ?, ?, ?, ?, ?, ?, ?, ?, ?)
2025-08-14 22:48:16 - Using 'application/json', given [*/*] and supported [application/json]
2025-08-14 22:48:16 - Writing [com.autoinsurance.quote.dto.QuoteResponseDto@2875edea]
2025-08-14 22:48:16 - Set SecurityContextHolder to anonymous SecurityContext
2025-08-14 22:48:16 - Securing POST /api/v1/quotes
2025-08-14 22:48:16 - Secured POST /api/v1/quotes
2025-08-14 22:48:16 - Mapped to com.autoinsurance.quote.controller.QuoteController#createQuote(QuoteRequestDto)
2025-08-14 22:48:16 - Read "application/json;charset=UTF-8" to [com.autoinsurance.quote.dto.QuoteRequestDto@863ab58]
2025-08-14 22:48:16 - 
    select
        q1_0.id,
        q1_0.coverage_amount,
        q1_0.created_at,
        q1_0.deductible,
        q1_0.monthly_premium,
        q1_0.premium,
        q1_0.primary_driver_license,
        q1_0.primary_driver_name,
        q1_0.valid_until,
        q1_0.vehicle_current_value,
        q1_0.vehicle_make,
        q1_0.vehicle_model,
        q1_0.vehicle_vin,
        q1_0.vehicle_year 
    from
        quotes q1_0 
    where
        q1_0.id=?
2025-08-14 22:48:16 - 
    insert 
    into
        quotes
        (coverage_amount, created_at, deductible, monthly_premium, premium, primary_driver_license, primary_driver_name, valid_until, vehicle_current_value, vehicle_make, vehicle_model, vehicle_vin, vehicle_year, id) 
    values
        (?, ?, ?, ?, ?, ?, ?, ?, ?, ?, ?, ?, ?, ?)
2025-08-14 22:48:16 - Using 'application/json', given [*/*] and supported [application/json]
2025-08-14 22:48:16 - Writing [com.autoinsurance.quote.dto.QuoteResponseDto@3a8ba86f]
2025-08-14 22:48:16 - Set SecurityContextHolder to anonymous SecurityContext
2025-08-14 22:48:16 - Securing POST /api/v1/quotes
2025-08-14 22:48:16 - Secured POST /api/v1/quotes
2025-08-14 22:48:16 - Mapped to com.autoinsurance.quote.controller.QuoteController#createQuote(QuoteRequestDto)
2025-08-14 22:48:16 - Read "application/json;charset=UTF-8" to [com.autoinsurance.quote.dto.QuoteRequestDto@4e535116]
2025-08-14 22:48:16 - 
    select
        q1_0.id,
        q1_0.coverage_amount,
        q1_0.created_at,
        q1_0.deductible,
        q1_0.monthly_premium,
        q1_0.premium,
        q1_0.primary_driver_license,
        q1_0.primary_driver_name,
        q1_0.valid_until,
        q1_0.vehicle_current_value,
        q1_0.vehicle_make,
        q1_0.vehicle_model,
        q1_0.vehicle_vin,
        q1_0.vehicle_year 
    from
        quotes q1_0 
    where
        q1_0.id=?
2025-08-14 22:48:16 - 
    insert 
    into
        quotes
        (coverage_amount, created_at, deductible, monthly_premium, premium, primary_driver_license, primary_driver_name, valid_until, vehicle_current_value, vehicle_make, vehicle_model, vehicle_vin, vehicle_year, id) 
    values
        (?, ?, ?, ?, ?, ?, ?, ?, ?, ?, ?, ?, ?, ?)
2025-08-14 22:48:16 - Using 'application/json', given [*/*] and supported [application/json]
2025-08-14 22:48:16 - Writing [com.autoinsurance.quote.dto.QuoteResponseDto@66de969e]
2025-08-14 22:48:16 - Set SecurityContextHolder to anonymous SecurityContext
2025-08-14 22:48:16 - Securing POST /api/v1/quotes
2025-08-14 22:48:16 - Secured POST /api/v1/quotes
2025-08-14 22:48:16 - Mapped to com.autoinsurance.quote.controller.QuoteController#createQuote(QuoteRequestDto)
2025-08-14 22:48:16 - Read "application/json;charset=UTF-8" to [com.autoinsurance.quote.dto.QuoteRequestDto@5bc05aca]
2025-08-14 22:48:16 - 
    select
        q1_0.id,
        q1_0.coverage_amount,
        q1_0.created_at,
        q1_0.deductible,
        q1_0.monthly_premium,
        q1_0.premium,
        q1_0.primary_driver_license,
        q1_0.primary_driver_name,
        q1_0.valid_until,
        q1_0.vehicle_current_value,
        q1_0.vehicle_make,
        q1_0.vehicle_model,
        q1_0.vehicle_vin,
        q1_0.vehicle_year 
    from
        quotes q1_0 
    where
        q1_0.id=?
2025-08-14 22:48:16 - 
    insert 
    into
        quotes
        (coverage_amount, created_at, deductible, monthly_premium, premium, primary_driver_license, primary_driver_name, valid_until, vehicle_current_value, vehicle_make, vehicle_model, vehicle_vin, vehicle_year, id) 
    values
        (?, ?, ?, ?, ?, ?, ?, ?, ?, ?, ?, ?, ?, ?)
2025-08-14 22:48:16 - Using 'application/json', given [*/*] and supported [application/json]
2025-08-14 22:48:16 - Writing [com.autoinsurance.quote.dto.QuoteResponseDto@697bbf4b]
2025-08-14 22:48:16 - Set SecurityContextHolder to anonymous SecurityContext
2025-08-14 22:48:16 - Securing POST /api/v1/quotes
2025-08-14 22:48:16 - Secured POST /api/v1/quotes
2025-08-14 22:48:16 - Mapped to com.autoinsurance.quote.controller.QuoteController#createQuote(QuoteRequestDto)
2025-08-14 22:48:16 - Read "application/json;charset=UTF-8" to [com.autoinsurance.quote.dto.QuoteRequestDto@25442dbb]
2025-08-14 22:48:16 - 
    select
        q1_0.id,
        q1_0.coverage_amount,
        q1_0.created_at,
        q1_0.deductible,
        q1_0.monthly_premium,
        q1_0.premium,
        q1_0.primary_driver_license,
        q1_0.primary_driver_name,
        q1_0.valid_until,
        q1_0.vehicle_current_value,
        q1_0.vehicle_make,
        q1_0.vehicle_model,
        q1_0.vehicle_vin,
        q1_0.vehicle_year 
    from
        quotes q1_0 
    where
        q1_0.id=?
2025-08-14 22:48:16 - 
    insert 
    into
        quotes
        (coverage_amount, created_at, deductible, monthly_premium, premium, primary_driver_license, primary_driver_name, valid_until, vehicle_current_value, vehicle_make, vehicle_model, vehicle_vin, vehicle_year, id) 
    values
        (?, ?, ?, ?, ?, ?, ?, ?, ?, ?, ?, ?, ?, ?)
2025-08-14 22:48:16 - Using 'application/json', given [*/*] and supported [application/json]
2025-08-14 22:48:16 - Writing [com.autoinsurance.quote.dto.QuoteResponseDto@64e1dca2]
2025-08-14 22:48:16 - Set SecurityContextHolder to anonymous SecurityContext
2025-08-14 22:48:17 - Securing POST /api/v1/quotes
2025-08-14 22:48:17 - Secured POST /api/v1/quotes
2025-08-14 22:48:17 - Mapped to com.autoinsurance.quote.controller.QuoteController#createQuote(QuoteRequestDto)
2025-08-14 22:48:17 - Read "application/json;charset=UTF-8" to [com.autoinsurance.quote.dto.QuoteRequestDto@53867c3b]
2025-08-14 22:48:17 - 
    select
        q1_0.id,
        q1_0.coverage_amount,
        q1_0.created_at,
        q1_0.deductible,
        q1_0.monthly_premium,
        q1_0.premium,
        q1_0.primary_driver_license,
        q1_0.primary_driver_name,
        q1_0.valid_until,
        q1_0.vehicle_current_value,
        q1_0.vehicle_make,
        q1_0.vehicle_model,
        q1_0.vehicle_vin,
        q1_0.vehicle_year 
    from
        quotes q1_0 
    where
        q1_0.id=?
2025-08-14 22:48:17 - 
    insert 
    into
        quotes
        (coverage_amount, created_at, deductible, monthly_premium, premium, primary_driver_license, primary_driver_name, valid_until, vehicle_current_value, vehicle_make, vehicle_model, vehicle_vin, vehicle_year, id) 
    values
        (?, ?, ?, ?, ?, ?, ?, ?, ?, ?, ?, ?, ?, ?)
2025-08-14 22:48:17 - Using 'application/json', given [*/*] and supported [application/json]
2025-08-14 22:48:17 - Writing [com.autoinsurance.quote.dto.QuoteResponseDto@e6dcee7]
2025-08-14 22:48:17 - Set SecurityContextHolder to anonymous SecurityContext
2025-08-14 22:48:17 - Securing POST /api/v1/quotes
2025-08-14 22:48:17 - Secured POST /api/v1/quotes
2025-08-14 22:48:17 - Mapped to com.autoinsurance.quote.controller.QuoteController#createQuote(QuoteRequestDto)
2025-08-14 22:48:17 - Read "application/json;charset=UTF-8" to [com.autoinsurance.quote.dto.QuoteRequestDto@2c5f075e]
2025-08-14 22:48:17 - 
    select
        q1_0.id,
        q1_0.coverage_amount,
        q1_0.created_at,
        q1_0.deductible,
        q1_0.monthly_premium,
        q1_0.premium,
        q1_0.primary_driver_license,
        q1_0.primary_driver_name,
        q1_0.valid_until,
        q1_0.vehicle_current_value,
        q1_0.vehicle_make,
        q1_0.vehicle_model,
        q1_0.vehicle_vin,
        q1_0.vehicle_year 
    from
        quotes q1_0 
    where
        q1_0.id=?
2025-08-14 22:48:17 - 
    insert 
    into
        quotes
        (coverage_amount, created_at, deductible, monthly_premium, premium, primary_driver_license, primary_driver_name, valid_until, vehicle_current_value, vehicle_make, vehicle_model, vehicle_vin, vehicle_year, id) 
    values
        (?, ?, ?, ?, ?, ?, ?, ?, ?, ?, ?, ?, ?, ?)
2025-08-14 22:48:17 - Using 'application/json', given [*/*] and supported [application/json]
2025-08-14 22:48:17 - Writing [com.autoinsurance.quote.dto.QuoteResponseDto@663ab14b]
2025-08-14 22:48:17 - Set SecurityContextHolder to anonymous SecurityContext
2025-08-14 22:48:17 - Securing POST /api/v1/quotes
2025-08-14 22:48:17 - Secured POST /api/v1/quotes
2025-08-14 22:48:17 - Mapped to com.autoinsurance.quote.controller.QuoteController#createQuote(QuoteRequestDto)
2025-08-14 22:48:17 - Read "application/json;charset=UTF-8" to [com.autoinsurance.quote.dto.QuoteRequestDto@706abd04]
2025-08-14 22:48:17 - 
    select
        q1_0.id,
        q1_0.coverage_amount,
        q1_0.created_at,
        q1_0.deductible,
        q1_0.monthly_premium,
        q1_0.premium,
        q1_0.primary_driver_license,
        q1_0.primary_driver_name,
        q1_0.valid_until,
        q1_0.vehicle_current_value,
        q1_0.vehicle_make,
        q1_0.vehicle_model,
        q1_0.vehicle_vin,
        q1_0.vehicle_year 
    from
        quotes q1_0 
    where
        q1_0.id=?
2025-08-14 22:48:17 - 
    insert 
    into
        quotes
        (coverage_amount, created_at, deductible, monthly_premium, premium, primary_driver_license, primary_driver_name, valid_until, vehicle_current_value, vehicle_make, vehicle_model, vehicle_vin, vehicle_year, id) 
    values
        (?, ?, ?, ?, ?, ?, ?, ?, ?, ?, ?, ?, ?, ?)
2025-08-14 22:48:17 - Using 'application/json', given [*/*] and supported [application/json]
2025-08-14 22:48:17 - Writing [com.autoinsurance.quote.dto.QuoteResponseDto@6f219031]
2025-08-14 22:48:17 - Set SecurityContextHolder to anonymous SecurityContext
2025-08-14 22:48:17 - Securing POST /api/v1/quotes
2025-08-14 22:48:17 - Secured POST /api/v1/quotes
2025-08-14 22:48:17 - Mapped to com.autoinsurance.quote.controller.QuoteController#createQuote(QuoteRequestDto)
2025-08-14 22:48:17 - Read "application/json;charset=UTF-8" to [com.autoinsurance.quote.dto.QuoteRequestDto@490bf6ce]
2025-08-14 22:48:17 - 
    select
        q1_0.id,
        q1_0.coverage_amount,
        q1_0.created_at,
        q1_0.deductible,
        q1_0.monthly_premium,
        q1_0.premium,
        q1_0.primary_driver_license,
        q1_0.primary_driver_name,
        q1_0.valid_until,
        q1_0.vehicle_current_value,
        q1_0.vehicle_make,
        q1_0.vehicle_model,
        q1_0.vehicle_vin,
        q1_0.vehicle_year 
    from
        quotes q1_0 
    where
        q1_0.id=?
2025-08-14 22:48:17 - 
    insert 
    into
        quotes
        (coverage_amount, created_at, deductible, monthly_premium, premium, primary_driver_license, primary_driver_name, valid_until, vehicle_current_value, vehicle_make, vehicle_model, vehicle_vin, vehicle_year, id) 
    values
        (?, ?, ?, ?, ?, ?, ?, ?, ?, ?, ?, ?, ?, ?)
2025-08-14 22:48:17 - Using 'application/json', given [*/*] and supported [application/json]
2025-08-14 22:48:17 - Writing [com.autoinsurance.quote.dto.QuoteResponseDto@4e8790c9]
2025-08-14 22:48:17 - Set SecurityContextHolder to anonymous SecurityContext
2025-08-14 22:48:17 - Securing POST /api/v1/quotes
2025-08-14 22:48:17 - Secured POST /api/v1/quotes
2025-08-14 22:48:17 - Mapped to com.autoinsurance.quote.controller.QuoteController#createQuote(QuoteRequestDto)
2025-08-14 22:48:17 - Read "application/json;charset=UTF-8" to [com.autoinsurance.quote.dto.QuoteRequestDto@5f0cc9cc]
2025-08-14 22:48:17 - 
    select
        q1_0.id,
        q1_0.coverage_amount,
        q1_0.created_at,
        q1_0.deductible,
        q1_0.monthly_premium,
        q1_0.premium,
        q1_0.primary_driver_license,
        q1_0.primary_driver_name,
        q1_0.valid_until,
        q1_0.vehicle_current_value,
        q1_0.vehicle_make,
        q1_0.vehicle_model,
        q1_0.vehicle_vin,
        q1_0.vehicle_year 
    from
        quotes q1_0 
    where
        q1_0.id=?
2025-08-14 22:48:17 - 
    insert 
    into
        quotes
        (coverage_amount, created_at, deductible, monthly_premium, premium, primary_driver_license, primary_driver_name, valid_until, vehicle_current_value, vehicle_make, vehicle_model, vehicle_vin, vehicle_year, id) 
    values
        (?, ?, ?, ?, ?, ?, ?, ?, ?, ?, ?, ?, ?, ?)
2025-08-14 22:48:17 - Using 'application/json', given [*/*] and supported [application/json]
2025-08-14 22:48:17 - Writing [com.autoinsurance.quote.dto.QuoteResponseDto@1bf3d0fd]
2025-08-14 22:48:17 - Set SecurityContextHolder to anonymous SecurityContext
2025-08-14 22:48:17 - Securing POST /api/v1/quotes
2025-08-14 22:48:17 - Secured POST /api/v1/quotes
2025-08-14 22:48:17 - Mapped to com.autoinsurance.quote.controller.QuoteController#createQuote(QuoteRequestDto)
2025-08-14 22:48:17 - Read "application/json;charset=UTF-8" to [com.autoinsurance.quote.dto.QuoteRequestDto@25aa7c1a]
2025-08-14 22:48:17 - 
    select
        q1_0.id,
        q1_0.coverage_amount,
        q1_0.created_at,
        q1_0.deductible,
        q1_0.monthly_premium,
        q1_0.premium,
        q1_0.primary_driver_license,
        q1_0.primary_driver_name,
        q1_0.valid_until,
        q1_0.vehicle_current_value,
        q1_0.vehicle_make,
        q1_0.vehicle_model,
        q1_0.vehicle_vin,
        q1_0.vehicle_year 
    from
        quotes q1_0 
    where
        q1_0.id=?
2025-08-14 22:48:17 - 
    insert 
    into
        quotes
        (coverage_amount, created_at, deductible, monthly_premium, premium, primary_driver_license, primary_driver_name, valid_until, vehicle_current_value, vehicle_make, vehicle_model, vehicle_vin, vehicle_year, id) 
    values
        (?, ?, ?, ?, ?, ?, ?, ?, ?, ?, ?, ?, ?, ?)
2025-08-14 22:48:17 - Using 'application/json', given [*/*] and supported [application/json]
2025-08-14 22:48:17 - Writing [com.autoinsurance.quote.dto.QuoteResponseDto@47533a62]
2025-08-14 22:48:17 - Set SecurityContextHolder to anonymous SecurityContext
2025-08-14 22:48:17 - Securing POST /api/v1/quotes
2025-08-14 22:48:17 - Secured POST /api/v1/quotes
2025-08-14 22:48:17 - Mapped to com.autoinsurance.quote.controller.QuoteController#createQuote(QuoteRequestDto)
2025-08-14 22:48:17 - Read "application/json;charset=UTF-8" to [com.autoinsurance.quote.dto.QuoteRequestDto@4269534c]
2025-08-14 22:48:17 - 
    select
        q1_0.id,
        q1_0.coverage_amount,
        q1_0.created_at,
        q1_0.deductible,
        q1_0.monthly_premium,
        q1_0.premium,
        q1_0.primary_driver_license,
        q1_0.primary_driver_name,
        q1_0.valid_until,
        q1_0.vehicle_current_value,
        q1_0.vehicle_make,
        q1_0.vehicle_model,
        q1_0.vehicle_vin,
        q1_0.vehicle_year 
    from
        quotes q1_0 
    where
        q1_0.id=?
2025-08-14 22:48:17 - 
    insert 
    into
        quotes
        (coverage_amount, created_at, deductible, monthly_premium, premium, primary_driver_license, primary_driver_name, valid_until, vehicle_current_value, vehicle_make, vehicle_model, vehicle_vin, vehicle_year, id) 
    values
        (?, ?, ?, ?, ?, ?, ?, ?, ?, ?, ?, ?, ?, ?)
2025-08-14 22:48:17 - Using 'application/json', given [*/*] and supported [application/json]
2025-08-14 22:48:17 - Writing [com.autoinsurance.quote.dto.QuoteResponseDto@490a7966]
2025-08-14 22:48:17 - Set SecurityContextHolder to anonymous SecurityContext
2025-08-14 22:48:17 - Securing POST /api/v1/quotes
2025-08-14 22:48:17 - Secured POST /api/v1/quotes
2025-08-14 22:48:17 - Mapped to com.autoinsurance.quote.controller.QuoteController#createQuote(QuoteRequestDto)
2025-08-14 22:48:17 - Read "application/json;charset=UTF-8" to [com.autoinsurance.quote.dto.QuoteRequestDto@11b51d5f]
2025-08-14 22:48:17 - 
    select
        q1_0.id,
        q1_0.coverage_amount,
        q1_0.created_at,
        q1_0.deductible,
        q1_0.monthly_premium,
        q1_0.premium,
        q1_0.primary_driver_license,
        q1_0.primary_driver_name,
        q1_0.valid_until,
        q1_0.vehicle_current_value,
        q1_0.vehicle_make,
        q1_0.vehicle_model,
        q1_0.vehicle_vin,
        q1_0.vehicle_year 
    from
        quotes q1_0 
    where
        q1_0.id=?
2025-08-14 22:48:17 - 
    insert 
    into
        quotes
        (coverage_amount, created_at, deductible, monthly_premium, premium, primary_driver_license, primary_driver_name, valid_until, vehicle_current_value, vehicle_make, vehicle_model, vehicle_vin, vehicle_year, id) 
    values
        (?, ?, ?, ?, ?, ?, ?, ?, ?, ?, ?, ?, ?, ?)
2025-08-14 22:48:17 - Using 'application/json', given [*/*] and supported [application/json]
2025-08-14 22:48:17 - Writing [com.autoinsurance.quote.dto.QuoteResponseDto@64ebe8b9]
2025-08-14 22:48:17 - Set SecurityContextHolder to anonymous SecurityContext
2025-08-14 22:48:17 - Securing POST /api/v1/quotes
2025-08-14 22:48:17 - Secured POST /api/v1/quotes
2025-08-14 22:48:17 - Mapped to com.autoinsurance.quote.controller.QuoteController#createQuote(QuoteRequestDto)
2025-08-14 22:48:17 - Read "application/json;charset=UTF-8" to [com.autoinsurance.quote.dto.QuoteRequestDto@1c5ef8de]
2025-08-14 22:48:17 - 
    select
        q1_0.id,
        q1_0.coverage_amount,
        q1_0.created_at,
        q1_0.deductible,
        q1_0.monthly_premium,
        q1_0.premium,
        q1_0.primary_driver_license,
        q1_0.primary_driver_name,
        q1_0.valid_until,
        q1_0.vehicle_current_value,
        q1_0.vehicle_make,
        q1_0.vehicle_model,
        q1_0.vehicle_vin,
        q1_0.vehicle_year 
    from
        quotes q1_0 
    where
        q1_0.id=?
2025-08-14 22:48:17 - 
    insert 
    into
        quotes
        (coverage_amount, created_at, deductible, monthly_premium, premium, primary_driver_license, primary_driver_name, valid_until, vehicle_current_value, vehicle_make, vehicle_model, vehicle_vin, vehicle_year, id) 
    values
        (?, ?, ?, ?, ?, ?, ?, ?, ?, ?, ?, ?, ?, ?)
2025-08-14 22:48:17 - Using 'application/json', given [*/*] and supported [application/json]
2025-08-14 22:48:17 - Writing [com.autoinsurance.quote.dto.QuoteResponseDto@56935082]
2025-08-14 22:48:17 - Set SecurityContextHolder to anonymous SecurityContext
2025-08-14 22:48:17 - Securing POST /api/v1/quotes
2025-08-14 22:48:17 - Secured POST /api/v1/quotes
2025-08-14 22:48:17 - Mapped to com.autoinsurance.quote.controller.QuoteController#createQuote(QuoteRequestDto)
2025-08-14 22:48:17 - Read "application/json;charset=UTF-8" to [com.autoinsurance.quote.dto.QuoteRequestDto@12005f5c]
2025-08-14 22:48:17 - 
    select
        q1_0.id,
        q1_0.coverage_amount,
        q1_0.created_at,
        q1_0.deductible,
        q1_0.monthly_premium,
        q1_0.premium,
        q1_0.primary_driver_license,
        q1_0.primary_driver_name,
        q1_0.valid_until,
        q1_0.vehicle_current_value,
        q1_0.vehicle_make,
        q1_0.vehicle_model,
        q1_0.vehicle_vin,
        q1_0.vehicle_year 
    from
        quotes q1_0 
    where
        q1_0.id=?
2025-08-14 22:48:17 - 
    insert 
    into
        quotes
        (coverage_amount, created_at, deductible, monthly_premium, premium, primary_driver_license, primary_driver_name, valid_until, vehicle_current_value, vehicle_make, vehicle_model, vehicle_vin, vehicle_year, id) 
    values
        (?, ?, ?, ?, ?, ?, ?, ?, ?, ?, ?, ?, ?, ?)
2025-08-14 22:48:17 - Using 'application/json', given [*/*] and supported [application/json]
2025-08-14 22:48:17 - Writing [com.autoinsurance.quote.dto.QuoteResponseDto@2ecb79c8]
2025-08-14 22:48:17 - Set SecurityContextHolder to anonymous SecurityContext
Sustained Load Test Results:
  Duration: 35.006 seconds
  Total Requests Sent: 300
  Successful: 300
  Errors: 0
  Average Response Time: 8.27ms
  Min Response Time: 2ms
  Max Response Time: 23ms
  Actual RPS: 8.57
]]></system-out>
  </testcase>
  <testcase name="should_HandleHighConcurrentLoad" classname="com.autoinsurance.stress.StressAndReliabilityTest" time="0.028">
    <system-out><![CDATA[2025-08-14 22:48:23 - Securing POST /api/v1/quotes
2025-08-14 22:48:23 - Securing POST /api/v1/quotes
2025-08-14 22:48:23 - Securing POST /api/v1/quotes
2025-08-14 22:48:23 - Securing POST /api/v1/quotes
2025-08-14 22:48:23 - Securing POST /api/v1/quotes
2025-08-14 22:48:23 - Securing POST /api/v1/quotes
2025-08-14 22:48:23 - Secured POST /api/v1/quotes
2025-08-14 22:48:23 - Secured POST /api/v1/quotes
2025-08-14 22:48:23 - Secured POST /api/v1/quotes
2025-08-14 22:48:23 - Mapped to com.autoinsurance.quote.controller.QuoteController#createQuote(QuoteRequestDto)
2025-08-14 22:48:23 - Secured POST /api/v1/quotes
2025-08-14 22:48:23 - Mapped to com.autoinsurance.quote.controller.QuoteController#createQuote(QuoteRequestDto)
2025-08-14 22:48:23 - Secured POST /api/v1/quotes
2025-08-14 22:48:23 - Securing POST /api/v1/quotes
2025-08-14 22:48:23 - Mapped to com.autoinsurance.quote.controller.QuoteController#createQuote(QuoteRequestDto)
2025-08-14 22:48:23 - Securing POST /api/v1/quotes
2025-08-14 22:48:23 - Mapped to com.autoinsurance.quote.controller.QuoteController#createQuote(QuoteRequestDto)
2025-08-14 22:48:23 - Secured POST /api/v1/quotes
2025-08-14 22:48:23 - Mapped to com.autoinsurance.quote.controller.QuoteController#createQuote(QuoteRequestDto)
2025-08-14 22:48:23 - Secured POST /api/v1/quotes
2025-08-14 22:48:23 - Mapped to com.autoinsurance.quote.controller.QuoteController#createQuote(QuoteRequestDto)
2025-08-14 22:48:23 - Mapped to com.autoinsurance.quote.controller.QuoteController#createQuote(QuoteRequestDto)
2025-08-14 22:48:23 - Read "application/json;charset=UTF-8" to [com.autoinsurance.quote.dto.QuoteRequestDto@2f954fe5]
2025-08-14 22:48:23 - Read "application/json;charset=UTF-8" to [com.autoinsurance.quote.dto.QuoteRequestDto@70edb7fa]
2025-08-14 22:48:23 - Read "application/json;charset=UTF-8" to [com.autoinsurance.quote.dto.QuoteRequestDto@694f556a]
2025-08-14 22:48:23 - Secured POST /api/v1/quotes
2025-08-14 22:48:23 - Mapped to com.autoinsurance.quote.controller.QuoteController#createQuote(QuoteRequestDto)
2025-08-14 22:48:23 - Read "application/json;charset=UTF-8" to [com.autoinsurance.quote.dto.QuoteRequestDto@6648eb96]
2025-08-14 22:48:23 - Securing POST /api/v1/quotes
2025-08-14 22:48:23 - Read "application/json;charset=UTF-8" to [com.autoinsurance.quote.dto.QuoteRequestDto@16be7d34]
2025-08-14 22:48:23 - Read "application/json;charset=UTF-8" to [com.autoinsurance.quote.dto.QuoteRequestDto@960d1b9]
2025-08-14 22:48:23 - Read "application/json;charset=UTF-8" to [com.autoinsurance.quote.dto.QuoteRequestDto@59077906]
2025-08-14 22:48:23 - Secured POST /api/v1/quotes
2025-08-14 22:48:23 - Mapped to com.autoinsurance.quote.controller.QuoteController#createQuote(QuoteRequestDto)
2025-08-14 22:48:23 - Read "application/json;charset=UTF-8" to [com.autoinsurance.quote.dto.QuoteRequestDto@26fda940]
2025-08-14 22:48:23 - 
    select
        q1_0.id,
        q1_0.coverage_amount,
        q1_0.created_at,
        q1_0.deductible,
        q1_0.monthly_premium,
        q1_0.premium,
        q1_0.primary_driver_license,
        q1_0.primary_driver_name,
        q1_0.valid_until,
        q1_0.vehicle_current_value,
        q1_0.vehicle_make,
        q1_0.vehicle_model,
        q1_0.vehicle_vin,
        q1_0.vehicle_year 
    from
        quotes q1_0 
    where
        q1_0.id=?
2025-08-14 22:48:23 - Read "application/json;charset=UTF-8" to [com.autoinsurance.quote.dto.QuoteRequestDto@712998e4]
2025-08-14 22:48:23 - 
    select
        q1_0.id,
        q1_0.coverage_amount,
        q1_0.created_at,
        q1_0.deductible,
        q1_0.monthly_premium,
        q1_0.premium,
        q1_0.primary_driver_license,
        q1_0.primary_driver_name,
        q1_0.valid_until,
        q1_0.vehicle_current_value,
        q1_0.vehicle_make,
        q1_0.vehicle_model,
        q1_0.vehicle_vin,
        q1_0.vehicle_year 
    from
        quotes q1_0 
    where
        q1_0.id=?
2025-08-14 22:48:23 - 
    select
        q1_0.id,
        q1_0.coverage_amount,
        q1_0.created_at,
        q1_0.deductible,
        q1_0.monthly_premium,
        q1_0.premium,
        q1_0.primary_driver_license,
        q1_0.primary_driver_name,
        q1_0.valid_until,
        q1_0.vehicle_current_value,
        q1_0.vehicle_make,
        q1_0.vehicle_model,
        q1_0.vehicle_vin,
        q1_0.vehicle_year 
    from
        quotes q1_0 
    where
        q1_0.id=?
2025-08-14 22:48:23 - Securing POST /api/v1/quotes
2025-08-14 22:48:23 - 
    select
        q1_0.id,
        q1_0.coverage_amount,
        q1_0.created_at,
        q1_0.deductible,
        q1_0.monthly_premium,
        q1_0.premium,
        q1_0.primary_driver_license,
        q1_0.primary_driver_name,
        q1_0.valid_until,
        q1_0.vehicle_current_value,
        q1_0.vehicle_make,
        q1_0.vehicle_model,
        q1_0.vehicle_vin,
        q1_0.vehicle_year 
    from
        quotes q1_0 
    where
        q1_0.id=?
2025-08-14 22:48:23 - Secured POST /api/v1/quotes
2025-08-14 22:48:23 - Mapped to com.autoinsurance.quote.controller.QuoteController#createQuote(QuoteRequestDto)
2025-08-14 22:48:23 - 
    select
        q1_0.id,
        q1_0.coverage_amount,
        q1_0.created_at,
        q1_0.deductible,
        q1_0.monthly_premium,
        q1_0.premium,
        q1_0.primary_driver_license,
        q1_0.primary_driver_name,
        q1_0.valid_until,
        q1_0.vehicle_current_value,
        q1_0.vehicle_make,
        q1_0.vehicle_model,
        q1_0.vehicle_vin,
        q1_0.vehicle_year 
    from
        quotes q1_0 
    where
        q1_0.id=?
2025-08-14 22:48:23 - 
    select
        q1_0.id,
        q1_0.coverage_amount,
        q1_0.created_at,
        q1_0.deductible,
        q1_0.monthly_premium,
        q1_0.premium,
        q1_0.primary_driver_license,
        q1_0.primary_driver_name,
        q1_0.valid_until,
        q1_0.vehicle_current_value,
        q1_0.vehicle_make,
        q1_0.vehicle_model,
        q1_0.vehicle_vin,
        q1_0.vehicle_year 
    from
        quotes q1_0 
    where
        q1_0.id=?
2025-08-14 22:48:23 - 
    insert 
    into
        quotes
        (coverage_amount, created_at, deductible, monthly_premium, premium, primary_driver_license, primary_driver_name, valid_until, vehicle_current_value, vehicle_make, vehicle_model, vehicle_vin, vehicle_year, id) 
    values
        (?, ?, ?, ?, ?, ?, ?, ?, ?, ?, ?, ?, ?, ?)
2025-08-14 22:48:23 - 
    select
        q1_0.id,
        q1_0.coverage_amount,
        q1_0.created_at,
        q1_0.deductible,
        q1_0.monthly_premium,
        q1_0.premium,
        q1_0.primary_driver_license,
        q1_0.primary_driver_name,
        q1_0.valid_until,
        q1_0.vehicle_current_value,
        q1_0.vehicle_make,
        q1_0.vehicle_model,
        q1_0.vehicle_vin,
        q1_0.vehicle_year 
    from
        quotes q1_0 
    where
        q1_0.id=?
2025-08-14 22:48:23 - Read "application/json;charset=UTF-8" to [com.autoinsurance.quote.dto.QuoteRequestDto@57323076]
2025-08-14 22:48:23 - 
    insert 
    into
        quotes
        (coverage_amount, created_at, deductible, monthly_premium, premium, primary_driver_license, primary_driver_name, valid_until, vehicle_current_value, vehicle_make, vehicle_model, vehicle_vin, vehicle_year, id) 
    values
        (?, ?, ?, ?, ?, ?, ?, ?, ?, ?, ?, ?, ?, ?)
2025-08-14 22:48:23 - 
    insert 
    into
        quotes
        (coverage_amount, created_at, deductible, monthly_premium, premium, primary_driver_license, primary_driver_name, valid_until, vehicle_current_value, vehicle_make, vehicle_model, vehicle_vin, vehicle_year, id) 
    values
        (?, ?, ?, ?, ?, ?, ?, ?, ?, ?, ?, ?, ?, ?)
2025-08-14 22:48:23 - 
    insert 
    into
        quotes
        (coverage_amount, created_at, deductible, monthly_premium, premium, primary_driver_license, primary_driver_name, valid_until, vehicle_current_value, vehicle_make, vehicle_model, vehicle_vin, vehicle_year, id) 
    values
        (?, ?, ?, ?, ?, ?, ?, ?, ?, ?, ?, ?, ?, ?)
2025-08-14 22:48:23 - 
    select
        q1_0.id,
        q1_0.coverage_amount,
        q1_0.created_at,
        q1_0.deductible,
        q1_0.monthly_premium,
        q1_0.premium,
        q1_0.primary_driver_license,
        q1_0.primary_driver_name,
        q1_0.valid_until,
        q1_0.vehicle_current_value,
        q1_0.vehicle_make,
        q1_0.vehicle_model,
        q1_0.vehicle_vin,
        q1_0.vehicle_year 
    from
        quotes q1_0 
    where
        q1_0.id=?
2025-08-14 22:48:23 - 
    select
        q1_0.id,
        q1_0.coverage_amount,
        q1_0.created_at,
        q1_0.deductible,
        q1_0.monthly_premium,
        q1_0.premium,
        q1_0.primary_driver_license,
        q1_0.primary_driver_name,
        q1_0.valid_until,
        q1_0.vehicle_current_value,
        q1_0.vehicle_make,
        q1_0.vehicle_model,
        q1_0.vehicle_vin,
        q1_0.vehicle_year 
    from
        quotes q1_0 
    where
        q1_0.id=?
2025-08-14 22:48:23 - Using 'application/json', given [*/*] and supported [application/json]
2025-08-14 22:48:23 - Using 'application/json', given [*/*] and supported [application/json]
2025-08-14 22:48:23 - Using 'application/json', given [*/*] and supported [application/json]
2025-08-14 22:48:23 - 
    select
        q1_0.id,
        q1_0.coverage_amount,
        q1_0.created_at,
        q1_0.deductible,
        q1_0.monthly_premium,
        q1_0.premium,
        q1_0.primary_driver_license,
        q1_0.primary_driver_name,
        q1_0.valid_until,
        q1_0.vehicle_current_value,
        q1_0.vehicle_make,
        q1_0.vehicle_model,
        q1_0.vehicle_vin,
        q1_0.vehicle_year 
    from
        quotes q1_0 
    where
        q1_0.id=?
2025-08-14 22:48:23 - Writing [com.autoinsurance.quote.dto.QuoteResponseDto@72625f93]
2025-08-14 22:48:23 - Writing [com.autoinsurance.quote.dto.QuoteResponseDto@6f0c64b0]
2025-08-14 22:48:23 - Writing [com.autoinsurance.quote.dto.QuoteResponseDto@15378610]
2025-08-14 22:48:23 - 
    insert 
    into
        quotes
        (coverage_amount, created_at, deductible, monthly_premium, premium, primary_driver_license, primary_driver_name, valid_until, vehicle_current_value, vehicle_make, vehicle_model, vehicle_vin, vehicle_year, id) 
    values
        (?, ?, ?, ?, ?, ?, ?, ?, ?, ?, ?, ?, ?, ?)
2025-08-14 22:48:23 - 
    insert 
    into
        quotes
        (coverage_amount, created_at, deductible, monthly_premium, premium, primary_driver_license, primary_driver_name, valid_until, vehicle_current_value, vehicle_make, vehicle_model, vehicle_vin, vehicle_year, id) 
    values
        (?, ?, ?, ?, ?, ?, ?, ?, ?, ?, ?, ?, ?, ?)
2025-08-14 22:48:23 - Set SecurityContextHolder to anonymous SecurityContext
2025-08-14 22:48:23 - 
    insert 
    into
        quotes
        (coverage_amount, created_at, deductible, monthly_premium, premium, primary_driver_license, primary_driver_name, valid_until, vehicle_current_value, vehicle_make, vehicle_model, vehicle_vin, vehicle_year, id) 
    values
        (?, ?, ?, ?, ?, ?, ?, ?, ?, ?, ?, ?, ?, ?)
2025-08-14 22:48:23 - Set SecurityContextHolder to anonymous SecurityContext
2025-08-14 22:48:23 - Using 'application/json', given [*/*] and supported [application/json]
2025-08-14 22:48:23 - Writing [com.autoinsurance.quote.dto.QuoteResponseDto@2badf46c]
2025-08-14 22:48:23 - Set SecurityContextHolder to anonymous SecurityContext
2025-08-14 22:48:23 - Using 'application/json', given [*/*] and supported [application/json]
2025-08-14 22:48:23 - 
    insert 
    into
        quotes
        (coverage_amount, created_at, deductible, monthly_premium, premium, primary_driver_license, primary_driver_name, valid_until, vehicle_current_value, vehicle_make, vehicle_model, vehicle_vin, vehicle_year, id) 
    values
        (?, ?, ?, ?, ?, ?, ?, ?, ?, ?, ?, ?, ?, ?)
2025-08-14 22:48:23 - Using 'application/json', given [*/*] and supported [application/json]
2025-08-14 22:48:23 - Set SecurityContextHolder to anonymous SecurityContext
2025-08-14 22:48:23 - Writing [com.autoinsurance.quote.dto.QuoteResponseDto@3123be79]
2025-08-14 22:48:23 - Writing [com.autoinsurance.quote.dto.QuoteResponseDto@22250115]
2025-08-14 22:48:23 - Set SecurityContextHolder to anonymous SecurityContext
2025-08-14 22:48:23 - 
    insert 
    into
        quotes
        (coverage_amount, created_at, deductible, monthly_premium, premium, primary_driver_license, primary_driver_name, valid_until, vehicle_current_value, vehicle_make, vehicle_model, vehicle_vin, vehicle_year, id) 
    values
        (?, ?, ?, ?, ?, ?, ?, ?, ?, ?, ?, ?, ?, ?)
2025-08-14 22:48:23 - Set SecurityContextHolder to anonymous SecurityContext
2025-08-14 22:48:23 - Using 'application/json', given [*/*] and supported [application/json]
2025-08-14 22:48:23 - Using 'application/json', given [*/*] and supported [application/json]
2025-08-14 22:48:23 - Writing [com.autoinsurance.quote.dto.QuoteResponseDto@7b5759aa]
2025-08-14 22:48:23 - Writing [com.autoinsurance.quote.dto.QuoteResponseDto@2ef4b7c8]
2025-08-14 22:48:23 - Using 'application/json', given [*/*] and supported [application/json]
2025-08-14 22:48:23 - 
    insert 
    into
        quotes
        (coverage_amount, created_at, deductible, monthly_premium, premium, primary_driver_license, primary_driver_name, valid_until, vehicle_current_value, vehicle_make, vehicle_model, vehicle_vin, vehicle_year, id) 
    values
        (?, ?, ?, ?, ?, ?, ?, ?, ?, ?, ?, ?, ?, ?)
2025-08-14 22:48:23 - Writing [com.autoinsurance.quote.dto.QuoteResponseDto@45b4cbfe]
2025-08-14 22:48:23 - Set SecurityContextHolder to anonymous SecurityContext
2025-08-14 22:48:23 - Set SecurityContextHolder to anonymous SecurityContext
2025-08-14 22:48:23 - Set SecurityContextHolder to anonymous SecurityContext
2025-08-14 22:48:23 - Using 'application/json', given [*/*] and supported [application/json]
2025-08-14 22:48:23 - Writing [com.autoinsurance.quote.dto.QuoteResponseDto@2f856750]
2025-08-14 22:48:23 - Set SecurityContextHolder to anonymous SecurityContext
2025-08-14 22:48:23 - Securing POST /api/v1/quotes
2025-08-14 22:48:23 - Securing POST /api/v1/quotes
2025-08-14 22:48:23 - Securing POST /api/v1/quotes
2025-08-14 22:48:23 - Securing POST /api/v1/quotes
2025-08-14 22:48:23 - Securing POST /api/v1/quotes
2025-08-14 22:48:23 - Securing POST /api/v1/quotes
2025-08-14 22:48:23 - Securing POST /api/v1/quotes
2025-08-14 22:48:23 - Securing POST /api/v1/quotes
2025-08-14 22:48:23 - Securing POST /api/v1/quotes
2025-08-14 22:48:23 - Secured POST /api/v1/quotes
2025-08-14 22:48:23 - Secured POST /api/v1/quotes
2025-08-14 22:48:23 - Secured POST /api/v1/quotes
2025-08-14 22:48:23 - Secured POST /api/v1/quotes
2025-08-14 22:48:23 - Secured POST /api/v1/quotes
2025-08-14 22:48:23 - Mapped to com.autoinsurance.quote.controller.QuoteController#createQuote(QuoteRequestDto)
2025-08-14 22:48:23 - Mapped to com.autoinsurance.quote.controller.QuoteController#createQuote(QuoteRequestDto)
2025-08-14 22:48:23 - Mapped to com.autoinsurance.quote.controller.QuoteController#createQuote(QuoteRequestDto)
2025-08-14 22:48:23 - Mapped to com.autoinsurance.quote.controller.QuoteController#createQuote(QuoteRequestDto)
2025-08-14 22:48:23 - Securing POST /api/v1/quotes
2025-08-14 22:48:23 - Secured POST /api/v1/quotes
2025-08-14 22:48:23 - Secured POST /api/v1/quotes
2025-08-14 22:48:23 - Mapped to com.autoinsurance.quote.controller.QuoteController#createQuote(QuoteRequestDto)
2025-08-14 22:48:23 - Mapped to com.autoinsurance.quote.controller.QuoteController#createQuote(QuoteRequestDto)
2025-08-14 22:48:23 - Secured POST /api/v1/quotes
2025-08-14 22:48:23 - Mapped to com.autoinsurance.quote.controller.QuoteController#createQuote(QuoteRequestDto)
2025-08-14 22:48:23 - Read "application/json;charset=UTF-8" to [com.autoinsurance.quote.dto.QuoteRequestDto@4ca9f833]
2025-08-14 22:48:23 - Read "application/json;charset=UTF-8" to [com.autoinsurance.quote.dto.QuoteRequestDto@16243f10]
2025-08-14 22:48:23 - Secured POST /api/v1/quotes
2025-08-14 22:48:23 - Secured POST /api/v1/quotes
2025-08-14 22:48:23 - Read "application/json;charset=UTF-8" to [com.autoinsurance.quote.dto.QuoteRequestDto@626389af]
2025-08-14 22:48:23 - Mapped to com.autoinsurance.quote.controller.QuoteController#createQuote(QuoteRequestDto)
2025-08-14 22:48:23 - Mapped to com.autoinsurance.quote.controller.QuoteController#createQuote(QuoteRequestDto)
2025-08-14 22:48:23 - Read "application/json;charset=UTF-8" to [com.autoinsurance.quote.dto.QuoteRequestDto@2501047d]
2025-08-14 22:48:23 - Read "application/json;charset=UTF-8" to [com.autoinsurance.quote.dto.QuoteRequestDto@411f2f87]
2025-08-14 22:48:23 - Read "application/json;charset=UTF-8" to [com.autoinsurance.quote.dto.QuoteRequestDto@1541ae5c]
2025-08-14 22:48:23 - Read "application/json;charset=UTF-8" to [com.autoinsurance.quote.dto.QuoteRequestDto@3e8331e4]
2025-08-14 22:48:23 - Mapped to com.autoinsurance.quote.controller.QuoteController#createQuote(QuoteRequestDto)
2025-08-14 22:48:23 - Read "application/json;charset=UTF-8" to [com.autoinsurance.quote.dto.QuoteRequestDto@450e16f5]
2025-08-14 22:48:23 - 
    select
        q1_0.id,
        q1_0.coverage_amount,
        q1_0.created_at,
        q1_0.deductible,
        q1_0.monthly_premium,
        q1_0.premium,
        q1_0.primary_driver_license,
        q1_0.primary_driver_name,
        q1_0.valid_until,
        q1_0.vehicle_current_value,
        q1_0.vehicle_make,
        q1_0.vehicle_model,
        q1_0.vehicle_vin,
        q1_0.vehicle_year 
    from
        quotes q1_0 
    where
        q1_0.id=?
2025-08-14 22:48:23 - 
    select
        q1_0.id,
        q1_0.coverage_amount,
        q1_0.created_at,
        q1_0.deductible,
        q1_0.monthly_premium,
        q1_0.premium,
        q1_0.primary_driver_license,
        q1_0.primary_driver_name,
        q1_0.valid_until,
        q1_0.vehicle_current_value,
        q1_0.vehicle_make,
        q1_0.vehicle_model,
        q1_0.vehicle_vin,
        q1_0.vehicle_year 
    from
        quotes q1_0 
    where
        q1_0.id=?
2025-08-14 22:48:23 - Read "application/json;charset=UTF-8" to [com.autoinsurance.quote.dto.QuoteRequestDto@618ac3c0]
2025-08-14 22:48:23 - Read "application/json;charset=UTF-8" to [com.autoinsurance.quote.dto.QuoteRequestDto@559ea5b9]
2025-08-14 22:48:23 - 
    select
        q1_0.id,
        q1_0.coverage_amount,
        q1_0.created_at,
        q1_0.deductible,
        q1_0.monthly_premium,
        q1_0.premium,
        q1_0.primary_driver_license,
        q1_0.primary_driver_name,
        q1_0.valid_until,
        q1_0.vehicle_current_value,
        q1_0.vehicle_make,
        q1_0.vehicle_model,
        q1_0.vehicle_vin,
        q1_0.vehicle_year 
    from
        quotes q1_0 
    where
        q1_0.id=?
2025-08-14 22:48:23 - 
    select
        q1_0.id,
        q1_0.coverage_amount,
        q1_0.created_at,
        q1_0.deductible,
        q1_0.monthly_premium,
        q1_0.premium,
        q1_0.primary_driver_license,
        q1_0.primary_driver_name,
        q1_0.valid_until,
        q1_0.vehicle_current_value,
        q1_0.vehicle_make,
        q1_0.vehicle_model,
        q1_0.vehicle_vin,
        q1_0.vehicle_year 
    from
        quotes q1_0 
    where
        q1_0.id=?
2025-08-14 22:48:23 - 
    select
        q1_0.id,
        q1_0.coverage_amount,
        q1_0.created_at,
        q1_0.deductible,
        q1_0.monthly_premium,
        q1_0.premium,
        q1_0.primary_driver_license,
        q1_0.primary_driver_name,
        q1_0.valid_until,
        q1_0.vehicle_current_value,
        q1_0.vehicle_make,
        q1_0.vehicle_model,
        q1_0.vehicle_vin,
        q1_0.vehicle_year 
    from
        quotes q1_0 
    where
        q1_0.id=?
2025-08-14 22:48:23 - 
    select
        q1_0.id,
        q1_0.coverage_amount,
        q1_0.created_at,
        q1_0.deductible,
        q1_0.monthly_premium,
        q1_0.premium,
        q1_0.primary_driver_license,
        q1_0.primary_driver_name,
        q1_0.valid_until,
        q1_0.vehicle_current_value,
        q1_0.vehicle_make,
        q1_0.vehicle_model,
        q1_0.vehicle_vin,
        q1_0.vehicle_year 
    from
        quotes q1_0 
    where
        q1_0.id=?
2025-08-14 22:48:23 - 
    select
        q1_0.id,
        q1_0.coverage_amount,
        q1_0.created_at,
        q1_0.deductible,
        q1_0.monthly_premium,
        q1_0.premium,
        q1_0.primary_driver_license,
        q1_0.primary_driver_name,
        q1_0.valid_until,
        q1_0.vehicle_current_value,
        q1_0.vehicle_make,
        q1_0.vehicle_model,
        q1_0.vehicle_vin,
        q1_0.vehicle_year 
    from
        quotes q1_0 
    where
        q1_0.id=?
2025-08-14 22:48:23 - 
    select
        q1_0.id,
        q1_0.coverage_amount,
        q1_0.created_at,
        q1_0.deductible,
        q1_0.monthly_premium,
        q1_0.premium,
        q1_0.primary_driver_license,
        q1_0.primary_driver_name,
        q1_0.valid_until,
        q1_0.vehicle_current_value,
        q1_0.vehicle_make,
        q1_0.vehicle_model,
        q1_0.vehicle_vin,
        q1_0.vehicle_year 
    from
        quotes q1_0 
    where
        q1_0.id=?
2025-08-14 22:48:23 - 
    select
        q1_0.id,
        q1_0.coverage_amount,
        q1_0.created_at,
        q1_0.deductible,
        q1_0.monthly_premium,
        q1_0.premium,
        q1_0.primary_driver_license,
        q1_0.primary_driver_name,
        q1_0.valid_until,
        q1_0.vehicle_current_value,
        q1_0.vehicle_make,
        q1_0.vehicle_model,
        q1_0.vehicle_vin,
        q1_0.vehicle_year 
    from
        quotes q1_0 
    where
        q1_0.id=?
2025-08-14 22:48:23 - 
    insert 
    into
        quotes
        (coverage_amount, created_at, deductible, monthly_premium, premium, primary_driver_license, primary_driver_name, valid_until, vehicle_current_value, vehicle_make, vehicle_model, vehicle_vin, vehicle_year, id) 
    values
        (?, ?, ?, ?, ?, ?, ?, ?, ?, ?, ?, ?, ?, ?)
2025-08-14 22:48:23 - 
    insert 
    into
        quotes
        (coverage_amount, created_at, deductible, monthly_premium, premium, primary_driver_license, primary_driver_name, valid_until, vehicle_current_value, vehicle_make, vehicle_model, vehicle_vin, vehicle_year, id) 
    values
        (?, ?, ?, ?, ?, ?, ?, ?, ?, ?, ?, ?, ?, ?)
2025-08-14 22:48:23 - 
    insert 
    into
        quotes
        (coverage_amount, created_at, deductible, monthly_premium, premium, primary_driver_license, primary_driver_name, valid_until, vehicle_current_value, vehicle_make, vehicle_model, vehicle_vin, vehicle_year, id) 
    values
        (?, ?, ?, ?, ?, ?, ?, ?, ?, ?, ?, ?, ?, ?)
2025-08-14 22:48:23 - 
    insert 
    into
        quotes
        (coverage_amount, created_at, deductible, monthly_premium, premium, primary_driver_license, primary_driver_name, valid_until, vehicle_current_value, vehicle_make, vehicle_model, vehicle_vin, vehicle_year, id) 
    values
        (?, ?, ?, ?, ?, ?, ?, ?, ?, ?, ?, ?, ?, ?)
2025-08-14 22:48:23 - 
    insert 
    into
        quotes
        (coverage_amount, created_at, deductible, monthly_premium, premium, primary_driver_license, primary_driver_name, valid_until, vehicle_current_value, vehicle_make, vehicle_model, vehicle_vin, vehicle_year, id) 
    values
        (?, ?, ?, ?, ?, ?, ?, ?, ?, ?, ?, ?, ?, ?)
2025-08-14 22:48:23 - 
    insert 
    into
        quotes
        (coverage_amount, created_at, deductible, monthly_premium, premium, primary_driver_license, primary_driver_name, valid_until, vehicle_current_value, vehicle_make, vehicle_model, vehicle_vin, vehicle_year, id) 
    values
        (?, ?, ?, ?, ?, ?, ?, ?, ?, ?, ?, ?, ?, ?)
2025-08-14 22:48:23 - 
    select
        q1_0.id,
        q1_0.coverage_amount,
        q1_0.created_at,
        q1_0.deductible,
        q1_0.monthly_premium,
        q1_0.premium,
        q1_0.primary_driver_license,
        q1_0.primary_driver_name,
        q1_0.valid_until,
        q1_0.vehicle_current_value,
        q1_0.vehicle_make,
        q1_0.vehicle_model,
        q1_0.vehicle_vin,
        q1_0.vehicle_year 
    from
        quotes q1_0 
    where
        q1_0.id=?
2025-08-14 22:48:23 - 
    insert 
    into
        quotes
        (coverage_amount, created_at, deductible, monthly_premium, premium, primary_driver_license, primary_driver_name, valid_until, vehicle_current_value, vehicle_make, vehicle_model, vehicle_vin, vehicle_year, id) 
    values
        (?, ?, ?, ?, ?, ?, ?, ?, ?, ?, ?, ?, ?, ?)
2025-08-14 22:48:23 - 
    insert 
    into
        quotes
        (coverage_amount, created_at, deductible, monthly_premium, premium, primary_driver_license, primary_driver_name, valid_until, vehicle_current_value, vehicle_make, vehicle_model, vehicle_vin, vehicle_year, id) 
    values
        (?, ?, ?, ?, ?, ?, ?, ?, ?, ?, ?, ?, ?, ?)
2025-08-14 22:48:23 - Using 'application/json', given [*/*] and supported [application/json]
2025-08-14 22:48:23 - Using 'application/json', given [*/*] and supported [application/json]
2025-08-14 22:48:23 - Using 'application/json', given [*/*] and supported [application/json]
2025-08-14 22:48:23 - Writing [com.autoinsurance.quote.dto.QuoteResponseDto@1140e3d1]
2025-08-14 22:48:23 - Writing [com.autoinsurance.quote.dto.QuoteResponseDto@15ebb476]
2025-08-14 22:48:23 - Using 'application/json', given [*/*] and supported [application/json]
2025-08-14 22:48:23 - Using 'application/json', given [*/*] and supported [application/json]
2025-08-14 22:48:23 - Writing [com.autoinsurance.quote.dto.QuoteResponseDto@1bbd6186]
2025-08-14 22:48:23 - Using 'application/json', given [*/*] and supported [application/json]
2025-08-14 22:48:23 - Using 'application/json', given [*/*] and supported [application/json]
2025-08-14 22:48:23 - Writing [com.autoinsurance.quote.dto.QuoteResponseDto@ca778ac]
2025-08-14 22:48:23 - Writing [com.autoinsurance.quote.dto.QuoteResponseDto@526539f7]
2025-08-14 22:48:23 - Writing [com.autoinsurance.quote.dto.QuoteResponseDto@2d5c953e]
2025-08-14 22:48:23 - Using 'application/json', given [*/*] and supported [application/json]
2025-08-14 22:48:23 - Writing [com.autoinsurance.quote.dto.QuoteResponseDto@1ac021a1]
2025-08-14 22:48:23 - Set SecurityContextHolder to anonymous SecurityContext
2025-08-14 22:48:23 - Writing [com.autoinsurance.quote.dto.QuoteResponseDto@112b6d90]
2025-08-14 22:48:23 - Set SecurityContextHolder to anonymous SecurityContext
2025-08-14 22:48:23 - Set SecurityContextHolder to anonymous SecurityContext
2025-08-14 22:48:23 - Set SecurityContextHolder to anonymous SecurityContext
2025-08-14 22:48:23 - 
    insert 
    into
        quotes
        (coverage_amount, created_at, deductible, monthly_premium, premium, primary_driver_license, primary_driver_name, valid_until, vehicle_current_value, vehicle_make, vehicle_model, vehicle_vin, vehicle_year, id) 
    values
        (?, ?, ?, ?, ?, ?, ?, ?, ?, ?, ?, ?, ?, ?)
2025-08-14 22:48:23 - Using 'application/json', given [*/*] and supported [application/json]
2025-08-14 22:48:23 - Set SecurityContextHolder to anonymous SecurityContext
2025-08-14 22:48:23 - Writing [com.autoinsurance.quote.dto.QuoteResponseDto@65cac15b]
2025-08-14 22:48:23 - Set SecurityContextHolder to anonymous SecurityContext
2025-08-14 22:48:23 - Set SecurityContextHolder to anonymous SecurityContext
2025-08-14 22:48:23 - 
    insert 
    into
        quotes
        (coverage_amount, created_at, deductible, monthly_premium, premium, primary_driver_license, primary_driver_name, valid_until, vehicle_current_value, vehicle_make, vehicle_model, vehicle_vin, vehicle_year, id) 
    values
        (?, ?, ?, ?, ?, ?, ?, ?, ?, ?, ?, ?, ?, ?)
2025-08-14 22:48:23 - Securing POST /api/v1/quotes
2025-08-14 22:48:23 - Securing POST /api/v1/quotes
2025-08-14 22:48:23 - Securing POST /api/v1/quotes
2025-08-14 22:48:23 - Set SecurityContextHolder to anonymous SecurityContext
2025-08-14 22:48:23 - Set SecurityContextHolder to anonymous SecurityContext
2025-08-14 22:48:23 - Securing POST /api/v1/quotes
2025-08-14 22:48:23 - Secured POST /api/v1/quotes
2025-08-14 22:48:23 - Mapped to com.autoinsurance.quote.controller.QuoteController#createQuote(QuoteRequestDto)
2025-08-14 22:48:23 - Using 'application/json', given [*/*] and supported [application/json]
2025-08-14 22:48:23 - Secured POST /api/v1/quotes
2025-08-14 22:48:23 - Securing POST /api/v1/quotes
2025-08-14 22:48:23 - Mapped to com.autoinsurance.quote.controller.QuoteController#createQuote(QuoteRequestDto)
2025-08-14 22:48:23 - Secured POST /api/v1/quotes
2025-08-14 22:48:23 - Writing [com.autoinsurance.quote.dto.QuoteResponseDto@749b667f]
2025-08-14 22:48:23 - Securing POST /api/v1/quotes
2025-08-14 22:48:23 - Mapped to com.autoinsurance.quote.controller.QuoteController#createQuote(QuoteRequestDto)
2025-08-14 22:48:23 - Read "application/json;charset=UTF-8" to [com.autoinsurance.quote.dto.QuoteRequestDto@13d12d90]
2025-08-14 22:48:23 - Read "application/json;charset=UTF-8" to [com.autoinsurance.quote.dto.QuoteRequestDto@4fdb285d]
2025-08-14 22:48:23 - Secured POST /api/v1/quotes
2025-08-14 22:48:23 - Mapped to com.autoinsurance.quote.controller.QuoteController#createQuote(QuoteRequestDto)
2025-08-14 22:48:23 - Set SecurityContextHolder to anonymous SecurityContext
2025-08-14 22:48:23 - Secured POST /api/v1/quotes
2025-08-14 22:48:23 - Read "application/json;charset=UTF-8" to [com.autoinsurance.quote.dto.QuoteRequestDto@4cc578d]
2025-08-14 22:48:23 - Securing POST /api/v1/quotes
2025-08-14 22:48:23 - Securing POST /api/v1/quotes
2025-08-14 22:48:23 - Read "application/json;charset=UTF-8" to [com.autoinsurance.quote.dto.QuoteRequestDto@4cbfd819]
2025-08-14 22:48:23 - Mapped to com.autoinsurance.quote.controller.QuoteController#createQuote(QuoteRequestDto)
2025-08-14 22:48:23 - Securing POST /api/v1/quotes
2025-08-14 22:48:23 - Secured POST /api/v1/quotes
2025-08-14 22:48:23 - Mapped to com.autoinsurance.quote.controller.QuoteController#createQuote(QuoteRequestDto)
2025-08-14 22:48:23 - 
    select
        q1_0.id,
        q1_0.coverage_amount,
        q1_0.created_at,
        q1_0.deductible,
        q1_0.monthly_premium,
        q1_0.premium,
        q1_0.primary_driver_license,
        q1_0.primary_driver_name,
        q1_0.valid_until,
        q1_0.vehicle_current_value,
        q1_0.vehicle_make,
        q1_0.vehicle_model,
        q1_0.vehicle_vin,
        q1_0.vehicle_year 
    from
        quotes q1_0 
    where
        q1_0.id=?
2025-08-14 22:48:23 - Secured POST /api/v1/quotes
2025-08-14 22:48:23 - Secured POST /api/v1/quotes
2025-08-14 22:48:23 - Secured POST /api/v1/quotes
2025-08-14 22:48:23 - Mapped to com.autoinsurance.quote.controller.QuoteController#createQuote(QuoteRequestDto)
2025-08-14 22:48:23 - Mapped to com.autoinsurance.quote.controller.QuoteController#createQuote(QuoteRequestDto)
2025-08-14 22:48:23 - Mapped to com.autoinsurance.quote.controller.QuoteController#createQuote(QuoteRequestDto)
2025-08-14 22:48:23 - Securing POST /api/v1/quotes
2025-08-14 22:48:23 - Read "application/json;charset=UTF-8" to [com.autoinsurance.quote.dto.QuoteRequestDto@2b204dea]
2025-08-14 22:48:23 - 
    select
        q1_0.id,
        q1_0.coverage_amount,
        q1_0.created_at,
        q1_0.deductible,
        q1_0.monthly_premium,
        q1_0.premium,
        q1_0.primary_driver_license,
        q1_0.primary_driver_name,
        q1_0.valid_until,
        q1_0.vehicle_current_value,
        q1_0.vehicle_make,
        q1_0.vehicle_model,
        q1_0.vehicle_vin,
        q1_0.vehicle_year 
    from
        quotes q1_0 
    where
        q1_0.id=?
2025-08-14 22:48:23 - Read "application/json;charset=UTF-8" to [com.autoinsurance.quote.dto.QuoteRequestDto@7af2ee87]
2025-08-14 22:48:23 - Read "application/json;charset=UTF-8" to [com.autoinsurance.quote.dto.QuoteRequestDto@544831be]
2025-08-14 22:48:23 - 
    insert 
    into
        quotes
        (coverage_amount, created_at, deductible, monthly_premium, premium, primary_driver_license, primary_driver_name, valid_until, vehicle_current_value, vehicle_make, vehicle_model, vehicle_vin, vehicle_year, id) 
    values
        (?, ?, ?, ?, ?, ?, ?, ?, ?, ?, ?, ?, ?, ?)
2025-08-14 22:48:23 - 
    select
        q1_0.id,
        q1_0.coverage_amount,
        q1_0.created_at,
        q1_0.deductible,
        q1_0.monthly_premium,
        q1_0.premium,
        q1_0.primary_driver_license,
        q1_0.primary_driver_name,
        q1_0.valid_until,
        q1_0.vehicle_current_value,
        q1_0.vehicle_make,
        q1_0.vehicle_model,
        q1_0.vehicle_vin,
        q1_0.vehicle_year 
    from
        quotes q1_0 
    where
        q1_0.id=?
2025-08-14 22:48:23 - Secured POST /api/v1/quotes
2025-08-14 22:48:23 - Using 'application/json', given [*/*] and supported [application/json]
2025-08-14 22:48:23 - Mapped to com.autoinsurance.quote.controller.QuoteController#createQuote(QuoteRequestDto)
2025-08-14 22:48:23 - Read "application/json;charset=UTF-8" to [com.autoinsurance.quote.dto.QuoteRequestDto@7020f7e0]
2025-08-14 22:48:23 - Writing [com.autoinsurance.quote.dto.QuoteResponseDto@30423b7b]
2025-08-14 22:48:23 - 
    select
        q1_0.id,
        q1_0.coverage_amount,
        q1_0.created_at,
        q1_0.deductible,
        q1_0.monthly_premium,
        q1_0.premium,
        q1_0.primary_driver_license,
        q1_0.primary_driver_name,
        q1_0.valid_until,
        q1_0.vehicle_current_value,
        q1_0.vehicle_make,
        q1_0.vehicle_model,
        q1_0.vehicle_vin,
        q1_0.vehicle_year 
    from
        quotes q1_0 
    where
        q1_0.id=?
2025-08-14 22:48:23 - 
    insert 
    into
        quotes
        (coverage_amount, created_at, deductible, monthly_premium, premium, primary_driver_license, primary_driver_name, valid_until, vehicle_current_value, vehicle_make, vehicle_model, vehicle_vin, vehicle_year, id) 
    values
        (?, ?, ?, ?, ?, ?, ?, ?, ?, ?, ?, ?, ?, ?)
2025-08-14 22:48:23 - Set SecurityContextHolder to anonymous SecurityContext
2025-08-14 22:48:23 - 
    select
        q1_0.id,
        q1_0.coverage_amount,
        q1_0.created_at,
        q1_0.deductible,
        q1_0.monthly_premium,
        q1_0.premium,
        q1_0.primary_driver_license,
        q1_0.primary_driver_name,
        q1_0.valid_until,
        q1_0.vehicle_current_value,
        q1_0.vehicle_make,
        q1_0.vehicle_model,
        q1_0.vehicle_vin,
        q1_0.vehicle_year 
    from
        quotes q1_0 
    where
        q1_0.id=?
2025-08-14 22:48:23 - 
    select
        q1_0.id,
        q1_0.coverage_amount,
        q1_0.created_at,
        q1_0.deductible,
        q1_0.monthly_premium,
        q1_0.premium,
        q1_0.primary_driver_license,
        q1_0.primary_driver_name,
        q1_0.valid_until,
        q1_0.vehicle_current_value,
        q1_0.vehicle_make,
        q1_0.vehicle_model,
        q1_0.vehicle_vin,
        q1_0.vehicle_year 
    from
        quotes q1_0 
    where
        q1_0.id=?
2025-08-14 22:48:23 - Read "application/json;charset=UTF-8" to [com.autoinsurance.quote.dto.QuoteRequestDto@7b58b841]
2025-08-14 22:48:23 - 
    insert 
    into
        quotes
        (coverage_amount, created_at, deductible, monthly_premium, premium, primary_driver_license, primary_driver_name, valid_until, vehicle_current_value, vehicle_make, vehicle_model, vehicle_vin, vehicle_year, id) 
    values
        (?, ?, ?, ?, ?, ?, ?, ?, ?, ?, ?, ?, ?, ?)
2025-08-14 22:48:23 - 
    select
        q1_0.id,
        q1_0.coverage_amount,
        q1_0.created_at,
        q1_0.deductible,
        q1_0.monthly_premium,
        q1_0.premium,
        q1_0.primary_driver_license,
        q1_0.primary_driver_name,
        q1_0.valid_until,
        q1_0.vehicle_current_value,
        q1_0.vehicle_make,
        q1_0.vehicle_model,
        q1_0.vehicle_vin,
        q1_0.vehicle_year 
    from
        quotes q1_0 
    where
        q1_0.id=?
2025-08-14 22:48:23 - Using 'application/json', given [*/*] and supported [application/json]
2025-08-14 22:48:23 - Writing [com.autoinsurance.quote.dto.QuoteResponseDto@60794729]
2025-08-14 22:48:23 - 
    select
        q1_0.id,
        q1_0.coverage_amount,
        q1_0.created_at,
        q1_0.deductible,
        q1_0.monthly_premium,
        q1_0.premium,
        q1_0.primary_driver_license,
        q1_0.primary_driver_name,
        q1_0.valid_until,
        q1_0.vehicle_current_value,
        q1_0.vehicle_make,
        q1_0.vehicle_model,
        q1_0.vehicle_vin,
        q1_0.vehicle_year 
    from
        quotes q1_0 
    where
        q1_0.id=?
2025-08-14 22:48:23 - Set SecurityContextHolder to anonymous SecurityContext
2025-08-14 22:48:23 - Securing POST /api/v1/quotes
2025-08-14 22:48:23 - 
    insert 
    into
        quotes
        (coverage_amount, created_at, deductible, monthly_premium, premium, primary_driver_license, primary_driver_name, valid_until, vehicle_current_value, vehicle_make, vehicle_model, vehicle_vin, vehicle_year, id) 
    values
        (?, ?, ?, ?, ?, ?, ?, ?, ?, ?, ?, ?, ?, ?)
2025-08-14 22:48:23 - 
    insert 
    into
        quotes
        (coverage_amount, created_at, deductible, monthly_premium, premium, primary_driver_license, primary_driver_name, valid_until, vehicle_current_value, vehicle_make, vehicle_model, vehicle_vin, vehicle_year, id) 
    values
        (?, ?, ?, ?, ?, ?, ?, ?, ?, ?, ?, ?, ?, ?)
2025-08-14 22:48:23 - 
    insert 
    into
        quotes
        (coverage_amount, created_at, deductible, monthly_premium, premium, primary_driver_license, primary_driver_name, valid_until, vehicle_current_value, vehicle_make, vehicle_model, vehicle_vin, vehicle_year, id) 
    values
        (?, ?, ?, ?, ?, ?, ?, ?, ?, ?, ?, ?, ?, ?)
2025-08-14 22:48:23 - Secured POST /api/v1/quotes
2025-08-14 22:48:23 - 
    select
        q1_0.id,
        q1_0.coverage_amount,
        q1_0.created_at,
        q1_0.deductible,
        q1_0.monthly_premium,
        q1_0.premium,
        q1_0.primary_driver_license,
        q1_0.primary_driver_name,
        q1_0.valid_until,
        q1_0.vehicle_current_value,
        q1_0.vehicle_make,
        q1_0.vehicle_model,
        q1_0.vehicle_vin,
        q1_0.vehicle_year 
    from
        quotes q1_0 
    where
        q1_0.id=?
2025-08-14 22:48:23 - Securing POST /api/v1/quotes
2025-08-14 22:48:23 - 
    insert 
    into
        quotes
        (coverage_amount, created_at, deductible, monthly_premium, premium, primary_driver_license, primary_driver_name, valid_until, vehicle_current_value, vehicle_make, vehicle_model, vehicle_vin, vehicle_year, id) 
    values
        (?, ?, ?, ?, ?, ?, ?, ?, ?, ?, ?, ?, ?, ?)
2025-08-14 22:48:23 - Read "application/json;charset=UTF-8" to [com.autoinsurance.quote.dto.QuoteRequestDto@600808f]
2025-08-14 22:48:23 - Secured POST /api/v1/quotes
2025-08-14 22:48:23 - Using 'application/json', given [*/*] and supported [application/json]
2025-08-14 22:48:23 - Mapped to com.autoinsurance.quote.controller.QuoteController#createQuote(QuoteRequestDto)
2025-08-14 22:48:23 - Writing [com.autoinsurance.quote.dto.QuoteResponseDto@2a60367a]
2025-08-14 22:48:23 - Set SecurityContextHolder to anonymous SecurityContext
2025-08-14 22:48:23 - Using 'application/json', given [*/*] and supported [application/json]
2025-08-14 22:48:23 - Read "application/json;charset=UTF-8" to [com.autoinsurance.quote.dto.QuoteRequestDto@cc3fe59]
2025-08-14 22:48:23 - Writing [com.autoinsurance.quote.dto.QuoteResponseDto@6958222c]
2025-08-14 22:48:23 - Mapped to com.autoinsurance.quote.controller.QuoteController#createQuote(QuoteRequestDto)
2025-08-14 22:48:23 - 
    insert 
    into
        quotes
        (coverage_amount, created_at, deductible, monthly_premium, premium, primary_driver_license, primary_driver_name, valid_until, vehicle_current_value, vehicle_make, vehicle_model, vehicle_vin, vehicle_year, id) 
    values
        (?, ?, ?, ?, ?, ?, ?, ?, ?, ?, ?, ?, ?, ?)
2025-08-14 22:48:23 - 
    insert 
    into
        quotes
        (coverage_amount, created_at, deductible, monthly_premium, premium, primary_driver_license, primary_driver_name, valid_until, vehicle_current_value, vehicle_make, vehicle_model, vehicle_vin, vehicle_year, id) 
    values
        (?, ?, ?, ?, ?, ?, ?, ?, ?, ?, ?, ?, ?, ?)
2025-08-14 22:48:23 - Using 'application/json', given [*/*] and supported [application/json]
2025-08-14 22:48:23 - Writing [com.autoinsurance.quote.dto.QuoteResponseDto@d293a7d]
2025-08-14 22:48:23 - Using 'application/json', given [*/*] and supported [application/json]
2025-08-14 22:48:23 - Writing [com.autoinsurance.quote.dto.QuoteResponseDto@40bcb08e]
2025-08-14 22:48:23 - Securing POST /api/v1/quotes
2025-08-14 22:48:23 - Read "application/json;charset=UTF-8" to [com.autoinsurance.quote.dto.QuoteRequestDto@721e8ffd]
2025-08-14 22:48:23 - 
    select
        q1_0.id,
        q1_0.coverage_amount,
        q1_0.created_at,
        q1_0.deductible,
        q1_0.monthly_premium,
        q1_0.premium,
        q1_0.primary_driver_license,
        q1_0.primary_driver_name,
        q1_0.valid_until,
        q1_0.vehicle_current_value,
        q1_0.vehicle_make,
        q1_0.vehicle_model,
        q1_0.vehicle_vin,
        q1_0.vehicle_year 
    from
        quotes q1_0 
    where
        q1_0.id=?
2025-08-14 22:48:23 - Set SecurityContextHolder to anonymous SecurityContext
2025-08-14 22:48:23 - Set SecurityContextHolder to anonymous SecurityContext
2025-08-14 22:48:23 - Set SecurityContextHolder to anonymous SecurityContext
2025-08-14 22:48:23 - 
    select
        q1_0.id,
        q1_0.coverage_amount,
        q1_0.created_at,
        q1_0.deductible,
        q1_0.monthly_premium,
        q1_0.premium,
        q1_0.primary_driver_license,
        q1_0.primary_driver_name,
        q1_0.valid_until,
        q1_0.vehicle_current_value,
        q1_0.vehicle_make,
        q1_0.vehicle_model,
        q1_0.vehicle_vin,
        q1_0.vehicle_year 
    from
        quotes q1_0 
    where
        q1_0.id=?
2025-08-14 22:48:23 - Secured POST /api/v1/quotes
2025-08-14 22:48:23 - Mapped to com.autoinsurance.quote.controller.QuoteController#createQuote(QuoteRequestDto)
2025-08-14 22:48:23 - Using 'application/json', given [*/*] and supported [application/json]
2025-08-14 22:48:23 - 
    insert 
    into
        quotes
        (coverage_amount, created_at, deductible, monthly_premium, premium, primary_driver_license, primary_driver_name, valid_until, vehicle_current_value, vehicle_make, vehicle_model, vehicle_vin, vehicle_year, id) 
    values
        (?, ?, ?, ?, ?, ?, ?, ?, ?, ?, ?, ?, ?, ?)
2025-08-14 22:48:23 - Writing [com.autoinsurance.quote.dto.QuoteResponseDto@1736acf7]
2025-08-14 22:48:23 - 
    select
        q1_0.id,
        q1_0.coverage_amount,
        q1_0.created_at,
        q1_0.deductible,
        q1_0.monthly_premium,
        q1_0.premium,
        q1_0.primary_driver_license,
        q1_0.primary_driver_name,
        q1_0.valid_until,
        q1_0.vehicle_current_value,
        q1_0.vehicle_make,
        q1_0.vehicle_model,
        q1_0.vehicle_vin,
        q1_0.vehicle_year 
    from
        quotes q1_0 
    where
        q1_0.id=?
2025-08-14 22:48:23 - Read "application/json;charset=UTF-8" to [com.autoinsurance.quote.dto.QuoteRequestDto@aeae843]
2025-08-14 22:48:23 - Using 'application/json', given [*/*] and supported [application/json]
2025-08-14 22:48:23 - Set SecurityContextHolder to anonymous SecurityContext
2025-08-14 22:48:23 - Writing [com.autoinsurance.quote.dto.QuoteResponseDto@70072a0a]
2025-08-14 22:48:23 - 
    insert 
    into
        quotes
        (coverage_amount, created_at, deductible, monthly_premium, premium, primary_driver_license, primary_driver_name, valid_until, vehicle_current_value, vehicle_make, vehicle_model, vehicle_vin, vehicle_year, id) 
    values
        (?, ?, ?, ?, ?, ?, ?, ?, ?, ?, ?, ?, ?, ?)
2025-08-14 22:48:23 - Set SecurityContextHolder to anonymous SecurityContext
2025-08-14 22:48:23 - 
    select
        q1_0.id,
        q1_0.coverage_amount,
        q1_0.created_at,
        q1_0.deductible,
        q1_0.monthly_premium,
        q1_0.premium,
        q1_0.primary_driver_license,
        q1_0.primary_driver_name,
        q1_0.valid_until,
        q1_0.vehicle_current_value,
        q1_0.vehicle_make,
        q1_0.vehicle_model,
        q1_0.vehicle_vin,
        q1_0.vehicle_year 
    from
        quotes q1_0 
    where
        q1_0.id=?
2025-08-14 22:48:23 - Securing POST /api/v1/quotes
2025-08-14 22:48:23 - Securing POST /api/v1/quotes
2025-08-14 22:48:23 - Using 'application/json', given [*/*] and supported [application/json]
2025-08-14 22:48:23 - Using 'application/json', given [*/*] and supported [application/json]
2025-08-14 22:48:23 - Writing [com.autoinsurance.quote.dto.QuoteResponseDto@3e518259]
2025-08-14 22:48:23 - Writing [com.autoinsurance.quote.dto.QuoteResponseDto@12e4be95]
2025-08-14 22:48:23 - Securing POST /api/v1/quotes
2025-08-14 22:48:23 - Set SecurityContextHolder to anonymous SecurityContext
2025-08-14 22:48:23 - Set SecurityContextHolder to anonymous SecurityContext
2025-08-14 22:48:23 - Using 'application/json', given [*/*] and supported [application/json]
2025-08-14 22:48:23 - Writing [com.autoinsurance.quote.dto.QuoteResponseDto@2340e87f]
2025-08-14 22:48:23 - Secured POST /api/v1/quotes
2025-08-14 22:48:23 - Secured POST /api/v1/quotes
2025-08-14 22:48:23 - Securing POST /api/v1/quotes
2025-08-14 22:48:23 - 
    insert 
    into
        quotes
        (coverage_amount, created_at, deductible, monthly_premium, premium, primary_driver_license, primary_driver_name, valid_until, vehicle_current_value, vehicle_make, vehicle_model, vehicle_vin, vehicle_year, id) 
    values
        (?, ?, ?, ?, ?, ?, ?, ?, ?, ?, ?, ?, ?, ?)
2025-08-14 22:48:23 - Securing POST /api/v1/quotes
2025-08-14 22:48:23 - Mapped to com.autoinsurance.quote.controller.QuoteController#createQuote(QuoteRequestDto)
2025-08-14 22:48:23 - Set SecurityContextHolder to anonymous SecurityContext
2025-08-14 22:48:23 - Securing POST /api/v1/quotes
2025-08-14 22:48:23 - Using 'application/json', given [*/*] and supported [application/json]
2025-08-14 22:48:23 - Secured POST /api/v1/quotes
2025-08-14 22:48:23 - Writing [com.autoinsurance.quote.dto.QuoteResponseDto@1b431ad]
2025-08-14 22:48:23 - Secured POST /api/v1/quotes
2025-08-14 22:48:23 - Mapped to com.autoinsurance.quote.controller.QuoteController#createQuote(QuoteRequestDto)
2025-08-14 22:48:23 - Secured POST /api/v1/quotes
2025-08-14 22:48:23 - Mapped to com.autoinsurance.quote.controller.QuoteController#createQuote(QuoteRequestDto)
2025-08-14 22:48:23 - Set SecurityContextHolder to anonymous SecurityContext
2025-08-14 22:48:23 - Read "application/json;charset=UTF-8" to [com.autoinsurance.quote.dto.QuoteRequestDto@7b78c5dd]
2025-08-14 22:48:23 - Mapped to com.autoinsurance.quote.controller.QuoteController#createQuote(QuoteRequestDto)
2025-08-14 22:48:23 - Read "application/json;charset=UTF-8" to [com.autoinsurance.quote.dto.QuoteRequestDto@70f4bbd0]
2025-08-14 22:48:23 - Read "application/json;charset=UTF-8" to [com.autoinsurance.quote.dto.QuoteRequestDto@434e099]
2025-08-14 22:48:23 - Securing POST /api/v1/quotes
2025-08-14 22:48:23 - Securing POST /api/v1/quotes
2025-08-14 22:48:23 - Secured POST /api/v1/quotes
2025-08-14 22:48:23 - 
    select
        q1_0.id,
        q1_0.coverage_amount,
        q1_0.created_at,
        q1_0.deductible,
        q1_0.monthly_premium,
        q1_0.premium,
        q1_0.primary_driver_license,
        q1_0.primary_driver_name,
        q1_0.valid_until,
        q1_0.vehicle_current_value,
        q1_0.vehicle_make,
        q1_0.vehicle_model,
        q1_0.vehicle_vin,
        q1_0.vehicle_year 
    from
        quotes q1_0 
    where
        q1_0.id=?
2025-08-14 22:48:23 - Mapped to com.autoinsurance.quote.controller.QuoteController#createQuote(QuoteRequestDto)
2025-08-14 22:48:23 - 
    insert 
    into
        quotes
        (coverage_amount, created_at, deductible, monthly_premium, premium, primary_driver_license, primary_driver_name, valid_until, vehicle_current_value, vehicle_make, vehicle_model, vehicle_vin, vehicle_year, id) 
    values
        (?, ?, ?, ?, ?, ?, ?, ?, ?, ?, ?, ?, ?, ?)
2025-08-14 22:48:23 - 
    select
        q1_0.id,
        q1_0.coverage_amount,
        q1_0.created_at,
        q1_0.deductible,
        q1_0.monthly_premium,
        q1_0.premium,
        q1_0.primary_driver_license,
        q1_0.primary_driver_name,
        q1_0.valid_until,
        q1_0.vehicle_current_value,
        q1_0.vehicle_make,
        q1_0.vehicle_model,
        q1_0.vehicle_vin,
        q1_0.vehicle_year 
    from
        quotes q1_0 
    where
        q1_0.id=?
2025-08-14 22:48:23 - Securing POST /api/v1/quotes
2025-08-14 22:48:23 - Read "application/json;charset=UTF-8" to [com.autoinsurance.quote.dto.QuoteRequestDto@78f438ac]
2025-08-14 22:48:23 - Secured POST /api/v1/quotes
2025-08-14 22:48:23 - Secured POST /api/v1/quotes
2025-08-14 22:48:23 - Read "application/json;charset=UTF-8" to [com.autoinsurance.quote.dto.QuoteRequestDto@23462c35]
2025-08-14 22:48:23 - 
    insert 
    into
        quotes
        (coverage_amount, created_at, deductible, monthly_premium, premium, primary_driver_license, primary_driver_name, valid_until, vehicle_current_value, vehicle_make, vehicle_model, vehicle_vin, vehicle_year, id) 
    values
        (?, ?, ?, ?, ?, ?, ?, ?, ?, ?, ?, ?, ?, ?)
2025-08-14 22:48:23 - Mapped to com.autoinsurance.quote.controller.QuoteController#createQuote(QuoteRequestDto)
2025-08-14 22:48:23 - 
    select
        q1_0.id,
        q1_0.coverage_amount,
        q1_0.created_at,
        q1_0.deductible,
        q1_0.monthly_premium,
        q1_0.premium,
        q1_0.primary_driver_license,
        q1_0.primary_driver_name,
        q1_0.valid_until,
        q1_0.vehicle_current_value,
        q1_0.vehicle_make,
        q1_0.vehicle_model,
        q1_0.vehicle_vin,
        q1_0.vehicle_year 
    from
        quotes q1_0 
    where
        q1_0.id=?
2025-08-14 22:48:23 - 
    select
        q1_0.id,
        q1_0.coverage_amount,
        q1_0.created_at,
        q1_0.deductible,
        q1_0.monthly_premium,
        q1_0.premium,
        q1_0.primary_driver_license,
        q1_0.primary_driver_name,
        q1_0.valid_until,
        q1_0.vehicle_current_value,
        q1_0.vehicle_make,
        q1_0.vehicle_model,
        q1_0.vehicle_vin,
        q1_0.vehicle_year 
    from
        quotes q1_0 
    where
        q1_0.id=?
2025-08-14 22:48:23 - Using 'application/json', given [*/*] and supported [application/json]
2025-08-14 22:48:23 - Writing [com.autoinsurance.quote.dto.QuoteResponseDto@852e8bf]
2025-08-14 22:48:23 - Using 'application/json', given [*/*] and supported [application/json]
2025-08-14 22:48:23 - Read "application/json;charset=UTF-8" to [com.autoinsurance.quote.dto.QuoteRequestDto@122aac99]
2025-08-14 22:48:23 - Secured POST /api/v1/quotes
2025-08-14 22:48:23 - 
    insert 
    into
        quotes
        (coverage_amount, created_at, deductible, monthly_premium, premium, primary_driver_license, primary_driver_name, valid_until, vehicle_current_value, vehicle_make, vehicle_model, vehicle_vin, vehicle_year, id) 
    values
        (?, ?, ?, ?, ?, ?, ?, ?, ?, ?, ?, ?, ?, ?)
2025-08-14 22:48:23 - Mapped to com.autoinsurance.quote.controller.QuoteController#createQuote(QuoteRequestDto)
2025-08-14 22:48:23 - 
    insert 
    into
        quotes
        (coverage_amount, created_at, deductible, monthly_premium, premium, primary_driver_license, primary_driver_name, valid_until, vehicle_current_value, vehicle_make, vehicle_model, vehicle_vin, vehicle_year, id) 
    values
        (?, ?, ?, ?, ?, ?, ?, ?, ?, ?, ?, ?, ?, ?)
2025-08-14 22:48:23 - 
    insert 
    into
        quotes
        (coverage_amount, created_at, deductible, monthly_premium, premium, primary_driver_license, primary_driver_name, valid_until, vehicle_current_value, vehicle_make, vehicle_model, vehicle_vin, vehicle_year, id) 
    values
        (?, ?, ?, ?, ?, ?, ?, ?, ?, ?, ?, ?, ?, ?)
2025-08-14 22:48:23 - Read "application/json;charset=UTF-8" to [com.autoinsurance.quote.dto.QuoteRequestDto@151abc2e]
2025-08-14 22:48:23 - Mapped to com.autoinsurance.quote.controller.QuoteController#createQuote(QuoteRequestDto)
2025-08-14 22:48:23 - 
    select
        q1_0.id,
        q1_0.coverage_amount,
        q1_0.created_at,
        q1_0.deductible,
        q1_0.monthly_premium,
        q1_0.premium,
        q1_0.primary_driver_license,
        q1_0.primary_driver_name,
        q1_0.valid_until,
        q1_0.vehicle_current_value,
        q1_0.vehicle_make,
        q1_0.vehicle_model,
        q1_0.vehicle_vin,
        q1_0.vehicle_year 
    from
        quotes q1_0 
    where
        q1_0.id=?
2025-08-14 22:48:23 - Using 'application/json', given [*/*] and supported [application/json]
2025-08-14 22:48:23 - Writing [com.autoinsurance.quote.dto.QuoteResponseDto@10ceaceb]
2025-08-14 22:48:23 - Mapped to com.autoinsurance.quote.controller.QuoteController#createQuote(QuoteRequestDto)
2025-08-14 22:48:23 - 
    select
        q1_0.id,
        q1_0.coverage_amount,
        q1_0.created_at,
        q1_0.deductible,
        q1_0.monthly_premium,
        q1_0.premium,
        q1_0.primary_driver_license,
        q1_0.primary_driver_name,
        q1_0.valid_until,
        q1_0.vehicle_current_value,
        q1_0.vehicle_make,
        q1_0.vehicle_model,
        q1_0.vehicle_vin,
        q1_0.vehicle_year 
    from
        quotes q1_0 
    where
        q1_0.id=?
2025-08-14 22:48:23 - Set SecurityContextHolder to anonymous SecurityContext
2025-08-14 22:48:23 - Read "application/json;charset=UTF-8" to [com.autoinsurance.quote.dto.QuoteRequestDto@3d01b6eb]
2025-08-14 22:48:23 - Using 'application/json', given [*/*] and supported [application/json]
2025-08-14 22:48:23 - Writing [com.autoinsurance.quote.dto.QuoteResponseDto@4e5bb472]
2025-08-14 22:48:23 - 
    select
        q1_0.id,
        q1_0.coverage_amount,
        q1_0.created_at,
        q1_0.deductible,
        q1_0.monthly_premium,
        q1_0.premium,
        q1_0.primary_driver_license,
        q1_0.primary_driver_name,
        q1_0.valid_until,
        q1_0.vehicle_current_value,
        q1_0.vehicle_make,
        q1_0.vehicle_model,
        q1_0.vehicle_vin,
        q1_0.vehicle_year 
    from
        quotes q1_0 
    where
        q1_0.id=?
2025-08-14 22:48:23 - 
    insert 
    into
        quotes
        (coverage_amount, created_at, deductible, monthly_premium, premium, primary_driver_license, primary_driver_name, valid_until, vehicle_current_value, vehicle_make, vehicle_model, vehicle_vin, vehicle_year, id) 
    values
        (?, ?, ?, ?, ?, ?, ?, ?, ?, ?, ?, ?, ?, ?)
2025-08-14 22:48:23 - Read "application/json;charset=UTF-8" to [com.autoinsurance.quote.dto.QuoteRequestDto@614f21f5]
2025-08-14 22:48:23 - Set SecurityContextHolder to anonymous SecurityContext
2025-08-14 22:48:23 - 
    insert 
    into
        quotes
        (coverage_amount, created_at, deductible, monthly_premium, premium, primary_driver_license, primary_driver_name, valid_until, vehicle_current_value, vehicle_make, vehicle_model, vehicle_vin, vehicle_year, id) 
    values
        (?, ?, ?, ?, ?, ?, ?, ?, ?, ?, ?, ?, ?, ?)
2025-08-14 22:48:23 - Using 'application/json', given [*/*] and supported [application/json]
2025-08-14 22:48:23 - Writing [com.autoinsurance.quote.dto.QuoteResponseDto@735108fb]
2025-08-14 22:48:23 - Set SecurityContextHolder to anonymous SecurityContext
2025-08-14 22:48:23 - Writing [com.autoinsurance.quote.dto.QuoteResponseDto@67a69a8c]
2025-08-14 22:48:23 - 
    select
        q1_0.id,
        q1_0.coverage_amount,
        q1_0.created_at,
        q1_0.deductible,
        q1_0.monthly_premium,
        q1_0.premium,
        q1_0.primary_driver_license,
        q1_0.primary_driver_name,
        q1_0.valid_until,
        q1_0.vehicle_current_value,
        q1_0.vehicle_make,
        q1_0.vehicle_model,
        q1_0.vehicle_vin,
        q1_0.vehicle_year 
    from
        quotes q1_0 
    where
        q1_0.id=?
2025-08-14 22:48:23 - Using 'application/json', given [*/*] and supported [application/json]
2025-08-14 22:48:23 - Writing [com.autoinsurance.quote.dto.QuoteResponseDto@5c5d9836]
2025-08-14 22:48:23 - 
    insert 
    into
        quotes
        (coverage_amount, created_at, deductible, monthly_premium, premium, primary_driver_license, primary_driver_name, valid_until, vehicle_current_value, vehicle_make, vehicle_model, vehicle_vin, vehicle_year, id) 
    values
        (?, ?, ?, ?, ?, ?, ?, ?, ?, ?, ?, ?, ?, ?)
2025-08-14 22:48:23 - Set SecurityContextHolder to anonymous SecurityContext
2025-08-14 22:48:23 - Set SecurityContextHolder to anonymous SecurityContext
2025-08-14 22:48:23 - Securing POST /api/v1/quotes
2025-08-14 22:48:23 - 
    insert 
    into
        quotes
        (coverage_amount, created_at, deductible, monthly_premium, premium, primary_driver_license, primary_driver_name, valid_until, vehicle_current_value, vehicle_make, vehicle_model, vehicle_vin, vehicle_year, id) 
    values
        (?, ?, ?, ?, ?, ?, ?, ?, ?, ?, ?, ?, ?, ?)
2025-08-14 22:48:23 - Using 'application/json', given [*/*] and supported [application/json]
2025-08-14 22:48:23 - Secured POST /api/v1/quotes
2025-08-14 22:48:23 - Mapped to com.autoinsurance.quote.controller.QuoteController#createQuote(QuoteRequestDto)
2025-08-14 22:48:23 - Writing [com.autoinsurance.quote.dto.QuoteResponseDto@3fbae0cb]
2025-08-14 22:48:23 - Set SecurityContextHolder to anonymous SecurityContext
2025-08-14 22:48:23 - Set SecurityContextHolder to anonymous SecurityContext
2025-08-14 22:48:23 - Using 'application/json', given [*/*] and supported [application/json]
2025-08-14 22:48:23 - Securing POST /api/v1/quotes
2025-08-14 22:48:23 - Writing [com.autoinsurance.quote.dto.QuoteResponseDto@5f1d7a8a]
2025-08-14 22:48:23 - Securing POST /api/v1/quotes
2025-08-14 22:48:23 - Securing POST /api/v1/quotes
2025-08-14 22:48:23 - Securing POST /api/v1/quotes
2025-08-14 22:48:23 - Set SecurityContextHolder to anonymous SecurityContext
2025-08-14 22:48:23 - Secured POST /api/v1/quotes
2025-08-14 22:48:23 - Mapped to com.autoinsurance.quote.controller.QuoteController#createQuote(QuoteRequestDto)
2025-08-14 22:48:23 - Securing POST /api/v1/quotes
2025-08-14 22:48:23 - Securing POST /api/v1/quotes
2025-08-14 22:48:23 - Secured POST /api/v1/quotes
2025-08-14 22:48:23 - Secured POST /api/v1/quotes
2025-08-14 22:48:23 - Secured POST /api/v1/quotes
2025-08-14 22:48:23 - Mapped to com.autoinsurance.quote.controller.QuoteController#createQuote(QuoteRequestDto)
2025-08-14 22:48:23 - Mapped to com.autoinsurance.quote.controller.QuoteController#createQuote(QuoteRequestDto)
2025-08-14 22:48:23 - Read "application/json;charset=UTF-8" to [com.autoinsurance.quote.dto.QuoteRequestDto@1edda7ba]
2025-08-14 22:48:23 - Secured POST /api/v1/quotes
2025-08-14 22:48:23 - Secured POST /api/v1/quotes
2025-08-14 22:48:23 - Mapped to com.autoinsurance.quote.controller.QuoteController#createQuote(QuoteRequestDto)
2025-08-14 22:48:23 - Using 'application/json', given [*/*] and supported [application/json]
2025-08-14 22:48:23 - Securing POST /api/v1/quotes
2025-08-14 22:48:23 - 
    select
        q1_0.id,
        q1_0.coverage_amount,
        q1_0.created_at,
        q1_0.deductible,
        q1_0.monthly_premium,
        q1_0.premium,
        q1_0.primary_driver_license,
        q1_0.primary_driver_name,
        q1_0.valid_until,
        q1_0.vehicle_current_value,
        q1_0.vehicle_make,
        q1_0.vehicle_model,
        q1_0.vehicle_vin,
        q1_0.vehicle_year 
    from
        quotes q1_0 
    where
        q1_0.id=?
2025-08-14 22:48:23 - Writing [com.autoinsurance.quote.dto.QuoteResponseDto@26a8494e]
2025-08-14 22:48:23 - Read "application/json;charset=UTF-8" to [com.autoinsurance.quote.dto.QuoteRequestDto@2a1ad90e]
2025-08-14 22:48:23 - Mapped to com.autoinsurance.quote.controller.QuoteController#createQuote(QuoteRequestDto)
2025-08-14 22:48:23 - Mapped to com.autoinsurance.quote.controller.QuoteController#createQuote(QuoteRequestDto)
2025-08-14 22:48:23 - Read "application/json;charset=UTF-8" to [com.autoinsurance.quote.dto.QuoteRequestDto@50bd187f]
2025-08-14 22:48:23 - Read "application/json;charset=UTF-8" to [com.autoinsurance.quote.dto.QuoteRequestDto@4f66d630]
2025-08-14 22:48:23 - Read "application/json;charset=UTF-8" to [com.autoinsurance.quote.dto.QuoteRequestDto@2a5238ee]
2025-08-14 22:48:23 - Set SecurityContextHolder to anonymous SecurityContext
2025-08-14 22:48:23 - Read "application/json;charset=UTF-8" to [com.autoinsurance.quote.dto.QuoteRequestDto@607a3628]
2025-08-14 22:48:23 - Read "application/json;charset=UTF-8" to [com.autoinsurance.quote.dto.QuoteRequestDto@54dd0529]
2025-08-14 22:48:23 - 
    select
        q1_0.id,
        q1_0.coverage_amount,
        q1_0.created_at,
        q1_0.deductible,
        q1_0.monthly_premium,
        q1_0.premium,
        q1_0.primary_driver_license,
        q1_0.primary_driver_name,
        q1_0.valid_until,
        q1_0.vehicle_current_value,
        q1_0.vehicle_make,
        q1_0.vehicle_model,
        q1_0.vehicle_vin,
        q1_0.vehicle_year 
    from
        quotes q1_0 
    where
        q1_0.id=?
2025-08-14 22:48:23 - 
    select
        q1_0.id,
        q1_0.coverage_amount,
        q1_0.created_at,
        q1_0.deductible,
        q1_0.monthly_premium,
        q1_0.premium,
        q1_0.primary_driver_license,
        q1_0.primary_driver_name,
        q1_0.valid_until,
        q1_0.vehicle_current_value,
        q1_0.vehicle_make,
        q1_0.vehicle_model,
        q1_0.vehicle_vin,
        q1_0.vehicle_year 
    from
        quotes q1_0 
    where
        q1_0.id=?
2025-08-14 22:48:23 - 
    select
        q1_0.id,
        q1_0.coverage_amount,
        q1_0.created_at,
        q1_0.deductible,
        q1_0.monthly_premium,
        q1_0.premium,
        q1_0.primary_driver_license,
        q1_0.primary_driver_name,
        q1_0.valid_until,
        q1_0.vehicle_current_value,
        q1_0.vehicle_make,
        q1_0.vehicle_model,
        q1_0.vehicle_vin,
        q1_0.vehicle_year 
    from
        quotes q1_0 
    where
        q1_0.id=?
2025-08-14 22:48:23 - 
    select
        q1_0.id,
        q1_0.coverage_amount,
        q1_0.created_at,
        q1_0.deductible,
        q1_0.monthly_premium,
        q1_0.premium,
        q1_0.primary_driver_license,
        q1_0.primary_driver_name,
        q1_0.valid_until,
        q1_0.vehicle_current_value,
        q1_0.vehicle_make,
        q1_0.vehicle_model,
        q1_0.vehicle_vin,
        q1_0.vehicle_year 
    from
        quotes q1_0 
    where
        q1_0.id=?
2025-08-14 22:48:23 - Secured POST /api/v1/quotes
2025-08-14 22:48:23 - Mapped to com.autoinsurance.quote.controller.QuoteController#createQuote(QuoteRequestDto)
2025-08-14 22:48:23 - 
    select
        q1_0.id,
        q1_0.coverage_amount,
        q1_0.created_at,
        q1_0.deductible,
        q1_0.monthly_premium,
        q1_0.premium,
        q1_0.primary_driver_license,
        q1_0.primary_driver_name,
        q1_0.valid_until,
        q1_0.vehicle_current_value,
        q1_0.vehicle_make,
        q1_0.vehicle_model,
        q1_0.vehicle_vin,
        q1_0.vehicle_year 
    from
        quotes q1_0 
    where
        q1_0.id=?
2025-08-14 22:48:23 - 
    insert 
    into
        quotes
        (coverage_amount, created_at, deductible, monthly_premium, premium, primary_driver_license, primary_driver_name, valid_until, vehicle_current_value, vehicle_make, vehicle_model, vehicle_vin, vehicle_year, id) 
    values
        (?, ?, ?, ?, ?, ?, ?, ?, ?, ?, ?, ?, ?, ?)
2025-08-14 22:48:23 - 
    select
        q1_0.id,
        q1_0.coverage_amount,
        q1_0.created_at,
        q1_0.deductible,
        q1_0.monthly_premium,
        q1_0.premium,
        q1_0.primary_driver_license,
        q1_0.primary_driver_name,
        q1_0.valid_until,
        q1_0.vehicle_current_value,
        q1_0.vehicle_make,
        q1_0.vehicle_model,
        q1_0.vehicle_vin,
        q1_0.vehicle_year 
    from
        quotes q1_0 
    where
        q1_0.id=?
2025-08-14 22:48:23 - 
    select
        q1_0.id,
        q1_0.coverage_amount,
        q1_0.created_at,
        q1_0.deductible,
        q1_0.monthly_premium,
        q1_0.premium,
        q1_0.primary_driver_license,
        q1_0.primary_driver_name,
        q1_0.valid_until,
        q1_0.vehicle_current_value,
        q1_0.vehicle_make,
        q1_0.vehicle_model,
        q1_0.vehicle_vin,
        q1_0.vehicle_year 
    from
        quotes q1_0 
    where
        q1_0.id=?
2025-08-14 22:48:23 - 
    insert 
    into
        quotes
        (coverage_amount, created_at, deductible, monthly_premium, premium, primary_driver_license, primary_driver_name, valid_until, vehicle_current_value, vehicle_make, vehicle_model, vehicle_vin, vehicle_year, id) 
    values
        (?, ?, ?, ?, ?, ?, ?, ?, ?, ?, ?, ?, ?, ?)
2025-08-14 22:48:23 - 
    insert 
    into
        quotes
        (coverage_amount, created_at, deductible, monthly_premium, premium, primary_driver_license, primary_driver_name, valid_until, vehicle_current_value, vehicle_make, vehicle_model, vehicle_vin, vehicle_year, id) 
    values
        (?, ?, ?, ?, ?, ?, ?, ?, ?, ?, ?, ?, ?, ?)
2025-08-14 22:48:23 - 
    insert 
    into
        quotes
        (coverage_amount, created_at, deductible, monthly_premium, premium, primary_driver_license, primary_driver_name, valid_until, vehicle_current_value, vehicle_make, vehicle_model, vehicle_vin, vehicle_year, id) 
    values
        (?, ?, ?, ?, ?, ?, ?, ?, ?, ?, ?, ?, ?, ?)
2025-08-14 22:48:23 - 
    insert 
    into
        quotes
        (coverage_amount, created_at, deductible, monthly_premium, premium, primary_driver_license, primary_driver_name, valid_until, vehicle_current_value, vehicle_make, vehicle_model, vehicle_vin, vehicle_year, id) 
    values
        (?, ?, ?, ?, ?, ?, ?, ?, ?, ?, ?, ?, ?, ?)
2025-08-14 22:48:23 - 
    insert 
    into
        quotes
        (coverage_amount, created_at, deductible, monthly_premium, premium, primary_driver_license, primary_driver_name, valid_until, vehicle_current_value, vehicle_make, vehicle_model, vehicle_vin, vehicle_year, id) 
    values
        (?, ?, ?, ?, ?, ?, ?, ?, ?, ?, ?, ?, ?, ?)
2025-08-14 22:48:23 - Read "application/json;charset=UTF-8" to [com.autoinsurance.quote.dto.QuoteRequestDto@9113366]
2025-08-14 22:48:23 - Using 'application/json', given [*/*] and supported [application/json]
2025-08-14 22:48:23 - Writing [com.autoinsurance.quote.dto.QuoteResponseDto@1eb998c2]
2025-08-14 22:48:23 - Using 'application/json', given [*/*] and supported [application/json]
2025-08-14 22:48:23 - Writing [com.autoinsurance.quote.dto.QuoteResponseDto@73f3a9f7]
2025-08-14 22:48:23 - Set SecurityContextHolder to anonymous SecurityContext
2025-08-14 22:48:23 - Using 'application/json', given [*/*] and supported [application/json]
2025-08-14 22:48:23 - Using 'application/json', given [*/*] and supported [application/json]
2025-08-14 22:48:23 - 
    insert 
    into
        quotes
        (coverage_amount, created_at, deductible, monthly_premium, premium, primary_driver_license, primary_driver_name, valid_until, vehicle_current_value, vehicle_make, vehicle_model, vehicle_vin, vehicle_year, id) 
    values
        (?, ?, ?, ?, ?, ?, ?, ?, ?, ?, ?, ?, ?, ?)
2025-08-14 22:48:23 - 
    insert 
    into
        quotes
        (coverage_amount, created_at, deductible, monthly_premium, premium, primary_driver_license, primary_driver_name, valid_until, vehicle_current_value, vehicle_make, vehicle_model, vehicle_vin, vehicle_year, id) 
    values
        (?, ?, ?, ?, ?, ?, ?, ?, ?, ?, ?, ?, ?, ?)
2025-08-14 22:48:23 - Set SecurityContextHolder to anonymous SecurityContext
2025-08-14 22:48:23 - Writing [com.autoinsurance.quote.dto.QuoteResponseDto@7c2de01]
2025-08-14 22:48:23 - Writing [com.autoinsurance.quote.dto.QuoteResponseDto@5017756f]
2025-08-14 22:48:23 - Using 'application/json', given [*/*] and supported [application/json]
2025-08-14 22:48:23 - Writing [com.autoinsurance.quote.dto.QuoteResponseDto@d75bf61]
2025-08-14 22:48:23 - 
    select
        q1_0.id,
        q1_0.coverage_amount,
        q1_0.created_at,
        q1_0.deductible,
        q1_0.monthly_premium,
        q1_0.premium,
        q1_0.primary_driver_license,
        q1_0.primary_driver_name,
        q1_0.valid_until,
        q1_0.vehicle_current_value,
        q1_0.vehicle_make,
        q1_0.vehicle_model,
        q1_0.vehicle_vin,
        q1_0.vehicle_year 
    from
        quotes q1_0 
    where
        q1_0.id=?
2025-08-14 22:48:23 - Using 'application/json', given [*/*] and supported [application/json]
2025-08-14 22:48:23 - Set SecurityContextHolder to anonymous SecurityContext
2025-08-14 22:48:23 - Writing [com.autoinsurance.quote.dto.QuoteResponseDto@48690560]
2025-08-14 22:48:23 - Set SecurityContextHolder to anonymous SecurityContext
2025-08-14 22:48:23 - Using 'application/json', given [*/*] and supported [application/json]
2025-08-14 22:48:23 - Set SecurityContextHolder to anonymous SecurityContext
2025-08-14 22:48:23 - Using 'application/json', given [*/*] and supported [application/json]
2025-08-14 22:48:23 - Writing [com.autoinsurance.quote.dto.QuoteResponseDto@14334750]
2025-08-14 22:48:23 - Set SecurityContextHolder to anonymous SecurityContext
2025-08-14 22:48:23 - Writing [com.autoinsurance.quote.dto.QuoteResponseDto@1c0cbb4c]
2025-08-14 22:48:23 - 
    insert 
    into
        quotes
        (coverage_amount, created_at, deductible, monthly_premium, premium, primary_driver_license, primary_driver_name, valid_until, vehicle_current_value, vehicle_make, vehicle_model, vehicle_vin, vehicle_year, id) 
    values
        (?, ?, ?, ?, ?, ?, ?, ?, ?, ?, ?, ?, ?, ?)
2025-08-14 22:48:23 - Set SecurityContextHolder to anonymous SecurityContext
2025-08-14 22:48:23 - Set SecurityContextHolder to anonymous SecurityContext
2025-08-14 22:48:23 - Using 'application/json', given [*/*] and supported [application/json]
2025-08-14 22:48:23 - Writing [com.autoinsurance.quote.dto.QuoteResponseDto@174c4f54]
2025-08-14 22:48:23 - Set SecurityContextHolder to anonymous SecurityContext
Concurrent Load Test Results:
  Total Requests: 50
  Successful: 50
  Errors: 0
  Total Time: 24ms
  Average Response Time: 3.64ms
  Requests/Second: 2083.33
]]></system-out>
  </testcase>
  <testcase name="should_HandleMixedReadWriteOperationsUnderStress" classname="com.autoinsurance.stress.StressAndReliabilityTest" time="0.019">
    <system-out><![CDATA[2025-08-14 22:48:23 - Securing POST /api/v1/quotes
2025-08-14 22:48:23 - Securing POST /api/v1/quotes
2025-08-14 22:48:23 - Securing POST /api/v1/quotes
2025-08-14 22:48:23 - Securing POST /api/v1/quotes/calculate
2025-08-14 22:48:23 - Securing POST /api/v1/quotes/calculate
2025-08-14 22:48:23 - Securing POST /api/v1/quotes/calculate
2025-08-14 22:48:23 - Secured POST /api/v1/quotes
2025-08-14 22:48:23 - Mapped to com.autoinsurance.quote.controller.QuoteController#createQuote(QuoteRequestDto)
2025-08-14 22:48:23 - Secured POST /api/v1/quotes
2025-08-14 22:48:23 - Secured POST /api/v1/quotes/calculate
2025-08-14 22:48:23 - Secured POST /api/v1/quotes
2025-08-14 22:48:23 - Secured POST /api/v1/quotes/calculate
2025-08-14 22:48:23 - Secured POST /api/v1/quotes/calculate
2025-08-14 22:48:23 - Mapped to com.autoinsurance.quote.controller.QuoteController#calculatePremium(QuoteRequestDto)
2025-08-14 22:48:23 - Mapped to com.autoinsurance.quote.controller.QuoteController#calculatePremium(QuoteRequestDto)
2025-08-14 22:48:23 - Mapped to com.autoinsurance.quote.controller.QuoteController#calculatePremium(QuoteRequestDto)
2025-08-14 22:48:23 - Mapped to com.autoinsurance.quote.controller.QuoteController#createQuote(QuoteRequestDto)
2025-08-14 22:48:23 - Mapped to com.autoinsurance.quote.controller.QuoteController#createQuote(QuoteRequestDto)
2025-08-14 22:48:23 - Read "application/json;charset=UTF-8" to [com.autoinsurance.quote.dto.QuoteRequestDto@11b0e781]
2025-08-14 22:48:23 - Read "application/json;charset=UTF-8" to [com.autoinsurance.quote.dto.QuoteRequestDto@1fa40745]
2025-08-14 22:48:23 - Read "application/json;charset=UTF-8" to [com.autoinsurance.quote.dto.QuoteRequestDto@c86fc2b]
2025-08-14 22:48:23 - Read "application/json;charset=UTF-8" to [com.autoinsurance.quote.dto.QuoteRequestDto@77062953]
2025-08-14 22:48:23 - Read "application/json;charset=UTF-8" to [com.autoinsurance.quote.dto.QuoteRequestDto@2b0f5b62]
2025-08-14 22:48:23 - Read "application/json;charset=UTF-8" to [com.autoinsurance.quote.dto.QuoteRequestDto@22cb7e07]
2025-08-14 22:48:23 - 
    select
        q1_0.id,
        q1_0.coverage_amount,
        q1_0.created_at,
        q1_0.deductible,
        q1_0.monthly_premium,
        q1_0.premium,
        q1_0.primary_driver_license,
        q1_0.primary_driver_name,
        q1_0.valid_until,
        q1_0.vehicle_current_value,
        q1_0.vehicle_make,
        q1_0.vehicle_model,
        q1_0.vehicle_vin,
        q1_0.vehicle_year 
    from
        quotes q1_0 
    where
        q1_0.id=?
2025-08-14 22:48:23 - 
    select
        q1_0.id,
        q1_0.coverage_amount,
        q1_0.created_at,
        q1_0.deductible,
        q1_0.monthly_premium,
        q1_0.premium,
        q1_0.primary_driver_license,
        q1_0.primary_driver_name,
        q1_0.valid_until,
        q1_0.vehicle_current_value,
        q1_0.vehicle_make,
        q1_0.vehicle_model,
        q1_0.vehicle_vin,
        q1_0.vehicle_year 
    from
        quotes q1_0 
    where
        q1_0.id=?
2025-08-14 22:48:23 - 
    select
        q1_0.id,
        q1_0.coverage_amount,
        q1_0.created_at,
        q1_0.deductible,
        q1_0.monthly_premium,
        q1_0.premium,
        q1_0.primary_driver_license,
        q1_0.primary_driver_name,
        q1_0.valid_until,
        q1_0.vehicle_current_value,
        q1_0.vehicle_make,
        q1_0.vehicle_model,
        q1_0.vehicle_vin,
        q1_0.vehicle_year 
    from
        quotes q1_0 
    where
        q1_0.id=?
2025-08-14 22:48:23 - Using 'application/json', given [*/*] and supported [application/json]
2025-08-14 22:48:23 - Using 'application/json', given [*/*] and supported [application/json]
2025-08-14 22:48:23 - Using 'application/json', given [*/*] and supported [application/json]
2025-08-14 22:48:23 - 
    insert 
    into
        quotes
        (coverage_amount, created_at, deductible, monthly_premium, premium, primary_driver_license, primary_driver_name, valid_until, vehicle_current_value, vehicle_make, vehicle_model, vehicle_vin, vehicle_year, id) 
    values
        (?, ?, ?, ?, ?, ?, ?, ?, ?, ?, ?, ?, ?, ?)
2025-08-14 22:48:23 - 
    insert 
    into
        quotes
        (coverage_amount, created_at, deductible, monthly_premium, premium, primary_driver_license, primary_driver_name, valid_until, vehicle_current_value, vehicle_make, vehicle_model, vehicle_vin, vehicle_year, id) 
    values
        (?, ?, ?, ?, ?, ?, ?, ?, ?, ?, ?, ?, ?, ?)
2025-08-14 22:48:23 - 
    insert 
    into
        quotes
        (coverage_amount, created_at, deductible, monthly_premium, premium, primary_driver_license, primary_driver_name, valid_until, vehicle_current_value, vehicle_make, vehicle_model, vehicle_vin, vehicle_year, id) 
    values
        (?, ?, ?, ?, ?, ?, ?, ?, ?, ?, ?, ?, ?, ?)
2025-08-14 22:48:23 - Writing [{premium=540.15}]
2025-08-14 22:48:23 - Writing [{premium=513.00}]
2025-08-14 22:48:23 - Writing [{premium=522.50}]
2025-08-14 22:48:23 - Using 'application/json', given [*/*] and supported [application/json]
2025-08-14 22:48:23 - Using 'application/json', given [*/*] and supported [application/json]
2025-08-14 22:48:23 - Using 'application/json', given [*/*] and supported [application/json]
2025-08-14 22:48:23 - Writing [com.autoinsurance.quote.dto.QuoteResponseDto@168024a9]
2025-08-14 22:48:23 - Writing [com.autoinsurance.quote.dto.QuoteResponseDto@1e200d62]
2025-08-14 22:48:23 - Writing [com.autoinsurance.quote.dto.QuoteResponseDto@18198846]
2025-08-14 22:48:23 - Set SecurityContextHolder to anonymous SecurityContext
2025-08-14 22:48:23 - Set SecurityContextHolder to anonymous SecurityContext
2025-08-14 22:48:23 - Set SecurityContextHolder to anonymous SecurityContext
2025-08-14 22:48:23 - Set SecurityContextHolder to anonymous SecurityContext
2025-08-14 22:48:23 - Set SecurityContextHolder to anonymous SecurityContext
2025-08-14 22:48:23 - Set SecurityContextHolder to anonymous SecurityContext
2025-08-14 22:48:23 - Securing POST /api/v1/quotes/calculate
2025-08-14 22:48:23 - Securing POST /api/v1/quotes/calculate
2025-08-14 22:48:23 - Securing GET /api/v1/quotes/df39ae79-914e-4392-a9ea-3d7f82fe413c
2025-08-14 22:48:23 - Securing POST /api/v1/quotes
2025-08-14 22:48:23 - Securing POST /api/v1/quotes
2025-08-14 22:48:23 - Securing GET /api/v1/quotes/df39ae79-914e-4392-a9ea-3d7f82fe413c
2025-08-14 22:48:23 - Secured POST /api/v1/quotes/calculate
2025-08-14 22:48:23 - Mapped to com.autoinsurance.quote.controller.QuoteController#calculatePremium(QuoteRequestDto)
2025-08-14 22:48:23 - Secured POST /api/v1/quotes/calculate
2025-08-14 22:48:23 - Secured POST /api/v1/quotes
2025-08-14 22:48:23 - Secured POST /api/v1/quotes
2025-08-14 22:48:23 - Mapped to com.autoinsurance.quote.controller.QuoteController#createQuote(QuoteRequestDto)
2025-08-14 22:48:23 - Mapped to com.autoinsurance.quote.controller.QuoteController#calculatePremium(QuoteRequestDto)
2025-08-14 22:48:23 - Mapped to com.autoinsurance.quote.controller.QuoteController#createQuote(QuoteRequestDto)
2025-08-14 22:48:23 - Secured GET /api/v1/quotes/df39ae79-914e-4392-a9ea-3d7f82fe413c
2025-08-14 22:48:23 - Secured GET /api/v1/quotes/df39ae79-914e-4392-a9ea-3d7f82fe413c
2025-08-14 22:48:23 - Read "application/json;charset=UTF-8" to [com.autoinsurance.quote.dto.QuoteRequestDto@14039965]
2025-08-14 22:48:23 - Mapped to com.autoinsurance.quote.controller.QuoteController#getQuote(String)
2025-08-14 22:48:23 - Mapped to com.autoinsurance.quote.controller.QuoteController#getQuote(String)
2025-08-14 22:48:23 - Read "application/json;charset=UTF-8" to [com.autoinsurance.quote.dto.QuoteRequestDto@6f0d35e8]
2025-08-14 22:48:23 - Read "application/json;charset=UTF-8" to [com.autoinsurance.quote.dto.QuoteRequestDto@7cbc7f4d]
2025-08-14 22:48:23 - Read "application/json;charset=UTF-8" to [com.autoinsurance.quote.dto.QuoteRequestDto@55ca1a5e]
2025-08-14 22:48:23 - Using 'application/json', given [*/*] and supported [application/json]
2025-08-14 22:48:23 - Using 'application/json', given [*/*] and supported [application/json]
2025-08-14 22:48:23 - Writing [{premium=506.02}]
2025-08-14 22:48:23 - Writing [{premium=530.67}]
2025-08-14 22:48:23 - Set SecurityContextHolder to anonymous SecurityContext
2025-08-14 22:48:23 - Set SecurityContextHolder to anonymous SecurityContext
2025-08-14 22:48:23 - 
    select
        q1_0.id,
        q1_0.coverage_amount,
        q1_0.created_at,
        q1_0.deductible,
        q1_0.monthly_premium,
        q1_0.premium,
        q1_0.primary_driver_license,
        q1_0.primary_driver_name,
        q1_0.valid_until,
        q1_0.vehicle_current_value,
        q1_0.vehicle_make,
        q1_0.vehicle_model,
        q1_0.vehicle_vin,
        q1_0.vehicle_year 
    from
        quotes q1_0 
    where
        q1_0.id=?
2025-08-14 22:48:23 - 
    select
        q1_0.id,
        q1_0.coverage_amount,
        q1_0.created_at,
        q1_0.deductible,
        q1_0.monthly_premium,
        q1_0.premium,
        q1_0.primary_driver_license,
        q1_0.primary_driver_name,
        q1_0.valid_until,
        q1_0.vehicle_current_value,
        q1_0.vehicle_make,
        q1_0.vehicle_model,
        q1_0.vehicle_vin,
        q1_0.vehicle_year 
    from
        quotes q1_0 
    where
        q1_0.id=?
2025-08-14 22:48:23 - 
    select
        q1_0.id,
        q1_0.coverage_amount,
        q1_0.created_at,
        q1_0.deductible,
        q1_0.monthly_premium,
        q1_0.premium,
        q1_0.primary_driver_license,
        q1_0.primary_driver_name,
        q1_0.valid_until,
        q1_0.vehicle_current_value,
        q1_0.vehicle_make,
        q1_0.vehicle_model,
        q1_0.vehicle_vin,
        q1_0.vehicle_year 
    from
        quotes q1_0 
    where
        q1_0.id=?
2025-08-14 22:48:23 - 
    select
        q1_0.id,
        q1_0.coverage_amount,
        q1_0.created_at,
        q1_0.deductible,
        q1_0.monthly_premium,
        q1_0.premium,
        q1_0.primary_driver_license,
        q1_0.primary_driver_name,
        q1_0.valid_until,
        q1_0.vehicle_current_value,
        q1_0.vehicle_make,
        q1_0.vehicle_model,
        q1_0.vehicle_vin,
        q1_0.vehicle_year 
    from
        quotes q1_0 
    where
        q1_0.id=?
2025-08-14 22:48:23 - Securing GET /api/v1/quotes/df39ae79-914e-4392-a9ea-3d7f82fe413c
2025-08-14 22:48:23 - Securing POST /api/v1/quotes
2025-08-14 22:48:23 - 
    insert 
    into
        quotes
        (coverage_amount, created_at, deductible, monthly_premium, premium, primary_driver_license, primary_driver_name, valid_until, vehicle_current_value, vehicle_make, vehicle_model, vehicle_vin, vehicle_year, id) 
    values
        (?, ?, ?, ?, ?, ?, ?, ?, ?, ?, ?, ?, ?, ?)
2025-08-14 22:48:23 - Secured GET /api/v1/quotes/df39ae79-914e-4392-a9ea-3d7f82fe413c
2025-08-14 22:48:23 - 
    insert 
    into
        quotes
        (coverage_amount, created_at, deductible, monthly_premium, premium, primary_driver_license, primary_driver_name, valid_until, vehicle_current_value, vehicle_make, vehicle_model, vehicle_vin, vehicle_year, id) 
    values
        (?, ?, ?, ?, ?, ?, ?, ?, ?, ?, ?, ?, ?, ?)
2025-08-14 22:48:23 - Mapped to com.autoinsurance.quote.controller.QuoteController#getQuote(String)
2025-08-14 22:48:23 - Secured POST /api/v1/quotes
2025-08-14 22:48:23 - Mapped to com.autoinsurance.quote.controller.QuoteController#createQuote(QuoteRequestDto)
2025-08-14 22:48:23 - Using 'application/json', given [*/*] and supported [application/json]
2025-08-14 22:48:23 - Writing [com.autoinsurance.quote.dto.QuoteResponseDto@21104d7]
2025-08-14 22:48:23 - 
    select
        q1_0.id,
        q1_0.coverage_amount,
        q1_0.created_at,
        q1_0.deductible,
        q1_0.monthly_premium,
        q1_0.premium,
        q1_0.primary_driver_license,
        q1_0.primary_driver_name,
        q1_0.valid_until,
        q1_0.vehicle_current_value,
        q1_0.vehicle_make,
        q1_0.vehicle_model,
        q1_0.vehicle_vin,
        q1_0.vehicle_year 
    from
        quotes q1_0 
    where
        q1_0.id=?
2025-08-14 22:48:23 - Using 'application/json', given [application/json] and supported [application/json]
2025-08-14 22:48:23 - Set SecurityContextHolder to anonymous SecurityContext
2025-08-14 22:48:23 - Writing [com.autoinsurance.quote.dto.QuoteResponseDto@4721d059]
2025-08-14 22:48:23 - Using 'application/json', given [application/json] and supported [application/json]
2025-08-14 22:48:23 - Read "application/json;charset=UTF-8" to [com.autoinsurance.quote.dto.QuoteRequestDto@70ced52f]
2025-08-14 22:48:23 - Writing [com.autoinsurance.quote.dto.QuoteResponseDto@6f32a534]
2025-08-14 22:48:23 - Using 'application/json', given [*/*] and supported [application/json]
2025-08-14 22:48:23 - Writing [com.autoinsurance.quote.dto.QuoteResponseDto@20b1a3de]
2025-08-14 22:48:23 - 
    select
        da1_0.quote_id,
        da1_0.discount_description 
    from
        quote_discounts da1_0 
    where
        da1_0.quote_id=?
2025-08-14 22:48:23 - Securing POST /api/v1/quotes/calculate
2025-08-14 22:48:23 - Set SecurityContextHolder to anonymous SecurityContext
2025-08-14 22:48:23 - Set SecurityContextHolder to anonymous SecurityContext
2025-08-14 22:48:23 - Secured POST /api/v1/quotes/calculate
2025-08-14 22:48:23 - Mapped to com.autoinsurance.quote.controller.QuoteController#calculatePremium(QuoteRequestDto)
2025-08-14 22:48:23 - 
    select
        q1_0.id,
        q1_0.coverage_amount,
        q1_0.created_at,
        q1_0.deductible,
        q1_0.monthly_premium,
        q1_0.premium,
        q1_0.primary_driver_license,
        q1_0.primary_driver_name,
        q1_0.valid_until,
        q1_0.vehicle_current_value,
        q1_0.vehicle_make,
        q1_0.vehicle_model,
        q1_0.vehicle_vin,
        q1_0.vehicle_year 
    from
        quotes q1_0 
    where
        q1_0.id=?
2025-08-14 22:48:23 - Read "application/json;charset=UTF-8" to [com.autoinsurance.quote.dto.QuoteRequestDto@3bbe7e94]
2025-08-14 22:48:23 - Using 'application/json', given [application/json] and supported [application/json]
2025-08-14 22:48:23 - Securing POST /api/v1/quotes
2025-08-14 22:48:23 - Writing [com.autoinsurance.quote.dto.QuoteResponseDto@27f53020]
2025-08-14 22:48:23 - Secured POST /api/v1/quotes
2025-08-14 22:48:23 - Mapped to com.autoinsurance.quote.controller.QuoteController#createQuote(QuoteRequestDto)
2025-08-14 22:48:23 - Securing GET /api/v1/quotes/f061beef-e4aa-4e6c-95c9-b9ebbc97af7c
2025-08-14 22:48:23 - 
    select
        da1_0.quote_id,
        da1_0.discount_description 
    from
        quote_discounts da1_0 
    where
        da1_0.quote_id=?
2025-08-14 22:48:23 - Using 'application/json', given [*/*] and supported [application/json]
2025-08-14 22:48:23 - Writing [{premium=517.28}]
2025-08-14 22:48:23 - Read "application/json;charset=UTF-8" to [com.autoinsurance.quote.dto.QuoteRequestDto@9037c9e]
2025-08-14 22:48:23 - Set SecurityContextHolder to anonymous SecurityContext
2025-08-14 22:48:23 - 
    select
        da1_0.quote_id,
        da1_0.discount_description 
    from
        quote_discounts da1_0 
    where
        da1_0.quote_id=?
2025-08-14 22:48:23 - Set SecurityContextHolder to anonymous SecurityContext
2025-08-14 22:48:23 - 
    select
        q1_0.id,
        q1_0.coverage_amount,
        q1_0.created_at,
        q1_0.deductible,
        q1_0.monthly_premium,
        q1_0.premium,
        q1_0.primary_driver_license,
        q1_0.primary_driver_name,
        q1_0.valid_until,
        q1_0.vehicle_current_value,
        q1_0.vehicle_make,
        q1_0.vehicle_model,
        q1_0.vehicle_vin,
        q1_0.vehicle_year 
    from
        quotes q1_0 
    where
        q1_0.id=?
2025-08-14 22:48:23 - Securing POST /api/v1/quotes/calculate
2025-08-14 22:48:23 - Secured GET /api/v1/quotes/f061beef-e4aa-4e6c-95c9-b9ebbc97af7c
2025-08-14 22:48:23 - Set SecurityContextHolder to anonymous SecurityContext
2025-08-14 22:48:23 - Secured POST /api/v1/quotes/calculate
2025-08-14 22:48:23 - 
    insert 
    into
        quotes
        (coverage_amount, created_at, deductible, monthly_premium, premium, primary_driver_license, primary_driver_name, valid_until, vehicle_current_value, vehicle_make, vehicle_model, vehicle_vin, vehicle_year, id) 
    values
        (?, ?, ?, ?, ?, ?, ?, ?, ?, ?, ?, ?, ?, ?)
2025-08-14 22:48:23 - Mapped to com.autoinsurance.quote.controller.QuoteController#calculatePremium(QuoteRequestDto)
2025-08-14 22:48:23 - Mapped to com.autoinsurance.quote.controller.QuoteController#getQuote(String)
2025-08-14 22:48:23 - 
    insert 
    into
        quotes
        (coverage_amount, created_at, deductible, monthly_premium, premium, primary_driver_license, primary_driver_name, valid_until, vehicle_current_value, vehicle_make, vehicle_model, vehicle_vin, vehicle_year, id) 
    values
        (?, ?, ?, ?, ?, ?, ?, ?, ?, ?, ?, ?, ?, ?)
2025-08-14 22:48:23 - Read "application/json;charset=UTF-8" to [com.autoinsurance.quote.dto.QuoteRequestDto@37a60d30]
2025-08-14 22:48:23 - Using 'application/json', given [*/*] and supported [application/json]
2025-08-14 22:48:23 - Writing [{premium=570.00}]
2025-08-14 22:48:23 - Securing POST /api/v1/quotes
2025-08-14 22:48:23 - Set SecurityContextHolder to anonymous SecurityContext
2025-08-14 22:48:23 - Using 'application/json', given [*/*] and supported [application/json]
2025-08-14 22:48:23 - Writing [com.autoinsurance.quote.dto.QuoteResponseDto@2eb303f4]
2025-08-14 22:48:23 - Using 'application/json', given [*/*] and supported [application/json]
2025-08-14 22:48:23 - Writing [com.autoinsurance.quote.dto.QuoteResponseDto@4dffe1fd]
2025-08-14 22:48:23 - Securing POST /api/v1/quotes/calculate
2025-08-14 22:48:23 - Set SecurityContextHolder to anonymous SecurityContext
2025-08-14 22:48:23 - Set SecurityContextHolder to anonymous SecurityContext
2025-08-14 22:48:23 - 
    select
        q1_0.id,
        q1_0.coverage_amount,
        q1_0.created_at,
        q1_0.deductible,
        q1_0.monthly_premium,
        q1_0.premium,
        q1_0.primary_driver_license,
        q1_0.primary_driver_name,
        q1_0.valid_until,
        q1_0.vehicle_current_value,
        q1_0.vehicle_make,
        q1_0.vehicle_model,
        q1_0.vehicle_vin,
        q1_0.vehicle_year 
    from
        quotes q1_0 
    where
        q1_0.id=?
2025-08-14 22:48:23 - Secured POST /api/v1/quotes
2025-08-14 22:48:23 - Securing GET /api/v1/quotes/17508b16-3c67-44dd-bfa6-b9d6daf39c2b
2025-08-14 22:48:23 - Secured POST /api/v1/quotes/calculate
2025-08-14 22:48:23 - Mapped to com.autoinsurance.quote.controller.QuoteController#calculatePremium(QuoteRequestDto)
2025-08-14 22:48:23 - Mapped to com.autoinsurance.quote.controller.QuoteController#createQuote(QuoteRequestDto)
2025-08-14 22:48:23 - Read "application/json;charset=UTF-8" to [com.autoinsurance.quote.dto.QuoteRequestDto@511f73bf]
2025-08-14 22:48:23 - Read "application/json;charset=UTF-8" to [com.autoinsurance.quote.dto.QuoteRequestDto@44977851]
2025-08-14 22:48:23 - Secured GET /api/v1/quotes/17508b16-3c67-44dd-bfa6-b9d6daf39c2b
2025-08-14 22:48:23 - Using 'application/json', given [*/*] and supported [application/json]
2025-08-14 22:48:23 - Writing [{premium=513.00}]
2025-08-14 22:48:23 - Set SecurityContextHolder to anonymous SecurityContext
2025-08-14 22:48:23 - Mapped to com.autoinsurance.quote.controller.QuoteController#getQuote(String)
2025-08-14 22:48:23 - 
    select
        q1_0.id,
        q1_0.coverage_amount,
        q1_0.created_at,
        q1_0.deductible,
        q1_0.monthly_premium,
        q1_0.premium,
        q1_0.primary_driver_license,
        q1_0.primary_driver_name,
        q1_0.valid_until,
        q1_0.vehicle_current_value,
        q1_0.vehicle_make,
        q1_0.vehicle_model,
        q1_0.vehicle_vin,
        q1_0.vehicle_year 
    from
        quotes q1_0 
    where
        q1_0.id=?
2025-08-14 22:48:23 - Securing GET /api/v1/quotes/f061beef-e4aa-4e6c-95c9-b9ebbc97af7c
2025-08-14 22:48:23 - Securing POST /api/v1/quotes/calculate
2025-08-14 22:48:23 - Securing POST /api/v1/quotes
2025-08-14 22:48:23 - Secured GET /api/v1/quotes/f061beef-e4aa-4e6c-95c9-b9ebbc97af7c
2025-08-14 22:48:23 - Secured POST /api/v1/quotes/calculate
2025-08-14 22:48:23 - Mapped to com.autoinsurance.quote.controller.QuoteController#calculatePremium(QuoteRequestDto)
2025-08-14 22:48:23 - Mapped to com.autoinsurance.quote.controller.QuoteController#getQuote(String)
2025-08-14 22:48:23 - Secured POST /api/v1/quotes
2025-08-14 22:48:23 - 
    select
        q1_0.id,
        q1_0.coverage_amount,
        q1_0.created_at,
        q1_0.deductible,
        q1_0.monthly_premium,
        q1_0.premium,
        q1_0.primary_driver_license,
        q1_0.primary_driver_name,
        q1_0.valid_until,
        q1_0.vehicle_current_value,
        q1_0.vehicle_make,
        q1_0.vehicle_model,
        q1_0.vehicle_vin,
        q1_0.vehicle_year 
    from
        quotes q1_0 
    where
        q1_0.id=?
2025-08-14 22:48:23 - Read "application/json;charset=UTF-8" to [com.autoinsurance.quote.dto.QuoteRequestDto@5c9036f1]
2025-08-14 22:48:23 - 
    select
        q1_0.id,
        q1_0.coverage_amount,
        q1_0.created_at,
        q1_0.deductible,
        q1_0.monthly_premium,
        q1_0.premium,
        q1_0.primary_driver_license,
        q1_0.primary_driver_name,
        q1_0.valid_until,
        q1_0.vehicle_current_value,
        q1_0.vehicle_make,
        q1_0.vehicle_model,
        q1_0.vehicle_vin,
        q1_0.vehicle_year 
    from
        quotes q1_0 
    where
        q1_0.id=?
2025-08-14 22:48:23 - Mapped to com.autoinsurance.quote.controller.QuoteController#createQuote(QuoteRequestDto)
2025-08-14 22:48:23 - 
    insert 
    into
        quotes
        (coverage_amount, created_at, deductible, monthly_premium, premium, primary_driver_license, primary_driver_name, valid_until, vehicle_current_value, vehicle_make, vehicle_model, vehicle_vin, vehicle_year, id) 
    values
        (?, ?, ?, ?, ?, ?, ?, ?, ?, ?, ?, ?, ?, ?)
2025-08-14 22:48:23 - Using 'application/json', given [application/json] and supported [application/json]
2025-08-14 22:48:23 - Writing [com.autoinsurance.quote.dto.QuoteResponseDto@3675e5da]
2025-08-14 22:48:23 - Using 'application/json', given [*/*] and supported [application/json]
2025-08-14 22:48:23 - Read "application/json;charset=UTF-8" to [com.autoinsurance.quote.dto.QuoteRequestDto@2d50cdf9]
2025-08-14 22:48:23 - Writing [{premium=532.00}]
2025-08-14 22:48:23 - Using 'application/json', given [application/json] and supported [application/json]
2025-08-14 22:48:23 - Writing [com.autoinsurance.quote.dto.QuoteResponseDto@3377f445]
2025-08-14 22:48:23 - Set SecurityContextHolder to anonymous SecurityContext
2025-08-14 22:48:23 - 
    select
        da1_0.quote_id,
        da1_0.discount_description 
    from
        quote_discounts da1_0 
    where
        da1_0.quote_id=?
2025-08-14 22:48:23 - 
    select
        da1_0.quote_id,
        da1_0.discount_description 
    from
        quote_discounts da1_0 
    where
        da1_0.quote_id=?
2025-08-14 22:48:23 - Using 'application/json', given [*/*] and supported [application/json]
2025-08-14 22:48:23 - Writing [com.autoinsurance.quote.dto.QuoteResponseDto@6bd7282]
2025-08-14 22:48:23 - Set SecurityContextHolder to anonymous SecurityContext
2025-08-14 22:48:23 - Using 'application/json', given [application/json] and supported [application/json]
2025-08-14 22:48:23 - Set SecurityContextHolder to anonymous SecurityContext
2025-08-14 22:48:23 - Set SecurityContextHolder to anonymous SecurityContext
2025-08-14 22:48:23 - 
    select
        q1_0.id,
        q1_0.coverage_amount,
        q1_0.created_at,
        q1_0.deductible,
        q1_0.monthly_premium,
        q1_0.premium,
        q1_0.primary_driver_license,
        q1_0.primary_driver_name,
        q1_0.valid_until,
        q1_0.vehicle_current_value,
        q1_0.vehicle_make,
        q1_0.vehicle_model,
        q1_0.vehicle_vin,
        q1_0.vehicle_year 
    from
        quotes q1_0 
    where
        q1_0.id=?
2025-08-14 22:48:23 - Writing [com.autoinsurance.quote.dto.QuoteResponseDto@7dd0845f]
2025-08-14 22:48:23 - Securing POST /api/v1/quotes
2025-08-14 22:48:23 - 
    select
        da1_0.quote_id,
        da1_0.discount_description 
    from
        quote_discounts da1_0 
    where
        da1_0.quote_id=?
2025-08-14 22:48:23 - Secured POST /api/v1/quotes
2025-08-14 22:48:23 - Mapped to com.autoinsurance.quote.controller.QuoteController#createQuote(QuoteRequestDto)
2025-08-14 22:48:23 - Securing GET /api/v1/quotes/12bf7c13-8a76-4d7e-a2bb-ffe341410697
2025-08-14 22:48:23 - Read "application/json;charset=UTF-8" to [com.autoinsurance.quote.dto.QuoteRequestDto@3483c4e4]
2025-08-14 22:48:23 - Set SecurityContextHolder to anonymous SecurityContext
2025-08-14 22:48:23 - Securing POST /api/v1/quotes
2025-08-14 22:48:23 - Securing POST /api/v1/quotes/calculate
2025-08-14 22:48:23 - 
    insert 
    into
        quotes
        (coverage_amount, created_at, deductible, monthly_premium, premium, primary_driver_license, primary_driver_name, valid_until, vehicle_current_value, vehicle_make, vehicle_model, vehicle_vin, vehicle_year, id) 
    values
        (?, ?, ?, ?, ?, ?, ?, ?, ?, ?, ?, ?, ?, ?)
2025-08-14 22:48:23 - 
    select
        q1_0.id,
        q1_0.coverage_amount,
        q1_0.created_at,
        q1_0.deductible,
        q1_0.monthly_premium,
        q1_0.premium,
        q1_0.primary_driver_license,
        q1_0.primary_driver_name,
        q1_0.valid_until,
        q1_0.vehicle_current_value,
        q1_0.vehicle_make,
        q1_0.vehicle_model,
        q1_0.vehicle_vin,
        q1_0.vehicle_year 
    from
        quotes q1_0 
    where
        q1_0.id=?
2025-08-14 22:48:23 - Secured POST /api/v1/quotes/calculate
2025-08-14 22:48:23 - Secured POST /api/v1/quotes
2025-08-14 22:48:23 - Secured GET /api/v1/quotes/12bf7c13-8a76-4d7e-a2bb-ffe341410697
2025-08-14 22:48:23 - Mapped to com.autoinsurance.quote.controller.QuoteController#createQuote(QuoteRequestDto)
2025-08-14 22:48:23 - Mapped to com.autoinsurance.quote.controller.QuoteController#calculatePremium(QuoteRequestDto)
2025-08-14 22:48:23 - 
    insert 
    into
        quotes
        (coverage_amount, created_at, deductible, monthly_premium, premium, primary_driver_license, primary_driver_name, valid_until, vehicle_current_value, vehicle_make, vehicle_model, vehicle_vin, vehicle_year, id) 
    values
        (?, ?, ?, ?, ?, ?, ?, ?, ?, ?, ?, ?, ?, ?)
2025-08-14 22:48:23 - Mapped to com.autoinsurance.quote.controller.QuoteController#getQuote(String)
2025-08-14 22:48:23 - Securing GET /api/v1/quotes/fc4ecf95-7c19-4431-9365-c596aae520cd
2025-08-14 22:48:23 - Using 'application/json', given [*/*] and supported [application/json]
2025-08-14 22:48:23 - Using 'application/json', given [*/*] and supported [application/json]
2025-08-14 22:48:23 - Writing [com.autoinsurance.quote.dto.QuoteResponseDto@502c843c]
2025-08-14 22:48:23 - Writing [com.autoinsurance.quote.dto.QuoteResponseDto@31e05dc7]
2025-08-14 22:48:23 - Read "application/json;charset=UTF-8" to [com.autoinsurance.quote.dto.QuoteRequestDto@1f904768]
2025-08-14 22:48:23 - Read "application/json;charset=UTF-8" to [com.autoinsurance.quote.dto.QuoteRequestDto@586b1ab9]
2025-08-14 22:48:23 - Set SecurityContextHolder to anonymous SecurityContext
2025-08-14 22:48:23 - Set SecurityContextHolder to anonymous SecurityContext
2025-08-14 22:48:23 - Secured GET /api/v1/quotes/fc4ecf95-7c19-4431-9365-c596aae520cd
2025-08-14 22:48:23 - 
    select
        q1_0.id,
        q1_0.coverage_amount,
        q1_0.created_at,
        q1_0.deductible,
        q1_0.monthly_premium,
        q1_0.premium,
        q1_0.primary_driver_license,
        q1_0.primary_driver_name,
        q1_0.valid_until,
        q1_0.vehicle_current_value,
        q1_0.vehicle_make,
        q1_0.vehicle_model,
        q1_0.vehicle_vin,
        q1_0.vehicle_year 
    from
        quotes q1_0 
    where
        q1_0.id=?
2025-08-14 22:48:23 - Securing POST /api/v1/quotes/calculate
2025-08-14 22:48:23 - Mapped to com.autoinsurance.quote.controller.QuoteController#getQuote(String)
2025-08-14 22:48:23 - Using 'application/json', given [*/*] and supported [application/json]
2025-08-14 22:48:23 - Writing [{premium=498.47}]
2025-08-14 22:48:23 - 
    select
        q1_0.id,
        q1_0.coverage_amount,
        q1_0.created_at,
        q1_0.deductible,
        q1_0.monthly_premium,
        q1_0.premium,
        q1_0.primary_driver_license,
        q1_0.primary_driver_name,
        q1_0.valid_until,
        q1_0.vehicle_current_value,
        q1_0.vehicle_make,
        q1_0.vehicle_model,
        q1_0.vehicle_vin,
        q1_0.vehicle_year 
    from
        quotes q1_0 
    where
        q1_0.id=?
2025-08-14 22:48:23 - Secured POST /api/v1/quotes/calculate
2025-08-14 22:48:23 - Mapped to com.autoinsurance.quote.controller.QuoteController#calculatePremium(QuoteRequestDto)
2025-08-14 22:48:23 - Read "application/json;charset=UTF-8" to [com.autoinsurance.quote.dto.QuoteRequestDto@13176f27]
2025-08-14 22:48:23 - Set SecurityContextHolder to anonymous SecurityContext
2025-08-14 22:48:23 - 
    insert 
    into
        quotes
        (coverage_amount, created_at, deductible, monthly_premium, premium, primary_driver_license, primary_driver_name, valid_until, vehicle_current_value, vehicle_make, vehicle_model, vehicle_vin, vehicle_year, id) 
    values
        (?, ?, ?, ?, ?, ?, ?, ?, ?, ?, ?, ?, ?, ?)
2025-08-14 22:48:23 - Using 'application/json', given [*/*] and supported [application/json]
2025-08-14 22:48:23 - Writing [{premium=522.50}]
2025-08-14 22:48:23 - Set SecurityContextHolder to anonymous SecurityContext
2025-08-14 22:48:23 - Securing POST /api/v1/quotes
2025-08-14 22:48:23 - 
    select
        q1_0.id,
        q1_0.coverage_amount,
        q1_0.created_at,
        q1_0.deductible,
        q1_0.monthly_premium,
        q1_0.premium,
        q1_0.primary_driver_license,
        q1_0.primary_driver_name,
        q1_0.valid_until,
        q1_0.vehicle_current_value,
        q1_0.vehicle_make,
        q1_0.vehicle_model,
        q1_0.vehicle_vin,
        q1_0.vehicle_year 
    from
        quotes q1_0 
    where
        q1_0.id=?
2025-08-14 22:48:23 - Using 'application/json', given [*/*] and supported [application/json]
2025-08-14 22:48:23 - Writing [com.autoinsurance.quote.dto.QuoteResponseDto@1207867a]
2025-08-14 22:48:23 - Set SecurityContextHolder to anonymous SecurityContext
2025-08-14 22:48:23 - Securing GET /api/v1/quotes/f061beef-e4aa-4e6c-95c9-b9ebbc97af7c
2025-08-14 22:48:23 - Secured GET /api/v1/quotes/f061beef-e4aa-4e6c-95c9-b9ebbc97af7c
2025-08-14 22:48:23 - Securing POST /api/v1/quotes
2025-08-14 22:48:23 - Using 'application/json', given [application/json] and supported [application/json]
2025-08-14 22:48:23 - Mapped to com.autoinsurance.quote.controller.QuoteController#getQuote(String)
2025-08-14 22:48:23 - Securing POST /api/v1/quotes/calculate
2025-08-14 22:48:23 - Writing [com.autoinsurance.quote.dto.QuoteResponseDto@c7d1ed3]
2025-08-14 22:48:23 - Secured POST /api/v1/quotes
2025-08-14 22:48:23 - Mapped to com.autoinsurance.quote.controller.QuoteController#createQuote(QuoteRequestDto)
2025-08-14 22:48:23 - Using 'application/json', given [application/json] and supported [application/json]
2025-08-14 22:48:23 - Writing [com.autoinsurance.quote.dto.QuoteResponseDto@3377f445]
2025-08-14 22:48:23 - Read "application/json;charset=UTF-8" to [com.autoinsurance.quote.dto.QuoteRequestDto@59ffff1f]
2025-08-14 22:48:23 - Set SecurityContextHolder to anonymous SecurityContext
2025-08-14 22:48:23 - 
    select
        da1_0.quote_id,
        da1_0.discount_description 
    from
        quote_discounts da1_0 
    where
        da1_0.quote_id=?
2025-08-14 22:48:23 - Secured POST /api/v1/quotes/calculate
2025-08-14 22:48:23 - Mapped to com.autoinsurance.quote.controller.QuoteController#calculatePremium(QuoteRequestDto)
2025-08-14 22:48:23 - 
    select
        q1_0.id,
        q1_0.coverage_amount,
        q1_0.created_at,
        q1_0.deductible,
        q1_0.monthly_premium,
        q1_0.premium,
        q1_0.primary_driver_license,
        q1_0.primary_driver_name,
        q1_0.valid_until,
        q1_0.vehicle_current_value,
        q1_0.vehicle_make,
        q1_0.vehicle_model,
        q1_0.vehicle_vin,
        q1_0.vehicle_year 
    from
        quotes q1_0 
    where
        q1_0.id=?
2025-08-14 22:48:23 - Securing GET /api/v1/quotes/f061beef-e4aa-4e6c-95c9-b9ebbc97af7c
2025-08-14 22:48:23 - Using 'application/json', given [application/json] and supported [application/json]
2025-08-14 22:48:23 - Writing [com.autoinsurance.quote.dto.QuoteResponseDto@5f2f7507]
2025-08-14 22:48:23 - Secured GET /api/v1/quotes/f061beef-e4aa-4e6c-95c9-b9ebbc97af7c
2025-08-14 22:48:23 - Mapped to com.autoinsurance.quote.controller.QuoteController#getQuote(String)
2025-08-14 22:48:23 - Set SecurityContextHolder to anonymous SecurityContext
2025-08-14 22:48:23 - 
    insert 
    into
        quotes
        (coverage_amount, created_at, deductible, monthly_premium, premium, primary_driver_license, primary_driver_name, valid_until, vehicle_current_value, vehicle_make, vehicle_model, vehicle_vin, vehicle_year, id) 
    values
        (?, ?, ?, ?, ?, ?, ?, ?, ?, ?, ?, ?, ?, ?)
2025-08-14 22:48:23 - 
    select
        da1_0.quote_id,
        da1_0.discount_description 
    from
        quote_discounts da1_0 
    where
        da1_0.quote_id=?
2025-08-14 22:48:23 - Read "application/json;charset=UTF-8" to [com.autoinsurance.quote.dto.QuoteRequestDto@48cddec0]
2025-08-14 22:48:23 - Using 'application/json', given [application/json] and supported [application/json]
2025-08-14 22:48:23 - Writing [com.autoinsurance.quote.dto.QuoteResponseDto@3377f445]
2025-08-14 22:48:23 - Set SecurityContextHolder to anonymous SecurityContext
2025-08-14 22:48:23 - Using 'application/json', given [*/*] and supported [application/json]
2025-08-14 22:48:23 - Writing [com.autoinsurance.quote.dto.QuoteResponseDto@24c69273]
2025-08-14 22:48:23 - Set SecurityContextHolder to anonymous SecurityContext
2025-08-14 22:48:23 - Set SecurityContextHolder to anonymous SecurityContext
2025-08-14 22:48:23 - Securing POST /api/v1/quotes/calculate
2025-08-14 22:48:23 - Using 'application/json', given [*/*] and supported [application/json]
2025-08-14 22:48:23 - Writing [{premium=540.15}]
2025-08-14 22:48:23 - Secured POST /api/v1/quotes/calculate
2025-08-14 22:48:23 - Mapped to com.autoinsurance.quote.controller.QuoteController#calculatePremium(QuoteRequestDto)
2025-08-14 22:48:23 - Securing POST /api/v1/quotes
2025-08-14 22:48:23 - Read "application/json;charset=UTF-8" to [com.autoinsurance.quote.dto.QuoteRequestDto@6602dc13]
2025-08-14 22:48:23 - Set SecurityContextHolder to anonymous SecurityContext
2025-08-14 22:48:23 - Secured POST /api/v1/quotes
2025-08-14 22:48:23 - Securing GET /api/v1/quotes/f061beef-e4aa-4e6c-95c9-b9ebbc97af7c
2025-08-14 22:48:23 - Secured POST /api/v1/quotes
2025-08-14 22:48:23 - Mapped to com.autoinsurance.quote.controller.QuoteController#createQuote(QuoteRequestDto)
2025-08-14 22:48:23 - Using 'application/json', given [*/*] and supported [application/json]
2025-08-14 22:48:23 - Writing [{premium=513.00}]
2025-08-14 22:48:23 - Read "application/json;charset=UTF-8" to [com.autoinsurance.quote.dto.QuoteRequestDto@342e58c6]
2025-08-14 22:48:23 - Mapped to com.autoinsurance.quote.controller.QuoteController#createQuote(QuoteRequestDto)
2025-08-14 22:48:23 - Securing POST /api/v1/quotes/calculate
2025-08-14 22:48:23 - Set SecurityContextHolder to anonymous SecurityContext
2025-08-14 22:48:23 - Secured GET /api/v1/quotes/f061beef-e4aa-4e6c-95c9-b9ebbc97af7c
2025-08-14 22:48:23 - 
    select
        q1_0.id,
        q1_0.coverage_amount,
        q1_0.created_at,
        q1_0.deductible,
        q1_0.monthly_premium,
        q1_0.premium,
        q1_0.primary_driver_license,
        q1_0.primary_driver_name,
        q1_0.valid_until,
        q1_0.vehicle_current_value,
        q1_0.vehicle_make,
        q1_0.vehicle_model,
        q1_0.vehicle_vin,
        q1_0.vehicle_year 
    from
        quotes q1_0 
    where
        q1_0.id=?
2025-08-14 22:48:23 - Secured POST /api/v1/quotes/calculate
2025-08-14 22:48:23 - Securing GET /api/v1/quotes/fc4ecf95-7c19-4431-9365-c596aae520cd
2025-08-14 22:48:23 - Mapped to com.autoinsurance.quote.controller.QuoteController#getQuote(String)
2025-08-14 22:48:23 - Mapped to com.autoinsurance.quote.controller.QuoteController#calculatePremium(QuoteRequestDto)
2025-08-14 22:48:23 - Read "application/json;charset=UTF-8" to [com.autoinsurance.quote.dto.QuoteRequestDto@3a4b45a1]
2025-08-14 22:48:23 - Secured GET /api/v1/quotes/fc4ecf95-7c19-4431-9365-c596aae520cd
2025-08-14 22:48:23 - Securing POST /api/v1/quotes
2025-08-14 22:48:23 - Mapped to com.autoinsurance.quote.controller.QuoteController#getQuote(String)
2025-08-14 22:48:23 - 
    insert 
    into
        quotes
        (coverage_amount, created_at, deductible, monthly_premium, premium, primary_driver_license, primary_driver_name, valid_until, vehicle_current_value, vehicle_make, vehicle_model, vehicle_vin, vehicle_year, id) 
    values
        (?, ?, ?, ?, ?, ?, ?, ?, ?, ?, ?, ?, ?, ?)
2025-08-14 22:48:23 - Read "application/json;charset=UTF-8" to [com.autoinsurance.quote.dto.QuoteRequestDto@6195bd09]
2025-08-14 22:48:23 - Using 'application/json', given [application/json] and supported [application/json]
2025-08-14 22:48:23 - Using 'application/json', given [application/json] and supported [application/json]
2025-08-14 22:48:23 - Writing [com.autoinsurance.quote.dto.QuoteResponseDto@5f2f7507]
2025-08-14 22:48:23 - Using 'application/json', given [*/*] and supported [application/json]
2025-08-14 22:48:23 - Writing [com.autoinsurance.quote.dto.QuoteResponseDto@3f41e99c]
2025-08-14 22:48:23 - Writing [com.autoinsurance.quote.dto.QuoteResponseDto@3377f445]
2025-08-14 22:48:23 - Set SecurityContextHolder to anonymous SecurityContext
2025-08-14 22:48:23 - Secured POST /api/v1/quotes
2025-08-14 22:48:23 - Set SecurityContextHolder to anonymous SecurityContext
2025-08-14 22:48:23 - Using 'application/json', given [*/*] and supported [application/json]
2025-08-14 22:48:23 - Mapped to com.autoinsurance.quote.controller.QuoteController#createQuote(QuoteRequestDto)
2025-08-14 22:48:23 - Writing [{premium=530.67}]
2025-08-14 22:48:23 - Set SecurityContextHolder to anonymous SecurityContext
2025-08-14 22:48:23 - 
    select
        q1_0.id,
        q1_0.coverage_amount,
        q1_0.created_at,
        q1_0.deductible,
        q1_0.monthly_premium,
        q1_0.premium,
        q1_0.primary_driver_license,
        q1_0.primary_driver_name,
        q1_0.valid_until,
        q1_0.vehicle_current_value,
        q1_0.vehicle_make,
        q1_0.vehicle_model,
        q1_0.vehicle_vin,
        q1_0.vehicle_year 
    from
        quotes q1_0 
    where
        q1_0.id=?
2025-08-14 22:48:23 - Set SecurityContextHolder to anonymous SecurityContext
2025-08-14 22:48:23 - Securing POST /api/v1/quotes
2025-08-14 22:48:23 - Securing POST /api/v1/quotes/calculate
2025-08-14 22:48:23 - Read "application/json;charset=UTF-8" to [com.autoinsurance.quote.dto.QuoteRequestDto@6921bbf3]
2025-08-14 22:48:23 - Secured POST /api/v1/quotes
2025-08-14 22:48:23 - Secured POST /api/v1/quotes/calculate
2025-08-14 22:48:23 - Mapped to com.autoinsurance.quote.controller.QuoteController#createQuote(QuoteRequestDto)
2025-08-14 22:48:23 - Mapped to com.autoinsurance.quote.controller.QuoteController#calculatePremium(QuoteRequestDto)
2025-08-14 22:48:23 - Read "application/json;charset=UTF-8" to [com.autoinsurance.quote.dto.QuoteRequestDto@6e02424c]
2025-08-14 22:48:23 - Read "application/json;charset=UTF-8" to [com.autoinsurance.quote.dto.QuoteRequestDto@161449e7]
2025-08-14 22:48:23 - Using 'application/json', given [*/*] and supported [application/json]
2025-08-14 22:48:23 - Writing [{premium=506.02}]
2025-08-14 22:48:23 - Securing POST /api/v1/quotes/calculate
2025-08-14 22:48:23 - Securing GET /api/v1/quotes/fc4ecf95-7c19-4431-9365-c596aae520cd
2025-08-14 22:48:23 - 
    select
        q1_0.id,
        q1_0.coverage_amount,
        q1_0.created_at,
        q1_0.deductible,
        q1_0.monthly_premium,
        q1_0.premium,
        q1_0.primary_driver_license,
        q1_0.primary_driver_name,
        q1_0.valid_until,
        q1_0.vehicle_current_value,
        q1_0.vehicle_make,
        q1_0.vehicle_model,
        q1_0.vehicle_vin,
        q1_0.vehicle_year 
    from
        quotes q1_0 
    where
        q1_0.id=?
2025-08-14 22:48:23 - Set SecurityContextHolder to anonymous SecurityContext
2025-08-14 22:48:23 - 
    select
        q1_0.id,
        q1_0.coverage_amount,
        q1_0.created_at,
        q1_0.deductible,
        q1_0.monthly_premium,
        q1_0.premium,
        q1_0.primary_driver_license,
        q1_0.primary_driver_name,
        q1_0.valid_until,
        q1_0.vehicle_current_value,
        q1_0.vehicle_make,
        q1_0.vehicle_model,
        q1_0.vehicle_vin,
        q1_0.vehicle_year 
    from
        quotes q1_0 
    where
        q1_0.id=?
2025-08-14 22:48:23 - 
    insert 
    into
        quotes
        (coverage_amount, created_at, deductible, monthly_premium, premium, primary_driver_license, primary_driver_name, valid_until, vehicle_current_value, vehicle_make, vehicle_model, vehicle_vin, vehicle_year, id) 
    values
        (?, ?, ?, ?, ?, ?, ?, ?, ?, ?, ?, ?, ?, ?)
2025-08-14 22:48:23 - 
    insert 
    into
        quotes
        (coverage_amount, created_at, deductible, monthly_premium, premium, primary_driver_license, primary_driver_name, valid_until, vehicle_current_value, vehicle_make, vehicle_model, vehicle_vin, vehicle_year, id) 
    values
        (?, ?, ?, ?, ?, ?, ?, ?, ?, ?, ?, ?, ?, ?)
2025-08-14 22:48:23 - Secured GET /api/v1/quotes/fc4ecf95-7c19-4431-9365-c596aae520cd
2025-08-14 22:48:23 - Secured POST /api/v1/quotes/calculate
2025-08-14 22:48:23 - Mapped to com.autoinsurance.quote.controller.QuoteController#calculatePremium(QuoteRequestDto)
2025-08-14 22:48:23 - Securing POST /api/v1/quotes
2025-08-14 22:48:23 - Mapped to com.autoinsurance.quote.controller.QuoteController#getQuote(String)
2025-08-14 22:48:23 - Using 'application/json', given [*/*] and supported [application/json]
2025-08-14 22:48:23 - Writing [com.autoinsurance.quote.dto.QuoteResponseDto@32eea962]
2025-08-14 22:48:23 - Secured POST /api/v1/quotes
2025-08-14 22:48:23 - Mapped to com.autoinsurance.quote.controller.QuoteController#createQuote(QuoteRequestDto)
2025-08-14 22:48:23 - Set SecurityContextHolder to anonymous SecurityContext
2025-08-14 22:48:23 - Read "application/json;charset=UTF-8" to [com.autoinsurance.quote.dto.QuoteRequestDto@11d46e66]
2025-08-14 22:48:23 - Read "application/json;charset=UTF-8" to [com.autoinsurance.quote.dto.QuoteRequestDto@554c3d9b]
2025-08-14 22:48:23 - Using 'application/json', given [*/*] and supported [application/json]
2025-08-14 22:48:23 - Writing [com.autoinsurance.quote.dto.QuoteResponseDto@44fd576c]
2025-08-14 22:48:23 - Using 'application/json', given [application/json] and supported [application/json]
2025-08-14 22:48:23 - Writing [com.autoinsurance.quote.dto.QuoteResponseDto@5f2f7507]
2025-08-14 22:48:23 - Securing GET /api/v1/quotes/fc4ecf95-7c19-4431-9365-c596aae520cd
2025-08-14 22:48:23 - Secured GET /api/v1/quotes/fc4ecf95-7c19-4431-9365-c596aae520cd
2025-08-14 22:48:23 - 
    select
        q1_0.id,
        q1_0.coverage_amount,
        q1_0.created_at,
        q1_0.deductible,
        q1_0.monthly_premium,
        q1_0.premium,
        q1_0.primary_driver_license,
        q1_0.primary_driver_name,
        q1_0.valid_until,
        q1_0.vehicle_current_value,
        q1_0.vehicle_make,
        q1_0.vehicle_model,
        q1_0.vehicle_vin,
        q1_0.vehicle_year 
    from
        quotes q1_0 
    where
        q1_0.id=?
2025-08-14 22:48:23 - Using 'application/json', given [*/*] and supported [application/json]
2025-08-14 22:48:23 - Mapped to com.autoinsurance.quote.controller.QuoteController#getQuote(String)
2025-08-14 22:48:23 - Set SecurityContextHolder to anonymous SecurityContext
2025-08-14 22:48:23 - Set SecurityContextHolder to anonymous SecurityContext
2025-08-14 22:48:23 - Writing [{premium=517.28}]
2025-08-14 22:48:23 - Using 'application/json', given [application/json] and supported [application/json]
2025-08-14 22:48:23 - Writing [com.autoinsurance.quote.dto.QuoteResponseDto@5f2f7507]
2025-08-14 22:48:23 - 
    insert 
    into
        quotes
        (coverage_amount, created_at, deductible, monthly_premium, premium, primary_driver_license, primary_driver_name, valid_until, vehicle_current_value, vehicle_make, vehicle_model, vehicle_vin, vehicle_year, id) 
    values
        (?, ?, ?, ?, ?, ?, ?, ?, ?, ?, ?, ?, ?, ?)
2025-08-14 22:48:23 - Set SecurityContextHolder to anonymous SecurityContext
2025-08-14 22:48:23 - Set SecurityContextHolder to anonymous SecurityContext
2025-08-14 22:48:23 - 
    insert 
    into
        quotes
        (coverage_amount, created_at, deductible, monthly_premium, premium, primary_driver_license, primary_driver_name, valid_until, vehicle_current_value, vehicle_make, vehicle_model, vehicle_vin, vehicle_year, id) 
    values
        (?, ?, ?, ?, ?, ?, ?, ?, ?, ?, ?, ?, ?, ?)
2025-08-14 22:48:23 - Using 'application/json', given [*/*] and supported [application/json]
2025-08-14 22:48:23 - Writing [com.autoinsurance.quote.dto.QuoteResponseDto@48eb403f]
2025-08-14 22:48:23 - Securing GET /api/v1/quotes/fc4ecf95-7c19-4431-9365-c596aae520cd
2025-08-14 22:48:23 - Set SecurityContextHolder to anonymous SecurityContext
2025-08-14 22:48:23 - Securing POST /api/v1/quotes
2025-08-14 22:48:23 - Securing POST /api/v1/quotes/calculate
2025-08-14 22:48:23 - Securing POST /api/v1/quotes/calculate
2025-08-14 22:48:23 - Secured POST /api/v1/quotes/calculate
2025-08-14 22:48:23 - Secured POST /api/v1/quotes
2025-08-14 22:48:23 - Secured POST /api/v1/quotes/calculate
2025-08-14 22:48:23 - Secured GET /api/v1/quotes/fc4ecf95-7c19-4431-9365-c596aae520cd
2025-08-14 22:48:23 - Mapped to com.autoinsurance.quote.controller.QuoteController#calculatePremium(QuoteRequestDto)
2025-08-14 22:48:23 - Mapped to com.autoinsurance.quote.controller.QuoteController#calculatePremium(QuoteRequestDto)
2025-08-14 22:48:23 - Mapped to com.autoinsurance.quote.controller.QuoteController#getQuote(String)
2025-08-14 22:48:23 - Read "application/json;charset=UTF-8" to [com.autoinsurance.quote.dto.QuoteRequestDto@73de8710]
2025-08-14 22:48:23 - Securing POST /api/v1/quotes
2025-08-14 22:48:23 - Mapped to com.autoinsurance.quote.controller.QuoteController#createQuote(QuoteRequestDto)
2025-08-14 22:48:23 - Read "application/json;charset=UTF-8" to [com.autoinsurance.quote.dto.QuoteRequestDto@13b5bd17]
2025-08-14 22:48:23 - Using 'application/json', given [*/*] and supported [application/json]
2025-08-14 22:48:23 - Using 'application/json', given [*/*] and supported [application/json]
2025-08-14 22:48:23 - Writing [{premium=570.00}]
2025-08-14 22:48:23 - Writing [com.autoinsurance.quote.dto.QuoteResponseDto@34479218]
2025-08-14 22:48:23 - Using 'application/json', given [*/*] and supported [application/json]
2025-08-14 22:48:23 - Secured POST /api/v1/quotes
2025-08-14 22:48:23 - Read "application/json;charset=UTF-8" to [com.autoinsurance.quote.dto.QuoteRequestDto@6a8ef23c]
2025-08-14 22:48:23 - Set SecurityContextHolder to anonymous SecurityContext
2025-08-14 22:48:23 - Writing [{premium=513.00}]
2025-08-14 22:48:23 - Using 'application/json', given [application/json] and supported [application/json]
2025-08-14 22:48:23 - Set SecurityContextHolder to anonymous SecurityContext
2025-08-14 22:48:23 - Set SecurityContextHolder to anonymous SecurityContext
2025-08-14 22:48:23 - Writing [com.autoinsurance.quote.dto.QuoteResponseDto@5f2f7507]
2025-08-14 22:48:23 - Mapped to com.autoinsurance.quote.controller.QuoteController#createQuote(QuoteRequestDto)
2025-08-14 22:48:23 - Securing GET /api/v1/quotes/fc4ecf95-7c19-4431-9365-c596aae520cd
2025-08-14 22:48:23 - Set SecurityContextHolder to anonymous SecurityContext
2025-08-14 22:48:23 - Secured GET /api/v1/quotes/fc4ecf95-7c19-4431-9365-c596aae520cd
2025-08-14 22:48:23 - 
    select
        q1_0.id,
        q1_0.coverage_amount,
        q1_0.created_at,
        q1_0.deductible,
        q1_0.monthly_premium,
        q1_0.premium,
        q1_0.primary_driver_license,
        q1_0.primary_driver_name,
        q1_0.valid_until,
        q1_0.vehicle_current_value,
        q1_0.vehicle_make,
        q1_0.vehicle_model,
        q1_0.vehicle_vin,
        q1_0.vehicle_year 
    from
        quotes q1_0 
    where
        q1_0.id=?
2025-08-14 22:48:23 - Securing GET /api/v1/quotes/fc4ecf95-7c19-4431-9365-c596aae520cd
2025-08-14 22:48:23 - Securing POST /api/v1/quotes/calculate
2025-08-14 22:48:23 - Securing POST /api/v1/quotes
2025-08-14 22:48:23 - Secured GET /api/v1/quotes/fc4ecf95-7c19-4431-9365-c596aae520cd
2025-08-14 22:48:23 - Read "application/json;charset=UTF-8" to [com.autoinsurance.quote.dto.QuoteRequestDto@3dc6c2ba]
2025-08-14 22:48:23 - Mapped to com.autoinsurance.quote.controller.QuoteController#getQuote(String)
2025-08-14 22:48:23 - Mapped to com.autoinsurance.quote.controller.QuoteController#getQuote(String)
2025-08-14 22:48:23 - Using 'application/json', given [application/json] and supported [application/json]
2025-08-14 22:48:23 - Using 'application/json', given [application/json] and supported [application/json]
2025-08-14 22:48:23 - Writing [com.autoinsurance.quote.dto.QuoteResponseDto@5f2f7507]
2025-08-14 22:48:23 - Secured POST /api/v1/quotes/calculate
2025-08-14 22:48:23 - Writing [com.autoinsurance.quote.dto.QuoteResponseDto@5f2f7507]
2025-08-14 22:48:23 - Set SecurityContextHolder to anonymous SecurityContext
2025-08-14 22:48:23 - Secured POST /api/v1/quotes
2025-08-14 22:48:23 - Mapped to com.autoinsurance.quote.controller.QuoteController#calculatePremium(QuoteRequestDto)
2025-08-14 22:48:23 - Mapped to com.autoinsurance.quote.controller.QuoteController#createQuote(QuoteRequestDto)
2025-08-14 22:48:23 - Read "application/json;charset=UTF-8" to [com.autoinsurance.quote.dto.QuoteRequestDto@41eb46f1]
2025-08-14 22:48:23 - Set SecurityContextHolder to anonymous SecurityContext
2025-08-14 22:48:23 - 
    select
        q1_0.id,
        q1_0.coverage_amount,
        q1_0.created_at,
        q1_0.deductible,
        q1_0.monthly_premium,
        q1_0.premium,
        q1_0.primary_driver_license,
        q1_0.primary_driver_name,
        q1_0.valid_until,
        q1_0.vehicle_current_value,
        q1_0.vehicle_make,
        q1_0.vehicle_model,
        q1_0.vehicle_vin,
        q1_0.vehicle_year 
    from
        quotes q1_0 
    where
        q1_0.id=?
2025-08-14 22:48:23 - 
    insert 
    into
        quotes
        (coverage_amount, created_at, deductible, monthly_premium, premium, primary_driver_license, primary_driver_name, valid_until, vehicle_current_value, vehicle_make, vehicle_model, vehicle_vin, vehicle_year, id) 
    values
        (?, ?, ?, ?, ?, ?, ?, ?, ?, ?, ?, ?, ?, ?)
2025-08-14 22:48:23 - Read "application/json;charset=UTF-8" to [com.autoinsurance.quote.dto.QuoteRequestDto@6535f177]
2025-08-14 22:48:23 - Securing POST /api/v1/quotes/calculate
2025-08-14 22:48:23 - Using 'application/json', given [*/*] and supported [application/json]
2025-08-14 22:48:23 - Writing [{premium=532.00}]
2025-08-14 22:48:23 - Set SecurityContextHolder to anonymous SecurityContext
2025-08-14 22:48:23 - 
    select
        q1_0.id,
        q1_0.coverage_amount,
        q1_0.created_at,
        q1_0.deductible,
        q1_0.monthly_premium,
        q1_0.premium,
        q1_0.primary_driver_license,
        q1_0.primary_driver_name,
        q1_0.valid_until,
        q1_0.vehicle_current_value,
        q1_0.vehicle_make,
        q1_0.vehicle_model,
        q1_0.vehicle_vin,
        q1_0.vehicle_year 
    from
        quotes q1_0 
    where
        q1_0.id=?
2025-08-14 22:48:23 - Secured POST /api/v1/quotes/calculate
2025-08-14 22:48:23 - Mapped to com.autoinsurance.quote.controller.QuoteController#calculatePremium(QuoteRequestDto)
2025-08-14 22:48:23 - 
    insert 
    into
        quotes
        (coverage_amount, created_at, deductible, monthly_premium, premium, primary_driver_license, primary_driver_name, valid_until, vehicle_current_value, vehicle_make, vehicle_model, vehicle_vin, vehicle_year, id) 
    values
        (?, ?, ?, ?, ?, ?, ?, ?, ?, ?, ?, ?, ?, ?)
2025-08-14 22:48:23 - Using 'application/json', given [*/*] and supported [application/json]
2025-08-14 22:48:23 - 
    insert 
    into
        quotes
        (coverage_amount, created_at, deductible, monthly_premium, premium, primary_driver_license, primary_driver_name, valid_until, vehicle_current_value, vehicle_make, vehicle_model, vehicle_vin, vehicle_year, id) 
    values
        (?, ?, ?, ?, ?, ?, ?, ?, ?, ?, ?, ?, ?, ?)
2025-08-14 22:48:23 - Writing [com.autoinsurance.quote.dto.QuoteResponseDto@470323c4]
2025-08-14 22:48:23 - Using 'application/json', given [*/*] and supported [application/json]
2025-08-14 22:48:23 - Writing [com.autoinsurance.quote.dto.QuoteResponseDto@5c0ddce8]
2025-08-14 22:48:23 - Using 'application/json', given [*/*] and supported [application/json]
2025-08-14 22:48:23 - Writing [com.autoinsurance.quote.dto.QuoteResponseDto@6115ce1b]
2025-08-14 22:48:23 - Read "application/json;charset=UTF-8" to [com.autoinsurance.quote.dto.QuoteRequestDto@7d39d785]
2025-08-14 22:48:23 - Set SecurityContextHolder to anonymous SecurityContext
2025-08-14 22:48:23 - Set SecurityContextHolder to anonymous SecurityContext
2025-08-14 22:48:23 - Set SecurityContextHolder to anonymous SecurityContext
2025-08-14 22:48:23 - Using 'application/json', given [*/*] and supported [application/json]
2025-08-14 22:48:23 - Writing [{premium=498.47}]
2025-08-14 22:48:23 - Set SecurityContextHolder to anonymous SecurityContext
Mixed Operations Stress Test Results:
  Total Operations: 60
  Successful Operations: 57
  Create Operations: 20
  Read Operations: 17
  Calculate Operations: 20
  Success Rate: 95.0%
  Created Quotes: 20
]]></system-out>
  </testcase>
  <testcase name="should_RecoverGracefullyFromSimulatedFailures" classname="com.autoinsurance.stress.StressAndReliabilityTest" time="0.022">
    <system-out><![CDATA[Phase 1: Normal operations baseline...
2025-08-14 22:48:23 - Securing POST /api/v1/quotes
2025-08-14 22:48:23 - Secured POST /api/v1/quotes
2025-08-14 22:48:23 - Mapped to com.autoinsurance.quote.controller.QuoteController#createQuote(QuoteRequestDto)
2025-08-14 22:48:23 - Read "application/json;charset=UTF-8" to [com.autoinsurance.quote.dto.QuoteRequestDto@33928ba6]
2025-08-14 22:48:23 - 
    select
        q1_0.id,
        q1_0.coverage_amount,
        q1_0.created_at,
        q1_0.deductible,
        q1_0.monthly_premium,
        q1_0.premium,
        q1_0.primary_driver_license,
        q1_0.primary_driver_name,
        q1_0.valid_until,
        q1_0.vehicle_current_value,
        q1_0.vehicle_make,
        q1_0.vehicle_model,
        q1_0.vehicle_vin,
        q1_0.vehicle_year 
    from
        quotes q1_0 
    where
        q1_0.id=?
2025-08-14 22:48:23 - 
    insert 
    into
        quotes
        (coverage_amount, created_at, deductible, monthly_premium, premium, primary_driver_license, primary_driver_name, valid_until, vehicle_current_value, vehicle_make, vehicle_model, vehicle_vin, vehicle_year, id) 
    values
        (?, ?, ?, ?, ?, ?, ?, ?, ?, ?, ?, ?, ?, ?)
2025-08-14 22:48:23 - Using 'application/json', given [*/*] and supported [application/json]
2025-08-14 22:48:23 - Writing [com.autoinsurance.quote.dto.QuoteResponseDto@48f11e59]
2025-08-14 22:48:23 - Set SecurityContextHolder to anonymous SecurityContext
2025-08-14 22:48:23 - Securing POST /api/v1/quotes
2025-08-14 22:48:23 - Secured POST /api/v1/quotes
2025-08-14 22:48:23 - Mapped to com.autoinsurance.quote.controller.QuoteController#createQuote(QuoteRequestDto)
2025-08-14 22:48:23 - Read "application/json;charset=UTF-8" to [com.autoinsurance.quote.dto.QuoteRequestDto@5f9d3eef]
2025-08-14 22:48:23 - 
    select
        q1_0.id,
        q1_0.coverage_amount,
        q1_0.created_at,
        q1_0.deductible,
        q1_0.monthly_premium,
        q1_0.premium,
        q1_0.primary_driver_license,
        q1_0.primary_driver_name,
        q1_0.valid_until,
        q1_0.vehicle_current_value,
        q1_0.vehicle_make,
        q1_0.vehicle_model,
        q1_0.vehicle_vin,
        q1_0.vehicle_year 
    from
        quotes q1_0 
    where
        q1_0.id=?
2025-08-14 22:48:23 - 
    insert 
    into
        quotes
        (coverage_amount, created_at, deductible, monthly_premium, premium, primary_driver_license, primary_driver_name, valid_until, vehicle_current_value, vehicle_make, vehicle_model, vehicle_vin, vehicle_year, id) 
    values
        (?, ?, ?, ?, ?, ?, ?, ?, ?, ?, ?, ?, ?, ?)
2025-08-14 22:48:23 - Using 'application/json', given [*/*] and supported [application/json]
2025-08-14 22:48:23 - Writing [com.autoinsurance.quote.dto.QuoteResponseDto@34701b98]
2025-08-14 22:48:23 - Set SecurityContextHolder to anonymous SecurityContext
2025-08-14 22:48:23 - Securing POST /api/v1/quotes
2025-08-14 22:48:23 - Secured POST /api/v1/quotes
2025-08-14 22:48:23 - Mapped to com.autoinsurance.quote.controller.QuoteController#createQuote(QuoteRequestDto)
2025-08-14 22:48:23 - Read "application/json;charset=UTF-8" to [com.autoinsurance.quote.dto.QuoteRequestDto@53018615]
2025-08-14 22:48:23 - 
    select
        q1_0.id,
        q1_0.coverage_amount,
        q1_0.created_at,
        q1_0.deductible,
        q1_0.monthly_premium,
        q1_0.premium,
        q1_0.primary_driver_license,
        q1_0.primary_driver_name,
        q1_0.valid_until,
        q1_0.vehicle_current_value,
        q1_0.vehicle_make,
        q1_0.vehicle_model,
        q1_0.vehicle_vin,
        q1_0.vehicle_year 
    from
        quotes q1_0 
    where
        q1_0.id=?
2025-08-14 22:48:23 - 
    insert 
    into
        quotes
        (coverage_amount, created_at, deductible, monthly_premium, premium, primary_driver_license, primary_driver_name, valid_until, vehicle_current_value, vehicle_make, vehicle_model, vehicle_vin, vehicle_year, id) 
    values
        (?, ?, ?, ?, ?, ?, ?, ?, ?, ?, ?, ?, ?, ?)
2025-08-14 22:48:23 - Using 'application/json', given [*/*] and supported [application/json]
2025-08-14 22:48:23 - Writing [com.autoinsurance.quote.dto.QuoteResponseDto@9d89bed]
2025-08-14 22:48:23 - Set SecurityContextHolder to anonymous SecurityContext
2025-08-14 22:48:23 - Securing POST /api/v1/quotes
2025-08-14 22:48:23 - Secured POST /api/v1/quotes
2025-08-14 22:48:23 - Mapped to com.autoinsurance.quote.controller.QuoteController#createQuote(QuoteRequestDto)
2025-08-14 22:48:23 - Read "application/json;charset=UTF-8" to [com.autoinsurance.quote.dto.QuoteRequestDto@a362861]
2025-08-14 22:48:23 - 
    select
        q1_0.id,
        q1_0.coverage_amount,
        q1_0.created_at,
        q1_0.deductible,
        q1_0.monthly_premium,
        q1_0.premium,
        q1_0.primary_driver_license,
        q1_0.primary_driver_name,
        q1_0.valid_until,
        q1_0.vehicle_current_value,
        q1_0.vehicle_make,
        q1_0.vehicle_model,
        q1_0.vehicle_vin,
        q1_0.vehicle_year 
    from
        quotes q1_0 
    where
        q1_0.id=?
2025-08-14 22:48:23 - 
    insert 
    into
        quotes
        (coverage_amount, created_at, deductible, monthly_premium, premium, primary_driver_license, primary_driver_name, valid_until, vehicle_current_value, vehicle_make, vehicle_model, vehicle_vin, vehicle_year, id) 
    values
        (?, ?, ?, ?, ?, ?, ?, ?, ?, ?, ?, ?, ?, ?)
2025-08-14 22:48:23 - Using 'application/json', given [*/*] and supported [application/json]
2025-08-14 22:48:23 - Writing [com.autoinsurance.quote.dto.QuoteResponseDto@195df653]
2025-08-14 22:48:23 - Set SecurityContextHolder to anonymous SecurityContext
2025-08-14 22:48:23 - Securing POST /api/v1/quotes
2025-08-14 22:48:23 - Secured POST /api/v1/quotes
2025-08-14 22:48:23 - Mapped to com.autoinsurance.quote.controller.QuoteController#createQuote(QuoteRequestDto)
2025-08-14 22:48:23 - Read "application/json;charset=UTF-8" to [com.autoinsurance.quote.dto.QuoteRequestDto@76cb805f]
2025-08-14 22:48:23 - 
    select
        q1_0.id,
        q1_0.coverage_amount,
        q1_0.created_at,
        q1_0.deductible,
        q1_0.monthly_premium,
        q1_0.premium,
        q1_0.primary_driver_license,
        q1_0.primary_driver_name,
        q1_0.valid_until,
        q1_0.vehicle_current_value,
        q1_0.vehicle_make,
        q1_0.vehicle_model,
        q1_0.vehicle_vin,
        q1_0.vehicle_year 
    from
        quotes q1_0 
    where
        q1_0.id=?
2025-08-14 22:48:23 - 
    insert 
    into
        quotes
        (coverage_amount, created_at, deductible, monthly_premium, premium, primary_driver_license, primary_driver_name, valid_until, vehicle_current_value, vehicle_make, vehicle_model, vehicle_vin, vehicle_year, id) 
    values
        (?, ?, ?, ?, ?, ?, ?, ?, ?, ?, ?, ?, ?, ?)
2025-08-14 22:48:23 - Using 'application/json', given [*/*] and supported [application/json]
2025-08-14 22:48:23 - Writing [com.autoinsurance.quote.dto.QuoteResponseDto@2c8a11d3]
2025-08-14 22:48:23 - Set SecurityContextHolder to anonymous SecurityContext
2025-08-14 22:48:23 - Securing POST /api/v1/quotes
2025-08-14 22:48:23 - Secured POST /api/v1/quotes
2025-08-14 22:48:23 - Mapped to com.autoinsurance.quote.controller.QuoteController#createQuote(QuoteRequestDto)
2025-08-14 22:48:23 - Read "application/json;charset=UTF-8" to [com.autoinsurance.quote.dto.QuoteRequestDto@66711ae9]
2025-08-14 22:48:23 - 
    select
        q1_0.id,
        q1_0.coverage_amount,
        q1_0.created_at,
        q1_0.deductible,
        q1_0.monthly_premium,
        q1_0.premium,
        q1_0.primary_driver_license,
        q1_0.primary_driver_name,
        q1_0.valid_until,
        q1_0.vehicle_current_value,
        q1_0.vehicle_make,
        q1_0.vehicle_model,
        q1_0.vehicle_vin,
        q1_0.vehicle_year 
    from
        quotes q1_0 
    where
        q1_0.id=?
2025-08-14 22:48:23 - 
    insert 
    into
        quotes
        (coverage_amount, created_at, deductible, monthly_premium, premium, primary_driver_license, primary_driver_name, valid_until, vehicle_current_value, vehicle_make, vehicle_model, vehicle_vin, vehicle_year, id) 
    values
        (?, ?, ?, ?, ?, ?, ?, ?, ?, ?, ?, ?, ?, ?)
2025-08-14 22:48:23 - Using 'application/json', given [*/*] and supported [application/json]
2025-08-14 22:48:23 - Writing [com.autoinsurance.quote.dto.QuoteResponseDto@44dbcccd]
2025-08-14 22:48:23 - Set SecurityContextHolder to anonymous SecurityContext
2025-08-14 22:48:23 - Securing POST /api/v1/quotes
2025-08-14 22:48:23 - Secured POST /api/v1/quotes
2025-08-14 22:48:23 - Mapped to com.autoinsurance.quote.controller.QuoteController#createQuote(QuoteRequestDto)
2025-08-14 22:48:23 - Read "application/json;charset=UTF-8" to [com.autoinsurance.quote.dto.QuoteRequestDto@6ca0fdd0]
2025-08-14 22:48:23 - 
    select
        q1_0.id,
        q1_0.coverage_amount,
        q1_0.created_at,
        q1_0.deductible,
        q1_0.monthly_premium,
        q1_0.premium,
        q1_0.primary_driver_license,
        q1_0.primary_driver_name,
        q1_0.valid_until,
        q1_0.vehicle_current_value,
        q1_0.vehicle_make,
        q1_0.vehicle_model,
        q1_0.vehicle_vin,
        q1_0.vehicle_year 
    from
        quotes q1_0 
    where
        q1_0.id=?
2025-08-14 22:48:23 - 
    insert 
    into
        quotes
        (coverage_amount, created_at, deductible, monthly_premium, premium, primary_driver_license, primary_driver_name, valid_until, vehicle_current_value, vehicle_make, vehicle_model, vehicle_vin, vehicle_year, id) 
    values
        (?, ?, ?, ?, ?, ?, ?, ?, ?, ?, ?, ?, ?, ?)
2025-08-14 22:48:23 - Using 'application/json', given [*/*] and supported [application/json]
2025-08-14 22:48:23 - Writing [com.autoinsurance.quote.dto.QuoteResponseDto@5669cbcc]
2025-08-14 22:48:23 - Set SecurityContextHolder to anonymous SecurityContext
2025-08-14 22:48:23 - Securing POST /api/v1/quotes
2025-08-14 22:48:23 - Secured POST /api/v1/quotes
2025-08-14 22:48:23 - Mapped to com.autoinsurance.quote.controller.QuoteController#createQuote(QuoteRequestDto)
2025-08-14 22:48:23 - Read "application/json;charset=UTF-8" to [com.autoinsurance.quote.dto.QuoteRequestDto@6bfb0d8]
2025-08-14 22:48:23 - 
    select
        q1_0.id,
        q1_0.coverage_amount,
        q1_0.created_at,
        q1_0.deductible,
        q1_0.monthly_premium,
        q1_0.premium,
        q1_0.primary_driver_license,
        q1_0.primary_driver_name,
        q1_0.valid_until,
        q1_0.vehicle_current_value,
        q1_0.vehicle_make,
        q1_0.vehicle_model,
        q1_0.vehicle_vin,
        q1_0.vehicle_year 
    from
        quotes q1_0 
    where
        q1_0.id=?
2025-08-14 22:48:23 - 
    insert 
    into
        quotes
        (coverage_amount, created_at, deductible, monthly_premium, premium, primary_driver_license, primary_driver_name, valid_until, vehicle_current_value, vehicle_make, vehicle_model, vehicle_vin, vehicle_year, id) 
    values
        (?, ?, ?, ?, ?, ?, ?, ?, ?, ?, ?, ?, ?, ?)
2025-08-14 22:48:23 - Using 'application/json', given [*/*] and supported [application/json]
2025-08-14 22:48:23 - Writing [com.autoinsurance.quote.dto.QuoteResponseDto@7d13292c]
2025-08-14 22:48:23 - Set SecurityContextHolder to anonymous SecurityContext
2025-08-14 22:48:23 - Securing POST /api/v1/quotes
2025-08-14 22:48:23 - Secured POST /api/v1/quotes
2025-08-14 22:48:23 - Mapped to com.autoinsurance.quote.controller.QuoteController#createQuote(QuoteRequestDto)
2025-08-14 22:48:23 - Read "application/json;charset=UTF-8" to [com.autoinsurance.quote.dto.QuoteRequestDto@63641bcb]
2025-08-14 22:48:23 - 
    select
        q1_0.id,
        q1_0.coverage_amount,
        q1_0.created_at,
        q1_0.deductible,
        q1_0.monthly_premium,
        q1_0.premium,
        q1_0.primary_driver_license,
        q1_0.primary_driver_name,
        q1_0.valid_until,
        q1_0.vehicle_current_value,
        q1_0.vehicle_make,
        q1_0.vehicle_model,
        q1_0.vehicle_vin,
        q1_0.vehicle_year 
    from
        quotes q1_0 
    where
        q1_0.id=?
2025-08-14 22:48:23 - 
    insert 
    into
        quotes
        (coverage_amount, created_at, deductible, monthly_premium, premium, primary_driver_license, primary_driver_name, valid_until, vehicle_current_value, vehicle_make, vehicle_model, vehicle_vin, vehicle_year, id) 
    values
        (?, ?, ?, ?, ?, ?, ?, ?, ?, ?, ?, ?, ?, ?)
2025-08-14 22:48:23 - Using 'application/json', given [*/*] and supported [application/json]
2025-08-14 22:48:23 - Writing [com.autoinsurance.quote.dto.QuoteResponseDto@44ece267]
2025-08-14 22:48:23 - Set SecurityContextHolder to anonymous SecurityContext
2025-08-14 22:48:23 - Securing POST /api/v1/quotes
2025-08-14 22:48:23 - Secured POST /api/v1/quotes
2025-08-14 22:48:23 - Mapped to com.autoinsurance.quote.controller.QuoteController#createQuote(QuoteRequestDto)
2025-08-14 22:48:23 - Read "application/json;charset=UTF-8" to [com.autoinsurance.quote.dto.QuoteRequestDto@6ebbb4ae]
2025-08-14 22:48:23 - 
    select
        q1_0.id,
        q1_0.coverage_amount,
        q1_0.created_at,
        q1_0.deductible,
        q1_0.monthly_premium,
        q1_0.premium,
        q1_0.primary_driver_license,
        q1_0.primary_driver_name,
        q1_0.valid_until,
        q1_0.vehicle_current_value,
        q1_0.vehicle_make,
        q1_0.vehicle_model,
        q1_0.vehicle_vin,
        q1_0.vehicle_year 
    from
        quotes q1_0 
    where
        q1_0.id=?
2025-08-14 22:48:23 - 
    insert 
    into
        quotes
        (coverage_amount, created_at, deductible, monthly_premium, premium, primary_driver_license, primary_driver_name, valid_until, vehicle_current_value, vehicle_make, vehicle_model, vehicle_vin, vehicle_year, id) 
    values
        (?, ?, ?, ?, ?, ?, ?, ?, ?, ?, ?, ?, ?, ?)
2025-08-14 22:48:23 - Using 'application/json', given [*/*] and supported [application/json]
2025-08-14 22:48:23 - Writing [com.autoinsurance.quote.dto.QuoteResponseDto@108b106b]
2025-08-14 22:48:23 - Set SecurityContextHolder to anonymous SecurityContext
Phase 2: Introducing simulated failures...
2025-08-14 22:48:23 - Securing POST /api/v1/quotes
2025-08-14 22:48:23 - Secured POST /api/v1/quotes
2025-08-14 22:48:23 - Mapped to com.autoinsurance.quote.controller.QuoteController#createQuote(QuoteRequestDto)
2025-08-14 22:48:23 - Read "application/json;charset=UTF-8" to [com.autoinsurance.quote.dto.QuoteRequestDto@26bcdfad]
2025-08-14 22:48:23 - Using @ExceptionHandler com.autoinsurance.common.exception.GlobalExceptionHandler#handleValidationErrors(MethodArgumentNotValidException)
2025-08-14 22:48:23 - Validation error: Validation failed for argument [0] in public org.springframework.http.ResponseEntity<com.autoinsurance.quote.dto.QuoteResponseDto> com.autoinsurance.quote.controller.QuoteController.createQuote(com.autoinsurance.quote.dto.QuoteRequestDto) with 8 errors: [Field error in object 'quoteRequestDto' on field 'drivers': rejected value [[]]; codes [NotEmpty.quoteRequestDto.drivers,NotEmpty.drivers,NotEmpty.java.util.List,NotEmpty]; arguments [org.springframework.context.support.DefaultMessageSourceResolvable: codes [quoteRequestDto.drivers,drivers]; arguments []; default message [drivers]]; default message [At least one driver is required]] [Field error in object 'quoteRequestDto' on field 'vehicle.currentValue': rejected value [-1000]; codes [DecimalMin.quoteRequestDto.vehicle.currentValue,DecimalMin.vehicle.currentValue,DecimalMin.currentValue,DecimalMin.java.math.BigDecimal,DecimalMin]; arguments [org.springframework.context.support.DefaultMessageSourceResolvable: codes [quoteRequestDto.vehicle.currentValue,vehicle.currentValue]; arguments []; default message [vehicle.currentValue],false,0.0]; default message [Vehicle value must be positive]] [Field error in object 'quoteRequestDto' on field 'vehicle.vin': rejected value [INVALID]; codes [Pattern.quoteRequestDto.vehicle.vin,Pattern.vehicle.vin,Pattern.vin,Pattern.java.lang.String,Pattern]; arguments [org.springframework.context.support.DefaultMessageSourceResolvable: codes [quoteRequestDto.vehicle.vin,vehicle.vin]; arguments []; default message [vehicle.vin],[Ljakarta.validation.constraints.Pattern$Flag;@1d761f9c,^[A-HJ-NPR-Z0-9]{17}$]; default message [Invalid VIN format]] [Field error in object 'quoteRequestDto' on field 'deductible': rejected value [0]; codes [DecimalMin.quoteRequestDto.deductible,DecimalMin.deductible,DecimalMin.java.math.BigDecimal,DecimalMin]; arguments [org.springframework.context.support.DefaultMessageSourceResolvable: codes [quoteRequestDto.deductible,deductible]; arguments []; default message [deductible],true,250]; default message [Deductible must be at least $250]] [Field error in object 'quoteRequestDto' on field 'vehicle.model': rejected value []; codes [NotBlank.quoteRequestDto.vehicle.model,NotBlank.vehicle.model,NotBlank.model,NotBlank.java.lang.String,NotBlank]; arguments [org.springframework.context.support.DefaultMessageSourceResolvable: codes [quoteRequestDto.vehicle.model,vehicle.model]; arguments []; default message [vehicle.model]]; default message [Vehicle model is required]] [Field error in object 'quoteRequestDto' on field 'coverageAmount': rejected value [-50000]; codes [DecimalMin.quoteRequestDto.coverageAmount,DecimalMin.coverageAmount,DecimalMin.java.math.BigDecimal,DecimalMin]; arguments [org.springframework.context.support.DefaultMessageSourceResolvable: codes [quoteRequestDto.coverageAmount,coverageAmount]; arguments []; default message [coverageAmount],true,25000]; default message [Coverage amount must be at least $25,000]] [Field error in object 'quoteRequestDto' on field 'vehicle.make': rejected value []; codes [NotBlank.quoteRequestDto.vehicle.make,NotBlank.vehicle.make,NotBlank.make,NotBlank.java.lang.String,NotBlank]; arguments [org.springframework.context.support.DefaultMessageSourceResolvable: codes [quoteRequestDto.vehicle.make,vehicle.make]; arguments []; default message [vehicle.make]]; default message [Vehicle make is required]] [Field error in object 'quoteRequestDto' on field 'vehicle.year': rejected value [1800]; codes [Min.quoteRequestDto.vehicle.year,Min.vehicle.year,Min.year,Min.java.lang.Integer,Min]; arguments [org.springframework.context.support.DefaultMessageSourceResolvable: codes [quoteRequestDto.vehicle.year,vehicle.year]; arguments []; default message [vehicle.year],1900]; default message [Invalid vehicle year]] 
2025-08-14 22:48:23 - Using 'application/json', given [*/*] and supported [application/json, application/*+json]
2025-08-14 22:48:23 - Writing [{message=drivers: At least one driver is required; vehicle.currentValue: Vehicle value must be posit (truncated)...]
2025-08-14 22:48:23 - Resolved [org.springframework.web.bind.MethodArgumentNotValidException: Validation failed for argument [0] in public org.springframework.http.ResponseEntity<com.autoinsurance.quote.dto.QuoteResponseDto> com.autoinsurance.quote.controller.QuoteController.createQuote(com.autoinsurance.quote.dto.QuoteRequestDto) with 8 errors: [Field error in object 'quoteRequestDto' on field 'drivers': rejected value [[]]; codes [NotEmpty.quoteRequestDto.drivers,NotEmpty.drivers,NotEmpty.java.util.List,NotEmpty]; arguments [org.springframework.context.support.DefaultMessageSourceResolvable: codes [quoteRequestDto.drivers,drivers]; arguments []; default message [drivers]]; default message [At least one driver is required]] [Field error in object 'quoteRequestDto' on field 'vehicle.currentValue': rejected value [-1000]; codes [DecimalMin.quoteRequestDto.vehicle.currentValue,DecimalMin.vehicle.currentValue,DecimalMin.currentValue,DecimalMin.java.math.BigDecimal,DecimalMin]; arguments [org.springframework.context.support.DefaultMessageSourceResolvable: codes [quoteRequestDto.vehicle.currentValue,vehicle.currentValue]; arguments []; default message [vehicle.currentValue],false,0.0]; default message [Vehicle value must be positive]] [Field error in object 'quoteRequestDto' on field 'vehicle.vin': rejected value [INVALID]; codes [Pattern.quoteRequestDto.vehicle.vin,Pattern.vehicle.vin,Pattern.vin,Pattern.java.lang.String,Pattern]; arguments [org.springframework.context.support.DefaultMessageSourceResolvable: codes [quoteRequestDto.vehicle.vin,vehicle.vin]; arguments []; default message [vehicle.vin],[Ljakarta.validation.constraints.Pattern$Flag;@1d761f9c,^[A-HJ-NPR-Z0-9]{17}$]; default message [Invalid VIN format]] [Field error in object 'quoteRequestDto' on field 'deductible': rejected value [0]; codes [DecimalMin.quoteRequestDto.deductible,DecimalMin.deductible,DecimalMin.java.math.BigDecimal,DecimalMin]; arguments [org.springframework.context.support.DefaultMessageSourceResolvable: codes [quoteRequestDto.deductible,deductible]; arguments []; default message [deductible],true,250]; default message [Deductible must be at least $250]] [Field error in object 'quoteRequestDto' on field 'vehicle.model': rejected value []; codes [NotBlank.quoteRequestDto.vehicle.model,NotBlank.vehicle.model,NotBlank.model,NotBlank.java.lang.String,NotBlank]; arguments [org.springframework.context.support.DefaultMessageSourceResolvable: codes [quoteRequestDto.vehicle.model,vehicle.model]; arguments []; default message [vehicle.model]]; default message [Vehicle model is required]] [Field error in object 'quoteRequestDto' on field 'coverageAmount': rejected value [-50000]; codes [DecimalMin.quoteRequestDto.coverageAmount,DecimalMin.coverageAmount,DecimalMin.java.math.BigDecimal,DecimalMin]; arguments [org.springframework.context.support.DefaultMessageSourceResolvable: codes [quoteRequestDto.coverageAmount,coverageAmount]; arguments []; default message [coverageAmount],true,25000]; default message [Coverage amount must be at least $25,000]] [Field error in object 'quoteRequestDto' on field 'vehicle.make': rejected value []; codes [NotBlank.quoteRequestDto.vehicle.make,NotBlank.vehicle.make,NotBlank.make,NotBlank.java.lang.String,NotBlank]; arguments [org.springframework.context.support.DefaultMessageSourceResolvable: codes [quoteRequestDto.vehicle.make,vehicle.make]; arguments []; default message [vehicle.make]]; default message [Vehicle make is required]] [Field error in object 'quoteRequestDto' on field 'vehicle.year': rejected value [1800]; codes [Min.quoteRequestDto.vehicle.year,Min.vehicle.year,Min.year,Min.java.lang.Integer,Min]; arguments [org.springframework.context.support.DefaultMessageSourceResolvable: codes [quoteRequestDto.vehicle.year,vehicle.year]; arguments []; default message [vehicle.year],1900]; default message [Invalid vehicle year]] ]
2025-08-14 22:48:23 - Set SecurityContextHolder to anonymous SecurityContext
2025-08-14 22:48:23 - Securing POST /api/v1/quotes
2025-08-14 22:48:23 - Secured POST /api/v1/quotes
2025-08-14 22:48:23 - Mapped to com.autoinsurance.quote.controller.QuoteController#createQuote(QuoteRequestDto)
2025-08-14 22:48:23 - Read "application/json;charset=UTF-8" to [com.autoinsurance.quote.dto.QuoteRequestDto@160f90d9]
2025-08-14 22:48:23 - Using @ExceptionHandler com.autoinsurance.common.exception.GlobalExceptionHandler#handleValidationErrors(MethodArgumentNotValidException)
2025-08-14 22:48:23 - Validation error: Validation failed for argument [0] in public org.springframework.http.ResponseEntity<com.autoinsurance.quote.dto.QuoteResponseDto> com.autoinsurance.quote.controller.QuoteController.createQuote(com.autoinsurance.quote.dto.QuoteRequestDto) with 8 errors: [Field error in object 'quoteRequestDto' on field 'vehicle.make': rejected value []; codes [NotBlank.quoteRequestDto.vehicle.make,NotBlank.vehicle.make,NotBlank.make,NotBlank.java.lang.String,NotBlank]; arguments [org.springframework.context.support.DefaultMessageSourceResolvable: codes [quoteRequestDto.vehicle.make,vehicle.make]; arguments []; default message [vehicle.make]]; default message [Vehicle make is required]] [Field error in object 'quoteRequestDto' on field 'deductible': rejected value [0]; codes [DecimalMin.quoteRequestDto.deductible,DecimalMin.deductible,DecimalMin.java.math.BigDecimal,DecimalMin]; arguments [org.springframework.context.support.DefaultMessageSourceResolvable: codes [quoteRequestDto.deductible,deductible]; arguments []; default message [deductible],true,250]; default message [Deductible must be at least $250]] [Field error in object 'quoteRequestDto' on field 'drivers': rejected value [[]]; codes [NotEmpty.quoteRequestDto.drivers,NotEmpty.drivers,NotEmpty.java.util.List,NotEmpty]; arguments [org.springframework.context.support.DefaultMessageSourceResolvable: codes [quoteRequestDto.drivers,drivers]; arguments []; default message [drivers]]; default message [At least one driver is required]] [Field error in object 'quoteRequestDto' on field 'vehicle.year': rejected value [1800]; codes [Min.quoteRequestDto.vehicle.year,Min.vehicle.year,Min.year,Min.java.lang.Integer,Min]; arguments [org.springframework.context.support.DefaultMessageSourceResolvable: codes [quoteRequestDto.vehicle.year,vehicle.year]; arguments []; default message [vehicle.year],1900]; default message [Invalid vehicle year]] [Field error in object 'quoteRequestDto' on field 'vehicle.model': rejected value []; codes [NotBlank.quoteRequestDto.vehicle.model,NotBlank.vehicle.model,NotBlank.model,NotBlank.java.lang.String,NotBlank]; arguments [org.springframework.context.support.DefaultMessageSourceResolvable: codes [quoteRequestDto.vehicle.model,vehicle.model]; arguments []; default message [vehicle.model]]; default message [Vehicle model is required]] [Field error in object 'quoteRequestDto' on field 'vehicle.currentValue': rejected value [-1000]; codes [DecimalMin.quoteRequestDto.vehicle.currentValue,DecimalMin.vehicle.currentValue,DecimalMin.currentValue,DecimalMin.java.math.BigDecimal,DecimalMin]; arguments [org.springframework.context.support.DefaultMessageSourceResolvable: codes [quoteRequestDto.vehicle.currentValue,vehicle.currentValue]; arguments []; default message [vehicle.currentValue],false,0.0]; default message [Vehicle value must be positive]] [Field error in object 'quoteRequestDto' on field 'coverageAmount': rejected value [-50000]; codes [DecimalMin.quoteRequestDto.coverageAmount,DecimalMin.coverageAmount,DecimalMin.java.math.BigDecimal,DecimalMin]; arguments [org.springframework.context.support.DefaultMessageSourceResolvable: codes [quoteRequestDto.coverageAmount,coverageAmount]; arguments []; default message [coverageAmount],true,25000]; default message [Coverage amount must be at least $25,000]] [Field error in object 'quoteRequestDto' on field 'vehicle.vin': rejected value [INVALID]; codes [Pattern.quoteRequestDto.vehicle.vin,Pattern.vehicle.vin,Pattern.vin,Pattern.java.lang.String,Pattern]; arguments [org.springframework.context.support.DefaultMessageSourceResolvable: codes [quoteRequestDto.vehicle.vin,vehicle.vin]; arguments []; default message [vehicle.vin],[Ljakarta.validation.constraints.Pattern$Flag;@1d761f9c,^[A-HJ-NPR-Z0-9]{17}$]; default message [Invalid VIN format]] 
2025-08-14 22:48:23 - Using 'application/json', given [*/*] and supported [application/json, application/*+json]
2025-08-14 22:48:23 - Writing [{message=vehicle.make: Vehicle make is required; deductible: Deductible must be at least $250; drive (truncated)...]
2025-08-14 22:48:23 - Resolved [org.springframework.web.bind.MethodArgumentNotValidException: Validation failed for argument [0] in public org.springframework.http.ResponseEntity<com.autoinsurance.quote.dto.QuoteResponseDto> com.autoinsurance.quote.controller.QuoteController.createQuote(com.autoinsurance.quote.dto.QuoteRequestDto) with 8 errors: [Field error in object 'quoteRequestDto' on field 'vehicle.make': rejected value []; codes [NotBlank.quoteRequestDto.vehicle.make,NotBlank.vehicle.make,NotBlank.make,NotBlank.java.lang.String,NotBlank]; arguments [org.springframework.context.support.DefaultMessageSourceResolvable: codes [quoteRequestDto.vehicle.make,vehicle.make]; arguments []; default message [vehicle.make]]; default message [Vehicle make is required]] [Field error in object 'quoteRequestDto' on field 'deductible': rejected value [0]; codes [DecimalMin.quoteRequestDto.deductible,DecimalMin.deductible,DecimalMin.java.math.BigDecimal,DecimalMin]; arguments [org.springframework.context.support.DefaultMessageSourceResolvable: codes [quoteRequestDto.deductible,deductible]; arguments []; default message [deductible],true,250]; default message [Deductible must be at least $250]] [Field error in object 'quoteRequestDto' on field 'drivers': rejected value [[]]; codes [NotEmpty.quoteRequestDto.drivers,NotEmpty.drivers,NotEmpty.java.util.List,NotEmpty]; arguments [org.springframework.context.support.DefaultMessageSourceResolvable: codes [quoteRequestDto.drivers,drivers]; arguments []; default message [drivers]]; default message [At least one driver is required]] [Field error in object 'quoteRequestDto' on field 'vehicle.year': rejected value [1800]; codes [Min.quoteRequestDto.vehicle.year,Min.vehicle.year,Min.year,Min.java.lang.Integer,Min]; arguments [org.springframework.context.support.DefaultMessageSourceResolvable: codes [quoteRequestDto.vehicle.year,vehicle.year]; arguments []; default message [vehicle.year],1900]; default message [Invalid vehicle year]] [Field error in object 'quoteRequestDto' on field 'vehicle.model': rejected value []; codes [NotBlank.quoteRequestDto.vehicle.model,NotBlank.vehicle.model,NotBlank.model,NotBlank.java.lang.String,NotBlank]; arguments [org.springframework.context.support.DefaultMessageSourceResolvable: codes [quoteRequestDto.vehicle.model,vehicle.model]; arguments []; default message [vehicle.model]]; default message [Vehicle model is required]] [Field error in object 'quoteRequestDto' on field 'vehicle.currentValue': rejected value [-1000]; codes [DecimalMin.quoteRequestDto.vehicle.currentValue,DecimalMin.vehicle.currentValue,DecimalMin.currentValue,DecimalMin.java.math.BigDecimal,DecimalMin]; arguments [org.springframework.context.support.DefaultMessageSourceResolvable: codes [quoteRequestDto.vehicle.currentValue,vehicle.currentValue]; arguments []; default message [vehicle.currentValue],false,0.0]; default message [Vehicle value must be positive]] [Field error in object 'quoteRequestDto' on field 'coverageAmount': rejected value [-50000]; codes [DecimalMin.quoteRequestDto.coverageAmount,DecimalMin.coverageAmount,DecimalMin.java.math.BigDecimal,DecimalMin]; arguments [org.springframework.context.support.DefaultMessageSourceResolvable: codes [quoteRequestDto.coverageAmount,coverageAmount]; arguments []; default message [coverageAmount],true,25000]; default message [Coverage amount must be at least $25,000]] [Field error in object 'quoteRequestDto' on field 'vehicle.vin': rejected value [INVALID]; codes [Pattern.quoteRequestDto.vehicle.vin,Pattern.vehicle.vin,Pattern.vin,Pattern.java.lang.String,Pattern]; arguments [org.springframework.context.support.DefaultMessageSourceResolvable: codes [quoteRequestDto.vehicle.vin,vehicle.vin]; arguments []; default message [vehicle.vin],[Ljakarta.validation.constraints.Pattern$Flag;@1d761f9c,^[A-HJ-NPR-Z0-9]{17}$]; default message [Invalid VIN format]] ]
2025-08-14 22:48:23 - Set SecurityContextHolder to anonymous SecurityContext
2025-08-14 22:48:23 - Securing POST /api/v1/quotes
2025-08-14 22:48:23 - Secured POST /api/v1/quotes
2025-08-14 22:48:23 - Mapped to com.autoinsurance.quote.controller.QuoteController#createQuote(QuoteRequestDto)
2025-08-14 22:48:23 - Read "application/json;charset=UTF-8" to [com.autoinsurance.quote.dto.QuoteRequestDto@f6cd44b]
2025-08-14 22:48:23 - Using @ExceptionHandler com.autoinsurance.common.exception.GlobalExceptionHandler#handleValidationErrors(MethodArgumentNotValidException)
2025-08-14 22:48:23 - Validation error: Validation failed for argument [0] in public org.springframework.http.ResponseEntity<com.autoinsurance.quote.dto.QuoteResponseDto> com.autoinsurance.quote.controller.QuoteController.createQuote(com.autoinsurance.quote.dto.QuoteRequestDto) with 8 errors: [Field error in object 'quoteRequestDto' on field 'vehicle.model': rejected value []; codes [NotBlank.quoteRequestDto.vehicle.model,NotBlank.vehicle.model,NotBlank.model,NotBlank.java.lang.String,NotBlank]; arguments [org.springframework.context.support.DefaultMessageSourceResolvable: codes [quoteRequestDto.vehicle.model,vehicle.model]; arguments []; default message [vehicle.model]]; default message [Vehicle model is required]] [Field error in object 'quoteRequestDto' on field 'vehicle.vin': rejected value [INVALID]; codes [Pattern.quoteRequestDto.vehicle.vin,Pattern.vehicle.vin,Pattern.vin,Pattern.java.lang.String,Pattern]; arguments [org.springframework.context.support.DefaultMessageSourceResolvable: codes [quoteRequestDto.vehicle.vin,vehicle.vin]; arguments []; default message [vehicle.vin],[Ljakarta.validation.constraints.Pattern$Flag;@1d761f9c,^[A-HJ-NPR-Z0-9]{17}$]; default message [Invalid VIN format]] [Field error in object 'quoteRequestDto' on field 'deductible': rejected value [0]; codes [DecimalMin.quoteRequestDto.deductible,DecimalMin.deductible,DecimalMin.java.math.BigDecimal,DecimalMin]; arguments [org.springframework.context.support.DefaultMessageSourceResolvable: codes [quoteRequestDto.deductible,deductible]; arguments []; default message [deductible],true,250]; default message [Deductible must be at least $250]] [Field error in object 'quoteRequestDto' on field 'vehicle.make': rejected value []; codes [NotBlank.quoteRequestDto.vehicle.make,NotBlank.vehicle.make,NotBlank.make,NotBlank.java.lang.String,NotBlank]; arguments [org.springframework.context.support.DefaultMessageSourceResolvable: codes [quoteRequestDto.vehicle.make,vehicle.make]; arguments []; default message [vehicle.make]]; default message [Vehicle make is required]] [Field error in object 'quoteRequestDto' on field 'drivers': rejected value [[]]; codes [NotEmpty.quoteRequestDto.drivers,NotEmpty.drivers,NotEmpty.java.util.List,NotEmpty]; arguments [org.springframework.context.support.DefaultMessageSourceResolvable: codes [quoteRequestDto.drivers,drivers]; arguments []; default message [drivers]]; default message [At least one driver is required]] [Field error in object 'quoteRequestDto' on field 'coverageAmount': rejected value [-50000]; codes [DecimalMin.quoteRequestDto.coverageAmount,DecimalMin.coverageAmount,DecimalMin.java.math.BigDecimal,DecimalMin]; arguments [org.springframework.context.support.DefaultMessageSourceResolvable: codes [quoteRequestDto.coverageAmount,coverageAmount]; arguments []; default message [coverageAmount],true,25000]; default message [Coverage amount must be at least $25,000]] [Field error in object 'quoteRequestDto' on field 'vehicle.year': rejected value [1800]; codes [Min.quoteRequestDto.vehicle.year,Min.vehicle.year,Min.year,Min.java.lang.Integer,Min]; arguments [org.springframework.context.support.DefaultMessageSourceResolvable: codes [quoteRequestDto.vehicle.year,vehicle.year]; arguments []; default message [vehicle.year],1900]; default message [Invalid vehicle year]] [Field error in object 'quoteRequestDto' on field 'vehicle.currentValue': rejected value [-1000]; codes [DecimalMin.quoteRequestDto.vehicle.currentValue,DecimalMin.vehicle.currentValue,DecimalMin.currentValue,DecimalMin.java.math.BigDecimal,DecimalMin]; arguments [org.springframework.context.support.DefaultMessageSourceResolvable: codes [quoteRequestDto.vehicle.currentValue,vehicle.currentValue]; arguments []; default message [vehicle.currentValue],false,0.0]; default message [Vehicle value must be positive]] 
2025-08-14 22:48:23 - Using 'application/json', given [*/*] and supported [application/json, application/*+json]
2025-08-14 22:48:23 - Writing [{message=vehicle.model: Vehicle model is required; vehicle.vin: Invalid VIN format; deductible: Dedu (truncated)...]
2025-08-14 22:48:23 - Resolved [org.springframework.web.bind.MethodArgumentNotValidException: Validation failed for argument [0] in public org.springframework.http.ResponseEntity<com.autoinsurance.quote.dto.QuoteResponseDto> com.autoinsurance.quote.controller.QuoteController.createQuote(com.autoinsurance.quote.dto.QuoteRequestDto) with 8 errors: [Field error in object 'quoteRequestDto' on field 'vehicle.model': rejected value []; codes [NotBlank.quoteRequestDto.vehicle.model,NotBlank.vehicle.model,NotBlank.model,NotBlank.java.lang.String,NotBlank]; arguments [org.springframework.context.support.DefaultMessageSourceResolvable: codes [quoteRequestDto.vehicle.model,vehicle.model]; arguments []; default message [vehicle.model]]; default message [Vehicle model is required]] [Field error in object 'quoteRequestDto' on field 'vehicle.vin': rejected value [INVALID]; codes [Pattern.quoteRequestDto.vehicle.vin,Pattern.vehicle.vin,Pattern.vin,Pattern.java.lang.String,Pattern]; arguments [org.springframework.context.support.DefaultMessageSourceResolvable: codes [quoteRequestDto.vehicle.vin,vehicle.vin]; arguments []; default message [vehicle.vin],[Ljakarta.validation.constraints.Pattern$Flag;@1d761f9c,^[A-HJ-NPR-Z0-9]{17}$]; default message [Invalid VIN format]] [Field error in object 'quoteRequestDto' on field 'deductible': rejected value [0]; codes [DecimalMin.quoteRequestDto.deductible,DecimalMin.deductible,DecimalMin.java.math.BigDecimal,DecimalMin]; arguments [org.springframework.context.support.DefaultMessageSourceResolvable: codes [quoteRequestDto.deductible,deductible]; arguments []; default message [deductible],true,250]; default message [Deductible must be at least $250]] [Field error in object 'quoteRequestDto' on field 'vehicle.make': rejected value []; codes [NotBlank.quoteRequestDto.vehicle.make,NotBlank.vehicle.make,NotBlank.make,NotBlank.java.lang.String,NotBlank]; arguments [org.springframework.context.support.DefaultMessageSourceResolvable: codes [quoteRequestDto.vehicle.make,vehicle.make]; arguments []; default message [vehicle.make]]; default message [Vehicle make is required]] [Field error in object 'quoteRequestDto' on field 'drivers': rejected value [[]]; codes [NotEmpty.quoteRequestDto.drivers,NotEmpty.drivers,NotEmpty.java.util.List,NotEmpty]; arguments [org.springframework.context.support.DefaultMessageSourceResolvable: codes [quoteRequestDto.drivers,drivers]; arguments []; default message [drivers]]; default message [At least one driver is required]] [Field error in object 'quoteRequestDto' on field 'coverageAmount': rejected value [-50000]; codes [DecimalMin.quoteRequestDto.coverageAmount,DecimalMin.coverageAmount,DecimalMin.java.math.BigDecimal,DecimalMin]; arguments [org.springframework.context.support.DefaultMessageSourceResolvable: codes [quoteRequestDto.coverageAmount,coverageAmount]; arguments []; default message [coverageAmount],true,25000]; default message [Coverage amount must be at least $25,000]] [Field error in object 'quoteRequestDto' on field 'vehicle.year': rejected value [1800]; codes [Min.quoteRequestDto.vehicle.year,Min.vehicle.year,Min.year,Min.java.lang.Integer,Min]; arguments [org.springframework.context.support.DefaultMessageSourceResolvable: codes [quoteRequestDto.vehicle.year,vehicle.year]; arguments []; default message [vehicle.year],1900]; default message [Invalid vehicle year]] [Field error in object 'quoteRequestDto' on field 'vehicle.currentValue': rejected value [-1000]; codes [DecimalMin.quoteRequestDto.vehicle.currentValue,DecimalMin.vehicle.currentValue,DecimalMin.currentValue,DecimalMin.java.math.BigDecimal,DecimalMin]; arguments [org.springframework.context.support.DefaultMessageSourceResolvable: codes [quoteRequestDto.vehicle.currentValue,vehicle.currentValue]; arguments []; default message [vehicle.currentValue],false,0.0]; default message [Vehicle value must be positive]] ]
2025-08-14 22:48:23 - Set SecurityContextHolder to anonymous SecurityContext
2025-08-14 22:48:23 - Securing POST /api/v1/quotes
2025-08-14 22:48:23 - Secured POST /api/v1/quotes
2025-08-14 22:48:23 - Mapped to com.autoinsurance.quote.controller.QuoteController#createQuote(QuoteRequestDto)
2025-08-14 22:48:23 - Read "application/json;charset=UTF-8" to [com.autoinsurance.quote.dto.QuoteRequestDto@1758dbd3]
2025-08-14 22:48:23 - Using @ExceptionHandler com.autoinsurance.common.exception.GlobalExceptionHandler#handleValidationErrors(MethodArgumentNotValidException)
2025-08-14 22:48:23 - Validation error: Validation failed for argument [0] in public org.springframework.http.ResponseEntity<com.autoinsurance.quote.dto.QuoteResponseDto> com.autoinsurance.quote.controller.QuoteController.createQuote(com.autoinsurance.quote.dto.QuoteRequestDto) with 8 errors: [Field error in object 'quoteRequestDto' on field 'coverageAmount': rejected value [-50000]; codes [DecimalMin.quoteRequestDto.coverageAmount,DecimalMin.coverageAmount,DecimalMin.java.math.BigDecimal,DecimalMin]; arguments [org.springframework.context.support.DefaultMessageSourceResolvable: codes [quoteRequestDto.coverageAmount,coverageAmount]; arguments []; default message [coverageAmount],true,25000]; default message [Coverage amount must be at least $25,000]] [Field error in object 'quoteRequestDto' on field 'vehicle.vin': rejected value [INVALID]; codes [Pattern.quoteRequestDto.vehicle.vin,Pattern.vehicle.vin,Pattern.vin,Pattern.java.lang.String,Pattern]; arguments [org.springframework.context.support.DefaultMessageSourceResolvable: codes [quoteRequestDto.vehicle.vin,vehicle.vin]; arguments []; default message [vehicle.vin],[Ljakarta.validation.constraints.Pattern$Flag;@1d761f9c,^[A-HJ-NPR-Z0-9]{17}$]; default message [Invalid VIN format]] [Field error in object 'quoteRequestDto' on field 'vehicle.year': rejected value [1800]; codes [Min.quoteRequestDto.vehicle.year,Min.vehicle.year,Min.year,Min.java.lang.Integer,Min]; arguments [org.springframework.context.support.DefaultMessageSourceResolvable: codes [quoteRequestDto.vehicle.year,vehicle.year]; arguments []; default message [vehicle.year],1900]; default message [Invalid vehicle year]] [Field error in object 'quoteRequestDto' on field 'drivers': rejected value [[]]; codes [NotEmpty.quoteRequestDto.drivers,NotEmpty.drivers,NotEmpty.java.util.List,NotEmpty]; arguments [org.springframework.context.support.DefaultMessageSourceResolvable: codes [quoteRequestDto.drivers,drivers]; arguments []; default message [drivers]]; default message [At least one driver is required]] [Field error in object 'quoteRequestDto' on field 'vehicle.model': rejected value []; codes [NotBlank.quoteRequestDto.vehicle.model,NotBlank.vehicle.model,NotBlank.model,NotBlank.java.lang.String,NotBlank]; arguments [org.springframework.context.support.DefaultMessageSourceResolvable: codes [quoteRequestDto.vehicle.model,vehicle.model]; arguments []; default message [vehicle.model]]; default message [Vehicle model is required]] [Field error in object 'quoteRequestDto' on field 'vehicle.currentValue': rejected value [-1000]; codes [DecimalMin.quoteRequestDto.vehicle.currentValue,DecimalMin.vehicle.currentValue,DecimalMin.currentValue,DecimalMin.java.math.BigDecimal,DecimalMin]; arguments [org.springframework.context.support.DefaultMessageSourceResolvable: codes [quoteRequestDto.vehicle.currentValue,vehicle.currentValue]; arguments []; default message [vehicle.currentValue],false,0.0]; default message [Vehicle value must be positive]] [Field error in object 'quoteRequestDto' on field 'deductible': rejected value [0]; codes [DecimalMin.quoteRequestDto.deductible,DecimalMin.deductible,DecimalMin.java.math.BigDecimal,DecimalMin]; arguments [org.springframework.context.support.DefaultMessageSourceResolvable: codes [quoteRequestDto.deductible,deductible]; arguments []; default message [deductible],true,250]; default message [Deductible must be at least $250]] [Field error in object 'quoteRequestDto' on field 'vehicle.make': rejected value []; codes [NotBlank.quoteRequestDto.vehicle.make,NotBlank.vehicle.make,NotBlank.make,NotBlank.java.lang.String,NotBlank]; arguments [org.springframework.context.support.DefaultMessageSourceResolvable: codes [quoteRequestDto.vehicle.make,vehicle.make]; arguments []; default message [vehicle.make]]; default message [Vehicle make is required]] 
2025-08-14 22:48:23 - Using 'application/json', given [*/*] and supported [application/json, application/*+json]
2025-08-14 22:48:23 - Writing [{message=coverageAmount: Coverage amount must be at least $25,000; vehicle.vin: Invalid VIN format;  (truncated)...]
2025-08-14 22:48:23 - Resolved [org.springframework.web.bind.MethodArgumentNotValidException: Validation failed for argument [0] in public org.springframework.http.ResponseEntity<com.autoinsurance.quote.dto.QuoteResponseDto> com.autoinsurance.quote.controller.QuoteController.createQuote(com.autoinsurance.quote.dto.QuoteRequestDto) with 8 errors: [Field error in object 'quoteRequestDto' on field 'coverageAmount': rejected value [-50000]; codes [DecimalMin.quoteRequestDto.coverageAmount,DecimalMin.coverageAmount,DecimalMin.java.math.BigDecimal,DecimalMin]; arguments [org.springframework.context.support.DefaultMessageSourceResolvable: codes [quoteRequestDto.coverageAmount,coverageAmount]; arguments []; default message [coverageAmount],true,25000]; default message [Coverage amount must be at least $25,000]] [Field error in object 'quoteRequestDto' on field 'vehicle.vin': rejected value [INVALID]; codes [Pattern.quoteRequestDto.vehicle.vin,Pattern.vehicle.vin,Pattern.vin,Pattern.java.lang.String,Pattern]; arguments [org.springframework.context.support.DefaultMessageSourceResolvable: codes [quoteRequestDto.vehicle.vin,vehicle.vin]; arguments []; default message [vehicle.vin],[Ljakarta.validation.constraints.Pattern$Flag;@1d761f9c,^[A-HJ-NPR-Z0-9]{17}$]; default message [Invalid VIN format]] [Field error in object 'quoteRequestDto' on field 'vehicle.year': rejected value [1800]; codes [Min.quoteRequestDto.vehicle.year,Min.vehicle.year,Min.year,Min.java.lang.Integer,Min]; arguments [org.springframework.context.support.DefaultMessageSourceResolvable: codes [quoteRequestDto.vehicle.year,vehicle.year]; arguments []; default message [vehicle.year],1900]; default message [Invalid vehicle year]] [Field error in object 'quoteRequestDto' on field 'drivers': rejected value [[]]; codes [NotEmpty.quoteRequestDto.drivers,NotEmpty.drivers,NotEmpty.java.util.List,NotEmpty]; arguments [org.springframework.context.support.DefaultMessageSourceResolvable: codes [quoteRequestDto.drivers,drivers]; arguments []; default message [drivers]]; default message [At least one driver is required]] [Field error in object 'quoteRequestDto' on field 'vehicle.model': rejected value []; codes [NotBlank.quoteRequestDto.vehicle.model,NotBlank.vehicle.model,NotBlank.model,NotBlank.java.lang.String,NotBlank]; arguments [org.springframework.context.support.DefaultMessageSourceResolvable: codes [quoteRequestDto.vehicle.model,vehicle.model]; arguments []; default message [vehicle.model]]; default message [Vehicle model is required]] [Field error in object 'quoteRequestDto' on field 'vehicle.currentValue': rejected value [-1000]; codes [DecimalMin.quoteRequestDto.vehicle.currentValue,DecimalMin.vehicle.currentValue,DecimalMin.currentValue,DecimalMin.java.math.BigDecimal,DecimalMin]; arguments [org.springframework.context.support.DefaultMessageSourceResolvable: codes [quoteRequestDto.vehicle.currentValue,vehicle.currentValue]; arguments []; default message [vehicle.currentValue],false,0.0]; default message [Vehicle value must be positive]] [Field error in object 'quoteRequestDto' on field 'deductible': rejected value [0]; codes [DecimalMin.quoteRequestDto.deductible,DecimalMin.deductible,DecimalMin.java.math.BigDecimal,DecimalMin]; arguments [org.springframework.context.support.DefaultMessageSourceResolvable: codes [quoteRequestDto.deductible,deductible]; arguments []; default message [deductible],true,250]; default message [Deductible must be at least $250]] [Field error in object 'quoteRequestDto' on field 'vehicle.make': rejected value []; codes [NotBlank.quoteRequestDto.vehicle.make,NotBlank.vehicle.make,NotBlank.make,NotBlank.java.lang.String,NotBlank]; arguments [org.springframework.context.support.DefaultMessageSourceResolvable: codes [quoteRequestDto.vehicle.make,vehicle.make]; arguments []; default message [vehicle.make]]; default message [Vehicle make is required]] ]
2025-08-14 22:48:23 - Set SecurityContextHolder to anonymous SecurityContext
2025-08-14 22:48:23 - Securing POST /api/v1/quotes
2025-08-14 22:48:23 - Secured POST /api/v1/quotes
2025-08-14 22:48:23 - Mapped to com.autoinsurance.quote.controller.QuoteController#createQuote(QuoteRequestDto)
2025-08-14 22:48:23 - Read "application/json;charset=UTF-8" to [com.autoinsurance.quote.dto.QuoteRequestDto@7531191]
2025-08-14 22:48:23 - Using @ExceptionHandler com.autoinsurance.common.exception.GlobalExceptionHandler#handleValidationErrors(MethodArgumentNotValidException)
2025-08-14 22:48:23 - Validation error: Validation failed for argument [0] in public org.springframework.http.ResponseEntity<com.autoinsurance.quote.dto.QuoteResponseDto> com.autoinsurance.quote.controller.QuoteController.createQuote(com.autoinsurance.quote.dto.QuoteRequestDto) with 8 errors: [Field error in object 'quoteRequestDto' on field 'coverageAmount': rejected value [-50000]; codes [DecimalMin.quoteRequestDto.coverageAmount,DecimalMin.coverageAmount,DecimalMin.java.math.BigDecimal,DecimalMin]; arguments [org.springframework.context.support.DefaultMessageSourceResolvable: codes [quoteRequestDto.coverageAmount,coverageAmount]; arguments []; default message [coverageAmount],true,25000]; default message [Coverage amount must be at least $25,000]] [Field error in object 'quoteRequestDto' on field 'vehicle.make': rejected value []; codes [NotBlank.quoteRequestDto.vehicle.make,NotBlank.vehicle.make,NotBlank.make,NotBlank.java.lang.String,NotBlank]; arguments [org.springframework.context.support.DefaultMessageSourceResolvable: codes [quoteRequestDto.vehicle.make,vehicle.make]; arguments []; default message [vehicle.make]]; default message [Vehicle make is required]] [Field error in object 'quoteRequestDto' on field 'vehicle.year': rejected value [1800]; codes [Min.quoteRequestDto.vehicle.year,Min.vehicle.year,Min.year,Min.java.lang.Integer,Min]; arguments [org.springframework.context.support.DefaultMessageSourceResolvable: codes [quoteRequestDto.vehicle.year,vehicle.year]; arguments []; default message [vehicle.year],1900]; default message [Invalid vehicle year]] [Field error in object 'quoteRequestDto' on field 'vehicle.currentValue': rejected value [-1000]; codes [DecimalMin.quoteRequestDto.vehicle.currentValue,DecimalMin.vehicle.currentValue,DecimalMin.currentValue,DecimalMin.java.math.BigDecimal,DecimalMin]; arguments [org.springframework.context.support.DefaultMessageSourceResolvable: codes [quoteRequestDto.vehicle.currentValue,vehicle.currentValue]; arguments []; default message [vehicle.currentValue],false,0.0]; default message [Vehicle value must be positive]] [Field error in object 'quoteRequestDto' on field 'vehicle.model': rejected value []; codes [NotBlank.quoteRequestDto.vehicle.model,NotBlank.vehicle.model,NotBlank.model,NotBlank.java.lang.String,NotBlank]; arguments [org.springframework.context.support.DefaultMessageSourceResolvable: codes [quoteRequestDto.vehicle.model,vehicle.model]; arguments []; default message [vehicle.model]]; default message [Vehicle model is required]] [Field error in object 'quoteRequestDto' on field 'vehicle.vin': rejected value [INVALID]; codes [Pattern.quoteRequestDto.vehicle.vin,Pattern.vehicle.vin,Pattern.vin,Pattern.java.lang.String,Pattern]; arguments [org.springframework.context.support.DefaultMessageSourceResolvable: codes [quoteRequestDto.vehicle.vin,vehicle.vin]; arguments []; default message [vehicle.vin],[Ljakarta.validation.constraints.Pattern$Flag;@1d761f9c,^[A-HJ-NPR-Z0-9]{17}$]; default message [Invalid VIN format]] [Field error in object 'quoteRequestDto' on field 'drivers': rejected value [[]]; codes [NotEmpty.quoteRequestDto.drivers,NotEmpty.drivers,NotEmpty.java.util.List,NotEmpty]; arguments [org.springframework.context.support.DefaultMessageSourceResolvable: codes [quoteRequestDto.drivers,drivers]; arguments []; default message [drivers]]; default message [At least one driver is required]] [Field error in object 'quoteRequestDto' on field 'deductible': rejected value [0]; codes [DecimalMin.quoteRequestDto.deductible,DecimalMin.deductible,DecimalMin.java.math.BigDecimal,DecimalMin]; arguments [org.springframework.context.support.DefaultMessageSourceResolvable: codes [quoteRequestDto.deductible,deductible]; arguments []; default message [deductible],true,250]; default message [Deductible must be at least $250]] 
2025-08-14 22:48:23 - Using 'application/json', given [*/*] and supported [application/json, application/*+json]
2025-08-14 22:48:23 - Writing [{message=coverageAmount: Coverage amount must be at least $25,000; vehicle.make: Vehicle make is req (truncated)...]
2025-08-14 22:48:23 - Resolved [org.springframework.web.bind.MethodArgumentNotValidException: Validation failed for argument [0] in public org.springframework.http.ResponseEntity<com.autoinsurance.quote.dto.QuoteResponseDto> com.autoinsurance.quote.controller.QuoteController.createQuote(com.autoinsurance.quote.dto.QuoteRequestDto) with 8 errors: [Field error in object 'quoteRequestDto' on field 'coverageAmount': rejected value [-50000]; codes [DecimalMin.quoteRequestDto.coverageAmount,DecimalMin.coverageAmount,DecimalMin.java.math.BigDecimal,DecimalMin]; arguments [org.springframework.context.support.DefaultMessageSourceResolvable: codes [quoteRequestDto.coverageAmount,coverageAmount]; arguments []; default message [coverageAmount],true,25000]; default message [Coverage amount must be at least $25,000]] [Field error in object 'quoteRequestDto' on field 'vehicle.make': rejected value []; codes [NotBlank.quoteRequestDto.vehicle.make,NotBlank.vehicle.make,NotBlank.make,NotBlank.java.lang.String,NotBlank]; arguments [org.springframework.context.support.DefaultMessageSourceResolvable: codes [quoteRequestDto.vehicle.make,vehicle.make]; arguments []; default message [vehicle.make]]; default message [Vehicle make is required]] [Field error in object 'quoteRequestDto' on field 'vehicle.year': rejected value [1800]; codes [Min.quoteRequestDto.vehicle.year,Min.vehicle.year,Min.year,Min.java.lang.Integer,Min]; arguments [org.springframework.context.support.DefaultMessageSourceResolvable: codes [quoteRequestDto.vehicle.year,vehicle.year]; arguments []; default message [vehicle.year],1900]; default message [Invalid vehicle year]] [Field error in object 'quoteRequestDto' on field 'vehicle.currentValue': rejected value [-1000]; codes [DecimalMin.quoteRequestDto.vehicle.currentValue,DecimalMin.vehicle.currentValue,DecimalMin.currentValue,DecimalMin.java.math.BigDecimal,DecimalMin]; arguments [org.springframework.context.support.DefaultMessageSourceResolvable: codes [quoteRequestDto.vehicle.currentValue,vehicle.currentValue]; arguments []; default message [vehicle.currentValue],false,0.0]; default message [Vehicle value must be positive]] [Field error in object 'quoteRequestDto' on field 'vehicle.model': rejected value []; codes [NotBlank.quoteRequestDto.vehicle.model,NotBlank.vehicle.model,NotBlank.model,NotBlank.java.lang.String,NotBlank]; arguments [org.springframework.context.support.DefaultMessageSourceResolvable: codes [quoteRequestDto.vehicle.model,vehicle.model]; arguments []; default message [vehicle.model]]; default message [Vehicle model is required]] [Field error in object 'quoteRequestDto' on field 'vehicle.vin': rejected value [INVALID]; codes [Pattern.quoteRequestDto.vehicle.vin,Pattern.vehicle.vin,Pattern.vin,Pattern.java.lang.String,Pattern]; arguments [org.springframework.context.support.DefaultMessageSourceResolvable: codes [quoteRequestDto.vehicle.vin,vehicle.vin]; arguments []; default message [vehicle.vin],[Ljakarta.validation.constraints.Pattern$Flag;@1d761f9c,^[A-HJ-NPR-Z0-9]{17}$]; default message [Invalid VIN format]] [Field error in object 'quoteRequestDto' on field 'drivers': rejected value [[]]; codes [NotEmpty.quoteRequestDto.drivers,NotEmpty.drivers,NotEmpty.java.util.List,NotEmpty]; arguments [org.springframework.context.support.DefaultMessageSourceResolvable: codes [quoteRequestDto.drivers,drivers]; arguments []; default message [drivers]]; default message [At least one driver is required]] [Field error in object 'quoteRequestDto' on field 'deductible': rejected value [0]; codes [DecimalMin.quoteRequestDto.deductible,DecimalMin.deductible,DecimalMin.java.math.BigDecimal,DecimalMin]; arguments [org.springframework.context.support.DefaultMessageSourceResolvable: codes [quoteRequestDto.deductible,deductible]; arguments []; default message [deductible],true,250]; default message [Deductible must be at least $250]] ]
2025-08-14 22:48:23 - Set SecurityContextHolder to anonymous SecurityContext
Phase 3: Testing system recovery...
2025-08-14 22:48:23 - Securing POST /api/v1/quotes
2025-08-14 22:48:23 - Secured POST /api/v1/quotes
2025-08-14 22:48:23 - Mapped to com.autoinsurance.quote.controller.QuoteController#createQuote(QuoteRequestDto)
2025-08-14 22:48:23 - Read "application/json;charset=UTF-8" to [com.autoinsurance.quote.dto.QuoteRequestDto@493c0727]
2025-08-14 22:48:23 - 
    select
        q1_0.id,
        q1_0.coverage_amount,
        q1_0.created_at,
        q1_0.deductible,
        q1_0.monthly_premium,
        q1_0.premium,
        q1_0.primary_driver_license,
        q1_0.primary_driver_name,
        q1_0.valid_until,
        q1_0.vehicle_current_value,
        q1_0.vehicle_make,
        q1_0.vehicle_model,
        q1_0.vehicle_vin,
        q1_0.vehicle_year 
    from
        quotes q1_0 
    where
        q1_0.id=?
2025-08-14 22:48:23 - 
    insert 
    into
        quotes
        (coverage_amount, created_at, deductible, monthly_premium, premium, primary_driver_license, primary_driver_name, valid_until, vehicle_current_value, vehicle_make, vehicle_model, vehicle_vin, vehicle_year, id) 
    values
        (?, ?, ?, ?, ?, ?, ?, ?, ?, ?, ?, ?, ?, ?)
2025-08-14 22:48:23 - Using 'application/json', given [*/*] and supported [application/json]
2025-08-14 22:48:23 - Writing [com.autoinsurance.quote.dto.QuoteResponseDto@3d49acd5]
2025-08-14 22:48:23 - Set SecurityContextHolder to anonymous SecurityContext
2025-08-14 22:48:23 - Securing POST /api/v1/quotes
2025-08-14 22:48:23 - Secured POST /api/v1/quotes
2025-08-14 22:48:23 - Mapped to com.autoinsurance.quote.controller.QuoteController#createQuote(QuoteRequestDto)
2025-08-14 22:48:23 - Read "application/json;charset=UTF-8" to [com.autoinsurance.quote.dto.QuoteRequestDto@4b479d73]
2025-08-14 22:48:23 - 
    select
        q1_0.id,
        q1_0.coverage_amount,
        q1_0.created_at,
        q1_0.deductible,
        q1_0.monthly_premium,
        q1_0.premium,
        q1_0.primary_driver_license,
        q1_0.primary_driver_name,
        q1_0.valid_until,
        q1_0.vehicle_current_value,
        q1_0.vehicle_make,
        q1_0.vehicle_model,
        q1_0.vehicle_vin,
        q1_0.vehicle_year 
    from
        quotes q1_0 
    where
        q1_0.id=?
2025-08-14 22:48:23 - 
    insert 
    into
        quotes
        (coverage_amount, created_at, deductible, monthly_premium, premium, primary_driver_license, primary_driver_name, valid_until, vehicle_current_value, vehicle_make, vehicle_model, vehicle_vin, vehicle_year, id) 
    values
        (?, ?, ?, ?, ?, ?, ?, ?, ?, ?, ?, ?, ?, ?)
2025-08-14 22:48:23 - Using 'application/json', given [*/*] and supported [application/json]
2025-08-14 22:48:23 - Writing [com.autoinsurance.quote.dto.QuoteResponseDto@12edfeda]
2025-08-14 22:48:23 - Set SecurityContextHolder to anonymous SecurityContext
2025-08-14 22:48:23 - Securing POST /api/v1/quotes
2025-08-14 22:48:23 - Secured POST /api/v1/quotes
2025-08-14 22:48:23 - Mapped to com.autoinsurance.quote.controller.QuoteController#createQuote(QuoteRequestDto)
2025-08-14 22:48:23 - Read "application/json;charset=UTF-8" to [com.autoinsurance.quote.dto.QuoteRequestDto@6561359c]
2025-08-14 22:48:23 - 
    select
        q1_0.id,
        q1_0.coverage_amount,
        q1_0.created_at,
        q1_0.deductible,
        q1_0.monthly_premium,
        q1_0.premium,
        q1_0.primary_driver_license,
        q1_0.primary_driver_name,
        q1_0.valid_until,
        q1_0.vehicle_current_value,
        q1_0.vehicle_make,
        q1_0.vehicle_model,
        q1_0.vehicle_vin,
        q1_0.vehicle_year 
    from
        quotes q1_0 
    where
        q1_0.id=?
2025-08-14 22:48:23 - 
    insert 
    into
        quotes
        (coverage_amount, created_at, deductible, monthly_premium, premium, primary_driver_license, primary_driver_name, valid_until, vehicle_current_value, vehicle_make, vehicle_model, vehicle_vin, vehicle_year, id) 
    values
        (?, ?, ?, ?, ?, ?, ?, ?, ?, ?, ?, ?, ?, ?)
2025-08-14 22:48:23 - Using 'application/json', given [*/*] and supported [application/json]
2025-08-14 22:48:23 - Writing [com.autoinsurance.quote.dto.QuoteResponseDto@1eece80e]
2025-08-14 22:48:23 - Set SecurityContextHolder to anonymous SecurityContext
2025-08-14 22:48:23 - Securing POST /api/v1/quotes
2025-08-14 22:48:23 - Secured POST /api/v1/quotes
2025-08-14 22:48:23 - Mapped to com.autoinsurance.quote.controller.QuoteController#createQuote(QuoteRequestDto)
2025-08-14 22:48:23 - Read "application/json;charset=UTF-8" to [com.autoinsurance.quote.dto.QuoteRequestDto@38df7f45]
2025-08-14 22:48:23 - 
    select
        q1_0.id,
        q1_0.coverage_amount,
        q1_0.created_at,
        q1_0.deductible,
        q1_0.monthly_premium,
        q1_0.premium,
        q1_0.primary_driver_license,
        q1_0.primary_driver_name,
        q1_0.valid_until,
        q1_0.vehicle_current_value,
        q1_0.vehicle_make,
        q1_0.vehicle_model,
        q1_0.vehicle_vin,
        q1_0.vehicle_year 
    from
        quotes q1_0 
    where
        q1_0.id=?
2025-08-14 22:48:23 - 
    insert 
    into
        quotes
        (coverage_amount, created_at, deductible, monthly_premium, premium, primary_driver_license, primary_driver_name, valid_until, vehicle_current_value, vehicle_make, vehicle_model, vehicle_vin, vehicle_year, id) 
    values
        (?, ?, ?, ?, ?, ?, ?, ?, ?, ?, ?, ?, ?, ?)
2025-08-14 22:48:23 - Using 'application/json', given [*/*] and supported [application/json]
2025-08-14 22:48:23 - Writing [com.autoinsurance.quote.dto.QuoteResponseDto@bbb997]
2025-08-14 22:48:23 - Set SecurityContextHolder to anonymous SecurityContext
2025-08-14 22:48:23 - Securing POST /api/v1/quotes
2025-08-14 22:48:23 - Secured POST /api/v1/quotes
2025-08-14 22:48:23 - Mapped to com.autoinsurance.quote.controller.QuoteController#createQuote(QuoteRequestDto)
2025-08-14 22:48:23 - Read "application/json;charset=UTF-8" to [com.autoinsurance.quote.dto.QuoteRequestDto@19cb6068]
2025-08-14 22:48:23 - 
    select
        q1_0.id,
        q1_0.coverage_amount,
        q1_0.created_at,
        q1_0.deductible,
        q1_0.monthly_premium,
        q1_0.premium,
        q1_0.primary_driver_license,
        q1_0.primary_driver_name,
        q1_0.valid_until,
        q1_0.vehicle_current_value,
        q1_0.vehicle_make,
        q1_0.vehicle_model,
        q1_0.vehicle_vin,
        q1_0.vehicle_year 
    from
        quotes q1_0 
    where
        q1_0.id=?
2025-08-14 22:48:23 - 
    insert 
    into
        quotes
        (coverage_amount, created_at, deductible, monthly_premium, premium, primary_driver_license, primary_driver_name, valid_until, vehicle_current_value, vehicle_make, vehicle_model, vehicle_vin, vehicle_year, id) 
    values
        (?, ?, ?, ?, ?, ?, ?, ?, ?, ?, ?, ?, ?, ?)
2025-08-14 22:48:23 - Using 'application/json', given [*/*] and supported [application/json]
2025-08-14 22:48:23 - Writing [com.autoinsurance.quote.dto.QuoteResponseDto@1ae4ed5d]
2025-08-14 22:48:23 - Set SecurityContextHolder to anonymous SecurityContext
2025-08-14 22:48:23 - Securing POST /api/v1/quotes
2025-08-14 22:48:23 - Secured POST /api/v1/quotes
2025-08-14 22:48:23 - Mapped to com.autoinsurance.quote.controller.QuoteController#createQuote(QuoteRequestDto)
2025-08-14 22:48:23 - Read "application/json;charset=UTF-8" to [com.autoinsurance.quote.dto.QuoteRequestDto@6bcd1373]
2025-08-14 22:48:23 - 
    select
        q1_0.id,
        q1_0.coverage_amount,
        q1_0.created_at,
        q1_0.deductible,
        q1_0.monthly_premium,
        q1_0.premium,
        q1_0.primary_driver_license,
        q1_0.primary_driver_name,
        q1_0.valid_until,
        q1_0.vehicle_current_value,
        q1_0.vehicle_make,
        q1_0.vehicle_model,
        q1_0.vehicle_vin,
        q1_0.vehicle_year 
    from
        quotes q1_0 
    where
        q1_0.id=?
2025-08-14 22:48:23 - 
    insert 
    into
        quotes
        (coverage_amount, created_at, deductible, monthly_premium, premium, primary_driver_license, primary_driver_name, valid_until, vehicle_current_value, vehicle_make, vehicle_model, vehicle_vin, vehicle_year, id) 
    values
        (?, ?, ?, ?, ?, ?, ?, ?, ?, ?, ?, ?, ?, ?)
2025-08-14 22:48:23 - Using 'application/json', given [*/*] and supported [application/json]
2025-08-14 22:48:23 - Writing [com.autoinsurance.quote.dto.QuoteResponseDto@17c3a2b4]
2025-08-14 22:48:23 - Set SecurityContextHolder to anonymous SecurityContext
2025-08-14 22:48:23 - Securing POST /api/v1/quotes
2025-08-14 22:48:23 - Secured POST /api/v1/quotes
2025-08-14 22:48:23 - Mapped to com.autoinsurance.quote.controller.QuoteController#createQuote(QuoteRequestDto)
2025-08-14 22:48:23 - Read "application/json;charset=UTF-8" to [com.autoinsurance.quote.dto.QuoteRequestDto@675e5b41]
2025-08-14 22:48:23 - 
    select
        q1_0.id,
        q1_0.coverage_amount,
        q1_0.created_at,
        q1_0.deductible,
        q1_0.monthly_premium,
        q1_0.premium,
        q1_0.primary_driver_license,
        q1_0.primary_driver_name,
        q1_0.valid_until,
        q1_0.vehicle_current_value,
        q1_0.vehicle_make,
        q1_0.vehicle_model,
        q1_0.vehicle_vin,
        q1_0.vehicle_year 
    from
        quotes q1_0 
    where
        q1_0.id=?
2025-08-14 22:48:23 - 
    insert 
    into
        quotes
        (coverage_amount, created_at, deductible, monthly_premium, premium, primary_driver_license, primary_driver_name, valid_until, vehicle_current_value, vehicle_make, vehicle_model, vehicle_vin, vehicle_year, id) 
    values
        (?, ?, ?, ?, ?, ?, ?, ?, ?, ?, ?, ?, ?, ?)
2025-08-14 22:48:23 - Using 'application/json', given [*/*] and supported [application/json]
2025-08-14 22:48:23 - Writing [com.autoinsurance.quote.dto.QuoteResponseDto@7a919543]
2025-08-14 22:48:23 - Set SecurityContextHolder to anonymous SecurityContext
2025-08-14 22:48:23 - Securing POST /api/v1/quotes
2025-08-14 22:48:23 - Secured POST /api/v1/quotes
2025-08-14 22:48:23 - Mapped to com.autoinsurance.quote.controller.QuoteController#createQuote(QuoteRequestDto)
2025-08-14 22:48:23 - Read "application/json;charset=UTF-8" to [com.autoinsurance.quote.dto.QuoteRequestDto@5006755a]
2025-08-14 22:48:23 - 
    select
        q1_0.id,
        q1_0.coverage_amount,
        q1_0.created_at,
        q1_0.deductible,
        q1_0.monthly_premium,
        q1_0.premium,
        q1_0.primary_driver_license,
        q1_0.primary_driver_name,
        q1_0.valid_until,
        q1_0.vehicle_current_value,
        q1_0.vehicle_make,
        q1_0.vehicle_model,
        q1_0.vehicle_vin,
        q1_0.vehicle_year 
    from
        quotes q1_0 
    where
        q1_0.id=?
2025-08-14 22:48:23 - 
    insert 
    into
        quotes
        (coverage_amount, created_at, deductible, monthly_premium, premium, primary_driver_license, primary_driver_name, valid_until, vehicle_current_value, vehicle_make, vehicle_model, vehicle_vin, vehicle_year, id) 
    values
        (?, ?, ?, ?, ?, ?, ?, ?, ?, ?, ?, ?, ?, ?)
2025-08-14 22:48:23 - Using 'application/json', given [*/*] and supported [application/json]
2025-08-14 22:48:23 - Writing [com.autoinsurance.quote.dto.QuoteResponseDto@3385cd0c]
2025-08-14 22:48:23 - Set SecurityContextHolder to anonymous SecurityContext
2025-08-14 22:48:23 - Securing POST /api/v1/quotes
2025-08-14 22:48:23 - Secured POST /api/v1/quotes
2025-08-14 22:48:23 - Mapped to com.autoinsurance.quote.controller.QuoteController#createQuote(QuoteRequestDto)
2025-08-14 22:48:23 - Read "application/json;charset=UTF-8" to [com.autoinsurance.quote.dto.QuoteRequestDto@3b719a7f]
2025-08-14 22:48:23 - 
    select
        q1_0.id,
        q1_0.coverage_amount,
        q1_0.created_at,
        q1_0.deductible,
        q1_0.monthly_premium,
        q1_0.premium,
        q1_0.primary_driver_license,
        q1_0.primary_driver_name,
        q1_0.valid_until,
        q1_0.vehicle_current_value,
        q1_0.vehicle_make,
        q1_0.vehicle_model,
        q1_0.vehicle_vin,
        q1_0.vehicle_year 
    from
        quotes q1_0 
    where
        q1_0.id=?
2025-08-14 22:48:23 - 
    insert 
    into
        quotes
        (coverage_amount, created_at, deductible, monthly_premium, premium, primary_driver_license, primary_driver_name, valid_until, vehicle_current_value, vehicle_make, vehicle_model, vehicle_vin, vehicle_year, id) 
    values
        (?, ?, ?, ?, ?, ?, ?, ?, ?, ?, ?, ?, ?, ?)
2025-08-14 22:48:23 - Using 'application/json', given [*/*] and supported [application/json]
2025-08-14 22:48:23 - Writing [com.autoinsurance.quote.dto.QuoteResponseDto@6da693ff]
2025-08-14 22:48:23 - Set SecurityContextHolder to anonymous SecurityContext
2025-08-14 22:48:23 - Securing POST /api/v1/quotes
2025-08-14 22:48:23 - Secured POST /api/v1/quotes
2025-08-14 22:48:23 - Mapped to com.autoinsurance.quote.controller.QuoteController#createQuote(QuoteRequestDto)
2025-08-14 22:48:23 - Read "application/json;charset=UTF-8" to [com.autoinsurance.quote.dto.QuoteRequestDto@70f97cb5]
2025-08-14 22:48:23 - 
    select
        q1_0.id,
        q1_0.coverage_amount,
        q1_0.created_at,
        q1_0.deductible,
        q1_0.monthly_premium,
        q1_0.premium,
        q1_0.primary_driver_license,
        q1_0.primary_driver_name,
        q1_0.valid_until,
        q1_0.vehicle_current_value,
        q1_0.vehicle_make,
        q1_0.vehicle_model,
        q1_0.vehicle_vin,
        q1_0.vehicle_year 
    from
        quotes q1_0 
    where
        q1_0.id=?
2025-08-14 22:48:23 - 
    insert 
    into
        quotes
        (coverage_amount, created_at, deductible, monthly_premium, premium, primary_driver_license, primary_driver_name, valid_until, vehicle_current_value, vehicle_make, vehicle_model, vehicle_vin, vehicle_year, id) 
    values
        (?, ?, ?, ?, ?, ?, ?, ?, ?, ?, ?, ?, ?, ?)
2025-08-14 22:48:23 - Using 'application/json', given [*/*] and supported [application/json]
2025-08-14 22:48:23 - Writing [com.autoinsurance.quote.dto.QuoteResponseDto@3268b3a2]
2025-08-14 22:48:23 - Set SecurityContextHolder to anonymous SecurityContext
2025-08-14 22:48:23 - Securing POST /api/v1/quotes
2025-08-14 22:48:23 - Secured POST /api/v1/quotes
2025-08-14 22:48:23 - Mapped to com.autoinsurance.quote.controller.QuoteController#createQuote(QuoteRequestDto)
2025-08-14 22:48:23 - Read "application/json;charset=UTF-8" to [com.autoinsurance.quote.dto.QuoteRequestDto@74dc54d2]
2025-08-14 22:48:23 - 
    select
        q1_0.id,
        q1_0.coverage_amount,
        q1_0.created_at,
        q1_0.deductible,
        q1_0.monthly_premium,
        q1_0.premium,
        q1_0.primary_driver_license,
        q1_0.primary_driver_name,
        q1_0.valid_until,
        q1_0.vehicle_current_value,
        q1_0.vehicle_make,
        q1_0.vehicle_model,
        q1_0.vehicle_vin,
        q1_0.vehicle_year 
    from
        quotes q1_0 
    where
        q1_0.id=?
2025-08-14 22:48:23 - 
    insert 
    into
        quotes
        (coverage_amount, created_at, deductible, monthly_premium, premium, primary_driver_license, primary_driver_name, valid_until, vehicle_current_value, vehicle_make, vehicle_model, vehicle_vin, vehicle_year, id) 
    values
        (?, ?, ?, ?, ?, ?, ?, ?, ?, ?, ?, ?, ?, ?)
2025-08-14 22:48:23 - Using 'application/json', given [*/*] and supported [application/json]
2025-08-14 22:48:23 - Writing [com.autoinsurance.quote.dto.QuoteResponseDto@2b58d602]
2025-08-14 22:48:23 - Set SecurityContextHolder to anonymous SecurityContext
2025-08-14 22:48:23 - Securing POST /api/v1/quotes
2025-08-14 22:48:23 - Secured POST /api/v1/quotes
2025-08-14 22:48:23 - Mapped to com.autoinsurance.quote.controller.QuoteController#createQuote(QuoteRequestDto)
2025-08-14 22:48:23 - Read "application/json;charset=UTF-8" to [com.autoinsurance.quote.dto.QuoteRequestDto@6a45e330]
2025-08-14 22:48:23 - 
    select
        q1_0.id,
        q1_0.coverage_amount,
        q1_0.created_at,
        q1_0.deductible,
        q1_0.monthly_premium,
        q1_0.premium,
        q1_0.primary_driver_license,
        q1_0.primary_driver_name,
        q1_0.valid_until,
        q1_0.vehicle_current_value,
        q1_0.vehicle_make,
        q1_0.vehicle_model,
        q1_0.vehicle_vin,
        q1_0.vehicle_year 
    from
        quotes q1_0 
    where
        q1_0.id=?
2025-08-14 22:48:23 - 
    insert 
    into
        quotes
        (coverage_amount, created_at, deductible, monthly_premium, premium, primary_driver_license, primary_driver_name, valid_until, vehicle_current_value, vehicle_make, vehicle_model, vehicle_vin, vehicle_year, id) 
    values
        (?, ?, ?, ?, ?, ?, ?, ?, ?, ?, ?, ?, ?, ?)
2025-08-14 22:48:23 - Using 'application/json', given [*/*] and supported [application/json]
2025-08-14 22:48:23 - Writing [com.autoinsurance.quote.dto.QuoteResponseDto@269581f4]
2025-08-14 22:48:23 - Set SecurityContextHolder to anonymous SecurityContext
2025-08-14 22:48:23 - Securing POST /api/v1/quotes
2025-08-14 22:48:23 - Secured POST /api/v1/quotes
2025-08-14 22:48:23 - Mapped to com.autoinsurance.quote.controller.QuoteController#createQuote(QuoteRequestDto)
2025-08-14 22:48:23 - Read "application/json;charset=UTF-8" to [com.autoinsurance.quote.dto.QuoteRequestDto@4d1eeb73]
2025-08-14 22:48:23 - 
    select
        q1_0.id,
        q1_0.coverage_amount,
        q1_0.created_at,
        q1_0.deductible,
        q1_0.monthly_premium,
        q1_0.premium,
        q1_0.primary_driver_license,
        q1_0.primary_driver_name,
        q1_0.valid_until,
        q1_0.vehicle_current_value,
        q1_0.vehicle_make,
        q1_0.vehicle_model,
        q1_0.vehicle_vin,
        q1_0.vehicle_year 
    from
        quotes q1_0 
    where
        q1_0.id=?
2025-08-14 22:48:23 - 
    insert 
    into
        quotes
        (coverage_amount, created_at, deductible, monthly_premium, premium, primary_driver_license, primary_driver_name, valid_until, vehicle_current_value, vehicle_make, vehicle_model, vehicle_vin, vehicle_year, id) 
    values
        (?, ?, ?, ?, ?, ?, ?, ?, ?, ?, ?, ?, ?, ?)
2025-08-14 22:48:23 - Using 'application/json', given [*/*] and supported [application/json]
2025-08-14 22:48:23 - Writing [com.autoinsurance.quote.dto.QuoteResponseDto@90c807]
2025-08-14 22:48:23 - Set SecurityContextHolder to anonymous SecurityContext
2025-08-14 22:48:23 - Securing POST /api/v1/quotes
2025-08-14 22:48:23 - Secured POST /api/v1/quotes
2025-08-14 22:48:23 - Mapped to com.autoinsurance.quote.controller.QuoteController#createQuote(QuoteRequestDto)
2025-08-14 22:48:23 - Read "application/json;charset=UTF-8" to [com.autoinsurance.quote.dto.QuoteRequestDto@10d9550b]
2025-08-14 22:48:23 - 
    select
        q1_0.id,
        q1_0.coverage_amount,
        q1_0.created_at,
        q1_0.deductible,
        q1_0.monthly_premium,
        q1_0.premium,
        q1_0.primary_driver_license,
        q1_0.primary_driver_name,
        q1_0.valid_until,
        q1_0.vehicle_current_value,
        q1_0.vehicle_make,
        q1_0.vehicle_model,
        q1_0.vehicle_vin,
        q1_0.vehicle_year 
    from
        quotes q1_0 
    where
        q1_0.id=?
2025-08-14 22:48:23 - 
    insert 
    into
        quotes
        (coverage_amount, created_at, deductible, monthly_premium, premium, primary_driver_license, primary_driver_name, valid_until, vehicle_current_value, vehicle_make, vehicle_model, vehicle_vin, vehicle_year, id) 
    values
        (?, ?, ?, ?, ?, ?, ?, ?, ?, ?, ?, ?, ?, ?)
2025-08-14 22:48:23 - Using 'application/json', given [*/*] and supported [application/json]
2025-08-14 22:48:23 - Writing [com.autoinsurance.quote.dto.QuoteResponseDto@71c3c8fd]
2025-08-14 22:48:23 - Set SecurityContextHolder to anonymous SecurityContext
2025-08-14 22:48:23 - Securing POST /api/v1/quotes
2025-08-14 22:48:23 - Secured POST /api/v1/quotes
2025-08-14 22:48:23 - Mapped to com.autoinsurance.quote.controller.QuoteController#createQuote(QuoteRequestDto)
2025-08-14 22:48:23 - Read "application/json;charset=UTF-8" to [com.autoinsurance.quote.dto.QuoteRequestDto@d61cae0]
2025-08-14 22:48:23 - 
    select
        q1_0.id,
        q1_0.coverage_amount,
        q1_0.created_at,
        q1_0.deductible,
        q1_0.monthly_premium,
        q1_0.premium,
        q1_0.primary_driver_license,
        q1_0.primary_driver_name,
        q1_0.valid_until,
        q1_0.vehicle_current_value,
        q1_0.vehicle_make,
        q1_0.vehicle_model,
        q1_0.vehicle_vin,
        q1_0.vehicle_year 
    from
        quotes q1_0 
    where
        q1_0.id=?
2025-08-14 22:48:23 - 
    insert 
    into
        quotes
        (coverage_amount, created_at, deductible, monthly_premium, premium, primary_driver_license, primary_driver_name, valid_until, vehicle_current_value, vehicle_make, vehicle_model, vehicle_vin, vehicle_year, id) 
    values
        (?, ?, ?, ?, ?, ?, ?, ?, ?, ?, ?, ?, ?, ?)
2025-08-14 22:48:23 - Using 'application/json', given [*/*] and supported [application/json]
2025-08-14 22:48:23 - Writing [com.autoinsurance.quote.dto.QuoteResponseDto@71aba18d]
2025-08-14 22:48:23 - Set SecurityContextHolder to anonymous SecurityContext
Failure Recovery Test Results:
  Total Requests: 30
  Successful Requests: 25
  Failed Requests: 5
  Recovery Phase Requests: 15
  Overall Success Rate: 83.3%
  Recovery Phase Success: 100.0%
]]></system-out>
  </testcase>
</testsuite>