<?xml version="1.0" encoding="UTF-8"?>
<testsuite xmlns:xsi="http://www.w3.org/2001/XMLSchema-instance" xsi:noNamespaceSchemaLocation="https://maven.apache.org/surefire/maven-surefire-plugin/xsd/surefire-test-report-3.0.xsd" version="3.0" name="com.autoinsurance.quote.service.validation.QuoteValidationServiceImplTest" time="0.011" tests="0" errors="0" skipped="0" failures="0">
  <properties>
    <property name="java.specification.version" value="24"/>
    <property name="sun.jnu.encoding" value="UTF-8"/>
    <property name="java.class.path" value="/Users/mvvkiran/Workspace/ExampleApplicationWithTDD/target/test-classes:/Users/mvvkiran/Workspace/ExampleApplicationWithTDD/target/classes:/Users/mvvkiran/.m2/repository/org/springframework/boot/spring-boot-starter-web/3.2.0/spring-boot-starter-web-3.2.0.jar:/Users/mvvkiran/.m2/repository/org/springframework/boot/spring-boot-starter/3.2.0/spring-boot-starter-3.2.0.jar:/Users/mvvkiran/.m2/repository/org/springframework/boot/spring-boot/3.2.0/spring-boot-3.2.0.jar:/Users/mvvkiran/.m2/repository/org/springframework/boot/spring-boot-autoconfigure/3.2.0/spring-boot-autoconfigure-3.2.0.jar:/Users/mvvkiran/.m2/repository/org/springframework/boot/spring-boot-starter-logging/3.2.0/spring-boot-starter-logging-3.2.0.jar:/Users/mvvkiran/.m2/repository/ch/qos/logback/logback-classic/1.4.11/logback-classic-1.4.11.jar:/Users/mvvkiran/.m2/repository/ch/qos/logback/logback-core/1.4.11/logback-core-1.4.11.jar:/Users/mvvkiran/.m2/repository/org/apache/logging/log4j/log4j-to-slf4j/2.21.1/log4j-to-slf4j-2.21.1.jar:/Users/mvvkiran/.m2/repository/org/apache/logging/log4j/log4j-api/2.21.1/log4j-api-2.21.1.jar:/Users/mvvkiran/.m2/repository/org/slf4j/jul-to-slf4j/2.0.9/jul-to-slf4j-2.0.9.jar:/Users/mvvkiran/.m2/repository/jakarta/annotation/jakarta.annotation-api/2.1.1/jakarta.annotation-api-2.1.1.jar:/Users/mvvkiran/.m2/repository/org/yaml/snakeyaml/2.2/snakeyaml-2.2.jar:/Users/mvvkiran/.m2/repository/org/springframework/boot/spring-boot-starter-json/3.2.0/spring-boot-starter-json-3.2.0.jar:/Users/mvvkiran/.m2/repository/com/fasterxml/jackson/datatype/jackson-datatype-jdk8/2.15.3/jackson-datatype-jdk8-2.15.3.jar:/Users/mvvkiran/.m2/repository/com/fasterxml/jackson/datatype/jackson-datatype-jsr310/2.15.3/jackson-datatype-jsr310-2.15.3.jar:/Users/mvvkiran/.m2/repository/com/fasterxml/jackson/module/jackson-module-parameter-names/2.15.3/jackson-module-parameter-names-2.15.3.jar:/Users/mvvkiran/.m2/repository/org/springframework/boot/spring-boot-starter-tomcat/3.2.0/spring-boot-starter-tomcat-3.2.0.jar:/Users/mvvkiran/.m2/repository/org/apache/tomcat/embed/tomcat-embed-core/10.1.16/tomcat-embed-core-10.1.16.jar:/Users/mvvkiran/.m2/repository/org/apache/tomcat/embed/tomcat-embed-websocket/10.1.16/tomcat-embed-websocket-10.1.16.jar:/Users/mvvkiran/.m2/repository/org/springframework/spring-web/6.1.1/spring-web-6.1.1.jar:/Users/mvvkiran/.m2/repository/org/springframework/spring-beans/6.1.1/spring-beans-6.1.1.jar:/Users/mvvkiran/.m2/repository/org/springframework/spring-webmvc/6.1.1/spring-webmvc-6.1.1.jar:/Users/mvvkiran/.m2/repository/org/springframework/spring-context/6.1.1/spring-context-6.1.1.jar:/Users/mvvkiran/.m2/repository/org/springframework/spring-expression/6.1.1/spring-expression-6.1.1.jar:/Users/mvvkiran/.m2/repository/org/springframework/boot/spring-boot-starter-data-jpa/3.2.0/spring-boot-starter-data-jpa-3.2.0.jar:/Users/mvvkiran/.m2/repository/org/springframework/boot/spring-boot-starter-aop/3.2.0/spring-boot-starter-aop-3.2.0.jar:/Users/mvvkiran/.m2/repository/org/aspectj/aspectjweaver/1.9.20.1/aspectjweaver-1.9.20.1.jar:/Users/mvvkiran/.m2/repository/org/springframework/boot/spring-boot-starter-jdbc/3.2.0/spring-boot-starter-jdbc-3.2.0.jar:/Users/mvvkiran/.m2/repository/com/zaxxer/HikariCP/5.0.1/HikariCP-5.0.1.jar:/Users/mvvkiran/.m2/repository/org/springframework/spring-jdbc/6.1.1/spring-jdbc-6.1.1.jar:/Users/mvvkiran/.m2/repository/org/hibernate/orm/hibernate-core/6.3.1.Final/hibernate-core-6.3.1.Final.jar:/Users/mvvkiran/.m2/repository/jakarta/persistence/jakarta.persistence-api/3.1.0/jakarta.persistence-api-3.1.0.jar:/Users/mvvkiran/.m2/repository/jakarta/transaction/jakarta.transaction-api/2.0.1/jakarta.transaction-api-2.0.1.jar:/Users/mvvkiran/.m2/repository/org/jboss/logging/jboss-logging/3.5.3.Final/jboss-logging-3.5.3.Final.jar:/Users/mvvkiran/.m2/repository/org/hibernate/common/hibernate-commons-annotations/6.0.6.Final/hibernate-commons-annotations-6.0.6.Final.jar:/Users/mvvkiran/.m2/repository/io/smallrye/jandex/3.1.2/jandex-3.1.2.jar:/Users/mvvkiran/.m2/repository/com/fasterxml/classmate/1.6.0/classmate-1.6.0.jar:/Users/mvvkiran/.m2/repository/net/bytebuddy/byte-buddy/1.14.10/byte-buddy-1.14.10.jar:/Users/mvvkiran/.m2/repository/org/glassfish/jaxb/jaxb-runtime/4.0.4/jaxb-runtime-4.0.4.jar:/Users/mvvkiran/.m2/repository/org/glassfish/jaxb/jaxb-core/4.0.4/jaxb-core-4.0.4.jar:/Users/mvvkiran/.m2/repository/org/eclipse/angus/angus-activation/2.0.1/angus-activation-2.0.1.jar:/Users/mvvkiran/.m2/repository/org/glassfish/jaxb/txw2/4.0.4/txw2-4.0.4.jar:/Users/mvvkiran/.m2/repository/com/sun/istack/istack-commons-runtime/4.1.2/istack-commons-runtime-4.1.2.jar:/Users/mvvkiran/.m2/repository/jakarta/inject/jakarta.inject-api/2.0.1/jakarta.inject-api-2.0.1.jar:/Users/mvvkiran/.m2/repository/org/antlr/antlr4-runtime/4.10.1/antlr4-runtime-4.10.1.jar:/Users/mvvkiran/.m2/repository/org/springframework/data/spring-data-jpa/3.2.0/spring-data-jpa-3.2.0.jar:/Users/mvvkiran/.m2/repository/org/springframework/data/spring-data-commons/3.2.0/spring-data-commons-3.2.0.jar:/Users/mvvkiran/.m2/repository/org/springframework/spring-orm/6.1.1/spring-orm-6.1.1.jar:/Users/mvvkiran/.m2/repository/org/springframework/spring-tx/6.1.1/spring-tx-6.1.1.jar:/Users/mvvkiran/.m2/repository/org/springframework/spring-aspects/6.1.1/spring-aspects-6.1.1.jar:/Users/mvvkiran/.m2/repository/org/springframework/boot/spring-boot-starter-validation/3.2.0/spring-boot-starter-validation-3.2.0.jar:/Users/mvvkiran/.m2/repository/org/apache/tomcat/embed/tomcat-embed-el/10.1.16/tomcat-embed-el-10.1.16.jar:/Users/mvvkiran/.m2/repository/org/hibernate/validator/hibernate-validator/8.0.1.Final/hibernate-validator-8.0.1.Final.jar:/Users/mvvkiran/.m2/repository/jakarta/validation/jakarta.validation-api/3.0.2/jakarta.validation-api-3.0.2.jar:/Users/mvvkiran/.m2/repository/org/springframework/boot/spring-boot-starter-security/3.2.0/spring-boot-starter-security-3.2.0.jar:/Users/mvvkiran/.m2/repository/org/springframework/spring-aop/6.1.1/spring-aop-6.1.1.jar:/Users/mvvkiran/.m2/repository/org/springframework/security/spring-security-config/6.2.0/spring-security-config-6.2.0.jar:/Users/mvvkiran/.m2/repository/org/springframework/security/spring-security-web/6.2.0/spring-security-web-6.2.0.jar:/Users/mvvkiran/.m2/repository/org/springframework/boot/spring-boot-starter-actuator/3.2.0/spring-boot-starter-actuator-3.2.0.jar:/Users/mvvkiran/.m2/repository/org/springframework/boot/spring-boot-actuator-autoconfigure/3.2.0/spring-boot-actuator-autoconfigure-3.2.0.jar:/Users/mvvkiran/.m2/repository/org/springframework/boot/spring-boot-actuator/3.2.0/spring-boot-actuator-3.2.0.jar:/Users/mvvkiran/.m2/repository/io/micrometer/micrometer-observation/1.12.0/micrometer-observation-1.12.0.jar:/Users/mvvkiran/.m2/repository/io/micrometer/micrometer-commons/1.12.0/micrometer-commons-1.12.0.jar:/Users/mvvkiran/.m2/repository/io/micrometer/micrometer-jakarta9/1.12.0/micrometer-jakarta9-1.12.0.jar:/Users/mvvkiran/.m2/repository/io/micrometer/micrometer-core/1.12.0/micrometer-core-1.12.0.jar:/Users/mvvkiran/.m2/repository/org/latencyutils/LatencyUtils/2.0.3/LatencyUtils-2.0.3.jar:/Users/mvvkiran/.m2/repository/com/h2database/h2/2.2.224/h2-2.2.224.jar:/Users/mvvkiran/.m2/repository/org/postgresql/postgresql/42.6.0/postgresql-42.6.0.jar:/Users/mvvkiran/.m2/repository/org/checkerframework/checker-qual/3.31.0/checker-qual-3.31.0.jar:/Users/mvvkiran/.m2/repository/org/springdoc/springdoc-openapi-starter-webmvc-ui/2.2.0/springdoc-openapi-starter-webmvc-ui-2.2.0.jar:/Users/mvvkiran/.m2/repository/org/springdoc/springdoc-openapi-starter-webmvc-api/2.2.0/springdoc-openapi-starter-webmvc-api-2.2.0.jar:/Users/mvvkiran/.m2/repository/org/springdoc/springdoc-openapi-starter-common/2.2.0/springdoc-openapi-starter-common-2.2.0.jar:/Users/mvvkiran/.m2/repository/io/swagger/core/v3/swagger-core-jakarta/2.2.15/swagger-core-jakarta-2.2.15.jar:/Users/mvvkiran/.m2/repository/io/swagger/core/v3/swagger-annotations-jakarta/2.2.15/swagger-annotations-jakarta-2.2.15.jar:/Users/mvvkiran/.m2/repository/io/swagger/core/v3/swagger-models-jakarta/2.2.15/swagger-models-jakarta-2.2.15.jar:/Users/mvvkiran/.m2/repository/com/fasterxml/jackson/dataformat/jackson-dataformat-yaml/2.15.3/jackson-dataformat-yaml-2.15.3.jar:/Users/mvvkiran/.m2/repository/org/webjars/swagger-ui/5.2.0/swagger-ui-5.2.0.jar:/Users/mvvkiran/.m2/repository/org/projectlombok/lombok/1.18.30/lombok-1.18.30.jar:/Users/mvvkiran/.m2/repository/org/mapstruct/mapstruct/1.5.5.Final/mapstruct-1.5.5.Final.jar:/Users/mvvkiran/.m2/repository/org/mapstruct/mapstruct-processor/1.5.5.Final/mapstruct-processor-1.5.5.Final.jar:/Users/mvvkiran/.m2/repository/io/jsonwebtoken/jjwt-api/0.12.3/jjwt-api-0.12.3.jar:/Users/mvvkiran/.m2/repository/io/jsonwebtoken/jjwt-impl/0.12.3/jjwt-impl-0.12.3.jar:/Users/mvvkiran/.m2/repository/io/jsonwebtoken/jjwt-jackson/0.12.3/jjwt-jackson-0.12.3.jar:/Users/mvvkiran/.m2/repository/com/fasterxml/jackson/core/jackson-databind/2.15.3/jackson-databind-2.15.3.jar:/Users/mvvkiran/.m2/repository/com/fasterxml/jackson/core/jackson-annotations/2.15.3/jackson-annotations-2.15.3.jar:/Users/mvvkiran/.m2/repository/com/fasterxml/jackson/core/jackson-core/2.15.3/jackson-core-2.15.3.jar:/Users/mvvkiran/.m2/repository/org/springframework/boot/spring-boot-starter-test/3.2.0/spring-boot-starter-test-3.2.0.jar:/Users/mvvkiran/.m2/repository/org/springframework/boot/spring-boot-test/3.2.0/spring-boot-test-3.2.0.jar:/Users/mvvkiran/.m2/repository/org/springframework/boot/spring-boot-test-autoconfigure/3.2.0/spring-boot-test-autoconfigure-3.2.0.jar:/Users/mvvkiran/.m2/repository/com/jayway/jsonpath/json-path/2.8.0/json-path-2.8.0.jar:/Users/mvvkiran/.m2/repository/jakarta/xml/bind/jakarta.xml.bind-api/4.0.1/jakarta.xml.bind-api-4.0.1.jar:/Users/mvvkiran/.m2/repository/jakarta/activation/jakarta.activation-api/2.1.2/jakarta.activation-api-2.1.2.jar:/Users/mvvkiran/.m2/repository/net/minidev/json-smart/2.5.0/json-smart-2.5.0.jar:/Users/mvvkiran/.m2/repository/net/minidev/accessors-smart/2.5.0/accessors-smart-2.5.0.jar:/Users/mvvkiran/.m2/repository/org/ow2/asm/asm/9.3/asm-9.3.jar:/Users/mvvkiran/.m2/repository/org/assertj/assertj-core/3.24.2/assertj-core-3.24.2.jar:/Users/mvvkiran/.m2/repository/org/awaitility/awaitility/4.2.0/awaitility-4.2.0.jar:/Users/mvvkiran/.m2/repository/org/hamcrest/hamcrest/2.2/hamcrest-2.2.jar:/Users/mvvkiran/.m2/repository/org/junit/jupiter/junit-jupiter/5.10.1/junit-jupiter-5.10.1.jar:/Users/mvvkiran/.m2/repository/org/junit/jupiter/junit-jupiter-params/5.10.1/junit-jupiter-params-5.10.1.jar:/Users/mvvkiran/.m2/repository/org/junit/jupiter/junit-jupiter-engine/5.10.1/junit-jupiter-engine-5.10.1.jar:/Users/mvvkiran/.m2/repository/org/junit/platform/junit-platform-engine/1.10.1/junit-platform-engine-1.10.1.jar:/Users/mvvkiran/.m2/repository/org/mockito/mockito-core/5.7.0/mockito-core-5.7.0.jar:/Users/mvvkiran/.m2/repository/net/bytebuddy/byte-buddy-agent/1.14.10/byte-buddy-agent-1.14.10.jar:/Users/mvvkiran/.m2/repository/org/objenesis/objenesis/3.3/objenesis-3.3.jar:/Users/mvvkiran/.m2/repository/org/mockito/mockito-junit-jupiter/5.7.0/mockito-junit-jupiter-5.7.0.jar:/Users/mvvkiran/.m2/repository/org/skyscreamer/jsonassert/1.5.1/jsonassert-1.5.1.jar:/Users/mvvkiran/.m2/repository/com/vaadin/external/google/android-json/0.0.20131108.vaadin1/android-json-0.0.20131108.vaadin1.jar:/Users/mvvkiran/.m2/repository/org/springframework/spring-core/6.1.1/spring-core-6.1.1.jar:/Users/mvvkiran/.m2/repository/org/springframework/spring-jcl/6.1.1/spring-jcl-6.1.1.jar:/Users/mvvkiran/.m2/repository/org/springframework/spring-test/6.1.1/spring-test-6.1.1.jar:/Users/mvvkiran/.m2/repository/org/xmlunit/xmlunit-core/2.9.1/xmlunit-core-2.9.1.jar:/Users/mvvkiran/.m2/repository/org/springframework/security/spring-security-test/6.2.0/spring-security-test-6.2.0.jar:/Users/mvvkiran/.m2/repository/org/springframework/security/spring-security-core/6.2.0/spring-security-core-6.2.0.jar:/Users/mvvkiran/.m2/repository/org/springframework/security/spring-security-crypto/6.2.0/spring-security-crypto-6.2.0.jar:/Users/mvvkiran/.m2/repository/io/rest-assured/rest-assured/5.3.2/rest-assured-5.3.2.jar:/Users/mvvkiran/.m2/repository/org/apache/groovy/groovy/4.0.15/groovy-4.0.15.jar:/Users/mvvkiran/.m2/repository/org/apache/groovy/groovy-xml/4.0.15/groovy-xml-4.0.15.jar:/Users/mvvkiran/.m2/repository/org/apache/httpcomponents/httpclient/4.5.13/httpclient-4.5.13.jar:/Users/mvvkiran/.m2/repository/org/apache/httpcomponents/httpcore/4.4.16/httpcore-4.4.16.jar:/Users/mvvkiran/.m2/repository/commons-logging/commons-logging/1.2/commons-logging-1.2.jar:/Users/mvvkiran/.m2/repository/commons-codec/commons-codec/1.16.0/commons-codec-1.16.0.jar:/Users/mvvkiran/.m2/repository/org/apache/httpcomponents/httpmime/4.5.13/httpmime-4.5.13.jar:/Users/mvvkiran/.m2/repository/org/ccil/cowan/tagsoup/tagsoup/1.2.1/tagsoup-1.2.1.jar:/Users/mvvkiran/.m2/repository/io/rest-assured/json-path/5.3.2/json-path-5.3.2.jar:/Users/mvvkiran/.m2/repository/org/apache/groovy/groovy-json/4.0.15/groovy-json-4.0.15.jar:/Users/mvvkiran/.m2/repository/io/rest-assured/rest-assured-common/5.3.2/rest-assured-common-5.3.2.jar:/Users/mvvkiran/.m2/repository/io/rest-assured/xml-path/5.3.2/xml-path-5.3.2.jar:/Users/mvvkiran/.m2/repository/org/apache/commons/commons-lang3/3.13.0/commons-lang3-3.13.0.jar:/Users/mvvkiran/.m2/repository/org/testcontainers/testcontainers/1.19.3/testcontainers-1.19.3.jar:/Users/mvvkiran/.m2/repository/junit/junit/4.13.2/junit-4.13.2.jar:/Users/mvvkiran/.m2/repository/org/hamcrest/hamcrest-core/2.2/hamcrest-core-2.2.jar:/Users/mvvkiran/.m2/repository/org/slf4j/slf4j-api/2.0.9/slf4j-api-2.0.9.jar:/Users/mvvkiran/.m2/repository/org/apache/commons/commons-compress/1.24.0/commons-compress-1.24.0.jar:/Users/mvvkiran/.m2/repository/org/rnorth/duct-tape/duct-tape/1.0.8/duct-tape-1.0.8.jar:/Users/mvvkiran/.m2/repository/org/jetbrains/annotations/17.0.0/annotations-17.0.0.jar:/Users/mvvkiran/.m2/repository/com/github/docker-java/docker-java-api/3.3.4/docker-java-api-3.3.4.jar:/Users/mvvkiran/.m2/repository/com/github/docker-java/docker-java-transport-zerodep/3.3.4/docker-java-transport-zerodep-3.3.4.jar:/Users/mvvkiran/.m2/repository/com/github/docker-java/docker-java-transport/3.3.4/docker-java-transport-3.3.4.jar:/Users/mvvkiran/.m2/repository/net/java/dev/jna/jna/5.13.0/jna-5.13.0.jar:/Users/mvvkiran/.m2/repository/org/testcontainers/postgresql/1.19.3/postgresql-1.19.3.jar:/Users/mvvkiran/.m2/repository/org/testcontainers/jdbc/1.19.3/jdbc-1.19.3.jar:/Users/mvvkiran/.m2/repository/org/testcontainers/database-commons/1.19.3/database-commons-1.19.3.jar:/Users/mvvkiran/.m2/repository/org/testcontainers/junit-jupiter/1.19.3/junit-jupiter-1.19.3.jar:/Users/mvvkiran/.m2/repository/org/wiremock/wiremock-standalone/3.0.1/wiremock-standalone-3.0.1.jar:/Users/mvvkiran/.m2/repository/au/com/dius/pact/provider/junit5/4.6.3/junit5-4.6.3.jar:/Users/mvvkiran/.m2/repository/au/com/dius/pact/provider/4.6.3/provider-4.6.3.jar:/Users/mvvkiran/.m2/repository/au/com/dius/pact/core/matchers/4.6.3/matchers-4.6.3.jar:/Users/mvvkiran/.m2/repository/io/github/java-diff-utils/java-diff-utils/4.12/java-diff-utils-4.12.jar:/Users/mvvkiran/.m2/repository/xerces/xercesImpl/2.12.2/xercesImpl-2.12.2.jar:/Users/mvvkiran/.m2/repository/xml-apis/xml-apis/1.4.01/xml-apis-1.4.01.jar:/Users/mvvkiran/.m2/repository/org/atteo/evo-inflector/1.3/evo-inflector-1.3.jar:/Users/mvvkiran/.m2/repository/com/github/zafarkhaja/java-semver/0.9.0/java-semver-0.9.0.jar:/Users/mvvkiran/.m2/repository/org/apache/httpcomponents/client5/httpclient5/5.2.1/httpclient5-5.2.1.jar:/Users/mvvkiran/.m2/repository/org/apache/httpcomponents/core5/httpcore5/5.2.3/httpcore5-5.2.3.jar:/Users/mvvkiran/.m2/repository/org/apache/httpcomponents/core5/httpcore5-h2/5.2.3/httpcore5-h2-5.2.3.jar:/Users/mvvkiran/.m2/repository/io/github/classgraph/classgraph/4.8.129/classgraph-4.8.129.jar:/Users/mvvkiran/.m2/repository/commons-io/commons-io/2.11.0/commons-io-2.11.0.jar:/Users/mvvkiran/.m2/repository/org/apache/commons/commons-collections4/4.4/commons-collections4-4.4.jar:/Users/mvvkiran/.m2/repository/com/github/ajalt/mordant/1.2.1/mordant-1.2.1.jar:/Users/mvvkiran/.m2/repository/com/github/ajalt/colormath/1.2.0/colormath-1.2.0.jar:/Users/mvvkiran/.m2/repository/com/vladsch/flexmark/flexmark/0.62.2/flexmark-0.62.2.jar:/Users/mvvkiran/.m2/repository/com/vladsch/flexmark/flexmark-util-ast/0.62.2/flexmark-util-ast-0.62.2.jar:/Users/mvvkiran/.m2/repository/com/vladsch/flexmark/flexmark-util-builder/0.62.2/flexmark-util-builder-0.62.2.jar:/Users/mvvkiran/.m2/repository/com/vladsch/flexmark/flexmark-util-collection/0.62.2/flexmark-util-collection-0.62.2.jar:/Users/mvvkiran/.m2/repository/com/vladsch/flexmark/flexmark-util-data/0.62.2/flexmark-util-data-0.62.2.jar:/Users/mvvkiran/.m2/repository/com/vladsch/flexmark/flexmark-util-dependency/0.62.2/flexmark-util-dependency-0.62.2.jar:/Users/mvvkiran/.m2/repository/com/vladsch/flexmark/flexmark-util-format/0.62.2/flexmark-util-format-0.62.2.jar:/Users/mvvkiran/.m2/repository/com/vladsch/flexmark/flexmark-util-html/0.62.2/flexmark-util-html-0.62.2.jar:/Users/mvvkiran/.m2/repository/com/vladsch/flexmark/flexmark-util-misc/0.62.2/flexmark-util-misc-0.62.2.jar:/Users/mvvkiran/.m2/repository/com/vladsch/flexmark/flexmark-util-sequence/0.62.2/flexmark-util-sequence-0.62.2.jar:/Users/mvvkiran/.m2/repository/com/vladsch/flexmark/flexmark-util-visitor/0.62.2/flexmark-util-visitor-0.62.2.jar:/Users/mvvkiran/.m2/repository/com/vladsch/flexmark/flexmark-ext-tables/0.62.2/flexmark-ext-tables-0.62.2.jar:/Users/mvvkiran/.m2/repository/com/vladsch/flexmark/flexmark-util/0.62.2/flexmark-util-0.62.2.jar:/Users/mvvkiran/.m2/repository/com/vladsch/flexmark/flexmark-util-options/0.62.2/flexmark-util-options-0.62.2.jar:/Users/mvvkiran/.m2/repository/au/com/dius/pact/core/support/4.6.3/support-4.6.3.jar:/Users/mvvkiran/.m2/repository/io/github/microutils/kotlin-logging-jvm/3.0.4/kotlin-logging-jvm-3.0.4.jar:/Users/mvvkiran/.m2/repository/io/github/oshai/kotlin-logging-jvm/5.0.0/kotlin-logging-jvm-5.0.0.jar:/Users/mvvkiran/.m2/repository/org/apache/httpcomponents/client5/httpclient5-fluent/5.2.1/httpclient5-fluent-5.2.1.jar:/Users/mvvkiran/.m2/repository/org/apache/commons/commons-text/1.10.0/commons-text-1.10.0.jar:/Users/mvvkiran/.m2/repository/au/com/dius/pact/core/pactbroker/4.6.3/pactbroker-4.6.3.jar:/Users/mvvkiran/.m2/repository/com/google/guava/guava/31.1-jre/guava-31.1-jre.jar:/Users/mvvkiran/.m2/repository/com/google/guava/failureaccess/1.0.1/failureaccess-1.0.1.jar:/Users/mvvkiran/.m2/repository/com/google/guava/listenablefuture/9999.0-empty-to-avoid-conflict-with-guava/listenablefuture-9999.0-empty-to-avoid-conflict-with-guava.jar:/Users/mvvkiran/.m2/repository/com/google/code/findbugs/jsr305/3.0.2/jsr305-3.0.2.jar:/Users/mvvkiran/.m2/repository/com/google/errorprone/error_prone_annotations/2.11.0/error_prone_annotations-2.11.0.jar:/Users/mvvkiran/.m2/repository/com/google/j2objc/j2objc-annotations/1.3/j2objc-annotations-1.3.jar:/Users/mvvkiran/.m2/repository/au/com/dius/pact/core/model/4.6.3/model-4.6.3.jar:/Users/mvvkiran/.m2/repository/org/apache/tika/tika-core/2.7.0/tika-core-2.7.0.jar:/Users/mvvkiran/.m2/repository/com/github/mifmif/generex/1.0.2/generex-1.0.2.jar:/Users/mvvkiran/.m2/repository/javax/mail/mail/1.5.0-b01/mail-1.5.0-b01.jar:/Users/mvvkiran/.m2/repository/javax/activation/activation/1.1/activation-1.1.jar:/Users/mvvkiran/.m2/repository/io/ktor/ktor-http-jvm/2.3.0/ktor-http-jvm-2.3.0.jar:/Users/mvvkiran/.m2/repository/org/jetbrains/kotlin/kotlin-stdlib-jdk7/1.9.20/kotlin-stdlib-jdk7-1.9.20.jar:/Users/mvvkiran/.m2/repository/org/jetbrains/kotlinx/kotlinx-coroutines-jdk8/1.7.3/kotlinx-coroutines-jdk8-1.7.3.jar:/Users/mvvkiran/.m2/repository/org/jetbrains/kotlinx/kotlinx-coroutines-core-jvm/1.7.3/kotlinx-coroutines-core-jvm-1.7.3.jar:/Users/mvvkiran/.m2/repository/io/ktor/ktor-utils-jvm/2.3.0/ktor-utils-jvm-2.3.0.jar:/Users/mvvkiran/.m2/repository/io/ktor/ktor-io-jvm/2.3.0/ktor-io-jvm-2.3.0.jar:/Users/mvvkiran/.m2/repository/commons-beanutils/commons-beanutils/1.9.4/commons-beanutils-1.9.4.jar:/Users/mvvkiran/.m2/repository/commons-collections/commons-collections/3.2.2/commons-collections-3.2.2.jar:/Users/mvvkiran/.m2/repository/org/junit/jupiter/junit-jupiter-api/5.10.1/junit-jupiter-api-5.10.1.jar:/Users/mvvkiran/.m2/repository/org/opentest4j/opentest4j/1.3.0/opentest4j-1.3.0.jar:/Users/mvvkiran/.m2/repository/org/junit/platform/junit-platform-commons/1.10.1/junit-platform-commons-1.10.1.jar:/Users/mvvkiran/.m2/repository/org/apiguardian/apiguardian-api/1.1.2/apiguardian-api-1.1.2.jar:/Users/mvvkiran/.m2/repository/org/jetbrains/kotlin/kotlin-stdlib/1.9.20/kotlin-stdlib-1.9.20.jar:/Users/mvvkiran/.m2/repository/org/jetbrains/kotlin/kotlin-reflect/1.9.20/kotlin-reflect-1.9.20.jar:/Users/mvvkiran/.m2/repository/io/pact/plugin/driver/core/0.4.0/core-0.4.0.jar:/Users/mvvkiran/.m2/repository/com/vdurmont/semver4j/3.1.0/semver4j-3.1.0.jar:/Users/mvvkiran/.m2/repository/io/grpc/grpc-protobuf/1.53.0/grpc-protobuf-1.53.0.jar:/Users/mvvkiran/.m2/repository/io/grpc/grpc-api/1.53.0/grpc-api-1.53.0.jar:/Users/mvvkiran/.m2/repository/io/grpc/grpc-context/1.53.0/grpc-context-1.53.0.jar:/Users/mvvkiran/.m2/repository/com/google/protobuf/protobuf-java/3.21.7/protobuf-java-3.21.7.jar:/Users/mvvkiran/.m2/repository/com/google/api/grpc/proto-google-common-protos/2.9.0/proto-google-common-protos-2.9.0.jar:/Users/mvvkiran/.m2/repository/io/grpc/grpc-protobuf-lite/1.53.0/grpc-protobuf-lite-1.53.0.jar:/Users/mvvkiran/.m2/repository/io/grpc/grpc-stub/1.53.0/grpc-stub-1.53.0.jar:/Users/mvvkiran/.m2/repository/io/grpc/grpc-netty/1.53.0/grpc-netty-1.53.0.jar:/Users/mvvkiran/.m2/repository/io/grpc/grpc-core/1.53.0/grpc-core-1.53.0.jar:/Users/mvvkiran/.m2/repository/com/google/android/annotations/4.1.1.4/annotations-4.1.1.4.jar:/Users/mvvkiran/.m2/repository/org/codehaus/mojo/animal-sniffer-annotations/1.21/animal-sniffer-annotations-1.21.jar:/Users/mvvkiran/.m2/repository/io/netty/netty-codec-http2/4.1.101.Final/netty-codec-http2-4.1.101.Final.jar:/Users/mvvkiran/.m2/repository/io/netty/netty-handler-proxy/4.1.101.Final/netty-handler-proxy-4.1.101.Final.jar:/Users/mvvkiran/.m2/repository/io/netty/netty-codec-socks/4.1.101.Final/netty-codec-socks-4.1.101.Final.jar:/Users/mvvkiran/.m2/repository/io/perfmark/perfmark-api/0.25.0/perfmark-api-0.25.0.jar:/Users/mvvkiran/.m2/repository/io/netty/netty-transport-native-unix-common/4.1.101.Final/netty-transport-native-unix-common-4.1.101.Final.jar:/Users/mvvkiran/.m2/repository/javax/annotation/javax.annotation-api/1.3.2/javax.annotation-api-1.3.2.jar:/Users/mvvkiran/.m2/repository/javax/json/javax.json-api/1.1.4/javax.json-api-1.1.4.jar:/Users/mvvkiran/.m2/repository/org/glassfish/javax.json/1.1.4/javax.json-1.1.4.jar:/Users/mvvkiran/.m2/repository/com/moandjiezana/toml/toml4j/0.7.2/toml4j-0.7.2.jar:/Users/mvvkiran/.m2/repository/com/google/code/gson/gson/2.10.1/gson-2.10.1.jar:/Users/mvvkiran/.m2/repository/org/rauschig/jarchivelib/1.2.0/jarchivelib-1.2.0.jar:/Users/mvvkiran/.m2/repository/com/michael-bull/kotlin-result/kotlin-result-jvm/1.1.14/kotlin-result-jvm-1.1.14.jar:/Users/mvvkiran/.m2/repository/org/jetbrains/kotlin/kotlin-stdlib-jdk8/1.9.20/kotlin-stdlib-jdk8-1.9.20.jar:/Users/mvvkiran/.m2/repository/org/jetbrains/kotlin/kotlin-stdlib-common/1.9.20/kotlin-stdlib-common-1.9.20.jar:/Users/mvvkiran/.m2/repository/au/com/dius/pact/consumer/junit5/4.6.3/junit5-4.6.3.jar:/Users/mvvkiran/.m2/repository/au/com/dius/pact/consumer/4.6.3/consumer-4.6.3.jar:/Users/mvvkiran/.m2/repository/org/json/json/20230227/json-20230227.jar:/Users/mvvkiran/.m2/repository/com/googlecode/java-diff-utils/diffutils/1.3.0/diffutils-1.3.0.jar:/Users/mvvkiran/.m2/repository/dk/brics/automaton/automaton/1.11-8/automaton-1.11-8.jar:/Users/mvvkiran/.m2/repository/io/netty/netty-handler/4.1.101.Final/netty-handler-4.1.101.Final.jar:/Users/mvvkiran/.m2/repository/io/netty/netty-common/4.1.101.Final/netty-common-4.1.101.Final.jar:/Users/mvvkiran/.m2/repository/io/netty/netty-resolver/4.1.101.Final/netty-resolver-4.1.101.Final.jar:/Users/mvvkiran/.m2/repository/io/netty/netty-buffer/4.1.101.Final/netty-buffer-4.1.101.Final.jar:/Users/mvvkiran/.m2/repository/io/netty/netty-transport/4.1.101.Final/netty-transport-4.1.101.Final.jar:/Users/mvvkiran/.m2/repository/io/netty/netty-codec/4.1.101.Final/netty-codec-4.1.101.Final.jar:/Users/mvvkiran/.m2/repository/io/ktor/ktor-server-netty/2.3.0/ktor-server-netty-2.3.0.jar:/Users/mvvkiran/.m2/repository/org/jetbrains/kotlinx/kotlinx-coroutines-core/1.7.3/kotlinx-coroutines-core-1.7.3.jar:/Users/mvvkiran/.m2/repository/io/ktor/ktor-network-tls-certificates/2.3.0/ktor-network-tls-certificates-2.3.0.jar:/Users/mvvkiran/.m2/repository/io/ktor/ktor-server-call-logging/2.3.0/ktor-server-call-logging-2.3.0.jar:/Users/mvvkiran/.m2/repository/io/ktor/ktor-server-core/2.3.0/ktor-server-core-2.3.0.jar:/Users/mvvkiran/.m2/repository/org/jetbrains/kotlinx/atomicfu/0.19.0/atomicfu-0.19.0.jar:/Users/mvvkiran/.m2/repository/org/jetbrains/kotlinx/atomicfu-jvm/0.19.0/atomicfu-jvm-0.19.0.jar:/Users/mvvkiran/.m2/repository/io/ktor/ktor-utils/2.3.0/ktor-utils-2.3.0.jar:/Users/mvvkiran/.m2/repository/io/ktor/ktor-io/2.3.0/ktor-io-2.3.0.jar:/Users/mvvkiran/.m2/repository/io/ktor/ktor-http/2.3.0/ktor-http-2.3.0.jar:/Users/mvvkiran/.m2/repository/io/ktor/ktor-serialization/2.3.0/ktor-serialization-2.3.0.jar:/Users/mvvkiran/.m2/repository/io/ktor/ktor-websockets/2.3.0/ktor-websockets-2.3.0.jar:/Users/mvvkiran/.m2/repository/io/ktor/ktor-events/2.3.0/ktor-events-2.3.0.jar:/Users/mvvkiran/.m2/repository/io/gatling/gatling-app/3.10.3/gatling-app-3.10.3.jar:/Users/mvvkiran/.m2/repository/org/scala-lang/scala-library/2.13.12/scala-library-2.13.12.jar:/Users/mvvkiran/.m2/repository/io/gatling/gatling-core/3.10.3/gatling-core-3.10.3.jar:/Users/mvvkiran/.m2/repository/io/gatling/gatling-netty-util/3.10.3/gatling-netty-util-3.10.3.jar:/Users/mvvkiran/.m2/repository/io/gatling/gatling-shared-util_2.13/0.0.5/gatling-shared-util_2.13-0.0.5.jar:/Users/mvvkiran/.m2/repository/org/scala-lang/modules/scala-collection-compat_2.13/2.11.0/scala-collection-compat_2.13-2.11.0.jar:/Users/mvvkiran/.m2/repository/io/netty/incubator/netty-incubator-transport-native-io_uring/0.0.24.Final/netty-incubator-transport-native-io_uring-0.0.24.Final-linux-x86_64.jar:/Users/mvvkiran/.m2/repository/io/netty/incubator/netty-incubator-transport-classes-io_uring/0.0.24.Final/netty-incubator-transport-classes-io_uring-0.0.24.Final.jar:/Users/mvvkiran/.m2/repository/io/netty/incubator/netty-incubator-transport-native-io_uring/0.0.24.Final/netty-incubator-transport-native-io_uring-0.0.24.Final-linux-aarch_64.jar:/Users/mvvkiran/.m2/repository/io/gatling/gatling-commons/3.10.3/gatling-commons-3.10.3.jar:/Users/mvvkiran/.m2/repository/com/typesafe/config/1.4.3/config-1.4.3.jar:/Users/mvvkiran/.m2/repository/io/github/metarank/cfor_2.13/0.3/cfor_2.13-0.3.jar:/Users/mvvkiran/.m2/repository/org/scala-lang/scala-reflect/2.13.10/scala-reflect-2.13.10.jar:/Users/mvvkiran/.m2/repository/com/typesafe/scala-logging/scala-logging_2.13/3.9.5/scala-logging_2.13-3.9.5.jar:/Users/mvvkiran/.m2/repository/io/gatling/gatling-shared-enterprise/3.10.3/gatling-shared-enterprise-3.10.3.jar:/Users/mvvkiran/.m2/repository/io/gatling/gatling-jsonpath/3.10.3/gatling-jsonpath-3.10.3.jar:/Users/mvvkiran/.m2/repository/io/gatling/gatling-shared-model_2.13/0.0.4/gatling-shared-model_2.13-0.0.4.jar:/Users/mvvkiran/.m2/repository/io/suzaku/boopickle_2.13/1.3.3/boopickle_2.13-1.3.3.jar:/Users/mvvkiran/.m2/repository/com/typesafe/akka/akka-actor_2.13/2.6.20/akka-actor_2.13-2.6.20.jar:/Users/mvvkiran/.m2/repository/org/scala-lang/modules/scala-java8-compat_2.13/1.0.0/scala-java8-compat_2.13-1.0.0.jar:/Users/mvvkiran/.m2/repository/com/typesafe/akka/akka-slf4j_2.13/2.6.20/akka-slf4j_2.13-2.6.20.jar:/Users/mvvkiran/.m2/repository/org/simpleflatmapper/lightning-csv/8.2.3/lightning-csv-8.2.3.jar:/Users/mvvkiran/.m2/repository/org/simpleflatmapper/sfm-util/8.2.3/sfm-util-8.2.3.jar:/Users/mvvkiran/.m2/repository/com/github/ben-manes/caffeine/caffeine/3.1.8/caffeine-3.1.8.jar:/Users/mvvkiran/.m2/repository/io/pebbletemplates/pebble/3.2.2/pebble-3.2.2.jar:/Users/mvvkiran/.m2/repository/org/unbescape/unbescape/1.1.6.RELEASE/unbescape-1.1.6.RELEASE.jar:/Users/mvvkiran/.m2/repository/org/scala-lang/modules/scala-parser-combinators_2.13/2.3.0/scala-parser-combinators_2.13-2.3.0.jar:/Users/mvvkiran/.m2/repository/com/github/scopt/scopt_2.13/3.7.1/scopt_2.13-3.7.1.jar:/Users/mvvkiran/.m2/repository/io/netty/netty-tcnative-classes/2.0.61.Final/netty-tcnative-classes-2.0.61.Final.jar:/Users/mvvkiran/.m2/repository/com/softwaremill/quicklens/quicklens_2.13/1.9.6/quicklens_2.13-1.9.6.jar:/Users/mvvkiran/.m2/repository/net/sf/saxon/Saxon-HE/10.6/Saxon-HE-10.6.jar:/Users/mvvkiran/.m2/repository/org/jodd/jodd-lagarto/6.0.6/jodd-lagarto-6.0.6.jar:/Users/mvvkiran/.m2/repository/org/jodd/jodd-util/6.2.2/jodd-util-6.2.2.jar:/Users/mvvkiran/.m2/repository/io/burt/jmespath-jackson/0.6.0/jmespath-jackson-0.6.0.jar:/Users/mvvkiran/.m2/repository/io/burt/jmespath-core/0.6.0/jmespath-core-0.6.0.jar:/Users/mvvkiran/.m2/repository/io/gatling/gatling-core-java/3.10.3/gatling-core-java-3.10.3.jar:/Users/mvvkiran/.m2/repository/net/jodah/typetools/0.6.3/typetools-0.6.3.jar:/Users/mvvkiran/.m2/repository/com/github/spotbugs/spotbugs-annotations/4.7.3/spotbugs-annotations-4.7.3.jar:/Users/mvvkiran/.m2/repository/io/gatling/gatling-http/3.10.3/gatling-http-3.10.3.jar:/Users/mvvkiran/.m2/repository/io/gatling/gatling-http-client/3.10.3/gatling-http-client-3.10.3.jar:/Users/mvvkiran/.m2/repository/io/netty/netty-resolver-dns/4.1.101.Final/netty-resolver-dns-4.1.101.Final.jar:/Users/mvvkiran/.m2/repository/io/netty/netty-codec-dns/4.1.101.Final/netty-codec-dns-4.1.101.Final.jar:/Users/mvvkiran/.m2/repository/io/netty/netty-resolver-dns-native-macos/4.1.101.Final/netty-resolver-dns-native-macos-4.1.101.Final-osx-x86_64.jar:/Users/mvvkiran/.m2/repository/io/netty/netty-resolver-dns-classes-macos/4.1.101.Final/netty-resolver-dns-classes-macos-4.1.101.Final.jar:/Users/mvvkiran/.m2/repository/io/netty/netty-resolver-dns-native-macos/4.1.101.Final/netty-resolver-dns-native-macos-4.1.101.Final-osx-aarch_64.jar:/Users/mvvkiran/.m2/repository/io/netty/netty-tcnative-boringssl-static/2.0.61.Final/netty-tcnative-boringssl-static-2.0.61.Final.jar:/Users/mvvkiran/.m2/repository/io/netty/netty-tcnative-boringssl-static/2.0.61.Final/netty-tcnative-boringssl-static-2.0.61.Final-linux-x86_64.jar:/Users/mvvkiran/.m2/repository/io/netty/netty-tcnative-boringssl-static/2.0.61.Final/netty-tcnative-boringssl-static-2.0.61.Final-linux-aarch_64.jar:/Users/mvvkiran/.m2/repository/io/netty/netty-tcnative-boringssl-static/2.0.61.Final/netty-tcnative-boringssl-static-2.0.61.Final-osx-x86_64.jar:/Users/mvvkiran/.m2/repository/io/netty/netty-tcnative-boringssl-static/2.0.61.Final/netty-tcnative-boringssl-static-2.0.61.Final-osx-aarch_64.jar:/Users/mvvkiran/.m2/repository/io/netty/netty-tcnative-boringssl-static/2.0.61.Final/netty-tcnative-boringssl-static-2.0.61.Final-windows-x86_64.jar:/Users/mvvkiran/.m2/repository/com/aayushatharva/brotli4j/brotli4j/1.13.0/brotli4j-1.13.0.jar:/Users/mvvkiran/.m2/repository/com/aayushatharva/brotli4j/service/1.13.0/service-1.13.0.jar:/Users/mvvkiran/.m2/repository/com/aayushatharva/brotli4j/native-linux-x86_64/1.13.0/native-linux-x86_64-1.13.0.jar:/Users/mvvkiran/.m2/repository/com/aayushatharva/brotli4j/native-linux-aarch64/1.13.0/native-linux-aarch64-1.13.0.jar:/Users/mvvkiran/.m2/repository/com/aayushatharva/brotli4j/native-osx-x86_64/1.13.0/native-osx-x86_64-1.13.0.jar:/Users/mvvkiran/.m2/repository/com/aayushatharva/brotli4j/native-osx-aarch64/1.13.0/native-osx-aarch64-1.13.0.jar:/Users/mvvkiran/.m2/repository/com/aayushatharva/brotli4j/native-windows-x86_64/1.13.0/native-windows-x86_64-1.13.0.jar:/Users/mvvkiran/.m2/repository/io/gatling/gatling-http-java/3.10.3/gatling-http-java-3.10.3.jar:/Users/mvvkiran/.m2/repository/io/gatling/gatling-jms/3.10.3/gatling-jms-3.10.3.jar:/Users/mvvkiran/.m2/repository/javax/jms/javax.jms-api/2.0.1/javax.jms-api-2.0.1.jar:/Users/mvvkiran/.m2/repository/com/eatthepath/fast-uuid/0.2.0/fast-uuid-0.2.0.jar:/Users/mvvkiran/.m2/repository/io/gatling/gatling-jms-java/3.10.3/gatling-jms-java-3.10.3.jar:/Users/mvvkiran/.m2/repository/io/gatling/gatling-mqtt/3.10.3/gatling-mqtt-3.10.3.jar:/Users/mvvkiran/.m2/repository/io/netty/netty-codec-mqtt/4.1.101.Final/netty-codec-mqtt-4.1.101.Final.jar:/Users/mvvkiran/.m2/repository/io/netty/netty-transport-native-epoll/4.1.101.Final/netty-transport-native-epoll-4.1.101.Final-linux-x86_64.jar:/Users/mvvkiran/.m2/repository/io/netty/netty-transport-classes-epoll/4.1.101.Final/netty-transport-classes-epoll-4.1.101.Final.jar:/Users/mvvkiran/.m2/repository/io/netty/netty-transport-native-epoll/4.1.101.Final/netty-transport-native-epoll-4.1.101.Final-linux-aarch_64.jar:/Users/mvvkiran/.m2/repository/io/gatling/gatling-mqtt-java/3.10.3/gatling-mqtt-java-3.10.3.jar:/Users/mvvkiran/.m2/repository/io/gatling/gatling-jdbc/3.10.3/gatling-jdbc-3.10.3.jar:/Users/mvvkiran/.m2/repository/io/gatling/gatling-jdbc-java/3.10.3/gatling-jdbc-java-3.10.3.jar:/Users/mvvkiran/.m2/repository/io/gatling/gatling-redis/3.10.3/gatling-redis-3.10.3.jar:/Users/mvvkiran/.m2/repository/net/debasishg/redisclient_2.13/3.42/redisclient_2.13-3.42.jar:/Users/mvvkiran/.m2/repository/org/apache/commons/commons-pool2/2.12.0/commons-pool2-2.12.0.jar:/Users/mvvkiran/.m2/repository/io/gatling/gatling-redis-java/3.10.3/gatling-redis-java-3.10.3.jar:/Users/mvvkiran/.m2/repository/io/gatling/gatling-graphite/3.10.3/gatling-graphite-3.10.3.jar:/Users/mvvkiran/.m2/repository/org/hdrhistogram/HdrHistogram/2.1.12/HdrHistogram-2.1.12.jar:/Users/mvvkiran/.m2/repository/io/gatling/gatling-charts/3.10.3/gatling-charts-3.10.3.jar:/Users/mvvkiran/.m2/repository/com/tdunning/t-digest/3.1/t-digest-3.1.jar:/Users/mvvkiran/.m2/repository/io/gatling/highcharts/gatling-charts-highcharts/3.10.3/gatling-charts-highcharts-3.10.3.jar:/Users/mvvkiran/.m2/repository/io/gatling/gatling-recorder/3.10.3/gatling-recorder-3.10.3.jar:/Users/mvvkiran/.m2/repository/org/scala-lang/modules/scala-swing_2.13/3.0.0/scala-swing_2.13-3.0.0.jar:/Users/mvvkiran/.m2/repository/io/gatling/gatling-recorder-bc-shaded/1.77.0/gatling-recorder-bc-shaded-1.77.0.jar:/Users/mvvkiran/.m2/repository/io/netty/netty-codec-http/4.1.101.Final/netty-codec-http-4.1.101.Final.jar:"/>
    <property name="java.vm.vendor" value="Homebrew"/>
    <property name="sun.arch.data.model" value="64"/>
    <property name="java.vendor.url" value="https://github.com/Homebrew/homebrew-core/issues"/>
    <property name="catalina.useNaming" value="false"/>
    <property name="user.timezone" value="Asia/Kolkata"/>
    <property name="org.jboss.logging.provider" value="slf4j"/>
    <property name="os.name" value="Mac OS X"/>
    <property name="java.vm.specification.version" value="24"/>
    <property name="sun.java.launcher" value="SUN_STANDARD"/>
    <property name="user.country" value="IN"/>
    <property name="sun.boot.library.path" value="/opt/homebrew/Cellar/openjdk/24.0.2/libexec/openjdk.jdk/Contents/Home/lib"/>
    <property name="sun.java.command" value="/Users/mvvkiran/Workspace/ExampleApplicationWithTDD/target/surefire/surefirebooter-20250814201455756_3.jar /Users/mvvkiran/Workspace/ExampleApplicationWithTDD/target/surefire 2025-08-14T20-14-55_728-jvmRun1 surefire-20250814201455756_1tmp surefire_0-20250814201455756_2tmp"/>
    <property name="http.nonProxyHosts" value="local|*.local|169.254/16|*.169.254/16"/>
    <property name="jdk.debug" value="release"/>
    <property name="surefire.test.class.path" value="/Users/mvvkiran/Workspace/ExampleApplicationWithTDD/target/test-classes:/Users/mvvkiran/Workspace/ExampleApplicationWithTDD/target/classes:/Users/mvvkiran/.m2/repository/org/springframework/boot/spring-boot-starter-web/3.2.0/spring-boot-starter-web-3.2.0.jar:/Users/mvvkiran/.m2/repository/org/springframework/boot/spring-boot-starter/3.2.0/spring-boot-starter-3.2.0.jar:/Users/mvvkiran/.m2/repository/org/springframework/boot/spring-boot/3.2.0/spring-boot-3.2.0.jar:/Users/mvvkiran/.m2/repository/org/springframework/boot/spring-boot-autoconfigure/3.2.0/spring-boot-autoconfigure-3.2.0.jar:/Users/mvvkiran/.m2/repository/org/springframework/boot/spring-boot-starter-logging/3.2.0/spring-boot-starter-logging-3.2.0.jar:/Users/mvvkiran/.m2/repository/ch/qos/logback/logback-classic/1.4.11/logback-classic-1.4.11.jar:/Users/mvvkiran/.m2/repository/ch/qos/logback/logback-core/1.4.11/logback-core-1.4.11.jar:/Users/mvvkiran/.m2/repository/org/apache/logging/log4j/log4j-to-slf4j/2.21.1/log4j-to-slf4j-2.21.1.jar:/Users/mvvkiran/.m2/repository/org/apache/logging/log4j/log4j-api/2.21.1/log4j-api-2.21.1.jar:/Users/mvvkiran/.m2/repository/org/slf4j/jul-to-slf4j/2.0.9/jul-to-slf4j-2.0.9.jar:/Users/mvvkiran/.m2/repository/jakarta/annotation/jakarta.annotation-api/2.1.1/jakarta.annotation-api-2.1.1.jar:/Users/mvvkiran/.m2/repository/org/yaml/snakeyaml/2.2/snakeyaml-2.2.jar:/Users/mvvkiran/.m2/repository/org/springframework/boot/spring-boot-starter-json/3.2.0/spring-boot-starter-json-3.2.0.jar:/Users/mvvkiran/.m2/repository/com/fasterxml/jackson/datatype/jackson-datatype-jdk8/2.15.3/jackson-datatype-jdk8-2.15.3.jar:/Users/mvvkiran/.m2/repository/com/fasterxml/jackson/datatype/jackson-datatype-jsr310/2.15.3/jackson-datatype-jsr310-2.15.3.jar:/Users/mvvkiran/.m2/repository/com/fasterxml/jackson/module/jackson-module-parameter-names/2.15.3/jackson-module-parameter-names-2.15.3.jar:/Users/mvvkiran/.m2/repository/org/springframework/boot/spring-boot-starter-tomcat/3.2.0/spring-boot-starter-tomcat-3.2.0.jar:/Users/mvvkiran/.m2/repository/org/apache/tomcat/embed/tomcat-embed-core/10.1.16/tomcat-embed-core-10.1.16.jar:/Users/mvvkiran/.m2/repository/org/apache/tomcat/embed/tomcat-embed-websocket/10.1.16/tomcat-embed-websocket-10.1.16.jar:/Users/mvvkiran/.m2/repository/org/springframework/spring-web/6.1.1/spring-web-6.1.1.jar:/Users/mvvkiran/.m2/repository/org/springframework/spring-beans/6.1.1/spring-beans-6.1.1.jar:/Users/mvvkiran/.m2/repository/org/springframework/spring-webmvc/6.1.1/spring-webmvc-6.1.1.jar:/Users/mvvkiran/.m2/repository/org/springframework/spring-context/6.1.1/spring-context-6.1.1.jar:/Users/mvvkiran/.m2/repository/org/springframework/spring-expression/6.1.1/spring-expression-6.1.1.jar:/Users/mvvkiran/.m2/repository/org/springframework/boot/spring-boot-starter-data-jpa/3.2.0/spring-boot-starter-data-jpa-3.2.0.jar:/Users/mvvkiran/.m2/repository/org/springframework/boot/spring-boot-starter-aop/3.2.0/spring-boot-starter-aop-3.2.0.jar:/Users/mvvkiran/.m2/repository/org/aspectj/aspectjweaver/1.9.20.1/aspectjweaver-1.9.20.1.jar:/Users/mvvkiran/.m2/repository/org/springframework/boot/spring-boot-starter-jdbc/3.2.0/spring-boot-starter-jdbc-3.2.0.jar:/Users/mvvkiran/.m2/repository/com/zaxxer/HikariCP/5.0.1/HikariCP-5.0.1.jar:/Users/mvvkiran/.m2/repository/org/springframework/spring-jdbc/6.1.1/spring-jdbc-6.1.1.jar:/Users/mvvkiran/.m2/repository/org/hibernate/orm/hibernate-core/6.3.1.Final/hibernate-core-6.3.1.Final.jar:/Users/mvvkiran/.m2/repository/jakarta/persistence/jakarta.persistence-api/3.1.0/jakarta.persistence-api-3.1.0.jar:/Users/mvvkiran/.m2/repository/jakarta/transaction/jakarta.transaction-api/2.0.1/jakarta.transaction-api-2.0.1.jar:/Users/mvvkiran/.m2/repository/org/jboss/logging/jboss-logging/3.5.3.Final/jboss-logging-3.5.3.Final.jar:/Users/mvvkiran/.m2/repository/org/hibernate/common/hibernate-commons-annotations/6.0.6.Final/hibernate-commons-annotations-6.0.6.Final.jar:/Users/mvvkiran/.m2/repository/io/smallrye/jandex/3.1.2/jandex-3.1.2.jar:/Users/mvvkiran/.m2/repository/com/fasterxml/classmate/1.6.0/classmate-1.6.0.jar:/Users/mvvkiran/.m2/repository/net/bytebuddy/byte-buddy/1.14.10/byte-buddy-1.14.10.jar:/Users/mvvkiran/.m2/repository/org/glassfish/jaxb/jaxb-runtime/4.0.4/jaxb-runtime-4.0.4.jar:/Users/mvvkiran/.m2/repository/org/glassfish/jaxb/jaxb-core/4.0.4/jaxb-core-4.0.4.jar:/Users/mvvkiran/.m2/repository/org/eclipse/angus/angus-activation/2.0.1/angus-activation-2.0.1.jar:/Users/mvvkiran/.m2/repository/org/glassfish/jaxb/txw2/4.0.4/txw2-4.0.4.jar:/Users/mvvkiran/.m2/repository/com/sun/istack/istack-commons-runtime/4.1.2/istack-commons-runtime-4.1.2.jar:/Users/mvvkiran/.m2/repository/jakarta/inject/jakarta.inject-api/2.0.1/jakarta.inject-api-2.0.1.jar:/Users/mvvkiran/.m2/repository/org/antlr/antlr4-runtime/4.10.1/antlr4-runtime-4.10.1.jar:/Users/mvvkiran/.m2/repository/org/springframework/data/spring-data-jpa/3.2.0/spring-data-jpa-3.2.0.jar:/Users/mvvkiran/.m2/repository/org/springframework/data/spring-data-commons/3.2.0/spring-data-commons-3.2.0.jar:/Users/mvvkiran/.m2/repository/org/springframework/spring-orm/6.1.1/spring-orm-6.1.1.jar:/Users/mvvkiran/.m2/repository/org/springframework/spring-tx/6.1.1/spring-tx-6.1.1.jar:/Users/mvvkiran/.m2/repository/org/springframework/spring-aspects/6.1.1/spring-aspects-6.1.1.jar:/Users/mvvkiran/.m2/repository/org/springframework/boot/spring-boot-starter-validation/3.2.0/spring-boot-starter-validation-3.2.0.jar:/Users/mvvkiran/.m2/repository/org/apache/tomcat/embed/tomcat-embed-el/10.1.16/tomcat-embed-el-10.1.16.jar:/Users/mvvkiran/.m2/repository/org/hibernate/validator/hibernate-validator/8.0.1.Final/hibernate-validator-8.0.1.Final.jar:/Users/mvvkiran/.m2/repository/jakarta/validation/jakarta.validation-api/3.0.2/jakarta.validation-api-3.0.2.jar:/Users/mvvkiran/.m2/repository/org/springframework/boot/spring-boot-starter-security/3.2.0/spring-boot-starter-security-3.2.0.jar:/Users/mvvkiran/.m2/repository/org/springframework/spring-aop/6.1.1/spring-aop-6.1.1.jar:/Users/mvvkiran/.m2/repository/org/springframework/security/spring-security-config/6.2.0/spring-security-config-6.2.0.jar:/Users/mvvkiran/.m2/repository/org/springframework/security/spring-security-web/6.2.0/spring-security-web-6.2.0.jar:/Users/mvvkiran/.m2/repository/org/springframework/boot/spring-boot-starter-actuator/3.2.0/spring-boot-starter-actuator-3.2.0.jar:/Users/mvvkiran/.m2/repository/org/springframework/boot/spring-boot-actuator-autoconfigure/3.2.0/spring-boot-actuator-autoconfigure-3.2.0.jar:/Users/mvvkiran/.m2/repository/org/springframework/boot/spring-boot-actuator/3.2.0/spring-boot-actuator-3.2.0.jar:/Users/mvvkiran/.m2/repository/io/micrometer/micrometer-observation/1.12.0/micrometer-observation-1.12.0.jar:/Users/mvvkiran/.m2/repository/io/micrometer/micrometer-commons/1.12.0/micrometer-commons-1.12.0.jar:/Users/mvvkiran/.m2/repository/io/micrometer/micrometer-jakarta9/1.12.0/micrometer-jakarta9-1.12.0.jar:/Users/mvvkiran/.m2/repository/io/micrometer/micrometer-core/1.12.0/micrometer-core-1.12.0.jar:/Users/mvvkiran/.m2/repository/org/latencyutils/LatencyUtils/2.0.3/LatencyUtils-2.0.3.jar:/Users/mvvkiran/.m2/repository/com/h2database/h2/2.2.224/h2-2.2.224.jar:/Users/mvvkiran/.m2/repository/org/postgresql/postgresql/42.6.0/postgresql-42.6.0.jar:/Users/mvvkiran/.m2/repository/org/checkerframework/checker-qual/3.31.0/checker-qual-3.31.0.jar:/Users/mvvkiran/.m2/repository/org/springdoc/springdoc-openapi-starter-webmvc-ui/2.2.0/springdoc-openapi-starter-webmvc-ui-2.2.0.jar:/Users/mvvkiran/.m2/repository/org/springdoc/springdoc-openapi-starter-webmvc-api/2.2.0/springdoc-openapi-starter-webmvc-api-2.2.0.jar:/Users/mvvkiran/.m2/repository/org/springdoc/springdoc-openapi-starter-common/2.2.0/springdoc-openapi-starter-common-2.2.0.jar:/Users/mvvkiran/.m2/repository/io/swagger/core/v3/swagger-core-jakarta/2.2.15/swagger-core-jakarta-2.2.15.jar:/Users/mvvkiran/.m2/repository/io/swagger/core/v3/swagger-annotations-jakarta/2.2.15/swagger-annotations-jakarta-2.2.15.jar:/Users/mvvkiran/.m2/repository/io/swagger/core/v3/swagger-models-jakarta/2.2.15/swagger-models-jakarta-2.2.15.jar:/Users/mvvkiran/.m2/repository/com/fasterxml/jackson/dataformat/jackson-dataformat-yaml/2.15.3/jackson-dataformat-yaml-2.15.3.jar:/Users/mvvkiran/.m2/repository/org/webjars/swagger-ui/5.2.0/swagger-ui-5.2.0.jar:/Users/mvvkiran/.m2/repository/org/projectlombok/lombok/1.18.30/lombok-1.18.30.jar:/Users/mvvkiran/.m2/repository/org/mapstruct/mapstruct/1.5.5.Final/mapstruct-1.5.5.Final.jar:/Users/mvvkiran/.m2/repository/org/mapstruct/mapstruct-processor/1.5.5.Final/mapstruct-processor-1.5.5.Final.jar:/Users/mvvkiran/.m2/repository/io/jsonwebtoken/jjwt-api/0.12.3/jjwt-api-0.12.3.jar:/Users/mvvkiran/.m2/repository/io/jsonwebtoken/jjwt-impl/0.12.3/jjwt-impl-0.12.3.jar:/Users/mvvkiran/.m2/repository/io/jsonwebtoken/jjwt-jackson/0.12.3/jjwt-jackson-0.12.3.jar:/Users/mvvkiran/.m2/repository/com/fasterxml/jackson/core/jackson-databind/2.15.3/jackson-databind-2.15.3.jar:/Users/mvvkiran/.m2/repository/com/fasterxml/jackson/core/jackson-annotations/2.15.3/jackson-annotations-2.15.3.jar:/Users/mvvkiran/.m2/repository/com/fasterxml/jackson/core/jackson-core/2.15.3/jackson-core-2.15.3.jar:/Users/mvvkiran/.m2/repository/org/springframework/boot/spring-boot-starter-test/3.2.0/spring-boot-starter-test-3.2.0.jar:/Users/mvvkiran/.m2/repository/org/springframework/boot/spring-boot-test/3.2.0/spring-boot-test-3.2.0.jar:/Users/mvvkiran/.m2/repository/org/springframework/boot/spring-boot-test-autoconfigure/3.2.0/spring-boot-test-autoconfigure-3.2.0.jar:/Users/mvvkiran/.m2/repository/com/jayway/jsonpath/json-path/2.8.0/json-path-2.8.0.jar:/Users/mvvkiran/.m2/repository/jakarta/xml/bind/jakarta.xml.bind-api/4.0.1/jakarta.xml.bind-api-4.0.1.jar:/Users/mvvkiran/.m2/repository/jakarta/activation/jakarta.activation-api/2.1.2/jakarta.activation-api-2.1.2.jar:/Users/mvvkiran/.m2/repository/net/minidev/json-smart/2.5.0/json-smart-2.5.0.jar:/Users/mvvkiran/.m2/repository/net/minidev/accessors-smart/2.5.0/accessors-smart-2.5.0.jar:/Users/mvvkiran/.m2/repository/org/ow2/asm/asm/9.3/asm-9.3.jar:/Users/mvvkiran/.m2/repository/org/assertj/assertj-core/3.24.2/assertj-core-3.24.2.jar:/Users/mvvkiran/.m2/repository/org/awaitility/awaitility/4.2.0/awaitility-4.2.0.jar:/Users/mvvkiran/.m2/repository/org/hamcrest/hamcrest/2.2/hamcrest-2.2.jar:/Users/mvvkiran/.m2/repository/org/junit/jupiter/junit-jupiter/5.10.1/junit-jupiter-5.10.1.jar:/Users/mvvkiran/.m2/repository/org/junit/jupiter/junit-jupiter-params/5.10.1/junit-jupiter-params-5.10.1.jar:/Users/mvvkiran/.m2/repository/org/junit/jupiter/junit-jupiter-engine/5.10.1/junit-jupiter-engine-5.10.1.jar:/Users/mvvkiran/.m2/repository/org/junit/platform/junit-platform-engine/1.10.1/junit-platform-engine-1.10.1.jar:/Users/mvvkiran/.m2/repository/org/mockito/mockito-core/5.7.0/mockito-core-5.7.0.jar:/Users/mvvkiran/.m2/repository/net/bytebuddy/byte-buddy-agent/1.14.10/byte-buddy-agent-1.14.10.jar:/Users/mvvkiran/.m2/repository/org/objenesis/objenesis/3.3/objenesis-3.3.jar:/Users/mvvkiran/.m2/repository/org/mockito/mockito-junit-jupiter/5.7.0/mockito-junit-jupiter-5.7.0.jar:/Users/mvvkiran/.m2/repository/org/skyscreamer/jsonassert/1.5.1/jsonassert-1.5.1.jar:/Users/mvvkiran/.m2/repository/com/vaadin/external/google/android-json/0.0.20131108.vaadin1/android-json-0.0.20131108.vaadin1.jar:/Users/mvvkiran/.m2/repository/org/springframework/spring-core/6.1.1/spring-core-6.1.1.jar:/Users/mvvkiran/.m2/repository/org/springframework/spring-jcl/6.1.1/spring-jcl-6.1.1.jar:/Users/mvvkiran/.m2/repository/org/springframework/spring-test/6.1.1/spring-test-6.1.1.jar:/Users/mvvkiran/.m2/repository/org/xmlunit/xmlunit-core/2.9.1/xmlunit-core-2.9.1.jar:/Users/mvvkiran/.m2/repository/org/springframework/security/spring-security-test/6.2.0/spring-security-test-6.2.0.jar:/Users/mvvkiran/.m2/repository/org/springframework/security/spring-security-core/6.2.0/spring-security-core-6.2.0.jar:/Users/mvvkiran/.m2/repository/org/springframework/security/spring-security-crypto/6.2.0/spring-security-crypto-6.2.0.jar:/Users/mvvkiran/.m2/repository/io/rest-assured/rest-assured/5.3.2/rest-assured-5.3.2.jar:/Users/mvvkiran/.m2/repository/org/apache/groovy/groovy/4.0.15/groovy-4.0.15.jar:/Users/mvvkiran/.m2/repository/org/apache/groovy/groovy-xml/4.0.15/groovy-xml-4.0.15.jar:/Users/mvvkiran/.m2/repository/org/apache/httpcomponents/httpclient/4.5.13/httpclient-4.5.13.jar:/Users/mvvkiran/.m2/repository/org/apache/httpcomponents/httpcore/4.4.16/httpcore-4.4.16.jar:/Users/mvvkiran/.m2/repository/commons-logging/commons-logging/1.2/commons-logging-1.2.jar:/Users/mvvkiran/.m2/repository/commons-codec/commons-codec/1.16.0/commons-codec-1.16.0.jar:/Users/mvvkiran/.m2/repository/org/apache/httpcomponents/httpmime/4.5.13/httpmime-4.5.13.jar:/Users/mvvkiran/.m2/repository/org/ccil/cowan/tagsoup/tagsoup/1.2.1/tagsoup-1.2.1.jar:/Users/mvvkiran/.m2/repository/io/rest-assured/json-path/5.3.2/json-path-5.3.2.jar:/Users/mvvkiran/.m2/repository/org/apache/groovy/groovy-json/4.0.15/groovy-json-4.0.15.jar:/Users/mvvkiran/.m2/repository/io/rest-assured/rest-assured-common/5.3.2/rest-assured-common-5.3.2.jar:/Users/mvvkiran/.m2/repository/io/rest-assured/xml-path/5.3.2/xml-path-5.3.2.jar:/Users/mvvkiran/.m2/repository/org/apache/commons/commons-lang3/3.13.0/commons-lang3-3.13.0.jar:/Users/mvvkiran/.m2/repository/org/testcontainers/testcontainers/1.19.3/testcontainers-1.19.3.jar:/Users/mvvkiran/.m2/repository/junit/junit/4.13.2/junit-4.13.2.jar:/Users/mvvkiran/.m2/repository/org/hamcrest/hamcrest-core/2.2/hamcrest-core-2.2.jar:/Users/mvvkiran/.m2/repository/org/slf4j/slf4j-api/2.0.9/slf4j-api-2.0.9.jar:/Users/mvvkiran/.m2/repository/org/apache/commons/commons-compress/1.24.0/commons-compress-1.24.0.jar:/Users/mvvkiran/.m2/repository/org/rnorth/duct-tape/duct-tape/1.0.8/duct-tape-1.0.8.jar:/Users/mvvkiran/.m2/repository/org/jetbrains/annotations/17.0.0/annotations-17.0.0.jar:/Users/mvvkiran/.m2/repository/com/github/docker-java/docker-java-api/3.3.4/docker-java-api-3.3.4.jar:/Users/mvvkiran/.m2/repository/com/github/docker-java/docker-java-transport-zerodep/3.3.4/docker-java-transport-zerodep-3.3.4.jar:/Users/mvvkiran/.m2/repository/com/github/docker-java/docker-java-transport/3.3.4/docker-java-transport-3.3.4.jar:/Users/mvvkiran/.m2/repository/net/java/dev/jna/jna/5.13.0/jna-5.13.0.jar:/Users/mvvkiran/.m2/repository/org/testcontainers/postgresql/1.19.3/postgresql-1.19.3.jar:/Users/mvvkiran/.m2/repository/org/testcontainers/jdbc/1.19.3/jdbc-1.19.3.jar:/Users/mvvkiran/.m2/repository/org/testcontainers/database-commons/1.19.3/database-commons-1.19.3.jar:/Users/mvvkiran/.m2/repository/org/testcontainers/junit-jupiter/1.19.3/junit-jupiter-1.19.3.jar:/Users/mvvkiran/.m2/repository/org/wiremock/wiremock-standalone/3.0.1/wiremock-standalone-3.0.1.jar:/Users/mvvkiran/.m2/repository/au/com/dius/pact/provider/junit5/4.6.3/junit5-4.6.3.jar:/Users/mvvkiran/.m2/repository/au/com/dius/pact/provider/4.6.3/provider-4.6.3.jar:/Users/mvvkiran/.m2/repository/au/com/dius/pact/core/matchers/4.6.3/matchers-4.6.3.jar:/Users/mvvkiran/.m2/repository/io/github/java-diff-utils/java-diff-utils/4.12/java-diff-utils-4.12.jar:/Users/mvvkiran/.m2/repository/xerces/xercesImpl/2.12.2/xercesImpl-2.12.2.jar:/Users/mvvkiran/.m2/repository/xml-apis/xml-apis/1.4.01/xml-apis-1.4.01.jar:/Users/mvvkiran/.m2/repository/org/atteo/evo-inflector/1.3/evo-inflector-1.3.jar:/Users/mvvkiran/.m2/repository/com/github/zafarkhaja/java-semver/0.9.0/java-semver-0.9.0.jar:/Users/mvvkiran/.m2/repository/org/apache/httpcomponents/client5/httpclient5/5.2.1/httpclient5-5.2.1.jar:/Users/mvvkiran/.m2/repository/org/apache/httpcomponents/core5/httpcore5/5.2.3/httpcore5-5.2.3.jar:/Users/mvvkiran/.m2/repository/org/apache/httpcomponents/core5/httpcore5-h2/5.2.3/httpcore5-h2-5.2.3.jar:/Users/mvvkiran/.m2/repository/io/github/classgraph/classgraph/4.8.129/classgraph-4.8.129.jar:/Users/mvvkiran/.m2/repository/commons-io/commons-io/2.11.0/commons-io-2.11.0.jar:/Users/mvvkiran/.m2/repository/org/apache/commons/commons-collections4/4.4/commons-collections4-4.4.jar:/Users/mvvkiran/.m2/repository/com/github/ajalt/mordant/1.2.1/mordant-1.2.1.jar:/Users/mvvkiran/.m2/repository/com/github/ajalt/colormath/1.2.0/colormath-1.2.0.jar:/Users/mvvkiran/.m2/repository/com/vladsch/flexmark/flexmark/0.62.2/flexmark-0.62.2.jar:/Users/mvvkiran/.m2/repository/com/vladsch/flexmark/flexmark-util-ast/0.62.2/flexmark-util-ast-0.62.2.jar:/Users/mvvkiran/.m2/repository/com/vladsch/flexmark/flexmark-util-builder/0.62.2/flexmark-util-builder-0.62.2.jar:/Users/mvvkiran/.m2/repository/com/vladsch/flexmark/flexmark-util-collection/0.62.2/flexmark-util-collection-0.62.2.jar:/Users/mvvkiran/.m2/repository/com/vladsch/flexmark/flexmark-util-data/0.62.2/flexmark-util-data-0.62.2.jar:/Users/mvvkiran/.m2/repository/com/vladsch/flexmark/flexmark-util-dependency/0.62.2/flexmark-util-dependency-0.62.2.jar:/Users/mvvkiran/.m2/repository/com/vladsch/flexmark/flexmark-util-format/0.62.2/flexmark-util-format-0.62.2.jar:/Users/mvvkiran/.m2/repository/com/vladsch/flexmark/flexmark-util-html/0.62.2/flexmark-util-html-0.62.2.jar:/Users/mvvkiran/.m2/repository/com/vladsch/flexmark/flexmark-util-misc/0.62.2/flexmark-util-misc-0.62.2.jar:/Users/mvvkiran/.m2/repository/com/vladsch/flexmark/flexmark-util-sequence/0.62.2/flexmark-util-sequence-0.62.2.jar:/Users/mvvkiran/.m2/repository/com/vladsch/flexmark/flexmark-util-visitor/0.62.2/flexmark-util-visitor-0.62.2.jar:/Users/mvvkiran/.m2/repository/com/vladsch/flexmark/flexmark-ext-tables/0.62.2/flexmark-ext-tables-0.62.2.jar:/Users/mvvkiran/.m2/repository/com/vladsch/flexmark/flexmark-util/0.62.2/flexmark-util-0.62.2.jar:/Users/mvvkiran/.m2/repository/com/vladsch/flexmark/flexmark-util-options/0.62.2/flexmark-util-options-0.62.2.jar:/Users/mvvkiran/.m2/repository/au/com/dius/pact/core/support/4.6.3/support-4.6.3.jar:/Users/mvvkiran/.m2/repository/io/github/microutils/kotlin-logging-jvm/3.0.4/kotlin-logging-jvm-3.0.4.jar:/Users/mvvkiran/.m2/repository/io/github/oshai/kotlin-logging-jvm/5.0.0/kotlin-logging-jvm-5.0.0.jar:/Users/mvvkiran/.m2/repository/org/apache/httpcomponents/client5/httpclient5-fluent/5.2.1/httpclient5-fluent-5.2.1.jar:/Users/mvvkiran/.m2/repository/org/apache/commons/commons-text/1.10.0/commons-text-1.10.0.jar:/Users/mvvkiran/.m2/repository/au/com/dius/pact/core/pactbroker/4.6.3/pactbroker-4.6.3.jar:/Users/mvvkiran/.m2/repository/com/google/guava/guava/31.1-jre/guava-31.1-jre.jar:/Users/mvvkiran/.m2/repository/com/google/guava/failureaccess/1.0.1/failureaccess-1.0.1.jar:/Users/mvvkiran/.m2/repository/com/google/guava/listenablefuture/9999.0-empty-to-avoid-conflict-with-guava/listenablefuture-9999.0-empty-to-avoid-conflict-with-guava.jar:/Users/mvvkiran/.m2/repository/com/google/code/findbugs/jsr305/3.0.2/jsr305-3.0.2.jar:/Users/mvvkiran/.m2/repository/com/google/errorprone/error_prone_annotations/2.11.0/error_prone_annotations-2.11.0.jar:/Users/mvvkiran/.m2/repository/com/google/j2objc/j2objc-annotations/1.3/j2objc-annotations-1.3.jar:/Users/mvvkiran/.m2/repository/au/com/dius/pact/core/model/4.6.3/model-4.6.3.jar:/Users/mvvkiran/.m2/repository/org/apache/tika/tika-core/2.7.0/tika-core-2.7.0.jar:/Users/mvvkiran/.m2/repository/com/github/mifmif/generex/1.0.2/generex-1.0.2.jar:/Users/mvvkiran/.m2/repository/javax/mail/mail/1.5.0-b01/mail-1.5.0-b01.jar:/Users/mvvkiran/.m2/repository/javax/activation/activation/1.1/activation-1.1.jar:/Users/mvvkiran/.m2/repository/io/ktor/ktor-http-jvm/2.3.0/ktor-http-jvm-2.3.0.jar:/Users/mvvkiran/.m2/repository/org/jetbrains/kotlin/kotlin-stdlib-jdk7/1.9.20/kotlin-stdlib-jdk7-1.9.20.jar:/Users/mvvkiran/.m2/repository/org/jetbrains/kotlinx/kotlinx-coroutines-jdk8/1.7.3/kotlinx-coroutines-jdk8-1.7.3.jar:/Users/mvvkiran/.m2/repository/org/jetbrains/kotlinx/kotlinx-coroutines-core-jvm/1.7.3/kotlinx-coroutines-core-jvm-1.7.3.jar:/Users/mvvkiran/.m2/repository/io/ktor/ktor-utils-jvm/2.3.0/ktor-utils-jvm-2.3.0.jar:/Users/mvvkiran/.m2/repository/io/ktor/ktor-io-jvm/2.3.0/ktor-io-jvm-2.3.0.jar:/Users/mvvkiran/.m2/repository/commons-beanutils/commons-beanutils/1.9.4/commons-beanutils-1.9.4.jar:/Users/mvvkiran/.m2/repository/commons-collections/commons-collections/3.2.2/commons-collections-3.2.2.jar:/Users/mvvkiran/.m2/repository/org/junit/jupiter/junit-jupiter-api/5.10.1/junit-jupiter-api-5.10.1.jar:/Users/mvvkiran/.m2/repository/org/opentest4j/opentest4j/1.3.0/opentest4j-1.3.0.jar:/Users/mvvkiran/.m2/repository/org/junit/platform/junit-platform-commons/1.10.1/junit-platform-commons-1.10.1.jar:/Users/mvvkiran/.m2/repository/org/apiguardian/apiguardian-api/1.1.2/apiguardian-api-1.1.2.jar:/Users/mvvkiran/.m2/repository/org/jetbrains/kotlin/kotlin-stdlib/1.9.20/kotlin-stdlib-1.9.20.jar:/Users/mvvkiran/.m2/repository/org/jetbrains/kotlin/kotlin-reflect/1.9.20/kotlin-reflect-1.9.20.jar:/Users/mvvkiran/.m2/repository/io/pact/plugin/driver/core/0.4.0/core-0.4.0.jar:/Users/mvvkiran/.m2/repository/com/vdurmont/semver4j/3.1.0/semver4j-3.1.0.jar:/Users/mvvkiran/.m2/repository/io/grpc/grpc-protobuf/1.53.0/grpc-protobuf-1.53.0.jar:/Users/mvvkiran/.m2/repository/io/grpc/grpc-api/1.53.0/grpc-api-1.53.0.jar:/Users/mvvkiran/.m2/repository/io/grpc/grpc-context/1.53.0/grpc-context-1.53.0.jar:/Users/mvvkiran/.m2/repository/com/google/protobuf/protobuf-java/3.21.7/protobuf-java-3.21.7.jar:/Users/mvvkiran/.m2/repository/com/google/api/grpc/proto-google-common-protos/2.9.0/proto-google-common-protos-2.9.0.jar:/Users/mvvkiran/.m2/repository/io/grpc/grpc-protobuf-lite/1.53.0/grpc-protobuf-lite-1.53.0.jar:/Users/mvvkiran/.m2/repository/io/grpc/grpc-stub/1.53.0/grpc-stub-1.53.0.jar:/Users/mvvkiran/.m2/repository/io/grpc/grpc-netty/1.53.0/grpc-netty-1.53.0.jar:/Users/mvvkiran/.m2/repository/io/grpc/grpc-core/1.53.0/grpc-core-1.53.0.jar:/Users/mvvkiran/.m2/repository/com/google/android/annotations/4.1.1.4/annotations-4.1.1.4.jar:/Users/mvvkiran/.m2/repository/org/codehaus/mojo/animal-sniffer-annotations/1.21/animal-sniffer-annotations-1.21.jar:/Users/mvvkiran/.m2/repository/io/netty/netty-codec-http2/4.1.101.Final/netty-codec-http2-4.1.101.Final.jar:/Users/mvvkiran/.m2/repository/io/netty/netty-handler-proxy/4.1.101.Final/netty-handler-proxy-4.1.101.Final.jar:/Users/mvvkiran/.m2/repository/io/netty/netty-codec-socks/4.1.101.Final/netty-codec-socks-4.1.101.Final.jar:/Users/mvvkiran/.m2/repository/io/perfmark/perfmark-api/0.25.0/perfmark-api-0.25.0.jar:/Users/mvvkiran/.m2/repository/io/netty/netty-transport-native-unix-common/4.1.101.Final/netty-transport-native-unix-common-4.1.101.Final.jar:/Users/mvvkiran/.m2/repository/javax/annotation/javax.annotation-api/1.3.2/javax.annotation-api-1.3.2.jar:/Users/mvvkiran/.m2/repository/javax/json/javax.json-api/1.1.4/javax.json-api-1.1.4.jar:/Users/mvvkiran/.m2/repository/org/glassfish/javax.json/1.1.4/javax.json-1.1.4.jar:/Users/mvvkiran/.m2/repository/com/moandjiezana/toml/toml4j/0.7.2/toml4j-0.7.2.jar:/Users/mvvkiran/.m2/repository/com/google/code/gson/gson/2.10.1/gson-2.10.1.jar:/Users/mvvkiran/.m2/repository/org/rauschig/jarchivelib/1.2.0/jarchivelib-1.2.0.jar:/Users/mvvkiran/.m2/repository/com/michael-bull/kotlin-result/kotlin-result-jvm/1.1.14/kotlin-result-jvm-1.1.14.jar:/Users/mvvkiran/.m2/repository/org/jetbrains/kotlin/kotlin-stdlib-jdk8/1.9.20/kotlin-stdlib-jdk8-1.9.20.jar:/Users/mvvkiran/.m2/repository/org/jetbrains/kotlin/kotlin-stdlib-common/1.9.20/kotlin-stdlib-common-1.9.20.jar:/Users/mvvkiran/.m2/repository/au/com/dius/pact/consumer/junit5/4.6.3/junit5-4.6.3.jar:/Users/mvvkiran/.m2/repository/au/com/dius/pact/consumer/4.6.3/consumer-4.6.3.jar:/Users/mvvkiran/.m2/repository/org/json/json/20230227/json-20230227.jar:/Users/mvvkiran/.m2/repository/com/googlecode/java-diff-utils/diffutils/1.3.0/diffutils-1.3.0.jar:/Users/mvvkiran/.m2/repository/dk/brics/automaton/automaton/1.11-8/automaton-1.11-8.jar:/Users/mvvkiran/.m2/repository/io/netty/netty-handler/4.1.101.Final/netty-handler-4.1.101.Final.jar:/Users/mvvkiran/.m2/repository/io/netty/netty-common/4.1.101.Final/netty-common-4.1.101.Final.jar:/Users/mvvkiran/.m2/repository/io/netty/netty-resolver/4.1.101.Final/netty-resolver-4.1.101.Final.jar:/Users/mvvkiran/.m2/repository/io/netty/netty-buffer/4.1.101.Final/netty-buffer-4.1.101.Final.jar:/Users/mvvkiran/.m2/repository/io/netty/netty-transport/4.1.101.Final/netty-transport-4.1.101.Final.jar:/Users/mvvkiran/.m2/repository/io/netty/netty-codec/4.1.101.Final/netty-codec-4.1.101.Final.jar:/Users/mvvkiran/.m2/repository/io/ktor/ktor-server-netty/2.3.0/ktor-server-netty-2.3.0.jar:/Users/mvvkiran/.m2/repository/org/jetbrains/kotlinx/kotlinx-coroutines-core/1.7.3/kotlinx-coroutines-core-1.7.3.jar:/Users/mvvkiran/.m2/repository/io/ktor/ktor-network-tls-certificates/2.3.0/ktor-network-tls-certificates-2.3.0.jar:/Users/mvvkiran/.m2/repository/io/ktor/ktor-server-call-logging/2.3.0/ktor-server-call-logging-2.3.0.jar:/Users/mvvkiran/.m2/repository/io/ktor/ktor-server-core/2.3.0/ktor-server-core-2.3.0.jar:/Users/mvvkiran/.m2/repository/org/jetbrains/kotlinx/atomicfu/0.19.0/atomicfu-0.19.0.jar:/Users/mvvkiran/.m2/repository/org/jetbrains/kotlinx/atomicfu-jvm/0.19.0/atomicfu-jvm-0.19.0.jar:/Users/mvvkiran/.m2/repository/io/ktor/ktor-utils/2.3.0/ktor-utils-2.3.0.jar:/Users/mvvkiran/.m2/repository/io/ktor/ktor-io/2.3.0/ktor-io-2.3.0.jar:/Users/mvvkiran/.m2/repository/io/ktor/ktor-http/2.3.0/ktor-http-2.3.0.jar:/Users/mvvkiran/.m2/repository/io/ktor/ktor-serialization/2.3.0/ktor-serialization-2.3.0.jar:/Users/mvvkiran/.m2/repository/io/ktor/ktor-websockets/2.3.0/ktor-websockets-2.3.0.jar:/Users/mvvkiran/.m2/repository/io/ktor/ktor-events/2.3.0/ktor-events-2.3.0.jar:/Users/mvvkiran/.m2/repository/io/gatling/gatling-app/3.10.3/gatling-app-3.10.3.jar:/Users/mvvkiran/.m2/repository/org/scala-lang/scala-library/2.13.12/scala-library-2.13.12.jar:/Users/mvvkiran/.m2/repository/io/gatling/gatling-core/3.10.3/gatling-core-3.10.3.jar:/Users/mvvkiran/.m2/repository/io/gatling/gatling-netty-util/3.10.3/gatling-netty-util-3.10.3.jar:/Users/mvvkiran/.m2/repository/io/gatling/gatling-shared-util_2.13/0.0.5/gatling-shared-util_2.13-0.0.5.jar:/Users/mvvkiran/.m2/repository/org/scala-lang/modules/scala-collection-compat_2.13/2.11.0/scala-collection-compat_2.13-2.11.0.jar:/Users/mvvkiran/.m2/repository/io/netty/incubator/netty-incubator-transport-native-io_uring/0.0.24.Final/netty-incubator-transport-native-io_uring-0.0.24.Final-linux-x86_64.jar:/Users/mvvkiran/.m2/repository/io/netty/incubator/netty-incubator-transport-classes-io_uring/0.0.24.Final/netty-incubator-transport-classes-io_uring-0.0.24.Final.jar:/Users/mvvkiran/.m2/repository/io/netty/incubator/netty-incubator-transport-native-io_uring/0.0.24.Final/netty-incubator-transport-native-io_uring-0.0.24.Final-linux-aarch_64.jar:/Users/mvvkiran/.m2/repository/io/gatling/gatling-commons/3.10.3/gatling-commons-3.10.3.jar:/Users/mvvkiran/.m2/repository/com/typesafe/config/1.4.3/config-1.4.3.jar:/Users/mvvkiran/.m2/repository/io/github/metarank/cfor_2.13/0.3/cfor_2.13-0.3.jar:/Users/mvvkiran/.m2/repository/org/scala-lang/scala-reflect/2.13.10/scala-reflect-2.13.10.jar:/Users/mvvkiran/.m2/repository/com/typesafe/scala-logging/scala-logging_2.13/3.9.5/scala-logging_2.13-3.9.5.jar:/Users/mvvkiran/.m2/repository/io/gatling/gatling-shared-enterprise/3.10.3/gatling-shared-enterprise-3.10.3.jar:/Users/mvvkiran/.m2/repository/io/gatling/gatling-jsonpath/3.10.3/gatling-jsonpath-3.10.3.jar:/Users/mvvkiran/.m2/repository/io/gatling/gatling-shared-model_2.13/0.0.4/gatling-shared-model_2.13-0.0.4.jar:/Users/mvvkiran/.m2/repository/io/suzaku/boopickle_2.13/1.3.3/boopickle_2.13-1.3.3.jar:/Users/mvvkiran/.m2/repository/com/typesafe/akka/akka-actor_2.13/2.6.20/akka-actor_2.13-2.6.20.jar:/Users/mvvkiran/.m2/repository/org/scala-lang/modules/scala-java8-compat_2.13/1.0.0/scala-java8-compat_2.13-1.0.0.jar:/Users/mvvkiran/.m2/repository/com/typesafe/akka/akka-slf4j_2.13/2.6.20/akka-slf4j_2.13-2.6.20.jar:/Users/mvvkiran/.m2/repository/org/simpleflatmapper/lightning-csv/8.2.3/lightning-csv-8.2.3.jar:/Users/mvvkiran/.m2/repository/org/simpleflatmapper/sfm-util/8.2.3/sfm-util-8.2.3.jar:/Users/mvvkiran/.m2/repository/com/github/ben-manes/caffeine/caffeine/3.1.8/caffeine-3.1.8.jar:/Users/mvvkiran/.m2/repository/io/pebbletemplates/pebble/3.2.2/pebble-3.2.2.jar:/Users/mvvkiran/.m2/repository/org/unbescape/unbescape/1.1.6.RELEASE/unbescape-1.1.6.RELEASE.jar:/Users/mvvkiran/.m2/repository/org/scala-lang/modules/scala-parser-combinators_2.13/2.3.0/scala-parser-combinators_2.13-2.3.0.jar:/Users/mvvkiran/.m2/repository/com/github/scopt/scopt_2.13/3.7.1/scopt_2.13-3.7.1.jar:/Users/mvvkiran/.m2/repository/io/netty/netty-tcnative-classes/2.0.61.Final/netty-tcnative-classes-2.0.61.Final.jar:/Users/mvvkiran/.m2/repository/com/softwaremill/quicklens/quicklens_2.13/1.9.6/quicklens_2.13-1.9.6.jar:/Users/mvvkiran/.m2/repository/net/sf/saxon/Saxon-HE/10.6/Saxon-HE-10.6.jar:/Users/mvvkiran/.m2/repository/org/jodd/jodd-lagarto/6.0.6/jodd-lagarto-6.0.6.jar:/Users/mvvkiran/.m2/repository/org/jodd/jodd-util/6.2.2/jodd-util-6.2.2.jar:/Users/mvvkiran/.m2/repository/io/burt/jmespath-jackson/0.6.0/jmespath-jackson-0.6.0.jar:/Users/mvvkiran/.m2/repository/io/burt/jmespath-core/0.6.0/jmespath-core-0.6.0.jar:/Users/mvvkiran/.m2/repository/io/gatling/gatling-core-java/3.10.3/gatling-core-java-3.10.3.jar:/Users/mvvkiran/.m2/repository/net/jodah/typetools/0.6.3/typetools-0.6.3.jar:/Users/mvvkiran/.m2/repository/com/github/spotbugs/spotbugs-annotations/4.7.3/spotbugs-annotations-4.7.3.jar:/Users/mvvkiran/.m2/repository/io/gatling/gatling-http/3.10.3/gatling-http-3.10.3.jar:/Users/mvvkiran/.m2/repository/io/gatling/gatling-http-client/3.10.3/gatling-http-client-3.10.3.jar:/Users/mvvkiran/.m2/repository/io/netty/netty-resolver-dns/4.1.101.Final/netty-resolver-dns-4.1.101.Final.jar:/Users/mvvkiran/.m2/repository/io/netty/netty-codec-dns/4.1.101.Final/netty-codec-dns-4.1.101.Final.jar:/Users/mvvkiran/.m2/repository/io/netty/netty-resolver-dns-native-macos/4.1.101.Final/netty-resolver-dns-native-macos-4.1.101.Final-osx-x86_64.jar:/Users/mvvkiran/.m2/repository/io/netty/netty-resolver-dns-classes-macos/4.1.101.Final/netty-resolver-dns-classes-macos-4.1.101.Final.jar:/Users/mvvkiran/.m2/repository/io/netty/netty-resolver-dns-native-macos/4.1.101.Final/netty-resolver-dns-native-macos-4.1.101.Final-osx-aarch_64.jar:/Users/mvvkiran/.m2/repository/io/netty/netty-tcnative-boringssl-static/2.0.61.Final/netty-tcnative-boringssl-static-2.0.61.Final.jar:/Users/mvvkiran/.m2/repository/io/netty/netty-tcnative-boringssl-static/2.0.61.Final/netty-tcnative-boringssl-static-2.0.61.Final-linux-x86_64.jar:/Users/mvvkiran/.m2/repository/io/netty/netty-tcnative-boringssl-static/2.0.61.Final/netty-tcnative-boringssl-static-2.0.61.Final-linux-aarch_64.jar:/Users/mvvkiran/.m2/repository/io/netty/netty-tcnative-boringssl-static/2.0.61.Final/netty-tcnative-boringssl-static-2.0.61.Final-osx-x86_64.jar:/Users/mvvkiran/.m2/repository/io/netty/netty-tcnative-boringssl-static/2.0.61.Final/netty-tcnative-boringssl-static-2.0.61.Final-osx-aarch_64.jar:/Users/mvvkiran/.m2/repository/io/netty/netty-tcnative-boringssl-static/2.0.61.Final/netty-tcnative-boringssl-static-2.0.61.Final-windows-x86_64.jar:/Users/mvvkiran/.m2/repository/com/aayushatharva/brotli4j/brotli4j/1.13.0/brotli4j-1.13.0.jar:/Users/mvvkiran/.m2/repository/com/aayushatharva/brotli4j/service/1.13.0/service-1.13.0.jar:/Users/mvvkiran/.m2/repository/com/aayushatharva/brotli4j/native-linux-x86_64/1.13.0/native-linux-x86_64-1.13.0.jar:/Users/mvvkiran/.m2/repository/com/aayushatharva/brotli4j/native-linux-aarch64/1.13.0/native-linux-aarch64-1.13.0.jar:/Users/mvvkiran/.m2/repository/com/aayushatharva/brotli4j/native-osx-x86_64/1.13.0/native-osx-x86_64-1.13.0.jar:/Users/mvvkiran/.m2/repository/com/aayushatharva/brotli4j/native-osx-aarch64/1.13.0/native-osx-aarch64-1.13.0.jar:/Users/mvvkiran/.m2/repository/com/aayushatharva/brotli4j/native-windows-x86_64/1.13.0/native-windows-x86_64-1.13.0.jar:/Users/mvvkiran/.m2/repository/io/gatling/gatling-http-java/3.10.3/gatling-http-java-3.10.3.jar:/Users/mvvkiran/.m2/repository/io/gatling/gatling-jms/3.10.3/gatling-jms-3.10.3.jar:/Users/mvvkiran/.m2/repository/javax/jms/javax.jms-api/2.0.1/javax.jms-api-2.0.1.jar:/Users/mvvkiran/.m2/repository/com/eatthepath/fast-uuid/0.2.0/fast-uuid-0.2.0.jar:/Users/mvvkiran/.m2/repository/io/gatling/gatling-jms-java/3.10.3/gatling-jms-java-3.10.3.jar:/Users/mvvkiran/.m2/repository/io/gatling/gatling-mqtt/3.10.3/gatling-mqtt-3.10.3.jar:/Users/mvvkiran/.m2/repository/io/netty/netty-codec-mqtt/4.1.101.Final/netty-codec-mqtt-4.1.101.Final.jar:/Users/mvvkiran/.m2/repository/io/netty/netty-transport-native-epoll/4.1.101.Final/netty-transport-native-epoll-4.1.101.Final-linux-x86_64.jar:/Users/mvvkiran/.m2/repository/io/netty/netty-transport-classes-epoll/4.1.101.Final/netty-transport-classes-epoll-4.1.101.Final.jar:/Users/mvvkiran/.m2/repository/io/netty/netty-transport-native-epoll/4.1.101.Final/netty-transport-native-epoll-4.1.101.Final-linux-aarch_64.jar:/Users/mvvkiran/.m2/repository/io/gatling/gatling-mqtt-java/3.10.3/gatling-mqtt-java-3.10.3.jar:/Users/mvvkiran/.m2/repository/io/gatling/gatling-jdbc/3.10.3/gatling-jdbc-3.10.3.jar:/Users/mvvkiran/.m2/repository/io/gatling/gatling-jdbc-java/3.10.3/gatling-jdbc-java-3.10.3.jar:/Users/mvvkiran/.m2/repository/io/gatling/gatling-redis/3.10.3/gatling-redis-3.10.3.jar:/Users/mvvkiran/.m2/repository/net/debasishg/redisclient_2.13/3.42/redisclient_2.13-3.42.jar:/Users/mvvkiran/.m2/repository/org/apache/commons/commons-pool2/2.12.0/commons-pool2-2.12.0.jar:/Users/mvvkiran/.m2/repository/io/gatling/gatling-redis-java/3.10.3/gatling-redis-java-3.10.3.jar:/Users/mvvkiran/.m2/repository/io/gatling/gatling-graphite/3.10.3/gatling-graphite-3.10.3.jar:/Users/mvvkiran/.m2/repository/org/hdrhistogram/HdrHistogram/2.1.12/HdrHistogram-2.1.12.jar:/Users/mvvkiran/.m2/repository/io/gatling/gatling-charts/3.10.3/gatling-charts-3.10.3.jar:/Users/mvvkiran/.m2/repository/com/tdunning/t-digest/3.1/t-digest-3.1.jar:/Users/mvvkiran/.m2/repository/io/gatling/highcharts/gatling-charts-highcharts/3.10.3/gatling-charts-highcharts-3.10.3.jar:/Users/mvvkiran/.m2/repository/io/gatling/gatling-recorder/3.10.3/gatling-recorder-3.10.3.jar:/Users/mvvkiran/.m2/repository/org/scala-lang/modules/scala-swing_2.13/3.0.0/scala-swing_2.13-3.0.0.jar:/Users/mvvkiran/.m2/repository/io/gatling/gatling-recorder-bc-shaded/1.77.0/gatling-recorder-bc-shaded-1.77.0.jar:/Users/mvvkiran/.m2/repository/io/netty/netty-codec-http/4.1.101.Final/netty-codec-http-4.1.101.Final.jar:"/>
    <property name="sun.cpu.endian" value="little"/>
    <property name="user.home" value="/Users/mvvkiran"/>
    <property name="user.language" value="en"/>
    <property name="java.specification.vendor" value="Oracle Corporation"/>
    <property name="java.version.date" value="2025-07-15"/>
    <property name="java.home" value="/opt/homebrew/Cellar/openjdk/24.0.2/libexec/openjdk.jdk/Contents/Home"/>
    <property name="file.separator" value="/"/>
    <property name="basedir" value="/Users/mvvkiran/Workspace/ExampleApplicationWithTDD"/>
    <property name="java.vm.compressedOopsMode" value="Zero based"/>
    <property name="line.separator" value="&#10;"/>
    <property name="java.vm.specification.vendor" value="Oracle Corporation"/>
    <property name="java.specification.name" value="Java Platform API Specification"/>
    <property name="FILE_LOG_CHARSET" value="UTF-8"/>
    <property name="java.awt.headless" value="true"/>
    <property name="apple.awt.application.name" value="ForkedBooter"/>
    <property name="surefire.real.class.path" value="/Users/mvvkiran/Workspace/ExampleApplicationWithTDD/target/surefire/surefirebooter-20250814201455756_3.jar"/>
    <property name="sun.management.compiler" value="HotSpot 64-Bit Tiered Compilers"/>
    <property name="ftp.nonProxyHosts" value="local|*.local|169.254/16|*.169.254/16"/>
    <property name="java.runtime.version" value="24.0.2"/>
    <property name="user.name" value="mvvkiran"/>
    <property name="stdout.encoding" value="UTF-8"/>
    <property name="path.separator" value=":"/>
    <property name="os.version" value="15.6"/>
    <property name="java.runtime.name" value="OpenJDK Runtime Environment"/>
    <property name="file.encoding" value="UTF-8"/>
    <property name="java.vm.name" value="OpenJDK 64-Bit Server VM"/>
    <property name="java.vendor.version" value="Homebrew"/>
    <property name="localRepository" value="/Users/mvvkiran/.m2/repository"/>
    <property name="java.vendor.url.bug" value="https://github.com/Homebrew/homebrew-core/issues"/>
    <property name="java.io.tmpdir" value="/var/folders/22/fb3lvtq50697hsxlhbh9_lnm0000gn/T/"/>
    <property name="catalina.home" value="/private/var/folders/22/fb3lvtq50697hsxlhbh9_lnm0000gn/T/tomcat.0.9346857413461343135"/>
    <property name="com.zaxxer.hikari.pool_number" value="1"/>
    <property name="java.version" value="24.0.2"/>
    <property name="user.dir" value="/Users/mvvkiran/Workspace/ExampleApplicationWithTDD"/>
    <property name="os.arch" value="aarch64"/>
    <property name="java.vm.specification.name" value="Java Virtual Machine Specification"/>
    <property name="PID" value="12279"/>
    <property name="CONSOLE_LOG_CHARSET" value="UTF-8"/>
    <property name="catalina.base" value="/private/var/folders/22/fb3lvtq50697hsxlhbh9_lnm0000gn/T/tomcat.0.9346857413461343135"/>
    <property name="native.encoding" value="UTF-8"/>
    <property name="java.library.path" value="/Users/mvvkiran/Library/Java/Extensions:/Library/Java/Extensions:/Network/Library/Java/Extensions:/System/Library/Java/Extensions:/usr/lib/java:."/>
    <property name="java.vm.info" value="mixed mode, sharing"/>
    <property name="stderr.encoding" value="UTF-8"/>
    <property name="java.vendor" value="Homebrew"/>
    <property name="java.vm.version" value="24.0.2"/>
    <property name="sun.io.unicode.encoding" value="UnicodeBig"/>
    <property name="socksNonProxyHosts" value="local|*.local|169.254/16|*.169.254/16"/>
    <property name="java.class.version" value="68.0"/>
    <property name="CONSOLE_LOG_PATTERN" value="%d{yyyy-MM-dd HH:mm:ss} - %msg%n"/>
    <property name="LOGGED_APPLICATION_NAME" value="[auto-insurance-api] "/>
  </properties>
</testsuite>